<?xml version="1.0" encoding="UTF-8"?>
<!-- Generated by org.testng.reporters.JUnitReportReporter -->
<testsuite hostname="DESKTOP-Q7KOQDL" failures="0" tests="1" name="com.cloud.testcases.EmpCloud_Dashboard_Page" time="18.191" errors="0" timestamp="2022-07-14T15:23:39 IST" skipped="0">
  <testcase classname="com.cloud.testcases.EmpCloud_Dashboard_Page" name="EmpCloud_Dashbaord_page" time="18.191"/>
  <system-out>
    <![CDATA[<B><font color = 'orange'> Step1 -</font> Logged into EmpCloud Web Application
<B><font color = 'orange'> Step2 -</font> I am on the page :Emp cloud]]>
  </system-out>
</testsuite> <!-- com.cloud.testcases.EmpCloud_Dashboard_Page -->
