<?xml version="1.0" encoding="UTF-8"?>
<!-- Generated by org.testng.reporters.JUnitReportReporter -->
<testsuite hostname="LAPTOP-GF0QQ927" failures="0" tests="1" name="com.emp.testcases.TimeClaimTest" time="24.827" errors="0" timestamp="2022-11-17T12:31:24 IST" skipped="0">
  <testcase classname="com.emp.testcases.TimeClaimTest" name="TimeClaimTest" time="24.827"/>
  <system-out>
    <![CDATA[<B><font color = 'blue'>Step1.</font></B> clicked on Time-Claim Module and Clicked on Show-Entries Drop-down and selected value  
<B><font color = 'blue'>Step2 .</font></B> clicked on Calendar Drop-down and Selected Day's 
<B><font color = 'blue'>Step3 .</font></B> clicked on  Last-30-days Button
<B><font color = 'blue'>Step4 .</font></B> clicked on Status Drop-down and Selected Status option
<B><font color = 'blue'>Step5 .</font></B> clicked on  Idle_Radio Button 
<B><font color = 'blue'>Step6 .</font></B> clicked on  offline_Radio Button ]]>
  </system-out>
</testsuite> <!-- com.emp.testcases.TimeClaimTest -->
