<?xml version="1.0" encoding="UTF-8"?>
<!-- Generated by org.testng.reporters.JUnitReportReporter -->
<testsuite hostname="LAPTOP-GF0QQ927" failures="0" tests="1" name="com.emp.testcases.AssignedListTest" time="31.777" errors="0" timestamp="2022-11-17T12:31:25 IST" skipped="0">
  <testcase classname="com.emp.testcases.AssignedListTest" name="AssignedListTest" time="31.777"/>
  <system-out>
    <![CDATA[<B><font color = 'blue'>Step1 .</font></B> Clicked on Location Drop-down and Selected Any Location
<B><font color = 'blue'>Step2.</font></B> clicked on Department dropdown & Select Any Department
<B><font color = 'blue'>Step3.</font></B> clicked on Employee dropdown & Select Any  Employee
<B><font color = 'blue'>Step4.</font></B> clicked on Calendar Drop-down and Selected Day's
<B><font color = 'blue'>Step5.</font></B> Selected   Last-30-days
<B><font color = 'blue'>Step6.</font></B> clicked on CSV Button
<B><font color = 'blue'>Step7.</font></B> Selected  Assigned-List  (check-Box click)
<B><font color = 'blue'>Step8.</font></B> clicked on Submit-Button
<B><font color = 'blue'> .</font></B>  -Name
<B><font color = 'blue'> .</font></B>  -Email id
<B><font color = 'blue'> .</font></B>  -Employee code
<B><font color = 'blue'> .</font></B>  -Date
<B><font color = 'blue'> .</font></B>  -Clock in
<B><font color = 'blue'> .</font></B>  -Clock out
<B><font color = 'blue'> .</font></B>  -Computer name
<B><font color = 'blue'> .</font></B>  -Location
<B><font color = 'blue'> .</font></B>  -Department
<B><font color = 'blue'> .</font></B>  -Total Time(hr)
<B><font color = 'blue'> .</font></B>  -Office Time(hr)
<B><font color = 'blue'> .</font></B>  -Active Time(hr)
<B><font color = 'blue'> .</font></B>  -Productive(hr)
<B><font color = 'blue'> .</font></B>  -Unproductive(hr)
<B><font color = 'blue'> .</font></B>  -Neutral(hr)
<B><font color = 'blue'> .</font></B>  -Idle  Time(hr) 
<B><font color = 'blue'> .</font></B>  -offline  Time(hr)
<B><font color = 'blue'> .</font></B>  -Productivity %
<B><font color = 'blue'> .</font></B>  -Working Hours 
<B><font color = 'blue'> .</font></B>  -Working Hours %
<B><font color = 'blue'> .</font></B>  -Aryan raj 
<B><font color = 'blue'> .</font></B>  -alex@gmail.com
<B><font color = 'blue'> .</font></B>  -126
<B><font color = 'blue'> .</font></B>  -2022-11-16
<B><font color = 'blue'> .</font></B>  -16-11-2022 00:00:00
<B><font color = 'blue'> .</font></B>  -16-11-2022 00:00:00
<B><font color = 'blue'> .</font></B>  -GLB-124-PC
<B><font color = 'blue'> .</font></B>  -Bangalore
<B><font color = 'blue'> .</font></B>  -Testing
<B><font color = 'blue'> .</font></B>  -00:00:00
<B><font color = 'blue'> .</font></B>  -00:00:00
<B><font color = 'blue'> .</font></B>  -00:00:00
<B><font color = 'blue'> .</font></B>  -00:00:00
<B><font color = 'blue'> .</font></B>  -00:00:00
<B><font color = 'blue'> .</font></B>  -00:00:00
<B><font color = 'blue'> .</font></B>  -00:00:00
<B><font color = 'blue'> .</font></B>  -00:00:00
<B><font color = 'blue'> .</font></B>  -0.00%
<B><font color = 'blue'> .</font></B>  --480:00
<B><font color = 'blue'> .</font></B>  -0.00
<B><font color = 'blue'> .</font></B>  -Guest User 
<B><font color = 'blue'> .</font></B>  -guestuser@gmail.com
<B><font color = 'blue'> .</font></B>  -GLB-777
<B><font color = 'blue'> .</font></B>  -2022-11-16
<B><font color = 'blue'> .</font></B>  -16-11-2022 10:50:49
<B><font color = 'blue'> .</font></B>  -17-11-2022 00:00:00
<B><font color = 'blue'> .</font></B>  -GLB-124-PC
<B><font color = 'blue'> .</font></B>  -Bhilai
<B><font color = 'blue'> .</font></B>  -Php
<B><font color = 'blue'> .</font></B>  -13:09:11
<B><font color = 'blue'> .</font></B>  -13:09:10
<B><font color = 'blue'> .</font></B>  -01:39:55
<B><font color = 'blue'> .</font></B>  -01:39:55
<B><font color = 'blue'> .</font></B>  -00:00:00
<B><font color = 'blue'> .</font></B>  -00:00:00
<B><font color = 'blue'> .</font></B>  -11:29:15
<B><font color = 'blue'> .</font></B>  -00:00:01
<B><font color = 'blue'> .</font></B>  -20.82%
<B><font color = 'blue'> .</font></B>  -309:10
<B><font color = 'blue'> .</font></B>  -20.82
<B><font color = 'blue'> .</font></B>  -GLB-BLR-010-PC - GLB-BLR-010 
<B><font color = 'blue'> .</font></B>  -abcd@yuksdgus
<B><font color = 'blue'> .</font></B>  -GLB-BLR-010
<B><font color = 'blue'> .</font></B>  -2022-11-16
<B><font color = 'blue'> .</font></B>  -16-11-2022 09:34:46
<B><font color = 'blue'> .</font></B>  -16-11-2022 19:10:34
<B><font color = 'blue'> .</font></B>  -GLB-BLR-010-PC
<B><font color = 'blue'> .</font></B>  -bengaluru
<B><font color = 'blue'> .</font></B>  -Testing
<B><font color = 'blue'> .</font></B>  -09:35:48
<B><font color = 'blue'> .</font></B>  -04:35:47
<B><font color = 'blue'> .</font></B>  -03:30:33
<B><font color = 'blue'> .</font></B>  -03:23:19
<B><font color = 'blue'> .</font></B>  -00:07:14
<B><font color = 'blue'> .</font></B>  -00:00:00
<B><font color = 'blue'> .</font></B>  -01:05:14
<B><font color = 'blue'> .</font></B>  -05:00:01
<B><font color = 'blue'> .</font></B>  -42.36%
<B><font color = 'blue'> .</font></B>  --204:13
<B><font color = 'blue'> .</font></B>  -43.86
<B><font color = 'blue'> .</font></B>  -Virat kohli 
<B><font color = 'blue'> .</font></B>  -rahukbgdxgsf@gmail.com
<B><font color = 'blue'> .</font></B>  -65332
<B><font color = 'blue'> .</font></B>  -2022-11-16
<B><font color = 'blue'> .</font></B>  -Absent
<B><font color = 'blue'> .</font></B>  -Absent
<B><font color = 'blue'> .</font></B>  -undefined
<B><font color = 'blue'> .</font></B>  -Default
<B><font color = 'blue'> .</font></B>  -Default
<B><font color = 'blue'> .</font></B>  -Absent
<B><font color = 'blue'> .</font></B>  -Absent
<B><font color = 'blue'> .</font></B>  -Absent
<B><font color = 'blue'> .</font></B>  -Absent
<B><font color = 'blue'> .</font></B>  -Absent
<B><font color = 'blue'> .</font></B>  -Absent
<B><font color = 'blue'> .</font></B>  -Absent
<B><font color = 'blue'> .</font></B>  -Absent
<B><font color = 'blue'> .</font></B>  -Absent
<B><font color = 'blue'> .</font></B>  -Absent
<B><font color = 'blue'> .</font></B>  -Absent
<B><font color = 'blue'> .</font></B>  -sadas kadkasdj 
<B><font color = 'blue'> .</font></B>  -dsa@eqe
<B><font color = 'blue'> .</font></B>  -emp129666
<B><font color = 'blue'> .</font></B>  -2022-11-16
<B><font color = 'blue'> .</font></B>  -Absent
<B><font color = 'blue'> .</font></B>  -Absent
<B><font color = 'blue'> .</font></B>  -undefined
<B><font color = 'blue'> .</font></B>  -Default
<B><font color = 'blue'> .</font></B>  -Default
<B><font color = 'blue'> .</font></B>  -Absent
<B><font color = 'blue'> .</font></B>  -Absent
<B><font color = 'blue'> .</font></B>  -Absent
<B><font color = 'blue'> .</font></B>  -Absent
<B><font color = 'blue'> .</font></B>  -Absent
<B><font color = 'blue'> .</font></B>  -Absent
<B><font color = 'blue'> .</font></B>  -Absent
<B><font color = 'blue'> .</font></B>  -Absent
<B><font color = 'blue'> .</font></B>  -Absent
<B><font color = 'blue'> .</font></B>  -Absent
<B><font color = 'blue'> .</font></B>  -Absent
<B><font color = 'blue'> .</font></B>  -New Test 
<B><font color = 'blue'> .</font></B>  -newtest@gmail.com
<B><font color = 'blue'> .</font></B>  -ewer334443
<B><font color = 'blue'> .</font></B>  -2022-11-16
<B><font color = 'blue'> .</font></B>  -Absent
<B><font color = 'blue'> .</font></B>  -Absent
<B><font color = 'blue'> .</font></B>  -undefined
<B><font color = 'blue'> .</font></B>  -Default
<B><font color = 'blue'> .</font></B>  -Default
<B><font color = 'blue'> .</font></B>  -Absent
<B><font color = 'blue'> .</font></B>  -Absent
<B><font color = 'blue'> .</font></B>  -Absent
<B><font color = 'blue'> .</font></B>  -Absent
<B><font color = 'blue'> .</font></B>  -Absent
<B><font color = 'blue'> .</font></B>  -Absent
<B><font color = 'blue'> .</font></B>  -Absent
<B><font color = 'blue'> .</font></B>  -Absent
<B><font color = 'blue'> .</font></B>  -Absent
<B><font color = 'blue'> .</font></B>  -Absent
<B><font color = 'blue'> .</font></B>  -Absent
<B><font color = 'blue'> .</font></B>  -dshcdb uidsbf 
<B><font color = 'blue'> .</font></B>  -dvbvdb@yahoo.com
<B><font color = 'blue'> .</font></B>  -435454
<B><font color = 'blue'> .</font></B>  -2022-11-16
<B><font color = 'blue'> .</font></B>  -Absent
<B><font color = 'blue'> .</font></B>  -Absent
<B><font color = 'blue'> .</font></B>  -undefined
<B><font color = 'blue'> .</font></B>  -Default
<B><font color = 'blue'> .</font></B>  -Default
<B><font color = 'blue'> .</font></B>  -Absent
<B><font color = 'blue'> .</font></B>  -Absent
<B><font color = 'blue'> .</font></B>  -Absent
<B><font color = 'blue'> .</font></B>  -Absent
<B><font color = 'blue'> .</font></B>  -Absent
<B><font color = 'blue'> .</font></B>  -Absent
<B><font color = 'blue'> .</font></B>  -Absent
<B><font color = 'blue'> .</font></B>  -Absent
<B><font color = 'blue'> .</font></B>  -Absent
<B><font color = 'blue'> .</font></B>  -Absent
<B><font color = 'blue'> .</font></B>  -Absent
<B><font color = 'blue'> .</font></B>  -try last 
<B><font color = 'blue'> .</font></B>  -try@gmail.com
<B><font color = 'blue'> .</font></B>  -1225455
<B><font color = 'blue'> .</font></B>  -2022-11-16
<B><font color = 'blue'> .</font></B>  -Absent
<B><font color = 'blue'> .</font></B>  -Absent
<B><font color = 'blue'> .</font></B>  -undefined
<B><font color = 'blue'> .</font></B>  -Default
<B><font color = 'blue'> .</font></B>  -Default
<B><font color = 'blue'> .</font></B>  -Absent
<B><font color = 'blue'> .</font></B>  -Absent
<B><font color = 'blue'> .</font></B>  -Absent
<B><font color = 'blue'> .</font></B>  -Absent
<B><font color = 'blue'> .</font></B>  -Absent
<B><font color = 'blue'> .</font></B>  -Absent
<B><font color = 'blue'> .</font></B>  -Absent
<B><font color = 'blue'> .</font></B>  -Absent
<B><font color = 'blue'> .</font></B>  -Absent
<B><font color = 'blue'> .</font></B>  -Absent
<B><font color = 'blue'> .</font></B>  -Absent
<B><font color = 'blue'> .</font></B>  -vdjvdb yusvdvbbh 
<B><font color = 'blue'> .</font></B>  -dvhbfdh@gmail.com
<B><font color = 'blue'> .</font></B>  -wq534342
<B><font color = 'blue'> .</font></B>  -2022-11-16
<B><font color = 'blue'> .</font></B>  -Absent
<B><font color = 'blue'> .</font></B>  -Absent
<B><font color = 'blue'> .</font></B>  -undefined
<B><font color = 'blue'> .</font></B>  -Default
<B><font color = 'blue'> .</font></B>  -Default
<B><font color = 'blue'> .</font></B>  -Absent
<B><font color = 'blue'> .</font></B>  -Absent
<B><font color = 'blue'> .</font></B>  -Absent
<B><font color = 'blue'> .</font></B>  -Absent
<B><font color = 'blue'> .</font></B>  -Absent
<B><font color = 'blue'> .</font></B>  -Absent
<B><font color = 'blue'> .</font></B>  -Absent
<B><font color = 'blue'> .</font></B>  -Absent
<B><font color = 'blue'> .</font></B>  -Absent
<B><font color = 'blue'> .</font></B>  -Absent
<B><font color = 'blue'> .</font></B>  -Absent
<B><font color = 'blue'> .</font></B>  -Mail Test user 
<B><font color = 'blue'> .</font></B>  -maintest@user.io
<B><font color = 'blue'> .</font></B>  -GLB-1223888
<B><font color = 'blue'> .</font></B>  -2022-11-16
<B><font color = 'blue'> .</font></B>  -Absent
<B><font color = 'blue'> .</font></B>  -Absent
<B><font color = 'blue'> .</font></B>  -undefined
<B><font color = 'blue'> .</font></B>  -Default
<B><font color = 'blue'> .</font></B>  -Default
<B><font color = 'blue'> .</font></B>  -Absent
<B><font color = 'blue'> .</font></B>  -Absent
<B><font color = 'blue'> .</font></B>  -Absent
<B><font color = 'blue'> .</font></B>  -Absent
<B><font color = 'blue'> .</font></B>  -Absent
<B><font color = 'blue'> .</font></B>  -Absent
<B><font color = 'blue'> .</font></B>  -Absent
<B><font color = 'blue'> .</font></B>  -Absent
<B><font color = 'blue'> .</font></B>  -Absent
<B><font color = 'blue'> .</font></B>  -Absent
<B><font color = 'blue'> .</font></B>  -Absent
<B><font color = 'blue'> .</font></B>  -Update Check 
<B><font color = 'blue'> .</font></B>  -updates@gmail.com
<B><font color = 'blue'> .</font></B>  -emp543
<B><font color = 'blue'> .</font></B>  -2022-11-16
<B><font color = 'blue'> .</font></B>  -Absent
<B><font color = 'blue'> .</font></B>  -Absent
<B><font color = 'blue'> .</font></B>  -undefined
<B><font color = 'blue'> .</font></B>  -Default
<B><font color = 'blue'> .</font></B>  -Default
<B><font color = 'blue'> .</font></B>  -Absent
<B><font color = 'blue'> .</font></B>  -Absent
<B><font color = 'blue'> .</font></B>  -Absent
<B><font color = 'blue'> .</font></B>  -Absent
<B><font color = 'blue'> .</font></B>  -Absent
<B><font color = 'blue'> .</font></B>  -Absent
<B><font color = 'blue'> .</font></B>  -Absent
<B><font color = 'blue'> .</font></B>  -Absent
<B><font color = 'blue'> .</font></B>  -Absent
<B><font color = 'blue'> .</font></B>  -Absent
<B><font color = 'blue'> .</font></B>  -Absent
<B><font color = 'blue'> .</font></B>  -test manager 
<B><font color = 'blue'> .</font></B>  -manageremp@gmail.com
<B><font color = 'blue'> .</font></B>  -glb020
<B><font color = 'blue'> .</font></B>  -2022-11-16
<B><font color = 'blue'> .</font></B>  -Absent
<B><font color = 'blue'> .</font></B>  -Absent
<B><font color = 'blue'> .</font></B>  -undefined
<B><font color = 'blue'> .</font></B>  -Default
<B><font color = 'blue'> .</font></B>  -Default
<B><font color = 'blue'> .</font></B>  -Absent
<B><font color = 'blue'> .</font></B>  -Absent
<B><font color = 'blue'> .</font></B>  -Absent
<B><font color = 'blue'> .</font></B>  -Absent
<B><font color = 'blue'> .</font></B>  -Absent
<B><font color = 'blue'> .</font></B>  -Absent
<B><font color = 'blue'> .</font></B>  -Absent
<B><font color = 'blue'> .</font></B>  -Absent
<B><font color = 'blue'> .</font></B>  -Absent
<B><font color = 'blue'> .</font></B>  -Absent
<B><font color = 'blue'> .</font></B>  -Absent
<B><font color = 'blue'> .</font></B>  -DESKTOP-PJJHB19 - GLB-BLR-002OjUpRD2 
<B><font color = 'blue'> .</font></B>  --
<B><font color = 'blue'> .</font></B>  -GLB-BLR-002OjUpRD2
<B><font color = 'blue'> .</font></B>  -2022-11-16
<B><font color = 'blue'> .</font></B>  -Absent
<B><font color = 'blue'> .</font></B>  -Absent
<B><font color = 'blue'> .</font></B>  -undefined
<B><font color = 'blue'> .</font></B>  -Default
<B><font color = 'blue'> .</font></B>  -Default
<B><font color = 'blue'> .</font></B>  -Absent
<B><font color = 'blue'> .</font></B>  -Absent
<B><font color = 'blue'> .</font></B>  -Absent
<B><font color = 'blue'> .</font></B>  -Absent
<B><font color = 'blue'> .</font></B>  -Absent
<B><font color = 'blue'> .</font></B>  -Absent
<B><font color = 'blue'> .</font></B>  -Absent
<B><font color = 'blue'> .</font></B>  -Absent
<B><font color = 'blue'> .</font></B>  -Absent
<B><font color = 'blue'> .</font></B>  -Absent
<B><font color = 'blue'> .</font></B>  -Absent
<B><font color = 'blue'> .</font></B>  -Usb Test 
<B><font color = 'blue'> .</font></B>  -usbtest123@gmail.com
<B><font color = 'blue'> .</font></B>  -emp0097
<B><font color = 'blue'> .</font></B>  -2022-11-16
<B><font color = 'blue'> .</font></B>  -Absent
<B><font color = 'blue'> .</font></B>  -Absent
<B><font color = 'blue'> .</font></B>  -undefined
<B><font color = 'blue'> .</font></B>  -Default
<B><font color = 'blue'> .</font></B>  -Default
<B><font color = 'blue'> .</font></B>  -Absent
<B><font color = 'blue'> .</font></B>  -Absent
<B><font color = 'blue'> .</font></B>  -Absent
<B><font color = 'blue'> .</font></B>  -Absent
<B><font color = 'blue'> .</font></B>  -Absent
<B><font color = 'blue'> .</font></B>  -Absent
<B><font color = 'blue'> .</font></B>  -Absent
<B><font color = 'blue'> .</font></B>  -Absent
<B><font color = 'blue'> .</font></B>  -Absent
<B><font color = 'blue'> .</font></B>  -Absent
<B><font color = 'blue'> .</font></B>  -Absent
<B><font color = 'blue'> .</font></B>  -SS Keystrokes 
<B><font color = 'blue'> .</font></B>  -sskey@gmail.com
<B><font color = 'blue'> .</font></B>  -emp98y
<B><font color = 'blue'> .</font></B>  -2022-11-16
<B><font color = 'blue'> .</font></B>  -Absent
<B><font color = 'blue'> .</font></B>  -Absent
<B><font color = 'blue'> .</font></B>  -undefined
<B><font color = 'blue'> .</font></B>  -Default
<B><font color = 'blue'> .</font></B>  -Default
<B><font color = 'blue'> .</font></B>  -Absent
<B><font color = 'blue'> .</font></B>  -Absent
<B><font color = 'blue'> .</font></B>  -Absent
<B><font color = 'blue'> .</font></B>  -Absent
<B><font color = 'blue'> .</font></B>  -Absent
<B><font color = 'blue'> .</font></B>  -Absent
<B><font color = 'blue'> .</font></B>  -Absent
<B><font color = 'blue'> .</font></B>  -Absent
<B><font color = 'blue'> .</font></B>  -Absent
<B><font color = 'blue'> .</font></B>  -Absent
<B><font color = 'blue'> .</font></B>  -Absent
<B><font color = 'blue'> .</font></B>  -shivammmmmmmmmmmmmmmmmmmm Kumar 
<B><font color = 'blue'> .</font></B>  -kgfyash545@gmail.com
<B><font color = 'blue'> .</font></B>  -hsakhdjk414
<B><font color = 'blue'> .</font></B>  -2022-11-16
<B><font color = 'blue'> .</font></B>  -Absent
<B><font color = 'blue'> .</font></B>  -Absent
<B><font color = 'blue'> .</font></B>  -undefined
<B><font color = 'blue'> .</font></B>  -Default
<B><font color = 'blue'> .</font></B>  -Default
<B><font color = 'blue'> .</font></B>  -Absent
<B><font color = 'blue'> .</font></B>  -Absent
<B><font color = 'blue'> .</font></B>  -Absent
<B><font color = 'blue'> .</font></B>  -Absent
<B><font color = 'blue'> .</font></B>  -Absent
<B><font color = 'blue'> .</font></B>  -Absent
<B><font color = 'blue'> .</font></B>  -Absent
<B><font color = 'blue'> .</font></B>  -Absent
<B><font color = 'blue'> .</font></B>  -Absent
<B><font color = 'blue'> .</font></B>  -Absent
<B><font color = 'blue'> .</font></B>  -Absent
<B><font color = 'blue'> .</font></B>  -Abhishek Four tf test 
<B><font color = 'blue'> .</font></B>  -abhishekfourtf@mail.com
<B><font color = 'blue'> .</font></B>  -HLIKSJ98
<B><font color = 'blue'> .</font></B>  -2022-11-16
<B><font color = 'blue'> .</font></B>  -Absent
<B><font color = 'blue'> .</font></B>  -Absent
<B><font color = 'blue'> .</font></B>  -undefined
<B><font color = 'blue'> .</font></B>  -Default
<B><font color = 'blue'> .</font></B>  -Default
<B><font color = 'blue'> .</font></B>  -Absent
<B><font color = 'blue'> .</font></B>  -Absent
<B><font color = 'blue'> .</font></B>  -Absent
<B><font color = 'blue'> .</font></B>  -Absent
<B><font color = 'blue'> .</font></B>  -Absent
<B><font color = 'blue'> .</font></B>  -Absent
<B><font color = 'blue'> .</font></B>  -Absent
<B><font color = 'blue'> .</font></B>  -Absent
<B><font color = 'blue'> .</font></B>  -Absent
<B><font color = 'blue'> .</font></B>  -Absent
<B><font color = 'blue'> .</font></B>  -Absent
<B><font color = 'blue'> .</font></B>  -new dev user 
<B><font color = 'blue'> .</font></B>  -new@dev.user
<B><font color = 'blue'> .</font></B>  -fdfsfsd
<B><font color = 'blue'> .</font></B>  -2022-11-16
<B><font color = 'blue'> .</font></B>  -Absent
<B><font color = 'blue'> .</font></B>  -Absent
<B><font color = 'blue'> .</font></B>  -undefined
<B><font color = 'blue'> .</font></B>  -Default
<B><font color = 'blue'> .</font></B>  -Default
<B><font color = 'blue'> .</font></B>  -Absent
<B><font color = 'blue'> .</font></B>  -Absent
<B><font color = 'blue'> .</font></B>  -Absent
<B><font color = 'blue'> .</font></B>  -Absent
<B><font color = 'blue'> .</font></B>  -Absent
<B><font color = 'blue'> .</font></B>  -Absent
<B><font color = 'blue'> .</font></B>  -Absent
<B><font color = 'blue'> .</font></B>  -Absent
<B><font color = 'blue'> .</font></B>  -Absent
<B><font color = 'blue'> .</font></B>  -Absent
<B><font color = 'blue'> .</font></B>  -Absent
<B><font color = 'blue'> .</font></B>  -aaaaaaaaaa aaaaaaaaa 
<B><font color = 'blue'> .</font></B>  -mmmm@gmail.com
<B><font color = 'blue'> .</font></B>  -80765s
<B><font color = 'blue'> .</font></B>  -2022-11-16
<B><font color = 'blue'> .</font></B>  -Absent
<B><font color = 'blue'> .</font></B>  -Absent
<B><font color = 'blue'> .</font></B>  -undefined
<B><font color = 'blue'> .</font></B>  -Bangalore
<B><font color = 'blue'> .</font></B>  -Testing
<B><font color = 'blue'> .</font></B>  -Absent
<B><font color = 'blue'> .</font></B>  -Absent
<B><font color = 'blue'> .</font></B>  -Absent
<B><font color = 'blue'> .</font></B>  -Absent
<B><font color = 'blue'> .</font></B>  -Absent
<B><font color = 'blue'> .</font></B>  -Absent
<B><font color = 'blue'> .</font></B>  -Absent
<B><font color = 'blue'> .</font></B>  -Absent
<B><font color = 'blue'> .</font></B>  -Absent
<B><font color = 'blue'> .</font></B>  -Absent
<B><font color = 'blue'> .</font></B>  -Absent
<B><font color = 'blue'> .</font></B>  -sumesh test 
<B><font color = 'blue'> .</font></B>  -sumesh@mail.com
<B><font color = 'blue'> .</font></B>  -fdgfdgf
<B><font color = 'blue'> .</font></B>  -2022-11-16
<B><font color = 'blue'> .</font></B>  -Absent
<B><font color = 'blue'> .</font></B>  -Absent
<B><font color = 'blue'> .</font></B>  -undefined
<B><font color = 'blue'> .</font></B>  -Bangalore
<B><font color = 'blue'> .</font></B>  -Testing
<B><font color = 'blue'> .</font></B>  -Absent
<B><font color = 'blue'> .</font></B>  -Absent
<B><font color = 'blue'> .</font></B>  -Absent
<B><font color = 'blue'> .</font></B>  -Absent
<B><font color = 'blue'> .</font></B>  -Absent
<B><font color = 'blue'> .</font></B>  -Absent
<B><font color = 'blue'> .</font></B>  -Absent
<B><font color = 'blue'> .</font></B>  -Absent
<B><font color = 'blue'> .</font></B>  -Absent
<B><font color = 'blue'> .</font></B>  -Absent
<B><font color = 'blue'> .</font></B>  -Absent
<B><font color = 'blue'> .</font></B>  -Test msc 
<B><font color = 'blue'> .</font></B>  -test123@gmail.com
<B><font color = 'blue'> .</font></B>  -12254
<B><font color = 'blue'> .</font></B>  -2022-11-16
<B><font color = 'blue'> .</font></B>  -Absent
<B><font color = 'blue'> .</font></B>  -Absent
<B><font color = 'blue'> .</font></B>  -undefined
<B><font color = 'blue'> .</font></B>  -Bangalore
<B><font color = 'blue'> .</font></B>  -Testing
<B><font color = 'blue'> .</font></B>  -Absent
<B><font color = 'blue'> .</font></B>  -Absent
<B><font color = 'blue'> .</font></B>  -Absent
<B><font color = 'blue'> .</font></B>  -Absent
<B><font color = 'blue'> .</font></B>  -Absent
<B><font color = 'blue'> .</font></B>  -Absent
<B><font color = 'blue'> .</font></B>  -Absent
<B><font color = 'blue'> .</font></B>  -Absent
<B><font color = 'blue'> .</font></B>  -Absent
<B><font color = 'blue'> .</font></B>  -Absent
<B><font color = 'blue'> .</font></B>  -Absent
<B><font color = 'blue'> .</font></B>  -deffdfds vscsc 
<B><font color = 'blue'> .</font></B>  -cscsdw123@gmail.com
<B><font color = 'blue'> .</font></B>  -1234512
<B><font color = 'blue'> .</font></B>  -2022-11-16
<B><font color = 'blue'> .</font></B>  -Absent
<B><font color = 'blue'> .</font></B>  -Absent
<B><font color = 'blue'> .</font></B>  -undefined
<B><font color = 'blue'> .</font></B>  -Bangalore
<B><font color = 'blue'> .</font></B>  -Testing
<B><font color = 'blue'> .</font></B>  -Absent
<B><font color = 'blue'> .</font></B>  -Absent
<B><font color = 'blue'> .</font></B>  -Absent
<B><font color = 'blue'> .</font></B>  -Absent
<B><font color = 'blue'> .</font></B>  -Absent
<B><font color = 'blue'> .</font></B>  -Absent
<B><font color = 'blue'> .</font></B>  -Absent
<B><font color = 'blue'> .</font></B>  -Absent
<B><font color = 'blue'> .</font></B>  -Absent
<B><font color = 'blue'> .</font></B>  -Absent
<B><font color = 'blue'> .</font></B>  -Absent
<B><font color = 'blue'> .</font></B>  -test testtt 
<B><font color = 'blue'> .</font></B>  -abcd@gmail.com
<B><font color = 'blue'> .</font></B>  -GLB55
<B><font color = 'blue'> .</font></B>  -2022-11-16
<B><font color = 'blue'> .</font></B>  -Absent
<B><font color = 'blue'> .</font></B>  -Absent
<B><font color = 'blue'> .</font></B>  -undefined
<B><font color = 'blue'> .</font></B>  -Bangalore
<B><font color = 'blue'> .</font></B>  -Testing
<B><font color = 'blue'> .</font></B>  -Absent
<B><font color = 'blue'> .</font></B>  -Absent
<B><font color = 'blue'> .</font></B>  -Absent
<B><font color = 'blue'> .</font></B>  -Absent
<B><font color = 'blue'> .</font></B>  -Absent
<B><font color = 'blue'> .</font></B>  -Absent
<B><font color = 'blue'> .</font></B>  -Absent
<B><font color = 'blue'> .</font></B>  -Absent
<B><font color = 'blue'> .</font></B>  -Absent
<B><font color = 'blue'> .</font></B>  -Absent
<B><font color = 'blue'> .</font></B>  -Absent
<B><font color = 'blue'> .</font></B>  -Abhishe tt 
<B><font color = 'blue'> .</font></B>  -ab@ab.com
<B><font color = 'blue'> .</font></B>  -GKD567
<B><font color = 'blue'> .</font></B>  -2022-11-16
<B><font color = 'blue'> .</font></B>  -Absent
<B><font color = 'blue'> .</font></B>  -Absent
<B><font color = 'blue'> .</font></B>  -undefined
<B><font color = 'blue'> .</font></B>  -Bangalore
<B><font color = 'blue'> .</font></B>  -Testing
<B><font color = 'blue'> .</font></B>  -Absent
<B><font color = 'blue'> .</font></B>  -Absent
<B><font color = 'blue'> .</font></B>  -Absent
<B><font color = 'blue'> .</font></B>  -Absent
<B><font color = 'blue'> .</font></B>  -Absent
<B><font color = 'blue'> .</font></B>  -Absent
<B><font color = 'blue'> .</font></B>  -Absent
<B><font color = 'blue'> .</font></B>  -Absent
<B><font color = 'blue'> .</font></B>  -Absent
<B><font color = 'blue'> .</font></B>  -Absent
<B><font color = 'blue'> .</font></B>  -Absent
<B><font color = 'blue'> .</font></B>  -test nonadmin 
<B><font color = 'blue'> .</font></B>  -testnonadmin@gmail.com
<B><font color = 'blue'> .</font></B>  -GLB026
<B><font color = 'blue'> .</font></B>  -2022-11-16
<B><font color = 'blue'> .</font></B>  -Absent
<B><font color = 'blue'> .</font></B>  -Absent
<B><font color = 'blue'> .</font></B>  -undefined
<B><font color = 'blue'> .</font></B>  -Bangalore
<B><font color = 'blue'> .</font></B>  -Php
<B><font color = 'blue'> .</font></B>  -Absent
<B><font color = 'blue'> .</font></B>  -Absent
<B><font color = 'blue'> .</font></B>  -Absent
<B><font color = 'blue'> .</font></B>  -Absent
<B><font color = 'blue'> .</font></B>  -Absent
<B><font color = 'blue'> .</font></B>  -Absent
<B><font color = 'blue'> .</font></B>  -Absent
<B><font color = 'blue'> .</font></B>  -Absent
<B><font color = 'blue'> .</font></B>  -Absent
<B><font color = 'blue'> .</font></B>  -Absent
<B><font color = 'blue'> .</font></B>  -Absent
<B><font color = 'blue'> .</font></B>  -adg ckj 
<B><font color = 'blue'> .</font></B>  -adcs@1234
<B><font color = 'blue'> .</font></B>  -583
<B><font color = 'blue'> .</font></B>  -2022-11-16
<B><font color = 'blue'> .</font></B>  -Absent
<B><font color = 'blue'> .</font></B>  -Absent
<B><font color = 'blue'> .</font></B>  -undefined
<B><font color = 'blue'> .</font></B>  -Bangalore
<B><font color = 'blue'> .</font></B>  -Testing
<B><font color = 'blue'> .</font></B>  -Absent
<B><font color = 'blue'> .</font></B>  -Absent
<B><font color = 'blue'> .</font></B>  -Absent
<B><font color = 'blue'> .</font></B>  -Absent
<B><font color = 'blue'> .</font></B>  -Absent
<B><font color = 'blue'> .</font></B>  -Absent
<B><font color = 'blue'> .</font></B>  -Absent
<B><font color = 'blue'> .</font></B>  -Absent
<B><font color = 'blue'> .</font></B>  -Absent
<B><font color = 'blue'> .</font></B>  -Absent
<B><font color = 'blue'> .</font></B>  -Absent
<B><font color = 'blue'> .</font></B>  -dominic toretto 
<B><font color = 'blue'> .</font></B>  -dom.toretto737@gmail.com
<B><font color = 'blue'> .</font></B>  -EMP011
<B><font color = 'blue'> .</font></B>  -2022-11-16
<B><font color = 'blue'> .</font></B>  -Absent
<B><font color = 'blue'> .</font></B>  -Absent
<B><font color = 'blue'> .</font></B>  -undefined
<B><font color = 'blue'> .</font></B>  -Bangalore
<B><font color = 'blue'> .</font></B>  -Testing
<B><font color = 'blue'> .</font></B>  -Absent
<B><font color = 'blue'> .</font></B>  -Absent
<B><font color = 'blue'> .</font></B>  -Absent
<B><font color = 'blue'> .</font></B>  -Absent
<B><font color = 'blue'> .</font></B>  -Absent
<B><font color = 'blue'> .</font></B>  -Absent
<B><font color = 'blue'> .</font></B>  -Absent
<B><font color = 'blue'> .</font></B>  -Absent
<B><font color = 'blue'> .</font></B>  -Absent
<B><font color = 'blue'> .</font></B>  -Absent
<B><font color = 'blue'> .</font></B>  -Absent
<B><font color = 'blue'> .</font></B>  -Abhishek Test 
<B><font color = 'blue'> .</font></B>  -abhishektrest@glb.in
<B><font color = 'blue'> .</font></B>  -rN7tvEiDPGNi4fD
<B><font color = 'blue'> .</font></B>  -2022-11-16
<B><font color = 'blue'> .</font></B>  -Absent
<B><font color = 'blue'> .</font></B>  -Absent
<B><font color = 'blue'> .</font></B>  -undefined
<B><font color = 'blue'> .</font></B>  -Bangalore
<B><font color = 'blue'> .</font></B>  -Php
<B><font color = 'blue'> .</font></B>  -Absent
<B><font color = 'blue'> .</font></B>  -Absent
<B><font color = 'blue'> .</font></B>  -Absent
<B><font color = 'blue'> .</font></B>  -Absent
<B><font color = 'blue'> .</font></B>  -Absent
<B><font color = 'blue'> .</font></B>  -Absent
<B><font color = 'blue'> .</font></B>  -Absent
<B><font color = 'blue'> .</font></B>  -Absent
<B><font color = 'blue'> .</font></B>  -Absent
<B><font color = 'blue'> .</font></B>  -Absent
<B><font color = 'blue'> .</font></B>  -Absent
<B><font color = 'blue'> .</font></B>  -Superior Test one 
<B><font color = 'blue'> .</font></B>  -superiorone@gmail.com
<B><font color = 'blue'> .</font></B>  -twoqw
<B><font color = 'blue'> .</font></B>  -2022-11-16
<B><font color = 'blue'> .</font></B>  -Absent
<B><font color = 'blue'> .</font></B>  -Absent
<B><font color = 'blue'> .</font></B>  -undefined
<B><font color = 'blue'> .</font></B>  -Bangalore
<B><font color = 'blue'> .</font></B>  -Testing
<B><font color = 'blue'> .</font></B>  -Absent
<B><font color = 'blue'> .</font></B>  -Absent
<B><font color = 'blue'> .</font></B>  -Absent
<B><font color = 'blue'> .</font></B>  -Absent
<B><font color = 'blue'> .</font></B>  -Absent
<B><font color = 'blue'> .</font></B>  -Absent
<B><font color = 'blue'> .</font></B>  -Absent
<B><font color = 'blue'> .</font></B>  -Absent
<B><font color = 'blue'> .</font></B>  -Absent
<B><font color = 'blue'> .</font></B>  -Absent
<B><font color = 'blue'> .</font></B>  -Absent
<B><font color = 'blue'> .</font></B>  -test testw 
<B><font color = 'blue'> .</font></B>  -test@mac.in
<B><font color = 'blue'> .</font></B>  -aaf123
<B><font color = 'blue'> .</font></B>  -2022-11-16
<B><font color = 'blue'> .</font></B>  -Absent
<B><font color = 'blue'> .</font></B>  -Absent
<B><font color = 'blue'> .</font></B>  -undefined
<B><font color = 'blue'> .</font></B>  -Bangalore
<B><font color = 'blue'> .</font></B>  -Php
<B><font color = 'blue'> .</font></B>  -Absent
<B><font color = 'blue'> .</font></B>  -Absent
<B><font color = 'blue'> .</font></B>  -Absent
<B><font color = 'blue'> .</font></B>  -Absent
<B><font color = 'blue'> .</font></B>  -Absent
<B><font color = 'blue'> .</font></B>  -Absent
<B><font color = 'blue'> .</font></B>  -Absent
<B><font color = 'blue'> .</font></B>  -Absent
<B><font color = 'blue'> .</font></B>  -Absent
<B><font color = 'blue'> .</font></B>  -Absent
<B><font color = 'blue'> .</font></B>  -Absent
<B><font color = 'blue'> .</font></B>  -sam eer 
<B><font color = 'blue'> .</font></B>  -sam@rf.in
<B><font color = 'blue'> .</font></B>  -WSAERT2Q34E
<B><font color = 'blue'> .</font></B>  -2022-11-16
<B><font color = 'blue'> .</font></B>  -Absent
<B><font color = 'blue'> .</font></B>  -Absent
<B><font color = 'blue'> .</font></B>  -undefined
<B><font color = 'blue'> .</font></B>  -Bangalore
<B><font color = 'blue'> .</font></B>  -Testing
<B><font color = 'blue'> .</font></B>  -Absent
<B><font color = 'blue'> .</font></B>  -Absent
<B><font color = 'blue'> .</font></B>  -Absent
<B><font color = 'blue'> .</font></B>  -Absent
<B><font color = 'blue'> .</font></B>  -Absent
<B><font color = 'blue'> .</font></B>  -Absent
<B><font color = 'blue'> .</font></B>  -Absent
<B><font color = 'blue'> .</font></B>  -Absent
<B><font color = 'blue'> .</font></B>  -Absent
<B><font color = 'blue'> .</font></B>  -Absent
<B><font color = 'blue'> .</font></B>  -Absent
<B><font color = 'blue'> .</font></B>  -Test test 
<B><font color = 'blue'> .</font></B>  -sarikajain@gmail.com
<B><font color = 'blue'> .</font></B>  -E-101
<B><font color = 'blue'> .</font></B>  -2022-11-16
<B><font color = 'blue'> .</font></B>  -Absent
<B><font color = 'blue'> .</font></B>  -Absent
<B><font color = 'blue'> .</font></B>  -undefined
<B><font color = 'blue'> .</font></B>  -Bangalore
<B><font color = 'blue'> .</font></B>  -Testing
<B><font color = 'blue'> .</font></B>  -Absent
<B><font color = 'blue'> .</font></B>  -Absent
<B><font color = 'blue'> .</font></B>  -Absent
<B><font color = 'blue'> .</font></B>  -Absent
<B><font color = 'blue'> .</font></B>  -Absent
<B><font color = 'blue'> .</font></B>  -Absent
<B><font color = 'blue'> .</font></B>  -Absent
<B><font color = 'blue'> .</font></B>  -Absent
<B><font color = 'blue'> .</font></B>  -Absent
<B><font color = 'blue'> .</font></B>  -Absent
<B><font color = 'blue'> .</font></B>  -Absent
<B><font color = 'blue'> .</font></B>  -sithu kalluru 
<B><font color = 'blue'> .</font></B>  -sitaramireddy@globussoft.in
<B><font color = 'blue'> .</font></B>  -code12
<B><font color = 'blue'> .</font></B>  -2022-11-16
<B><font color = 'blue'> .</font></B>  -Absent
<B><font color = 'blue'> .</font></B>  -Absent
<B><font color = 'blue'> .</font></B>  -undefined
<B><font color = 'blue'> .</font></B>  -Bangalore
<B><font color = 'blue'> .</font></B>  -Testing
<B><font color = 'blue'> .</font></B>  -Absent
<B><font color = 'blue'> .</font></B>  -Absent
<B><font color = 'blue'> .</font></B>  -Absent
<B><font color = 'blue'> .</font></B>  -Absent
<B><font color = 'blue'> .</font></B>  -Absent
<B><font color = 'blue'> .</font></B>  -Absent
<B><font color = 'blue'> .</font></B>  -Absent
<B><font color = 'blue'> .</font></B>  -Absent
<B><font color = 'blue'> .</font></B>  -Absent
<B><font color = 'blue'> .</font></B>  -Absent
<B><font color = 'blue'> .</font></B>  -Absent
<B><font color = 'blue'> .</font></B>  -test123 abcd 
<B><font color = 'blue'> .</font></B>  -s@gmail.com
<B><font color = 'blue'> .</font></B>  -code123z
<B><font color = 'blue'> .</font></B>  -2022-11-16
<B><font color = 'blue'> .</font></B>  -Absent
<B><font color = 'blue'> .</font></B>  -Absent
<B><font color = 'blue'> .</font></B>  -undefined
<B><font color = 'blue'> .</font></B>  -Bangalore
<B><font color = 'blue'> .</font></B>  -Testing
<B><font color = 'blue'> .</font></B>  -Absent
<B><font color = 'blue'> .</font></B>  -Absent
<B><font color = 'blue'> .</font></B>  -Absent
<B><font color = 'blue'> .</font></B>  -Absent
<B><font color = 'blue'> .</font></B>  -Absent
<B><font color = 'blue'> .</font></B>  -Absent
<B><font color = 'blue'> .</font></B>  -Absent
<B><font color = 'blue'> .</font></B>  -Absent
<B><font color = 'blue'> .</font></B>  -Absent
<B><font color = 'blue'> .</font></B>  -Absent
<B><font color = 'blue'> .</font></B>  -Absent
<B><font color = 'blue'> .</font></B>  -testing test 
<B><font color = 'blue'> .</font></B>  -aarshajoyson1601@gmail.com
<B><font color = 'blue'> .</font></B>  -glb0008
<B><font color = 'blue'> .</font></B>  -2022-11-16
<B><font color = 'blue'> .</font></B>  -Absent
<B><font color = 'blue'> .</font></B>  -Absent
<B><font color = 'blue'> .</font></B>  -undefined
<B><font color = 'blue'> .</font></B>  -Bangalore
<B><font color = 'blue'> .</font></B>  -Php
<B><font color = 'blue'> .</font></B>  -Absent
<B><font color = 'blue'> .</font></B>  -Absent
<B><font color = 'blue'> .</font></B>  -Absent
<B><font color = 'blue'> .</font></B>  -Absent
<B><font color = 'blue'> .</font></B>  -Absent
<B><font color = 'blue'> .</font></B>  -Absent
<B><font color = 'blue'> .</font></B>  -Absent
<B><font color = 'blue'> .</font></B>  -Absent
<B><font color = 'blue'> .</font></B>  -Absent
<B><font color = 'blue'> .</font></B>  -Absent
<B><font color = 'blue'> .</font></B>  -Absent
<B><font color = 'blue'> .</font></B>  -Automation CodeeeAuto 
<B><font color = 'blue'> .</font></B>  -skabcdef7@gmail.com
<B><font color = 'blue'> .</font></B>  -Emp-Abzcde-1234522
<B><font color = 'blue'> .</font></B>  -2022-11-16
<B><font color = 'blue'> .</font></B>  -Absent
<B><font color = 'blue'> .</font></B>  -Absent
<B><font color = 'blue'> .</font></B>  -undefined
<B><font color = 'blue'> .</font></B>  -Bangalore
<B><font color = 'blue'> .</font></B>  -Testing
<B><font color = 'blue'> .</font></B>  -Absent
<B><font color = 'blue'> .</font></B>  -Absent
<B><font color = 'blue'> .</font></B>  -Absent
<B><font color = 'blue'> .</font></B>  -Absent
<B><font color = 'blue'> .</font></B>  -Absent
<B><font color = 'blue'> .</font></B>  -Absent
<B><font color = 'blue'> .</font></B>  -Absent
<B><font color = 'blue'> .</font></B>  -Absent
<B><font color = 'blue'> .</font></B>  -Absent
<B><font color = 'blue'> .</font></B>  -Absent
<B><font color = 'blue'> .</font></B>  -Absent
<B><font color = 'blue'> .</font></B>  -piyush dfgsfg 
<B><font color = 'blue'> .</font></B>  -jos@gmail.com
<B><font color = 'blue'> .</font></B>  -sdgff
<B><font color = 'blue'> .</font></B>  -2022-11-16
<B><font color = 'blue'> .</font></B>  -Absent
<B><font color = 'blue'> .</font></B>  -Absent
<B><font color = 'blue'> .</font></B>  -undefined
<B><font color = 'blue'> .</font></B>  -Bangalore
<B><font color = 'blue'> .</font></B>  -Testing
<B><font color = 'blue'> .</font></B>  -Absent
<B><font color = 'blue'> .</font></B>  -Absent
<B><font color = 'blue'> .</font></B>  -Absent
<B><font color = 'blue'> .</font></B>  -Absent
<B><font color = 'blue'> .</font></B>  -Absent
<B><font color = 'blue'> .</font></B>  -Absent
<B><font color = 'blue'> .</font></B>  -Absent
<B><font color = 'blue'> .</font></B>  -Absent
<B><font color = 'blue'> .</font></B>  -Absent
<B><font color = 'blue'> .</font></B>  -Absent
<B><font color = 'blue'> .</font></B>  -Absent
<B><font color = 'blue'> .</font></B>  -Automation CodeeeAuto 
<B><font color = 'blue'> .</font></B>  -skabcdef38@gmail.com
<B><font color = 'blue'> .</font></B>  -Emp-Abzcde-123457
<B><font color = 'blue'> .</font></B>  -2022-11-16
<B><font color = 'blue'> .</font></B>  -Absent
<B><font color = 'blue'> .</font></B>  -Absent
<B><font color = 'blue'> .</font></B>  -undefined
<B><font color = 'blue'> .</font></B>  -Bangalore
<B><font color = 'blue'> .</font></B>  -Testing
<B><font color = 'blue'> .</font></B>  -Absent
<B><font color = 'blue'> .</font></B>  -Absent
<B><font color = 'blue'> .</font></B>  -Absent
<B><font color = 'blue'> .</font></B>  -Absent
<B><font color = 'blue'> .</font></B>  -Absent
<B><font color = 'blue'> .</font></B>  -Absent
<B><font color = 'blue'> .</font></B>  -Absent
<B><font color = 'blue'> .</font></B>  -Absent
<B><font color = 'blue'> .</font></B>  -Absent
<B><font color = 'blue'> .</font></B>  -Absent
<B><font color = 'blue'> .</font></B>  -Absent
<B><font color = 'blue'> .</font></B>  -Automation CodeeeAuto 
<B><font color = 'blue'> .</font></B>  -skabcdef33@gmail.com
<B><font color = 'blue'> .</font></B>  -Emp-Abzcde-1234557
<B><font color = 'blue'> .</font></B>  -2022-11-16
<B><font color = 'blue'> .</font></B>  -Absent
<B><font color = 'blue'> .</font></B>  -Absent
<B><font color = 'blue'> .</font></B>  -undefined
<B><font color = 'blue'> .</font></B>  -Bangalore
<B><font color = 'blue'> .</font></B>  -Testing
<B><font color = 'blue'> .</font></B>  -Absent
<B><font color = 'blue'> .</font></B>  -Absent
<B><font color = 'blue'> .</font></B>  -Absent
<B><font color = 'blue'> .</font></B>  -Absent
<B><font color = 'blue'> .</font></B>  -Absent
<B><font color = 'blue'> .</font></B>  -Absent
<B><font color = 'blue'> .</font></B>  -Absent
<B><font color = 'blue'> .</font></B>  -Absent
<B><font color = 'blue'> .</font></B>  -Absent
<B><font color = 'blue'> .</font></B>  -Absent
<B><font color = 'blue'> .</font></B>  -Absent
<B><font color = 'blue'> .</font></B>  -D Surya Prabhakar 
<B><font color = 'blue'> .</font></B>  -surya1@gmail.com
<B><font color = 'blue'> .</font></B>  -EM010
<B><font color = 'blue'> .</font></B>  -2022-11-16
<B><font color = 'blue'> .</font></B>  -Absent
<B><font color = 'blue'> .</font></B>  -Absent
<B><font color = 'blue'> .</font></B>  -undefined
<B><font color = 'blue'> .</font></B>  -bengaluru
<B><font color = 'blue'> .</font></B>  -Testing
<B><font color = 'blue'> .</font></B>  -Absent
<B><font color = 'blue'> .</font></B>  -Absent
<B><font color = 'blue'> .</font></B>  -Absent
<B><font color = 'blue'> .</font></B>  -Absent
<B><font color = 'blue'> .</font></B>  -Absent
<B><font color = 'blue'> .</font></B>  -Absent
<B><font color = 'blue'> .</font></B>  -Absent
<B><font color = 'blue'> .</font></B>  -Absent
<B><font color = 'blue'> .</font></B>  -Absent
<B><font color = 'blue'> .</font></B>  -Absent
<B><font color = 'blue'> .</font></B>  -Absent
<B><font color = 'blue'> .</font></B>  -R o       hit Sharma 
<B><font color = 'blue'> .</font></B>  -rahulrajt5613928@gmail.com
<B><font color = 'blue'> .</font></B>  -67645
<B><font color = 'blue'> .</font></B>  -2022-11-16
<B><font color = 'blue'> .</font></B>  -Absent
<B><font color = 'blue'> .</font></B>  -Absent
<B><font color = 'blue'> .</font></B>  -undefined
<B><font color = 'blue'> .</font></B>  -bengaluru
<B><font color = 'blue'> .</font></B>  -Testing
<B><font color = 'blue'> .</font></B>  -Absent
<B><font color = 'blue'> .</font></B>  -Absent
<B><font color = 'blue'> .</font></B>  -Absent
<B><font color = 'blue'> .</font></B>  -Absent
<B><font color = 'blue'> .</font></B>  -Absent
<B><font color = 'blue'> .</font></B>  -Absent
<B><font color = 'blue'> .</font></B>  -Absent
<B><font color = 'blue'> .</font></B>  -Absent
<B><font color = 'blue'> .</font></B>  -Absent
<B><font color = 'blue'> .</font></B>  -Absent
<B><font color = 'blue'> .</font></B>  -Absent
<B><font color = 'blue'> .</font></B>  -ni test 
<B><font color = 'blue'> .</font></B>  -nitest12@gmail.com
<B><font color = 'blue'> .</font></B>  -GLB678
<B><font color = 'blue'> .</font></B>  -2022-11-16
<B><font color = 'blue'> .</font></B>  -Absent
<B><font color = 'blue'> .</font></B>  -Absent
<B><font color = 'blue'> .</font></B>  -undefined
<B><font color = 'blue'> .</font></B>  -bengaluru
<B><font color = 'blue'> .</font></B>  -Testing
<B><font color = 'blue'> .</font></B>  -Absent
<B><font color = 'blue'> .</font></B>  -Absent
<B><font color = 'blue'> .</font></B>  -Absent
<B><font color = 'blue'> .</font></B>  -Absent
<B><font color = 'blue'> .</font></B>  -Absent
<B><font color = 'blue'> .</font></B>  -Absent
<B><font color = 'blue'> .</font></B>  -Absent
<B><font color = 'blue'> .</font></B>  -Absent
<B><font color = 'blue'> .</font></B>  -Absent
<B><font color = 'blue'> .</font></B>  -Absent
<B><font color = 'blue'> .</font></B>  -Absent
<B><font color = 'blue'> .</font></B>  -one test 
<B><font color = 'blue'> .</font></B>  -testone1234@gmail.com
<B><font color = 'blue'> .</font></B>  -0110
<B><font color = 'blue'> .</font></B>  -2022-11-16
<B><font color = 'blue'> .</font></B>  -Absent
<B><font color = 'blue'> .</font></B>  -Absent
<B><font color = 'blue'> .</font></B>  -undefined
<B><font color = 'blue'> .</font></B>  -bengaluru
<B><font color = 'blue'> .</font></B>  -Testing
<B><font color = 'blue'> .</font></B>  -Absent
<B><font color = 'blue'> .</font></B>  -Absent
<B><font color = 'blue'> .</font></B>  -Absent
<B><font color = 'blue'> .</font></B>  -Absent
<B><font color = 'blue'> .</font></B>  -Absent
<B><font color = 'blue'> .</font></B>  -Absent
<B><font color = 'blue'> .</font></B>  -Absent
<B><font color = 'blue'> .</font></B>  -Absent
<B><font color = 'blue'> .</font></B>  -Absent
<B><font color = 'blue'> .</font></B>  -Absent
<B><font color = 'blue'> .</font></B>  -Absent
<B><font color = 'blue'> .</font></B>  -surya kk 
<B><font color = 'blue'> .</font></B>  -123@gmail.com
<B><font color = 'blue'> .</font></B>  -mmmmm
<B><font color = 'blue'> .</font></B>  -2022-11-16
<B><font color = 'blue'> .</font></B>  -Absent
<B><font color = 'blue'> .</font></B>  -Absent
<B><font color = 'blue'> .</font></B>  -undefined
<B><font color = 'blue'> .</font></B>  -Tamilnadu
<B><font color = 'blue'> .</font></B>  -Test and Dev
<B><font color = 'blue'> .</font></B>  -Absent
<B><font color = 'blue'> .</font></B>  -Absent
<B><font color = 'blue'> .</font></B>  -Absent
<B><font color = 'blue'> .</font></B>  -Absent
<B><font color = 'blue'> .</font></B>  -Absent
<B><font color = 'blue'> .</font></B>  -Absent
<B><font color = 'blue'> .</font></B>  -Absent
<B><font color = 'blue'> .</font></B>  -Absent
<B><font color = 'blue'> .</font></B>  -Absent
<B><font color = 'blue'> .</font></B>  -Absent
<B><font color = 'blue'> .</font></B>  -Absent
<B><font color = 'blue'> .</font></B>  -sai kk 
<B><font color = 'blue'> .</font></B>  -saikk19876@gmail.com
<B><font color = 'blue'> .</font></B>  -20221019
<B><font color = 'blue'> .</font></B>  -2022-11-16
<B><font color = 'blue'> .</font></B>  -Absent
<B><font color = 'blue'> .</font></B>  -Absent
<B><font color = 'blue'> .</font></B>  -undefined
<B><font color = 'blue'> .</font></B>  -Tamilnadu
<B><font color = 'blue'> .</font></B>  -Test and Dev
<B><font color = 'blue'> .</font></B>  -Absent
<B><font color = 'blue'> .</font></B>  -Absent
<B><font color = 'blue'> .</font></B>  -Absent
<B><font color = 'blue'> .</font></B>  -Absent
<B><font color = 'blue'> .</font></B>  -Absent
<B><font color = 'blue'> .</font></B>  -Absent
<B><font color = 'blue'> .</font></B>  -Absent
<B><font color = 'blue'> .</font></B>  -Absent
<B><font color = 'blue'> .</font></B>  -Absent
<B><font color = 'blue'> .</font></B>  -Absent
<B><font color = 'blue'> .</font></B>  -Absent
<B><font color = 'blue'> .</font></B>  -ajeethemp test 
<B><font color = 'blue'> .</font></B>  -ajeethemp@gmail.com
<B><font color = 'blue'> .</font></B>  -A01
<B><font color = 'blue'> .</font></B>  -2022-11-16
<B><font color = 'blue'> .</font></B>  -Absent
<B><font color = 'blue'> .</font></B>  -Absent
<B><font color = 'blue'> .</font></B>  -undefined
<B><font color = 'blue'> .</font></B>  -Tamilnadu
<B><font color = 'blue'> .</font></B>  -Test and Dev
<B><font color = 'blue'> .</font></B>  -Absent
<B><font color = 'blue'> .</font></B>  -Absent
<B><font color = 'blue'> .</font></B>  -Absent
<B><font color = 'blue'> .</font></B>  -Absent
<B><font color = 'blue'> .</font></B>  -Absent
<B><font color = 'blue'> .</font></B>  -Absent
<B><font color = 'blue'> .</font></B>  -Absent
<B><font color = 'blue'> .</font></B>  -Absent
<B><font color = 'blue'> .</font></B>  -Absent
<B><font color = 'blue'> .</font></B>  -Absent
<B><font color = 'blue'> .</font></B>  -Absent
<B><font color = 'blue'> .</font></B>  -test user two 
<B><font color = 'blue'> .</font></B>  -testuser@two.io
<B><font color = 'blue'> .</font></B>  -GSLL-327
<B><font color = 'blue'> .</font></B>  -2022-11-16
<B><font color = 'blue'> .</font></B>  -Absent
<B><font color = 'blue'> .</font></B>  -Absent
<B><font color = 'blue'> .</font></B>  -undefined
<B><font color = 'blue'> .</font></B>  -Tamilnadu
<B><font color = 'blue'> .</font></B>  -Test and Dev
<B><font color = 'blue'> .</font></B>  -Absent
<B><font color = 'blue'> .</font></B>  -Absent
<B><font color = 'blue'> .</font></B>  -Absent
<B><font color = 'blue'> .</font></B>  -Absent
<B><font color = 'blue'> .</font></B>  -Absent
<B><font color = 'blue'> .</font></B>  -Absent
<B><font color = 'blue'> .</font></B>  -Absent
<B><font color = 'blue'> .</font></B>  -Absent
<B><font color = 'blue'> .</font></B>  -Absent
<B><font color = 'blue'> .</font></B>  -Absent
<B><font color = 'blue'> .</font></B>  -Absent
<B><font color = 'blue'> .</font></B>  -Himanshu Kumar 
<B><font color = 'blue'> .</font></B>  -himanshu1@gmail.com
<B><font color = 'blue'> .</font></B>  -EM011
<B><font color = 'blue'> .</font></B>  -2022-11-16
<B><font color = 'blue'> .</font></B>  -Absent
<B><font color = 'blue'> .</font></B>  -Absent
<B><font color = 'blue'> .</font></B>  -undefined
<B><font color = 'blue'> .</font></B>  -bagalkot
<B><font color = 'blue'> .</font></B>  -manual testing
<B><font color = 'blue'> .</font></B>  -Absent
<B><font color = 'blue'> .</font></B>  -Absent
<B><font color = 'blue'> .</font></B>  -Absent
<B><font color = 'blue'> .</font></B>  -Absent
<B><font color = 'blue'> .</font></B>  -Absent
<B><font color = 'blue'> .</font></B>  -Absent
<B><font color = 'blue'> .</font></B>  -Absent
<B><font color = 'blue'> .</font></B>  -Absent
<B><font color = 'blue'> .</font></B>  -Absent
<B><font color = 'blue'> .</font></B>  -Absent
<B><font color = 'blue'> .</font></B>  -Absent
<B><font color = 'blue'> .</font></B>  -dxgfdxg gssdg 
<B><font color = 'blue'> .</font></B>  -sdgsg@dgksodkg.in
<B><font color = 'blue'> .</font></B>  -asfda343443
<B><font color = 'blue'> .</font></B>  -2022-11-16
<B><font color = 'blue'> .</font></B>  -Absent
<B><font color = 'blue'> .</font></B>  -Absent
<B><font color = 'blue'> .</font></B>  -undefined
<B><font color = 'blue'> .</font></B>  -Bhilai
<B><font color = 'blue'> .</font></B>  -Php
<B><font color = 'blue'> .</font></B>  -Absent
<B><font color = 'blue'> .</font></B>  -Absent
<B><font color = 'blue'> .</font></B>  -Absent
<B><font color = 'blue'> .</font></B>  -Absent
<B><font color = 'blue'> .</font></B>  -Absent
<B><font color = 'blue'> .</font></B>  -Absent
<B><font color = 'blue'> .</font></B>  -Absent
<B><font color = 'blue'> .</font></B>  -Absent
<B><font color = 'blue'> .</font></B>  -Absent
<B><font color = 'blue'> .</font></B>  -Absent
<B><font color = 'blue'> .</font></B>  -Absent
<B><font color = 'blue'> .</font></B>  -Aryan raj 
<B><font color = 'blue'> .</font></B>  -alex@gmail.com
<B><font color = 'blue'> .</font></B>  -126
<B><font color = 'blue'> .</font></B>  -2022-11-15
<B><font color = 'blue'> .</font></B>  -15-11-2022 11:59:59
<B><font color = 'blue'> .</font></B>  -16-11-2022 00:00:00
<B><font color = 'blue'> .</font></B>  -GLB-124-PC
<B><font color = 'blue'> .</font></B>  -Bangalore
<B><font color = 'blue'> .</font></B>  -Testing
<B><font color = 'blue'> .</font></B>  -12:00:01
<B><font color = 'blue'> .</font></B>  -12:00:00
<B><font color = 'blue'> .</font></B>  -01:29:07
<B><font color = 'blue'> .</font></B>  -01:24:07
<B><font color = 'blue'> .</font></B>  -00:05:00
<B><font color = 'blue'> .</font></B>  -00:00:00
<B><font color = 'blue'> .</font></B>  -10:30:53
<B><font color = 'blue'> .</font></B>  -00:00:01
<B><font color = 'blue'> .</font></B>  -17.52%
<B><font color = 'blue'> .</font></B>  -240:00
<B><font color = 'blue'> .</font></B>  -18.57
<B><font color = 'blue'> .</font></B>  -Guest User 
<B><font color = 'blue'> .</font></B>  -guestuser@gmail.com
<B><font color = 'blue'> .</font></B>  -GLB-777
<B><font color = 'blue'> .</font></B>  -2022-11-15
<B><font color = 'blue'> .</font></B>  -15-11-2022 10:20:41
<B><font color = 'blue'> .</font></B>  -15-11-2022 10:29:41
<B><font color = 'blue'> .</font></B>  -GLB-124-PC
<B><font color = 'blue'> .</font></B>  -Bhilai
<B><font color = 'blue'> .</font></B>  -Php
<B><font color = 'blue'> .</font></B>  -00:09:00
<B><font color = 'blue'> .</font></B>  -00:09:00
<B><font color = 'blue'> .</font></B>  -00:07:59
<B><font color = 'blue'> .</font></B>  -00:07:59
<B><font color = 'blue'> .</font></B>  -00:00:00
<B><font color = 'blue'> .</font></B>  -00:00:00
<B><font color = 'blue'> .</font></B>  -00:01:01
<B><font color = 'blue'> .</font></B>  -00:00:00
<B><font color = 'blue'> .</font></B>  -1.66%
<B><font color = 'blue'> .</font></B>  --471:00
<B><font color = 'blue'> .</font></B>  -1.66
<B><font color = 'blue'> .</font></B>  -GLB-BLR-010-PC - GLB-BLR-010 
<B><font color = 'blue'> .</font></B>  -abcd@yuksdgus
<B><font color = 'blue'> .</font></B>  -GLB-BLR-010
<B><font color = 'blue'> .</font></B>  -2022-11-15
<B><font color = 'blue'> .</font></B>  -15-11-2022 11:15:32
<B><font color = 'blue'> .</font></B>  -15-11-2022 19:14:02
<B><font color = 'blue'> .</font></B>  -GLB-BLR-010-PC
<B><font color = 'blue'> .</font></B>  -bengaluru
<B><font color = 'blue'> .</font></B>  -Testing
<B><font color = 'blue'> .</font></B>  -07:58:30
<B><font color = 'blue'> .</font></B>  -03:31:57
<B><font color = 'blue'> .</font></B>  -02:57:22
<B><font color = 'blue'> .</font></B>  -02:55:28
<B><font color = 'blue'> .</font></B>  -00:01:54
<B><font color = 'blue'> .</font></B>  -00:00:00
<B><font color = 'blue'> .</font></B>  -00:34:35
<B><font color = 'blue'> .</font></B>  -04:26:33
<B><font color = 'blue'> .</font></B>  -36.56%
<B><font color = 'blue'> .</font></B>  --268:03
<B><font color = 'blue'> .</font></B>  -36.95
<B><font color = 'blue'> .</font></B>  -SS Keystrokes 
<B><font color = 'blue'> .</font></B>  -sskey@gmail.com
<B><font color = 'blue'> .</font></B>  -emp98y
<B><font color = 'blue'> .</font></B>  -2022-11-15
<B><font color = 'blue'> .</font></B>  -15-11-2022 10:53:31
<B><font color = 'blue'> .</font></B>  -15-11-2022 11:08:31
<B><font color = 'blue'> .</font></B>  -GLB-BLR-010-PC
<B><font color = 'blue'> .</font></B>  -Default
<B><font color = 'blue'> .</font></B>  -Default
<B><font color = 'blue'> .</font></B>  -00:15:00
<B><font color = 'blue'> .</font></B>  -00:15:00
<B><font color = 'blue'> .</font></B>  -00:14:59
<B><font color = 'blue'> .</font></B>  -00:14:59
<B><font color = 'blue'> .</font></B>  -00:00:00
<B><font color = 'blue'> .</font></B>  -00:00:00
<B><font color = 'blue'> .</font></B>  -00:00:01
<B><font color = 'blue'> .</font></B>  -00:00:00
<B><font color = 'blue'> .</font></B>  -3.12%
<B><font color = 'blue'> .</font></B>  --465:00
<B><font color = 'blue'> .</font></B>  -3.12
<B><font color = 'blue'> .</font></B>  -Virat kohli 
<B><font color = 'blue'> .</font></B>  -rahukbgdxgsf@gmail.com
<B><font color = 'blue'> .</font></B>  -65332
<B><font color = 'blue'> .</font></B>  -2022-11-15
<B><font color = 'blue'> .</font></B>  -Absent
<B><font color = 'blue'> .</font></B>  -Absent
<B><font color = 'blue'> .</font></B>  -undefined
<B><font color = 'blue'> .</font></B>  -Default
<B><font color = 'blue'> .</font></B>  -Default
<B><font color = 'blue'> .</font></B>  -Absent
<B><font color = 'blue'> .</font></B>  -Absent
<B><font color = 'blue'> .</font></B>  -Absent
<B><font color = 'blue'> .</font></B>  -Absent
<B><font color = 'blue'> .</font></B>  -Absent
<B><font color = 'blue'> .</font></B>  -Absent
<B><font color = 'blue'> .</font></B>  -Absent
<B><font color = 'blue'> .</font></B>  -Absent
<B><font color = 'blue'> .</font></B>  -Absent
<B><font color = 'blue'> .</font></B>  -Absent
<B><font color = 'blue'> .</font></B>  -Absent
<B><font color = 'blue'> .</font></B>  -sadas kadkasdj 
<B><font color = 'blue'> .</font></B>  -dsa@eqe
<B><font color = 'blue'> .</font></B>  -emp129666
<B><font color = 'blue'> .</font></B>  -2022-11-15
<B><font color = 'blue'> .</font></B>  -Absent
<B><font color = 'blue'> .</font></B>  -Absent
<B><font color = 'blue'> .</font></B>  -undefined
<B><font color = 'blue'> .</font></B>  -Default
<B><font color = 'blue'> .</font></B>  -Default
<B><font color = 'blue'> .</font></B>  -Absent
<B><font color = 'blue'> .</font></B>  -Absent
<B><font color = 'blue'> .</font></B>  -Absent
<B><font color = 'blue'> .</font></B>  -Absent
<B><font color = 'blue'> .</font></B>  -Absent
<B><font color = 'blue'> .</font></B>  -Absent
<B><font color = 'blue'> .</font></B>  -Absent
<B><font color = 'blue'> .</font></B>  -Absent
<B><font color = 'blue'> .</font></B>  -Absent
<B><font color = 'blue'> .</font></B>  -Absent
<B><font color = 'blue'> .</font></B>  -Absent
<B><font color = 'blue'> .</font></B>  -New Test 
<B><font color = 'blue'> .</font></B>  -newtest@gmail.com
<B><font color = 'blue'> .</font></B>  -ewer334443
<B><font color = 'blue'> .</font></B>  -2022-11-15
<B><font color = 'blue'> .</font></B>  -Absent
<B><font color = 'blue'> .</font></B>  -Absent
<B><font color = 'blue'> .</font></B>  -undefined
<B><font color = 'blue'> .</font></B>  -Default
<B><font color = 'blue'> .</font></B>  -Default
<B><font color = 'blue'> .</font></B>  -Absent
<B><font color = 'blue'> .</font></B>  -Absent
<B><font color = 'blue'> .</font></B>  -Absent
<B><font color = 'blue'> .</font></B>  -Absent
<B><font color = 'blue'> .</font></B>  -Absent
<B><font color = 'blue'> .</font></B>  -Absent
<B><font color = 'blue'> .</font></B>  -Absent
<B><font color = 'blue'> .</font></B>  -Absent
<B><font color = 'blue'> .</font></B>  -Absent
<B><font color = 'blue'> .</font></B>  -Absent
<B><font color = 'blue'> .</font></B>  -Absent
<B><font color = 'blue'> .</font></B>  -dshcdb uidsbf 
<B><font color = 'blue'> .</font></B>  -dvbvdb@yahoo.com
<B><font color = 'blue'> .</font></B>  -435454
<B><font color = 'blue'> .</font></B>  -2022-11-15
<B><font color = 'blue'> .</font></B>  -Absent
<B><font color = 'blue'> .</font></B>  -Absent
<B><font color = 'blue'> .</font></B>  -undefined
<B><font color = 'blue'> .</font></B>  -Default
<B><font color = 'blue'> .</font></B>  -Default
<B><font color = 'blue'> .</font></B>  -Absent
<B><font color = 'blue'> .</font></B>  -Absent
<B><font color = 'blue'> .</font></B>  -Absent
<B><font color = 'blue'> .</font></B>  -Absent
<B><font color = 'blue'> .</font></B>  -Absent
<B><font color = 'blue'> .</font></B>  -Absent
<B><font color = 'blue'> .</font></B>  -Absent
<B><font color = 'blue'> .</font></B>  -Absent
<B><font color = 'blue'> .</font></B>  -Absent
<B><font color = 'blue'> .</font></B>  -Absent
<B><font color = 'blue'> .</font></B>  -Absent
<B><font color = 'blue'> .</font></B>  -try last 
<B><font color = 'blue'> .</font></B>  -try@gmail.com
<B><font color = 'blue'> .</font></B>  -1225455
<B><font color = 'blue'> .</font></B>  -2022-11-15
<B><font color = 'blue'> .</font></B>  -Absent
<B><font color = 'blue'> .</font></B>  -Absent
<B><font color = 'blue'> .</font></B>  -undefined
<B><font color = 'blue'> .</font></B>  -Default
<B><font color = 'blue'> .</font></B>  -Default
<B><font color = 'blue'> .</font></B>  -Absent
<B><font color = 'blue'> .</font></B>  -Absent
<B><font color = 'blue'> .</font></B>  -Absent
<B><font color = 'blue'> .</font></B>  -Absent
<B><font color = 'blue'> .</font></B>  -Absent
<B><font color = 'blue'> .</font></B>  -Absent
<B><font color = 'blue'> .</font></B>  -Absent
<B><font color = 'blue'> .</font></B>  -Absent
<B><font color = 'blue'> .</font></B>  -Absent
<B><font color = 'blue'> .</font></B>  -Absent
<B><font color = 'blue'> .</font></B>  -Absent
<B><font color = 'blue'> .</font></B>  -vdjvdb yusvdvbbh 
<B><font color = 'blue'> .</font></B>  -dvhbfdh@gmail.com
<B><font color = 'blue'> .</font></B>  -wq534342
<B><font color = 'blue'> .</font></B>  -2022-11-15
<B><font color = 'blue'> .</font></B>  -Absent
<B><font color = 'blue'> .</font></B>  -Absent
<B><font color = 'blue'> .</font></B>  -undefined
<B><font color = 'blue'> .</font></B>  -Default
<B><font color = 'blue'> .</font></B>  -Default
<B><font color = 'blue'> .</font></B>  -Absent
<B><font color = 'blue'> .</font></B>  -Absent
<B><font color = 'blue'> .</font></B>  -Absent
<B><font color = 'blue'> .</font></B>  -Absent
<B><font color = 'blue'> .</font></B>  -Absent
<B><font color = 'blue'> .</font></B>  -Absent
<B><font color = 'blue'> .</font></B>  -Absent
<B><font color = 'blue'> .</font></B>  -Absent
<B><font color = 'blue'> .</font></B>  -Absent
<B><font color = 'blue'> .</font></B>  -Absent
<B><font color = 'blue'> .</font></B>  -Absent
<B><font color = 'blue'> .</font></B>  -Mail Test user 
<B><font color = 'blue'> .</font></B>  -maintest@user.io
<B><font color = 'blue'> .</font></B>  -GLB-1223888
<B><font color = 'blue'> .</font></B>  -2022-11-15
<B><font color = 'blue'> .</font></B>  -Absent
<B><font color = 'blue'> .</font></B>  -Absent
<B><font color = 'blue'> .</font></B>  -undefined
<B><font color = 'blue'> .</font></B>  -Default
<B><font color = 'blue'> .</font></B>  -Default
<B><font color = 'blue'> .</font></B>  -Absent
<B><font color = 'blue'> .</font></B>  -Absent
<B><font color = 'blue'> .</font></B>  -Absent
<B><font color = 'blue'> .</font></B>  -Absent
<B><font color = 'blue'> .</font></B>  -Absent
<B><font color = 'blue'> .</font></B>  -Absent
<B><font color = 'blue'> .</font></B>  -Absent
<B><font color = 'blue'> .</font></B>  -Absent
<B><font color = 'blue'> .</font></B>  -Absent
<B><font color = 'blue'> .</font></B>  -Absent
<B><font color = 'blue'> .</font></B>  -Absent
<B><font color = 'blue'> .</font></B>  -Update Check 
<B><font color = 'blue'> .</font></B>  -updates@gmail.com
<B><font color = 'blue'> .</font></B>  -emp543
<B><font color = 'blue'> .</font></B>  -2022-11-15
<B><font color = 'blue'> .</font></B>  -Absent
<B><font color = 'blue'> .</font></B>  -Absent
<B><font color = 'blue'> .</font></B>  -undefined
<B><font color = 'blue'> .</font></B>  -Default
<B><font color = 'blue'> .</font></B>  -Default
<B><font color = 'blue'> .</font></B>  -Absent
<B><font color = 'blue'> .</font></B>  -Absent
<B><font color = 'blue'> .</font></B>  -Absent
<B><font color = 'blue'> .</font></B>  -Absent
<B><font color = 'blue'> .</font></B>  -Absent
<B><font color = 'blue'> .</font></B>  -Absent
<B><font color = 'blue'> .</font></B>  -Absent
<B><font color = 'blue'> .</font></B>  -Absent
<B><font color = 'blue'> .</font></B>  -Absent
<B><font color = 'blue'> .</font></B>  -Absent
<B><font color = 'blue'> .</font></B>  -Absent
<B><font color = 'blue'> .</font></B>  -test manager 
<B><font color = 'blue'> .</font></B>  -manageremp@gmail.com
<B><font color = 'blue'> .</font></B>  -glb020
<B><font color = 'blue'> .</font></B>  -2022-11-15
<B><font color = 'blue'> .</font></B>  -Absent
<B><font color = 'blue'> .</font></B>  -Absent
<B><font color = 'blue'> .</font></B>  -undefined
<B><font color = 'blue'> .</font></B>  -Default
<B><font color = 'blue'> .</font></B>  -Default
<B><font color = 'blue'> .</font></B>  -Absent
<B><font color = 'blue'> .</font></B>  -Absent
<B><font color = 'blue'> .</font></B>  -Absent
<B><font color = 'blue'> .</font></B>  -Absent
<B><font color = 'blue'> .</font></B>  -Absent
<B><font color = 'blue'> .</font></B>  -Absent
<B><font color = 'blue'> .</font></B>  -Absent
<B><font color = 'blue'> .</font></B>  -Absent
<B><font color = 'blue'> .</font></B>  -Absent
<B><font color = 'blue'> .</font></B>  -Absent
<B><font color = 'blue'> .</font></B>  -Absent
<B><font color = 'blue'> .</font></B>  -DESKTOP-PJJHB19 - GLB-BLR-002OjUpRD2 
<B><font color = 'blue'> .</font></B>  --
<B><font color = 'blue'> .</font></B>  -GLB-BLR-002OjUpRD2
<B><font color = 'blue'> .</font></B>  -2022-11-15
<B><font color = 'blue'> .</font></B>  -Absent
<B><font color = 'blue'> .</font></B>  -Absent
<B><font color = 'blue'> .</font></B>  -undefined
<B><font color = 'blue'> .</font></B>  -Default
<B><font color = 'blue'> .</font></B>  -Default
<B><font color = 'blue'> .</font></B>  -Absent
<B><font color = 'blue'> .</font></B>  -Absent
<B><font color = 'blue'> .</font></B>  -Absent
<B><font color = 'blue'> .</font></B>  -Absent
<B><font color = 'blue'> .</font></B>  -Absent
<B><font color = 'blue'> .</font></B>  -Absent
<B><font color = 'blue'> .</font></B>  -Absent
<B><font color = 'blue'> .</font></B>  -Absent
<B><font color = 'blue'> .</font></B>  -Absent
<B><font color = 'blue'> .</font></B>  -Absent
<B><font color = 'blue'> .</font></B>  -Absent
<B><font color = 'blue'> .</font></B>  -Usb Test 
<B><font color = 'blue'> .</font></B>  -usbtest123@gmail.com
<B><font color = 'blue'> .</font></B>  -emp0097
<B><font color = 'blue'> .</font></B>  -2022-11-15
<B><font color = 'blue'> .</font></B>  -Absent
<B><font color = 'blue'> .</font></B>  -Absent
<B><font color = 'blue'> .</font></B>  -undefined
<B><font color = 'blue'> .</font></B>  -Default
<B><font color = 'blue'> .</font></B>  -Default
<B><font color = 'blue'> .</font></B>  -Absent
<B><font color = 'blue'> .</font></B>  -Absent
<B><font color = 'blue'> .</font></B>  -Absent
<B><font color = 'blue'> .</font></B>  -Absent
<B><font color = 'blue'> .</font></B>  -Absent
<B><font color = 'blue'> .</font></B>  -Absent
<B><font color = 'blue'> .</font></B>  -Absent
<B><font color = 'blue'> .</font></B>  -Absent
<B><font color = 'blue'> .</font></B>  -Absent
<B><font color = 'blue'> .</font></B>  -Absent
<B><font color = 'blue'> .</font></B>  -Absent
<B><font color = 'blue'> .</font></B>  -shivammmmmmmmmmmmmmmmmmmm Kumar 
<B><font color = 'blue'> .</font></B>  -kgfyash545@gmail.com
<B><font color = 'blue'> .</font></B>  -hsakhdjk414
<B><font color = 'blue'> .</font></B>  -2022-11-15
<B><font color = 'blue'> .</font></B>  -Absent
<B><font color = 'blue'> .</font></B>  -Absent
<B><font color = 'blue'> .</font></B>  -undefined
<B><font color = 'blue'> .</font></B>  -Default
<B><font color = 'blue'> .</font></B>  -Default
<B><font color = 'blue'> .</font></B>  -Absent
<B><font color = 'blue'> .</font></B>  -Absent
<B><font color = 'blue'> .</font></B>  -Absent
<B><font color = 'blue'> .</font></B>  -Absent
<B><font color = 'blue'> .</font></B>  -Absent
<B><font color = 'blue'> .</font></B>  -Absent
<B><font color = 'blue'> .</font></B>  -Absent
<B><font color = 'blue'> .</font></B>  -Absent
<B><font color = 'blue'> .</font></B>  -Absent
<B><font color = 'blue'> .</font></B>  -Absent
<B><font color = 'blue'> .</font></B>  -Absent
<B><font color = 'blue'> .</font></B>  -Abhishek Four tf test 
<B><font color = 'blue'> .</font></B>  -abhishekfourtf@mail.com
<B><font color = 'blue'> .</font></B>  -HLIKSJ98
<B><font color = 'blue'> .</font></B>  -2022-11-15
<B><font color = 'blue'> .</font></B>  -Absent
<B><font color = 'blue'> .</font></B>  -Absent
<B><font color = 'blue'> .</font></B>  -undefined
<B><font color = 'blue'> .</font></B>  -Default
<B><font color = 'blue'> .</font></B>  -Default
<B><font color = 'blue'> .</font></B>  -Absent
<B><font color = 'blue'> .</font></B>  -Absent
<B><font color = 'blue'> .</font></B>  -Absent
<B><font color = 'blue'> .</font></B>  -Absent
<B><font color = 'blue'> .</font></B>  -Absent
<B><font color = 'blue'> .</font></B>  -Absent
<B><font color = 'blue'> .</font></B>  -Absent
<B><font color = 'blue'> .</font></B>  -Absent
<B><font color = 'blue'> .</font></B>  -Absent
<B><font color = 'blue'> .</font></B>  -Absent
<B><font color = 'blue'> .</font></B>  -Absent
<B><font color = 'blue'> .</font></B>  -new dev user 
<B><font color = 'blue'> .</font></B>  -new@dev.user
<B><font color = 'blue'> .</font></B>  -fdfsfsd
<B><font color = 'blue'> .</font></B>  -2022-11-15
<B><font color = 'blue'> .</font></B>  -Absent
<B><font color = 'blue'> .</font></B>  -Absent
<B><font color = 'blue'> .</font></B>  -undefined
<B><font color = 'blue'> .</font></B>  -Default
<B><font color = 'blue'> .</font></B>  -Default
<B><font color = 'blue'> .</font></B>  -Absent
<B><font color = 'blue'> .</font></B>  -Absent
<B><font color = 'blue'> .</font></B>  -Absent
<B><font color = 'blue'> .</font></B>  -Absent
<B><font color = 'blue'> .</font></B>  -Absent
<B><font color = 'blue'> .</font></B>  -Absent
<B><font color = 'blue'> .</font></B>  -Absent
<B><font color = 'blue'> .</font></B>  -Absent
<B><font color = 'blue'> .</font></B>  -Absent
<B><font color = 'blue'> .</font></B>  -Absent
<B><font color = 'blue'> .</font></B>  -Absent
<B><font color = 'blue'> .</font></B>  -aaaaaaaaaa aaaaaaaaa 
<B><font color = 'blue'> .</font></B>  -mmmm@gmail.com
<B><font color = 'blue'> .</font></B>  -80765s
<B><font color = 'blue'> .</font></B>  -2022-11-15
<B><font color = 'blue'> .</font></B>  -Absent
<B><font color = 'blue'> .</font></B>  -Absent
<B><font color = 'blue'> .</font></B>  -undefined
<B><font color = 'blue'> .</font></B>  -Bangalore
<B><font color = 'blue'> .</font></B>  -Testing
<B><font color = 'blue'> .</font></B>  -Absent
<B><font color = 'blue'> .</font></B>  -Absent
<B><font color = 'blue'> .</font></B>  -Absent
<B><font color = 'blue'> .</font></B>  -Absent
<B><font color = 'blue'> .</font></B>  -Absent
<B><font color = 'blue'> .</font></B>  -Absent
<B><font color = 'blue'> .</font></B>  -Absent
<B><font color = 'blue'> .</font></B>  -Absent
<B><font color = 'blue'> .</font></B>  -Absent
<B><font color = 'blue'> .</font></B>  -Absent
<B><font color = 'blue'> .</font></B>  -Absent
<B><font color = 'blue'> .</font></B>  -sumesh test 
<B><font color = 'blue'> .</font></B>  -sumesh@mail.com
<B><font color = 'blue'> .</font></B>  -fdgfdgf
<B><font color = 'blue'> .</font></B>  -2022-11-15
<B><font color = 'blue'> .</font></B>  -Absent
<B><font color = 'blue'> .</font></B>  -Absent
<B><font color = 'blue'> .</font></B>  -undefined
<B><font color = 'blue'> .</font></B>  -Bangalore
<B><font color = 'blue'> .</font></B>  -Testing
<B><font color = 'blue'> .</font></B>  -Absent
<B><font color = 'blue'> .</font></B>  -Absent
<B><font color = 'blue'> .</font></B>  -Absent
<B><font color = 'blue'> .</font></B>  -Absent
<B><font color = 'blue'> .</font></B>  -Absent
<B><font color = 'blue'> .</font></B>  -Absent
<B><font color = 'blue'> .</font></B>  -Absent
<B><font color = 'blue'> .</font></B>  -Absent
<B><font color = 'blue'> .</font></B>  -Absent
<B><font color = 'blue'> .</font></B>  -Absent
<B><font color = 'blue'> .</font></B>  -Absent
<B><font color = 'blue'> .</font></B>  -Test msc 
<B><font color = 'blue'> .</font></B>  -test123@gmail.com
<B><font color = 'blue'> .</font></B>  -12254
<B><font color = 'blue'> .</font></B>  -2022-11-15
<B><font color = 'blue'> .</font></B>  -Absent
<B><font color = 'blue'> .</font></B>  -Absent
<B><font color = 'blue'> .</font></B>  -undefined
<B><font color = 'blue'> .</font></B>  -Bangalore
<B><font color = 'blue'> .</font></B>  -Testing
<B><font color = 'blue'> .</font></B>  -Absent
<B><font color = 'blue'> .</font></B>  -Absent
<B><font color = 'blue'> .</font></B>  -Absent
<B><font color = 'blue'> .</font></B>  -Absent
<B><font color = 'blue'> .</font></B>  -Absent
<B><font color = 'blue'> .</font></B>  -Absent
<B><font color = 'blue'> .</font></B>  -Absent
<B><font color = 'blue'> .</font></B>  -Absent
<B><font color = 'blue'> .</font></B>  -Absent
<B><font color = 'blue'> .</font></B>  -Absent
<B><font color = 'blue'> .</font></B>  -Absent
<B><font color = 'blue'> .</font></B>  -deffdfds vscsc 
<B><font color = 'blue'> .</font></B>  -cscsdw123@gmail.com
<B><font color = 'blue'> .</font></B>  -1234512
<B><font color = 'blue'> .</font></B>  -2022-11-15
<B><font color = 'blue'> .</font></B>  -Absent
<B><font color = 'blue'> .</font></B>  -Absent
<B><font color = 'blue'> .</font></B>  -undefined
<B><font color = 'blue'> .</font></B>  -Bangalore
<B><font color = 'blue'> .</font></B>  -Testing
<B><font color = 'blue'> .</font></B>  -Absent
<B><font color = 'blue'> .</font></B>  -Absent
<B><font color = 'blue'> .</font></B>  -Absent
<B><font color = 'blue'> .</font></B>  -Absent
<B><font color = 'blue'> .</font></B>  -Absent
<B><font color = 'blue'> .</font></B>  -Absent
<B><font color = 'blue'> .</font></B>  -Absent
<B><font color = 'blue'> .</font></B>  -Absent
<B><font color = 'blue'> .</font></B>  -Absent
<B><font color = 'blue'> .</font></B>  -Absent
<B><font color = 'blue'> .</font></B>  -Absent
<B><font color = 'blue'> .</font></B>  -test testtt 
<B><font color = 'blue'> .</font></B>  -abcd@gmail.com
<B><font color = 'blue'> .</font></B>  -GLB55
<B><font color = 'blue'> .</font></B>  -2022-11-15
<B><font color = 'blue'> .</font></B>  -Absent
<B><font color = 'blue'> .</font></B>  -Absent
<B><font color = 'blue'> .</font></B>  -undefined
<B><font color = 'blue'> .</font></B>  -Bangalore
<B><font color = 'blue'> .</font></B>  -Testing
<B><font color = 'blue'> .</font></B>  -Absent
<B><font color = 'blue'> .</font></B>  -Absent
<B><font color = 'blue'> .</font></B>  -Absent
<B><font color = 'blue'> .</font></B>  -Absent
<B><font color = 'blue'> .</font></B>  -Absent
<B><font color = 'blue'> .</font></B>  -Absent
<B><font color = 'blue'> .</font></B>  -Absent
<B><font color = 'blue'> .</font></B>  -Absent
<B><font color = 'blue'> .</font></B>  -Absent
<B><font color = 'blue'> .</font></B>  -Absent
<B><font color = 'blue'> .</font></B>  -Absent
<B><font color = 'blue'> .</font></B>  -Abhishe tt 
<B><font color = 'blue'> .</font></B>  -ab@ab.com
<B><font color = 'blue'> .</font></B>  -GKD567
<B><font color = 'blue'> .</font></B>  -2022-11-15
<B><font color = 'blue'> .</font></B>  -Absent
<B><font color = 'blue'> .</font></B>  -Absent
<B><font color = 'blue'> .</font></B>  -undefined
<B><font color = 'blue'> .</font></B>  -Bangalore
<B><font color = 'blue'> .</font></B>  -Testing
<B><font color = 'blue'> .</font></B>  -Absent
<B><font color = 'blue'> .</font></B>  -Absent
<B><font color = 'blue'> .</font></B>  -Absent
<B><font color = 'blue'> .</font></B>  -Absent
<B><font color = 'blue'> .</font></B>  -Absent
<B><font color = 'blue'> .</font></B>  -Absent
<B><font color = 'blue'> .</font></B>  -Absent
<B><font color = 'blue'> .</font></B>  -Absent
<B><font color = 'blue'> .</font></B>  -Absent
<B><font color = 'blue'> .</font></B>  -Absent
<B><font color = 'blue'> .</font></B>  -Absent
<B><font color = 'blue'> .</font></B>  -test nonadmin 
<B><font color = 'blue'> .</font></B>  -testnonadmin@gmail.com
<B><font color = 'blue'> .</font></B>  -GLB026
<B><font color = 'blue'> .</font></B>  -2022-11-15
<B><font color = 'blue'> .</font></B>  -Absent
<B><font color = 'blue'> .</font></B>  -Absent
<B><font color = 'blue'> .</font></B>  -undefined
<B><font color = 'blue'> .</font></B>  -Bangalore
<B><font color = 'blue'> .</font></B>  -Php
<B><font color = 'blue'> .</font></B>  -Absent
<B><font color = 'blue'> .</font></B>  -Absent
<B><font color = 'blue'> .</font></B>  -Absent
<B><font color = 'blue'> .</font></B>  -Absent
<B><font color = 'blue'> .</font></B>  -Absent
<B><font color = 'blue'> .</font></B>  -Absent
<B><font color = 'blue'> .</font></B>  -Absent
<B><font color = 'blue'> .</font></B>  -Absent
<B><font color = 'blue'> .</font></B>  -Absent
<B><font color = 'blue'> .</font></B>  -Absent
<B><font color = 'blue'> .</font></B>  -Absent
<B><font color = 'blue'> .</font></B>  -adg ckj 
<B><font color = 'blue'> .</font></B>  -adcs@1234
<B><font color = 'blue'> .</font></B>  -583
<B><font color = 'blue'> .</font></B>  -2022-11-15
<B><font color = 'blue'> .</font></B>  -Absent
<B><font color = 'blue'> .</font></B>  -Absent
<B><font color = 'blue'> .</font></B>  -undefined
<B><font color = 'blue'> .</font></B>  -Bangalore
<B><font color = 'blue'> .</font></B>  -Testing
<B><font color = 'blue'> .</font></B>  -Absent
<B><font color = 'blue'> .</font></B>  -Absent
<B><font color = 'blue'> .</font></B>  -Absent
<B><font color = 'blue'> .</font></B>  -Absent
<B><font color = 'blue'> .</font></B>  -Absent
<B><font color = 'blue'> .</font></B>  -Absent
<B><font color = 'blue'> .</font></B>  -Absent
<B><font color = 'blue'> .</font></B>  -Absent
<B><font color = 'blue'> .</font></B>  -Absent
<B><font color = 'blue'> .</font></B>  -Absent
<B><font color = 'blue'> .</font></B>  -Absent
<B><font color = 'blue'> .</font></B>  -dominic toretto 
<B><font color = 'blue'> .</font></B>  -dom.toretto737@gmail.com
<B><font color = 'blue'> .</font></B>  -EMP011
<B><font color = 'blue'> .</font></B>  -2022-11-15
<B><font color = 'blue'> .</font></B>  -Absent
<B><font color = 'blue'> .</font></B>  -Absent
<B><font color = 'blue'> .</font></B>  -undefined
<B><font color = 'blue'> .</font></B>  -Bangalore
<B><font color = 'blue'> .</font></B>  -Testing
<B><font color = 'blue'> .</font></B>  -Absent
<B><font color = 'blue'> .</font></B>  -Absent
<B><font color = 'blue'> .</font></B>  -Absent
<B><font color = 'blue'> .</font></B>  -Absent
<B><font color = 'blue'> .</font></B>  -Absent
<B><font color = 'blue'> .</font></B>  -Absent
<B><font color = 'blue'> .</font></B>  -Absent
<B><font color = 'blue'> .</font></B>  -Absent
<B><font color = 'blue'> .</font></B>  -Absent
<B><font color = 'blue'> .</font></B>  -Absent
<B><font color = 'blue'> .</font></B>  -Absent
<B><font color = 'blue'> .</font></B>  -Abhishek Test 
<B><font color = 'blue'> .</font></B>  -abhishektrest@glb.in
<B><font color = 'blue'> .</font></B>  -rN7tvEiDPGNi4fD
<B><font color = 'blue'> .</font></B>  -2022-11-15
<B><font color = 'blue'> .</font></B>  -Absent
<B><font color = 'blue'> .</font></B>  -Absent
<B><font color = 'blue'> .</font></B>  -undefined
<B><font color = 'blue'> .</font></B>  -Bangalore
<B><font color = 'blue'> .</font></B>  -Php
<B><font color = 'blue'> .</font></B>  -Absent
<B><font color = 'blue'> .</font></B>  -Absent
<B><font color = 'blue'> .</font></B>  -Absent
<B><font color = 'blue'> .</font></B>  -Absent
<B><font color = 'blue'> .</font></B>  -Absent
<B><font color = 'blue'> .</font></B>  -Absent
<B><font color = 'blue'> .</font></B>  -Absent
<B><font color = 'blue'> .</font></B>  -Absent
<B><font color = 'blue'> .</font></B>  -Absent
<B><font color = 'blue'> .</font></B>  -Absent
<B><font color = 'blue'> .</font></B>  -Absent
<B><font color = 'blue'> .</font></B>  -Superior Test one 
<B><font color = 'blue'> .</font></B>  -superiorone@gmail.com
<B><font color = 'blue'> .</font></B>  -twoqw
<B><font color = 'blue'> .</font></B>  -2022-11-15
<B><font color = 'blue'> .</font></B>  -Absent
<B><font color = 'blue'> .</font></B>  -Absent
<B><font color = 'blue'> .</font></B>  -undefined
<B><font color = 'blue'> .</font></B>  -Bangalore
<B><font color = 'blue'> .</font></B>  -Testing
<B><font color = 'blue'> .</font></B>  -Absent
<B><font color = 'blue'> .</font></B>  -Absent
<B><font color = 'blue'> .</font></B>  -Absent
<B><font color = 'blue'> .</font></B>  -Absent
<B><font color = 'blue'> .</font></B>  -Absent
<B><font color = 'blue'> .</font></B>  -Absent
<B><font color = 'blue'> .</font></B>  -Absent
<B><font color = 'blue'> .</font></B>  -Absent
<B><font color = 'blue'> .</font></B>  -Absent
<B><font color = 'blue'> .</font></B>  -Absent
<B><font color = 'blue'> .</font></B>  -Absent
<B><font color = 'blue'> .</font></B>  -test testw 
<B><font color = 'blue'> .</font></B>  -test@mac.in
<B><font color = 'blue'> .</font></B>  -aaf123
<B><font color = 'blue'> .</font></B>  -2022-11-15
<B><font color = 'blue'> .</font></B>  -Absent
<B><font color = 'blue'> .</font></B>  -Absent
<B><font color = 'blue'> .</font></B>  -undefined
<B><font color = 'blue'> .</font></B>  -Bangalore
<B><font color = 'blue'> .</font></B>  -Php
<B><font color = 'blue'> .</font></B>  -Absent
<B><font color = 'blue'> .</font></B>  -Absent
<B><font color = 'blue'> .</font></B>  -Absent
<B><font color = 'blue'> .</font></B>  -Absent
<B><font color = 'blue'> .</font></B>  -Absent
<B><font color = 'blue'> .</font></B>  -Absent
<B><font color = 'blue'> .</font></B>  -Absent
<B><font color = 'blue'> .</font></B>  -Absent
<B><font color = 'blue'> .</font></B>  -Absent
<B><font color = 'blue'> .</font></B>  -Absent
<B><font color = 'blue'> .</font></B>  -Absent
<B><font color = 'blue'> .</font></B>  -sam eer 
<B><font color = 'blue'> .</font></B>  -sam@rf.in
<B><font color = 'blue'> .</font></B>  -WSAERT2Q34E
<B><font color = 'blue'> .</font></B>  -2022-11-15
<B><font color = 'blue'> .</font></B>  -Absent
<B><font color = 'blue'> .</font></B>  -Absent
<B><font color = 'blue'> .</font></B>  -undefined
<B><font color = 'blue'> .</font></B>  -Bangalore
<B><font color = 'blue'> .</font></B>  -Testing
<B><font color = 'blue'> .</font></B>  -Absent
<B><font color = 'blue'> .</font></B>  -Absent
<B><font color = 'blue'> .</font></B>  -Absent
<B><font color = 'blue'> .</font></B>  -Absent
<B><font color = 'blue'> .</font></B>  -Absent
<B><font color = 'blue'> .</font></B>  -Absent
<B><font color = 'blue'> .</font></B>  -Absent
<B><font color = 'blue'> .</font></B>  -Absent
<B><font color = 'blue'> .</font></B>  -Absent
<B><font color = 'blue'> .</font></B>  -Absent
<B><font color = 'blue'> .</font></B>  -Absent
<B><font color = 'blue'> .</font></B>  -Test test 
<B><font color = 'blue'> .</font></B>  -sarikajain@gmail.com
<B><font color = 'blue'> .</font></B>  -E-101
<B><font color = 'blue'> .</font></B>  -2022-11-15
<B><font color = 'blue'> .</font></B>  -Absent
<B><font color = 'blue'> .</font></B>  -Absent
<B><font color = 'blue'> .</font></B>  -undefined
<B><font color = 'blue'> .</font></B>  -Bangalore
<B><font color = 'blue'> .</font></B>  -Testing
<B><font color = 'blue'> .</font></B>  -Absent
<B><font color = 'blue'> .</font></B>  -Absent
<B><font color = 'blue'> .</font></B>  -Absent
<B><font color = 'blue'> .</font></B>  -Absent
<B><font color = 'blue'> .</font></B>  -Absent
<B><font color = 'blue'> .</font></B>  -Absent
<B><font color = 'blue'> .</font></B>  -Absent
<B><font color = 'blue'> .</font></B>  -Absent
<B><font color = 'blue'> .</font></B>  -Absent
<B><font color = 'blue'> .</font></B>  -Absent
<B><font color = 'blue'> .</font></B>  -Absent
<B><font color = 'blue'> .</font></B>  -sithu kalluru 
<B><font color = 'blue'> .</font></B>  -sitaramireddy@globussoft.in
<B><font color = 'blue'> .</font></B>  -code12
<B><font color = 'blue'> .</font></B>  -2022-11-15
<B><font color = 'blue'> .</font></B>  -Absent
<B><font color = 'blue'> .</font></B>  -Absent
<B><font color = 'blue'> .</font></B>  -undefined
<B><font color = 'blue'> .</font></B>  -Bangalore
<B><font color = 'blue'> .</font></B>  -Testing
<B><font color = 'blue'> .</font></B>  -Absent
<B><font color = 'blue'> .</font></B>  -Absent
<B><font color = 'blue'> .</font></B>  -Absent
<B><font color = 'blue'> .</font></B>  -Absent
<B><font color = 'blue'> .</font></B>  -Absent
<B><font color = 'blue'> .</font></B>  -Absent
<B><font color = 'blue'> .</font></B>  -Absent
<B><font color = 'blue'> .</font></B>  -Absent
<B><font color = 'blue'> .</font></B>  -Absent
<B><font color = 'blue'> .</font></B>  -Absent
<B><font color = 'blue'> .</font></B>  -Absent
<B><font color = 'blue'> .</font></B>  -test123 abcd 
<B><font color = 'blue'> .</font></B>  -s@gmail.com
<B><font color = 'blue'> .</font></B>  -code123z
<B><font color = 'blue'> .</font></B>  -2022-11-15
<B><font color = 'blue'> .</font></B>  -Absent
<B><font color = 'blue'> .</font></B>  -Absent
<B><font color = 'blue'> .</font></B>  -undefined
<B><font color = 'blue'> .</font></B>  -Bangalore
<B><font color = 'blue'> .</font></B>  -Testing
<B><font color = 'blue'> .</font></B>  -Absent
<B><font color = 'blue'> .</font></B>  -Absent
<B><font color = 'blue'> .</font></B>  -Absent
<B><font color = 'blue'> .</font></B>  -Absent
<B><font color = 'blue'> .</font></B>  -Absent
<B><font color = 'blue'> .</font></B>  -Absent
<B><font color = 'blue'> .</font></B>  -Absent
<B><font color = 'blue'> .</font></B>  -Absent
<B><font color = 'blue'> .</font></B>  -Absent
<B><font color = 'blue'> .</font></B>  -Absent
<B><font color = 'blue'> .</font></B>  -Absent
<B><font color = 'blue'> .</font></B>  -testing test 
<B><font color = 'blue'> .</font></B>  -aarshajoyson1601@gmail.com
<B><font color = 'blue'> .</font></B>  -glb0008
<B><font color = 'blue'> .</font></B>  -2022-11-15
<B><font color = 'blue'> .</font></B>  -Absent
<B><font color = 'blue'> .</font></B>  -Absent
<B><font color = 'blue'> .</font></B>  -undefined
<B><font color = 'blue'> .</font></B>  -Bangalore
<B><font color = 'blue'> .</font></B>  -Php
<B><font color = 'blue'> .</font></B>  -Absent
<B><font color = 'blue'> .</font></B>  -Absent
<B><font color = 'blue'> .</font></B>  -Absent
<B><font color = 'blue'> .</font></B>  -Absent
<B><font color = 'blue'> .</font></B>  -Absent
<B><font color = 'blue'> .</font></B>  -Absent
<B><font color = 'blue'> .</font></B>  -Absent
<B><font color = 'blue'> .</font></B>  -Absent
<B><font color = 'blue'> .</font></B>  -Absent
<B><font color = 'blue'> .</font></B>  -Absent
<B><font color = 'blue'> .</font></B>  -Absent
<B><font color = 'blue'> .</font></B>  -Automation CodeeeAuto 
<B><font color = 'blue'> .</font></B>  -skabcdef7@gmail.com
<B><font color = 'blue'> .</font></B>  -Emp-Abzcde-1234522
<B><font color = 'blue'> .</font></B>  -2022-11-15
<B><font color = 'blue'> .</font></B>  -Absent
<B><font color = 'blue'> .</font></B>  -Absent
<B><font color = 'blue'> .</font></B>  -undefined
<B><font color = 'blue'> .</font></B>  -Bangalore
<B><font color = 'blue'> .</font></B>  -Testing
<B><font color = 'blue'> .</font></B>  -Absent
<B><font color = 'blue'> .</font></B>  -Absent
<B><font color = 'blue'> .</font></B>  -Absent
<B><font color = 'blue'> .</font></B>  -Absent
<B><font color = 'blue'> .</font></B>  -Absent
<B><font color = 'blue'> .</font></B>  -Absent
<B><font color = 'blue'> .</font></B>  -Absent
<B><font color = 'blue'> .</font></B>  -Absent
<B><font color = 'blue'> .</font></B>  -Absent
<B><font color = 'blue'> .</font></B>  -Absent
<B><font color = 'blue'> .</font></B>  -Absent
<B><font color = 'blue'> .</font></B>  -piyush dfgsfg 
<B><font color = 'blue'> .</font></B>  -jos@gmail.com
<B><font color = 'blue'> .</font></B>  -sdgff
<B><font color = 'blue'> .</font></B>  -2022-11-15
<B><font color = 'blue'> .</font></B>  -Absent
<B><font color = 'blue'> .</font></B>  -Absent
<B><font color = 'blue'> .</font></B>  -undefined
<B><font color = 'blue'> .</font></B>  -Bangalore
<B><font color = 'blue'> .</font></B>  -Testing
<B><font color = 'blue'> .</font></B>  -Absent
<B><font color = 'blue'> .</font></B>  -Absent
<B><font color = 'blue'> .</font></B>  -Absent
<B><font color = 'blue'> .</font></B>  -Absent
<B><font color = 'blue'> .</font></B>  -Absent
<B><font color = 'blue'> .</font></B>  -Absent
<B><font color = 'blue'> .</font></B>  -Absent
<B><font color = 'blue'> .</font></B>  -Absent
<B><font color = 'blue'> .</font></B>  -Absent
<B><font color = 'blue'> .</font></B>  -Absent
<B><font color = 'blue'> .</font></B>  -Absent
<B><font color = 'blue'> .</font></B>  -Automation CodeeeAuto 
<B><font color = 'blue'> .</font></B>  -skabcdef38@gmail.com
<B><font color = 'blue'> .</font></B>  -Emp-Abzcde-123457
<B><font color = 'blue'> .</font></B>  -2022-11-15
<B><font color = 'blue'> .</font></B>  -Absent
<B><font color = 'blue'> .</font></B>  -Absent
<B><font color = 'blue'> .</font></B>  -undefined
<B><font color = 'blue'> .</font></B>  -Bangalore
<B><font color = 'blue'> .</font></B>  -Testing
<B><font color = 'blue'> .</font></B>  -Absent
<B><font color = 'blue'> .</font></B>  -Absent
<B><font color = 'blue'> .</font></B>  -Absent
<B><font color = 'blue'> .</font></B>  -Absent
<B><font color = 'blue'> .</font></B>  -Absent
<B><font color = 'blue'> .</font></B>  -Absent
<B><font color = 'blue'> .</font></B>  -Absent
<B><font color = 'blue'> .</font></B>  -Absent
<B><font color = 'blue'> .</font></B>  -Absent
<B><font color = 'blue'> .</font></B>  -Absent
<B><font color = 'blue'> .</font></B>  -Absent
<B><font color = 'blue'> .</font></B>  -Automation CodeeeAuto 
<B><font color = 'blue'> .</font></B>  -skabcdef33@gmail.com
<B><font color = 'blue'> .</font></B>  -Emp-Abzcde-1234557
<B><font color = 'blue'> .</font></B>  -2022-11-15
<B><font color = 'blue'> .</font></B>  -Absent
<B><font color = 'blue'> .</font></B>  -Absent
<B><font color = 'blue'> .</font></B>  -undefined
<B><font color = 'blue'> .</font></B>  -Bangalore
<B><font color = 'blue'> .</font></B>  -Testing
<B><font color = 'blue'> .</font></B>  -Absent
<B><font color = 'blue'> .</font></B>  -Absent
<B><font color = 'blue'> .</font></B>  -Absent
<B><font color = 'blue'> .</font></B>  -Absent
<B><font color = 'blue'> .</font></B>  -Absent
<B><font color = 'blue'> .</font></B>  -Absent
<B><font color = 'blue'> .</font></B>  -Absent
<B><font color = 'blue'> .</font></B>  -Absent
<B><font color = 'blue'> .</font></B>  -Absent
<B><font color = 'blue'> .</font></B>  -Absent
<B><font color = 'blue'> .</font></B>  -Absent
<B><font color = 'blue'> .</font></B>  -D Surya Prabhakar 
<B><font color = 'blue'> .</font></B>  -surya1@gmail.com
<B><font color = 'blue'> .</font></B>  -EM010
<B><font color = 'blue'> .</font></B>  -2022-11-15
<B><font color = 'blue'> .</font></B>  -Absent
<B><font color = 'blue'> .</font></B>  -Absent
<B><font color = 'blue'> .</font></B>  -undefined
<B><font color = 'blue'> .</font></B>  -bengaluru
<B><font color = 'blue'> .</font></B>  -Testing
<B><font color = 'blue'> .</font></B>  -Absent
<B><font color = 'blue'> .</font></B>  -Absent
<B><font color = 'blue'> .</font></B>  -Absent
<B><font color = 'blue'> .</font></B>  -Absent
<B><font color = 'blue'> .</font></B>  -Absent
<B><font color = 'blue'> .</font></B>  -Absent
<B><font color = 'blue'> .</font></B>  -Absent
<B><font color = 'blue'> .</font></B>  -Absent
<B><font color = 'blue'> .</font></B>  -Absent
<B><font color = 'blue'> .</font></B>  -Absent
<B><font color = 'blue'> .</font></B>  -Absent
<B><font color = 'blue'> .</font></B>  -R o       hit Sharma 
<B><font color = 'blue'> .</font></B>  -rahulrajt5613928@gmail.com
<B><font color = 'blue'> .</font></B>  -67645
<B><font color = 'blue'> .</font></B>  -2022-11-15
<B><font color = 'blue'> .</font></B>  -Absent
<B><font color = 'blue'> .</font></B>  -Absent
<B><font color = 'blue'> .</font></B>  -undefined
<B><font color = 'blue'> .</font></B>  -bengaluru
<B><font color = 'blue'> .</font></B>  -Testing
<B><font color = 'blue'> .</font></B>  -Absent
<B><font color = 'blue'> .</font></B>  -Absent
<B><font color = 'blue'> .</font></B>  -Absent
<B><font color = 'blue'> .</font></B>  -Absent
<B><font color = 'blue'> .</font></B>  -Absent
<B><font color = 'blue'> .</font></B>  -Absent
<B><font color = 'blue'> .</font></B>  -Absent
<B><font color = 'blue'> .</font></B>  -Absent
<B><font color = 'blue'> .</font></B>  -Absent
<B><font color = 'blue'> .</font></B>  -Absent
<B><font color = 'blue'> .</font></B>  -Absent
<B><font color = 'blue'> .</font></B>  -ni test 
<B><font color = 'blue'> .</font></B>  -nitest12@gmail.com
<B><font color = 'blue'> .</font></B>  -GLB678
<B><font color = 'blue'> .</font></B>  -2022-11-15
<B><font color = 'blue'> .</font></B>  -Absent
<B><font color = 'blue'> .</font></B>  -Absent
<B><font color = 'blue'> .</font></B>  -undefined
<B><font color = 'blue'> .</font></B>  -bengaluru
<B><font color = 'blue'> .</font></B>  -Testing
<B><font color = 'blue'> .</font></B>  -Absent
<B><font color = 'blue'> .</font></B>  -Absent
<B><font color = 'blue'> .</font></B>  -Absent
<B><font color = 'blue'> .</font></B>  -Absent
<B><font color = 'blue'> .</font></B>  -Absent
<B><font color = 'blue'> .</font></B>  -Absent
<B><font color = 'blue'> .</font></B>  -Absent
<B><font color = 'blue'> .</font></B>  -Absent
<B><font color = 'blue'> .</font></B>  -Absent
<B><font color = 'blue'> .</font></B>  -Absent
<B><font color = 'blue'> .</font></B>  -Absent
<B><font color = 'blue'> .</font></B>  -one test 
<B><font color = 'blue'> .</font></B>  -testone1234@gmail.com
<B><font color = 'blue'> .</font></B>  -0110
<B><font color = 'blue'> .</font></B>  -2022-11-15
<B><font color = 'blue'> .</font></B>  -Absent
<B><font color = 'blue'> .</font></B>  -Absent
<B><font color = 'blue'> .</font></B>  -undefined
<B><font color = 'blue'> .</font></B>  -bengaluru
<B><font color = 'blue'> .</font></B>  -Testing
<B><font color = 'blue'> .</font></B>  -Absent
<B><font color = 'blue'> .</font></B>  -Absent
<B><font color = 'blue'> .</font></B>  -Absent
<B><font color = 'blue'> .</font></B>  -Absent
<B><font color = 'blue'> .</font></B>  -Absent
<B><font color = 'blue'> .</font></B>  -Absent
<B><font color = 'blue'> .</font></B>  -Absent
<B><font color = 'blue'> .</font></B>  -Absent
<B><font color = 'blue'> .</font></B>  -Absent
<B><font color = 'blue'> .</font></B>  -Absent
<B><font color = 'blue'> .</font></B>  -Absent
<B><font color = 'blue'> .</font></B>  -surya kk 
<B><font color = 'blue'> .</font></B>  -123@gmail.com
<B><font color = 'blue'> .</font></B>  -mmmmm
<B><font color = 'blue'> .</font></B>  -2022-11-15
<B><font color = 'blue'> .</font></B>  -Absent
<B><font color = 'blue'> .</font></B>  -Absent
<B><font color = 'blue'> .</font></B>  -undefined
<B><font color = 'blue'> .</font></B>  -Tamilnadu
<B><font color = 'blue'> .</font></B>  -Test and Dev
<B><font color = 'blue'> .</font></B>  -Absent
<B><font color = 'blue'> .</font></B>  -Absent
<B><font color = 'blue'> .</font></B>  -Absent
<B><font color = 'blue'> .</font></B>  -Absent
<B><font color = 'blue'> .</font></B>  -Absent
<B><font color = 'blue'> .</font></B>  -Absent
<B><font color = 'blue'> .</font></B>  -Absent
<B><font color = 'blue'> .</font></B>  -Absent
<B><font color = 'blue'> .</font></B>  -Absent
<B><font color = 'blue'> .</font></B>  -Absent
<B><font color = 'blue'> .</font></B>  -Absent
<B><font color = 'blue'> .</font></B>  -sai kk 
<B><font color = 'blue'> .</font></B>  -saikk19876@gmail.com
<B><font color = 'blue'> .</font></B>  -20221019
<B><font color = 'blue'> .</font></B>  -2022-11-15
<B><font color = 'blue'> .</font></B>  -Absent
<B><font color = 'blue'> .</font></B>  -Absent
<B><font color = 'blue'> .</font></B>  -undefined
<B><font color = 'blue'> .</font></B>  -Tamilnadu
<B><font color = 'blue'> .</font></B>  -Test and Dev
<B><font color = 'blue'> .</font></B>  -Absent
<B><font color = 'blue'> .</font></B>  -Absent
<B><font color = 'blue'> .</font></B>  -Absent
<B><font color = 'blue'> .</font></B>  -Absent
<B><font color = 'blue'> .</font></B>  -Absent
<B><font color = 'blue'> .</font></B>  -Absent
<B><font color = 'blue'> .</font></B>  -Absent
<B><font color = 'blue'> .</font></B>  -Absent
<B><font color = 'blue'> .</font></B>  -Absent
<B><font color = 'blue'> .</font></B>  -Absent
<B><font color = 'blue'> .</font></B>  -Absent
<B><font color = 'blue'> .</font></B>  -ajeethemp test 
<B><font color = 'blue'> .</font></B>  -ajeethemp@gmail.com
<B><font color = 'blue'> .</font></B>  -A01
<B><font color = 'blue'> .</font></B>  -2022-11-15
<B><font color = 'blue'> .</font></B>  -Absent
<B><font color = 'blue'> .</font></B>  -Absent
<B><font color = 'blue'> .</font></B>  -undefined
<B><font color = 'blue'> .</font></B>  -Tamilnadu
<B><font color = 'blue'> .</font></B>  -Test and Dev
<B><font color = 'blue'> .</font></B>  -Absent
<B><font color = 'blue'> .</font></B>  -Absent
<B><font color = 'blue'> .</font></B>  -Absent
<B><font color = 'blue'> .</font></B>  -Absent
<B><font color = 'blue'> .</font></B>  -Absent
<B><font color = 'blue'> .</font></B>  -Absent
<B><font color = 'blue'> .</font></B>  -Absent
<B><font color = 'blue'> .</font></B>  -Absent
<B><font color = 'blue'> .</font></B>  -Absent
<B><font color = 'blue'> .</font></B>  -Absent
<B><font color = 'blue'> .</font></B>  -Absent
<B><font color = 'blue'> .</font></B>  -test user two 
<B><font color = 'blue'> .</font></B>  -testuser@two.io
<B><font color = 'blue'> .</font></B>  -GSLL-327
<B><font color = 'blue'> .</font></B>  -2022-11-15
<B><font color = 'blue'> .</font></B>  -Absent
<B><font color = 'blue'> .</font></B>  -Absent
<B><font color = 'blue'> .</font></B>  -undefined
<B><font color = 'blue'> .</font></B>  -Tamilnadu
<B><font color = 'blue'> .</font></B>  -Test and Dev
<B><font color = 'blue'> .</font></B>  -Absent
<B><font color = 'blue'> .</font></B>  -Absent
<B><font color = 'blue'> .</font></B>  -Absent
<B><font color = 'blue'> .</font></B>  -Absent
<B><font color = 'blue'> .</font></B>  -Absent
<B><font color = 'blue'> .</font></B>  -Absent
<B><font color = 'blue'> .</font></B>  -Absent
<B><font color = 'blue'> .</font></B>  -Absent
<B><font color = 'blue'> .</font></B>  -Absent
<B><font color = 'blue'> .</font></B>  -Absent
<B><font color = 'blue'> .</font></B>  -Absent
<B><font color = 'blue'> .</font></B>  -Himanshu Kumar 
<B><font color = 'blue'> .</font></B>  -himanshu1@gmail.com
<B><font color = 'blue'> .</font></B>  -EM011
<B><font color = 'blue'> .</font></B>  -2022-11-15
<B><font color = 'blue'> .</font></B>  -Absent
<B><font color = 'blue'> .</font></B>  -Absent
<B><font color = 'blue'> .</font></B>  -undefined
<B><font color = 'blue'> .</font></B>  -bagalkot
<B><font color = 'blue'> .</font></B>  -manual testing
<B><font color = 'blue'> .</font></B>  -Absent
<B><font color = 'blue'> .</font></B>  -Absent
<B><font color = 'blue'> .</font></B>  -Absent
<B><font color = 'blue'> .</font></B>  -Absent
<B><font color = 'blue'> .</font></B>  -Absent
<B><font color = 'blue'> .</font></B>  -Absent
<B><font color = 'blue'> .</font></B>  -Absent
<B><font color = 'blue'> .</font></B>  -Absent
<B><font color = 'blue'> .</font></B>  -Absent
<B><font color = 'blue'> .</font></B>  -Absent
<B><font color = 'blue'> .</font></B>  -Absent
<B><font color = 'blue'> .</font></B>  -dxgfdxg gssdg 
<B><font color = 'blue'> .</font></B>  -sdgsg@dgksodkg.in
<B><font color = 'blue'> .</font></B>  -asfda343443
<B><font color = 'blue'> .</font></B>  -2022-11-15
<B><font color = 'blue'> .</font></B>  -Absent
<B><font color = 'blue'> .</font></B>  -Absent
<B><font color = 'blue'> .</font></B>  -undefined
<B><font color = 'blue'> .</font></B>  -Bhilai
<B><font color = 'blue'> .</font></B>  -Php
<B><font color = 'blue'> .</font></B>  -Absent
<B><font color = 'blue'> .</font></B>  -Absent
<B><font color = 'blue'> .</font></B>  -Absent
<B><font color = 'blue'> .</font></B>  -Absent
<B><font color = 'blue'> .</font></B>  -Absent
<B><font color = 'blue'> .</font></B>  -Absent
<B><font color = 'blue'> .</font></B>  -Absent
<B><font color = 'blue'> .</font></B>  -Absent
<B><font color = 'blue'> .</font></B>  -Absent
<B><font color = 'blue'> .</font></B>  -Absent
<B><font color = 'blue'> .</font></B>  -Absent
<B><font color = 'blue'> .</font></B>  -Guest User 
<B><font color = 'blue'> .</font></B>  -guestuser@gmail.com
<B><font color = 'blue'> .</font></B>  -GLB-777
<B><font color = 'blue'> .</font></B>  -2022-11-14
<B><font color = 'blue'> .</font></B>  -14-11-2022 00:00:51
<B><font color = 'blue'> .</font></B>  -14-11-2022 13:54:50
<B><font color = 'blue'> .</font></B>  -GLB-124-PC
<B><font color = 'blue'> .</font></B>  -Bhilai
<B><font color = 'blue'> .</font></B>  -Php
<B><font color = 'blue'> .</font></B>  -13:53:59
<B><font color = 'blue'> .</font></B>  -13:53:59
<B><font color = 'blue'> .</font></B>  -00:28:18
<B><font color = 'blue'> .</font></B>  -00:28:18
<B><font color = 'blue'> .</font></B>  -00:00:00
<B><font color = 'blue'> .</font></B>  -00:00:00
<B><font color = 'blue'> .</font></B>  -13:25:41
<B><font color = 'blue'> .</font></B>  -00:00:00
<B><font color = 'blue'> .</font></B>  -5.90%
<B><font color = 'blue'> .</font></B>  -353:59
<B><font color = 'blue'> .</font></B>  -5.90
<B><font color = 'blue'> .</font></B>  -Virat kohli 
<B><font color = 'blue'> .</font></B>  -rahukbgdxgsf@gmail.com
<B><font color = 'blue'> .</font></B>  -65332
<B><font color = 'blue'> .</font></B>  -2022-11-14
<B><font color = 'blue'> .</font></B>  -Absent
<B><font color = 'blue'> .</font></B>  -Absent
<B><font color = 'blue'> .</font></B>  -undefined
<B><font color = 'blue'> .</font></B>  -Default
<B><font color = 'blue'> .</font></B>  -Default
<B><font color = 'blue'> .</font></B>  -Absent
<B><font color = 'blue'> .</font></B>  -Absent
<B><font color = 'blue'> .</font></B>  -Absent
<B><font color = 'blue'> .</font></B>  -Absent
<B><font color = 'blue'> .</font></B>  -Absent
<B><font color = 'blue'> .</font></B>  -Absent
<B><font color = 'blue'> .</font></B>  -Absent
<B><font color = 'blue'> .</font></B>  -Absent
<B><font color = 'blue'> .</font></B>  -Absent
<B><font color = 'blue'> .</font></B>  -Absent
<B><font color = 'blue'> .</font></B>  -Absent
<B><font color = 'blue'> .</font></B>  -sadas kadkasdj 
<B><font color = 'blue'> .</font></B>  -dsa@eqe
<B><font color = 'blue'> .</font></B>  -emp129666
<B><font color = 'blue'> .</font></B>  -2022-11-14
<B><font color = 'blue'> .</font></B>  -Absent
<B><font color = 'blue'> .</font></B>  -Absent
<B><font color = 'blue'> .</font></B>  -undefined
<B><font color = 'blue'> .</font></B>  -Default
<B><font color = 'blue'> .</font></B>  -Default
<B><font color = 'blue'> .</font></B>  -Absent
<B><font color = 'blue'> .</font></B>  -Absent
<B><font color = 'blue'> .</font></B>  -Absent
<B><font color = 'blue'> .</font></B>  -Absent
<B><font color = 'blue'> .</font></B>  -Absent
<B><font color = 'blue'> .</font></B>  -Absent
<B><font color = 'blue'> .</font></B>  -Absent
<B><font color = 'blue'> .</font></B>  -Absent
<B><font color = 'blue'> .</font></B>  -Absent
<B><font color = 'blue'> .</font></B>  -Absent
<B><font color = 'blue'> .</font></B>  -Absent
<B><font color = 'blue'> .</font></B>  -New Test 
<B><font color = 'blue'> .</font></B>  -newtest@gmail.com
<B><font color = 'blue'> .</font></B>  -ewer334443
<B><font color = 'blue'> .</font></B>  -2022-11-14
<B><font color = 'blue'> .</font></B>  -Absent
<B><font color = 'blue'> .</font></B>  -Absent
<B><font color = 'blue'> .</font></B>  -undefined
<B><font color = 'blue'> .</font></B>  -Default
<B><font color = 'blue'> .</font></B>  -Default
<B><font color = 'blue'> .</font></B>  -Absent
<B><font color = 'blue'> .</font></B>  -Absent
<B><font color = 'blue'> .</font></B>  -Absent
<B><font color = 'blue'> .</font></B>  -Absent
<B><font color = 'blue'> .</font></B>  -Absent
<B><font color = 'blue'> .</font></B>  -Absent
<B><font color = 'blue'> .</font></B>  -Absent
<B><font color = 'blue'> .</font></B>  -Absent
<B><font color = 'blue'> .</font></B>  -Absent
<B><font color = 'blue'> .</font></B>  -Absent
<B><font color = 'blue'> .</font></B>  -Absent
<B><font color = 'blue'> .</font></B>  -dshcdb uidsbf 
<B><font color = 'blue'> .</font></B>  -dvbvdb@yahoo.com
<B><font color = 'blue'> .</font></B>  -435454
<B><font color = 'blue'> .</font></B>  -2022-11-14
<B><font color = 'blue'> .</font></B>  -Absent
<B><font color = 'blue'> .</font></B>  -Absent
<B><font color = 'blue'> .</font></B>  -undefined
<B><font color = 'blue'> .</font></B>  -Default
<B><font color = 'blue'> .</font></B>  -Default
<B><font color = 'blue'> .</font></B>  -Absent
<B><font color = 'blue'> .</font></B>  -Absent
<B><font color = 'blue'> .</font></B>  -Absent
<B><font color = 'blue'> .</font></B>  -Absent
<B><font color = 'blue'> .</font></B>  -Absent
<B><font color = 'blue'> .</font></B>  -Absent
<B><font color = 'blue'> .</font></B>  -Absent
<B><font color = 'blue'> .</font></B>  -Absent
<B><font color = 'blue'> .</font></B>  -Absent
<B><font color = 'blue'> .</font></B>  -Absent
<B><font color = 'blue'> .</font></B>  -Absent
<B><font color = 'blue'> .</font></B>  -try last 
<B><font color = 'blue'> .</font></B>  -try@gmail.com
<B><font color = 'blue'> .</font></B>  -1225455
<B><font color = 'blue'> .</font></B>  -2022-11-14
<B><font color = 'blue'> .</font></B>  -Absent
<B><font color = 'blue'> .</font></B>  -Absent
<B><font color = 'blue'> .</font></B>  -undefined
<B><font color = 'blue'> .</font></B>  -Default
<B><font color = 'blue'> .</font></B>  -Default
<B><font color = 'blue'> .</font></B>  -Absent
<B><font color = 'blue'> .</font></B>  -Absent
<B><font color = 'blue'> .</font></B>  -Absent
<B><font color = 'blue'> .</font></B>  -Absent
<B><font color = 'blue'> .</font></B>  -Absent
<B><font color = 'blue'> .</font></B>  -Absent
<B><font color = 'blue'> .</font></B>  -Absent
<B><font color = 'blue'> .</font></B>  -Absent
<B><font color = 'blue'> .</font></B>  -Absent
<B><font color = 'blue'> .</font></B>  -Absent
<B><font color = 'blue'> .</font></B>  -Absent
<B><font color = 'blue'> .</font></B>  -vdjvdb yusvdvbbh 
<B><font color = 'blue'> .</font></B>  -dvhbfdh@gmail.com
<B><font color = 'blue'> .</font></B>  -wq534342
<B><font color = 'blue'> .</font></B>  -2022-11-14
<B><font color = 'blue'> .</font></B>  -Absent
<B><font color = 'blue'> .</font></B>  -Absent
<B><font color = 'blue'> .</font></B>  -undefined
<B><font color = 'blue'> .</font></B>  -Default
<B><font color = 'blue'> .</font></B>  -Default
<B><font color = 'blue'> .</font></B>  -Absent
<B><font color = 'blue'> .</font></B>  -Absent
<B><font color = 'blue'> .</font></B>  -Absent
<B><font color = 'blue'> .</font></B>  -Absent
<B><font color = 'blue'> .</font></B>  -Absent
<B><font color = 'blue'> .</font></B>  -Absent
<B><font color = 'blue'> .</font></B>  -Absent
<B><font color = 'blue'> .</font></B>  -Absent
<B><font color = 'blue'> .</font></B>  -Absent
<B><font color = 'blue'> .</font></B>  -Absent
<B><font color = 'blue'> .</font></B>  -Absent
<B><font color = 'blue'> .</font></B>  -Mail Test user 
<B><font color = 'blue'> .</font></B>  -maintest@user.io
<B><font color = 'blue'> .</font></B>  -GLB-1223888
<B><font color = 'blue'> .</font></B>  -2022-11-14
<B><font color = 'blue'> .</font></B>  -Absent
<B><font color = 'blue'> .</font></B>  -Absent
<B><font color = 'blue'> .</font></B>  -undefined
<B><font color = 'blue'> .</font></B>  -Default
<B><font color = 'blue'> .</font></B>  -Default
<B><font color = 'blue'> .</font></B>  -Absent
<B><font color = 'blue'> .</font></B>  -Absent
<B><font color = 'blue'> .</font></B>  -Absent
<B><font color = 'blue'> .</font></B>  -Absent
<B><font color = 'blue'> .</font></B>  -Absent
<B><font color = 'blue'> .</font></B>  -Absent
<B><font color = 'blue'> .</font></B>  -Absent
<B><font color = 'blue'> .</font></B>  -Absent
<B><font color = 'blue'> .</font></B>  -Absent
<B><font color = 'blue'> .</font></B>  -Absent
<B><font color = 'blue'> .</font></B>  -Absent
<B><font color = 'blue'> .</font></B>  -Update Check 
<B><font color = 'blue'> .</font></B>  -updates@gmail.com
<B><font color = 'blue'> .</font></B>  -emp543
<B><font color = 'blue'> .</font></B>  -2022-11-14
<B><font color = 'blue'> .</font></B>  -Absent
<B><font color = 'blue'> .</font></B>  -Absent
<B><font color = 'blue'> .</font></B>  -undefined
<B><font color = 'blue'> .</font></B>  -Default
<B><font color = 'blue'> .</font></B>  -Default
<B><font color = 'blue'> .</font></B>  -Absent
<B><font color = 'blue'> .</font></B>  -Absent
<B><font color = 'blue'> .</font></B>  -Absent
<B><font color = 'blue'> .</font></B>  -Absent
<B><font color = 'blue'> .</font></B>  -Absent
<B><font color = 'blue'> .</font></B>  -Absent
<B><font color = 'blue'> .</font></B>  -Absent
<B><font color = 'blue'> .</font></B>  -Absent
<B><font color = 'blue'> .</font></B>  -Absent
<B><font color = 'blue'> .</font></B>  -Absent
<B><font color = 'blue'> .</font></B>  -Absent
<B><font color = 'blue'> .</font></B>  -test manager 
<B><font color = 'blue'> .</font></B>  -manageremp@gmail.com
<B><font color = 'blue'> .</font></B>  -glb020
<B><font color = 'blue'> .</font></B>  -2022-11-14
<B><font color = 'blue'> .</font></B>  -Absent
<B><font color = 'blue'> .</font></B>  -Absent
<B><font color = 'blue'> .</font></B>  -undefined
<B><font color = 'blue'> .</font></B>  -Default
<B><font color = 'blue'> .</font></B>  -Default
<B><font color = 'blue'> .</font></B>  -Absent
<B><font color = 'blue'> .</font></B>  -Absent
<B><font color = 'blue'> .</font></B>  -Absent
<B><font color = 'blue'> .</font></B>  -Absent
<B><font color = 'blue'> .</font></B>  -Absent
<B><font color = 'blue'> .</font></B>  -Absent
<B><font color = 'blue'> .</font></B>  -Absent
<B><font color = 'blue'> .</font></B>  -Absent
<B><font color = 'blue'> .</font></B>  -Absent
<B><font color = 'blue'> .</font></B>  -Absent
<B><font color = 'blue'> .</font></B>  -Absent
<B><font color = 'blue'> .</font></B>  -DESKTOP-PJJHB19 - GLB-BLR-002OjUpRD2 
<B><font color = 'blue'> .</font></B>  --
<B><font color = 'blue'> .</font></B>  -GLB-BLR-002OjUpRD2
<B><font color = 'blue'> .</font></B>  -2022-11-14
<B><font color = 'blue'> .</font></B>  -Absent
<B><font color = 'blue'> .</font></B>  -Absent
<B><font color = 'blue'> .</font></B>  -undefined
<B><font color = 'blue'> .</font></B>  -Default
<B><font color = 'blue'> .</font></B>  -Default
<B><font color = 'blue'> .</font></B>  -Absent
<B><font color = 'blue'> .</font></B>  -Absent
<B><font color = 'blue'> .</font></B>  -Absent
<B><font color = 'blue'> .</font></B>  -Absent
<B><font color = 'blue'> .</font></B>  -Absent
<B><font color = 'blue'> .</font></B>  -Absent
<B><font color = 'blue'> .</font></B>  -Absent
<B><font color = 'blue'> .</font></B>  -Absent
<B><font color = 'blue'> .</font></B>  -Absent
<B><font color = 'blue'> .</font></B>  -Absent
<B><font color = 'blue'> .</font></B>  -Absent
<B><font color = 'blue'> .</font></B>  -Usb Test 
<B><font color = 'blue'> .</font></B>  -usbtest123@gmail.com
<B><font color = 'blue'> .</font></B>  -emp0097
<B><font color = 'blue'> .</font></B>  -2022-11-14
<B><font color = 'blue'> .</font></B>  -Absent
<B><font color = 'blue'> .</font></B>  -Absent
<B><font color = 'blue'> .</font></B>  -undefined
<B><font color = 'blue'> .</font></B>  -Default
<B><font color = 'blue'> .</font></B>  -Default
<B><font color = 'blue'> .</font></B>  -Absent
<B><font color = 'blue'> .</font></B>  -Absent
<B><font color = 'blue'> .</font></B>  -Absent
<B><font color = 'blue'> .</font></B>  -Absent
<B><font color = 'blue'> .</font></B>  -Absent
<B><font color = 'blue'> .</font></B>  -Absent
<B><font color = 'blue'> .</font></B>  -Absent
<B><font color = 'blue'> .</font></B>  -Absent
<B><font color = 'blue'> .</font></B>  -Absent
<B><font color = 'blue'> .</font></B>  -Absent
<B><font color = 'blue'> .</font></B>  -Absent
<B><font color = 'blue'> .</font></B>  -SS Keystrokes 
<B><font color = 'blue'> .</font></B>  -sskey@gmail.com
<B><font color = 'blue'> .</font></B>  -emp98y
<B><font color = 'blue'> .</font></B>  -2022-11-14
<B><font color = 'blue'> .</font></B>  -Absent
<B><font color = 'blue'> .</font></B>  -Absent
<B><font color = 'blue'> .</font></B>  -undefined
<B><font color = 'blue'> .</font></B>  -Default
<B><font color = 'blue'> .</font></B>  -Default
<B><font color = 'blue'> .</font></B>  -Absent
<B><font color = 'blue'> .</font></B>  -Absent
<B><font color = 'blue'> .</font></B>  -Absent
<B><font color = 'blue'> .</font></B>  -Absent
<B><font color = 'blue'> .</font></B>  -Absent
<B><font color = 'blue'> .</font></B>  -Absent
<B><font color = 'blue'> .</font></B>  -Absent
<B><font color = 'blue'> .</font></B>  -Absent
<B><font color = 'blue'> .</font></B>  -Absent
<B><font color = 'blue'> .</font></B>  -Absent
<B><font color = 'blue'> .</font></B>  -Absent
<B><font color = 'blue'> .</font></B>  -shivammmmmmmmmmmmmmmmmmmm Kumar 
<B><font color = 'blue'> .</font></B>  -kgfyash545@gmail.com
<B><font color = 'blue'> .</font></B>  -hsakhdjk414
<B><font color = 'blue'> .</font></B>  -2022-11-14
<B><font color = 'blue'> .</font></B>  -Absent
<B><font color = 'blue'> .</font></B>  -Absent
<B><font color = 'blue'> .</font></B>  -undefined
<B><font color = 'blue'> .</font></B>  -Default
<B><font color = 'blue'> .</font></B>  -Default
<B><font color = 'blue'> .</font></B>  -Absent
<B><font color = 'blue'> .</font></B>  -Absent
<B><font color = 'blue'> .</font></B>  -Absent
<B><font color = 'blue'> .</font></B>  -Absent
<B><font color = 'blue'> .</font></B>  -Absent
<B><font color = 'blue'> .</font></B>  -Absent
<B><font color = 'blue'> .</font></B>  -Absent
<B><font color = 'blue'> .</font></B>  -Absent
<B><font color = 'blue'> .</font></B>  -Absent
<B><font color = 'blue'> .</font></B>  -Absent
<B><font color = 'blue'> .</font></B>  -Absent
<B><font color = 'blue'> .</font></B>  -Abhishek Four tf test 
<B><font color = 'blue'> .</font></B>  -abhishekfourtf@mail.com
<B><font color = 'blue'> .</font></B>  -HLIKSJ98
<B><font color = 'blue'> .</font></B>  -2022-11-14
<B><font color = 'blue'> .</font></B>  -Absent
<B><font color = 'blue'> .</font></B>  -Absent
<B><font color = 'blue'> .</font></B>  -undefined
<B><font color = 'blue'> .</font></B>  -Default
<B><font color = 'blue'> .</font></B>  -Default
<B><font color = 'blue'> .</font></B>  -Absent
<B><font color = 'blue'> .</font></B>  -Absent
<B><font color = 'blue'> .</font></B>  -Absent
<B><font color = 'blue'> .</font></B>  -Absent
<B><font color = 'blue'> .</font></B>  -Absent
<B><font color = 'blue'> .</font></B>  -Absent
<B><font color = 'blue'> .</font></B>  -Absent
<B><font color = 'blue'> .</font></B>  -Absent
<B><font color = 'blue'> .</font></B>  -Absent
<B><font color = 'blue'> .</font></B>  -Absent
<B><font color = 'blue'> .</font></B>  -Absent
<B><font color = 'blue'> .</font></B>  -new dev user 
<B><font color = 'blue'> .</font></B>  -new@dev.user
<B><font color = 'blue'> .</font></B>  -fdfsfsd
<B><font color = 'blue'> .</font></B>  -2022-11-14
<B><font color = 'blue'> .</font></B>  -Absent
<B><font color = 'blue'> .</font></B>  -Absent
<B><font color = 'blue'> .</font></B>  -undefined
<B><font color = 'blue'> .</font></B>  -Default
<B><font color = 'blue'> .</font></B>  -Default
<B><font color = 'blue'> .</font></B>  -Absent
<B><font color = 'blue'> .</font></B>  -Absent
<B><font color = 'blue'> .</font></B>  -Absent
<B><font color = 'blue'> .</font></B>  -Absent
<B><font color = 'blue'> .</font></B>  -Absent
<B><font color = 'blue'> .</font></B>  -Absent
<B><font color = 'blue'> .</font></B>  -Absent
<B><font color = 'blue'> .</font></B>  -Absent
<B><font color = 'blue'> .</font></B>  -Absent
<B><font color = 'blue'> .</font></B>  -Absent
<B><font color = 'blue'> .</font></B>  -Absent
<B><font color = 'blue'> .</font></B>  -aaaaaaaaaa aaaaaaaaa 
<B><font color = 'blue'> .</font></B>  -mmmm@gmail.com
<B><font color = 'blue'> .</font></B>  -80765s
<B><font color = 'blue'> .</font></B>  -2022-11-14
<B><font color = 'blue'> .</font></B>  -Absent
<B><font color = 'blue'> .</font></B>  -Absent
<B><font color = 'blue'> .</font></B>  -undefined
<B><font color = 'blue'> .</font></B>  -Bangalore
<B><font color = 'blue'> .</font></B>  -Testing
<B><font color = 'blue'> .</font></B>  -Absent
<B><font color = 'blue'> .</font></B>  -Absent
<B><font color = 'blue'> .</font></B>  -Absent
<B><font color = 'blue'> .</font></B>  -Absent
<B><font color = 'blue'> .</font></B>  -Absent
<B><font color = 'blue'> .</font></B>  -Absent
<B><font color = 'blue'> .</font></B>  -Absent
<B><font color = 'blue'> .</font></B>  -Absent
<B><font color = 'blue'> .</font></B>  -Absent
<B><font color = 'blue'> .</font></B>  -Absent
<B><font color = 'blue'> .</font></B>  -Absent
<B><font color = 'blue'> .</font></B>  -sumesh test 
<B><font color = 'blue'> .</font></B>  -sumesh@mail.com
<B><font color = 'blue'> .</font></B>  -fdgfdgf
<B><font color = 'blue'> .</font></B>  -2022-11-14
<B><font color = 'blue'> .</font></B>  -Absent
<B><font color = 'blue'> .</font></B>  -Absent
<B><font color = 'blue'> .</font></B>  -undefined
<B><font color = 'blue'> .</font></B>  -Bangalore
<B><font color = 'blue'> .</font></B>  -Testing
<B><font color = 'blue'> .</font></B>  -Absent
<B><font color = 'blue'> .</font></B>  -Absent
<B><font color = 'blue'> .</font></B>  -Absent
<B><font color = 'blue'> .</font></B>  -Absent
<B><font color = 'blue'> .</font></B>  -Absent
<B><font color = 'blue'> .</font></B>  -Absent
<B><font color = 'blue'> .</font></B>  -Absent
<B><font color = 'blue'> .</font></B>  -Absent
<B><font color = 'blue'> .</font></B>  -Absent
<B><font color = 'blue'> .</font></B>  -Absent
<B><font color = 'blue'> .</font></B>  -Absent
<B><font color = 'blue'> .</font></B>  -Test msc 
<B><font color = 'blue'> .</font></B>  -test123@gmail.com
<B><font color = 'blue'> .</font></B>  -12254
<B><font color = 'blue'> .</font></B>  -2022-11-14
<B><font color = 'blue'> .</font></B>  -Absent
<B><font color = 'blue'> .</font></B>  -Absent
<B><font color = 'blue'> .</font></B>  -undefined
<B><font color = 'blue'> .</font></B>  -Bangalore
<B><font color = 'blue'> .</font></B>  -Testing
<B><font color = 'blue'> .</font></B>  -Absent
<B><font color = 'blue'> .</font></B>  -Absent
<B><font color = 'blue'> .</font></B>  -Absent
<B><font color = 'blue'> .</font></B>  -Absent
<B><font color = 'blue'> .</font></B>  -Absent
<B><font color = 'blue'> .</font></B>  -Absent
<B><font color = 'blue'> .</font></B>  -Absent
<B><font color = 'blue'> .</font></B>  -Absent
<B><font color = 'blue'> .</font></B>  -Absent
<B><font color = 'blue'> .</font></B>  -Absent
<B><font color = 'blue'> .</font></B>  -Absent
<B><font color = 'blue'> .</font></B>  -deffdfds vscsc 
<B><font color = 'blue'> .</font></B>  -cscsdw123@gmail.com
<B><font color = 'blue'> .</font></B>  -1234512
<B><font color = 'blue'> .</font></B>  -2022-11-14
<B><font color = 'blue'> .</font></B>  -Absent
<B><font color = 'blue'> .</font></B>  -Absent
<B><font color = 'blue'> .</font></B>  -undefined
<B><font color = 'blue'> .</font></B>  -Bangalore
<B><font color = 'blue'> .</font></B>  -Testing
<B><font color = 'blue'> .</font></B>  -Absent
<B><font color = 'blue'> .</font></B>  -Absent
<B><font color = 'blue'> .</font></B>  -Absent
<B><font color = 'blue'> .</font></B>  -Absent
<B><font color = 'blue'> .</font></B>  -Absent
<B><font color = 'blue'> .</font></B>  -Absent
<B><font color = 'blue'> .</font></B>  -Absent
<B><font color = 'blue'> .</font></B>  -Absent
<B><font color = 'blue'> .</font></B>  -Absent
<B><font color = 'blue'> .</font></B>  -Absent
<B><font color = 'blue'> .</font></B>  -Absent
<B><font color = 'blue'> .</font></B>  -test testtt 
<B><font color = 'blue'> .</font></B>  -abcd@gmail.com
<B><font color = 'blue'> .</font></B>  -GLB55
<B><font color = 'blue'> .</font></B>  -2022-11-14
<B><font color = 'blue'> .</font></B>  -Absent
<B><font color = 'blue'> .</font></B>  -Absent
<B><font color = 'blue'> .</font></B>  -undefined
<B><font color = 'blue'> .</font></B>  -Bangalore
<B><font color = 'blue'> .</font></B>  -Testing
<B><font color = 'blue'> .</font></B>  -Absent
<B><font color = 'blue'> .</font></B>  -Absent
<B><font color = 'blue'> .</font></B>  -Absent
<B><font color = 'blue'> .</font></B>  -Absent
<B><font color = 'blue'> .</font></B>  -Absent
<B><font color = 'blue'> .</font></B>  -Absent
<B><font color = 'blue'> .</font></B>  -Absent
<B><font color = 'blue'> .</font></B>  -Absent
<B><font color = 'blue'> .</font></B>  -Absent
<B><font color = 'blue'> .</font></B>  -Absent
<B><font color = 'blue'> .</font></B>  -Absent
<B><font color = 'blue'> .</font></B>  -Abhishe tt 
<B><font color = 'blue'> .</font></B>  -ab@ab.com
<B><font color = 'blue'> .</font></B>  -GKD567
<B><font color = 'blue'> .</font></B>  -2022-11-14
<B><font color = 'blue'> .</font></B>  -Absent
<B><font color = 'blue'> .</font></B>  -Absent
<B><font color = 'blue'> .</font></B>  -undefined
<B><font color = 'blue'> .</font></B>  -Bangalore
<B><font color = 'blue'> .</font></B>  -Testing
<B><font color = 'blue'> .</font></B>  -Absent
<B><font color = 'blue'> .</font></B>  -Absent
<B><font color = 'blue'> .</font></B>  -Absent
<B><font color = 'blue'> .</font></B>  -Absent
<B><font color = 'blue'> .</font></B>  -Absent
<B><font color = 'blue'> .</font></B>  -Absent
<B><font color = 'blue'> .</font></B>  -Absent
<B><font color = 'blue'> .</font></B>  -Absent
<B><font color = 'blue'> .</font></B>  -Absent
<B><font color = 'blue'> .</font></B>  -Absent
<B><font color = 'blue'> .</font></B>  -Absent
<B><font color = 'blue'> .</font></B>  -test nonadmin 
<B><font color = 'blue'> .</font></B>  -testnonadmin@gmail.com
<B><font color = 'blue'> .</font></B>  -GLB026
<B><font color = 'blue'> .</font></B>  -2022-11-14
<B><font color = 'blue'> .</font></B>  -Absent
<B><font color = 'blue'> .</font></B>  -Absent
<B><font color = 'blue'> .</font></B>  -undefined
<B><font color = 'blue'> .</font></B>  -Bangalore
<B><font color = 'blue'> .</font></B>  -Php
<B><font color = 'blue'> .</font></B>  -Absent
<B><font color = 'blue'> .</font></B>  -Absent
<B><font color = 'blue'> .</font></B>  -Absent
<B><font color = 'blue'> .</font></B>  -Absent
<B><font color = 'blue'> .</font></B>  -Absent
<B><font color = 'blue'> .</font></B>  -Absent
<B><font color = 'blue'> .</font></B>  -Absent
<B><font color = 'blue'> .</font></B>  -Absent
<B><font color = 'blue'> .</font></B>  -Absent
<B><font color = 'blue'> .</font></B>  -Absent
<B><font color = 'blue'> .</font></B>  -Absent
<B><font color = 'blue'> .</font></B>  -adg ckj 
<B><font color = 'blue'> .</font></B>  -adcs@1234
<B><font color = 'blue'> .</font></B>  -583
<B><font color = 'blue'> .</font></B>  -2022-11-14
<B><font color = 'blue'> .</font></B>  -Absent
<B><font color = 'blue'> .</font></B>  -Absent
<B><font color = 'blue'> .</font></B>  -undefined
<B><font color = 'blue'> .</font></B>  -Bangalore
<B><font color = 'blue'> .</font></B>  -Testing
<B><font color = 'blue'> .</font></B>  -Absent
<B><font color = 'blue'> .</font></B>  -Absent
<B><font color = 'blue'> .</font></B>  -Absent
<B><font color = 'blue'> .</font></B>  -Absent
<B><font color = 'blue'> .</font></B>  -Absent
<B><font color = 'blue'> .</font></B>  -Absent
<B><font color = 'blue'> .</font></B>  -Absent
<B><font color = 'blue'> .</font></B>  -Absent
<B><font color = 'blue'> .</font></B>  -Absent
<B><font color = 'blue'> .</font></B>  -Absent
<B><font color = 'blue'> .</font></B>  -Absent
<B><font color = 'blue'> .</font></B>  -dominic toretto 
<B><font color = 'blue'> .</font></B>  -dom.toretto737@gmail.com
<B><font color = 'blue'> .</font></B>  -EMP011
<B><font color = 'blue'> .</font></B>  -2022-11-14
<B><font color = 'blue'> .</font></B>  -Absent
<B><font color = 'blue'> .</font></B>  -Absent
<B><font color = 'blue'> .</font></B>  -undefined
<B><font color = 'blue'> .</font></B>  -Bangalore
<B><font color = 'blue'> .</font></B>  -Testing
<B><font color = 'blue'> .</font></B>  -Absent
<B><font color = 'blue'> .</font></B>  -Absent
<B><font color = 'blue'> .</font></B>  -Absent
<B><font color = 'blue'> .</font></B>  -Absent
<B><font color = 'blue'> .</font></B>  -Absent
<B><font color = 'blue'> .</font></B>  -Absent
<B><font color = 'blue'> .</font></B>  -Absent
<B><font color = 'blue'> .</font></B>  -Absent
<B><font color = 'blue'> .</font></B>  -Absent
<B><font color = 'blue'> .</font></B>  -Absent
<B><font color = 'blue'> .</font></B>  -Absent
<B><font color = 'blue'> .</font></B>  -Abhishek Test 
<B><font color = 'blue'> .</font></B>  -abhishektrest@glb.in
<B><font color = 'blue'> .</font></B>  -rN7tvEiDPGNi4fD
<B><font color = 'blue'> .</font></B>  -2022-11-14
<B><font color = 'blue'> .</font></B>  -Absent
<B><font color = 'blue'> .</font></B>  -Absent
<B><font color = 'blue'> .</font></B>  -undefined
<B><font color = 'blue'> .</font></B>  -Bangalore
<B><font color = 'blue'> .</font></B>  -Php
<B><font color = 'blue'> .</font></B>  -Absent
<B><font color = 'blue'> .</font></B>  -Absent
<B><font color = 'blue'> .</font></B>  -Absent
<B><font color = 'blue'> .</font></B>  -Absent
<B><font color = 'blue'> .</font></B>  -Absent
<B><font color = 'blue'> .</font></B>  -Absent
<B><font color = 'blue'> .</font></B>  -Absent
<B><font color = 'blue'> .</font></B>  -Absent
<B><font color = 'blue'> .</font></B>  -Absent
<B><font color = 'blue'> .</font></B>  -Absent
<B><font color = 'blue'> .</font></B>  -Absent
<B><font color = 'blue'> .</font></B>  -Superior Test one 
<B><font color = 'blue'> .</font></B>  -superiorone@gmail.com
<B><font color = 'blue'> .</font></B>  -twoqw
<B><font color = 'blue'> .</font></B>  -2022-11-14
<B><font color = 'blue'> .</font></B>  -Absent
<B><font color = 'blue'> .</font></B>  -Absent
<B><font color = 'blue'> .</font></B>  -undefined
<B><font color = 'blue'> .</font></B>  -Bangalore
<B><font color = 'blue'> .</font></B>  -Testing
<B><font color = 'blue'> .</font></B>  -Absent
<B><font color = 'blue'> .</font></B>  -Absent
<B><font color = 'blue'> .</font></B>  -Absent
<B><font color = 'blue'> .</font></B>  -Absent
<B><font color = 'blue'> .</font></B>  -Absent
<B><font color = 'blue'> .</font></B>  -Absent
<B><font color = 'blue'> .</font></B>  -Absent
<B><font color = 'blue'> .</font></B>  -Absent
<B><font color = 'blue'> .</font></B>  -Absent
<B><font color = 'blue'> .</font></B>  -Absent
<B><font color = 'blue'> .</font></B>  -Absent
<B><font color = 'blue'> .</font></B>  -test testw 
<B><font color = 'blue'> .</font></B>  -test@mac.in
<B><font color = 'blue'> .</font></B>  -aaf123
<B><font color = 'blue'> .</font></B>  -2022-11-14
<B><font color = 'blue'> .</font></B>  -Absent
<B><font color = 'blue'> .</font></B>  -Absent
<B><font color = 'blue'> .</font></B>  -undefined
<B><font color = 'blue'> .</font></B>  -Bangalore
<B><font color = 'blue'> .</font></B>  -Php
<B><font color = 'blue'> .</font></B>  -Absent
<B><font color = 'blue'> .</font></B>  -Absent
<B><font color = 'blue'> .</font></B>  -Absent
<B><font color = 'blue'> .</font></B>  -Absent
<B><font color = 'blue'> .</font></B>  -Absent
<B><font color = 'blue'> .</font></B>  -Absent
<B><font color = 'blue'> .</font></B>  -Absent
<B><font color = 'blue'> .</font></B>  -Absent
<B><font color = 'blue'> .</font></B>  -Absent
<B><font color = 'blue'> .</font></B>  -Absent
<B><font color = 'blue'> .</font></B>  -Absent
<B><font color = 'blue'> .</font></B>  -sam eer 
<B><font color = 'blue'> .</font></B>  -sam@rf.in
<B><font color = 'blue'> .</font></B>  -WSAERT2Q34E
<B><font color = 'blue'> .</font></B>  -2022-11-14
<B><font color = 'blue'> .</font></B>  -Absent
<B><font color = 'blue'> .</font></B>  -Absent
<B><font color = 'blue'> .</font></B>  -undefined
<B><font color = 'blue'> .</font></B>  -Bangalore
<B><font color = 'blue'> .</font></B>  -Testing
<B><font color = 'blue'> .</font></B>  -Absent
<B><font color = 'blue'> .</font></B>  -Absent
<B><font color = 'blue'> .</font></B>  -Absent
<B><font color = 'blue'> .</font></B>  -Absent
<B><font color = 'blue'> .</font></B>  -Absent
<B><font color = 'blue'> .</font></B>  -Absent
<B><font color = 'blue'> .</font></B>  -Absent
<B><font color = 'blue'> .</font></B>  -Absent
<B><font color = 'blue'> .</font></B>  -Absent
<B><font color = 'blue'> .</font></B>  -Absent
<B><font color = 'blue'> .</font></B>  -Absent
<B><font color = 'blue'> .</font></B>  -Test test 
<B><font color = 'blue'> .</font></B>  -sarikajain@gmail.com
<B><font color = 'blue'> .</font></B>  -E-101
<B><font color = 'blue'> .</font></B>  -2022-11-14
<B><font color = 'blue'> .</font></B>  -Absent
<B><font color = 'blue'> .</font></B>  -Absent
<B><font color = 'blue'> .</font></B>  -undefined
<B><font color = 'blue'> .</font></B>  -Bangalore
<B><font color = 'blue'> .</font></B>  -Testing
<B><font color = 'blue'> .</font></B>  -Absent
<B><font color = 'blue'> .</font></B>  -Absent
<B><font color = 'blue'> .</font></B>  -Absent
<B><font color = 'blue'> .</font></B>  -Absent
<B><font color = 'blue'> .</font></B>  -Absent
<B><font color = 'blue'> .</font></B>  -Absent
<B><font color = 'blue'> .</font></B>  -Absent
<B><font color = 'blue'> .</font></B>  -Absent
<B><font color = 'blue'> .</font></B>  -Absent
<B><font color = 'blue'> .</font></B>  -Absent
<B><font color = 'blue'> .</font></B>  -Absent
<B><font color = 'blue'> .</font></B>  -sithu kalluru 
<B><font color = 'blue'> .</font></B>  -sitaramireddy@globussoft.in
<B><font color = 'blue'> .</font></B>  -code12
<B><font color = 'blue'> .</font></B>  -2022-11-14
<B><font color = 'blue'> .</font></B>  -Absent
<B><font color = 'blue'> .</font></B>  -Absent
<B><font color = 'blue'> .</font></B>  -undefined
<B><font color = 'blue'> .</font></B>  -Bangalore
<B><font color = 'blue'> .</font></B>  -Testing
<B><font color = 'blue'> .</font></B>  -Absent
<B><font color = 'blue'> .</font></B>  -Absent
<B><font color = 'blue'> .</font></B>  -Absent
<B><font color = 'blue'> .</font></B>  -Absent
<B><font color = 'blue'> .</font></B>  -Absent
<B><font color = 'blue'> .</font></B>  -Absent
<B><font color = 'blue'> .</font></B>  -Absent
<B><font color = 'blue'> .</font></B>  -Absent
<B><font color = 'blue'> .</font></B>  -Absent
<B><font color = 'blue'> .</font></B>  -Absent
<B><font color = 'blue'> .</font></B>  -Absent
<B><font color = 'blue'> .</font></B>  -test123 abcd 
<B><font color = 'blue'> .</font></B>  -s@gmail.com
<B><font color = 'blue'> .</font></B>  -code123z
<B><font color = 'blue'> .</font></B>  -2022-11-14
<B><font color = 'blue'> .</font></B>  -Absent
<B><font color = 'blue'> .</font></B>  -Absent
<B><font color = 'blue'> .</font></B>  -undefined
<B><font color = 'blue'> .</font></B>  -Bangalore
<B><font color = 'blue'> .</font></B>  -Testing
<B><font color = 'blue'> .</font></B>  -Absent
<B><font color = 'blue'> .</font></B>  -Absent
<B><font color = 'blue'> .</font></B>  -Absent
<B><font color = 'blue'> .</font></B>  -Absent
<B><font color = 'blue'> .</font></B>  -Absent
<B><font color = 'blue'> .</font></B>  -Absent
<B><font color = 'blue'> .</font></B>  -Absent
<B><font color = 'blue'> .</font></B>  -Absent
<B><font color = 'blue'> .</font></B>  -Absent
<B><font color = 'blue'> .</font></B>  -Absent
<B><font color = 'blue'> .</font></B>  -Absent
<B><font color = 'blue'> .</font></B>  -testing test 
<B><font color = 'blue'> .</font></B>  -aarshajoyson1601@gmail.com
<B><font color = 'blue'> .</font></B>  -glb0008
<B><font color = 'blue'> .</font></B>  -2022-11-14
<B><font color = 'blue'> .</font></B>  -Absent
<B><font color = 'blue'> .</font></B>  -Absent
<B><font color = 'blue'> .</font></B>  -undefined
<B><font color = 'blue'> .</font></B>  -Bangalore
<B><font color = 'blue'> .</font></B>  -Php
<B><font color = 'blue'> .</font></B>  -Absent
<B><font color = 'blue'> .</font></B>  -Absent
<B><font color = 'blue'> .</font></B>  -Absent
<B><font color = 'blue'> .</font></B>  -Absent
<B><font color = 'blue'> .</font></B>  -Absent
<B><font color = 'blue'> .</font></B>  -Absent
<B><font color = 'blue'> .</font></B>  -Absent
<B><font color = 'blue'> .</font></B>  -Absent
<B><font color = 'blue'> .</font></B>  -Absent
<B><font color = 'blue'> .</font></B>  -Absent
<B><font color = 'blue'> .</font></B>  -Absent
<B><font color = 'blue'> .</font></B>  -Automation CodeeeAuto 
<B><font color = 'blue'> .</font></B>  -skabcdef7@gmail.com
<B><font color = 'blue'> .</font></B>  -Emp-Abzcde-1234522
<B><font color = 'blue'> .</font></B>  -2022-11-14
<B><font color = 'blue'> .</font></B>  -Absent
<B><font color = 'blue'> .</font></B>  -Absent
<B><font color = 'blue'> .</font></B>  -undefined
<B><font color = 'blue'> .</font></B>  -Bangalore
<B><font color = 'blue'> .</font></B>  -Testing
<B><font color = 'blue'> .</font></B>  -Absent
<B><font color = 'blue'> .</font></B>  -Absent
<B><font color = 'blue'> .</font></B>  -Absent
<B><font color = 'blue'> .</font></B>  -Absent
<B><font color = 'blue'> .</font></B>  -Absent
<B><font color = 'blue'> .</font></B>  -Absent
<B><font color = 'blue'> .</font></B>  -Absent
<B><font color = 'blue'> .</font></B>  -Absent
<B><font color = 'blue'> .</font></B>  -Absent
<B><font color = 'blue'> .</font></B>  -Absent
<B><font color = 'blue'> .</font></B>  -Absent
<B><font color = 'blue'> .</font></B>  -piyush dfgsfg 
<B><font color = 'blue'> .</font></B>  -jos@gmail.com
<B><font color = 'blue'> .</font></B>  -sdgff
<B><font color = 'blue'> .</font></B>  -2022-11-14
<B><font color = 'blue'> .</font></B>  -Absent
<B><font color = 'blue'> .</font></B>  -Absent
<B><font color = 'blue'> .</font></B>  -undefined
<B><font color = 'blue'> .</font></B>  -Bangalore
<B><font color = 'blue'> .</font></B>  -Testing
<B><font color = 'blue'> .</font></B>  -Absent
<B><font color = 'blue'> .</font></B>  -Absent
<B><font color = 'blue'> .</font></B>  -Absent
<B><font color = 'blue'> .</font></B>  -Absent
<B><font color = 'blue'> .</font></B>  -Absent
<B><font color = 'blue'> .</font></B>  -Absent
<B><font color = 'blue'> .</font></B>  -Absent
<B><font color = 'blue'> .</font></B>  -Absent
<B><font color = 'blue'> .</font></B>  -Absent
<B><font color = 'blue'> .</font></B>  -Absent
<B><font color = 'blue'> .</font></B>  -Absent
<B><font color = 'blue'> .</font></B>  -Aryan raj 
<B><font color = 'blue'> .</font></B>  -alex@gmail.com
<B><font color = 'blue'> .</font></B>  -126
<B><font color = 'blue'> .</font></B>  -2022-11-14
<B><font color = 'blue'> .</font></B>  -Absent
<B><font color = 'blue'> .</font></B>  -Absent
<B><font color = 'blue'> .</font></B>  -undefined
<B><font color = 'blue'> .</font></B>  -Bangalore
<B><font color = 'blue'> .</font></B>  -Testing
<B><font color = 'blue'> .</font></B>  -Absent
<B><font color = 'blue'> .</font></B>  -Absent
<B><font color = 'blue'> .</font></B>  -Absent
<B><font color = 'blue'> .</font></B>  -Absent
<B><font color = 'blue'> .</font></B>  -Absent
<B><font color = 'blue'> .</font></B>  -Absent
<B><font color = 'blue'> .</font></B>  -Absent
<B><font color = 'blue'> .</font></B>  -Absent
<B><font color = 'blue'> .</font></B>  -Absent
<B><font color = 'blue'> .</font></B>  -Absent
<B><font color = 'blue'> .</font></B>  -Absent
<B><font color = 'blue'> .</font></B>  -Automation CodeeeAuto 
<B><font color = 'blue'> .</font></B>  -skabcdef38@gmail.com
<B><font color = 'blue'> .</font></B>  -Emp-Abzcde-123457
<B><font color = 'blue'> .</font></B>  -2022-11-14
<B><font color = 'blue'> .</font></B>  -Absent
<B><font color = 'blue'> .</font></B>  -Absent
<B><font color = 'blue'> .</font></B>  -undefined
<B><font color = 'blue'> .</font></B>  -Bangalore
<B><font color = 'blue'> .</font></B>  -Testing
<B><font color = 'blue'> .</font></B>  -Absent
<B><font color = 'blue'> .</font></B>  -Absent
<B><font color = 'blue'> .</font></B>  -Absent
<B><font color = 'blue'> .</font></B>  -Absent
<B><font color = 'blue'> .</font></B>  -Absent
<B><font color = 'blue'> .</font></B>  -Absent
<B><font color = 'blue'> .</font></B>  -Absent
<B><font color = 'blue'> .</font></B>  -Absent
<B><font color = 'blue'> .</font></B>  -Absent
<B><font color = 'blue'> .</font></B>  -Absent
<B><font color = 'blue'> .</font></B>  -Absent
<B><font color = 'blue'> .</font></B>  -Automation CodeeeAuto 
<B><font color = 'blue'> .</font></B>  -skabcdef33@gmail.com
<B><font color = 'blue'> .</font></B>  -Emp-Abzcde-1234557
<B><font color = 'blue'> .</font></B>  -2022-11-14
<B><font color = 'blue'> .</font></B>  -Absent
<B><font color = 'blue'> .</font></B>  -Absent
<B><font color = 'blue'> .</font></B>  -undefined
<B><font color = 'blue'> .</font></B>  -Bangalore
<B><font color = 'blue'> .</font></B>  -Testing
<B><font color = 'blue'> .</font></B>  -Absent
<B><font color = 'blue'> .</font></B>  -Absent
<B><font color = 'blue'> .</font></B>  -Absent
<B><font color = 'blue'> .</font></B>  -Absent
<B><font color = 'blue'> .</font></B>  -Absent
<B><font color = 'blue'> .</font></B>  -Absent
<B><font color = 'blue'> .</font></B>  -Absent
<B><font color = 'blue'> .</font></B>  -Absent
<B><font color = 'blue'> .</font></B>  -Absent
<B><font color = 'blue'> .</font></B>  -Absent
<B><font color = 'blue'> .</font></B>  -Absent
<B><font color = 'blue'> .</font></B>  -D Surya Prabhakar 
<B><font color = 'blue'> .</font></B>  -surya1@gmail.com
<B><font color = 'blue'> .</font></B>  -EM010
<B><font color = 'blue'> .</font></B>  -2022-11-14
<B><font color = 'blue'> .</font></B>  -Absent
<B><font color = 'blue'> .</font></B>  -Absent
<B><font color = 'blue'> .</font></B>  -undefined
<B><font color = 'blue'> .</font></B>  -bengaluru
<B><font color = 'blue'> .</font></B>  -Testing
<B><font color = 'blue'> .</font></B>  -Absent
<B><font color = 'blue'> .</font></B>  -Absent
<B><font color = 'blue'> .</font></B>  -Absent
<B><font color = 'blue'> .</font></B>  -Absent
<B><font color = 'blue'> .</font></B>  -Absent
<B><font color = 'blue'> .</font></B>  -Absent
<B><font color = 'blue'> .</font></B>  -Absent
<B><font color = 'blue'> .</font></B>  -Absent
<B><font color = 'blue'> .</font></B>  -Absent
<B><font color = 'blue'> .</font></B>  -Absent
<B><font color = 'blue'> .</font></B>  -Absent
<B><font color = 'blue'> .</font></B>  -R o       hit Sharma 
<B><font color = 'blue'> .</font></B>  -rahulrajt5613928@gmail.com
<B><font color = 'blue'> .</font></B>  -67645
<B><font color = 'blue'> .</font></B>  -2022-11-14
<B><font color = 'blue'> .</font></B>  -Absent
<B><font color = 'blue'> .</font></B>  -Absent
<B><font color = 'blue'> .</font></B>  -undefined
<B><font color = 'blue'> .</font></B>  -bengaluru
<B><font color = 'blue'> .</font></B>  -Testing
<B><font color = 'blue'> .</font></B>  -Absent
<B><font color = 'blue'> .</font></B>  -Absent
<B><font color = 'blue'> .</font></B>  -Absent
<B><font color = 'blue'> .</font></B>  -Absent
<B><font color = 'blue'> .</font></B>  -Absent
<B><font color = 'blue'> .</font></B>  -Absent
<B><font color = 'blue'> .</font></B>  -Absent
<B><font color = 'blue'> .</font></B>  -Absent
<B><font color = 'blue'> .</font></B>  -Absent
<B><font color = 'blue'> .</font></B>  -Absent
<B><font color = 'blue'> .</font></B>  -Absent
<B><font color = 'blue'> .</font></B>  -ni test 
<B><font color = 'blue'> .</font></B>  -nitest12@gmail.com
<B><font color = 'blue'> .</font></B>  -GLB678
<B><font color = 'blue'> .</font></B>  -2022-11-14
<B><font color = 'blue'> .</font></B>  -Absent
<B><font color = 'blue'> .</font></B>  -Absent
<B><font color = 'blue'> .</font></B>  -undefined
<B><font color = 'blue'> .</font></B>  -bengaluru
<B><font color = 'blue'> .</font></B>  -Testing
<B><font color = 'blue'> .</font></B>  -Absent
<B><font color = 'blue'> .</font></B>  -Absent
<B><font color = 'blue'> .</font></B>  -Absent
<B><font color = 'blue'> .</font></B>  -Absent
<B><font color = 'blue'> .</font></B>  -Absent
<B><font color = 'blue'> .</font></B>  -Absent
<B><font color = 'blue'> .</font></B>  -Absent
<B><font color = 'blue'> .</font></B>  -Absent
<B><font color = 'blue'> .</font></B>  -Absent
<B><font color = 'blue'> .</font></B>  -Absent
<B><font color = 'blue'> .</font></B>  -Absent
<B><font color = 'blue'> .</font></B>  -one test 
<B><font color = 'blue'> .</font></B>  -testone1234@gmail.com
<B><font color = 'blue'> .</font></B>  -0110
<B><font color = 'blue'> .</font></B>  -2022-11-14
<B><font color = 'blue'> .</font></B>  -Absent
<B><font color = 'blue'> .</font></B>  -Absent
<B><font color = 'blue'> .</font></B>  -undefined
<B><font color = 'blue'> .</font></B>  -bengaluru
<B><font color = 'blue'> .</font></B>  -Testing
<B><font color = 'blue'> .</font></B>  -Absent
<B><font color = 'blue'> .</font></B>  -Absent
<B><font color = 'blue'> .</font></B>  -Absent
<B><font color = 'blue'> .</font></B>  -Absent
<B><font color = 'blue'> .</font></B>  -Absent
<B><font color = 'blue'> .</font></B>  -Absent
<B><font color = 'blue'> .</font></B>  -Absent
<B><font color = 'blue'> .</font></B>  -Absent
<B><font color = 'blue'> .</font></B>  -Absent
<B><font color = 'blue'> .</font></B>  -Absent
<B><font color = 'blue'> .</font></B>  -Absent
<B><font color = 'blue'> .</font></B>  -GLB-BLR-010-PC - GLB-BLR-010 
<B><font color = 'blue'> .</font></B>  -abcd@yuksdgus
<B><font color = 'blue'> .</font></B>  -GLB-BLR-010
<B><font color = 'blue'> .</font></B>  -2022-11-14
<B><font color = 'blue'> .</font></B>  -Absent
<B><font color = 'blue'> .</font></B>  -Absent
<B><font color = 'blue'> .</font></B>  -undefined
<B><font color = 'blue'> .</font></B>  -bengaluru
<B><font color = 'blue'> .</font></B>  -Testing
<B><font color = 'blue'> .</font></B>  -Absent
<B><font color = 'blue'> .</font></B>  -Absent
<B><font color = 'blue'> .</font></B>  -Absent
<B><font color = 'blue'> .</font></B>  -Absent
<B><font color = 'blue'> .</font></B>  -Absent
<B><font color = 'blue'> .</font></B>  -Absent
<B><font color = 'blue'> .</font></B>  -Absent
<B><font color = 'blue'> .</font></B>  -Absent
<B><font color = 'blue'> .</font></B>  -Absent
<B><font color = 'blue'> .</font></B>  -Absent
<B><font color = 'blue'> .</font></B>  -Absent
<B><font color = 'blue'> .</font></B>  -surya kk 
<B><font color = 'blue'> .</font></B>  -123@gmail.com
<B><font color = 'blue'> .</font></B>  -mmmmm
<B><font color = 'blue'> .</font></B>  -2022-11-14
<B><font color = 'blue'> .</font></B>  -Absent
<B><font color = 'blue'> .</font></B>  -Absent
<B><font color = 'blue'> .</font></B>  -undefined
<B><font color = 'blue'> .</font></B>  -Tamilnadu
<B><font color = 'blue'> .</font></B>  -Test and Dev
<B><font color = 'blue'> .</font></B>  -Absent
<B><font color = 'blue'> .</font></B>  -Absent
<B><font color = 'blue'> .</font></B>  -Absent
<B><font color = 'blue'> .</font></B>  -Absent
<B><font color = 'blue'> .</font></B>  -Absent
<B><font color = 'blue'> .</font></B>  -Absent
<B><font color = 'blue'> .</font></B>  -Absent
<B><font color = 'blue'> .</font></B>  -Absent
<B><font color = 'blue'> .</font></B>  -Absent
<B><font color = 'blue'> .</font></B>  -Absent
<B><font color = 'blue'> .</font></B>  -Absent
<B><font color = 'blue'> .</font></B>  -sai kk 
<B><font color = 'blue'> .</font></B>  -saikk19876@gmail.com
<B><font color = 'blue'> .</font></B>  -20221019
<B><font color = 'blue'> .</font></B>  -2022-11-14
<B><font color = 'blue'> .</font></B>  -Absent
<B><font color = 'blue'> .</font></B>  -Absent
<B><font color = 'blue'> .</font></B>  -undefined
<B><font color = 'blue'> .</font></B>  -Tamilnadu
<B><font color = 'blue'> .</font></B>  -Test and Dev
<B><font color = 'blue'> .</font></B>  -Absent
<B><font color = 'blue'> .</font></B>  -Absent
<B><font color = 'blue'> .</font></B>  -Absent
<B><font color = 'blue'> .</font></B>  -Absent
<B><font color = 'blue'> .</font></B>  -Absent
<B><font color = 'blue'> .</font></B>  -Absent
<B><font color = 'blue'> .</font></B>  -Absent
<B><font color = 'blue'> .</font></B>  -Absent
<B><font color = 'blue'> .</font></B>  -Absent
<B><font color = 'blue'> .</font></B>  -Absent
<B><font color = 'blue'> .</font></B>  -Absent
<B><font color = 'blue'> .</font></B>  -ajeethemp test 
<B><font color = 'blue'> .</font></B>  -ajeethemp@gmail.com
<B><font color = 'blue'> .</font></B>  -A01
<B><font color = 'blue'> .</font></B>  -2022-11-14
<B><font color = 'blue'> .</font></B>  -Absent
<B><font color = 'blue'> .</font></B>  -Absent
<B><font color = 'blue'> .</font></B>  -undefined
<B><font color = 'blue'> .</font></B>  -Tamilnadu
<B><font color = 'blue'> .</font></B>  -Test and Dev
<B><font color = 'blue'> .</font></B>  -Absent
<B><font color = 'blue'> .</font></B>  -Absent
<B><font color = 'blue'> .</font></B>  -Absent
<B><font color = 'blue'> .</font></B>  -Absent
<B><font color = 'blue'> .</font></B>  -Absent
<B><font color = 'blue'> .</font></B>  -Absent
<B><font color = 'blue'> .</font></B>  -Absent
<B><font color = 'blue'> .</font></B>  -Absent
<B><font color = 'blue'> .</font></B>  -Absent
<B><font color = 'blue'> .</font></B>  -Absent
<B><font color = 'blue'> .</font></B>  -Absent
<B><font color = 'blue'> .</font></B>  -test user two 
<B><font color = 'blue'> .</font></B>  -testuser@two.io
<B><font color = 'blue'> .</font></B>  -GSLL-327
<B><font color = 'blue'> .</font></B>  -2022-11-14
<B><font color = 'blue'> .</font></B>  -Absent
<B><font color = 'blue'> .</font></B>  -Absent
<B><font color = 'blue'> .</font></B>  -undefined
<B><font color = 'blue'> .</font></B>  -Tamilnadu
<B><font color = 'blue'> .</font></B>  -Test and Dev
<B><font color = 'blue'> .</font></B>  -Absent
<B><font color = 'blue'> .</font></B>  -Absent
<B><font color = 'blue'> .</font></B>  -Absent
<B><font color = 'blue'> .</font></B>  -Absent
<B><font color = 'blue'> .</font></B>  -Absent
<B><font color = 'blue'> .</font></B>  -Absent
<B><font color = 'blue'> .</font></B>  -Absent
<B><font color = 'blue'> .</font></B>  -Absent
<B><font color = 'blue'> .</font></B>  -Absent
<B><font color = 'blue'> .</font></B>  -Absent
<B><font color = 'blue'> .</font></B>  -Absent
<B><font color = 'blue'> .</font></B>  -Himanshu Kumar 
<B><font color = 'blue'> .</font></B>  -himanshu1@gmail.com
<B><font color = 'blue'> .</font></B>  -EM011
<B><font color = 'blue'> .</font></B>  -2022-11-14
<B><font color = 'blue'> .</font></B>  -Absent
<B><font color = 'blue'> .</font></B>  -Absent
<B><font color = 'blue'> .</font></B>  -undefined
<B><font color = 'blue'> .</font></B>  -bagalkot
<B><font color = 'blue'> .</font></B>  -manual testing
<B><font color = 'blue'> .</font></B>  -Absent
<B><font color = 'blue'> .</font></B>  -Absent
<B><font color = 'blue'> .</font></B>  -Absent
<B><font color = 'blue'> .</font></B>  -Absent
<B><font color = 'blue'> .</font></B>  -Absent
<B><font color = 'blue'> .</font></B>  -Absent
<B><font color = 'blue'> .</font></B>  -Absent
<B><font color = 'blue'> .</font></B>  -Absent
<B><font color = 'blue'> .</font></B>  -Absent
<B><font color = 'blue'> .</font></B>  -Absent
<B><font color = 'blue'> .</font></B>  -Absent
<B><font color = 'blue'> .</font></B>  -dxgfdxg gssdg 
<B><font color = 'blue'> .</font></B>  -sdgsg@dgksodkg.in
<B><font color = 'blue'> .</font></B>  -asfda343443
<B><font color = 'blue'> .</font></B>  -2022-11-14
<B><font color = 'blue'> .</font></B>  -Absent
<B><font color = 'blue'> .</font></B>  -Absent
<B><font color = 'blue'> .</font></B>  -undefined
<B><font color = 'blue'> .</font></B>  -Bhilai
<B><font color = 'blue'> .</font></B>  -Php
<B><font color = 'blue'> .</font></B>  -Absent
<B><font color = 'blue'> .</font></B>  -Absent
<B><font color = 'blue'> .</font></B>  -Absent
<B><font color = 'blue'> .</font></B>  -Absent
<B><font color = 'blue'> .</font></B>  -Absent
<B><font color = 'blue'> .</font></B>  -Absent
<B><font color = 'blue'> .</font></B>  -Absent
<B><font color = 'blue'> .</font></B>  -Absent
<B><font color = 'blue'> .</font></B>  -Absent
<B><font color = 'blue'> .</font></B>  -Absent
<B><font color = 'blue'> .</font></B>  -Absent
<B><font color = 'blue'> .</font></B>  -Guest User 
<B><font color = 'blue'> .</font></B>  -guestuser@gmail.com
<B><font color = 'blue'> .</font></B>  -GLB-777
<B><font color = 'blue'> .</font></B>  -2022-11-13
<B><font color = 'blue'> .</font></B>  -13-11-2022 00:00:52
<B><font color = 'blue'> .</font></B>  -13-11-2022 00:03:52
<B><font color = 'blue'> .</font></B>  -GLB-124-PC
<B><font color = 'blue'> .</font></B>  -Bhilai
<B><font color = 'blue'> .</font></B>  -Php
<B><font color = 'blue'> .</font></B>  -00:03:00
<B><font color = 'blue'> .</font></B>  -00:03:00
<B><font color = 'blue'> .</font></B>  -00:00:00
<B><font color = 'blue'> .</font></B>  -00:00:00
<B><font color = 'blue'> .</font></B>  -00:00:00
<B><font color = 'blue'> .</font></B>  -00:00:00
<B><font color = 'blue'> .</font></B>  -00:03:00
<B><font color = 'blue'> .</font></B>  -00:00:00
<B><font color = 'blue'> .</font></B>  -0.00%
<B><font color = 'blue'> .</font></B>  --477:00
<B><font color = 'blue'> .</font></B>  -0.00
<B><font color = 'blue'> .</font></B>  -Virat kohli 
<B><font color = 'blue'> .</font></B>  -rahukbgdxgsf@gmail.com
<B><font color = 'blue'> .</font></B>  -65332
<B><font color = 'blue'> .</font></B>  -2022-11-13
<B><font color = 'blue'> .</font></B>  -Absent
<B><font color = 'blue'> .</font></B>  -Absent
<B><font color = 'blue'> .</font></B>  -undefined
<B><font color = 'blue'> .</font></B>  -Default
<B><font color = 'blue'> .</font></B>  -Default
<B><font color = 'blue'> .</font></B>  -Absent
<B><font color = 'blue'> .</font></B>  -Absent
<B><font color = 'blue'> .</font></B>  -Absent
<B><font color = 'blue'> .</font></B>  -Absent
<B><font color = 'blue'> .</font></B>  -Absent
<B><font color = 'blue'> .</font></B>  -Absent
<B><font color = 'blue'> .</font></B>  -Absent
<B><font color = 'blue'> .</font></B>  -Absent
<B><font color = 'blue'> .</font></B>  -Absent
<B><font color = 'blue'> .</font></B>  -Absent
<B><font color = 'blue'> .</font></B>  -Absent
<B><font color = 'blue'> .</font></B>  -sadas kadkasdj 
<B><font color = 'blue'> .</font></B>  -dsa@eqe
<B><font color = 'blue'> .</font></B>  -emp129666
<B><font color = 'blue'> .</font></B>  -2022-11-13
<B><font color = 'blue'> .</font></B>  -Absent
<B><font color = 'blue'> .</font></B>  -Absent
<B><font color = 'blue'> .</font></B>  -undefined
<B><font color = 'blue'> .</font></B>  -Default
<B><font color = 'blue'> .</font></B>  -Default
<B><font color = 'blue'> .</font></B>  -Absent
<B><font color = 'blue'> .</font></B>  -Absent
<B><font color = 'blue'> .</font></B>  -Absent
<B><font color = 'blue'> .</font></B>  -Absent
<B><font color = 'blue'> .</font></B>  -Absent
<B><font color = 'blue'> .</font></B>  -Absent
<B><font color = 'blue'> .</font></B>  -Absent
<B><font color = 'blue'> .</font></B>  -Absent
<B><font color = 'blue'> .</font></B>  -Absent
<B><font color = 'blue'> .</font></B>  -Absent
<B><font color = 'blue'> .</font></B>  -Absent
<B><font color = 'blue'> .</font></B>  -New Test 
<B><font color = 'blue'> .</font></B>  -newtest@gmail.com
<B><font color = 'blue'> .</font></B>  -ewer334443
<B><font color = 'blue'> .</font></B>  -2022-11-13
<B><font color = 'blue'> .</font></B>  -Absent
<B><font color = 'blue'> .</font></B>  -Absent
<B><font color = 'blue'> .</font></B>  -undefined
<B><font color = 'blue'> .</font></B>  -Default
<B><font color = 'blue'> .</font></B>  -Default
<B><font color = 'blue'> .</font></B>  -Absent
<B><font color = 'blue'> .</font></B>  -Absent
<B><font color = 'blue'> .</font></B>  -Absent
<B><font color = 'blue'> .</font></B>  -Absent
<B><font color = 'blue'> .</font></B>  -Absent
<B><font color = 'blue'> .</font></B>  -Absent
<B><font color = 'blue'> .</font></B>  -Absent
<B><font color = 'blue'> .</font></B>  -Absent
<B><font color = 'blue'> .</font></B>  -Absent
<B><font color = 'blue'> .</font></B>  -Absent
<B><font color = 'blue'> .</font></B>  -Absent
<B><font color = 'blue'> .</font></B>  -dshcdb uidsbf 
<B><font color = 'blue'> .</font></B>  -dvbvdb@yahoo.com
<B><font color = 'blue'> .</font></B>  -435454
<B><font color = 'blue'> .</font></B>  -2022-11-13
<B><font color = 'blue'> .</font></B>  -Absent
<B><font color = 'blue'> .</font></B>  -Absent
<B><font color = 'blue'> .</font></B>  -undefined
<B><font color = 'blue'> .</font></B>  -Default
<B><font color = 'blue'> .</font></B>  -Default
<B><font color = 'blue'> .</font></B>  -Absent
<B><font color = 'blue'> .</font></B>  -Absent
<B><font color = 'blue'> .</font></B>  -Absent
<B><font color = 'blue'> .</font></B>  -Absent
<B><font color = 'blue'> .</font></B>  -Absent
<B><font color = 'blue'> .</font></B>  -Absent
<B><font color = 'blue'> .</font></B>  -Absent
<B><font color = 'blue'> .</font></B>  -Absent
<B><font color = 'blue'> .</font></B>  -Absent
<B><font color = 'blue'> .</font></B>  -Absent
<B><font color = 'blue'> .</font></B>  -Absent
<B><font color = 'blue'> .</font></B>  -try last 
<B><font color = 'blue'> .</font></B>  -try@gmail.com
<B><font color = 'blue'> .</font></B>  -1225455
<B><font color = 'blue'> .</font></B>  -2022-11-13
<B><font color = 'blue'> .</font></B>  -Absent
<B><font color = 'blue'> .</font></B>  -Absent
<B><font color = 'blue'> .</font></B>  -undefined
<B><font color = 'blue'> .</font></B>  -Default
<B><font color = 'blue'> .</font></B>  -Default
<B><font color = 'blue'> .</font></B>  -Absent
<B><font color = 'blue'> .</font></B>  -Absent
<B><font color = 'blue'> .</font></B>  -Absent
<B><font color = 'blue'> .</font></B>  -Absent
<B><font color = 'blue'> .</font></B>  -Absent
<B><font color = 'blue'> .</font></B>  -Absent
<B><font color = 'blue'> .</font></B>  -Absent
<B><font color = 'blue'> .</font></B>  -Absent
<B><font color = 'blue'> .</font></B>  -Absent
<B><font color = 'blue'> .</font></B>  -Absent
<B><font color = 'blue'> .</font></B>  -Absent
<B><font color = 'blue'> .</font></B>  -vdjvdb yusvdvbbh 
<B><font color = 'blue'> .</font></B>  -dvhbfdh@gmail.com
<B><font color = 'blue'> .</font></B>  -wq534342
<B><font color = 'blue'> .</font></B>  -2022-11-13
<B><font color = 'blue'> .</font></B>  -Absent
<B><font color = 'blue'> .</font></B>  -Absent
<B><font color = 'blue'> .</font></B>  -undefined
<B><font color = 'blue'> .</font></B>  -Default
<B><font color = 'blue'> .</font></B>  -Default
<B><font color = 'blue'> .</font></B>  -Absent
<B><font color = 'blue'> .</font></B>  -Absent
<B><font color = 'blue'> .</font></B>  -Absent
<B><font color = 'blue'> .</font></B>  -Absent
<B><font color = 'blue'> .</font></B>  -Absent
<B><font color = 'blue'> .</font></B>  -Absent
<B><font color = 'blue'> .</font></B>  -Absent
<B><font color = 'blue'> .</font></B>  -Absent
<B><font color = 'blue'> .</font></B>  -Absent
<B><font color = 'blue'> .</font></B>  -Absent
<B><font color = 'blue'> .</font></B>  -Absent
<B><font color = 'blue'> .</font></B>  -Mail Test user 
<B><font color = 'blue'> .</font></B>  -maintest@user.io
<B><font color = 'blue'> .</font></B>  -GLB-1223888
<B><font color = 'blue'> .</font></B>  -2022-11-13
<B><font color = 'blue'> .</font></B>  -Absent
<B><font color = 'blue'> .</font></B>  -Absent
<B><font color = 'blue'> .</font></B>  -undefined
<B><font color = 'blue'> .</font></B>  -Default
<B><font color = 'blue'> .</font></B>  -Default
<B><font color = 'blue'> .</font></B>  -Absent
<B><font color = 'blue'> .</font></B>  -Absent
<B><font color = 'blue'> .</font></B>  -Absent
<B><font color = 'blue'> .</font></B>  -Absent
<B><font color = 'blue'> .</font></B>  -Absent
<B><font color = 'blue'> .</font></B>  -Absent
<B><font color = 'blue'> .</font></B>  -Absent
<B><font color = 'blue'> .</font></B>  -Absent
<B><font color = 'blue'> .</font></B>  -Absent
<B><font color = 'blue'> .</font></B>  -Absent
<B><font color = 'blue'> .</font></B>  -Absent
<B><font color = 'blue'> .</font></B>  -Update Check 
<B><font color = 'blue'> .</font></B>  -updates@gmail.com
<B><font color = 'blue'> .</font></B>  -emp543
<B><font color = 'blue'> .</font></B>  -2022-11-13
<B><font color = 'blue'> .</font></B>  -Absent
<B><font color = 'blue'> .</font></B>  -Absent
<B><font color = 'blue'> .</font></B>  -undefined
<B><font color = 'blue'> .</font></B>  -Default
<B><font color = 'blue'> .</font></B>  -Default
<B><font color = 'blue'> .</font></B>  -Absent
<B><font color = 'blue'> .</font></B>  -Absent
<B><font color = 'blue'> .</font></B>  -Absent
<B><font color = 'blue'> .</font></B>  -Absent
<B><font color = 'blue'> .</font></B>  -Absent
<B><font color = 'blue'> .</font></B>  -Absent
<B><font color = 'blue'> .</font></B>  -Absent
<B><font color = 'blue'> .</font></B>  -Absent
<B><font color = 'blue'> .</font></B>  -Absent
<B><font color = 'blue'> .</font></B>  -Absent
<B><font color = 'blue'> .</font></B>  -Absent
<B><font color = 'blue'> .</font></B>  -test manager 
<B><font color = 'blue'> .</font></B>  -manageremp@gmail.com
<B><font color = 'blue'> .</font></B>  -glb020
<B><font color = 'blue'> .</font></B>  -2022-11-13
<B><font color = 'blue'> .</font></B>  -Absent
<B><font color = 'blue'> .</font></B>  -Absent
<B><font color = 'blue'> .</font></B>  -undefined
<B><font color = 'blue'> .</font></B>  -Default
<B><font color = 'blue'> .</font></B>  -Default
<B><font color = 'blue'> .</font></B>  -Absent
<B><font color = 'blue'> .</font></B>  -Absent
<B><font color = 'blue'> .</font></B>  -Absent
<B><font color = 'blue'> .</font></B>  -Absent
<B><font color = 'blue'> .</font></B>  -Absent
<B><font color = 'blue'> .</font></B>  -Absent
<B><font color = 'blue'> .</font></B>  -Absent
<B><font color = 'blue'> .</font></B>  -Absent
<B><font color = 'blue'> .</font></B>  -Absent
<B><font color = 'blue'> .</font></B>  -Absent
<B><font color = 'blue'> .</font></B>  -Absent
<B><font color = 'blue'> .</font></B>  -DESKTOP-PJJHB19 - GLB-BLR-002OjUpRD2 
<B><font color = 'blue'> .</font></B>  --
<B><font color = 'blue'> .</font></B>  -GLB-BLR-002OjUpRD2
<B><font color = 'blue'> .</font></B>  -2022-11-13
<B><font color = 'blue'> .</font></B>  -Absent
<B><font color = 'blue'> .</font></B>  -Absent
<B><font color = 'blue'> .</font></B>  -undefined
<B><font color = 'blue'> .</font></B>  -Default
<B><font color = 'blue'> .</font></B>  -Default
<B><font color = 'blue'> .</font></B>  -Absent
<B><font color = 'blue'> .</font></B>  -Absent
<B><font color = 'blue'> .</font></B>  -Absent
<B><font color = 'blue'> .</font></B>  -Absent
<B><font color = 'blue'> .</font></B>  -Absent
<B><font color = 'blue'> .</font></B>  -Absent
<B><font color = 'blue'> .</font></B>  -Absent
<B><font color = 'blue'> .</font></B>  -Absent
<B><font color = 'blue'> .</font></B>  -Absent
<B><font color = 'blue'> .</font></B>  -Absent
<B><font color = 'blue'> .</font></B>  -Absent
<B><font color = 'blue'> .</font></B>  -Usb Test 
<B><font color = 'blue'> .</font></B>  -usbtest123@gmail.com
<B><font color = 'blue'> .</font></B>  -emp0097
<B><font color = 'blue'> .</font></B>  -2022-11-13
<B><font color = 'blue'> .</font></B>  -Absent
<B><font color = 'blue'> .</font></B>  -Absent
<B><font color = 'blue'> .</font></B>  -undefined
<B><font color = 'blue'> .</font></B>  -Default
<B><font color = 'blue'> .</font></B>  -Default
<B><font color = 'blue'> .</font></B>  -Absent
<B><font color = 'blue'> .</font></B>  -Absent
<B><font color = 'blue'> .</font></B>  -Absent
<B><font color = 'blue'> .</font></B>  -Absent
<B><font color = 'blue'> .</font></B>  -Absent
<B><font color = 'blue'> .</font></B>  -Absent
<B><font color = 'blue'> .</font></B>  -Absent
<B><font color = 'blue'> .</font></B>  -Absent
<B><font color = 'blue'> .</font></B>  -Absent
<B><font color = 'blue'> .</font></B>  -Absent
<B><font color = 'blue'> .</font></B>  -Absent
<B><font color = 'blue'> .</font></B>  -SS Keystrokes 
<B><font color = 'blue'> .</font></B>  -sskey@gmail.com
<B><font color = 'blue'> .</font></B>  -emp98y
<B><font color = 'blue'> .</font></B>  -2022-11-13
<B><font color = 'blue'> .</font></B>  -Absent
<B><font color = 'blue'> .</font></B>  -Absent
<B><font color = 'blue'> .</font></B>  -undefined
<B><font color = 'blue'> .</font></B>  -Default
<B><font color = 'blue'> .</font></B>  -Default
<B><font color = 'blue'> .</font></B>  -Absent
<B><font color = 'blue'> .</font></B>  -Absent
<B><font color = 'blue'> .</font></B>  -Absent
<B><font color = 'blue'> .</font></B>  -Absent
<B><font color = 'blue'> .</font></B>  -Absent
<B><font color = 'blue'> .</font></B>  -Absent
<B><font color = 'blue'> .</font></B>  -Absent
<B><font color = 'blue'> .</font></B>  -Absent
<B><font color = 'blue'> .</font></B>  -Absent
<B><font color = 'blue'> .</font></B>  -Absent
<B><font color = 'blue'> .</font></B>  -Absent
<B><font color = 'blue'> .</font></B>  -shivammmmmmmmmmmmmmmmmmmm Kumar 
<B><font color = 'blue'> .</font></B>  -kgfyash545@gmail.com
<B><font color = 'blue'> .</font></B>  -hsakhdjk414
<B><font color = 'blue'> .</font></B>  -2022-11-13
<B><font color = 'blue'> .</font></B>  -Absent
<B><font color = 'blue'> .</font></B>  -Absent
<B><font color = 'blue'> .</font></B>  -undefined
<B><font color = 'blue'> .</font></B>  -Default
<B><font color = 'blue'> .</font></B>  -Default
<B><font color = 'blue'> .</font></B>  -Absent
<B><font color = 'blue'> .</font></B>  -Absent
<B><font color = 'blue'> .</font></B>  -Absent
<B><font color = 'blue'> .</font></B>  -Absent
<B><font color = 'blue'> .</font></B>  -Absent
<B><font color = 'blue'> .</font></B>  -Absent
<B><font color = 'blue'> .</font></B>  -Absent
<B><font color = 'blue'> .</font></B>  -Absent
<B><font color = 'blue'> .</font></B>  -Absent
<B><font color = 'blue'> .</font></B>  -Absent
<B><font color = 'blue'> .</font></B>  -Absent
<B><font color = 'blue'> .</font></B>  -Abhishek Four tf test 
<B><font color = 'blue'> .</font></B>  -abhishekfourtf@mail.com
<B><font color = 'blue'> .</font></B>  -HLIKSJ98
<B><font color = 'blue'> .</font></B>  -2022-11-13
<B><font color = 'blue'> .</font></B>  -Absent
<B><font color = 'blue'> .</font></B>  -Absent
<B><font color = 'blue'> .</font></B>  -undefined
<B><font color = 'blue'> .</font></B>  -Default
<B><font color = 'blue'> .</font></B>  -Default
<B><font color = 'blue'> .</font></B>  -Absent
<B><font color = 'blue'> .</font></B>  -Absent
<B><font color = 'blue'> .</font></B>  -Absent
<B><font color = 'blue'> .</font></B>  -Absent
<B><font color = 'blue'> .</font></B>  -Absent
<B><font color = 'blue'> .</font></B>  -Absent
<B><font color = 'blue'> .</font></B>  -Absent
<B><font color = 'blue'> .</font></B>  -Absent
<B><font color = 'blue'> .</font></B>  -Absent
<B><font color = 'blue'> .</font></B>  -Absent
<B><font color = 'blue'> .</font></B>  -Absent
<B><font color = 'blue'> .</font></B>  -new dev user 
<B><font color = 'blue'> .</font></B>  -new@dev.user
<B><font color = 'blue'> .</font></B>  -fdfsfsd
<B><font color = 'blue'> .</font></B>  -2022-11-13
<B><font color = 'blue'> .</font></B>  -Absent
<B><font color = 'blue'> .</font></B>  -Absent
<B><font color = 'blue'> .</font></B>  -undefined
<B><font color = 'blue'> .</font></B>  -Default
<B><font color = 'blue'> .</font></B>  -Default
<B><font color = 'blue'> .</font></B>  -Absent
<B><font color = 'blue'> .</font></B>  -Absent
<B><font color = 'blue'> .</font></B>  -Absent
<B><font color = 'blue'> .</font></B>  -Absent
<B><font color = 'blue'> .</font></B>  -Absent
<B><font color = 'blue'> .</font></B>  -Absent
<B><font color = 'blue'> .</font></B>  -Absent
<B><font color = 'blue'> .</font></B>  -Absent
<B><font color = 'blue'> .</font></B>  -Absent
<B><font color = 'blue'> .</font></B>  -Absent
<B><font color = 'blue'> .</font></B>  -Absent
<B><font color = 'blue'> .</font></B>  -aaaaaaaaaa aaaaaaaaa 
<B><font color = 'blue'> .</font></B>  -mmmm@gmail.com
<B><font color = 'blue'> .</font></B>  -80765s
<B><font color = 'blue'> .</font></B>  -2022-11-13
<B><font color = 'blue'> .</font></B>  -Absent
<B><font color = 'blue'> .</font></B>  -Absent
<B><font color = 'blue'> .</font></B>  -undefined
<B><font color = 'blue'> .</font></B>  -Bangalore
<B><font color = 'blue'> .</font></B>  -Testing
<B><font color = 'blue'> .</font></B>  -Absent
<B><font color = 'blue'> .</font></B>  -Absent
<B><font color = 'blue'> .</font></B>  -Absent
<B><font color = 'blue'> .</font></B>  -Absent
<B><font color = 'blue'> .</font></B>  -Absent
<B><font color = 'blue'> .</font></B>  -Absent
<B><font color = 'blue'> .</font></B>  -Absent
<B><font color = 'blue'> .</font></B>  -Absent
<B><font color = 'blue'> .</font></B>  -Absent
<B><font color = 'blue'> .</font></B>  -Absent
<B><font color = 'blue'> .</font></B>  -Absent
<B><font color = 'blue'> .</font></B>  -sumesh test 
<B><font color = 'blue'> .</font></B>  -sumesh@mail.com
<B><font color = 'blue'> .</font></B>  -fdgfdgf
<B><font color = 'blue'> .</font></B>  -2022-11-13
<B><font color = 'blue'> .</font></B>  -Absent
<B><font color = 'blue'> .</font></B>  -Absent
<B><font color = 'blue'> .</font></B>  -undefined
<B><font color = 'blue'> .</font></B>  -Bangalore
<B><font color = 'blue'> .</font></B>  -Testing
<B><font color = 'blue'> .</font></B>  -Absent
<B><font color = 'blue'> .</font></B>  -Absent
<B><font color = 'blue'> .</font></B>  -Absent
<B><font color = 'blue'> .</font></B>  -Absent
<B><font color = 'blue'> .</font></B>  -Absent
<B><font color = 'blue'> .</font></B>  -Absent
<B><font color = 'blue'> .</font></B>  -Absent
<B><font color = 'blue'> .</font></B>  -Absent
<B><font color = 'blue'> .</font></B>  -Absent
<B><font color = 'blue'> .</font></B>  -Absent
<B><font color = 'blue'> .</font></B>  -Absent
<B><font color = 'blue'> .</font></B>  -Test msc 
<B><font color = 'blue'> .</font></B>  -test123@gmail.com
<B><font color = 'blue'> .</font></B>  -12254
<B><font color = 'blue'> .</font></B>  -2022-11-13
<B><font color = 'blue'> .</font></B>  -Absent
<B><font color = 'blue'> .</font></B>  -Absent
<B><font color = 'blue'> .</font></B>  -undefined
<B><font color = 'blue'> .</font></B>  -Bangalore
<B><font color = 'blue'> .</font></B>  -Testing
<B><font color = 'blue'> .</font></B>  -Absent
<B><font color = 'blue'> .</font></B>  -Absent
<B><font color = 'blue'> .</font></B>  -Absent
<B><font color = 'blue'> .</font></B>  -Absent
<B><font color = 'blue'> .</font></B>  -Absent
<B><font color = 'blue'> .</font></B>  -Absent
<B><font color = 'blue'> .</font></B>  -Absent
<B><font color = 'blue'> .</font></B>  -Absent
<B><font color = 'blue'> .</font></B>  -Absent
<B><font color = 'blue'> .</font></B>  -Absent
<B><font color = 'blue'> .</font></B>  -Absent
<B><font color = 'blue'> .</font></B>  -deffdfds vscsc 
<B><font color = 'blue'> .</font></B>  -cscsdw123@gmail.com
<B><font color = 'blue'> .</font></B>  -1234512
<B><font color = 'blue'> .</font></B>  -2022-11-13
<B><font color = 'blue'> .</font></B>  -Absent
<B><font color = 'blue'> .</font></B>  -Absent
<B><font color = 'blue'> .</font></B>  -undefined
<B><font color = 'blue'> .</font></B>  -Bangalore
<B><font color = 'blue'> .</font></B>  -Testing
<B><font color = 'blue'> .</font></B>  -Absent
<B><font color = 'blue'> .</font></B>  -Absent
<B><font color = 'blue'> .</font></B>  -Absent
<B><font color = 'blue'> .</font></B>  -Absent
<B><font color = 'blue'> .</font></B>  -Absent
<B><font color = 'blue'> .</font></B>  -Absent
<B><font color = 'blue'> .</font></B>  -Absent
<B><font color = 'blue'> .</font></B>  -Absent
<B><font color = 'blue'> .</font></B>  -Absent
<B><font color = 'blue'> .</font></B>  -Absent
<B><font color = 'blue'> .</font></B>  -Absent
<B><font color = 'blue'> .</font></B>  -test testtt 
<B><font color = 'blue'> .</font></B>  -abcd@gmail.com
<B><font color = 'blue'> .</font></B>  -GLB55
<B><font color = 'blue'> .</font></B>  -2022-11-13
<B><font color = 'blue'> .</font></B>  -Absent
<B><font color = 'blue'> .</font></B>  -Absent
<B><font color = 'blue'> .</font></B>  -undefined
<B><font color = 'blue'> .</font></B>  -Bangalore
<B><font color = 'blue'> .</font></B>  -Testing
<B><font color = 'blue'> .</font></B>  -Absent
<B><font color = 'blue'> .</font></B>  -Absent
<B><font color = 'blue'> .</font></B>  -Absent
<B><font color = 'blue'> .</font></B>  -Absent
<B><font color = 'blue'> .</font></B>  -Absent
<B><font color = 'blue'> .</font></B>  -Absent
<B><font color = 'blue'> .</font></B>  -Absent
<B><font color = 'blue'> .</font></B>  -Absent
<B><font color = 'blue'> .</font></B>  -Absent
<B><font color = 'blue'> .</font></B>  -Absent
<B><font color = 'blue'> .</font></B>  -Absent
<B><font color = 'blue'> .</font></B>  -Abhishe tt 
<B><font color = 'blue'> .</font></B>  -ab@ab.com
<B><font color = 'blue'> .</font></B>  -GKD567
<B><font color = 'blue'> .</font></B>  -2022-11-13
<B><font color = 'blue'> .</font></B>  -Absent
<B><font color = 'blue'> .</font></B>  -Absent
<B><font color = 'blue'> .</font></B>  -undefined
<B><font color = 'blue'> .</font></B>  -Bangalore
<B><font color = 'blue'> .</font></B>  -Testing
<B><font color = 'blue'> .</font></B>  -Absent
<B><font color = 'blue'> .</font></B>  -Absent
<B><font color = 'blue'> .</font></B>  -Absent
<B><font color = 'blue'> .</font></B>  -Absent
<B><font color = 'blue'> .</font></B>  -Absent
<B><font color = 'blue'> .</font></B>  -Absent
<B><font color = 'blue'> .</font></B>  -Absent
<B><font color = 'blue'> .</font></B>  -Absent
<B><font color = 'blue'> .</font></B>  -Absent
<B><font color = 'blue'> .</font></B>  -Absent
<B><font color = 'blue'> .</font></B>  -Absent
<B><font color = 'blue'> .</font></B>  -test nonadmin 
<B><font color = 'blue'> .</font></B>  -testnonadmin@gmail.com
<B><font color = 'blue'> .</font></B>  -GLB026
<B><font color = 'blue'> .</font></B>  -2022-11-13
<B><font color = 'blue'> .</font></B>  -Absent
<B><font color = 'blue'> .</font></B>  -Absent
<B><font color = 'blue'> .</font></B>  -undefined
<B><font color = 'blue'> .</font></B>  -Bangalore
<B><font color = 'blue'> .</font></B>  -Php
<B><font color = 'blue'> .</font></B>  -Absent
<B><font color = 'blue'> .</font></B>  -Absent
<B><font color = 'blue'> .</font></B>  -Absent
<B><font color = 'blue'> .</font></B>  -Absent
<B><font color = 'blue'> .</font></B>  -Absent
<B><font color = 'blue'> .</font></B>  -Absent
<B><font color = 'blue'> .</font></B>  -Absent
<B><font color = 'blue'> .</font></B>  -Absent
<B><font color = 'blue'> .</font></B>  -Absent
<B><font color = 'blue'> .</font></B>  -Absent
<B><font color = 'blue'> .</font></B>  -Absent
<B><font color = 'blue'> .</font></B>  -adg ckj 
<B><font color = 'blue'> .</font></B>  -adcs@1234
<B><font color = 'blue'> .</font></B>  -583
<B><font color = 'blue'> .</font></B>  -2022-11-13
<B><font color = 'blue'> .</font></B>  -Absent
<B><font color = 'blue'> .</font></B>  -Absent
<B><font color = 'blue'> .</font></B>  -undefined
<B><font color = 'blue'> .</font></B>  -Bangalore
<B><font color = 'blue'> .</font></B>  -Testing
<B><font color = 'blue'> .</font></B>  -Absent
<B><font color = 'blue'> .</font></B>  -Absent
<B><font color = 'blue'> .</font></B>  -Absent
<B><font color = 'blue'> .</font></B>  -Absent
<B><font color = 'blue'> .</font></B>  -Absent
<B><font color = 'blue'> .</font></B>  -Absent
<B><font color = 'blue'> .</font></B>  -Absent
<B><font color = 'blue'> .</font></B>  -Absent
<B><font color = 'blue'> .</font></B>  -Absent
<B><font color = 'blue'> .</font></B>  -Absent
<B><font color = 'blue'> .</font></B>  -Absent
<B><font color = 'blue'> .</font></B>  -dominic toretto 
<B><font color = 'blue'> .</font></B>  -dom.toretto737@gmail.com
<B><font color = 'blue'> .</font></B>  -EMP011
<B><font color = 'blue'> .</font></B>  -2022-11-13
<B><font color = 'blue'> .</font></B>  -Absent
<B><font color = 'blue'> .</font></B>  -Absent
<B><font color = 'blue'> .</font></B>  -undefined
<B><font color = 'blue'> .</font></B>  -Bangalore
<B><font color = 'blue'> .</font></B>  -Testing
<B><font color = 'blue'> .</font></B>  -Absent
<B><font color = 'blue'> .</font></B>  -Absent
<B><font color = 'blue'> .</font></B>  -Absent
<B><font color = 'blue'> .</font></B>  -Absent
<B><font color = 'blue'> .</font></B>  -Absent
<B><font color = 'blue'> .</font></B>  -Absent
<B><font color = 'blue'> .</font></B>  -Absent
<B><font color = 'blue'> .</font></B>  -Absent
<B><font color = 'blue'> .</font></B>  -Absent
<B><font color = 'blue'> .</font></B>  -Absent
<B><font color = 'blue'> .</font></B>  -Absent
<B><font color = 'blue'> .</font></B>  -Abhishek Test 
<B><font color = 'blue'> .</font></B>  -abhishektrest@glb.in
<B><font color = 'blue'> .</font></B>  -rN7tvEiDPGNi4fD
<B><font color = 'blue'> .</font></B>  -2022-11-13
<B><font color = 'blue'> .</font></B>  -Absent
<B><font color = 'blue'> .</font></B>  -Absent
<B><font color = 'blue'> .</font></B>  -undefined
<B><font color = 'blue'> .</font></B>  -Bangalore
<B><font color = 'blue'> .</font></B>  -Php
<B><font color = 'blue'> .</font></B>  -Absent
<B><font color = 'blue'> .</font></B>  -Absent
<B><font color = 'blue'> .</font></B>  -Absent
<B><font color = 'blue'> .</font></B>  -Absent
<B><font color = 'blue'> .</font></B>  -Absent
<B><font color = 'blue'> .</font></B>  -Absent
<B><font color = 'blue'> .</font></B>  -Absent
<B><font color = 'blue'> .</font></B>  -Absent
<B><font color = 'blue'> .</font></B>  -Absent
<B><font color = 'blue'> .</font></B>  -Absent
<B><font color = 'blue'> .</font></B>  -Absent
<B><font color = 'blue'> .</font></B>  -Superior Test one 
<B><font color = 'blue'> .</font></B>  -superiorone@gmail.com
<B><font color = 'blue'> .</font></B>  -twoqw
<B><font color = 'blue'> .</font></B>  -2022-11-13
<B><font color = 'blue'> .</font></B>  -Absent
<B><font color = 'blue'> .</font></B>  -Absent
<B><font color = 'blue'> .</font></B>  -undefined
<B><font color = 'blue'> .</font></B>  -Bangalore
<B><font color = 'blue'> .</font></B>  -Testing
<B><font color = 'blue'> .</font></B>  -Absent
<B><font color = 'blue'> .</font></B>  -Absent
<B><font color = 'blue'> .</font></B>  -Absent
<B><font color = 'blue'> .</font></B>  -Absent
<B><font color = 'blue'> .</font></B>  -Absent
<B><font color = 'blue'> .</font></B>  -Absent
<B><font color = 'blue'> .</font></B>  -Absent
<B><font color = 'blue'> .</font></B>  -Absent
<B><font color = 'blue'> .</font></B>  -Absent
<B><font color = 'blue'> .</font></B>  -Absent
<B><font color = 'blue'> .</font></B>  -Absent
<B><font color = 'blue'> .</font></B>  -test testw 
<B><font color = 'blue'> .</font></B>  -test@mac.in
<B><font color = 'blue'> .</font></B>  -aaf123
<B><font color = 'blue'> .</font></B>  -2022-11-13
<B><font color = 'blue'> .</font></B>  -Absent
<B><font color = 'blue'> .</font></B>  -Absent
<B><font color = 'blue'> .</font></B>  -undefined
<B><font color = 'blue'> .</font></B>  -Bangalore
<B><font color = 'blue'> .</font></B>  -Php
<B><font color = 'blue'> .</font></B>  -Absent
<B><font color = 'blue'> .</font></B>  -Absent
<B><font color = 'blue'> .</font></B>  -Absent
<B><font color = 'blue'> .</font></B>  -Absent
<B><font color = 'blue'> .</font></B>  -Absent
<B><font color = 'blue'> .</font></B>  -Absent
<B><font color = 'blue'> .</font></B>  -Absent
<B><font color = 'blue'> .</font></B>  -Absent
<B><font color = 'blue'> .</font></B>  -Absent
<B><font color = 'blue'> .</font></B>  -Absent
<B><font color = 'blue'> .</font></B>  -Absent
<B><font color = 'blue'> .</font></B>  -sam eer 
<B><font color = 'blue'> .</font></B>  -sam@rf.in
<B><font color = 'blue'> .</font></B>  -WSAERT2Q34E
<B><font color = 'blue'> .</font></B>  -2022-11-13
<B><font color = 'blue'> .</font></B>  -Absent
<B><font color = 'blue'> .</font></B>  -Absent
<B><font color = 'blue'> .</font></B>  -undefined
<B><font color = 'blue'> .</font></B>  -Bangalore
<B><font color = 'blue'> .</font></B>  -Testing
<B><font color = 'blue'> .</font></B>  -Absent
<B><font color = 'blue'> .</font></B>  -Absent
<B><font color = 'blue'> .</font></B>  -Absent
<B><font color = 'blue'> .</font></B>  -Absent
<B><font color = 'blue'> .</font></B>  -Absent
<B><font color = 'blue'> .</font></B>  -Absent
<B><font color = 'blue'> .</font></B>  -Absent
<B><font color = 'blue'> .</font></B>  -Absent
<B><font color = 'blue'> .</font></B>  -Absent
<B><font color = 'blue'> .</font></B>  -Absent
<B><font color = 'blue'> .</font></B>  -Absent
<B><font color = 'blue'> .</font></B>  -Test test 
<B><font color = 'blue'> .</font></B>  -sarikajain@gmail.com
<B><font color = 'blue'> .</font></B>  -E-101
<B><font color = 'blue'> .</font></B>  -2022-11-13
<B><font color = 'blue'> .</font></B>  -Absent
<B><font color = 'blue'> .</font></B>  -Absent
<B><font color = 'blue'> .</font></B>  -undefined
<B><font color = 'blue'> .</font></B>  -Bangalore
<B><font color = 'blue'> .</font></B>  -Testing
<B><font color = 'blue'> .</font></B>  -Absent
<B><font color = 'blue'> .</font></B>  -Absent
<B><font color = 'blue'> .</font></B>  -Absent
<B><font color = 'blue'> .</font></B>  -Absent
<B><font color = 'blue'> .</font></B>  -Absent
<B><font color = 'blue'> .</font></B>  -Absent
<B><font color = 'blue'> .</font></B>  -Absent
<B><font color = 'blue'> .</font></B>  -Absent
<B><font color = 'blue'> .</font></B>  -Absent
<B><font color = 'blue'> .</font></B>  -Absent
<B><font color = 'blue'> .</font></B>  -Absent
<B><font color = 'blue'> .</font></B>  -sithu kalluru 
<B><font color = 'blue'> .</font></B>  -sitaramireddy@globussoft.in
<B><font color = 'blue'> .</font></B>  -code12
<B><font color = 'blue'> .</font></B>  -2022-11-13
<B><font color = 'blue'> .</font></B>  -Absent
<B><font color = 'blue'> .</font></B>  -Absent
<B><font color = 'blue'> .</font></B>  -undefined
<B><font color = 'blue'> .</font></B>  -Bangalore
<B><font color = 'blue'> .</font></B>  -Testing
<B><font color = 'blue'> .</font></B>  -Absent
<B><font color = 'blue'> .</font></B>  -Absent
<B><font color = 'blue'> .</font></B>  -Absent
<B><font color = 'blue'> .</font></B>  -Absent
<B><font color = 'blue'> .</font></B>  -Absent
<B><font color = 'blue'> .</font></B>  -Absent
<B><font color = 'blue'> .</font></B>  -Absent
<B><font color = 'blue'> .</font></B>  -Absent
<B><font color = 'blue'> .</font></B>  -Absent
<B><font color = 'blue'> .</font></B>  -Absent
<B><font color = 'blue'> .</font></B>  -Absent
<B><font color = 'blue'> .</font></B>  -test123 abcd 
<B><font color = 'blue'> .</font></B>  -s@gmail.com
<B><font color = 'blue'> .</font></B>  -code123z
<B><font color = 'blue'> .</font></B>  -2022-11-13
<B><font color = 'blue'> .</font></B>  -Absent
<B><font color = 'blue'> .</font></B>  -Absent
<B><font color = 'blue'> .</font></B>  -undefined
<B><font color = 'blue'> .</font></B>  -Bangalore
<B><font color = 'blue'> .</font></B>  -Testing
<B><font color = 'blue'> .</font></B>  -Absent
<B><font color = 'blue'> .</font></B>  -Absent
<B><font color = 'blue'> .</font></B>  -Absent
<B><font color = 'blue'> .</font></B>  -Absent
<B><font color = 'blue'> .</font></B>  -Absent
<B><font color = 'blue'> .</font></B>  -Absent
<B><font color = 'blue'> .</font></B>  -Absent
<B><font color = 'blue'> .</font></B>  -Absent
<B><font color = 'blue'> .</font></B>  -Absent
<B><font color = 'blue'> .</font></B>  -Absent
<B><font color = 'blue'> .</font></B>  -Absent
<B><font color = 'blue'> .</font></B>  -testing test 
<B><font color = 'blue'> .</font></B>  -aarshajoyson1601@gmail.com
<B><font color = 'blue'> .</font></B>  -glb0008
<B><font color = 'blue'> .</font></B>  -2022-11-13
<B><font color = 'blue'> .</font></B>  -Absent
<B><font color = 'blue'> .</font></B>  -Absent
<B><font color = 'blue'> .</font></B>  -undefined
<B><font color = 'blue'> .</font></B>  -Bangalore
<B><font color = 'blue'> .</font></B>  -Php
<B><font color = 'blue'> .</font></B>  -Absent
<B><font color = 'blue'> .</font></B>  -Absent
<B><font color = 'blue'> .</font></B>  -Absent
<B><font color = 'blue'> .</font></B>  -Absent
<B><font color = 'blue'> .</font></B>  -Absent
<B><font color = 'blue'> .</font></B>  -Absent
<B><font color = 'blue'> .</font></B>  -Absent
<B><font color = 'blue'> .</font></B>  -Absent
<B><font color = 'blue'> .</font></B>  -Absent
<B><font color = 'blue'> .</font></B>  -Absent
<B><font color = 'blue'> .</font></B>  -Absent
<B><font color = 'blue'> .</font></B>  -Automation CodeeeAuto 
<B><font color = 'blue'> .</font></B>  -skabcdef7@gmail.com
<B><font color = 'blue'> .</font></B>  -Emp-Abzcde-1234522
<B><font color = 'blue'> .</font></B>  -2022-11-13
<B><font color = 'blue'> .</font></B>  -Absent
<B><font color = 'blue'> .</font></B>  -Absent
<B><font color = 'blue'> .</font></B>  -undefined
<B><font color = 'blue'> .</font></B>  -Bangalore
<B><font color = 'blue'> .</font></B>  -Testing
<B><font color = 'blue'> .</font></B>  -Absent
<B><font color = 'blue'> .</font></B>  -Absent
<B><font color = 'blue'> .</font></B>  -Absent
<B><font color = 'blue'> .</font></B>  -Absent
<B><font color = 'blue'> .</font></B>  -Absent
<B><font color = 'blue'> .</font></B>  -Absent
<B><font color = 'blue'> .</font></B>  -Absent
<B><font color = 'blue'> .</font></B>  -Absent
<B><font color = 'blue'> .</font></B>  -Absent
<B><font color = 'blue'> .</font></B>  -Absent
<B><font color = 'blue'> .</font></B>  -Absent
<B><font color = 'blue'> .</font></B>  -piyush dfgsfg 
<B><font color = 'blue'> .</font></B>  -jos@gmail.com
<B><font color = 'blue'> .</font></B>  -sdgff
<B><font color = 'blue'> .</font></B>  -2022-11-13
<B><font color = 'blue'> .</font></B>  -Absent
<B><font color = 'blue'> .</font></B>  -Absent
<B><font color = 'blue'> .</font></B>  -undefined
<B><font color = 'blue'> .</font></B>  -Bangalore
<B><font color = 'blue'> .</font></B>  -Testing
<B><font color = 'blue'> .</font></B>  -Absent
<B><font color = 'blue'> .</font></B>  -Absent
<B><font color = 'blue'> .</font></B>  -Absent
<B><font color = 'blue'> .</font></B>  -Absent
<B><font color = 'blue'> .</font></B>  -Absent
<B><font color = 'blue'> .</font></B>  -Absent
<B><font color = 'blue'> .</font></B>  -Absent
<B><font color = 'blue'> .</font></B>  -Absent
<B><font color = 'blue'> .</font></B>  -Absent
<B><font color = 'blue'> .</font></B>  -Absent
<B><font color = 'blue'> .</font></B>  -Absent
<B><font color = 'blue'> .</font></B>  -Aryan raj 
<B><font color = 'blue'> .</font></B>  -alex@gmail.com
<B><font color = 'blue'> .</font></B>  -126
<B><font color = 'blue'> .</font></B>  -2022-11-13
<B><font color = 'blue'> .</font></B>  -Absent
<B><font color = 'blue'> .</font></B>  -Absent
<B><font color = 'blue'> .</font></B>  -undefined
<B><font color = 'blue'> .</font></B>  -Bangalore
<B><font color = 'blue'> .</font></B>  -Testing
<B><font color = 'blue'> .</font></B>  -Absent
<B><font color = 'blue'> .</font></B>  -Absent
<B><font color = 'blue'> .</font></B>  -Absent
<B><font color = 'blue'> .</font></B>  -Absent
<B><font color = 'blue'> .</font></B>  -Absent
<B><font color = 'blue'> .</font></B>  -Absent
<B><font color = 'blue'> .</font></B>  -Absent
<B><font color = 'blue'> .</font></B>  -Absent
<B><font color = 'blue'> .</font></B>  -Absent
<B><font color = 'blue'> .</font></B>  -Absent
<B><font color = 'blue'> .</font></B>  -Absent
<B><font color = 'blue'> .</font></B>  -Automation CodeeeAuto 
<B><font color = 'blue'> .</font></B>  -skabcdef38@gmail.com
<B><font color = 'blue'> .</font></B>  -Emp-Abzcde-123457
<B><font color = 'blue'> .</font></B>  -2022-11-13
<B><font color = 'blue'> .</font></B>  -Absent
<B><font color = 'blue'> .</font></B>  -Absent
<B><font color = 'blue'> .</font></B>  -undefined
<B><font color = 'blue'> .</font></B>  -Bangalore
<B><font color = 'blue'> .</font></B>  -Testing
<B><font color = 'blue'> .</font></B>  -Absent
<B><font color = 'blue'> .</font></B>  -Absent
<B><font color = 'blue'> .</font></B>  -Absent
<B><font color = 'blue'> .</font></B>  -Absent
<B><font color = 'blue'> .</font></B>  -Absent
<B><font color = 'blue'> .</font></B>  -Absent
<B><font color = 'blue'> .</font></B>  -Absent
<B><font color = 'blue'> .</font></B>  -Absent
<B><font color = 'blue'> .</font></B>  -Absent
<B><font color = 'blue'> .</font></B>  -Absent
<B><font color = 'blue'> .</font></B>  -Absent
<B><font color = 'blue'> .</font></B>  -Automation CodeeeAuto 
<B><font color = 'blue'> .</font></B>  -skabcdef33@gmail.com
<B><font color = 'blue'> .</font></B>  -Emp-Abzcde-1234557
<B><font color = 'blue'> .</font></B>  -2022-11-13
<B><font color = 'blue'> .</font></B>  -Absent
<B><font color = 'blue'> .</font></B>  -Absent
<B><font color = 'blue'> .</font></B>  -undefined
<B><font color = 'blue'> .</font></B>  -Bangalore
<B><font color = 'blue'> .</font></B>  -Testing
<B><font color = 'blue'> .</font></B>  -Absent
<B><font color = 'blue'> .</font></B>  -Absent
<B><font color = 'blue'> .</font></B>  -Absent
<B><font color = 'blue'> .</font></B>  -Absent
<B><font color = 'blue'> .</font></B>  -Absent
<B><font color = 'blue'> .</font></B>  -Absent
<B><font color = 'blue'> .</font></B>  -Absent
<B><font color = 'blue'> .</font></B>  -Absent
<B><font color = 'blue'> .</font></B>  -Absent
<B><font color = 'blue'> .</font></B>  -Absent
<B><font color = 'blue'> .</font></B>  -Absent
<B><font color = 'blue'> .</font></B>  -D Surya Prabhakar 
<B><font color = 'blue'> .</font></B>  -surya1@gmail.com
<B><font color = 'blue'> .</font></B>  -EM010
<B><font color = 'blue'> .</font></B>  -2022-11-13
<B><font color = 'blue'> .</font></B>  -Absent
<B><font color = 'blue'> .</font></B>  -Absent
<B><font color = 'blue'> .</font></B>  -undefined
<B><font color = 'blue'> .</font></B>  -bengaluru
<B><font color = 'blue'> .</font></B>  -Testing
<B><font color = 'blue'> .</font></B>  -Absent
<B><font color = 'blue'> .</font></B>  -Absent
<B><font color = 'blue'> .</font></B>  -Absent
<B><font color = 'blue'> .</font></B>  -Absent
<B><font color = 'blue'> .</font></B>  -Absent
<B><font color = 'blue'> .</font></B>  -Absent
<B><font color = 'blue'> .</font></B>  -Absent
<B><font color = 'blue'> .</font></B>  -Absent
<B><font color = 'blue'> .</font></B>  -Absent
<B><font color = 'blue'> .</font></B>  -Absent
<B><font color = 'blue'> .</font></B>  -Absent
<B><font color = 'blue'> .</font></B>  -R o       hit Sharma 
<B><font color = 'blue'> .</font></B>  -rahulrajt5613928@gmail.com
<B><font color = 'blue'> .</font></B>  -67645
<B><font color = 'blue'> .</font></B>  -2022-11-13
<B><font color = 'blue'> .</font></B>  -Absent
<B><font color = 'blue'> .</font></B>  -Absent
<B><font color = 'blue'> .</font></B>  -undefined
<B><font color = 'blue'> .</font></B>  -bengaluru
<B><font color = 'blue'> .</font></B>  -Testing
<B><font color = 'blue'> .</font></B>  -Absent
<B><font color = 'blue'> .</font></B>  -Absent
<B><font color = 'blue'> .</font></B>  -Absent
<B><font color = 'blue'> .</font></B>  -Absent
<B><font color = 'blue'> .</font></B>  -Absent
<B><font color = 'blue'> .</font></B>  -Absent
<B><font color = 'blue'> .</font></B>  -Absent
<B><font color = 'blue'> .</font></B>  -Absent
<B><font color = 'blue'> .</font></B>  -Absent
<B><font color = 'blue'> .</font></B>  -Absent
<B><font color = 'blue'> .</font></B>  -Absent
<B><font color = 'blue'> .</font></B>  -ni test 
<B><font color = 'blue'> .</font></B>  -nitest12@gmail.com
<B><font color = 'blue'> .</font></B>  -GLB678
<B><font color = 'blue'> .</font></B>  -2022-11-13
<B><font color = 'blue'> .</font></B>  -Absent
<B><font color = 'blue'> .</font></B>  -Absent
<B><font color = 'blue'> .</font></B>  -undefined
<B><font color = 'blue'> .</font></B>  -bengaluru
<B><font color = 'blue'> .</font></B>  -Testing
<B><font color = 'blue'> .</font></B>  -Absent
<B><font color = 'blue'> .</font></B>  -Absent
<B><font color = 'blue'> .</font></B>  -Absent
<B><font color = 'blue'> .</font></B>  -Absent
<B><font color = 'blue'> .</font></B>  -Absent
<B><font color = 'blue'> .</font></B>  -Absent
<B><font color = 'blue'> .</font></B>  -Absent
<B><font color = 'blue'> .</font></B>  -Absent
<B><font color = 'blue'> .</font></B>  -Absent
<B><font color = 'blue'> .</font></B>  -Absent
<B><font color = 'blue'> .</font></B>  -Absent
<B><font color = 'blue'> .</font></B>  -one test 
<B><font color = 'blue'> .</font></B>  -testone1234@gmail.com
<B><font color = 'blue'> .</font></B>  -0110
<B><font color = 'blue'> .</font></B>  -2022-11-13
<B><font color = 'blue'> .</font></B>  -Absent
<B><font color = 'blue'> .</font></B>  -Absent
<B><font color = 'blue'> .</font></B>  -undefined
<B><font color = 'blue'> .</font></B>  -bengaluru
<B><font color = 'blue'> .</font></B>  -Testing
<B><font color = 'blue'> .</font></B>  -Absent
<B><font color = 'blue'> .</font></B>  -Absent
<B><font color = 'blue'> .</font></B>  -Absent
<B><font color = 'blue'> .</font></B>  -Absent
<B><font color = 'blue'> .</font></B>  -Absent
<B><font color = 'blue'> .</font></B>  -Absent
<B><font color = 'blue'> .</font></B>  -Absent
<B><font color = 'blue'> .</font></B>  -Absent
<B><font color = 'blue'> .</font></B>  -Absent
<B><font color = 'blue'> .</font></B>  -Absent
<B><font color = 'blue'> .</font></B>  -Absent
<B><font color = 'blue'> .</font></B>  -GLB-BLR-010-PC - GLB-BLR-010 
<B><font color = 'blue'> .</font></B>  -abcd@yuksdgus
<B><font color = 'blue'> .</font></B>  -GLB-BLR-010
<B><font color = 'blue'> .</font></B>  -2022-11-13
<B><font color = 'blue'> .</font></B>  -Absent
<B><font color = 'blue'> .</font></B>  -Absent
<B><font color = 'blue'> .</font></B>  -undefined
<B><font color = 'blue'> .</font></B>  -bengaluru
<B><font color = 'blue'> .</font></B>  -Testing
<B><font color = 'blue'> .</font></B>  -Absent
<B><font color = 'blue'> .</font></B>  -Absent
<B><font color = 'blue'> .</font></B>  -Absent
<B><font color = 'blue'> .</font></B>  -Absent
<B><font color = 'blue'> .</font></B>  -Absent
<B><font color = 'blue'> .</font></B>  -Absent
<B><font color = 'blue'> .</font></B>  -Absent
<B><font color = 'blue'> .</font></B>  -Absent
<B><font color = 'blue'> .</font></B>  -Absent
<B><font color = 'blue'> .</font></B>  -Absent
<B><font color = 'blue'> .</font></B>  -Absent
<B><font color = 'blue'> .</font></B>  -surya kk 
<B><font color = 'blue'> .</font></B>  -123@gmail.com
<B><font color = 'blue'> .</font></B>  -mmmmm
<B><font color = 'blue'> .</font></B>  -2022-11-13
<B><font color = 'blue'> .</font></B>  -Absent
<B><font color = 'blue'> .</font></B>  -Absent
<B><font color = 'blue'> .</font></B>  -undefined
<B><font color = 'blue'> .</font></B>  -Tamilnadu
<B><font color = 'blue'> .</font></B>  -Test and Dev
<B><font color = 'blue'> .</font></B>  -Absent
<B><font color = 'blue'> .</font></B>  -Absent
<B><font color = 'blue'> .</font></B>  -Absent
<B><font color = 'blue'> .</font></B>  -Absent
<B><font color = 'blue'> .</font></B>  -Absent
<B><font color = 'blue'> .</font></B>  -Absent
<B><font color = 'blue'> .</font></B>  -Absent
<B><font color = 'blue'> .</font></B>  -Absent
<B><font color = 'blue'> .</font></B>  -Absent
<B><font color = 'blue'> .</font></B>  -Absent
<B><font color = 'blue'> .</font></B>  -Absent
<B><font color = 'blue'> .</font></B>  -sai kk 
<B><font color = 'blue'> .</font></B>  -saikk19876@gmail.com
<B><font color = 'blue'> .</font></B>  -20221019
<B><font color = 'blue'> .</font></B>  -2022-11-13
<B><font color = 'blue'> .</font></B>  -Absent
<B><font color = 'blue'> .</font></B>  -Absent
<B><font color = 'blue'> .</font></B>  -undefined
<B><font color = 'blue'> .</font></B>  -Tamilnadu
<B><font color = 'blue'> .</font></B>  -Test and Dev
<B><font color = 'blue'> .</font></B>  -Absent
<B><font color = 'blue'> .</font></B>  -Absent
<B><font color = 'blue'> .</font></B>  -Absent
<B><font color = 'blue'> .</font></B>  -Absent
<B><font color = 'blue'> .</font></B>  -Absent
<B><font color = 'blue'> .</font></B>  -Absent
<B><font color = 'blue'> .</font></B>  -Absent
<B><font color = 'blue'> .</font></B>  -Absent
<B><font color = 'blue'> .</font></B>  -Absent
<B><font color = 'blue'> .</font></B>  -Absent
<B><font color = 'blue'> .</font></B>  -Absent
<B><font color = 'blue'> .</font></B>  -ajeethemp test 
<B><font color = 'blue'> .</font></B>  -ajeethemp@gmail.com
<B><font color = 'blue'> .</font></B>  -A01
<B><font color = 'blue'> .</font></B>  -2022-11-13
<B><font color = 'blue'> .</font></B>  -Absent
<B><font color = 'blue'> .</font></B>  -Absent
<B><font color = 'blue'> .</font></B>  -undefined
<B><font color = 'blue'> .</font></B>  -Tamilnadu
<B><font color = 'blue'> .</font></B>  -Test and Dev
<B><font color = 'blue'> .</font></B>  -Absent
<B><font color = 'blue'> .</font></B>  -Absent
<B><font color = 'blue'> .</font></B>  -Absent
<B><font color = 'blue'> .</font></B>  -Absent
<B><font color = 'blue'> .</font></B>  -Absent
<B><font color = 'blue'> .</font></B>  -Absent
<B><font color = 'blue'> .</font></B>  -Absent
<B><font color = 'blue'> .</font></B>  -Absent
<B><font color = 'blue'> .</font></B>  -Absent
<B><font color = 'blue'> .</font></B>  -Absent
<B><font color = 'blue'> .</font></B>  -Absent
<B><font color = 'blue'> .</font></B>  -test user two 
<B><font color = 'blue'> .</font></B>  -testuser@two.io
<B><font color = 'blue'> .</font></B>  -GSLL-327
<B><font color = 'blue'> .</font></B>  -2022-11-13
<B><font color = 'blue'> .</font></B>  -Absent
<B><font color = 'blue'> .</font></B>  -Absent
<B><font color = 'blue'> .</font></B>  -undefined
<B><font color = 'blue'> .</font></B>  -Tamilnadu
<B><font color = 'blue'> .</font></B>  -Test and Dev
<B><font color = 'blue'> .</font></B>  -Absent
<B><font color = 'blue'> .</font></B>  -Absent
<B><font color = 'blue'> .</font></B>  -Absent
<B><font color = 'blue'> .</font></B>  -Absent
<B><font color = 'blue'> .</font></B>  -Absent
<B><font color = 'blue'> .</font></B>  -Absent
<B><font color = 'blue'> .</font></B>  -Absent
<B><font color = 'blue'> .</font></B>  -Absent
<B><font color = 'blue'> .</font></B>  -Absent
<B><font color = 'blue'> .</font></B>  -Absent
<B><font color = 'blue'> .</font></B>  -Absent
<B><font color = 'blue'> .</font></B>  -Himanshu Kumar 
<B><font color = 'blue'> .</font></B>  -himanshu1@gmail.com
<B><font color = 'blue'> .</font></B>  -EM011
<B><font color = 'blue'> .</font></B>  -2022-11-13
<B><font color = 'blue'> .</font></B>  -Absent
<B><font color = 'blue'> .</font></B>  -Absent
<B><font color = 'blue'> .</font></B>  -undefined
<B><font color = 'blue'> .</font></B>  -bagalkot
<B><font color = 'blue'> .</font></B>  -manual testing
<B><font color = 'blue'> .</font></B>  -Absent
<B><font color = 'blue'> .</font></B>  -Absent
<B><font color = 'blue'> .</font></B>  -Absent
<B><font color = 'blue'> .</font></B>  -Absent
<B><font color = 'blue'> .</font></B>  -Absent
<B><font color = 'blue'> .</font></B>  -Absent
<B><font color = 'blue'> .</font></B>  -Absent
<B><font color = 'blue'> .</font></B>  -Absent
<B><font color = 'blue'> .</font></B>  -Absent
<B><font color = 'blue'> .</font></B>  -Absent
<B><font color = 'blue'> .</font></B>  -Absent
<B><font color = 'blue'> .</font></B>  -dxgfdxg gssdg 
<B><font color = 'blue'> .</font></B>  -sdgsg@dgksodkg.in
<B><font color = 'blue'> .</font></B>  -asfda343443
<B><font color = 'blue'> .</font></B>  -2022-11-13
<B><font color = 'blue'> .</font></B>  -Absent
<B><font color = 'blue'> .</font></B>  -Absent
<B><font color = 'blue'> .</font></B>  -undefined
<B><font color = 'blue'> .</font></B>  -Bhilai
<B><font color = 'blue'> .</font></B>  -Php
<B><font color = 'blue'> .</font></B>  -Absent
<B><font color = 'blue'> .</font></B>  -Absent
<B><font color = 'blue'> .</font></B>  -Absent
<B><font color = 'blue'> .</font></B>  -Absent
<B><font color = 'blue'> .</font></B>  -Absent
<B><font color = 'blue'> .</font></B>  -Absent
<B><font color = 'blue'> .</font></B>  -Absent
<B><font color = 'blue'> .</font></B>  -Absent
<B><font color = 'blue'> .</font></B>  -Absent
<B><font color = 'blue'> .</font></B>  -Absent
<B><font color = 'blue'> .</font></B>  -Absent
<B><font color = 'blue'> .</font></B>  -Guest User 
<B><font color = 'blue'> .</font></B>  -guestuser@gmail.com
<B><font color = 'blue'> .</font></B>  -GLB-777
<B><font color = 'blue'> .</font></B>  -2022-11-12
<B><font color = 'blue'> .</font></B>  -12-11-2022 00:00:00
<B><font color = 'blue'> .</font></B>  -12-11-2022 19:00:01
<B><font color = 'blue'> .</font></B>  -GLB-124-PC
<B><font color = 'blue'> .</font></B>  -Bhilai
<B><font color = 'blue'> .</font></B>  -Php
<B><font color = 'blue'> .</font></B>  -19:00:01
<B><font color = 'blue'> .</font></B>  -13:02:58
<B><font color = 'blue'> .</font></B>  -00:00:00
<B><font color = 'blue'> .</font></B>  -00:00:00
<B><font color = 'blue'> .</font></B>  -00:00:00
<B><font color = 'blue'> .</font></B>  -00:00:00
<B><font color = 'blue'> .</font></B>  -13:02:58
<B><font color = 'blue'> .</font></B>  -05:57:03
<B><font color = 'blue'> .</font></B>  -0.00%
<B><font color = 'blue'> .</font></B>  -302:58
<B><font color = 'blue'> .</font></B>  -0.00
<B><font color = 'blue'> .</font></B>  -Virat kohli 
<B><font color = 'blue'> .</font></B>  -rahukbgdxgsf@gmail.com
<B><font color = 'blue'> .</font></B>  -65332
<B><font color = 'blue'> .</font></B>  -2022-11-12
<B><font color = 'blue'> .</font></B>  -Absent
<B><font color = 'blue'> .</font></B>  -Absent
<B><font color = 'blue'> .</font></B>  -undefined
<B><font color = 'blue'> .</font></B>  -Default
<B><font color = 'blue'> .</font></B>  -Default
<B><font color = 'blue'> .</font></B>  -Absent
<B><font color = 'blue'> .</font></B>  -Absent
<B><font color = 'blue'> .</font></B>  -Absent
<B><font color = 'blue'> .</font></B>  -Absent
<B><font color = 'blue'> .</font></B>  -Absent
<B><font color = 'blue'> .</font></B>  -Absent
<B><font color = 'blue'> .</font></B>  -Absent
<B><font color = 'blue'> .</font></B>  -Absent
<B><font color = 'blue'> .</font></B>  -Absent
<B><font color = 'blue'> .</font></B>  -Absent
<B><font color = 'blue'> .</font></B>  -Absent
<B><font color = 'blue'> .</font></B>  -sadas kadkasdj 
<B><font color = 'blue'> .</font></B>  -dsa@eqe
<B><font color = 'blue'> .</font></B>  -emp129666
<B><font color = 'blue'> .</font></B>  -2022-11-12
<B><font color = 'blue'> .</font></B>  -Absent
<B><font color = 'blue'> .</font></B>  -Absent
<B><font color = 'blue'> .</font></B>  -undefined
<B><font color = 'blue'> .</font></B>  -Default
<B><font color = 'blue'> .</font></B>  -Default
<B><font color = 'blue'> .</font></B>  -Absent
<B><font color = 'blue'> .</font></B>  -Absent
<B><font color = 'blue'> .</font></B>  -Absent
<B><font color = 'blue'> .</font></B>  -Absent
<B><font color = 'blue'> .</font></B>  -Absent
<B><font color = 'blue'> .</font></B>  -Absent
<B><font color = 'blue'> .</font></B>  -Absent
<B><font color = 'blue'> .</font></B>  -Absent
<B><font color = 'blue'> .</font></B>  -Absent
<B><font color = 'blue'> .</font></B>  -Absent
<B><font color = 'blue'> .</font></B>  -Absent
<B><font color = 'blue'> .</font></B>  -New Test 
<B><font color = 'blue'> .</font></B>  -newtest@gmail.com
<B><font color = 'blue'> .</font></B>  -ewer334443
<B><font color = 'blue'> .</font></B>  -2022-11-12
<B><font color = 'blue'> .</font></B>  -Absent
<B><font color = 'blue'> .</font></B>  -Absent
<B><font color = 'blue'> .</font></B>  -undefined
<B><font color = 'blue'> .</font></B>  -Default
<B><font color = 'blue'> .</font></B>  -Default
<B><font color = 'blue'> .</font></B>  -Absent
<B><font color = 'blue'> .</font></B>  -Absent
<B><font color = 'blue'> .</font></B>  -Absent
<B><font color = 'blue'> .</font></B>  -Absent
<B><font color = 'blue'> .</font></B>  -Absent
<B><font color = 'blue'> .</font></B>  -Absent
<B><font color = 'blue'> .</font></B>  -Absent
<B><font color = 'blue'> .</font></B>  -Absent
<B><font color = 'blue'> .</font></B>  -Absent
<B><font color = 'blue'> .</font></B>  -Absent
<B><font color = 'blue'> .</font></B>  -Absent
<B><font color = 'blue'> .</font></B>  -dshcdb uidsbf 
<B><font color = 'blue'> .</font></B>  -dvbvdb@yahoo.com
<B><font color = 'blue'> .</font></B>  -435454
<B><font color = 'blue'> .</font></B>  -2022-11-12
<B><font color = 'blue'> .</font></B>  -Absent
<B><font color = 'blue'> .</font></B>  -Absent
<B><font color = 'blue'> .</font></B>  -undefined
<B><font color = 'blue'> .</font></B>  -Default
<B><font color = 'blue'> .</font></B>  -Default
<B><font color = 'blue'> .</font></B>  -Absent
<B><font color = 'blue'> .</font></B>  -Absent
<B><font color = 'blue'> .</font></B>  -Absent
<B><font color = 'blue'> .</font></B>  -Absent
<B><font color = 'blue'> .</font></B>  -Absent
<B><font color = 'blue'> .</font></B>  -Absent
<B><font color = 'blue'> .</font></B>  -Absent
<B><font color = 'blue'> .</font></B>  -Absent
<B><font color = 'blue'> .</font></B>  -Absent
<B><font color = 'blue'> .</font></B>  -Absent
<B><font color = 'blue'> .</font></B>  -Absent
<B><font color = 'blue'> .</font></B>  -try last 
<B><font color = 'blue'> .</font></B>  -try@gmail.com
<B><font color = 'blue'> .</font></B>  -1225455
<B><font color = 'blue'> .</font></B>  -2022-11-12
<B><font color = 'blue'> .</font></B>  -Absent
<B><font color = 'blue'> .</font></B>  -Absent
<B><font color = 'blue'> .</font></B>  -undefined
<B><font color = 'blue'> .</font></B>  -Default
<B><font color = 'blue'> .</font></B>  -Default
<B><font color = 'blue'> .</font></B>  -Absent
<B><font color = 'blue'> .</font></B>  -Absent
<B><font color = 'blue'> .</font></B>  -Absent
<B><font color = 'blue'> .</font></B>  -Absent
<B><font color = 'blue'> .</font></B>  -Absent
<B><font color = 'blue'> .</font></B>  -Absent
<B><font color = 'blue'> .</font></B>  -Absent
<B><font color = 'blue'> .</font></B>  -Absent
<B><font color = 'blue'> .</font></B>  -Absent
<B><font color = 'blue'> .</font></B>  -Absent
<B><font color = 'blue'> .</font></B>  -Absent
<B><font color = 'blue'> .</font></B>  -vdjvdb yusvdvbbh 
<B><font color = 'blue'> .</font></B>  -dvhbfdh@gmail.com
<B><font color = 'blue'> .</font></B>  -wq534342
<B><font color = 'blue'> .</font></B>  -2022-11-12
<B><font color = 'blue'> .</font></B>  -Absent
<B><font color = 'blue'> .</font></B>  -Absent
<B><font color = 'blue'> .</font></B>  -undefined
<B><font color = 'blue'> .</font></B>  -Default
<B><font color = 'blue'> .</font></B>  -Default
<B><font color = 'blue'> .</font></B>  -Absent
<B><font color = 'blue'> .</font></B>  -Absent
<B><font color = 'blue'> .</font></B>  -Absent
<B><font color = 'blue'> .</font></B>  -Absent
<B><font color = 'blue'> .</font></B>  -Absent
<B><font color = 'blue'> .</font></B>  -Absent
<B><font color = 'blue'> .</font></B>  -Absent
<B><font color = 'blue'> .</font></B>  -Absent
<B><font color = 'blue'> .</font></B>  -Absent
<B><font color = 'blue'> .</font></B>  -Absent
<B><font color = 'blue'> .</font></B>  -Absent
<B><font color = 'blue'> .</font></B>  -Mail Test user 
<B><font color = 'blue'> .</font></B>  -maintest@user.io
<B><font color = 'blue'> .</font></B>  -GLB-1223888
<B><font color = 'blue'> .</font></B>  -2022-11-12
<B><font color = 'blue'> .</font></B>  -Absent
<B><font color = 'blue'> .</font></B>  -Absent
<B><font color = 'blue'> .</font></B>  -undefined
<B><font color = 'blue'> .</font></B>  -Default
<B><font color = 'blue'> .</font></B>  -Default
<B><font color = 'blue'> .</font></B>  -Absent
<B><font color = 'blue'> .</font></B>  -Absent
<B><font color = 'blue'> .</font></B>  -Absent
<B><font color = 'blue'> .</font></B>  -Absent
<B><font color = 'blue'> .</font></B>  -Absent
<B><font color = 'blue'> .</font></B>  -Absent
<B><font color = 'blue'> .</font></B>  -Absent
<B><font color = 'blue'> .</font></B>  -Absent
<B><font color = 'blue'> .</font></B>  -Absent
<B><font color = 'blue'> .</font></B>  -Absent
<B><font color = 'blue'> .</font></B>  -Absent
<B><font color = 'blue'> .</font></B>  -Update Check 
<B><font color = 'blue'> .</font></B>  -updates@gmail.com
<B><font color = 'blue'> .</font></B>  -emp543
<B><font color = 'blue'> .</font></B>  -2022-11-12
<B><font color = 'blue'> .</font></B>  -Absent
<B><font color = 'blue'> .</font></B>  -Absent
<B><font color = 'blue'> .</font></B>  -undefined
<B><font color = 'blue'> .</font></B>  -Default
<B><font color = 'blue'> .</font></B>  -Default
<B><font color = 'blue'> .</font></B>  -Absent
<B><font color = 'blue'> .</font></B>  -Absent
<B><font color = 'blue'> .</font></B>  -Absent
<B><font color = 'blue'> .</font></B>  -Absent
<B><font color = 'blue'> .</font></B>  -Absent
<B><font color = 'blue'> .</font></B>  -Absent
<B><font color = 'blue'> .</font></B>  -Absent
<B><font color = 'blue'> .</font></B>  -Absent
<B><font color = 'blue'> .</font></B>  -Absent
<B><font color = 'blue'> .</font></B>  -Absent
<B><font color = 'blue'> .</font></B>  -Absent
<B><font color = 'blue'> .</font></B>  -test manager 
<B><font color = 'blue'> .</font></B>  -manageremp@gmail.com
<B><font color = 'blue'> .</font></B>  -glb020
<B><font color = 'blue'> .</font></B>  -2022-11-12
<B><font color = 'blue'> .</font></B>  -Absent
<B><font color = 'blue'> .</font></B>  -Absent
<B><font color = 'blue'> .</font></B>  -undefined
<B><font color = 'blue'> .</font></B>  -Default
<B><font color = 'blue'> .</font></B>  -Default
<B><font color = 'blue'> .</font></B>  -Absent
<B><font color = 'blue'> .</font></B>  -Absent
<B><font color = 'blue'> .</font></B>  -Absent
<B><font color = 'blue'> .</font></B>  -Absent
<B><font color = 'blue'> .</font></B>  -Absent
<B><font color = 'blue'> .</font></B>  -Absent
<B><font color = 'blue'> .</font></B>  -Absent
<B><font color = 'blue'> .</font></B>  -Absent
<B><font color = 'blue'> .</font></B>  -Absent
<B><font color = 'blue'> .</font></B>  -Absent
<B><font color = 'blue'> .</font></B>  -Absent
<B><font color = 'blue'> .</font></B>  -DESKTOP-PJJHB19 - GLB-BLR-002OjUpRD2 
<B><font color = 'blue'> .</font></B>  --
<B><font color = 'blue'> .</font></B>  -GLB-BLR-002OjUpRD2
<B><font color = 'blue'> .</font></B>  -2022-11-12
<B><font color = 'blue'> .</font></B>  -Absent
<B><font color = 'blue'> .</font></B>  -Absent
<B><font color = 'blue'> .</font></B>  -undefined
<B><font color = 'blue'> .</font></B>  -Default
<B><font color = 'blue'> .</font></B>  -Default
<B><font color = 'blue'> .</font></B>  -Absent
<B><font color = 'blue'> .</font></B>  -Absent
<B><font color = 'blue'> .</font></B>  -Absent
<B><font color = 'blue'> .</font></B>  -Absent
<B><font color = 'blue'> .</font></B>  -Absent
<B><font color = 'blue'> .</font></B>  -Absent
<B><font color = 'blue'> .</font></B>  -Absent
<B><font color = 'blue'> .</font></B>  -Absent
<B><font color = 'blue'> .</font></B>  -Absent
<B><font color = 'blue'> .</font></B>  -Absent
<B><font color = 'blue'> .</font></B>  -Absent
<B><font color = 'blue'> .</font></B>  -Usb Test 
<B><font color = 'blue'> .</font></B>  -usbtest123@gmail.com
<B><font color = 'blue'> .</font></B>  -emp0097
<B><font color = 'blue'> .</font></B>  -2022-11-12
<B><font color = 'blue'> .</font></B>  -Absent
<B><font color = 'blue'> .</font></B>  -Absent
<B><font color = 'blue'> .</font></B>  -undefined
<B><font color = 'blue'> .</font></B>  -Default
<B><font color = 'blue'> .</font></B>  -Default
<B><font color = 'blue'> .</font></B>  -Absent
<B><font color = 'blue'> .</font></B>  -Absent
<B><font color = 'blue'> .</font></B>  -Absent
<B><font color = 'blue'> .</font></B>  -Absent
<B><font color = 'blue'> .</font></B>  -Absent
<B><font color = 'blue'> .</font></B>  -Absent
<B><font color = 'blue'> .</font></B>  -Absent
<B><font color = 'blue'> .</font></B>  -Absent
<B><font color = 'blue'> .</font></B>  -Absent
<B><font color = 'blue'> .</font></B>  -Absent
<B><font color = 'blue'> .</font></B>  -Absent
<B><font color = 'blue'> .</font></B>  -SS Keystrokes 
<B><font color = 'blue'> .</font></B>  -sskey@gmail.com
<B><font color = 'blue'> .</font></B>  -emp98y
<B><font color = 'blue'> .</font></B>  -2022-11-12
<B><font color = 'blue'> .</font></B>  -Absent
<B><font color = 'blue'> .</font></B>  -Absent
<B><font color = 'blue'> .</font></B>  -undefined
<B><font color = 'blue'> .</font></B>  -Default
<B><font color = 'blue'> .</font></B>  -Default
<B><font color = 'blue'> .</font></B>  -Absent
<B><font color = 'blue'> .</font></B>  -Absent
<B><font color = 'blue'> .</font></B>  -Absent
<B><font color = 'blue'> .</font></B>  -Absent
<B><font color = 'blue'> .</font></B>  -Absent
<B><font color = 'blue'> .</font></B>  -Absent
<B><font color = 'blue'> .</font></B>  -Absent
<B><font color = 'blue'> .</font></B>  -Absent
<B><font color = 'blue'> .</font></B>  -Absent
<B><font color = 'blue'> .</font></B>  -Absent
<B><font color = 'blue'> .</font></B>  -Absent
<B><font color = 'blue'> .</font></B>  -shivammmmmmmmmmmmmmmmmmmm Kumar 
<B><font color = 'blue'> .</font></B>  -kgfyash545@gmail.com
<B><font color = 'blue'> .</font></B>  -hsakhdjk414
<B><font color = 'blue'> .</font></B>  -2022-11-12
<B><font color = 'blue'> .</font></B>  -Absent
<B><font color = 'blue'> .</font></B>  -Absent
<B><font color = 'blue'> .</font></B>  -undefined
<B><font color = 'blue'> .</font></B>  -Default
<B><font color = 'blue'> .</font></B>  -Default
<B><font color = 'blue'> .</font></B>  -Absent
<B><font color = 'blue'> .</font></B>  -Absent
<B><font color = 'blue'> .</font></B>  -Absent
<B><font color = 'blue'> .</font></B>  -Absent
<B><font color = 'blue'> .</font></B>  -Absent
<B><font color = 'blue'> .</font></B>  -Absent
<B><font color = 'blue'> .</font></B>  -Absent
<B><font color = 'blue'> .</font></B>  -Absent
<B><font color = 'blue'> .</font></B>  -Absent
<B><font color = 'blue'> .</font></B>  -Absent
<B><font color = 'blue'> .</font></B>  -Absent
<B><font color = 'blue'> .</font></B>  -Abhishek Four tf test 
<B><font color = 'blue'> .</font></B>  -abhishekfourtf@mail.com
<B><font color = 'blue'> .</font></B>  -HLIKSJ98
<B><font color = 'blue'> .</font></B>  -2022-11-12
<B><font color = 'blue'> .</font></B>  -Absent
<B><font color = 'blue'> .</font></B>  -Absent
<B><font color = 'blue'> .</font></B>  -undefined
<B><font color = 'blue'> .</font></B>  -Default
<B><font color = 'blue'> .</font></B>  -Default
<B><font color = 'blue'> .</font></B>  -Absent
<B><font color = 'blue'> .</font></B>  -Absent
<B><font color = 'blue'> .</font></B>  -Absent
<B><font color = 'blue'> .</font></B>  -Absent
<B><font color = 'blue'> .</font></B>  -Absent
<B><font color = 'blue'> .</font></B>  -Absent
<B><font color = 'blue'> .</font></B>  -Absent
<B><font color = 'blue'> .</font></B>  -Absent
<B><font color = 'blue'> .</font></B>  -Absent
<B><font color = 'blue'> .</font></B>  -Absent
<B><font color = 'blue'> .</font></B>  -Absent
<B><font color = 'blue'> .</font></B>  -new dev user 
<B><font color = 'blue'> .</font></B>  -new@dev.user
<B><font color = 'blue'> .</font></B>  -fdfsfsd
<B><font color = 'blue'> .</font></B>  -2022-11-12
<B><font color = 'blue'> .</font></B>  -Absent
<B><font color = 'blue'> .</font></B>  -Absent
<B><font color = 'blue'> .</font></B>  -undefined
<B><font color = 'blue'> .</font></B>  -Default
<B><font color = 'blue'> .</font></B>  -Default
<B><font color = 'blue'> .</font></B>  -Absent
<B><font color = 'blue'> .</font></B>  -Absent
<B><font color = 'blue'> .</font></B>  -Absent
<B><font color = 'blue'> .</font></B>  -Absent
<B><font color = 'blue'> .</font></B>  -Absent
<B><font color = 'blue'> .</font></B>  -Absent
<B><font color = 'blue'> .</font></B>  -Absent
<B><font color = 'blue'> .</font></B>  -Absent
<B><font color = 'blue'> .</font></B>  -Absent
<B><font color = 'blue'> .</font></B>  -Absent
<B><font color = 'blue'> .</font></B>  -Absent
<B><font color = 'blue'> .</font></B>  -aaaaaaaaaa aaaaaaaaa 
<B><font color = 'blue'> .</font></B>  -mmmm@gmail.com
<B><font color = 'blue'> .</font></B>  -80765s
<B><font color = 'blue'> .</font></B>  -2022-11-12
<B><font color = 'blue'> .</font></B>  -Absent
<B><font color = 'blue'> .</font></B>  -Absent
<B><font color = 'blue'> .</font></B>  -undefined
<B><font color = 'blue'> .</font></B>  -Bangalore
<B><font color = 'blue'> .</font></B>  -Testing
<B><font color = 'blue'> .</font></B>  -Absent
<B><font color = 'blue'> .</font></B>  -Absent
<B><font color = 'blue'> .</font></B>  -Absent
<B><font color = 'blue'> .</font></B>  -Absent
<B><font color = 'blue'> .</font></B>  -Absent
<B><font color = 'blue'> .</font></B>  -Absent
<B><font color = 'blue'> .</font></B>  -Absent
<B><font color = 'blue'> .</font></B>  -Absent
<B><font color = 'blue'> .</font></B>  -Absent
<B><font color = 'blue'> .</font></B>  -Absent
<B><font color = 'blue'> .</font></B>  -Absent
<B><font color = 'blue'> .</font></B>  -sumesh test 
<B><font color = 'blue'> .</font></B>  -sumesh@mail.com
<B><font color = 'blue'> .</font></B>  -fdgfdgf
<B><font color = 'blue'> .</font></B>  -2022-11-12
<B><font color = 'blue'> .</font></B>  -Absent
<B><font color = 'blue'> .</font></B>  -Absent
<B><font color = 'blue'> .</font></B>  -undefined
<B><font color = 'blue'> .</font></B>  -Bangalore
<B><font color = 'blue'> .</font></B>  -Testing
<B><font color = 'blue'> .</font></B>  -Absent
<B><font color = 'blue'> .</font></B>  -Absent
<B><font color = 'blue'> .</font></B>  -Absent
<B><font color = 'blue'> .</font></B>  -Absent
<B><font color = 'blue'> .</font></B>  -Absent
<B><font color = 'blue'> .</font></B>  -Absent
<B><font color = 'blue'> .</font></B>  -Absent
<B><font color = 'blue'> .</font></B>  -Absent
<B><font color = 'blue'> .</font></B>  -Absent
<B><font color = 'blue'> .</font></B>  -Absent
<B><font color = 'blue'> .</font></B>  -Absent
<B><font color = 'blue'> .</font></B>  -Test msc 
<B><font color = 'blue'> .</font></B>  -test123@gmail.com
<B><font color = 'blue'> .</font></B>  -12254
<B><font color = 'blue'> .</font></B>  -2022-11-12
<B><font color = 'blue'> .</font></B>  -Absent
<B><font color = 'blue'> .</font></B>  -Absent
<B><font color = 'blue'> .</font></B>  -undefined
<B><font color = 'blue'> .</font></B>  -Bangalore
<B><font color = 'blue'> .</font></B>  -Testing
<B><font color = 'blue'> .</font></B>  -Absent
<B><font color = 'blue'> .</font></B>  -Absent
<B><font color = 'blue'> .</font></B>  -Absent
<B><font color = 'blue'> .</font></B>  -Absent
<B><font color = 'blue'> .</font></B>  -Absent
<B><font color = 'blue'> .</font></B>  -Absent
<B><font color = 'blue'> .</font></B>  -Absent
<B><font color = 'blue'> .</font></B>  -Absent
<B><font color = 'blue'> .</font></B>  -Absent
<B><font color = 'blue'> .</font></B>  -Absent
<B><font color = 'blue'> .</font></B>  -Absent
<B><font color = 'blue'> .</font></B>  -deffdfds vscsc 
<B><font color = 'blue'> .</font></B>  -cscsdw123@gmail.com
<B><font color = 'blue'> .</font></B>  -1234512
<B><font color = 'blue'> .</font></B>  -2022-11-12
<B><font color = 'blue'> .</font></B>  -Absent
<B><font color = 'blue'> .</font></B>  -Absent
<B><font color = 'blue'> .</font></B>  -undefined
<B><font color = 'blue'> .</font></B>  -Bangalore
<B><font color = 'blue'> .</font></B>  -Testing
<B><font color = 'blue'> .</font></B>  -Absent
<B><font color = 'blue'> .</font></B>  -Absent
<B><font color = 'blue'> .</font></B>  -Absent
<B><font color = 'blue'> .</font></B>  -Absent
<B><font color = 'blue'> .</font></B>  -Absent
<B><font color = 'blue'> .</font></B>  -Absent
<B><font color = 'blue'> .</font></B>  -Absent
<B><font color = 'blue'> .</font></B>  -Absent
<B><font color = 'blue'> .</font></B>  -Absent
<B><font color = 'blue'> .</font></B>  -Absent
<B><font color = 'blue'> .</font></B>  -Absent
<B><font color = 'blue'> .</font></B>  -test testtt 
<B><font color = 'blue'> .</font></B>  -abcd@gmail.com
<B><font color = 'blue'> .</font></B>  -GLB55
<B><font color = 'blue'> .</font></B>  -2022-11-12
<B><font color = 'blue'> .</font></B>  -Absent
<B><font color = 'blue'> .</font></B>  -Absent
<B><font color = 'blue'> .</font></B>  -undefined
<B><font color = 'blue'> .</font></B>  -Bangalore
<B><font color = 'blue'> .</font></B>  -Testing
<B><font color = 'blue'> .</font></B>  -Absent
<B><font color = 'blue'> .</font></B>  -Absent
<B><font color = 'blue'> .</font></B>  -Absent
<B><font color = 'blue'> .</font></B>  -Absent
<B><font color = 'blue'> .</font></B>  -Absent
<B><font color = 'blue'> .</font></B>  -Absent
<B><font color = 'blue'> .</font></B>  -Absent
<B><font color = 'blue'> .</font></B>  -Absent
<B><font color = 'blue'> .</font></B>  -Absent
<B><font color = 'blue'> .</font></B>  -Absent
<B><font color = 'blue'> .</font></B>  -Absent
<B><font color = 'blue'> .</font></B>  -Abhishe tt 
<B><font color = 'blue'> .</font></B>  -ab@ab.com
<B><font color = 'blue'> .</font></B>  -GKD567
<B><font color = 'blue'> .</font></B>  -2022-11-12
<B><font color = 'blue'> .</font></B>  -Absent
<B><font color = 'blue'> .</font></B>  -Absent
<B><font color = 'blue'> .</font></B>  -undefined
<B><font color = 'blue'> .</font></B>  -Bangalore
<B><font color = 'blue'> .</font></B>  -Testing
<B><font color = 'blue'> .</font></B>  -Absent
<B><font color = 'blue'> .</font></B>  -Absent
<B><font color = 'blue'> .</font></B>  -Absent
<B><font color = 'blue'> .</font></B>  -Absent
<B><font color = 'blue'> .</font></B>  -Absent
<B><font color = 'blue'> .</font></B>  -Absent
<B><font color = 'blue'> .</font></B>  -Absent
<B><font color = 'blue'> .</font></B>  -Absent
<B><font color = 'blue'> .</font></B>  -Absent
<B><font color = 'blue'> .</font></B>  -Absent
<B><font color = 'blue'> .</font></B>  -Absent
<B><font color = 'blue'> .</font></B>  -test nonadmin 
<B><font color = 'blue'> .</font></B>  -testnonadmin@gmail.com
<B><font color = 'blue'> .</font></B>  -GLB026
<B><font color = 'blue'> .</font></B>  -2022-11-12
<B><font color = 'blue'> .</font></B>  -Absent
<B><font color = 'blue'> .</font></B>  -Absent
<B><font color = 'blue'> .</font></B>  -undefined
<B><font color = 'blue'> .</font></B>  -Bangalore
<B><font color = 'blue'> .</font></B>  -Php
<B><font color = 'blue'> .</font></B>  -Absent
<B><font color = 'blue'> .</font></B>  -Absent
<B><font color = 'blue'> .</font></B>  -Absent
<B><font color = 'blue'> .</font></B>  -Absent
<B><font color = 'blue'> .</font></B>  -Absent
<B><font color = 'blue'> .</font></B>  -Absent
<B><font color = 'blue'> .</font></B>  -Absent
<B><font color = 'blue'> .</font></B>  -Absent
<B><font color = 'blue'> .</font></B>  -Absent
<B><font color = 'blue'> .</font></B>  -Absent
<B><font color = 'blue'> .</font></B>  -Absent
<B><font color = 'blue'> .</font></B>  -adg ckj 
<B><font color = 'blue'> .</font></B>  -adcs@1234
<B><font color = 'blue'> .</font></B>  -583
<B><font color = 'blue'> .</font></B>  -2022-11-12
<B><font color = 'blue'> .</font></B>  -Absent
<B><font color = 'blue'> .</font></B>  -Absent
<B><font color = 'blue'> .</font></B>  -undefined
<B><font color = 'blue'> .</font></B>  -Bangalore
<B><font color = 'blue'> .</font></B>  -Testing
<B><font color = 'blue'> .</font></B>  -Absent
<B><font color = 'blue'> .</font></B>  -Absent
<B><font color = 'blue'> .</font></B>  -Absent
<B><font color = 'blue'> .</font></B>  -Absent
<B><font color = 'blue'> .</font></B>  -Absent
<B><font color = 'blue'> .</font></B>  -Absent
<B><font color = 'blue'> .</font></B>  -Absent
<B><font color = 'blue'> .</font></B>  -Absent
<B><font color = 'blue'> .</font></B>  -Absent
<B><font color = 'blue'> .</font></B>  -Absent
<B><font color = 'blue'> .</font></B>  -Absent
<B><font color = 'blue'> .</font></B>  -dominic toretto 
<B><font color = 'blue'> .</font></B>  -dom.toretto737@gmail.com
<B><font color = 'blue'> .</font></B>  -EMP011
<B><font color = 'blue'> .</font></B>  -2022-11-12
<B><font color = 'blue'> .</font></B>  -Absent
<B><font color = 'blue'> .</font></B>  -Absent
<B><font color = 'blue'> .</font></B>  -undefined
<B><font color = 'blue'> .</font></B>  -Bangalore
<B><font color = 'blue'> .</font></B>  -Testing
<B><font color = 'blue'> .</font></B>  -Absent
<B><font color = 'blue'> .</font></B>  -Absent
<B><font color = 'blue'> .</font></B>  -Absent
<B><font color = 'blue'> .</font></B>  -Absent
<B><font color = 'blue'> .</font></B>  -Absent
<B><font color = 'blue'> .</font></B>  -Absent
<B><font color = 'blue'> .</font></B>  -Absent
<B><font color = 'blue'> .</font></B>  -Absent
<B><font color = 'blue'> .</font></B>  -Absent
<B><font color = 'blue'> .</font></B>  -Absent
<B><font color = 'blue'> .</font></B>  -Absent
<B><font color = 'blue'> .</font></B>  -Abhishek Test 
<B><font color = 'blue'> .</font></B>  -abhishektrest@glb.in
<B><font color = 'blue'> .</font></B>  -rN7tvEiDPGNi4fD
<B><font color = 'blue'> .</font></B>  -2022-11-12
<B><font color = 'blue'> .</font></B>  -Absent
<B><font color = 'blue'> .</font></B>  -Absent
<B><font color = 'blue'> .</font></B>  -undefined
<B><font color = 'blue'> .</font></B>  -Bangalore
<B><font color = 'blue'> .</font></B>  -Php
<B><font color = 'blue'> .</font></B>  -Absent
<B><font color = 'blue'> .</font></B>  -Absent
<B><font color = 'blue'> .</font></B>  -Absent
<B><font color = 'blue'> .</font></B>  -Absent
<B><font color = 'blue'> .</font></B>  -Absent
<B><font color = 'blue'> .</font></B>  -Absent
<B><font color = 'blue'> .</font></B>  -Absent
<B><font color = 'blue'> .</font></B>  -Absent
<B><font color = 'blue'> .</font></B>  -Absent
<B><font color = 'blue'> .</font></B>  -Absent
<B><font color = 'blue'> .</font></B>  -Absent
<B><font color = 'blue'> .</font></B>  -Superior Test one 
<B><font color = 'blue'> .</font></B>  -superiorone@gmail.com
<B><font color = 'blue'> .</font></B>  -twoqw
<B><font color = 'blue'> .</font></B>  -2022-11-12
<B><font color = 'blue'> .</font></B>  -Absent
<B><font color = 'blue'> .</font></B>  -Absent
<B><font color = 'blue'> .</font></B>  -undefined
<B><font color = 'blue'> .</font></B>  -Bangalore
<B><font color = 'blue'> .</font></B>  -Testing
<B><font color = 'blue'> .</font></B>  -Absent
<B><font color = 'blue'> .</font></B>  -Absent
<B><font color = 'blue'> .</font></B>  -Absent
<B><font color = 'blue'> .</font></B>  -Absent
<B><font color = 'blue'> .</font></B>  -Absent
<B><font color = 'blue'> .</font></B>  -Absent
<B><font color = 'blue'> .</font></B>  -Absent
<B><font color = 'blue'> .</font></B>  -Absent
<B><font color = 'blue'> .</font></B>  -Absent
<B><font color = 'blue'> .</font></B>  -Absent
<B><font color = 'blue'> .</font></B>  -Absent
<B><font color = 'blue'> .</font></B>  -test testw 
<B><font color = 'blue'> .</font></B>  -test@mac.in
<B><font color = 'blue'> .</font></B>  -aaf123
<B><font color = 'blue'> .</font></B>  -2022-11-12
<B><font color = 'blue'> .</font></B>  -Absent
<B><font color = 'blue'> .</font></B>  -Absent
<B><font color = 'blue'> .</font></B>  -undefined
<B><font color = 'blue'> .</font></B>  -Bangalore
<B><font color = 'blue'> .</font></B>  -Php
<B><font color = 'blue'> .</font></B>  -Absent
<B><font color = 'blue'> .</font></B>  -Absent
<B><font color = 'blue'> .</font></B>  -Absent
<B><font color = 'blue'> .</font></B>  -Absent
<B><font color = 'blue'> .</font></B>  -Absent
<B><font color = 'blue'> .</font></B>  -Absent
<B><font color = 'blue'> .</font></B>  -Absent
<B><font color = 'blue'> .</font></B>  -Absent
<B><font color = 'blue'> .</font></B>  -Absent
<B><font color = 'blue'> .</font></B>  -Absent
<B><font color = 'blue'> .</font></B>  -Absent
<B><font color = 'blue'> .</font></B>  -sam eer 
<B><font color = 'blue'> .</font></B>  -sam@rf.in
<B><font color = 'blue'> .</font></B>  -WSAERT2Q34E
<B><font color = 'blue'> .</font></B>  -2022-11-12
<B><font color = 'blue'> .</font></B>  -Absent
<B><font color = 'blue'> .</font></B>  -Absent
<B><font color = 'blue'> .</font></B>  -undefined
<B><font color = 'blue'> .</font></B>  -Bangalore
<B><font color = 'blue'> .</font></B>  -Testing
<B><font color = 'blue'> .</font></B>  -Absent
<B><font color = 'blue'> .</font></B>  -Absent
<B><font color = 'blue'> .</font></B>  -Absent
<B><font color = 'blue'> .</font></B>  -Absent
<B><font color = 'blue'> .</font></B>  -Absent
<B><font color = 'blue'> .</font></B>  -Absent
<B><font color = 'blue'> .</font></B>  -Absent
<B><font color = 'blue'> .</font></B>  -Absent
<B><font color = 'blue'> .</font></B>  -Absent
<B><font color = 'blue'> .</font></B>  -Absent
<B><font color = 'blue'> .</font></B>  -Absent
<B><font color = 'blue'> .</font></B>  -Test test 
<B><font color = 'blue'> .</font></B>  -sarikajain@gmail.com
<B><font color = 'blue'> .</font></B>  -E-101
<B><font color = 'blue'> .</font></B>  -2022-11-12
<B><font color = 'blue'> .</font></B>  -Absent
<B><font color = 'blue'> .</font></B>  -Absent
<B><font color = 'blue'> .</font></B>  -undefined
<B><font color = 'blue'> .</font></B>  -Bangalore
<B><font color = 'blue'> .</font></B>  -Testing
<B><font color = 'blue'> .</font></B>  -Absent
<B><font color = 'blue'> .</font></B>  -Absent
<B><font color = 'blue'> .</font></B>  -Absent
<B><font color = 'blue'> .</font></B>  -Absent
<B><font color = 'blue'> .</font></B>  -Absent
<B><font color = 'blue'> .</font></B>  -Absent
<B><font color = 'blue'> .</font></B>  -Absent
<B><font color = 'blue'> .</font></B>  -Absent
<B><font color = 'blue'> .</font></B>  -Absent
<B><font color = 'blue'> .</font></B>  -Absent
<B><font color = 'blue'> .</font></B>  -Absent
<B><font color = 'blue'> .</font></B>  -sithu kalluru 
<B><font color = 'blue'> .</font></B>  -sitaramireddy@globussoft.in
<B><font color = 'blue'> .</font></B>  -code12
<B><font color = 'blue'> .</font></B>  -2022-11-12
<B><font color = 'blue'> .</font></B>  -Absent
<B><font color = 'blue'> .</font></B>  -Absent
<B><font color = 'blue'> .</font></B>  -undefined
<B><font color = 'blue'> .</font></B>  -Bangalore
<B><font color = 'blue'> .</font></B>  -Testing
<B><font color = 'blue'> .</font></B>  -Absent
<B><font color = 'blue'> .</font></B>  -Absent
<B><font color = 'blue'> .</font></B>  -Absent
<B><font color = 'blue'> .</font></B>  -Absent
<B><font color = 'blue'> .</font></B>  -Absent
<B><font color = 'blue'> .</font></B>  -Absent
<B><font color = 'blue'> .</font></B>  -Absent
<B><font color = 'blue'> .</font></B>  -Absent
<B><font color = 'blue'> .</font></B>  -Absent
<B><font color = 'blue'> .</font></B>  -Absent
<B><font color = 'blue'> .</font></B>  -Absent
<B><font color = 'blue'> .</font></B>  -test123 abcd 
<B><font color = 'blue'> .</font></B>  -s@gmail.com
<B><font color = 'blue'> .</font></B>  -code123z
<B><font color = 'blue'> .</font></B>  -2022-11-12
<B><font color = 'blue'> .</font></B>  -Absent
<B><font color = 'blue'> .</font></B>  -Absent
<B><font color = 'blue'> .</font></B>  -undefined
<B><font color = 'blue'> .</font></B>  -Bangalore
<B><font color = 'blue'> .</font></B>  -Testing
<B><font color = 'blue'> .</font></B>  -Absent
<B><font color = 'blue'> .</font></B>  -Absent
<B><font color = 'blue'> .</font></B>  -Absent
<B><font color = 'blue'> .</font></B>  -Absent
<B><font color = 'blue'> .</font></B>  -Absent
<B><font color = 'blue'> .</font></B>  -Absent
<B><font color = 'blue'> .</font></B>  -Absent
<B><font color = 'blue'> .</font></B>  -Absent
<B><font color = 'blue'> .</font></B>  -Absent
<B><font color = 'blue'> .</font></B>  -Absent
<B><font color = 'blue'> .</font></B>  -Absent
<B><font color = 'blue'> .</font></B>  -testing test 
<B><font color = 'blue'> .</font></B>  -aarshajoyson1601@gmail.com
<B><font color = 'blue'> .</font></B>  -glb0008
<B><font color = 'blue'> .</font></B>  -2022-11-12
<B><font color = 'blue'> .</font></B>  -Absent
<B><font color = 'blue'> .</font></B>  -Absent
<B><font color = 'blue'> .</font></B>  -undefined
<B><font color = 'blue'> .</font></B>  -Bangalore
<B><font color = 'blue'> .</font></B>  -Php
<B><font color = 'blue'> .</font></B>  -Absent
<B><font color = 'blue'> .</font></B>  -Absent
<B><font color = 'blue'> .</font></B>  -Absent
<B><font color = 'blue'> .</font></B>  -Absent
<B><font color = 'blue'> .</font></B>  -Absent
<B><font color = 'blue'> .</font></B>  -Absent
<B><font color = 'blue'> .</font></B>  -Absent
<B><font color = 'blue'> .</font></B>  -Absent
<B><font color = 'blue'> .</font></B>  -Absent
<B><font color = 'blue'> .</font></B>  -Absent
<B><font color = 'blue'> .</font></B>  -Absent
<B><font color = 'blue'> .</font></B>  -Automation CodeeeAuto 
<B><font color = 'blue'> .</font></B>  -skabcdef7@gmail.com
<B><font color = 'blue'> .</font></B>  -Emp-Abzcde-1234522
<B><font color = 'blue'> .</font></B>  -2022-11-12
<B><font color = 'blue'> .</font></B>  -Absent
<B><font color = 'blue'> .</font></B>  -Absent
<B><font color = 'blue'> .</font></B>  -undefined
<B><font color = 'blue'> .</font></B>  -Bangalore
<B><font color = 'blue'> .</font></B>  -Testing
<B><font color = 'blue'> .</font></B>  -Absent
<B><font color = 'blue'> .</font></B>  -Absent
<B><font color = 'blue'> .</font></B>  -Absent
<B><font color = 'blue'> .</font></B>  -Absent
<B><font color = 'blue'> .</font></B>  -Absent
<B><font color = 'blue'> .</font></B>  -Absent
<B><font color = 'blue'> .</font></B>  -Absent
<B><font color = 'blue'> .</font></B>  -Absent
<B><font color = 'blue'> .</font></B>  -Absent
<B><font color = 'blue'> .</font></B>  -Absent
<B><font color = 'blue'> .</font></B>  -Absent
<B><font color = 'blue'> .</font></B>  -piyush dfgsfg 
<B><font color = 'blue'> .</font></B>  -jos@gmail.com
<B><font color = 'blue'> .</font></B>  -sdgff
<B><font color = 'blue'> .</font></B>  -2022-11-12
<B><font color = 'blue'> .</font></B>  -Absent
<B><font color = 'blue'> .</font></B>  -Absent
<B><font color = 'blue'> .</font></B>  -undefined
<B><font color = 'blue'> .</font></B>  -Bangalore
<B><font color = 'blue'> .</font></B>  -Testing
<B><font color = 'blue'> .</font></B>  -Absent
<B><font color = 'blue'> .</font></B>  -Absent
<B><font color = 'blue'> .</font></B>  -Absent
<B><font color = 'blue'> .</font></B>  -Absent
<B><font color = 'blue'> .</font></B>  -Absent
<B><font color = 'blue'> .</font></B>  -Absent
<B><font color = 'blue'> .</font></B>  -Absent
<B><font color = 'blue'> .</font></B>  -Absent
<B><font color = 'blue'> .</font></B>  -Absent
<B><font color = 'blue'> .</font></B>  -Absent
<B><font color = 'blue'> .</font></B>  -Absent
<B><font color = 'blue'> .</font></B>  -Aryan raj 
<B><font color = 'blue'> .</font></B>  -alex@gmail.com
<B><font color = 'blue'> .</font></B>  -126
<B><font color = 'blue'> .</font></B>  -2022-11-12
<B><font color = 'blue'> .</font></B>  -Absent
<B><font color = 'blue'> .</font></B>  -Absent
<B><font color = 'blue'> .</font></B>  -undefined
<B><font color = 'blue'> .</font></B>  -Bangalore
<B><font color = 'blue'> .</font></B>  -Testing
<B><font color = 'blue'> .</font></B>  -Absent
<B><font color = 'blue'> .</font></B>  -Absent
<B><font color = 'blue'> .</font></B>  -Absent
<B><font color = 'blue'> .</font></B>  -Absent
<B><font color = 'blue'> .</font></B>  -Absent
<B><font color = 'blue'> .</font></B>  -Absent
<B><font color = 'blue'> .</font></B>  -Absent
<B><font color = 'blue'> .</font></B>  -Absent
<B><font color = 'blue'> .</font></B>  -Absent
<B><font color = 'blue'> .</font></B>  -Absent
<B><font color = 'blue'> .</font></B>  -Absent
<B><font color = 'blue'> .</font></B>  -Automation CodeeeAuto 
<B><font color = 'blue'> .</font></B>  -skabcdef38@gmail.com
<B><font color = 'blue'> .</font></B>  -Emp-Abzcde-123457
<B><font color = 'blue'> .</font></B>  -2022-11-12
<B><font color = 'blue'> .</font></B>  -Absent
<B><font color = 'blue'> .</font></B>  -Absent
<B><font color = 'blue'> .</font></B>  -undefined
<B><font color = 'blue'> .</font></B>  -Bangalore
<B><font color = 'blue'> .</font></B>  -Testing
<B><font color = 'blue'> .</font></B>  -Absent
<B><font color = 'blue'> .</font></B>  -Absent
<B><font color = 'blue'> .</font></B>  -Absent
<B><font color = 'blue'> .</font></B>  -Absent
<B><font color = 'blue'> .</font></B>  -Absent
<B><font color = 'blue'> .</font></B>  -Absent
<B><font color = 'blue'> .</font></B>  -Absent
<B><font color = 'blue'> .</font></B>  -Absent
<B><font color = 'blue'> .</font></B>  -Absent
<B><font color = 'blue'> .</font></B>  -Absent
<B><font color = 'blue'> .</font></B>  -Absent
<B><font color = 'blue'> .</font></B>  -Automation CodeeeAuto 
<B><font color = 'blue'> .</font></B>  -skabcdef33@gmail.com
<B><font color = 'blue'> .</font></B>  -Emp-Abzcde-1234557
<B><font color = 'blue'> .</font></B>  -2022-11-12
<B><font color = 'blue'> .</font></B>  -Absent
<B><font color = 'blue'> .</font></B>  -Absent
<B><font color = 'blue'> .</font></B>  -undefined
<B><font color = 'blue'> .</font></B>  -Bangalore
<B><font color = 'blue'> .</font></B>  -Testing
<B><font color = 'blue'> .</font></B>  -Absent
<B><font color = 'blue'> .</font></B>  -Absent
<B><font color = 'blue'> .</font></B>  -Absent
<B><font color = 'blue'> .</font></B>  -Absent
<B><font color = 'blue'> .</font></B>  -Absent
<B><font color = 'blue'> .</font></B>  -Absent
<B><font color = 'blue'> .</font></B>  -Absent
<B><font color = 'blue'> .</font></B>  -Absent
<B><font color = 'blue'> .</font></B>  -Absent
<B><font color = 'blue'> .</font></B>  -Absent
<B><font color = 'blue'> .</font></B>  -Absent
<B><font color = 'blue'> .</font></B>  -D Surya Prabhakar 
<B><font color = 'blue'> .</font></B>  -surya1@gmail.com
<B><font color = 'blue'> .</font></B>  -EM010
<B><font color = 'blue'> .</font></B>  -2022-11-12
<B><font color = 'blue'> .</font></B>  -Absent
<B><font color = 'blue'> .</font></B>  -Absent
<B><font color = 'blue'> .</font></B>  -undefined
<B><font color = 'blue'> .</font></B>  -bengaluru
<B><font color = 'blue'> .</font></B>  -Testing
<B><font color = 'blue'> .</font></B>  -Absent
<B><font color = 'blue'> .</font></B>  -Absent
<B><font color = 'blue'> .</font></B>  -Absent
<B><font color = 'blue'> .</font></B>  -Absent
<B><font color = 'blue'> .</font></B>  -Absent
<B><font color = 'blue'> .</font></B>  -Absent
<B><font color = 'blue'> .</font></B>  -Absent
<B><font color = 'blue'> .</font></B>  -Absent
<B><font color = 'blue'> .</font></B>  -Absent
<B><font color = 'blue'> .</font></B>  -Absent
<B><font color = 'blue'> .</font></B>  -Absent
<B><font color = 'blue'> .</font></B>  -R o       hit Sharma 
<B><font color = 'blue'> .</font></B>  -rahulrajt5613928@gmail.com
<B><font color = 'blue'> .</font></B>  -67645
<B><font color = 'blue'> .</font></B>  -2022-11-12
<B><font color = 'blue'> .</font></B>  -Absent
<B><font color = 'blue'> .</font></B>  -Absent
<B><font color = 'blue'> .</font></B>  -undefined
<B><font color = 'blue'> .</font></B>  -bengaluru
<B><font color = 'blue'> .</font></B>  -Testing
<B><font color = 'blue'> .</font></B>  -Absent
<B><font color = 'blue'> .</font></B>  -Absent
<B><font color = 'blue'> .</font></B>  -Absent
<B><font color = 'blue'> .</font></B>  -Absent
<B><font color = 'blue'> .</font></B>  -Absent
<B><font color = 'blue'> .</font></B>  -Absent
<B><font color = 'blue'> .</font></B>  -Absent
<B><font color = 'blue'> .</font></B>  -Absent
<B><font color = 'blue'> .</font></B>  -Absent
<B><font color = 'blue'> .</font></B>  -Absent
<B><font color = 'blue'> .</font></B>  -Absent
<B><font color = 'blue'> .</font></B>  -ni test 
<B><font color = 'blue'> .</font></B>  -nitest12@gmail.com
<B><font color = 'blue'> .</font></B>  -GLB678
<B><font color = 'blue'> .</font></B>  -2022-11-12
<B><font color = 'blue'> .</font></B>  -Absent
<B><font color = 'blue'> .</font></B>  -Absent
<B><font color = 'blue'> .</font></B>  -undefined
<B><font color = 'blue'> .</font></B>  -bengaluru
<B><font color = 'blue'> .</font></B>  -Testing
<B><font color = 'blue'> .</font></B>  -Absent
<B><font color = 'blue'> .</font></B>  -Absent
<B><font color = 'blue'> .</font></B>  -Absent
<B><font color = 'blue'> .</font></B>  -Absent
<B><font color = 'blue'> .</font></B>  -Absent
<B><font color = 'blue'> .</font></B>  -Absent
<B><font color = 'blue'> .</font></B>  -Absent
<B><font color = 'blue'> .</font></B>  -Absent
<B><font color = 'blue'> .</font></B>  -Absent
<B><font color = 'blue'> .</font></B>  -Absent
<B><font color = 'blue'> .</font></B>  -Absent
<B><font color = 'blue'> .</font></B>  -one test 
<B><font color = 'blue'> .</font></B>  -testone1234@gmail.com
<B><font color = 'blue'> .</font></B>  -0110
<B><font color = 'blue'> .</font></B>  -2022-11-12
<B><font color = 'blue'> .</font></B>  -Absent
<B><font color = 'blue'> .</font></B>  -Absent
<B><font color = 'blue'> .</font></B>  -undefined
<B><font color = 'blue'> .</font></B>  -bengaluru
<B><font color = 'blue'> .</font></B>  -Testing
<B><font color = 'blue'> .</font></B>  -Absent
<B><font color = 'blue'> .</font></B>  -Absent
<B><font color = 'blue'> .</font></B>  -Absent
<B><font color = 'blue'> .</font></B>  -Absent
<B><font color = 'blue'> .</font></B>  -Absent
<B><font color = 'blue'> .</font></B>  -Absent
<B><font color = 'blue'> .</font></B>  -Absent
<B><font color = 'blue'> .</font></B>  -Absent
<B><font color = 'blue'> .</font></B>  -Absent
<B><font color = 'blue'> .</font></B>  -Absent
<B><font color = 'blue'> .</font></B>  -Absent
<B><font color = 'blue'> .</font></B>  -GLB-BLR-010-PC - GLB-BLR-010 
<B><font color = 'blue'> .</font></B>  -abcd@yuksdgus
<B><font color = 'blue'> .</font></B>  -GLB-BLR-010
<B><font color = 'blue'> .</font></B>  -2022-11-12
<B><font color = 'blue'> .</font></B>  -Absent
<B><font color = 'blue'> .</font></B>  -Absent
<B><font color = 'blue'> .</font></B>  -undefined
<B><font color = 'blue'> .</font></B>  -bengaluru
<B><font color = 'blue'> .</font></B>  -Testing
<B><font color = 'blue'> .</font></B>  -Absent
<B><font color = 'blue'> .</font></B>  -Absent
<B><font color = 'blue'> .</font></B>  -Absent
<B><font color = 'blue'> .</font></B>  -Absent
<B><font color = 'blue'> .</font></B>  -Absent
<B><font color = 'blue'> .</font></B>  -Absent
<B><font color = 'blue'> .</font></B>  -Absent
<B><font color = 'blue'> .</font></B>  -Absent
<B><font color = 'blue'> .</font></B>  -Absent
<B><font color = 'blue'> .</font></B>  -Absent
<B><font color = 'blue'> .</font></B>  -Absent
<B><font color = 'blue'> .</font></B>  -surya kk 
<B><font color = 'blue'> .</font></B>  -123@gmail.com
<B><font color = 'blue'> .</font></B>  -mmmmm
<B><font color = 'blue'> .</font></B>  -2022-11-12
<B><font color = 'blue'> .</font></B>  -Absent
<B><font color = 'blue'> .</font></B>  -Absent
<B><font color = 'blue'> .</font></B>  -undefined
<B><font color = 'blue'> .</font></B>  -Tamilnadu
<B><font color = 'blue'> .</font></B>  -Test and Dev
<B><font color = 'blue'> .</font></B>  -Absent
<B><font color = 'blue'> .</font></B>  -Absent
<B><font color = 'blue'> .</font></B>  -Absent
<B><font color = 'blue'> .</font></B>  -Absent
<B><font color = 'blue'> .</font></B>  -Absent
<B><font color = 'blue'> .</font></B>  -Absent
<B><font color = 'blue'> .</font></B>  -Absent
<B><font color = 'blue'> .</font></B>  -Absent
<B><font color = 'blue'> .</font></B>  -Absent
<B><font color = 'blue'> .</font></B>  -Absent
<B><font color = 'blue'> .</font></B>  -Absent
<B><font color = 'blue'> .</font></B>  -sai kk 
<B><font color = 'blue'> .</font></B>  -saikk19876@gmail.com
<B><font color = 'blue'> .</font></B>  -20221019
<B><font color = 'blue'> .</font></B>  -2022-11-12
<B><font color = 'blue'> .</font></B>  -Absent
<B><font color = 'blue'> .</font></B>  -Absent
<B><font color = 'blue'> .</font></B>  -undefined
<B><font color = 'blue'> .</font></B>  -Tamilnadu
<B><font color = 'blue'> .</font></B>  -Test and Dev
<B><font color = 'blue'> .</font></B>  -Absent
<B><font color = 'blue'> .</font></B>  -Absent
<B><font color = 'blue'> .</font></B>  -Absent
<B><font color = 'blue'> .</font></B>  -Absent
<B><font color = 'blue'> .</font></B>  -Absent
<B><font color = 'blue'> .</font></B>  -Absent
<B><font color = 'blue'> .</font></B>  -Absent
<B><font color = 'blue'> .</font></B>  -Absent
<B><font color = 'blue'> .</font></B>  -Absent
<B><font color = 'blue'> .</font></B>  -Absent
<B><font color = 'blue'> .</font></B>  -Absent
<B><font color = 'blue'> .</font></B>  -ajeethemp test 
<B><font color = 'blue'> .</font></B>  -ajeethemp@gmail.com
<B><font color = 'blue'> .</font></B>  -A01
<B><font color = 'blue'> .</font></B>  -2022-11-12
<B><font color = 'blue'> .</font></B>  -Absent
<B><font color = 'blue'> .</font></B>  -Absent
<B><font color = 'blue'> .</font></B>  -undefined
<B><font color = 'blue'> .</font></B>  -Tamilnadu
<B><font color = 'blue'> .</font></B>  -Test and Dev
<B><font color = 'blue'> .</font></B>  -Absent
<B><font color = 'blue'> .</font></B>  -Absent
<B><font color = 'blue'> .</font></B>  -Absent
<B><font color = 'blue'> .</font></B>  -Absent
<B><font color = 'blue'> .</font></B>  -Absent
<B><font color = 'blue'> .</font></B>  -Absent
<B><font color = 'blue'> .</font></B>  -Absent
<B><font color = 'blue'> .</font></B>  -Absent
<B><font color = 'blue'> .</font></B>  -Absent
<B><font color = 'blue'> .</font></B>  -Absent
<B><font color = 'blue'> .</font></B>  -Absent
<B><font color = 'blue'> .</font></B>  -test user two 
<B><font color = 'blue'> .</font></B>  -testuser@two.io
<B><font color = 'blue'> .</font></B>  -GSLL-327
<B><font color = 'blue'> .</font></B>  -2022-11-12
<B><font color = 'blue'> .</font></B>  -Absent
<B><font color = 'blue'> .</font></B>  -Absent
<B><font color = 'blue'> .</font></B>  -undefined
<B><font color = 'blue'> .</font></B>  -Tamilnadu
<B><font color = 'blue'> .</font></B>  -Test and Dev
<B><font color = 'blue'> .</font></B>  -Absent
<B><font color = 'blue'> .</font></B>  -Absent
<B><font color = 'blue'> .</font></B>  -Absent
<B><font color = 'blue'> .</font></B>  -Absent
<B><font color = 'blue'> .</font></B>  -Absent
<B><font color = 'blue'> .</font></B>  -Absent
<B><font color = 'blue'> .</font></B>  -Absent
<B><font color = 'blue'> .</font></B>  -Absent
<B><font color = 'blue'> .</font></B>  -Absent
<B><font color = 'blue'> .</font></B>  -Absent
<B><font color = 'blue'> .</font></B>  -Absent
<B><font color = 'blue'> .</font></B>  -Himanshu Kumar 
<B><font color = 'blue'> .</font></B>  -himanshu1@gmail.com
<B><font color = 'blue'> .</font></B>  -EM011
<B><font color = 'blue'> .</font></B>  -2022-11-12
<B><font color = 'blue'> .</font></B>  -Absent
<B><font color = 'blue'> .</font></B>  -Absent
<B><font color = 'blue'> .</font></B>  -undefined
<B><font color = 'blue'> .</font></B>  -bagalkot
<B><font color = 'blue'> .</font></B>  -manual testing
<B><font color = 'blue'> .</font></B>  -Absent
<B><font color = 'blue'> .</font></B>  -Absent
<B><font color = 'blue'> .</font></B>  -Absent
<B><font color = 'blue'> .</font></B>  -Absent
<B><font color = 'blue'> .</font></B>  -Absent
<B><font color = 'blue'> .</font></B>  -Absent
<B><font color = 'blue'> .</font></B>  -Absent
<B><font color = 'blue'> .</font></B>  -Absent
<B><font color = 'blue'> .</font></B>  -Absent
<B><font color = 'blue'> .</font></B>  -Absent
<B><font color = 'blue'> .</font></B>  -Absent
<B><font color = 'blue'> .</font></B>  -dxgfdxg gssdg 
<B><font color = 'blue'> .</font></B>  -sdgsg@dgksodkg.in
<B><font color = 'blue'> .</font></B>  -asfda343443
<B><font color = 'blue'> .</font></B>  -2022-11-12
<B><font color = 'blue'> .</font></B>  -Absent
<B><font color = 'blue'> .</font></B>  -Absent
<B><font color = 'blue'> .</font></B>  -undefined
<B><font color = 'blue'> .</font></B>  -Bhilai
<B><font color = 'blue'> .</font></B>  -Php
<B><font color = 'blue'> .</font></B>  -Absent
<B><font color = 'blue'> .</font></B>  -Absent
<B><font color = 'blue'> .</font></B>  -Absent
<B><font color = 'blue'> .</font></B>  -Absent
<B><font color = 'blue'> .</font></B>  -Absent
<B><font color = 'blue'> .</font></B>  -Absent
<B><font color = 'blue'> .</font></B>  -Absent
<B><font color = 'blue'> .</font></B>  -Absent
<B><font color = 'blue'> .</font></B>  -Absent
<B><font color = 'blue'> .</font></B>  -Absent
<B><font color = 'blue'> .</font></B>  -Absent
<B><font color = 'blue'> .</font></B>  -Guest User 
<B><font color = 'blue'> .</font></B>  -guestuser@gmail.com
<B><font color = 'blue'> .</font></B>  -GLB-777
<B><font color = 'blue'> .</font></B>  -2022-11-11
<B><font color = 'blue'> .</font></B>  -11-11-2022 13:15:52
<B><font color = 'blue'> .</font></B>  -12-11-2022 00:00:00
<B><font color = 'blue'> .</font></B>  -GLB-124-PC
<B><font color = 'blue'> .</font></B>  -Bhilai
<B><font color = 'blue'> .</font></B>  -Php
<B><font color = 'blue'> .</font></B>  -10:44:08
<B><font color = 'blue'> .</font></B>  -00:00:00
<B><font color = 'blue'> .</font></B>  -00:00:00
<B><font color = 'blue'> .</font></B>  -00:00:00
<B><font color = 'blue'> .</font></B>  -00:00:00
<B><font color = 'blue'> .</font></B>  -00:00:00
<B><font color = 'blue'> .</font></B>  -00:00:00
<B><font color = 'blue'> .</font></B>  -10:44:08
<B><font color = 'blue'> .</font></B>  -0.00%
<B><font color = 'blue'> .</font></B>  --480:00
<B><font color = 'blue'> .</font></B>  -0.00
<B><font color = 'blue'> .</font></B>  -Abhishek Test 
<B><font color = 'blue'> .</font></B>  -abhishektrest@glb.in
<B><font color = 'blue'> .</font></B>  -rN7tvEiDPGNi4fD
<B><font color = 'blue'> .</font></B>  -2022-11-11
<B><font color = 'blue'> .</font></B>  -11-11-2022 00:00:00
<B><font color = 'blue'> .</font></B>  -11-11-2022 13:06:04
<B><font color = 'blue'> .</font></B>  -GLB-124-PC
<B><font color = 'blue'> .</font></B>  -Bangalore
<B><font color = 'blue'> .</font></B>  -Php
<B><font color = 'blue'> .</font></B>  -13:06:04
<B><font color = 'blue'> .</font></B>  -00:00:00
<B><font color = 'blue'> .</font></B>  -00:00:00
<B><font color = 'blue'> .</font></B>  -00:00:00
<B><font color = 'blue'> .</font></B>  -00:00:00
<B><font color = 'blue'> .</font></B>  -00:00:00
<B><font color = 'blue'> .</font></B>  -00:00:00
<B><font color = 'blue'> .</font></B>  -13:06:04
<B><font color = 'blue'> .</font></B>  -0.00%
<B><font color = 'blue'> .</font></B>  --480:00
<B><font color = 'blue'> .</font></B>  -0.00
<B><font color = 'blue'> .</font></B>  -Virat kohli 
<B><font color = 'blue'> .</font></B>  -rahukbgdxgsf@gmail.com
<B><font color = 'blue'> .</font></B>  -65332
<B><font color = 'blue'> .</font></B>  -2022-11-11
<B><font color = 'blue'> .</font></B>  -Absent
<B><font color = 'blue'> .</font></B>  -Absent
<B><font color = 'blue'> .</font></B>  -undefined
<B><font color = 'blue'> .</font></B>  -Default
<B><font color = 'blue'> .</font></B>  -Default
<B><font color = 'blue'> .</font></B>  -Absent
<B><font color = 'blue'> .</font></B>  -Absent
<B><font color = 'blue'> .</font></B>  -Absent
<B><font color = 'blue'> .</font></B>  -Absent
<B><font color = 'blue'> .</font></B>  -Absent
<B><font color = 'blue'> .</font></B>  -Absent
<B><font color = 'blue'> .</font></B>  -Absent
<B><font color = 'blue'> .</font></B>  -Absent
<B><font color = 'blue'> .</font></B>  -Absent
<B><font color = 'blue'> .</font></B>  -Absent
<B><font color = 'blue'> .</font></B>  -Absent
<B><font color = 'blue'> .</font></B>  -sadas kadkasdj 
<B><font color = 'blue'> .</font></B>  -dsa@eqe
<B><font color = 'blue'> .</font></B>  -emp129666
<B><font color = 'blue'> .</font></B>  -2022-11-11
<B><font color = 'blue'> .</font></B>  -Absent
<B><font color = 'blue'> .</font></B>  -Absent
<B><font color = 'blue'> .</font></B>  -undefined
<B><font color = 'blue'> .</font></B>  -Default
<B><font color = 'blue'> .</font></B>  -Default
<B><font color = 'blue'> .</font></B>  -Absent
<B><font color = 'blue'> .</font></B>  -Absent
<B><font color = 'blue'> .</font></B>  -Absent
<B><font color = 'blue'> .</font></B>  -Absent
<B><font color = 'blue'> .</font></B>  -Absent
<B><font color = 'blue'> .</font></B>  -Absent
<B><font color = 'blue'> .</font></B>  -Absent
<B><font color = 'blue'> .</font></B>  -Absent
<B><font color = 'blue'> .</font></B>  -Absent
<B><font color = 'blue'> .</font></B>  -Absent
<B><font color = 'blue'> .</font></B>  -Absent
<B><font color = 'blue'> .</font></B>  -New Test 
<B><font color = 'blue'> .</font></B>  -newtest@gmail.com
<B><font color = 'blue'> .</font></B>  -ewer334443
<B><font color = 'blue'> .</font></B>  -2022-11-11
<B><font color = 'blue'> .</font></B>  -Absent
<B><font color = 'blue'> .</font></B>  -Absent
<B><font color = 'blue'> .</font></B>  -undefined
<B><font color = 'blue'> .</font></B>  -Default
<B><font color = 'blue'> .</font></B>  -Default
<B><font color = 'blue'> .</font></B>  -Absent
<B><font color = 'blue'> .</font></B>  -Absent
<B><font color = 'blue'> .</font></B>  -Absent
<B><font color = 'blue'> .</font></B>  -Absent
<B><font color = 'blue'> .</font></B>  -Absent
<B><font color = 'blue'> .</font></B>  -Absent
<B><font color = 'blue'> .</font></B>  -Absent
<B><font color = 'blue'> .</font></B>  -Absent
<B><font color = 'blue'> .</font></B>  -Absent
<B><font color = 'blue'> .</font></B>  -Absent
<B><font color = 'blue'> .</font></B>  -Absent
<B><font color = 'blue'> .</font></B>  -dshcdb uidsbf 
<B><font color = 'blue'> .</font></B>  -dvbvdb@yahoo.com
<B><font color = 'blue'> .</font></B>  -435454
<B><font color = 'blue'> .</font></B>  -2022-11-11
<B><font color = 'blue'> .</font></B>  -Absent
<B><font color = 'blue'> .</font></B>  -Absent
<B><font color = 'blue'> .</font></B>  -undefined
<B><font color = 'blue'> .</font></B>  -Default
<B><font color = 'blue'> .</font></B>  -Default
<B><font color = 'blue'> .</font></B>  -Absent
<B><font color = 'blue'> .</font></B>  -Absent
<B><font color = 'blue'> .</font></B>  -Absent
<B><font color = 'blue'> .</font></B>  -Absent
<B><font color = 'blue'> .</font></B>  -Absent
<B><font color = 'blue'> .</font></B>  -Absent
<B><font color = 'blue'> .</font></B>  -Absent
<B><font color = 'blue'> .</font></B>  -Absent
<B><font color = 'blue'> .</font></B>  -Absent
<B><font color = 'blue'> .</font></B>  -Absent
<B><font color = 'blue'> .</font></B>  -Absent
<B><font color = 'blue'> .</font></B>  -try last 
<B><font color = 'blue'> .</font></B>  -try@gmail.com
<B><font color = 'blue'> .</font></B>  -1225455
<B><font color = 'blue'> .</font></B>  -2022-11-11
<B><font color = 'blue'> .</font></B>  -Absent
<B><font color = 'blue'> .</font></B>  -Absent
<B><font color = 'blue'> .</font></B>  -undefined
<B><font color = 'blue'> .</font></B>  -Default
<B><font color = 'blue'> .</font></B>  -Default
<B><font color = 'blue'> .</font></B>  -Absent
<B><font color = 'blue'> .</font></B>  -Absent
<B><font color = 'blue'> .</font></B>  -Absent
<B><font color = 'blue'> .</font></B>  -Absent
<B><font color = 'blue'> .</font></B>  -Absent
<B><font color = 'blue'> .</font></B>  -Absent
<B><font color = 'blue'> .</font></B>  -Absent
<B><font color = 'blue'> .</font></B>  -Absent
<B><font color = 'blue'> .</font></B>  -Absent
<B><font color = 'blue'> .</font></B>  -Absent
<B><font color = 'blue'> .</font></B>  -Absent
<B><font color = 'blue'> .</font></B>  -vdjvdb yusvdvbbh 
<B><font color = 'blue'> .</font></B>  -dvhbfdh@gmail.com
<B><font color = 'blue'> .</font></B>  -wq534342
<B><font color = 'blue'> .</font></B>  -2022-11-11
<B><font color = 'blue'> .</font></B>  -Absent
<B><font color = 'blue'> .</font></B>  -Absent
<B><font color = 'blue'> .</font></B>  -undefined
<B><font color = 'blue'> .</font></B>  -Default
<B><font color = 'blue'> .</font></B>  -Default
<B><font color = 'blue'> .</font></B>  -Absent
<B><font color = 'blue'> .</font></B>  -Absent
<B><font color = 'blue'> .</font></B>  -Absent
<B><font color = 'blue'> .</font></B>  -Absent
<B><font color = 'blue'> .</font></B>  -Absent
<B><font color = 'blue'> .</font></B>  -Absent
<B><font color = 'blue'> .</font></B>  -Absent
<B><font color = 'blue'> .</font></B>  -Absent
<B><font color = 'blue'> .</font></B>  -Absent
<B><font color = 'blue'> .</font></B>  -Absent
<B><font color = 'blue'> .</font></B>  -Absent
<B><font color = 'blue'> .</font></B>  -Mail Test user 
<B><font color = 'blue'> .</font></B>  -maintest@user.io
<B><font color = 'blue'> .</font></B>  -GLB-1223888
<B><font color = 'blue'> .</font></B>  -2022-11-11
<B><font color = 'blue'> .</font></B>  -Absent
<B><font color = 'blue'> .</font></B>  -Absent
<B><font color = 'blue'> .</font></B>  -undefined
<B><font color = 'blue'> .</font></B>  -Default
<B><font color = 'blue'> .</font></B>  -Default
<B><font color = 'blue'> .</font></B>  -Absent
<B><font color = 'blue'> .</font></B>  -Absent
<B><font color = 'blue'> .</font></B>  -Absent
<B><font color = 'blue'> .</font></B>  -Absent
<B><font color = 'blue'> .</font></B>  -Absent
<B><font color = 'blue'> .</font></B>  -Absent
<B><font color = 'blue'> .</font></B>  -Absent
<B><font color = 'blue'> .</font></B>  -Absent
<B><font color = 'blue'> .</font></B>  -Absent
<B><font color = 'blue'> .</font></B>  -Absent
<B><font color = 'blue'> .</font></B>  -Absent
<B><font color = 'blue'> .</font></B>  -Update Check 
<B><font color = 'blue'> .</font></B>  -updates@gmail.com
<B><font color = 'blue'> .</font></B>  -emp543
<B><font color = 'blue'> .</font></B>  -2022-11-11
<B><font color = 'blue'> .</font></B>  -Absent
<B><font color = 'blue'> .</font></B>  -Absent
<B><font color = 'blue'> .</font></B>  -undefined
<B><font color = 'blue'> .</font></B>  -Default
<B><font color = 'blue'> .</font></B>  -Default
<B><font color = 'blue'> .</font></B>  -Absent
<B><font color = 'blue'> .</font></B>  -Absent
<B><font color = 'blue'> .</font></B>  -Absent
<B><font color = 'blue'> .</font></B>  -Absent
<B><font color = 'blue'> .</font></B>  -Absent
<B><font color = 'blue'> .</font></B>  -Absent
<B><font color = 'blue'> .</font></B>  -Absent
<B><font color = 'blue'> .</font></B>  -Absent
<B><font color = 'blue'> .</font></B>  -Absent
<B><font color = 'blue'> .</font></B>  -Absent
<B><font color = 'blue'> .</font></B>  -Absent
<B><font color = 'blue'> .</font></B>  -test manager 
<B><font color = 'blue'> .</font></B>  -manageremp@gmail.com
<B><font color = 'blue'> .</font></B>  -glb020
<B><font color = 'blue'> .</font></B>  -2022-11-11
<B><font color = 'blue'> .</font></B>  -Absent
<B><font color = 'blue'> .</font></B>  -Absent
<B><font color = 'blue'> .</font></B>  -undefined
<B><font color = 'blue'> .</font></B>  -Default
<B><font color = 'blue'> .</font></B>  -Default
<B><font color = 'blue'> .</font></B>  -Absent
<B><font color = 'blue'> .</font></B>  -Absent
<B><font color = 'blue'> .</font></B>  -Absent
<B><font color = 'blue'> .</font></B>  -Absent
<B><font color = 'blue'> .</font></B>  -Absent
<B><font color = 'blue'> .</font></B>  -Absent
<B><font color = 'blue'> .</font></B>  -Absent
<B><font color = 'blue'> .</font></B>  -Absent
<B><font color = 'blue'> .</font></B>  -Absent
<B><font color = 'blue'> .</font></B>  -Absent
<B><font color = 'blue'> .</font></B>  -Absent
<B><font color = 'blue'> .</font></B>  -DESKTOP-PJJHB19 - GLB-BLR-002OjUpRD2 
<B><font color = 'blue'> .</font></B>  --
<B><font color = 'blue'> .</font></B>  -GLB-BLR-002OjUpRD2
<B><font color = 'blue'> .</font></B>  -2022-11-11
<B><font color = 'blue'> .</font></B>  -Absent
<B><font color = 'blue'> .</font></B>  -Absent
<B><font color = 'blue'> .</font></B>  -undefined
<B><font color = 'blue'> .</font></B>  -Default
<B><font color = 'blue'> .</font></B>  -Default
<B><font color = 'blue'> .</font></B>  -Absent
<B><font color = 'blue'> .</font></B>  -Absent
<B><font color = 'blue'> .</font></B>  -Absent
<B><font color = 'blue'> .</font></B>  -Absent
<B><font color = 'blue'> .</font></B>  -Absent
<B><font color = 'blue'> .</font></B>  -Absent
<B><font color = 'blue'> .</font></B>  -Absent
<B><font color = 'blue'> .</font></B>  -Absent
<B><font color = 'blue'> .</font></B>  -Absent
<B><font color = 'blue'> .</font></B>  -Absent
<B><font color = 'blue'> .</font></B>  -Absent
<B><font color = 'blue'> .</font></B>  -Usb Test 
<B><font color = 'blue'> .</font></B>  -usbtest123@gmail.com
<B><font color = 'blue'> .</font></B>  -emp0097
<B><font color = 'blue'> .</font></B>  -2022-11-11
<B><font color = 'blue'> .</font></B>  -Absent
<B><font color = 'blue'> .</font></B>  -Absent
<B><font color = 'blue'> .</font></B>  -undefined
<B><font color = 'blue'> .</font></B>  -Default
<B><font color = 'blue'> .</font></B>  -Default
<B><font color = 'blue'> .</font></B>  -Absent
<B><font color = 'blue'> .</font></B>  -Absent
<B><font color = 'blue'> .</font></B>  -Absent
<B><font color = 'blue'> .</font></B>  -Absent
<B><font color = 'blue'> .</font></B>  -Absent
<B><font color = 'blue'> .</font></B>  -Absent
<B><font color = 'blue'> .</font></B>  -Absent
<B><font color = 'blue'> .</font></B>  -Absent
<B><font color = 'blue'> .</font></B>  -Absent
<B><font color = 'blue'> .</font></B>  -Absent
<B><font color = 'blue'> .</font></B>  -Absent
<B><font color = 'blue'> .</font></B>  -SS Keystrokes 
<B><font color = 'blue'> .</font></B>  -sskey@gmail.com
<B><font color = 'blue'> .</font></B>  -emp98y
<B><font color = 'blue'> .</font></B>  -2022-11-11
<B><font color = 'blue'> .</font></B>  -Absent
<B><font color = 'blue'> .</font></B>  -Absent
<B><font color = 'blue'> .</font></B>  -undefined
<B><font color = 'blue'> .</font></B>  -Default
<B><font color = 'blue'> .</font></B>  -Default
<B><font color = 'blue'> .</font></B>  -Absent
<B><font color = 'blue'> .</font></B>  -Absent
<B><font color = 'blue'> .</font></B>  -Absent
<B><font color = 'blue'> .</font></B>  -Absent
<B><font color = 'blue'> .</font></B>  -Absent
<B><font color = 'blue'> .</font></B>  -Absent
<B><font color = 'blue'> .</font></B>  -Absent
<B><font color = 'blue'> .</font></B>  -Absent
<B><font color = 'blue'> .</font></B>  -Absent
<B><font color = 'blue'> .</font></B>  -Absent
<B><font color = 'blue'> .</font></B>  -Absent
<B><font color = 'blue'> .</font></B>  -shivammmmmmmmmmmmmmmmmmmm Kumar 
<B><font color = 'blue'> .</font></B>  -kgfyash545@gmail.com
<B><font color = 'blue'> .</font></B>  -hsakhdjk414
<B><font color = 'blue'> .</font></B>  -2022-11-11
<B><font color = 'blue'> .</font></B>  -Absent
<B><font color = 'blue'> .</font></B>  -Absent
<B><font color = 'blue'> .</font></B>  -undefined
<B><font color = 'blue'> .</font></B>  -Default
<B><font color = 'blue'> .</font></B>  -Default
<B><font color = 'blue'> .</font></B>  -Absent
<B><font color = 'blue'> .</font></B>  -Absent
<B><font color = 'blue'> .</font></B>  -Absent
<B><font color = 'blue'> .</font></B>  -Absent
<B><font color = 'blue'> .</font></B>  -Absent
<B><font color = 'blue'> .</font></B>  -Absent
<B><font color = 'blue'> .</font></B>  -Absent
<B><font color = 'blue'> .</font></B>  -Absent
<B><font color = 'blue'> .</font></B>  -Absent
<B><font color = 'blue'> .</font></B>  -Absent
<B><font color = 'blue'> .</font></B>  -Absent
<B><font color = 'blue'> .</font></B>  -Abhishek Four tf test 
<B><font color = 'blue'> .</font></B>  -abhishekfourtf@mail.com
<B><font color = 'blue'> .</font></B>  -HLIKSJ98
<B><font color = 'blue'> .</font></B>  -2022-11-11
<B><font color = 'blue'> .</font></B>  -Absent
<B><font color = 'blue'> .</font></B>  -Absent
<B><font color = 'blue'> .</font></B>  -undefined
<B><font color = 'blue'> .</font></B>  -Default
<B><font color = 'blue'> .</font></B>  -Default
<B><font color = 'blue'> .</font></B>  -Absent
<B><font color = 'blue'> .</font></B>  -Absent
<B><font color = 'blue'> .</font></B>  -Absent
<B><font color = 'blue'> .</font></B>  -Absent
<B><font color = 'blue'> .</font></B>  -Absent
<B><font color = 'blue'> .</font></B>  -Absent
<B><font color = 'blue'> .</font></B>  -Absent
<B><font color = 'blue'> .</font></B>  -Absent
<B><font color = 'blue'> .</font></B>  -Absent
<B><font color = 'blue'> .</font></B>  -Absent
<B><font color = 'blue'> .</font></B>  -Absent
<B><font color = 'blue'> .</font></B>  -new dev user 
<B><font color = 'blue'> .</font></B>  -new@dev.user
<B><font color = 'blue'> .</font></B>  -fdfsfsd
<B><font color = 'blue'> .</font></B>  -2022-11-11
<B><font color = 'blue'> .</font></B>  -Absent
<B><font color = 'blue'> .</font></B>  -Absent
<B><font color = 'blue'> .</font></B>  -undefined
<B><font color = 'blue'> .</font></B>  -Default
<B><font color = 'blue'> .</font></B>  -Default
<B><font color = 'blue'> .</font></B>  -Absent
<B><font color = 'blue'> .</font></B>  -Absent
<B><font color = 'blue'> .</font></B>  -Absent
<B><font color = 'blue'> .</font></B>  -Absent
<B><font color = 'blue'> .</font></B>  -Absent
<B><font color = 'blue'> .</font></B>  -Absent
<B><font color = 'blue'> .</font></B>  -Absent
<B><font color = 'blue'> .</font></B>  -Absent
<B><font color = 'blue'> .</font></B>  -Absent
<B><font color = 'blue'> .</font></B>  -Absent
<B><font color = 'blue'> .</font></B>  -Absent
<B><font color = 'blue'> .</font></B>  -aaaaaaaaaa aaaaaaaaa 
<B><font color = 'blue'> .</font></B>  -mmmm@gmail.com
<B><font color = 'blue'> .</font></B>  -80765s
<B><font color = 'blue'> .</font></B>  -2022-11-11
<B><font color = 'blue'> .</font></B>  -Absent
<B><font color = 'blue'> .</font></B>  -Absent
<B><font color = 'blue'> .</font></B>  -undefined
<B><font color = 'blue'> .</font></B>  -Bangalore
<B><font color = 'blue'> .</font></B>  -Testing
<B><font color = 'blue'> .</font></B>  -Absent
<B><font color = 'blue'> .</font></B>  -Absent
<B><font color = 'blue'> .</font></B>  -Absent
<B><font color = 'blue'> .</font></B>  -Absent
<B><font color = 'blue'> .</font></B>  -Absent
<B><font color = 'blue'> .</font></B>  -Absent
<B><font color = 'blue'> .</font></B>  -Absent
<B><font color = 'blue'> .</font></B>  -Absent
<B><font color = 'blue'> .</font></B>  -Absent
<B><font color = 'blue'> .</font></B>  -Absent
<B><font color = 'blue'> .</font></B>  -Absent
<B><font color = 'blue'> .</font></B>  -sumesh test 
<B><font color = 'blue'> .</font></B>  -sumesh@mail.com
<B><font color = 'blue'> .</font></B>  -fdgfdgf
<B><font color = 'blue'> .</font></B>  -2022-11-11
<B><font color = 'blue'> .</font></B>  -Absent
<B><font color = 'blue'> .</font></B>  -Absent
<B><font color = 'blue'> .</font></B>  -undefined
<B><font color = 'blue'> .</font></B>  -Bangalore
<B><font color = 'blue'> .</font></B>  -Testing
<B><font color = 'blue'> .</font></B>  -Absent
<B><font color = 'blue'> .</font></B>  -Absent
<B><font color = 'blue'> .</font></B>  -Absent
<B><font color = 'blue'> .</font></B>  -Absent
<B><font color = 'blue'> .</font></B>  -Absent
<B><font color = 'blue'> .</font></B>  -Absent
<B><font color = 'blue'> .</font></B>  -Absent
<B><font color = 'blue'> .</font></B>  -Absent
<B><font color = 'blue'> .</font></B>  -Absent
<B><font color = 'blue'> .</font></B>  -Absent
<B><font color = 'blue'> .</font></B>  -Absent
<B><font color = 'blue'> .</font></B>  -Test msc 
<B><font color = 'blue'> .</font></B>  -test123@gmail.com
<B><font color = 'blue'> .</font></B>  -12254
<B><font color = 'blue'> .</font></B>  -2022-11-11
<B><font color = 'blue'> .</font></B>  -Absent
<B><font color = 'blue'> .</font></B>  -Absent
<B><font color = 'blue'> .</font></B>  -undefined
<B><font color = 'blue'> .</font></B>  -Bangalore
<B><font color = 'blue'> .</font></B>  -Testing
<B><font color = 'blue'> .</font></B>  -Absent
<B><font color = 'blue'> .</font></B>  -Absent
<B><font color = 'blue'> .</font></B>  -Absent
<B><font color = 'blue'> .</font></B>  -Absent
<B><font color = 'blue'> .</font></B>  -Absent
<B><font color = 'blue'> .</font></B>  -Absent
<B><font color = 'blue'> .</font></B>  -Absent
<B><font color = 'blue'> .</font></B>  -Absent
<B><font color = 'blue'> .</font></B>  -Absent
<B><font color = 'blue'> .</font></B>  -Absent
<B><font color = 'blue'> .</font></B>  -Absent
<B><font color = 'blue'> .</font></B>  -deffdfds vscsc 
<B><font color = 'blue'> .</font></B>  -cscsdw123@gmail.com
<B><font color = 'blue'> .</font></B>  -1234512
<B><font color = 'blue'> .</font></B>  -2022-11-11
<B><font color = 'blue'> .</font></B>  -Absent
<B><font color = 'blue'> .</font></B>  -Absent
<B><font color = 'blue'> .</font></B>  -undefined
<B><font color = 'blue'> .</font></B>  -Bangalore
<B><font color = 'blue'> .</font></B>  -Testing
<B><font color = 'blue'> .</font></B>  -Absent
<B><font color = 'blue'> .</font></B>  -Absent
<B><font color = 'blue'> .</font></B>  -Absent
<B><font color = 'blue'> .</font></B>  -Absent
<B><font color = 'blue'> .</font></B>  -Absent
<B><font color = 'blue'> .</font></B>  -Absent
<B><font color = 'blue'> .</font></B>  -Absent
<B><font color = 'blue'> .</font></B>  -Absent
<B><font color = 'blue'> .</font></B>  -Absent
<B><font color = 'blue'> .</font></B>  -Absent
<B><font color = 'blue'> .</font></B>  -Absent
<B><font color = 'blue'> .</font></B>  -test testtt 
<B><font color = 'blue'> .</font></B>  -abcd@gmail.com
<B><font color = 'blue'> .</font></B>  -GLB55
<B><font color = 'blue'> .</font></B>  -2022-11-11
<B><font color = 'blue'> .</font></B>  -Absent
<B><font color = 'blue'> .</font></B>  -Absent
<B><font color = 'blue'> .</font></B>  -undefined
<B><font color = 'blue'> .</font></B>  -Bangalore
<B><font color = 'blue'> .</font></B>  -Testing
<B><font color = 'blue'> .</font></B>  -Absent
<B><font color = 'blue'> .</font></B>  -Absent
<B><font color = 'blue'> .</font></B>  -Absent
<B><font color = 'blue'> .</font></B>  -Absent
<B><font color = 'blue'> .</font></B>  -Absent
<B><font color = 'blue'> .</font></B>  -Absent
<B><font color = 'blue'> .</font></B>  -Absent
<B><font color = 'blue'> .</font></B>  -Absent
<B><font color = 'blue'> .</font></B>  -Absent
<B><font color = 'blue'> .</font></B>  -Absent
<B><font color = 'blue'> .</font></B>  -Absent
<B><font color = 'blue'> .</font></B>  -Abhishe tt 
<B><font color = 'blue'> .</font></B>  -ab@ab.com
<B><font color = 'blue'> .</font></B>  -GKD567
<B><font color = 'blue'> .</font></B>  -2022-11-11
<B><font color = 'blue'> .</font></B>  -Absent
<B><font color = 'blue'> .</font></B>  -Absent
<B><font color = 'blue'> .</font></B>  -undefined
<B><font color = 'blue'> .</font></B>  -Bangalore
<B><font color = 'blue'> .</font></B>  -Testing
<B><font color = 'blue'> .</font></B>  -Absent
<B><font color = 'blue'> .</font></B>  -Absent
<B><font color = 'blue'> .</font></B>  -Absent
<B><font color = 'blue'> .</font></B>  -Absent
<B><font color = 'blue'> .</font></B>  -Absent
<B><font color = 'blue'> .</font></B>  -Absent
<B><font color = 'blue'> .</font></B>  -Absent
<B><font color = 'blue'> .</font></B>  -Absent
<B><font color = 'blue'> .</font></B>  -Absent
<B><font color = 'blue'> .</font></B>  -Absent
<B><font color = 'blue'> .</font></B>  -Absent
<B><font color = 'blue'> .</font></B>  -test nonadmin 
<B><font color = 'blue'> .</font></B>  -testnonadmin@gmail.com
<B><font color = 'blue'> .</font></B>  -GLB026
<B><font color = 'blue'> .</font></B>  -2022-11-11
<B><font color = 'blue'> .</font></B>  -Absent
<B><font color = 'blue'> .</font></B>  -Absent
<B><font color = 'blue'> .</font></B>  -undefined
<B><font color = 'blue'> .</font></B>  -Bangalore
<B><font color = 'blue'> .</font></B>  -Php
<B><font color = 'blue'> .</font></B>  -Absent
<B><font color = 'blue'> .</font></B>  -Absent
<B><font color = 'blue'> .</font></B>  -Absent
<B><font color = 'blue'> .</font></B>  -Absent
<B><font color = 'blue'> .</font></B>  -Absent
<B><font color = 'blue'> .</font></B>  -Absent
<B><font color = 'blue'> .</font></B>  -Absent
<B><font color = 'blue'> .</font></B>  -Absent
<B><font color = 'blue'> .</font></B>  -Absent
<B><font color = 'blue'> .</font></B>  -Absent
<B><font color = 'blue'> .</font></B>  -Absent
<B><font color = 'blue'> .</font></B>  -adg ckj 
<B><font color = 'blue'> .</font></B>  -adcs@1234
<B><font color = 'blue'> .</font></B>  -583
<B><font color = 'blue'> .</font></B>  -2022-11-11
<B><font color = 'blue'> .</font></B>  -Absent
<B><font color = 'blue'> .</font></B>  -Absent
<B><font color = 'blue'> .</font></B>  -undefined
<B><font color = 'blue'> .</font></B>  -Bangalore
<B><font color = 'blue'> .</font></B>  -Testing
<B><font color = 'blue'> .</font></B>  -Absent
<B><font color = 'blue'> .</font></B>  -Absent
<B><font color = 'blue'> .</font></B>  -Absent
<B><font color = 'blue'> .</font></B>  -Absent
<B><font color = 'blue'> .</font></B>  -Absent
<B><font color = 'blue'> .</font></B>  -Absent
<B><font color = 'blue'> .</font></B>  -Absent
<B><font color = 'blue'> .</font></B>  -Absent
<B><font color = 'blue'> .</font></B>  -Absent
<B><font color = 'blue'> .</font></B>  -Absent
<B><font color = 'blue'> .</font></B>  -Absent
<B><font color = 'blue'> .</font></B>  -dominic toretto 
<B><font color = 'blue'> .</font></B>  -dom.toretto737@gmail.com
<B><font color = 'blue'> .</font></B>  -EMP011
<B><font color = 'blue'> .</font></B>  -2022-11-11
<B><font color = 'blue'> .</font></B>  -Absent
<B><font color = 'blue'> .</font></B>  -Absent
<B><font color = 'blue'> .</font></B>  -undefined
<B><font color = 'blue'> .</font></B>  -Bangalore
<B><font color = 'blue'> .</font></B>  -Testing
<B><font color = 'blue'> .</font></B>  -Absent
<B><font color = 'blue'> .</font></B>  -Absent
<B><font color = 'blue'> .</font></B>  -Absent
<B><font color = 'blue'> .</font></B>  -Absent
<B><font color = 'blue'> .</font></B>  -Absent
<B><font color = 'blue'> .</font></B>  -Absent
<B><font color = 'blue'> .</font></B>  -Absent
<B><font color = 'blue'> .</font></B>  -Absent
<B><font color = 'blue'> .</font></B>  -Absent
<B><font color = 'blue'> .</font></B>  -Absent
<B><font color = 'blue'> .</font></B>  -Absent
<B><font color = 'blue'> .</font></B>  -Superior Test one 
<B><font color = 'blue'> .</font></B>  -superiorone@gmail.com
<B><font color = 'blue'> .</font></B>  -twoqw
<B><font color = 'blue'> .</font></B>  -2022-11-11
<B><font color = 'blue'> .</font></B>  -Absent
<B><font color = 'blue'> .</font></B>  -Absent
<B><font color = 'blue'> .</font></B>  -undefined
<B><font color = 'blue'> .</font></B>  -Bangalore
<B><font color = 'blue'> .</font></B>  -Testing
<B><font color = 'blue'> .</font></B>  -Absent
<B><font color = 'blue'> .</font></B>  -Absent
<B><font color = 'blue'> .</font></B>  -Absent
<B><font color = 'blue'> .</font></B>  -Absent
<B><font color = 'blue'> .</font></B>  -Absent
<B><font color = 'blue'> .</font></B>  -Absent
<B><font color = 'blue'> .</font></B>  -Absent
<B><font color = 'blue'> .</font></B>  -Absent
<B><font color = 'blue'> .</font></B>  -Absent
<B><font color = 'blue'> .</font></B>  -Absent
<B><font color = 'blue'> .</font></B>  -Absent
<B><font color = 'blue'> .</font></B>  -test testw 
<B><font color = 'blue'> .</font></B>  -test@mac.in
<B><font color = 'blue'> .</font></B>  -aaf123
<B><font color = 'blue'> .</font></B>  -2022-11-11
<B><font color = 'blue'> .</font></B>  -Absent
<B><font color = 'blue'> .</font></B>  -Absent
<B><font color = 'blue'> .</font></B>  -undefined
<B><font color = 'blue'> .</font></B>  -Bangalore
<B><font color = 'blue'> .</font></B>  -Php
<B><font color = 'blue'> .</font></B>  -Absent
<B><font color = 'blue'> .</font></B>  -Absent
<B><font color = 'blue'> .</font></B>  -Absent
<B><font color = 'blue'> .</font></B>  -Absent
<B><font color = 'blue'> .</font></B>  -Absent
<B><font color = 'blue'> .</font></B>  -Absent
<B><font color = 'blue'> .</font></B>  -Absent
<B><font color = 'blue'> .</font></B>  -Absent
<B><font color = 'blue'> .</font></B>  -Absent
<B><font color = 'blue'> .</font></B>  -Absent
<B><font color = 'blue'> .</font></B>  -Absent
<B><font color = 'blue'> .</font></B>  -sam eer 
<B><font color = 'blue'> .</font></B>  -sam@rf.in
<B><font color = 'blue'> .</font></B>  -WSAERT2Q34E
<B><font color = 'blue'> .</font></B>  -2022-11-11
<B><font color = 'blue'> .</font></B>  -Absent
<B><font color = 'blue'> .</font></B>  -Absent
<B><font color = 'blue'> .</font></B>  -undefined
<B><font color = 'blue'> .</font></B>  -Bangalore
<B><font color = 'blue'> .</font></B>  -Testing
<B><font color = 'blue'> .</font></B>  -Absent
<B><font color = 'blue'> .</font></B>  -Absent
<B><font color = 'blue'> .</font></B>  -Absent
<B><font color = 'blue'> .</font></B>  -Absent
<B><font color = 'blue'> .</font></B>  -Absent
<B><font color = 'blue'> .</font></B>  -Absent
<B><font color = 'blue'> .</font></B>  -Absent
<B><font color = 'blue'> .</font></B>  -Absent
<B><font color = 'blue'> .</font></B>  -Absent
<B><font color = 'blue'> .</font></B>  -Absent
<B><font color = 'blue'> .</font></B>  -Absent
<B><font color = 'blue'> .</font></B>  -Test test 
<B><font color = 'blue'> .</font></B>  -sarikajain@gmail.com
<B><font color = 'blue'> .</font></B>  -E-101
<B><font color = 'blue'> .</font></B>  -2022-11-11
<B><font color = 'blue'> .</font></B>  -Absent
<B><font color = 'blue'> .</font></B>  -Absent
<B><font color = 'blue'> .</font></B>  -undefined
<B><font color = 'blue'> .</font></B>  -Bangalore
<B><font color = 'blue'> .</font></B>  -Testing
<B><font color = 'blue'> .</font></B>  -Absent
<B><font color = 'blue'> .</font></B>  -Absent
<B><font color = 'blue'> .</font></B>  -Absent
<B><font color = 'blue'> .</font></B>  -Absent
<B><font color = 'blue'> .</font></B>  -Absent
<B><font color = 'blue'> .</font></B>  -Absent
<B><font color = 'blue'> .</font></B>  -Absent
<B><font color = 'blue'> .</font></B>  -Absent
<B><font color = 'blue'> .</font></B>  -Absent
<B><font color = 'blue'> .</font></B>  -Absent
<B><font color = 'blue'> .</font></B>  -Absent
<B><font color = 'blue'> .</font></B>  -sithu kalluru 
<B><font color = 'blue'> .</font></B>  -sitaramireddy@globussoft.in
<B><font color = 'blue'> .</font></B>  -code12
<B><font color = 'blue'> .</font></B>  -2022-11-11
<B><font color = 'blue'> .</font></B>  -Absent
<B><font color = 'blue'> .</font></B>  -Absent
<B><font color = 'blue'> .</font></B>  -undefined
<B><font color = 'blue'> .</font></B>  -Bangalore
<B><font color = 'blue'> .</font></B>  -Testing
<B><font color = 'blue'> .</font></B>  -Absent
<B><font color = 'blue'> .</font></B>  -Absent
<B><font color = 'blue'> .</font></B>  -Absent
<B><font color = 'blue'> .</font></B>  -Absent
<B><font color = 'blue'> .</font></B>  -Absent
<B><font color = 'blue'> .</font></B>  -Absent
<B><font color = 'blue'> .</font></B>  -Absent
<B><font color = 'blue'> .</font></B>  -Absent
<B><font color = 'blue'> .</font></B>  -Absent
<B><font color = 'blue'> .</font></B>  -Absent
<B><font color = 'blue'> .</font></B>  -Absent
<B><font color = 'blue'> .</font></B>  -test123 abcd 
<B><font color = 'blue'> .</font></B>  -s@gmail.com
<B><font color = 'blue'> .</font></B>  -code123z
<B><font color = 'blue'> .</font></B>  -2022-11-11
<B><font color = 'blue'> .</font></B>  -Absent
<B><font color = 'blue'> .</font></B>  -Absent
<B><font color = 'blue'> .</font></B>  -undefined
<B><font color = 'blue'> .</font></B>  -Bangalore
<B><font color = 'blue'> .</font></B>  -Testing
<B><font color = 'blue'> .</font></B>  -Absent
<B><font color = 'blue'> .</font></B>  -Absent
<B><font color = 'blue'> .</font></B>  -Absent
<B><font color = 'blue'> .</font></B>  -Absent
<B><font color = 'blue'> .</font></B>  -Absent
<B><font color = 'blue'> .</font></B>  -Absent
<B><font color = 'blue'> .</font></B>  -Absent
<B><font color = 'blue'> .</font></B>  -Absent
<B><font color = 'blue'> .</font></B>  -Absent
<B><font color = 'blue'> .</font></B>  -Absent
<B><font color = 'blue'> .</font></B>  -Absent
<B><font color = 'blue'> .</font></B>  -testing test 
<B><font color = 'blue'> .</font></B>  -aarshajoyson1601@gmail.com
<B><font color = 'blue'> .</font></B>  -glb0008
<B><font color = 'blue'> .</font></B>  -2022-11-11
<B><font color = 'blue'> .</font></B>  -Absent
<B><font color = 'blue'> .</font></B>  -Absent
<B><font color = 'blue'> .</font></B>  -undefined
<B><font color = 'blue'> .</font></B>  -Bangalore
<B><font color = 'blue'> .</font></B>  -Php
<B><font color = 'blue'> .</font></B>  -Absent
<B><font color = 'blue'> .</font></B>  -Absent
<B><font color = 'blue'> .</font></B>  -Absent
<B><font color = 'blue'> .</font></B>  -Absent
<B><font color = 'blue'> .</font></B>  -Absent
<B><font color = 'blue'> .</font></B>  -Absent
<B><font color = 'blue'> .</font></B>  -Absent
<B><font color = 'blue'> .</font></B>  -Absent
<B><font color = 'blue'> .</font></B>  -Absent
<B><font color = 'blue'> .</font></B>  -Absent
<B><font color = 'blue'> .</font></B>  -Absent
<B><font color = 'blue'> .</font></B>  -Automation CodeeeAuto 
<B><font color = 'blue'> .</font></B>  -skabcdef7@gmail.com
<B><font color = 'blue'> .</font></B>  -Emp-Abzcde-1234522
<B><font color = 'blue'> .</font></B>  -2022-11-11
<B><font color = 'blue'> .</font></B>  -Absent
<B><font color = 'blue'> .</font></B>  -Absent
<B><font color = 'blue'> .</font></B>  -undefined
<B><font color = 'blue'> .</font></B>  -Bangalore
<B><font color = 'blue'> .</font></B>  -Testing
<B><font color = 'blue'> .</font></B>  -Absent
<B><font color = 'blue'> .</font></B>  -Absent
<B><font color = 'blue'> .</font></B>  -Absent
<B><font color = 'blue'> .</font></B>  -Absent
<B><font color = 'blue'> .</font></B>  -Absent
<B><font color = 'blue'> .</font></B>  -Absent
<B><font color = 'blue'> .</font></B>  -Absent
<B><font color = 'blue'> .</font></B>  -Absent
<B><font color = 'blue'> .</font></B>  -Absent
<B><font color = 'blue'> .</font></B>  -Absent
<B><font color = 'blue'> .</font></B>  -Absent
<B><font color = 'blue'> .</font></B>  -piyush dfgsfg 
<B><font color = 'blue'> .</font></B>  -jos@gmail.com
<B><font color = 'blue'> .</font></B>  -sdgff
<B><font color = 'blue'> .</font></B>  -2022-11-11
<B><font color = 'blue'> .</font></B>  -Absent
<B><font color = 'blue'> .</font></B>  -Absent
<B><font color = 'blue'> .</font></B>  -undefined
<B><font color = 'blue'> .</font></B>  -Bangalore
<B><font color = 'blue'> .</font></B>  -Testing
<B><font color = 'blue'> .</font></B>  -Absent
<B><font color = 'blue'> .</font></B>  -Absent
<B><font color = 'blue'> .</font></B>  -Absent
<B><font color = 'blue'> .</font></B>  -Absent
<B><font color = 'blue'> .</font></B>  -Absent
<B><font color = 'blue'> .</font></B>  -Absent
<B><font color = 'blue'> .</font></B>  -Absent
<B><font color = 'blue'> .</font></B>  -Absent
<B><font color = 'blue'> .</font></B>  -Absent
<B><font color = 'blue'> .</font></B>  -Absent
<B><font color = 'blue'> .</font></B>  -Absent
<B><font color = 'blue'> .</font></B>  -Aryan raj 
<B><font color = 'blue'> .</font></B>  -alex@gmail.com
<B><font color = 'blue'> .</font></B>  -126
<B><font color = 'blue'> .</font></B>  -2022-11-11
<B><font color = 'blue'> .</font></B>  -Absent
<B><font color = 'blue'> .</font></B>  -Absent
<B><font color = 'blue'> .</font></B>  -undefined
<B><font color = 'blue'> .</font></B>  -Bangalore
<B><font color = 'blue'> .</font></B>  -Testing
<B><font color = 'blue'> .</font></B>  -Absent
<B><font color = 'blue'> .</font></B>  -Absent
<B><font color = 'blue'> .</font></B>  -Absent
<B><font color = 'blue'> .</font></B>  -Absent
<B><font color = 'blue'> .</font></B>  -Absent
<B><font color = 'blue'> .</font></B>  -Absent
<B><font color = 'blue'> .</font></B>  -Absent
<B><font color = 'blue'> .</font></B>  -Absent
<B><font color = 'blue'> .</font></B>  -Absent
<B><font color = 'blue'> .</font></B>  -Absent
<B><font color = 'blue'> .</font></B>  -Absent
<B><font color = 'blue'> .</font></B>  -Automation CodeeeAuto 
<B><font color = 'blue'> .</font></B>  -skabcdef38@gmail.com
<B><font color = 'blue'> .</font></B>  -Emp-Abzcde-123457
<B><font color = 'blue'> .</font></B>  -2022-11-11
<B><font color = 'blue'> .</font></B>  -Absent
<B><font color = 'blue'> .</font></B>  -Absent
<B><font color = 'blue'> .</font></B>  -undefined
<B><font color = 'blue'> .</font></B>  -Bangalore
<B><font color = 'blue'> .</font></B>  -Testing
<B><font color = 'blue'> .</font></B>  -Absent
<B><font color = 'blue'> .</font></B>  -Absent
<B><font color = 'blue'> .</font></B>  -Absent
<B><font color = 'blue'> .</font></B>  -Absent
<B><font color = 'blue'> .</font></B>  -Absent
<B><font color = 'blue'> .</font></B>  -Absent
<B><font color = 'blue'> .</font></B>  -Absent
<B><font color = 'blue'> .</font></B>  -Absent
<B><font color = 'blue'> .</font></B>  -Absent
<B><font color = 'blue'> .</font></B>  -Absent
<B><font color = 'blue'> .</font></B>  -Absent
<B><font color = 'blue'> .</font></B>  -Automation CodeeeAuto 
<B><font color = 'blue'> .</font></B>  -skabcdef33@gmail.com
<B><font color = 'blue'> .</font></B>  -Emp-Abzcde-1234557
<B><font color = 'blue'> .</font></B>  -2022-11-11
<B><font color = 'blue'> .</font></B>  -Absent
<B><font color = 'blue'> .</font></B>  -Absent
<B><font color = 'blue'> .</font></B>  -undefined
<B><font color = 'blue'> .</font></B>  -Bangalore
<B><font color = 'blue'> .</font></B>  -Testing
<B><font color = 'blue'> .</font></B>  -Absent
<B><font color = 'blue'> .</font></B>  -Absent
<B><font color = 'blue'> .</font></B>  -Absent
<B><font color = 'blue'> .</font></B>  -Absent
<B><font color = 'blue'> .</font></B>  -Absent
<B><font color = 'blue'> .</font></B>  -Absent
<B><font color = 'blue'> .</font></B>  -Absent
<B><font color = 'blue'> .</font></B>  -Absent
<B><font color = 'blue'> .</font></B>  -Absent
<B><font color = 'blue'> .</font></B>  -Absent
<B><font color = 'blue'> .</font></B>  -Absent
<B><font color = 'blue'> .</font></B>  -D Surya Prabhakar 
<B><font color = 'blue'> .</font></B>  -surya1@gmail.com
<B><font color = 'blue'> .</font></B>  -EM010
<B><font color = 'blue'> .</font></B>  -2022-11-11
<B><font color = 'blue'> .</font></B>  -Absent
<B><font color = 'blue'> .</font></B>  -Absent
<B><font color = 'blue'> .</font></B>  -undefined
<B><font color = 'blue'> .</font></B>  -bengaluru
<B><font color = 'blue'> .</font></B>  -Testing
<B><font color = 'blue'> .</font></B>  -Absent
<B><font color = 'blue'> .</font></B>  -Absent
<B><font color = 'blue'> .</font></B>  -Absent
<B><font color = 'blue'> .</font></B>  -Absent
<B><font color = 'blue'> .</font></B>  -Absent
<B><font color = 'blue'> .</font></B>  -Absent
<B><font color = 'blue'> .</font></B>  -Absent
<B><font color = 'blue'> .</font></B>  -Absent
<B><font color = 'blue'> .</font></B>  -Absent
<B><font color = 'blue'> .</font></B>  -Absent
<B><font color = 'blue'> .</font></B>  -Absent
<B><font color = 'blue'> .</font></B>  -R o       hit Sharma 
<B><font color = 'blue'> .</font></B>  -rahulrajt5613928@gmail.com
<B><font color = 'blue'> .</font></B>  -67645
<B><font color = 'blue'> .</font></B>  -2022-11-11
<B><font color = 'blue'> .</font></B>  -Absent
<B><font color = 'blue'> .</font></B>  -Absent
<B><font color = 'blue'> .</font></B>  -undefined
<B><font color = 'blue'> .</font></B>  -bengaluru
<B><font color = 'blue'> .</font></B>  -Testing
<B><font color = 'blue'> .</font></B>  -Absent
<B><font color = 'blue'> .</font></B>  -Absent
<B><font color = 'blue'> .</font></B>  -Absent
<B><font color = 'blue'> .</font></B>  -Absent
<B><font color = 'blue'> .</font></B>  -Absent
<B><font color = 'blue'> .</font></B>  -Absent
<B><font color = 'blue'> .</font></B>  -Absent
<B><font color = 'blue'> .</font></B>  -Absent
<B><font color = 'blue'> .</font></B>  -Absent
<B><font color = 'blue'> .</font></B>  -Absent
<B><font color = 'blue'> .</font></B>  -Absent
<B><font color = 'blue'> .</font></B>  -ni test 
<B><font color = 'blue'> .</font></B>  -nitest12@gmail.com
<B><font color = 'blue'> .</font></B>  -GLB678
<B><font color = 'blue'> .</font></B>  -2022-11-11
<B><font color = 'blue'> .</font></B>  -Absent
<B><font color = 'blue'> .</font></B>  -Absent
<B><font color = 'blue'> .</font></B>  -undefined
<B><font color = 'blue'> .</font></B>  -bengaluru
<B><font color = 'blue'> .</font></B>  -Testing
<B><font color = 'blue'> .</font></B>  -Absent
<B><font color = 'blue'> .</font></B>  -Absent
<B><font color = 'blue'> .</font></B>  -Absent
<B><font color = 'blue'> .</font></B>  -Absent
<B><font color = 'blue'> .</font></B>  -Absent
<B><font color = 'blue'> .</font></B>  -Absent
<B><font color = 'blue'> .</font></B>  -Absent
<B><font color = 'blue'> .</font></B>  -Absent
<B><font color = 'blue'> .</font></B>  -Absent
<B><font color = 'blue'> .</font></B>  -Absent
<B><font color = 'blue'> .</font></B>  -Absent
<B><font color = 'blue'> .</font></B>  -one test 
<B><font color = 'blue'> .</font></B>  -testone1234@gmail.com
<B><font color = 'blue'> .</font></B>  -0110
<B><font color = 'blue'> .</font></B>  -2022-11-11
<B><font color = 'blue'> .</font></B>  -Absent
<B><font color = 'blue'> .</font></B>  -Absent
<B><font color = 'blue'> .</font></B>  -undefined
<B><font color = 'blue'> .</font></B>  -bengaluru
<B><font color = 'blue'> .</font></B>  -Testing
<B><font color = 'blue'> .</font></B>  -Absent
<B><font color = 'blue'> .</font></B>  -Absent
<B><font color = 'blue'> .</font></B>  -Absent
<B><font color = 'blue'> .</font></B>  -Absent
<B><font color = 'blue'> .</font></B>  -Absent
<B><font color = 'blue'> .</font></B>  -Absent
<B><font color = 'blue'> .</font></B>  -Absent
<B><font color = 'blue'> .</font></B>  -Absent
<B><font color = 'blue'> .</font></B>  -Absent
<B><font color = 'blue'> .</font></B>  -Absent
<B><font color = 'blue'> .</font></B>  -Absent
<B><font color = 'blue'> .</font></B>  -GLB-BLR-010-PC - GLB-BLR-010 
<B><font color = 'blue'> .</font></B>  -abcd@yuksdgus
<B><font color = 'blue'> .</font></B>  -GLB-BLR-010
<B><font color = 'blue'> .</font></B>  -2022-11-11
<B><font color = 'blue'> .</font></B>  -Absent
<B><font color = 'blue'> .</font></B>  -Absent
<B><font color = 'blue'> .</font></B>  -undefined
<B><font color = 'blue'> .</font></B>  -bengaluru
<B><font color = 'blue'> .</font></B>  -Testing
<B><font color = 'blue'> .</font></B>  -Absent
<B><font color = 'blue'> .</font></B>  -Absent
<B><font color = 'blue'> .</font></B>  -Absent
<B><font color = 'blue'> .</font></B>  -Absent
<B><font color = 'blue'> .</font></B>  -Absent
<B><font color = 'blue'> .</font></B>  -Absent
<B><font color = 'blue'> .</font></B>  -Absent
<B><font color = 'blue'> .</font></B>  -Absent
<B><font color = 'blue'> .</font></B>  -Absent
<B><font color = 'blue'> .</font></B>  -Absent
<B><font color = 'blue'> .</font></B>  -Absent
<B><font color = 'blue'> .</font></B>  -surya kk 
<B><font color = 'blue'> .</font></B>  -123@gmail.com
<B><font color = 'blue'> .</font></B>  -mmmmm
<B><font color = 'blue'> .</font></B>  -2022-11-11
<B><font color = 'blue'> .</font></B>  -Absent
<B><font color = 'blue'> .</font></B>  -Absent
<B><font color = 'blue'> .</font></B>  -undefined
<B><font color = 'blue'> .</font></B>  -Tamilnadu
<B><font color = 'blue'> .</font></B>  -Test and Dev
<B><font color = 'blue'> .</font></B>  -Absent
<B><font color = 'blue'> .</font></B>  -Absent
<B><font color = 'blue'> .</font></B>  -Absent
<B><font color = 'blue'> .</font></B>  -Absent
<B><font color = 'blue'> .</font></B>  -Absent
<B><font color = 'blue'> .</font></B>  -Absent
<B><font color = 'blue'> .</font></B>  -Absent
<B><font color = 'blue'> .</font></B>  -Absent
<B><font color = 'blue'> .</font></B>  -Absent
<B><font color = 'blue'> .</font></B>  -Absent
<B><font color = 'blue'> .</font></B>  -Absent
<B><font color = 'blue'> .</font></B>  -sai kk 
<B><font color = 'blue'> .</font></B>  -saikk19876@gmail.com
<B><font color = 'blue'> .</font></B>  -20221019
<B><font color = 'blue'> .</font></B>  -2022-11-11
<B><font color = 'blue'> .</font></B>  -Absent
<B><font color = 'blue'> .</font></B>  -Absent
<B><font color = 'blue'> .</font></B>  -undefined
<B><font color = 'blue'> .</font></B>  -Tamilnadu
<B><font color = 'blue'> .</font></B>  -Test and Dev
<B><font color = 'blue'> .</font></B>  -Absent
<B><font color = 'blue'> .</font></B>  -Absent
<B><font color = 'blue'> .</font></B>  -Absent
<B><font color = 'blue'> .</font></B>  -Absent
<B><font color = 'blue'> .</font></B>  -Absent
<B><font color = 'blue'> .</font></B>  -Absent
<B><font color = 'blue'> .</font></B>  -Absent
<B><font color = 'blue'> .</font></B>  -Absent
<B><font color = 'blue'> .</font></B>  -Absent
<B><font color = 'blue'> .</font></B>  -Absent
<B><font color = 'blue'> .</font></B>  -Absent
<B><font color = 'blue'> .</font></B>  -ajeethemp test 
<B><font color = 'blue'> .</font></B>  -ajeethemp@gmail.com
<B><font color = 'blue'> .</font></B>  -A01
<B><font color = 'blue'> .</font></B>  -2022-11-11
<B><font color = 'blue'> .</font></B>  -Absent
<B><font color = 'blue'> .</font></B>  -Absent
<B><font color = 'blue'> .</font></B>  -undefined
<B><font color = 'blue'> .</font></B>  -Tamilnadu
<B><font color = 'blue'> .</font></B>  -Test and Dev
<B><font color = 'blue'> .</font></B>  -Absent
<B><font color = 'blue'> .</font></B>  -Absent
<B><font color = 'blue'> .</font></B>  -Absent
<B><font color = 'blue'> .</font></B>  -Absent
<B><font color = 'blue'> .</font></B>  -Absent
<B><font color = 'blue'> .</font></B>  -Absent
<B><font color = 'blue'> .</font></B>  -Absent
<B><font color = 'blue'> .</font></B>  -Absent
<B><font color = 'blue'> .</font></B>  -Absent
<B><font color = 'blue'> .</font></B>  -Absent
<B><font color = 'blue'> .</font></B>  -Absent
<B><font color = 'blue'> .</font></B>  -test user two 
<B><font color = 'blue'> .</font></B>  -testuser@two.io
<B><font color = 'blue'> .</font></B>  -GSLL-327
<B><font color = 'blue'> .</font></B>  -2022-11-11
<B><font color = 'blue'> .</font></B>  -Absent
<B><font color = 'blue'> .</font></B>  -Absent
<B><font color = 'blue'> .</font></B>  -undefined
<B><font color = 'blue'> .</font></B>  -Tamilnadu
<B><font color = 'blue'> .</font></B>  -Test and Dev
<B><font color = 'blue'> .</font></B>  -Absent
<B><font color = 'blue'> .</font></B>  -Absent
<B><font color = 'blue'> .</font></B>  -Absent
<B><font color = 'blue'> .</font></B>  -Absent
<B><font color = 'blue'> .</font></B>  -Absent
<B><font color = 'blue'> .</font></B>  -Absent
<B><font color = 'blue'> .</font></B>  -Absent
<B><font color = 'blue'> .</font></B>  -Absent
<B><font color = 'blue'> .</font></B>  -Absent
<B><font color = 'blue'> .</font></B>  -Absent
<B><font color = 'blue'> .</font></B>  -Absent
<B><font color = 'blue'> .</font></B>  -Himanshu Kumar 
<B><font color = 'blue'> .</font></B>  -himanshu1@gmail.com
<B><font color = 'blue'> .</font></B>  -EM011
<B><font color = 'blue'> .</font></B>  -2022-11-11
<B><font color = 'blue'> .</font></B>  -Absent
<B><font color = 'blue'> .</font></B>  -Absent
<B><font color = 'blue'> .</font></B>  -undefined
<B><font color = 'blue'> .</font></B>  -bagalkot
<B><font color = 'blue'> .</font></B>  -manual testing
<B><font color = 'blue'> .</font></B>  -Absent
<B><font color = 'blue'> .</font></B>  -Absent
<B><font color = 'blue'> .</font></B>  -Absent
<B><font color = 'blue'> .</font></B>  -Absent
<B><font color = 'blue'> .</font></B>  -Absent
<B><font color = 'blue'> .</font></B>  -Absent
<B><font color = 'blue'> .</font></B>  -Absent
<B><font color = 'blue'> .</font></B>  -Absent
<B><font color = 'blue'> .</font></B>  -Absent
<B><font color = 'blue'> .</font></B>  -Absent
<B><font color = 'blue'> .</font></B>  -Absent
<B><font color = 'blue'> .</font></B>  -dxgfdxg gssdg 
<B><font color = 'blue'> .</font></B>  -sdgsg@dgksodkg.in
<B><font color = 'blue'> .</font></B>  -asfda343443
<B><font color = 'blue'> .</font></B>  -2022-11-11
<B><font color = 'blue'> .</font></B>  -Absent
<B><font color = 'blue'> .</font></B>  -Absent
<B><font color = 'blue'> .</font></B>  -undefined
<B><font color = 'blue'> .</font></B>  -Bhilai
<B><font color = 'blue'> .</font></B>  -Php
<B><font color = 'blue'> .</font></B>  -Absent
<B><font color = 'blue'> .</font></B>  -Absent
<B><font color = 'blue'> .</font></B>  -Absent
<B><font color = 'blue'> .</font></B>  -Absent
<B><font color = 'blue'> .</font></B>  -Absent
<B><font color = 'blue'> .</font></B>  -Absent
<B><font color = 'blue'> .</font></B>  -Absent
<B><font color = 'blue'> .</font></B>  -Absent
<B><font color = 'blue'> .</font></B>  -Absent
<B><font color = 'blue'> .</font></B>  -Absent
<B><font color = 'blue'> .</font></B>  -Absent
<B><font color = 'blue'> .</font></B>  -try last 
<B><font color = 'blue'> .</font></B>  -try@gmail.com
<B><font color = 'blue'> .</font></B>  -1225455
<B><font color = 'blue'> .</font></B>  -2022-11-10
<B><font color = 'blue'> .</font></B>  -10-11-2022 00:00:00
<B><font color = 'blue'> .</font></B>  -10-11-2022 00:01:50
<B><font color = 'blue'> .</font></B>  -GLB-124-PC
<B><font color = 'blue'> .</font></B>  -Default
<B><font color = 'blue'> .</font></B>  -Default
<B><font color = 'blue'> .</font></B>  -00:01:50
<B><font color = 'blue'> .</font></B>  -00:00:00
<B><font color = 'blue'> .</font></B>  -00:00:00
<B><font color = 'blue'> .</font></B>  -00:00:00
<B><font color = 'blue'> .</font></B>  -00:00:00
<B><font color = 'blue'> .</font></B>  -00:00:00
<B><font color = 'blue'> .</font></B>  -00:00:00
<B><font color = 'blue'> .</font></B>  -00:01:50
<B><font color = 'blue'> .</font></B>  -0.00%
<B><font color = 'blue'> .</font></B>  --480:00
<B><font color = 'blue'> .</font></B>  -0.00
<B><font color = 'blue'> .</font></B>  -Himanshu Kumar 
<B><font color = 'blue'> .</font></B>  -himanshu1@gmail.com
<B><font color = 'blue'> .</font></B>  -EM011
<B><font color = 'blue'> .</font></B>  -2022-11-10
<B><font color = 'blue'> .</font></B>  -10-11-2022 00:02:47
<B><font color = 'blue'> .</font></B>  -10-11-2022 00:05:47
<B><font color = 'blue'> .</font></B>  -GLB-181
<B><font color = 'blue'> .</font></B>  -bagalkot
<B><font color = 'blue'> .</font></B>  -manual testing
<B><font color = 'blue'> .</font></B>  -00:03:00
<B><font color = 'blue'> .</font></B>  -00:00:00
<B><font color = 'blue'> .</font></B>  -00:00:00
<B><font color = 'blue'> .</font></B>  -00:00:00
<B><font color = 'blue'> .</font></B>  -00:00:00
<B><font color = 'blue'> .</font></B>  -00:00:00
<B><font color = 'blue'> .</font></B>  -00:00:00
<B><font color = 'blue'> .</font></B>  -00:03:00
<B><font color = 'blue'> .</font></B>  -0.00%
<B><font color = 'blue'> .</font></B>  --480:00
<B><font color = 'blue'> .</font></B>  -0.00
<B><font color = 'blue'> .</font></B>  -D Surya Prabhakar 
<B><font color = 'blue'> .</font></B>  -surya1@gmail.com
<B><font color = 'blue'> .</font></B>  -EM010
<B><font color = 'blue'> .</font></B>  -2022-11-10
<B><font color = 'blue'> .</font></B>  -10-11-2022 00:01:45
<B><font color = 'blue'> .</font></B>  -10-11-2022 00:04:45
<B><font color = 'blue'> .</font></B>  -GLB-110-PC
<B><font color = 'blue'> .</font></B>  -bengaluru
<B><font color = 'blue'> .</font></B>  -Testing
<B><font color = 'blue'> .</font></B>  -00:03:00
<B><font color = 'blue'> .</font></B>  -00:00:00
<B><font color = 'blue'> .</font></B>  -00:00:00
<B><font color = 'blue'> .</font></B>  -00:00:00
<B><font color = 'blue'> .</font></B>  -00:00:00
<B><font color = 'blue'> .</font></B>  -00:00:00
<B><font color = 'blue'> .</font></B>  -00:00:00
<B><font color = 'blue'> .</font></B>  -00:03:00
<B><font color = 'blue'> .</font></B>  -0.00%
<B><font color = 'blue'> .</font></B>  --480:00
<B><font color = 'blue'> .</font></B>  -0.00
<B><font color = 'blue'> .</font></B>  -Abhishek Test 
<B><font color = 'blue'> .</font></B>  -abhishektrest@glb.in
<B><font color = 'blue'> .</font></B>  -rN7tvEiDPGNi4fD
<B><font color = 'blue'> .</font></B>  -2022-11-10
<B><font color = 'blue'> .</font></B>  -10-11-2022 13:00:52
<B><font color = 'blue'> .</font></B>  -11-11-2022 00:00:00
<B><font color = 'blue'> .</font></B>  -GLB-124-PC
<B><font color = 'blue'> .</font></B>  -Bangalore
<B><font color = 'blue'> .</font></B>  -Php
<B><font color = 'blue'> .</font></B>  -10:59:08
<B><font color = 'blue'> .</font></B>  -00:00:00
<B><font color = 'blue'> .</font></B>  -00:00:00
<B><font color = 'blue'> .</font></B>  -00:00:00
<B><font color = 'blue'> .</font></B>  -00:00:00
<B><font color = 'blue'> .</font></B>  -00:00:00
<B><font color = 'blue'> .</font></B>  -00:00:00
<B><font color = 'blue'> .</font></B>  -10:59:08
<B><font color = 'blue'> .</font></B>  -0.00%
<B><font color = 'blue'> .</font></B>  --480:00
<B><font color = 'blue'> .</font></B>  -0.00
<B><font color = 'blue'> .</font></B>  -testing test 
<B><font color = 'blue'> .</font></B>  -aarshajoyson1601@gmail.com
<B><font color = 'blue'> .</font></B>  -glb0008
<B><font color = 'blue'> .</font></B>  -2022-11-10
<B><font color = 'blue'> .</font></B>  -10-11-2022 10:50:31
<B><font color = 'blue'> .</font></B>  -10-11-2022 12:56:31
<B><font color = 'blue'> .</font></B>  -GLB-124-PC
<B><font color = 'blue'> .</font></B>  -Bangalore
<B><font color = 'blue'> .</font></B>  -Php
<B><font color = 'blue'> .</font></B>  -02:06:00
<B><font color = 'blue'> .</font></B>  -00:00:00
<B><font color = 'blue'> .</font></B>  -00:00:00
<B><font color = 'blue'> .</font></B>  -00:00:00
<B><font color = 'blue'> .</font></B>  -00:00:00
<B><font color = 'blue'> .</font></B>  -00:00:00
<B><font color = 'blue'> .</font></B>  -00:00:00
<B><font color = 'blue'> .</font></B>  -02:06:00
<B><font color = 'blue'> .</font></B>  -0.00%
<B><font color = 'blue'> .</font></B>  --480:00
<B><font color = 'blue'> .</font></B>  -0.00
<B><font color = 'blue'> .</font></B>  -Virat kohli 
<B><font color = 'blue'> .</font></B>  -rahukbgdxgsf@gmail.com
<B><font color = 'blue'> .</font></B>  -65332
<B><font color = 'blue'> .</font></B>  -2022-11-10
<B><font color = 'blue'> .</font></B>  -Absent
<B><font color = 'blue'> .</font></B>  -Absent
<B><font color = 'blue'> .</font></B>  -undefined
<B><font color = 'blue'> .</font></B>  -Default
<B><font color = 'blue'> .</font></B>  -Default
<B><font color = 'blue'> .</font></B>  -Absent
<B><font color = 'blue'> .</font></B>  -Absent
<B><font color = 'blue'> .</font></B>  -Absent
<B><font color = 'blue'> .</font></B>  -Absent
<B><font color = 'blue'> .</font></B>  -Absent
<B><font color = 'blue'> .</font></B>  -Absent
<B><font color = 'blue'> .</font></B>  -Absent
<B><font color = 'blue'> .</font></B>  -Absent
<B><font color = 'blue'> .</font></B>  -Absent
<B><font color = 'blue'> .</font></B>  -Absent
<B><font color = 'blue'> .</font></B>  -Absent
<B><font color = 'blue'> .</font></B>  -sadas kadkasdj 
<B><font color = 'blue'> .</font></B>  -dsa@eqe
<B><font color = 'blue'> .</font></B>  -emp129666
<B><font color = 'blue'> .</font></B>  -2022-11-10
<B><font color = 'blue'> .</font></B>  -Absent
<B><font color = 'blue'> .</font></B>  -Absent
<B><font color = 'blue'> .</font></B>  -undefined
<B><font color = 'blue'> .</font></B>  -Default
<B><font color = 'blue'> .</font></B>  -Default
<B><font color = 'blue'> .</font></B>  -Absent
<B><font color = 'blue'> .</font></B>  -Absent
<B><font color = 'blue'> .</font></B>  -Absent
<B><font color = 'blue'> .</font></B>  -Absent
<B><font color = 'blue'> .</font></B>  -Absent
<B><font color = 'blue'> .</font></B>  -Absent
<B><font color = 'blue'> .</font></B>  -Absent
<B><font color = 'blue'> .</font></B>  -Absent
<B><font color = 'blue'> .</font></B>  -Absent
<B><font color = 'blue'> .</font></B>  -Absent
<B><font color = 'blue'> .</font></B>  -Absent
<B><font color = 'blue'> .</font></B>  -New Test 
<B><font color = 'blue'> .</font></B>  -newtest@gmail.com
<B><font color = 'blue'> .</font></B>  -ewer334443
<B><font color = 'blue'> .</font></B>  -2022-11-10
<B><font color = 'blue'> .</font></B>  -Absent
<B><font color = 'blue'> .</font></B>  -Absent
<B><font color = 'blue'> .</font></B>  -undefined
<B><font color = 'blue'> .</font></B>  -Default
<B><font color = 'blue'> .</font></B>  -Default
<B><font color = 'blue'> .</font></B>  -Absent
<B><font color = 'blue'> .</font></B>  -Absent
<B><font color = 'blue'> .</font></B>  -Absent
<B><font color = 'blue'> .</font></B>  -Absent
<B><font color = 'blue'> .</font></B>  -Absent
<B><font color = 'blue'> .</font></B>  -Absent
<B><font color = 'blue'> .</font></B>  -Absent
<B><font color = 'blue'> .</font></B>  -Absent
<B><font color = 'blue'> .</font></B>  -Absent
<B><font color = 'blue'> .</font></B>  -Absent
<B><font color = 'blue'> .</font></B>  -Absent
<B><font color = 'blue'> .</font></B>  -dshcdb uidsbf 
<B><font color = 'blue'> .</font></B>  -dvbvdb@yahoo.com
<B><font color = 'blue'> .</font></B>  -435454
<B><font color = 'blue'> .</font></B>  -2022-11-10
<B><font color = 'blue'> .</font></B>  -Absent
<B><font color = 'blue'> .</font></B>  -Absent
<B><font color = 'blue'> .</font></B>  -undefined
<B><font color = 'blue'> .</font></B>  -Default
<B><font color = 'blue'> .</font></B>  -Default
<B><font color = 'blue'> .</font></B>  -Absent
<B><font color = 'blue'> .</font></B>  -Absent
<B><font color = 'blue'> .</font></B>  -Absent
<B><font color = 'blue'> .</font></B>  -Absent
<B><font color = 'blue'> .</font></B>  -Absent
<B><font color = 'blue'> .</font></B>  -Absent
<B><font color = 'blue'> .</font></B>  -Absent
<B><font color = 'blue'> .</font></B>  -Absent
<B><font color = 'blue'> .</font></B>  -Absent
<B><font color = 'blue'> .</font></B>  -Absent
<B><font color = 'blue'> .</font></B>  -Absent
<B><font color = 'blue'> .</font></B>  -vdjvdb yusvdvbbh 
<B><font color = 'blue'> .</font></B>  -dvhbfdh@gmail.com
<B><font color = 'blue'> .</font></B>  -wq534342
<B><font color = 'blue'> .</font></B>  -2022-11-10
<B><font color = 'blue'> .</font></B>  -Absent
<B><font color = 'blue'> .</font></B>  -Absent
<B><font color = 'blue'> .</font></B>  -undefined
<B><font color = 'blue'> .</font></B>  -Default
<B><font color = 'blue'> .</font></B>  -Default
<B><font color = 'blue'> .</font></B>  -Absent
<B><font color = 'blue'> .</font></B>  -Absent
<B><font color = 'blue'> .</font></B>  -Absent
<B><font color = 'blue'> .</font></B>  -Absent
<B><font color = 'blue'> .</font></B>  -Absent
<B><font color = 'blue'> .</font></B>  -Absent
<B><font color = 'blue'> .</font></B>  -Absent
<B><font color = 'blue'> .</font></B>  -Absent
<B><font color = 'blue'> .</font></B>  -Absent
<B><font color = 'blue'> .</font></B>  -Absent
<B><font color = 'blue'> .</font></B>  -Absent
<B><font color = 'blue'> .</font></B>  -Mail Test user 
<B><font color = 'blue'> .</font></B>  -maintest@user.io
<B><font color = 'blue'> .</font></B>  -GLB-1223888
<B><font color = 'blue'> .</font></B>  -2022-11-10
<B><font color = 'blue'> .</font></B>  -Absent
<B><font color = 'blue'> .</font></B>  -Absent
<B><font color = 'blue'> .</font></B>  -undefined
<B><font color = 'blue'> .</font></B>  -Default
<B><font color = 'blue'> .</font></B>  -Default
<B><font color = 'blue'> .</font></B>  -Absent
<B><font color = 'blue'> .</font></B>  -Absent
<B><font color = 'blue'> .</font></B>  -Absent
<B><font color = 'blue'> .</font></B>  -Absent
<B><font color = 'blue'> .</font></B>  -Absent
<B><font color = 'blue'> .</font></B>  -Absent
<B><font color = 'blue'> .</font></B>  -Absent
<B><font color = 'blue'> .</font></B>  -Absent
<B><font color = 'blue'> .</font></B>  -Absent
<B><font color = 'blue'> .</font></B>  -Absent
<B><font color = 'blue'> .</font></B>  -Absent
<B><font color = 'blue'> .</font></B>  -Update Check 
<B><font color = 'blue'> .</font></B>  -updates@gmail.com
<B><font color = 'blue'> .</font></B>  -emp543
<B><font color = 'blue'> .</font></B>  -2022-11-10
<B><font color = 'blue'> .</font></B>  -Absent
<B><font color = 'blue'> .</font></B>  -Absent
<B><font color = 'blue'> .</font></B>  -undefined
<B><font color = 'blue'> .</font></B>  -Default
<B><font color = 'blue'> .</font></B>  -Default
<B><font color = 'blue'> .</font></B>  -Absent
<B><font color = 'blue'> .</font></B>  -Absent
<B><font color = 'blue'> .</font></B>  -Absent
<B><font color = 'blue'> .</font></B>  -Absent
<B><font color = 'blue'> .</font></B>  -Absent
<B><font color = 'blue'> .</font></B>  -Absent
<B><font color = 'blue'> .</font></B>  -Absent
<B><font color = 'blue'> .</font></B>  -Absent
<B><font color = 'blue'> .</font></B>  -Absent
<B><font color = 'blue'> .</font></B>  -Absent
<B><font color = 'blue'> .</font></B>  -Absent
<B><font color = 'blue'> .</font></B>  -test manager 
<B><font color = 'blue'> .</font></B>  -manageremp@gmail.com
<B><font color = 'blue'> .</font></B>  -glb020
<B><font color = 'blue'> .</font></B>  -2022-11-10
<B><font color = 'blue'> .</font></B>  -Absent
<B><font color = 'blue'> .</font></B>  -Absent
<B><font color = 'blue'> .</font></B>  -undefined
<B><font color = 'blue'> .</font></B>  -Default
<B><font color = 'blue'> .</font></B>  -Default
<B><font color = 'blue'> .</font></B>  -Absent
<B><font color = 'blue'> .</font></B>  -Absent
<B><font color = 'blue'> .</font></B>  -Absent
<B><font color = 'blue'> .</font></B>  -Absent
<B><font color = 'blue'> .</font></B>  -Absent
<B><font color = 'blue'> .</font></B>  -Absent
<B><font color = 'blue'> .</font></B>  -Absent
<B><font color = 'blue'> .</font></B>  -Absent
<B><font color = 'blue'> .</font></B>  -Absent
<B><font color = 'blue'> .</font></B>  -Absent
<B><font color = 'blue'> .</font></B>  -Absent
<B><font color = 'blue'> .</font></B>  -DESKTOP-PJJHB19 - GLB-BLR-002OjUpRD2 
<B><font color = 'blue'> .</font></B>  --
<B><font color = 'blue'> .</font></B>  -GLB-BLR-002OjUpRD2
<B><font color = 'blue'> .</font></B>  -2022-11-10
<B><font color = 'blue'> .</font></B>  -Absent
<B><font color = 'blue'> .</font></B>  -Absent
<B><font color = 'blue'> .</font></B>  -undefined
<B><font color = 'blue'> .</font></B>  -Default
<B><font color = 'blue'> .</font></B>  -Default
<B><font color = 'blue'> .</font></B>  -Absent
<B><font color = 'blue'> .</font></B>  -Absent
<B><font color = 'blue'> .</font></B>  -Absent
<B><font color = 'blue'> .</font></B>  -Absent
<B><font color = 'blue'> .</font></B>  -Absent
<B><font color = 'blue'> .</font></B>  -Absent
<B><font color = 'blue'> .</font></B>  -Absent
<B><font color = 'blue'> .</font></B>  -Absent
<B><font color = 'blue'> .</font></B>  -Absent
<B><font color = 'blue'> .</font></B>  -Absent
<B><font color = 'blue'> .</font></B>  -Absent
<B><font color = 'blue'> .</font></B>  -Usb Test 
<B><font color = 'blue'> .</font></B>  -usbtest123@gmail.com
<B><font color = 'blue'> .</font></B>  -emp0097
<B><font color = 'blue'> .</font></B>  -2022-11-10
<B><font color = 'blue'> .</font></B>  -Absent
<B><font color = 'blue'> .</font></B>  -Absent
<B><font color = 'blue'> .</font></B>  -undefined
<B><font color = 'blue'> .</font></B>  -Default
<B><font color = 'blue'> .</font></B>  -Default
<B><font color = 'blue'> .</font></B>  -Absent
<B><font color = 'blue'> .</font></B>  -Absent
<B><font color = 'blue'> .</font></B>  -Absent
<B><font color = 'blue'> .</font></B>  -Absent
<B><font color = 'blue'> .</font></B>  -Absent
<B><font color = 'blue'> .</font></B>  -Absent
<B><font color = 'blue'> .</font></B>  -Absent
<B><font color = 'blue'> .</font></B>  -Absent
<B><font color = 'blue'> .</font></B>  -Absent
<B><font color = 'blue'> .</font></B>  -Absent
<B><font color = 'blue'> .</font></B>  -Absent
<B><font color = 'blue'> .</font></B>  -SS Keystrokes 
<B><font color = 'blue'> .</font></B>  -sskey@gmail.com
<B><font color = 'blue'> .</font></B>  -emp98y
<B><font color = 'blue'> .</font></B>  -2022-11-10
<B><font color = 'blue'> .</font></B>  -Absent
<B><font color = 'blue'> .</font></B>  -Absent
<B><font color = 'blue'> .</font></B>  -undefined
<B><font color = 'blue'> .</font></B>  -Default
<B><font color = 'blue'> .</font></B>  -Default
<B><font color = 'blue'> .</font></B>  -Absent
<B><font color = 'blue'> .</font></B>  -Absent
<B><font color = 'blue'> .</font></B>  -Absent
<B><font color = 'blue'> .</font></B>  -Absent
<B><font color = 'blue'> .</font></B>  -Absent
<B><font color = 'blue'> .</font></B>  -Absent
<B><font color = 'blue'> .</font></B>  -Absent
<B><font color = 'blue'> .</font></B>  -Absent
<B><font color = 'blue'> .</font></B>  -Absent
<B><font color = 'blue'> .</font></B>  -Absent
<B><font color = 'blue'> .</font></B>  -Absent
<B><font color = 'blue'> .</font></B>  -shivammmmmmmmmmmmmmmmmmmm Kumar 
<B><font color = 'blue'> .</font></B>  -kgfyash545@gmail.com
<B><font color = 'blue'> .</font></B>  -hsakhdjk414
<B><font color = 'blue'> .</font></B>  -2022-11-10
<B><font color = 'blue'> .</font></B>  -Absent
<B><font color = 'blue'> .</font></B>  -Absent
<B><font color = 'blue'> .</font></B>  -undefined
<B><font color = 'blue'> .</font></B>  -Default
<B><font color = 'blue'> .</font></B>  -Default
<B><font color = 'blue'> .</font></B>  -Absent
<B><font color = 'blue'> .</font></B>  -Absent
<B><font color = 'blue'> .</font></B>  -Absent
<B><font color = 'blue'> .</font></B>  -Absent
<B><font color = 'blue'> .</font></B>  -Absent
<B><font color = 'blue'> .</font></B>  -Absent
<B><font color = 'blue'> .</font></B>  -Absent
<B><font color = 'blue'> .</font></B>  -Absent
<B><font color = 'blue'> .</font></B>  -Absent
<B><font color = 'blue'> .</font></B>  -Absent
<B><font color = 'blue'> .</font></B>  -Absent
<B><font color = 'blue'> .</font></B>  -Abhishek Four tf test 
<B><font color = 'blue'> .</font></B>  -abhishekfourtf@mail.com
<B><font color = 'blue'> .</font></B>  -HLIKSJ98
<B><font color = 'blue'> .</font></B>  -2022-11-10
<B><font color = 'blue'> .</font></B>  -Absent
<B><font color = 'blue'> .</font></B>  -Absent
<B><font color = 'blue'> .</font></B>  -undefined
<B><font color = 'blue'> .</font></B>  -Default
<B><font color = 'blue'> .</font></B>  -Default
<B><font color = 'blue'> .</font></B>  -Absent
<B><font color = 'blue'> .</font></B>  -Absent
<B><font color = 'blue'> .</font></B>  -Absent
<B><font color = 'blue'> .</font></B>  -Absent
<B><font color = 'blue'> .</font></B>  -Absent
<B><font color = 'blue'> .</font></B>  -Absent
<B><font color = 'blue'> .</font></B>  -Absent
<B><font color = 'blue'> .</font></B>  -Absent
<B><font color = 'blue'> .</font></B>  -Absent
<B><font color = 'blue'> .</font></B>  -Absent
<B><font color = 'blue'> .</font></B>  -Absent
<B><font color = 'blue'> .</font></B>  -new dev user 
<B><font color = 'blue'> .</font></B>  -new@dev.user
<B><font color = 'blue'> .</font></B>  -fdfsfsd
<B><font color = 'blue'> .</font></B>  -2022-11-10
<B><font color = 'blue'> .</font></B>  -Absent
<B><font color = 'blue'> .</font></B>  -Absent
<B><font color = 'blue'> .</font></B>  -undefined
<B><font color = 'blue'> .</font></B>  -Default
<B><font color = 'blue'> .</font></B>  -Default
<B><font color = 'blue'> .</font></B>  -Absent
<B><font color = 'blue'> .</font></B>  -Absent
<B><font color = 'blue'> .</font></B>  -Absent
<B><font color = 'blue'> .</font></B>  -Absent
<B><font color = 'blue'> .</font></B>  -Absent
<B><font color = 'blue'> .</font></B>  -Absent
<B><font color = 'blue'> .</font></B>  -Absent
<B><font color = 'blue'> .</font></B>  -Absent
<B><font color = 'blue'> .</font></B>  -Absent
<B><font color = 'blue'> .</font></B>  -Absent
<B><font color = 'blue'> .</font></B>  -Absent
<B><font color = 'blue'> .</font></B>  -aaaaaaaaaa aaaaaaaaa 
<B><font color = 'blue'> .</font></B>  -mmmm@gmail.com
<B><font color = 'blue'> .</font></B>  -80765s
<B><font color = 'blue'> .</font></B>  -2022-11-10
<B><font color = 'blue'> .</font></B>  -Absent
<B><font color = 'blue'> .</font></B>  -Absent
<B><font color = 'blue'> .</font></B>  -undefined
<B><font color = 'blue'> .</font></B>  -Bangalore
<B><font color = 'blue'> .</font></B>  -Testing
<B><font color = 'blue'> .</font></B>  -Absent
<B><font color = 'blue'> .</font></B>  -Absent
<B><font color = 'blue'> .</font></B>  -Absent
<B><font color = 'blue'> .</font></B>  -Absent
<B><font color = 'blue'> .</font></B>  -Absent
<B><font color = 'blue'> .</font></B>  -Absent
<B><font color = 'blue'> .</font></B>  -Absent
<B><font color = 'blue'> .</font></B>  -Absent
<B><font color = 'blue'> .</font></B>  -Absent
<B><font color = 'blue'> .</font></B>  -Absent
<B><font color = 'blue'> .</font></B>  -Absent
<B><font color = 'blue'> .</font></B>  -sumesh test 
<B><font color = 'blue'> .</font></B>  -sumesh@mail.com
<B><font color = 'blue'> .</font></B>  -fdgfdgf
<B><font color = 'blue'> .</font></B>  -2022-11-10
<B><font color = 'blue'> .</font></B>  -Absent
<B><font color = 'blue'> .</font></B>  -Absent
<B><font color = 'blue'> .</font></B>  -undefined
<B><font color = 'blue'> .</font></B>  -Bangalore
<B><font color = 'blue'> .</font></B>  -Testing
<B><font color = 'blue'> .</font></B>  -Absent
<B><font color = 'blue'> .</font></B>  -Absent
<B><font color = 'blue'> .</font></B>  -Absent
<B><font color = 'blue'> .</font></B>  -Absent
<B><font color = 'blue'> .</font></B>  -Absent
<B><font color = 'blue'> .</font></B>  -Absent
<B><font color = 'blue'> .</font></B>  -Absent
<B><font color = 'blue'> .</font></B>  -Absent
<B><font color = 'blue'> .</font></B>  -Absent
<B><font color = 'blue'> .</font></B>  -Absent
<B><font color = 'blue'> .</font></B>  -Absent
<B><font color = 'blue'> .</font></B>  -Test msc 
<B><font color = 'blue'> .</font></B>  -test123@gmail.com
<B><font color = 'blue'> .</font></B>  -12254
<B><font color = 'blue'> .</font></B>  -2022-11-10
<B><font color = 'blue'> .</font></B>  -Absent
<B><font color = 'blue'> .</font></B>  -Absent
<B><font color = 'blue'> .</font></B>  -undefined
<B><font color = 'blue'> .</font></B>  -Bangalore
<B><font color = 'blue'> .</font></B>  -Testing
<B><font color = 'blue'> .</font></B>  -Absent
<B><font color = 'blue'> .</font></B>  -Absent
<B><font color = 'blue'> .</font></B>  -Absent
<B><font color = 'blue'> .</font></B>  -Absent
<B><font color = 'blue'> .</font></B>  -Absent
<B><font color = 'blue'> .</font></B>  -Absent
<B><font color = 'blue'> .</font></B>  -Absent
<B><font color = 'blue'> .</font></B>  -Absent
<B><font color = 'blue'> .</font></B>  -Absent
<B><font color = 'blue'> .</font></B>  -Absent
<B><font color = 'blue'> .</font></B>  -Absent
<B><font color = 'blue'> .</font></B>  -deffdfds vscsc 
<B><font color = 'blue'> .</font></B>  -cscsdw123@gmail.com
<B><font color = 'blue'> .</font></B>  -1234512
<B><font color = 'blue'> .</font></B>  -2022-11-10
<B><font color = 'blue'> .</font></B>  -Absent
<B><font color = 'blue'> .</font></B>  -Absent
<B><font color = 'blue'> .</font></B>  -undefined
<B><font color = 'blue'> .</font></B>  -Bangalore
<B><font color = 'blue'> .</font></B>  -Testing
<B><font color = 'blue'> .</font></B>  -Absent
<B><font color = 'blue'> .</font></B>  -Absent
<B><font color = 'blue'> .</font></B>  -Absent
<B><font color = 'blue'> .</font></B>  -Absent
<B><font color = 'blue'> .</font></B>  -Absent
<B><font color = 'blue'> .</font></B>  -Absent
<B><font color = 'blue'> .</font></B>  -Absent
<B><font color = 'blue'> .</font></B>  -Absent
<B><font color = 'blue'> .</font></B>  -Absent
<B><font color = 'blue'> .</font></B>  -Absent
<B><font color = 'blue'> .</font></B>  -Absent
<B><font color = 'blue'> .</font></B>  -test testtt 
<B><font color = 'blue'> .</font></B>  -abcd@gmail.com
<B><font color = 'blue'> .</font></B>  -GLB55
<B><font color = 'blue'> .</font></B>  -2022-11-10
<B><font color = 'blue'> .</font></B>  -Absent
<B><font color = 'blue'> .</font></B>  -Absent
<B><font color = 'blue'> .</font></B>  -undefined
<B><font color = 'blue'> .</font></B>  -Bangalore
<B><font color = 'blue'> .</font></B>  -Testing
<B><font color = 'blue'> .</font></B>  -Absent
<B><font color = 'blue'> .</font></B>  -Absent
<B><font color = 'blue'> .</font></B>  -Absent
<B><font color = 'blue'> .</font></B>  -Absent
<B><font color = 'blue'> .</font></B>  -Absent
<B><font color = 'blue'> .</font></B>  -Absent
<B><font color = 'blue'> .</font></B>  -Absent
<B><font color = 'blue'> .</font></B>  -Absent
<B><font color = 'blue'> .</font></B>  -Absent
<B><font color = 'blue'> .</font></B>  -Absent
<B><font color = 'blue'> .</font></B>  -Absent
<B><font color = 'blue'> .</font></B>  -Abhishe tt 
<B><font color = 'blue'> .</font></B>  -ab@ab.com
<B><font color = 'blue'> .</font></B>  -GKD567
<B><font color = 'blue'> .</font></B>  -2022-11-10
<B><font color = 'blue'> .</font></B>  -Absent
<B><font color = 'blue'> .</font></B>  -Absent
<B><font color = 'blue'> .</font></B>  -undefined
<B><font color = 'blue'> .</font></B>  -Bangalore
<B><font color = 'blue'> .</font></B>  -Testing
<B><font color = 'blue'> .</font></B>  -Absent
<B><font color = 'blue'> .</font></B>  -Absent
<B><font color = 'blue'> .</font></B>  -Absent
<B><font color = 'blue'> .</font></B>  -Absent
<B><font color = 'blue'> .</font></B>  -Absent
<B><font color = 'blue'> .</font></B>  -Absent
<B><font color = 'blue'> .</font></B>  -Absent
<B><font color = 'blue'> .</font></B>  -Absent
<B><font color = 'blue'> .</font></B>  -Absent
<B><font color = 'blue'> .</font></B>  -Absent
<B><font color = 'blue'> .</font></B>  -Absent
<B><font color = 'blue'> .</font></B>  -test nonadmin 
<B><font color = 'blue'> .</font></B>  -testnonadmin@gmail.com
<B><font color = 'blue'> .</font></B>  -GLB026
<B><font color = 'blue'> .</font></B>  -2022-11-10
<B><font color = 'blue'> .</font></B>  -Absent
<B><font color = 'blue'> .</font></B>  -Absent
<B><font color = 'blue'> .</font></B>  -undefined
<B><font color = 'blue'> .</font></B>  -Bangalore
<B><font color = 'blue'> .</font></B>  -Php
<B><font color = 'blue'> .</font></B>  -Absent
<B><font color = 'blue'> .</font></B>  -Absent
<B><font color = 'blue'> .</font></B>  -Absent
<B><font color = 'blue'> .</font></B>  -Absent
<B><font color = 'blue'> .</font></B>  -Absent
<B><font color = 'blue'> .</font></B>  -Absent
<B><font color = 'blue'> .</font></B>  -Absent
<B><font color = 'blue'> .</font></B>  -Absent
<B><font color = 'blue'> .</font></B>  -Absent
<B><font color = 'blue'> .</font></B>  -Absent
<B><font color = 'blue'> .</font></B>  -Absent
<B><font color = 'blue'> .</font></B>  -adg ckj 
<B><font color = 'blue'> .</font></B>  -adcs@1234
<B><font color = 'blue'> .</font></B>  -583
<B><font color = 'blue'> .</font></B>  -2022-11-10
<B><font color = 'blue'> .</font></B>  -Absent
<B><font color = 'blue'> .</font></B>  -Absent
<B><font color = 'blue'> .</font></B>  -undefined
<B><font color = 'blue'> .</font></B>  -Bangalore
<B><font color = 'blue'> .</font></B>  -Testing
<B><font color = 'blue'> .</font></B>  -Absent
<B><font color = 'blue'> .</font></B>  -Absent
<B><font color = 'blue'> .</font></B>  -Absent
<B><font color = 'blue'> .</font></B>  -Absent
<B><font color = 'blue'> .</font></B>  -Absent
<B><font color = 'blue'> .</font></B>  -Absent
<B><font color = 'blue'> .</font></B>  -Absent
<B><font color = 'blue'> .</font></B>  -Absent
<B><font color = 'blue'> .</font></B>  -Absent
<B><font color = 'blue'> .</font></B>  -Absent
<B><font color = 'blue'> .</font></B>  -Absent
<B><font color = 'blue'> .</font></B>  -dominic toretto 
<B><font color = 'blue'> .</font></B>  -dom.toretto737@gmail.com
<B><font color = 'blue'> .</font></B>  -EMP011
<B><font color = 'blue'> .</font></B>  -2022-11-10
<B><font color = 'blue'> .</font></B>  -Absent
<B><font color = 'blue'> .</font></B>  -Absent
<B><font color = 'blue'> .</font></B>  -undefined
<B><font color = 'blue'> .</font></B>  -Bangalore
<B><font color = 'blue'> .</font></B>  -Testing
<B><font color = 'blue'> .</font></B>  -Absent
<B><font color = 'blue'> .</font></B>  -Absent
<B><font color = 'blue'> .</font></B>  -Absent
<B><font color = 'blue'> .</font></B>  -Absent
<B><font color = 'blue'> .</font></B>  -Absent
<B><font color = 'blue'> .</font></B>  -Absent
<B><font color = 'blue'> .</font></B>  -Absent
<B><font color = 'blue'> .</font></B>  -Absent
<B><font color = 'blue'> .</font></B>  -Absent
<B><font color = 'blue'> .</font></B>  -Absent
<B><font color = 'blue'> .</font></B>  -Absent
<B><font color = 'blue'> .</font></B>  -Superior Test one 
<B><font color = 'blue'> .</font></B>  -superiorone@gmail.com
<B><font color = 'blue'> .</font></B>  -twoqw
<B><font color = 'blue'> .</font></B>  -2022-11-10
<B><font color = 'blue'> .</font></B>  -Absent
<B><font color = 'blue'> .</font></B>  -Absent
<B><font color = 'blue'> .</font></B>  -undefined
<B><font color = 'blue'> .</font></B>  -Bangalore
<B><font color = 'blue'> .</font></B>  -Testing
<B><font color = 'blue'> .</font></B>  -Absent
<B><font color = 'blue'> .</font></B>  -Absent
<B><font color = 'blue'> .</font></B>  -Absent
<B><font color = 'blue'> .</font></B>  -Absent
<B><font color = 'blue'> .</font></B>  -Absent
<B><font color = 'blue'> .</font></B>  -Absent
<B><font color = 'blue'> .</font></B>  -Absent
<B><font color = 'blue'> .</font></B>  -Absent
<B><font color = 'blue'> .</font></B>  -Absent
<B><font color = 'blue'> .</font></B>  -Absent
<B><font color = 'blue'> .</font></B>  -Absent
<B><font color = 'blue'> .</font></B>  -test testw 
<B><font color = 'blue'> .</font></B>  -test@mac.in
<B><font color = 'blue'> .</font></B>  -aaf123
<B><font color = 'blue'> .</font></B>  -2022-11-10
<B><font color = 'blue'> .</font></B>  -Absent
<B><font color = 'blue'> .</font></B>  -Absent
<B><font color = 'blue'> .</font></B>  -undefined
<B><font color = 'blue'> .</font></B>  -Bangalore
<B><font color = 'blue'> .</font></B>  -Php
<B><font color = 'blue'> .</font></B>  -Absent
<B><font color = 'blue'> .</font></B>  -Absent
<B><font color = 'blue'> .</font></B>  -Absent
<B><font color = 'blue'> .</font></B>  -Absent
<B><font color = 'blue'> .</font></B>  -Absent
<B><font color = 'blue'> .</font></B>  -Absent
<B><font color = 'blue'> .</font></B>  -Absent
<B><font color = 'blue'> .</font></B>  -Absent
<B><font color = 'blue'> .</font></B>  -Absent
<B><font color = 'blue'> .</font></B>  -Absent
<B><font color = 'blue'> .</font></B>  -Absent
<B><font color = 'blue'> .</font></B>  -sam eer 
<B><font color = 'blue'> .</font></B>  -sam@rf.in
<B><font color = 'blue'> .</font></B>  -WSAERT2Q34E
<B><font color = 'blue'> .</font></B>  -2022-11-10
<B><font color = 'blue'> .</font></B>  -Absent
<B><font color = 'blue'> .</font></B>  -Absent
<B><font color = 'blue'> .</font></B>  -undefined
<B><font color = 'blue'> .</font></B>  -Bangalore
<B><font color = 'blue'> .</font></B>  -Testing
<B><font color = 'blue'> .</font></B>  -Absent
<B><font color = 'blue'> .</font></B>  -Absent
<B><font color = 'blue'> .</font></B>  -Absent
<B><font color = 'blue'> .</font></B>  -Absent
<B><font color = 'blue'> .</font></B>  -Absent
<B><font color = 'blue'> .</font></B>  -Absent
<B><font color = 'blue'> .</font></B>  -Absent
<B><font color = 'blue'> .</font></B>  -Absent
<B><font color = 'blue'> .</font></B>  -Absent
<B><font color = 'blue'> .</font></B>  -Absent
<B><font color = 'blue'> .</font></B>  -Absent
<B><font color = 'blue'> .</font></B>  -Test test 
<B><font color = 'blue'> .</font></B>  -sarikajain@gmail.com
<B><font color = 'blue'> .</font></B>  -E-101
<B><font color = 'blue'> .</font></B>  -2022-11-10
<B><font color = 'blue'> .</font></B>  -Absent
<B><font color = 'blue'> .</font></B>  -Absent
<B><font color = 'blue'> .</font></B>  -undefined
<B><font color = 'blue'> .</font></B>  -Bangalore
<B><font color = 'blue'> .</font></B>  -Testing
<B><font color = 'blue'> .</font></B>  -Absent
<B><font color = 'blue'> .</font></B>  -Absent
<B><font color = 'blue'> .</font></B>  -Absent
<B><font color = 'blue'> .</font></B>  -Absent
<B><font color = 'blue'> .</font></B>  -Absent
<B><font color = 'blue'> .</font></B>  -Absent
<B><font color = 'blue'> .</font></B>  -Absent
<B><font color = 'blue'> .</font></B>  -Absent
<B><font color = 'blue'> .</font></B>  -Absent
<B><font color = 'blue'> .</font></B>  -Absent
<B><font color = 'blue'> .</font></B>  -Absent
<B><font color = 'blue'> .</font></B>  -sithu kalluru 
<B><font color = 'blue'> .</font></B>  -sitaramireddy@globussoft.in
<B><font color = 'blue'> .</font></B>  -code12
<B><font color = 'blue'> .</font></B>  -2022-11-10
<B><font color = 'blue'> .</font></B>  -Absent
<B><font color = 'blue'> .</font></B>  -Absent
<B><font color = 'blue'> .</font></B>  -undefined
<B><font color = 'blue'> .</font></B>  -Bangalore
<B><font color = 'blue'> .</font></B>  -Testing
<B><font color = 'blue'> .</font></B>  -Absent
<B><font color = 'blue'> .</font></B>  -Absent
<B><font color = 'blue'> .</font></B>  -Absent
<B><font color = 'blue'> .</font></B>  -Absent
<B><font color = 'blue'> .</font></B>  -Absent
<B><font color = 'blue'> .</font></B>  -Absent
<B><font color = 'blue'> .</font></B>  -Absent
<B><font color = 'blue'> .</font></B>  -Absent
<B><font color = 'blue'> .</font></B>  -Absent
<B><font color = 'blue'> .</font></B>  -Absent
<B><font color = 'blue'> .</font></B>  -Absent
<B><font color = 'blue'> .</font></B>  -test123 abcd 
<B><font color = 'blue'> .</font></B>  -s@gmail.com
<B><font color = 'blue'> .</font></B>  -code123z
<B><font color = 'blue'> .</font></B>  -2022-11-10
<B><font color = 'blue'> .</font></B>  -Absent
<B><font color = 'blue'> .</font></B>  -Absent
<B><font color = 'blue'> .</font></B>  -undefined
<B><font color = 'blue'> .</font></B>  -Bangalore
<B><font color = 'blue'> .</font></B>  -Testing
<B><font color = 'blue'> .</font></B>  -Absent
<B><font color = 'blue'> .</font></B>  -Absent
<B><font color = 'blue'> .</font></B>  -Absent
<B><font color = 'blue'> .</font></B>  -Absent
<B><font color = 'blue'> .</font></B>  -Absent
<B><font color = 'blue'> .</font></B>  -Absent
<B><font color = 'blue'> .</font></B>  -Absent
<B><font color = 'blue'> .</font></B>  -Absent
<B><font color = 'blue'> .</font></B>  -Absent
<B><font color = 'blue'> .</font></B>  -Absent
<B><font color = 'blue'> .</font></B>  -Absent
<B><font color = 'blue'> .</font></B>  -Automation CodeeeAuto 
<B><font color = 'blue'> .</font></B>  -skabcdef7@gmail.com
<B><font color = 'blue'> .</font></B>  -Emp-Abzcde-1234522
<B><font color = 'blue'> .</font></B>  -2022-11-10
<B><font color = 'blue'> .</font></B>  -Absent
<B><font color = 'blue'> .</font></B>  -Absent
<B><font color = 'blue'> .</font></B>  -undefined
<B><font color = 'blue'> .</font></B>  -Bangalore
<B><font color = 'blue'> .</font></B>  -Testing
<B><font color = 'blue'> .</font></B>  -Absent
<B><font color = 'blue'> .</font></B>  -Absent
<B><font color = 'blue'> .</font></B>  -Absent
<B><font color = 'blue'> .</font></B>  -Absent
<B><font color = 'blue'> .</font></B>  -Absent
<B><font color = 'blue'> .</font></B>  -Absent
<B><font color = 'blue'> .</font></B>  -Absent
<B><font color = 'blue'> .</font></B>  -Absent
<B><font color = 'blue'> .</font></B>  -Absent
<B><font color = 'blue'> .</font></B>  -Absent
<B><font color = 'blue'> .</font></B>  -Absent
<B><font color = 'blue'> .</font></B>  -piyush dfgsfg 
<B><font color = 'blue'> .</font></B>  -jos@gmail.com
<B><font color = 'blue'> .</font></B>  -sdgff
<B><font color = 'blue'> .</font></B>  -2022-11-10
<B><font color = 'blue'> .</font></B>  -Absent
<B><font color = 'blue'> .</font></B>  -Absent
<B><font color = 'blue'> .</font></B>  -undefined
<B><font color = 'blue'> .</font></B>  -Bangalore
<B><font color = 'blue'> .</font></B>  -Testing
<B><font color = 'blue'> .</font></B>  -Absent
<B><font color = 'blue'> .</font></B>  -Absent
<B><font color = 'blue'> .</font></B>  -Absent
<B><font color = 'blue'> .</font></B>  -Absent
<B><font color = 'blue'> .</font></B>  -Absent
<B><font color = 'blue'> .</font></B>  -Absent
<B><font color = 'blue'> .</font></B>  -Absent
<B><font color = 'blue'> .</font></B>  -Absent
<B><font color = 'blue'> .</font></B>  -Absent
<B><font color = 'blue'> .</font></B>  -Absent
<B><font color = 'blue'> .</font></B>  -Absent
<B><font color = 'blue'> .</font></B>  -Aryan raj 
<B><font color = 'blue'> .</font></B>  -alex@gmail.com
<B><font color = 'blue'> .</font></B>  -126
<B><font color = 'blue'> .</font></B>  -2022-11-10
<B><font color = 'blue'> .</font></B>  -Absent
<B><font color = 'blue'> .</font></B>  -Absent
<B><font color = 'blue'> .</font></B>  -undefined
<B><font color = 'blue'> .</font></B>  -Bangalore
<B><font color = 'blue'> .</font></B>  -Testing
<B><font color = 'blue'> .</font></B>  -Absent
<B><font color = 'blue'> .</font></B>  -Absent
<B><font color = 'blue'> .</font></B>  -Absent
<B><font color = 'blue'> .</font></B>  -Absent
<B><font color = 'blue'> .</font></B>  -Absent
<B><font color = 'blue'> .</font></B>  -Absent
<B><font color = 'blue'> .</font></B>  -Absent
<B><font color = 'blue'> .</font></B>  -Absent
<B><font color = 'blue'> .</font></B>  -Absent
<B><font color = 'blue'> .</font></B>  -Absent
<B><font color = 'blue'> .</font></B>  -Absent
<B><font color = 'blue'> .</font></B>  -Automation CodeeeAuto 
<B><font color = 'blue'> .</font></B>  -skabcdef38@gmail.com
<B><font color = 'blue'> .</font></B>  -Emp-Abzcde-123457
<B><font color = 'blue'> .</font></B>  -2022-11-10
<B><font color = 'blue'> .</font></B>  -Absent
<B><font color = 'blue'> .</font></B>  -Absent
<B><font color = 'blue'> .</font></B>  -undefined
<B><font color = 'blue'> .</font></B>  -Bangalore
<B><font color = 'blue'> .</font></B>  -Testing
<B><font color = 'blue'> .</font></B>  -Absent
<B><font color = 'blue'> .</font></B>  -Absent
<B><font color = 'blue'> .</font></B>  -Absent
<B><font color = 'blue'> .</font></B>  -Absent
<B><font color = 'blue'> .</font></B>  -Absent
<B><font color = 'blue'> .</font></B>  -Absent
<B><font color = 'blue'> .</font></B>  -Absent
<B><font color = 'blue'> .</font></B>  -Absent
<B><font color = 'blue'> .</font></B>  -Absent
<B><font color = 'blue'> .</font></B>  -Absent
<B><font color = 'blue'> .</font></B>  -Absent
<B><font color = 'blue'> .</font></B>  -Automation CodeeeAuto 
<B><font color = 'blue'> .</font></B>  -skabcdef33@gmail.com
<B><font color = 'blue'> .</font></B>  -Emp-Abzcde-1234557
<B><font color = 'blue'> .</font></B>  -2022-11-10
<B><font color = 'blue'> .</font></B>  -Absent
<B><font color = 'blue'> .</font></B>  -Absent
<B><font color = 'blue'> .</font></B>  -undefined
<B><font color = 'blue'> .</font></B>  -Bangalore
<B><font color = 'blue'> .</font></B>  -Testing
<B><font color = 'blue'> .</font></B>  -Absent
<B><font color = 'blue'> .</font></B>  -Absent
<B><font color = 'blue'> .</font></B>  -Absent
<B><font color = 'blue'> .</font></B>  -Absent
<B><font color = 'blue'> .</font></B>  -Absent
<B><font color = 'blue'> .</font></B>  -Absent
<B><font color = 'blue'> .</font></B>  -Absent
<B><font color = 'blue'> .</font></B>  -Absent
<B><font color = 'blue'> .</font></B>  -Absent
<B><font color = 'blue'> .</font></B>  -Absent
<B><font color = 'blue'> .</font></B>  -Absent
<B><font color = 'blue'> .</font></B>  -R o       hit Sharma 
<B><font color = 'blue'> .</font></B>  -rahulrajt5613928@gmail.com
<B><font color = 'blue'> .</font></B>  -67645
<B><font color = 'blue'> .</font></B>  -2022-11-10
<B><font color = 'blue'> .</font></B>  -Absent
<B><font color = 'blue'> .</font></B>  -Absent
<B><font color = 'blue'> .</font></B>  -undefined
<B><font color = 'blue'> .</font></B>  -bengaluru
<B><font color = 'blue'> .</font></B>  -Testing
<B><font color = 'blue'> .</font></B>  -Absent
<B><font color = 'blue'> .</font></B>  -Absent
<B><font color = 'blue'> .</font></B>  -Absent
<B><font color = 'blue'> .</font></B>  -Absent
<B><font color = 'blue'> .</font></B>  -Absent
<B><font color = 'blue'> .</font></B>  -Absent
<B><font color = 'blue'> .</font></B>  -Absent
<B><font color = 'blue'> .</font></B>  -Absent
<B><font color = 'blue'> .</font></B>  -Absent
<B><font color = 'blue'> .</font></B>  -Absent
<B><font color = 'blue'> .</font></B>  -Absent
<B><font color = 'blue'> .</font></B>  -ni test 
<B><font color = 'blue'> .</font></B>  -nitest12@gmail.com
<B><font color = 'blue'> .</font></B>  -GLB678
<B><font color = 'blue'> .</font></B>  -2022-11-10
<B><font color = 'blue'> .</font></B>  -Absent
<B><font color = 'blue'> .</font></B>  -Absent
<B><font color = 'blue'> .</font></B>  -undefined
<B><font color = 'blue'> .</font></B>  -bengaluru
<B><font color = 'blue'> .</font></B>  -Testing
<B><font color = 'blue'> .</font></B>  -Absent
<B><font color = 'blue'> .</font></B>  -Absent
<B><font color = 'blue'> .</font></B>  -Absent
<B><font color = 'blue'> .</font></B>  -Absent
<B><font color = 'blue'> .</font></B>  -Absent
<B><font color = 'blue'> .</font></B>  -Absent
<B><font color = 'blue'> .</font></B>  -Absent
<B><font color = 'blue'> .</font></B>  -Absent
<B><font color = 'blue'> .</font></B>  -Absent
<B><font color = 'blue'> .</font></B>  -Absent
<B><font color = 'blue'> .</font></B>  -Absent
<B><font color = 'blue'> .</font></B>  -one test 
<B><font color = 'blue'> .</font></B>  -testone1234@gmail.com
<B><font color = 'blue'> .</font></B>  -0110
<B><font color = 'blue'> .</font></B>  -2022-11-10
<B><font color = 'blue'> .</font></B>  -Absent
<B><font color = 'blue'> .</font></B>  -Absent
<B><font color = 'blue'> .</font></B>  -undefined
<B><font color = 'blue'> .</font></B>  -bengaluru
<B><font color = 'blue'> .</font></B>  -Testing
<B><font color = 'blue'> .</font></B>  -Absent
<B><font color = 'blue'> .</font></B>  -Absent
<B><font color = 'blue'> .</font></B>  -Absent
<B><font color = 'blue'> .</font></B>  -Absent
<B><font color = 'blue'> .</font></B>  -Absent
<B><font color = 'blue'> .</font></B>  -Absent
<B><font color = 'blue'> .</font></B>  -Absent
<B><font color = 'blue'> .</font></B>  -Absent
<B><font color = 'blue'> .</font></B>  -Absent
<B><font color = 'blue'> .</font></B>  -Absent
<B><font color = 'blue'> .</font></B>  -Absent
<B><font color = 'blue'> .</font></B>  -GLB-BLR-010-PC - GLB-BLR-010 
<B><font color = 'blue'> .</font></B>  -abcd@yuksdgus
<B><font color = 'blue'> .</font></B>  -GLB-BLR-010
<B><font color = 'blue'> .</font></B>  -2022-11-10
<B><font color = 'blue'> .</font></B>  -Absent
<B><font color = 'blue'> .</font></B>  -Absent
<B><font color = 'blue'> .</font></B>  -undefined
<B><font color = 'blue'> .</font></B>  -bengaluru
<B><font color = 'blue'> .</font></B>  -Testing
<B><font color = 'blue'> .</font></B>  -Absent
<B><font color = 'blue'> .</font></B>  -Absent
<B><font color = 'blue'> .</font></B>  -Absent
<B><font color = 'blue'> .</font></B>  -Absent
<B><font color = 'blue'> .</font></B>  -Absent
<B><font color = 'blue'> .</font></B>  -Absent
<B><font color = 'blue'> .</font></B>  -Absent
<B><font color = 'blue'> .</font></B>  -Absent
<B><font color = 'blue'> .</font></B>  -Absent
<B><font color = 'blue'> .</font></B>  -Absent
<B><font color = 'blue'> .</font></B>  -Absent
<B><font color = 'blue'> .</font></B>  -surya kk 
<B><font color = 'blue'> .</font></B>  -123@gmail.com
<B><font color = 'blue'> .</font></B>  -mmmmm
<B><font color = 'blue'> .</font></B>  -2022-11-10
<B><font color = 'blue'> .</font></B>  -Absent
<B><font color = 'blue'> .</font></B>  -Absent
<B><font color = 'blue'> .</font></B>  -undefined
<B><font color = 'blue'> .</font></B>  -Tamilnadu
<B><font color = 'blue'> .</font></B>  -Test and Dev
<B><font color = 'blue'> .</font></B>  -Absent
<B><font color = 'blue'> .</font></B>  -Absent
<B><font color = 'blue'> .</font></B>  -Absent
<B><font color = 'blue'> .</font></B>  -Absent
<B><font color = 'blue'> .</font></B>  -Absent
<B><font color = 'blue'> .</font></B>  -Absent
<B><font color = 'blue'> .</font></B>  -Absent
<B><font color = 'blue'> .</font></B>  -Absent
<B><font color = 'blue'> .</font></B>  -Absent
<B><font color = 'blue'> .</font></B>  -Absent
<B><font color = 'blue'> .</font></B>  -Absent
<B><font color = 'blue'> .</font></B>  -sai kk 
<B><font color = 'blue'> .</font></B>  -saikk19876@gmail.com
<B><font color = 'blue'> .</font></B>  -20221019
<B><font color = 'blue'> .</font></B>  -2022-11-10
<B><font color = 'blue'> .</font></B>  -Absent
<B><font color = 'blue'> .</font></B>  -Absent
<B><font color = 'blue'> .</font></B>  -undefined
<B><font color = 'blue'> .</font></B>  -Tamilnadu
<B><font color = 'blue'> .</font></B>  -Test and Dev
<B><font color = 'blue'> .</font></B>  -Absent
<B><font color = 'blue'> .</font></B>  -Absent
<B><font color = 'blue'> .</font></B>  -Absent
<B><font color = 'blue'> .</font></B>  -Absent
<B><font color = 'blue'> .</font></B>  -Absent
<B><font color = 'blue'> .</font></B>  -Absent
<B><font color = 'blue'> .</font></B>  -Absent
<B><font color = 'blue'> .</font></B>  -Absent
<B><font color = 'blue'> .</font></B>  -Absent
<B><font color = 'blue'> .</font></B>  -Absent
<B><font color = 'blue'> .</font></B>  -Absent
<B><font color = 'blue'> .</font></B>  -ajeethemp test 
<B><font color = 'blue'> .</font></B>  -ajeethemp@gmail.com
<B><font color = 'blue'> .</font></B>  -A01
<B><font color = 'blue'> .</font></B>  -2022-11-10
<B><font color = 'blue'> .</font></B>  -Absent
<B><font color = 'blue'> .</font></B>  -Absent
<B><font color = 'blue'> .</font></B>  -undefined
<B><font color = 'blue'> .</font></B>  -Tamilnadu
<B><font color = 'blue'> .</font></B>  -Test and Dev
<B><font color = 'blue'> .</font></B>  -Absent
<B><font color = 'blue'> .</font></B>  -Absent
<B><font color = 'blue'> .</font></B>  -Absent
<B><font color = 'blue'> .</font></B>  -Absent
<B><font color = 'blue'> .</font></B>  -Absent
<B><font color = 'blue'> .</font></B>  -Absent
<B><font color = 'blue'> .</font></B>  -Absent
<B><font color = 'blue'> .</font></B>  -Absent
<B><font color = 'blue'> .</font></B>  -Absent
<B><font color = 'blue'> .</font></B>  -Absent
<B><font color = 'blue'> .</font></B>  -Absent
<B><font color = 'blue'> .</font></B>  -test user two 
<B><font color = 'blue'> .</font></B>  -testuser@two.io
<B><font color = 'blue'> .</font></B>  -GSLL-327
<B><font color = 'blue'> .</font></B>  -2022-11-10
<B><font color = 'blue'> .</font></B>  -Absent
<B><font color = 'blue'> .</font></B>  -Absent
<B><font color = 'blue'> .</font></B>  -undefined
<B><font color = 'blue'> .</font></B>  -Tamilnadu
<B><font color = 'blue'> .</font></B>  -Test and Dev
<B><font color = 'blue'> .</font></B>  -Absent
<B><font color = 'blue'> .</font></B>  -Absent
<B><font color = 'blue'> .</font></B>  -Absent
<B><font color = 'blue'> .</font></B>  -Absent
<B><font color = 'blue'> .</font></B>  -Absent
<B><font color = 'blue'> .</font></B>  -Absent
<B><font color = 'blue'> .</font></B>  -Absent
<B><font color = 'blue'> .</font></B>  -Absent
<B><font color = 'blue'> .</font></B>  -Absent
<B><font color = 'blue'> .</font></B>  -Absent
<B><font color = 'blue'> .</font></B>  -Absent
<B><font color = 'blue'> .</font></B>  -dxgfdxg gssdg 
<B><font color = 'blue'> .</font></B>  -sdgsg@dgksodkg.in
<B><font color = 'blue'> .</font></B>  -asfda343443
<B><font color = 'blue'> .</font></B>  -2022-11-10
<B><font color = 'blue'> .</font></B>  -Absent
<B><font color = 'blue'> .</font></B>  -Absent
<B><font color = 'blue'> .</font></B>  -undefined
<B><font color = 'blue'> .</font></B>  -Bhilai
<B><font color = 'blue'> .</font></B>  -Php
<B><font color = 'blue'> .</font></B>  -Absent
<B><font color = 'blue'> .</font></B>  -Absent
<B><font color = 'blue'> .</font></B>  -Absent
<B><font color = 'blue'> .</font></B>  -Absent
<B><font color = 'blue'> .</font></B>  -Absent
<B><font color = 'blue'> .</font></B>  -Absent
<B><font color = 'blue'> .</font></B>  -Absent
<B><font color = 'blue'> .</font></B>  -Absent
<B><font color = 'blue'> .</font></B>  -Absent
<B><font color = 'blue'> .</font></B>  -Absent
<B><font color = 'blue'> .</font></B>  -Absent
<B><font color = 'blue'> .</font></B>  -Guest User 
<B><font color = 'blue'> .</font></B>  -guestuser@gmail.com
<B><font color = 'blue'> .</font></B>  -GLB-777
<B><font color = 'blue'> .</font></B>  -2022-11-10
<B><font color = 'blue'> .</font></B>  -Absent
<B><font color = 'blue'> .</font></B>  -Absent
<B><font color = 'blue'> .</font></B>  -undefined
<B><font color = 'blue'> .</font></B>  -Bhilai
<B><font color = 'blue'> .</font></B>  -Php
<B><font color = 'blue'> .</font></B>  -Absent
<B><font color = 'blue'> .</font></B>  -Absent
<B><font color = 'blue'> .</font></B>  -Absent
<B><font color = 'blue'> .</font></B>  -Absent
<B><font color = 'blue'> .</font></B>  -Absent
<B><font color = 'blue'> .</font></B>  -Absent
<B><font color = 'blue'> .</font></B>  -Absent
<B><font color = 'blue'> .</font></B>  -Absent
<B><font color = 'blue'> .</font></B>  -Absent
<B><font color = 'blue'> .</font></B>  -Absent
<B><font color = 'blue'> .</font></B>  -Absent
<B><font color = 'blue'> .</font></B>  -Himanshu Kumar 
<B><font color = 'blue'> .</font></B>  -himanshu1@gmail.com
<B><font color = 'blue'> .</font></B>  -EM011
<B><font color = 'blue'> .</font></B>  -2022-11-09
<B><font color = 'blue'> .</font></B>  -09-11-2022 00:02:48
<B><font color = 'blue'> .</font></B>  -09-11-2022 00:05:48
<B><font color = 'blue'> .</font></B>  -GLB-181
<B><font color = 'blue'> .</font></B>  -bagalkot
<B><font color = 'blue'> .</font></B>  -manual testing
<B><font color = 'blue'> .</font></B>  -00:03:00
<B><font color = 'blue'> .</font></B>  -00:00:00
<B><font color = 'blue'> .</font></B>  -00:00:00
<B><font color = 'blue'> .</font></B>  -00:00:00
<B><font color = 'blue'> .</font></B>  -00:00:00
<B><font color = 'blue'> .</font></B>  -00:00:00
<B><font color = 'blue'> .</font></B>  -00:00:00
<B><font color = 'blue'> .</font></B>  -00:03:00
<B><font color = 'blue'> .</font></B>  -0.00%
<B><font color = 'blue'> .</font></B>  --480:00
<B><font color = 'blue'> .</font></B>  -0.00
<B><font color = 'blue'> .</font></B>  -D Surya Prabhakar 
<B><font color = 'blue'> .</font></B>  -surya1@gmail.com
<B><font color = 'blue'> .</font></B>  -EM010
<B><font color = 'blue'> .</font></B>  -2022-11-09
<B><font color = 'blue'> .</font></B>  -09-11-2022 00:02:57
<B><font color = 'blue'> .</font></B>  -09-11-2022 00:05:57
<B><font color = 'blue'> .</font></B>  -GLB-110-PC
<B><font color = 'blue'> .</font></B>  -bengaluru
<B><font color = 'blue'> .</font></B>  -Testing
<B><font color = 'blue'> .</font></B>  -00:03:00
<B><font color = 'blue'> .</font></B>  -00:00:00
<B><font color = 'blue'> .</font></B>  -00:00:00
<B><font color = 'blue'> .</font></B>  -00:00:00
<B><font color = 'blue'> .</font></B>  -00:00:00
<B><font color = 'blue'> .</font></B>  -00:00:00
<B><font color = 'blue'> .</font></B>  -00:00:00
<B><font color = 'blue'> .</font></B>  -00:03:00
<B><font color = 'blue'> .</font></B>  -0.00%
<B><font color = 'blue'> .</font></B>  --480:00
<B><font color = 'blue'> .</font></B>  -0.00
<B><font color = 'blue'> .</font></B>  -Usb Test 
<B><font color = 'blue'> .</font></B>  -usbtest123@gmail.com
<B><font color = 'blue'> .</font></B>  -emp0097
<B><font color = 'blue'> .</font></B>  -2022-11-09
<B><font color = 'blue'> .</font></B>  -09-11-2022 10:11:59
<B><font color = 'blue'> .</font></B>  -09-11-2022 12:50:50
<B><font color = 'blue'> .</font></B>  -GLB-BLR-010-PC
<B><font color = 'blue'> .</font></B>  -Default
<B><font color = 'blue'> .</font></B>  -Default
<B><font color = 'blue'> .</font></B>  -02:38:51
<B><font color = 'blue'> .</font></B>  -00:00:00
<B><font color = 'blue'> .</font></B>  -00:00:00
<B><font color = 'blue'> .</font></B>  -00:00:00
<B><font color = 'blue'> .</font></B>  -00:00:00
<B><font color = 'blue'> .</font></B>  -00:00:00
<B><font color = 'blue'> .</font></B>  -00:00:00
<B><font color = 'blue'> .</font></B>  -02:38:51
<B><font color = 'blue'> .</font></B>  -0.00%
<B><font color = 'blue'> .</font></B>  --480:00
<B><font color = 'blue'> .</font></B>  -0.00
<B><font color = 'blue'> .</font></B>  -test manager 
<B><font color = 'blue'> .</font></B>  -manageremp@gmail.com
<B><font color = 'blue'> .</font></B>  -glb020
<B><font color = 'blue'> .</font></B>  -2022-11-09
<B><font color = 'blue'> .</font></B>  -09-11-2022 07:32:51
<B><font color = 'blue'> .</font></B>  -09-11-2022 07:50:53
<B><font color = 'blue'> .</font></B>  -GLB-193-PC
<B><font color = 'blue'> .</font></B>  -Default
<B><font color = 'blue'> .</font></B>  -Default
<B><font color = 'blue'> .</font></B>  -00:18:02
<B><font color = 'blue'> .</font></B>  -00:00:00
<B><font color = 'blue'> .</font></B>  -00:00:00
<B><font color = 'blue'> .</font></B>  -00:00:00
<B><font color = 'blue'> .</font></B>  -00:00:00
<B><font color = 'blue'> .</font></B>  -00:00:00
<B><font color = 'blue'> .</font></B>  -00:00:00
<B><font color = 'blue'> .</font></B>  -00:18:02
<B><font color = 'blue'> .</font></B>  -0.00%
<B><font color = 'blue'> .</font></B>  --480:00
<B><font color = 'blue'> .</font></B>  -0.00
<B><font color = 'blue'> .</font></B>  -try last 
<B><font color = 'blue'> .</font></B>  -try@gmail.com
<B><font color = 'blue'> .</font></B>  -1225455
<B><font color = 'blue'> .</font></B>  -2022-11-09
<B><font color = 'blue'> .</font></B>  -09-11-2022 10:07:50
<B><font color = 'blue'> .</font></B>  -10-11-2022 00:00:00
<B><font color = 'blue'> .</font></B>  -GLB-124-PC
<B><font color = 'blue'> .</font></B>  -Default
<B><font color = 'blue'> .</font></B>  -Default
<B><font color = 'blue'> .</font></B>  -13:52:10
<B><font color = 'blue'> .</font></B>  -00:00:00
<B><font color = 'blue'> .</font></B>  -00:00:00
<B><font color = 'blue'> .</font></B>  -00:00:00
<B><font color = 'blue'> .</font></B>  -00:00:00
<B><font color = 'blue'> .</font></B>  -00:00:00
<B><font color = 'blue'> .</font></B>  -00:00:00
<B><font color = 'blue'> .</font></B>  -13:52:10
<B><font color = 'blue'> .</font></B>  -0.00%
<B><font color = 'blue'> .</font></B>  --480:00
<B><font color = 'blue'> .</font></B>  -0.00
<B><font color = 'blue'> .</font></B>  -Virat kohli 
<B><font color = 'blue'> .</font></B>  -rahukbgdxgsf@gmail.com
<B><font color = 'blue'> .</font></B>  -65332
<B><font color = 'blue'> .</font></B>  -2022-11-09
<B><font color = 'blue'> .</font></B>  -Absent
<B><font color = 'blue'> .</font></B>  -Absent
<B><font color = 'blue'> .</font></B>  -undefined
<B><font color = 'blue'> .</font></B>  -Default
<B><font color = 'blue'> .</font></B>  -Default
<B><font color = 'blue'> .</font></B>  -Absent
<B><font color = 'blue'> .</font></B>  -Absent
<B><font color = 'blue'> .</font></B>  -Absent
<B><font color = 'blue'> .</font></B>  -Absent
<B><font color = 'blue'> .</font></B>  -Absent
<B><font color = 'blue'> .</font></B>  -Absent
<B><font color = 'blue'> .</font></B>  -Absent
<B><font color = 'blue'> .</font></B>  -Absent
<B><font color = 'blue'> .</font></B>  -Absent
<B><font color = 'blue'> .</font></B>  -Absent
<B><font color = 'blue'> .</font></B>  -Absent
<B><font color = 'blue'> .</font></B>  -sadas kadkasdj 
<B><font color = 'blue'> .</font></B>  -dsa@eqe
<B><font color = 'blue'> .</font></B>  -emp129666
<B><font color = 'blue'> .</font></B>  -2022-11-09
<B><font color = 'blue'> .</font></B>  -Absent
<B><font color = 'blue'> .</font></B>  -Absent
<B><font color = 'blue'> .</font></B>  -undefined
<B><font color = 'blue'> .</font></B>  -Default
<B><font color = 'blue'> .</font></B>  -Default
<B><font color = 'blue'> .</font></B>  -Absent
<B><font color = 'blue'> .</font></B>  -Absent
<B><font color = 'blue'> .</font></B>  -Absent
<B><font color = 'blue'> .</font></B>  -Absent
<B><font color = 'blue'> .</font></B>  -Absent
<B><font color = 'blue'> .</font></B>  -Absent
<B><font color = 'blue'> .</font></B>  -Absent
<B><font color = 'blue'> .</font></B>  -Absent
<B><font color = 'blue'> .</font></B>  -Absent
<B><font color = 'blue'> .</font></B>  -Absent
<B><font color = 'blue'> .</font></B>  -Absent
<B><font color = 'blue'> .</font></B>  -New Test 
<B><font color = 'blue'> .</font></B>  -newtest@gmail.com
<B><font color = 'blue'> .</font></B>  -ewer334443
<B><font color = 'blue'> .</font></B>  -2022-11-09
<B><font color = 'blue'> .</font></B>  -Absent
<B><font color = 'blue'> .</font></B>  -Absent
<B><font color = 'blue'> .</font></B>  -undefined
<B><font color = 'blue'> .</font></B>  -Default
<B><font color = 'blue'> .</font></B>  -Default
<B><font color = 'blue'> .</font></B>  -Absent
<B><font color = 'blue'> .</font></B>  -Absent
<B><font color = 'blue'> .</font></B>  -Absent
<B><font color = 'blue'> .</font></B>  -Absent
<B><font color = 'blue'> .</font></B>  -Absent
<B><font color = 'blue'> .</font></B>  -Absent
<B><font color = 'blue'> .</font></B>  -Absent
<B><font color = 'blue'> .</font></B>  -Absent
<B><font color = 'blue'> .</font></B>  -Absent
<B><font color = 'blue'> .</font></B>  -Absent
<B><font color = 'blue'> .</font></B>  -Absent
<B><font color = 'blue'> .</font></B>  -dshcdb uidsbf 
<B><font color = 'blue'> .</font></B>  -dvbvdb@yahoo.com
<B><font color = 'blue'> .</font></B>  -435454
<B><font color = 'blue'> .</font></B>  -2022-11-09
<B><font color = 'blue'> .</font></B>  -Absent
<B><font color = 'blue'> .</font></B>  -Absent
<B><font color = 'blue'> .</font></B>  -undefined
<B><font color = 'blue'> .</font></B>  -Default
<B><font color = 'blue'> .</font></B>  -Default
<B><font color = 'blue'> .</font></B>  -Absent
<B><font color = 'blue'> .</font></B>  -Absent
<B><font color = 'blue'> .</font></B>  -Absent
<B><font color = 'blue'> .</font></B>  -Absent
<B><font color = 'blue'> .</font></B>  -Absent
<B><font color = 'blue'> .</font></B>  -Absent
<B><font color = 'blue'> .</font></B>  -Absent
<B><font color = 'blue'> .</font></B>  -Absent
<B><font color = 'blue'> .</font></B>  -Absent
<B><font color = 'blue'> .</font></B>  -Absent
<B><font color = 'blue'> .</font></B>  -Absent
<B><font color = 'blue'> .</font></B>  -vdjvdb yusvdvbbh 
<B><font color = 'blue'> .</font></B>  -dvhbfdh@gmail.com
<B><font color = 'blue'> .</font></B>  -wq534342
<B><font color = 'blue'> .</font></B>  -2022-11-09
<B><font color = 'blue'> .</font></B>  -Absent
<B><font color = 'blue'> .</font></B>  -Absent
<B><font color = 'blue'> .</font></B>  -undefined
<B><font color = 'blue'> .</font></B>  -Default
<B><font color = 'blue'> .</font></B>  -Default
<B><font color = 'blue'> .</font></B>  -Absent
<B><font color = 'blue'> .</font></B>  -Absent
<B><font color = 'blue'> .</font></B>  -Absent
<B><font color = 'blue'> .</font></B>  -Absent
<B><font color = 'blue'> .</font></B>  -Absent
<B><font color = 'blue'> .</font></B>  -Absent
<B><font color = 'blue'> .</font></B>  -Absent
<B><font color = 'blue'> .</font></B>  -Absent
<B><font color = 'blue'> .</font></B>  -Absent
<B><font color = 'blue'> .</font></B>  -Absent
<B><font color = 'blue'> .</font></B>  -Absent
<B><font color = 'blue'> .</font></B>  -Mail Test user 
<B><font color = 'blue'> .</font></B>  -maintest@user.io
<B><font color = 'blue'> .</font></B>  -GLB-1223888
<B><font color = 'blue'> .</font></B>  -2022-11-09
<B><font color = 'blue'> .</font></B>  -Absent
<B><font color = 'blue'> .</font></B>  -Absent
<B><font color = 'blue'> .</font></B>  -undefined
<B><font color = 'blue'> .</font></B>  -Default
<B><font color = 'blue'> .</font></B>  -Default
<B><font color = 'blue'> .</font></B>  -Absent
<B><font color = 'blue'> .</font></B>  -Absent
<B><font color = 'blue'> .</font></B>  -Absent
<B><font color = 'blue'> .</font></B>  -Absent
<B><font color = 'blue'> .</font></B>  -Absent
<B><font color = 'blue'> .</font></B>  -Absent
<B><font color = 'blue'> .</font></B>  -Absent
<B><font color = 'blue'> .</font></B>  -Absent
<B><font color = 'blue'> .</font></B>  -Absent
<B><font color = 'blue'> .</font></B>  -Absent
<B><font color = 'blue'> .</font></B>  -Absent
<B><font color = 'blue'> .</font></B>  -Update Check 
<B><font color = 'blue'> .</font></B>  -updates@gmail.com
<B><font color = 'blue'> .</font></B>  -emp543
<B><font color = 'blue'> .</font></B>  -2022-11-09
<B><font color = 'blue'> .</font></B>  -Absent
<B><font color = 'blue'> .</font></B>  -Absent
<B><font color = 'blue'> .</font></B>  -undefined
<B><font color = 'blue'> .</font></B>  -Default
<B><font color = 'blue'> .</font></B>  -Default
<B><font color = 'blue'> .</font></B>  -Absent
<B><font color = 'blue'> .</font></B>  -Absent
<B><font color = 'blue'> .</font></B>  -Absent
<B><font color = 'blue'> .</font></B>  -Absent
<B><font color = 'blue'> .</font></B>  -Absent
<B><font color = 'blue'> .</font></B>  -Absent
<B><font color = 'blue'> .</font></B>  -Absent
<B><font color = 'blue'> .</font></B>  -Absent
<B><font color = 'blue'> .</font></B>  -Absent
<B><font color = 'blue'> .</font></B>  -Absent
<B><font color = 'blue'> .</font></B>  -Absent
<B><font color = 'blue'> .</font></B>  -DESKTOP-PJJHB19 - GLB-BLR-002OjUpRD2 
<B><font color = 'blue'> .</font></B>  --
<B><font color = 'blue'> .</font></B>  -GLB-BLR-002OjUpRD2
<B><font color = 'blue'> .</font></B>  -2022-11-09
<B><font color = 'blue'> .</font></B>  -Absent
<B><font color = 'blue'> .</font></B>  -Absent
<B><font color = 'blue'> .</font></B>  -undefined
<B><font color = 'blue'> .</font></B>  -Default
<B><font color = 'blue'> .</font></B>  -Default
<B><font color = 'blue'> .</font></B>  -Absent
<B><font color = 'blue'> .</font></B>  -Absent
<B><font color = 'blue'> .</font></B>  -Absent
<B><font color = 'blue'> .</font></B>  -Absent
<B><font color = 'blue'> .</font></B>  -Absent
<B><font color = 'blue'> .</font></B>  -Absent
<B><font color = 'blue'> .</font></B>  -Absent
<B><font color = 'blue'> .</font></B>  -Absent
<B><font color = 'blue'> .</font></B>  -Absent
<B><font color = 'blue'> .</font></B>  -Absent
<B><font color = 'blue'> .</font></B>  -Absent
<B><font color = 'blue'> .</font></B>  -SS Keystrokes 
<B><font color = 'blue'> .</font></B>  -sskey@gmail.com
<B><font color = 'blue'> .</font></B>  -emp98y
<B><font color = 'blue'> .</font></B>  -2022-11-09
<B><font color = 'blue'> .</font></B>  -Absent
<B><font color = 'blue'> .</font></B>  -Absent
<B><font color = 'blue'> .</font></B>  -undefined
<B><font color = 'blue'> .</font></B>  -Default
<B><font color = 'blue'> .</font></B>  -Default
<B><font color = 'blue'> .</font></B>  -Absent
<B><font color = 'blue'> .</font></B>  -Absent
<B><font color = 'blue'> .</font></B>  -Absent
<B><font color = 'blue'> .</font></B>  -Absent
<B><font color = 'blue'> .</font></B>  -Absent
<B><font color = 'blue'> .</font></B>  -Absent
<B><font color = 'blue'> .</font></B>  -Absent
<B><font color = 'blue'> .</font></B>  -Absent
<B><font color = 'blue'> .</font></B>  -Absent
<B><font color = 'blue'> .</font></B>  -Absent
<B><font color = 'blue'> .</font></B>  -Absent
<B><font color = 'blue'> .</font></B>  -shivammmmmmmmmmmmmmmmmmmm Kumar 
<B><font color = 'blue'> .</font></B>  -kgfyash545@gmail.com
<B><font color = 'blue'> .</font></B>  -hsakhdjk414
<B><font color = 'blue'> .</font></B>  -2022-11-09
<B><font color = 'blue'> .</font></B>  -Absent
<B><font color = 'blue'> .</font></B>  -Absent
<B><font color = 'blue'> .</font></B>  -undefined
<B><font color = 'blue'> .</font></B>  -Default
<B><font color = 'blue'> .</font></B>  -Default
<B><font color = 'blue'> .</font></B>  -Absent
<B><font color = 'blue'> .</font></B>  -Absent
<B><font color = 'blue'> .</font></B>  -Absent
<B><font color = 'blue'> .</font></B>  -Absent
<B><font color = 'blue'> .</font></B>  -Absent
<B><font color = 'blue'> .</font></B>  -Absent
<B><font color = 'blue'> .</font></B>  -Absent
<B><font color = 'blue'> .</font></B>  -Absent
<B><font color = 'blue'> .</font></B>  -Absent
<B><font color = 'blue'> .</font></B>  -Absent
<B><font color = 'blue'> .</font></B>  -Absent
<B><font color = 'blue'> .</font></B>  -Abhishek Four tf test 
<B><font color = 'blue'> .</font></B>  -abhishekfourtf@mail.com
<B><font color = 'blue'> .</font></B>  -HLIKSJ98
<B><font color = 'blue'> .</font></B>  -2022-11-09
<B><font color = 'blue'> .</font></B>  -Absent
<B><font color = 'blue'> .</font></B>  -Absent
<B><font color = 'blue'> .</font></B>  -undefined
<B><font color = 'blue'> .</font></B>  -Default
<B><font color = 'blue'> .</font></B>  -Default
<B><font color = 'blue'> .</font></B>  -Absent
<B><font color = 'blue'> .</font></B>  -Absent
<B><font color = 'blue'> .</font></B>  -Absent
<B><font color = 'blue'> .</font></B>  -Absent
<B><font color = 'blue'> .</font></B>  -Absent
<B><font color = 'blue'> .</font></B>  -Absent
<B><font color = 'blue'> .</font></B>  -Absent
<B><font color = 'blue'> .</font></B>  -Absent
<B><font color = 'blue'> .</font></B>  -Absent
<B><font color = 'blue'> .</font></B>  -Absent
<B><font color = 'blue'> .</font></B>  -Absent
<B><font color = 'blue'> .</font></B>  -new dev user 
<B><font color = 'blue'> .</font></B>  -new@dev.user
<B><font color = 'blue'> .</font></B>  -fdfsfsd
<B><font color = 'blue'> .</font></B>  -2022-11-09
<B><font color = 'blue'> .</font></B>  -Absent
<B><font color = 'blue'> .</font></B>  -Absent
<B><font color = 'blue'> .</font></B>  -undefined
<B><font color = 'blue'> .</font></B>  -Default
<B><font color = 'blue'> .</font></B>  -Default
<B><font color = 'blue'> .</font></B>  -Absent
<B><font color = 'blue'> .</font></B>  -Absent
<B><font color = 'blue'> .</font></B>  -Absent
<B><font color = 'blue'> .</font></B>  -Absent
<B><font color = 'blue'> .</font></B>  -Absent
<B><font color = 'blue'> .</font></B>  -Absent
<B><font color = 'blue'> .</font></B>  -Absent
<B><font color = 'blue'> .</font></B>  -Absent
<B><font color = 'blue'> .</font></B>  -Absent
<B><font color = 'blue'> .</font></B>  -Absent
<B><font color = 'blue'> .</font></B>  -Absent
<B><font color = 'blue'> .</font></B>  -aaaaaaaaaa aaaaaaaaa 
<B><font color = 'blue'> .</font></B>  -mmmm@gmail.com
<B><font color = 'blue'> .</font></B>  -80765s
<B><font color = 'blue'> .</font></B>  -2022-11-09
<B><font color = 'blue'> .</font></B>  -Absent
<B><font color = 'blue'> .</font></B>  -Absent
<B><font color = 'blue'> .</font></B>  -undefined
<B><font color = 'blue'> .</font></B>  -Bangalore
<B><font color = 'blue'> .</font></B>  -Testing
<B><font color = 'blue'> .</font></B>  -Absent
<B><font color = 'blue'> .</font></B>  -Absent
<B><font color = 'blue'> .</font></B>  -Absent
<B><font color = 'blue'> .</font></B>  -Absent
<B><font color = 'blue'> .</font></B>  -Absent
<B><font color = 'blue'> .</font></B>  -Absent
<B><font color = 'blue'> .</font></B>  -Absent
<B><font color = 'blue'> .</font></B>  -Absent
<B><font color = 'blue'> .</font></B>  -Absent
<B><font color = 'blue'> .</font></B>  -Absent
<B><font color = 'blue'> .</font></B>  -Absent
<B><font color = 'blue'> .</font></B>  -sumesh test 
<B><font color = 'blue'> .</font></B>  -sumesh@mail.com
<B><font color = 'blue'> .</font></B>  -fdgfdgf
<B><font color = 'blue'> .</font></B>  -2022-11-09
<B><font color = 'blue'> .</font></B>  -Absent
<B><font color = 'blue'> .</font></B>  -Absent
<B><font color = 'blue'> .</font></B>  -undefined
<B><font color = 'blue'> .</font></B>  -Bangalore
<B><font color = 'blue'> .</font></B>  -Testing
<B><font color = 'blue'> .</font></B>  -Absent
<B><font color = 'blue'> .</font></B>  -Absent
<B><font color = 'blue'> .</font></B>  -Absent
<B><font color = 'blue'> .</font></B>  -Absent
<B><font color = 'blue'> .</font></B>  -Absent
<B><font color = 'blue'> .</font></B>  -Absent
<B><font color = 'blue'> .</font></B>  -Absent
<B><font color = 'blue'> .</font></B>  -Absent
<B><font color = 'blue'> .</font></B>  -Absent
<B><font color = 'blue'> .</font></B>  -Absent
<B><font color = 'blue'> .</font></B>  -Absent
<B><font color = 'blue'> .</font></B>  -Test msc 
<B><font color = 'blue'> .</font></B>  -test123@gmail.com
<B><font color = 'blue'> .</font></B>  -12254
<B><font color = 'blue'> .</font></B>  -2022-11-09
<B><font color = 'blue'> .</font></B>  -Absent
<B><font color = 'blue'> .</font></B>  -Absent
<B><font color = 'blue'> .</font></B>  -undefined
<B><font color = 'blue'> .</font></B>  -Bangalore
<B><font color = 'blue'> .</font></B>  -Testing
<B><font color = 'blue'> .</font></B>  -Absent
<B><font color = 'blue'> .</font></B>  -Absent
<B><font color = 'blue'> .</font></B>  -Absent
<B><font color = 'blue'> .</font></B>  -Absent
<B><font color = 'blue'> .</font></B>  -Absent
<B><font color = 'blue'> .</font></B>  -Absent
<B><font color = 'blue'> .</font></B>  -Absent
<B><font color = 'blue'> .</font></B>  -Absent
<B><font color = 'blue'> .</font></B>  -Absent
<B><font color = 'blue'> .</font></B>  -Absent
<B><font color = 'blue'> .</font></B>  -Absent
<B><font color = 'blue'> .</font></B>  -deffdfds vscsc 
<B><font color = 'blue'> .</font></B>  -cscsdw123@gmail.com
<B><font color = 'blue'> .</font></B>  -1234512
<B><font color = 'blue'> .</font></B>  -2022-11-09
<B><font color = 'blue'> .</font></B>  -Absent
<B><font color = 'blue'> .</font></B>  -Absent
<B><font color = 'blue'> .</font></B>  -undefined
<B><font color = 'blue'> .</font></B>  -Bangalore
<B><font color = 'blue'> .</font></B>  -Testing
<B><font color = 'blue'> .</font></B>  -Absent
<B><font color = 'blue'> .</font></B>  -Absent
<B><font color = 'blue'> .</font></B>  -Absent
<B><font color = 'blue'> .</font></B>  -Absent
<B><font color = 'blue'> .</font></B>  -Absent
<B><font color = 'blue'> .</font></B>  -Absent
<B><font color = 'blue'> .</font></B>  -Absent
<B><font color = 'blue'> .</font></B>  -Absent
<B><font color = 'blue'> .</font></B>  -Absent
<B><font color = 'blue'> .</font></B>  -Absent
<B><font color = 'blue'> .</font></B>  -Absent
<B><font color = 'blue'> .</font></B>  -test testtt 
<B><font color = 'blue'> .</font></B>  -abcd@gmail.com
<B><font color = 'blue'> .</font></B>  -GLB55
<B><font color = 'blue'> .</font></B>  -2022-11-09
<B><font color = 'blue'> .</font></B>  -Absent
<B><font color = 'blue'> .</font></B>  -Absent
<B><font color = 'blue'> .</font></B>  -undefined
<B><font color = 'blue'> .</font></B>  -Bangalore
<B><font color = 'blue'> .</font></B>  -Testing
<B><font color = 'blue'> .</font></B>  -Absent
<B><font color = 'blue'> .</font></B>  -Absent
<B><font color = 'blue'> .</font></B>  -Absent
<B><font color = 'blue'> .</font></B>  -Absent
<B><font color = 'blue'> .</font></B>  -Absent
<B><font color = 'blue'> .</font></B>  -Absent
<B><font color = 'blue'> .</font></B>  -Absent
<B><font color = 'blue'> .</font></B>  -Absent
<B><font color = 'blue'> .</font></B>  -Absent
<B><font color = 'blue'> .</font></B>  -Absent
<B><font color = 'blue'> .</font></B>  -Absent
<B><font color = 'blue'> .</font></B>  -Abhishe tt 
<B><font color = 'blue'> .</font></B>  -ab@ab.com
<B><font color = 'blue'> .</font></B>  -GKD567
<B><font color = 'blue'> .</font></B>  -2022-11-09
<B><font color = 'blue'> .</font></B>  -Absent
<B><font color = 'blue'> .</font></B>  -Absent
<B><font color = 'blue'> .</font></B>  -undefined
<B><font color = 'blue'> .</font></B>  -Bangalore
<B><font color = 'blue'> .</font></B>  -Testing
<B><font color = 'blue'> .</font></B>  -Absent
<B><font color = 'blue'> .</font></B>  -Absent
<B><font color = 'blue'> .</font></B>  -Absent
<B><font color = 'blue'> .</font></B>  -Absent
<B><font color = 'blue'> .</font></B>  -Absent
<B><font color = 'blue'> .</font></B>  -Absent
<B><font color = 'blue'> .</font></B>  -Absent
<B><font color = 'blue'> .</font></B>  -Absent
<B><font color = 'blue'> .</font></B>  -Absent
<B><font color = 'blue'> .</font></B>  -Absent
<B><font color = 'blue'> .</font></B>  -Absent
<B><font color = 'blue'> .</font></B>  -test nonadmin 
<B><font color = 'blue'> .</font></B>  -testnonadmin@gmail.com
<B><font color = 'blue'> .</font></B>  -GLB026
<B><font color = 'blue'> .</font></B>  -2022-11-09
<B><font color = 'blue'> .</font></B>  -Absent
<B><font color = 'blue'> .</font></B>  -Absent
<B><font color = 'blue'> .</font></B>  -undefined
<B><font color = 'blue'> .</font></B>  -Bangalore
<B><font color = 'blue'> .</font></B>  -Php
<B><font color = 'blue'> .</font></B>  -Absent
<B><font color = 'blue'> .</font></B>  -Absent
<B><font color = 'blue'> .</font></B>  -Absent
<B><font color = 'blue'> .</font></B>  -Absent
<B><font color = 'blue'> .</font></B>  -Absent
<B><font color = 'blue'> .</font></B>  -Absent
<B><font color = 'blue'> .</font></B>  -Absent
<B><font color = 'blue'> .</font></B>  -Absent
<B><font color = 'blue'> .</font></B>  -Absent
<B><font color = 'blue'> .</font></B>  -Absent
<B><font color = 'blue'> .</font></B>  -Absent
<B><font color = 'blue'> .</font></B>  -adg ckj 
<B><font color = 'blue'> .</font></B>  -adcs@1234
<B><font color = 'blue'> .</font></B>  -583
<B><font color = 'blue'> .</font></B>  -2022-11-09
<B><font color = 'blue'> .</font></B>  -Absent
<B><font color = 'blue'> .</font></B>  -Absent
<B><font color = 'blue'> .</font></B>  -undefined
<B><font color = 'blue'> .</font></B>  -Bangalore
<B><font color = 'blue'> .</font></B>  -Testing
<B><font color = 'blue'> .</font></B>  -Absent
<B><font color = 'blue'> .</font></B>  -Absent
<B><font color = 'blue'> .</font></B>  -Absent
<B><font color = 'blue'> .</font></B>  -Absent
<B><font color = 'blue'> .</font></B>  -Absent
<B><font color = 'blue'> .</font></B>  -Absent
<B><font color = 'blue'> .</font></B>  -Absent
<B><font color = 'blue'> .</font></B>  -Absent
<B><font color = 'blue'> .</font></B>  -Absent
<B><font color = 'blue'> .</font></B>  -Absent
<B><font color = 'blue'> .</font></B>  -Absent
<B><font color = 'blue'> .</font></B>  -dominic toretto 
<B><font color = 'blue'> .</font></B>  -dom.toretto737@gmail.com
<B><font color = 'blue'> .</font></B>  -EMP011
<B><font color = 'blue'> .</font></B>  -2022-11-09
<B><font color = 'blue'> .</font></B>  -Absent
<B><font color = 'blue'> .</font></B>  -Absent
<B><font color = 'blue'> .</font></B>  -undefined
<B><font color = 'blue'> .</font></B>  -Bangalore
<B><font color = 'blue'> .</font></B>  -Testing
<B><font color = 'blue'> .</font></B>  -Absent
<B><font color = 'blue'> .</font></B>  -Absent
<B><font color = 'blue'> .</font></B>  -Absent
<B><font color = 'blue'> .</font></B>  -Absent
<B><font color = 'blue'> .</font></B>  -Absent
<B><font color = 'blue'> .</font></B>  -Absent
<B><font color = 'blue'> .</font></B>  -Absent
<B><font color = 'blue'> .</font></B>  -Absent
<B><font color = 'blue'> .</font></B>  -Absent
<B><font color = 'blue'> .</font></B>  -Absent
<B><font color = 'blue'> .</font></B>  -Absent
<B><font color = 'blue'> .</font></B>  -Abhishek Test 
<B><font color = 'blue'> .</font></B>  -abhishektrest@glb.in
<B><font color = 'blue'> .</font></B>  -rN7tvEiDPGNi4fD
<B><font color = 'blue'> .</font></B>  -2022-11-09
<B><font color = 'blue'> .</font></B>  -Absent
<B><font color = 'blue'> .</font></B>  -Absent
<B><font color = 'blue'> .</font></B>  -undefined
<B><font color = 'blue'> .</font></B>  -Bangalore
<B><font color = 'blue'> .</font></B>  -Php
<B><font color = 'blue'> .</font></B>  -Absent
<B><font color = 'blue'> .</font></B>  -Absent
<B><font color = 'blue'> .</font></B>  -Absent
<B><font color = 'blue'> .</font></B>  -Absent
<B><font color = 'blue'> .</font></B>  -Absent
<B><font color = 'blue'> .</font></B>  -Absent
<B><font color = 'blue'> .</font></B>  -Absent
<B><font color = 'blue'> .</font></B>  -Absent
<B><font color = 'blue'> .</font></B>  -Absent
<B><font color = 'blue'> .</font></B>  -Absent
<B><font color = 'blue'> .</font></B>  -Absent
<B><font color = 'blue'> .</font></B>  -Superior Test one 
<B><font color = 'blue'> .</font></B>  -superiorone@gmail.com
<B><font color = 'blue'> .</font></B>  -twoqw
<B><font color = 'blue'> .</font></B>  -2022-11-09
<B><font color = 'blue'> .</font></B>  -Absent
<B><font color = 'blue'> .</font></B>  -Absent
<B><font color = 'blue'> .</font></B>  -undefined
<B><font color = 'blue'> .</font></B>  -Bangalore
<B><font color = 'blue'> .</font></B>  -Testing
<B><font color = 'blue'> .</font></B>  -Absent
<B><font color = 'blue'> .</font></B>  -Absent
<B><font color = 'blue'> .</font></B>  -Absent
<B><font color = 'blue'> .</font></B>  -Absent
<B><font color = 'blue'> .</font></B>  -Absent
<B><font color = 'blue'> .</font></B>  -Absent
<B><font color = 'blue'> .</font></B>  -Absent
<B><font color = 'blue'> .</font></B>  -Absent
<B><font color = 'blue'> .</font></B>  -Absent
<B><font color = 'blue'> .</font></B>  -Absent
<B><font color = 'blue'> .</font></B>  -Absent
<B><font color = 'blue'> .</font></B>  -test testw 
<B><font color = 'blue'> .</font></B>  -test@mac.in
<B><font color = 'blue'> .</font></B>  -aaf123
<B><font color = 'blue'> .</font></B>  -2022-11-09
<B><font color = 'blue'> .</font></B>  -Absent
<B><font color = 'blue'> .</font></B>  -Absent
<B><font color = 'blue'> .</font></B>  -undefined
<B><font color = 'blue'> .</font></B>  -Bangalore
<B><font color = 'blue'> .</font></B>  -Php
<B><font color = 'blue'> .</font></B>  -Absent
<B><font color = 'blue'> .</font></B>  -Absent
<B><font color = 'blue'> .</font></B>  -Absent
<B><font color = 'blue'> .</font></B>  -Absent
<B><font color = 'blue'> .</font></B>  -Absent
<B><font color = 'blue'> .</font></B>  -Absent
<B><font color = 'blue'> .</font></B>  -Absent
<B><font color = 'blue'> .</font></B>  -Absent
<B><font color = 'blue'> .</font></B>  -Absent
<B><font color = 'blue'> .</font></B>  -Absent
<B><font color = 'blue'> .</font></B>  -Absent
<B><font color = 'blue'> .</font></B>  -sam eer 
<B><font color = 'blue'> .</font></B>  -sam@rf.in
<B><font color = 'blue'> .</font></B>  -WSAERT2Q34E
<B><font color = 'blue'> .</font></B>  -2022-11-09
<B><font color = 'blue'> .</font></B>  -Absent
<B><font color = 'blue'> .</font></B>  -Absent
<B><font color = 'blue'> .</font></B>  -undefined
<B><font color = 'blue'> .</font></B>  -Bangalore
<B><font color = 'blue'> .</font></B>  -Testing
<B><font color = 'blue'> .</font></B>  -Absent
<B><font color = 'blue'> .</font></B>  -Absent
<B><font color = 'blue'> .</font></B>  -Absent
<B><font color = 'blue'> .</font></B>  -Absent
<B><font color = 'blue'> .</font></B>  -Absent
<B><font color = 'blue'> .</font></B>  -Absent
<B><font color = 'blue'> .</font></B>  -Absent
<B><font color = 'blue'> .</font></B>  -Absent
<B><font color = 'blue'> .</font></B>  -Absent
<B><font color = 'blue'> .</font></B>  -Absent
<B><font color = 'blue'> .</font></B>  -Absent
<B><font color = 'blue'> .</font></B>  -Test test 
<B><font color = 'blue'> .</font></B>  -sarikajain@gmail.com
<B><font color = 'blue'> .</font></B>  -E-101
<B><font color = 'blue'> .</font></B>  -2022-11-09
<B><font color = 'blue'> .</font></B>  -Absent
<B><font color = 'blue'> .</font></B>  -Absent
<B><font color = 'blue'> .</font></B>  -undefined
<B><font color = 'blue'> .</font></B>  -Bangalore
<B><font color = 'blue'> .</font></B>  -Testing
<B><font color = 'blue'> .</font></B>  -Absent
<B><font color = 'blue'> .</font></B>  -Absent
<B><font color = 'blue'> .</font></B>  -Absent
<B><font color = 'blue'> .</font></B>  -Absent
<B><font color = 'blue'> .</font></B>  -Absent
<B><font color = 'blue'> .</font></B>  -Absent
<B><font color = 'blue'> .</font></B>  -Absent
<B><font color = 'blue'> .</font></B>  -Absent
<B><font color = 'blue'> .</font></B>  -Absent
<B><font color = 'blue'> .</font></B>  -Absent
<B><font color = 'blue'> .</font></B>  -Absent
<B><font color = 'blue'> .</font></B>  -sithu kalluru 
<B><font color = 'blue'> .</font></B>  -sitaramireddy@globussoft.in
<B><font color = 'blue'> .</font></B>  -code12
<B><font color = 'blue'> .</font></B>  -2022-11-09
<B><font color = 'blue'> .</font></B>  -Absent
<B><font color = 'blue'> .</font></B>  -Absent
<B><font color = 'blue'> .</font></B>  -undefined
<B><font color = 'blue'> .</font></B>  -Bangalore
<B><font color = 'blue'> .</font></B>  -Testing
<B><font color = 'blue'> .</font></B>  -Absent
<B><font color = 'blue'> .</font></B>  -Absent
<B><font color = 'blue'> .</font></B>  -Absent
<B><font color = 'blue'> .</font></B>  -Absent
<B><font color = 'blue'> .</font></B>  -Absent
<B><font color = 'blue'> .</font></B>  -Absent
<B><font color = 'blue'> .</font></B>  -Absent
<B><font color = 'blue'> .</font></B>  -Absent
<B><font color = 'blue'> .</font></B>  -Absent
<B><font color = 'blue'> .</font></B>  -Absent
<B><font color = 'blue'> .</font></B>  -Absent
<B><font color = 'blue'> .</font></B>  -test123 abcd 
<B><font color = 'blue'> .</font></B>  -s@gmail.com
<B><font color = 'blue'> .</font></B>  -code123z
<B><font color = 'blue'> .</font></B>  -2022-11-09
<B><font color = 'blue'> .</font></B>  -Absent
<B><font color = 'blue'> .</font></B>  -Absent
<B><font color = 'blue'> .</font></B>  -undefined
<B><font color = 'blue'> .</font></B>  -Bangalore
<B><font color = 'blue'> .</font></B>  -Testing
<B><font color = 'blue'> .</font></B>  -Absent
<B><font color = 'blue'> .</font></B>  -Absent
<B><font color = 'blue'> .</font></B>  -Absent
<B><font color = 'blue'> .</font></B>  -Absent
<B><font color = 'blue'> .</font></B>  -Absent
<B><font color = 'blue'> .</font></B>  -Absent
<B><font color = 'blue'> .</font></B>  -Absent
<B><font color = 'blue'> .</font></B>  -Absent
<B><font color = 'blue'> .</font></B>  -Absent
<B><font color = 'blue'> .</font></B>  -Absent
<B><font color = 'blue'> .</font></B>  -Absent
<B><font color = 'blue'> .</font></B>  -testing test 
<B><font color = 'blue'> .</font></B>  -aarshajoyson1601@gmail.com
<B><font color = 'blue'> .</font></B>  -glb0008
<B><font color = 'blue'> .</font></B>  -2022-11-09
<B><font color = 'blue'> .</font></B>  -Absent
<B><font color = 'blue'> .</font></B>  -Absent
<B><font color = 'blue'> .</font></B>  -undefined
<B><font color = 'blue'> .</font></B>  -Bangalore
<B><font color = 'blue'> .</font></B>  -Php
<B><font color = 'blue'> .</font></B>  -Absent
<B><font color = 'blue'> .</font></B>  -Absent
<B><font color = 'blue'> .</font></B>  -Absent
<B><font color = 'blue'> .</font></B>  -Absent
<B><font color = 'blue'> .</font></B>  -Absent
<B><font color = 'blue'> .</font></B>  -Absent
<B><font color = 'blue'> .</font></B>  -Absent
<B><font color = 'blue'> .</font></B>  -Absent
<B><font color = 'blue'> .</font></B>  -Absent
<B><font color = 'blue'> .</font></B>  -Absent
<B><font color = 'blue'> .</font></B>  -Absent
<B><font color = 'blue'> .</font></B>  -Automation CodeeeAuto 
<B><font color = 'blue'> .</font></B>  -skabcdef7@gmail.com
<B><font color = 'blue'> .</font></B>  -Emp-Abzcde-1234522
<B><font color = 'blue'> .</font></B>  -2022-11-09
<B><font color = 'blue'> .</font></B>  -Absent
<B><font color = 'blue'> .</font></B>  -Absent
<B><font color = 'blue'> .</font></B>  -undefined
<B><font color = 'blue'> .</font></B>  -Bangalore
<B><font color = 'blue'> .</font></B>  -Testing
<B><font color = 'blue'> .</font></B>  -Absent
<B><font color = 'blue'> .</font></B>  -Absent
<B><font color = 'blue'> .</font></B>  -Absent
<B><font color = 'blue'> .</font></B>  -Absent
<B><font color = 'blue'> .</font></B>  -Absent
<B><font color = 'blue'> .</font></B>  -Absent
<B><font color = 'blue'> .</font></B>  -Absent
<B><font color = 'blue'> .</font></B>  -Absent
<B><font color = 'blue'> .</font></B>  -Absent
<B><font color = 'blue'> .</font></B>  -Absent
<B><font color = 'blue'> .</font></B>  -Absent
<B><font color = 'blue'> .</font></B>  -piyush dfgsfg 
<B><font color = 'blue'> .</font></B>  -jos@gmail.com
<B><font color = 'blue'> .</font></B>  -sdgff
<B><font color = 'blue'> .</font></B>  -2022-11-09
<B><font color = 'blue'> .</font></B>  -Absent
<B><font color = 'blue'> .</font></B>  -Absent
<B><font color = 'blue'> .</font></B>  -undefined
<B><font color = 'blue'> .</font></B>  -Bangalore
<B><font color = 'blue'> .</font></B>  -Testing
<B><font color = 'blue'> .</font></B>  -Absent
<B><font color = 'blue'> .</font></B>  -Absent
<B><font color = 'blue'> .</font></B>  -Absent
<B><font color = 'blue'> .</font></B>  -Absent
<B><font color = 'blue'> .</font></B>  -Absent
<B><font color = 'blue'> .</font></B>  -Absent
<B><font color = 'blue'> .</font></B>  -Absent
<B><font color = 'blue'> .</font></B>  -Absent
<B><font color = 'blue'> .</font></B>  -Absent
<B><font color = 'blue'> .</font></B>  -Absent
<B><font color = 'blue'> .</font></B>  -Absent
<B><font color = 'blue'> .</font></B>  -Aryan raj 
<B><font color = 'blue'> .</font></B>  -alex@gmail.com
<B><font color = 'blue'> .</font></B>  -126
<B><font color = 'blue'> .</font></B>  -2022-11-09
<B><font color = 'blue'> .</font></B>  -Absent
<B><font color = 'blue'> .</font></B>  -Absent
<B><font color = 'blue'> .</font></B>  -undefined
<B><font color = 'blue'> .</font></B>  -Bangalore
<B><font color = 'blue'> .</font></B>  -Testing
<B><font color = 'blue'> .</font></B>  -Absent
<B><font color = 'blue'> .</font></B>  -Absent
<B><font color = 'blue'> .</font></B>  -Absent
<B><font color = 'blue'> .</font></B>  -Absent
<B><font color = 'blue'> .</font></B>  -Absent
<B><font color = 'blue'> .</font></B>  -Absent
<B><font color = 'blue'> .</font></B>  -Absent
<B><font color = 'blue'> .</font></B>  -Absent
<B><font color = 'blue'> .</font></B>  -Absent
<B><font color = 'blue'> .</font></B>  -Absent
<B><font color = 'blue'> .</font></B>  -Absent
<B><font color = 'blue'> .</font></B>  -Automation CodeeeAuto 
<B><font color = 'blue'> .</font></B>  -skabcdef38@gmail.com
<B><font color = 'blue'> .</font></B>  -Emp-Abzcde-123457
<B><font color = 'blue'> .</font></B>  -2022-11-09
<B><font color = 'blue'> .</font></B>  -Absent
<B><font color = 'blue'> .</font></B>  -Absent
<B><font color = 'blue'> .</font></B>  -undefined
<B><font color = 'blue'> .</font></B>  -Bangalore
<B><font color = 'blue'> .</font></B>  -Testing
<B><font color = 'blue'> .</font></B>  -Absent
<B><font color = 'blue'> .</font></B>  -Absent
<B><font color = 'blue'> .</font></B>  -Absent
<B><font color = 'blue'> .</font></B>  -Absent
<B><font color = 'blue'> .</font></B>  -Absent
<B><font color = 'blue'> .</font></B>  -Absent
<B><font color = 'blue'> .</font></B>  -Absent
<B><font color = 'blue'> .</font></B>  -Absent
<B><font color = 'blue'> .</font></B>  -Absent
<B><font color = 'blue'> .</font></B>  -Absent
<B><font color = 'blue'> .</font></B>  -Absent
<B><font color = 'blue'> .</font></B>  -Automation CodeeeAuto 
<B><font color = 'blue'> .</font></B>  -skabcdef33@gmail.com
<B><font color = 'blue'> .</font></B>  -Emp-Abzcde-1234557
<B><font color = 'blue'> .</font></B>  -2022-11-09
<B><font color = 'blue'> .</font></B>  -Absent
<B><font color = 'blue'> .</font></B>  -Absent
<B><font color = 'blue'> .</font></B>  -undefined
<B><font color = 'blue'> .</font></B>  -Bangalore
<B><font color = 'blue'> .</font></B>  -Testing
<B><font color = 'blue'> .</font></B>  -Absent
<B><font color = 'blue'> .</font></B>  -Absent
<B><font color = 'blue'> .</font></B>  -Absent
<B><font color = 'blue'> .</font></B>  -Absent
<B><font color = 'blue'> .</font></B>  -Absent
<B><font color = 'blue'> .</font></B>  -Absent
<B><font color = 'blue'> .</font></B>  -Absent
<B><font color = 'blue'> .</font></B>  -Absent
<B><font color = 'blue'> .</font></B>  -Absent
<B><font color = 'blue'> .</font></B>  -Absent
<B><font color = 'blue'> .</font></B>  -Absent
<B><font color = 'blue'> .</font></B>  -R o       hit Sharma 
<B><font color = 'blue'> .</font></B>  -rahulrajt5613928@gmail.com
<B><font color = 'blue'> .</font></B>  -67645
<B><font color = 'blue'> .</font></B>  -2022-11-09
<B><font color = 'blue'> .</font></B>  -Absent
<B><font color = 'blue'> .</font></B>  -Absent
<B><font color = 'blue'> .</font></B>  -undefined
<B><font color = 'blue'> .</font></B>  -bengaluru
<B><font color = 'blue'> .</font></B>  -Testing
<B><font color = 'blue'> .</font></B>  -Absent
<B><font color = 'blue'> .</font></B>  -Absent
<B><font color = 'blue'> .</font></B>  -Absent
<B><font color = 'blue'> .</font></B>  -Absent
<B><font color = 'blue'> .</font></B>  -Absent
<B><font color = 'blue'> .</font></B>  -Absent
<B><font color = 'blue'> .</font></B>  -Absent
<B><font color = 'blue'> .</font></B>  -Absent
<B><font color = 'blue'> .</font></B>  -Absent
<B><font color = 'blue'> .</font></B>  -Absent
<B><font color = 'blue'> .</font></B>  -Absent
<B><font color = 'blue'> .</font></B>  -ni test 
<B><font color = 'blue'> .</font></B>  -nitest12@gmail.com
<B><font color = 'blue'> .</font></B>  -GLB678
<B><font color = 'blue'> .</font></B>  -2022-11-09
<B><font color = 'blue'> .</font></B>  -Absent
<B><font color = 'blue'> .</font></B>  -Absent
<B><font color = 'blue'> .</font></B>  -undefined
<B><font color = 'blue'> .</font></B>  -bengaluru
<B><font color = 'blue'> .</font></B>  -Testing
<B><font color = 'blue'> .</font></B>  -Absent
<B><font color = 'blue'> .</font></B>  -Absent
<B><font color = 'blue'> .</font></B>  -Absent
<B><font color = 'blue'> .</font></B>  -Absent
<B><font color = 'blue'> .</font></B>  -Absent
<B><font color = 'blue'> .</font></B>  -Absent
<B><font color = 'blue'> .</font></B>  -Absent
<B><font color = 'blue'> .</font></B>  -Absent
<B><font color = 'blue'> .</font></B>  -Absent
<B><font color = 'blue'> .</font></B>  -Absent
<B><font color = 'blue'> .</font></B>  -Absent
<B><font color = 'blue'> .</font></B>  -one test 
<B><font color = 'blue'> .</font></B>  -testone1234@gmail.com
<B><font color = 'blue'> .</font></B>  -0110
<B><font color = 'blue'> .</font></B>  -2022-11-09
<B><font color = 'blue'> .</font></B>  -Absent
<B><font color = 'blue'> .</font></B>  -Absent
<B><font color = 'blue'> .</font></B>  -undefined
<B><font color = 'blue'> .</font></B>  -bengaluru
<B><font color = 'blue'> .</font></B>  -Testing
<B><font color = 'blue'> .</font></B>  -Absent
<B><font color = 'blue'> .</font></B>  -Absent
<B><font color = 'blue'> .</font></B>  -Absent
<B><font color = 'blue'> .</font></B>  -Absent
<B><font color = 'blue'> .</font></B>  -Absent
<B><font color = 'blue'> .</font></B>  -Absent
<B><font color = 'blue'> .</font></B>  -Absent
<B><font color = 'blue'> .</font></B>  -Absent
<B><font color = 'blue'> .</font></B>  -Absent
<B><font color = 'blue'> .</font></B>  -Absent
<B><font color = 'blue'> .</font></B>  -Absent
<B><font color = 'blue'> .</font></B>  -GLB-BLR-010-PC - GLB-BLR-010 
<B><font color = 'blue'> .</font></B>  -abcd@yuksdgus
<B><font color = 'blue'> .</font></B>  -GLB-BLR-010
<B><font color = 'blue'> .</font></B>  -2022-11-09
<B><font color = 'blue'> .</font></B>  -Absent
<B><font color = 'blue'> .</font></B>  -Absent
<B><font color = 'blue'> .</font></B>  -undefined
<B><font color = 'blue'> .</font></B>  -bengaluru
<B><font color = 'blue'> .</font></B>  -Testing
<B><font color = 'blue'> .</font></B>  -Absent
<B><font color = 'blue'> .</font></B>  -Absent
<B><font color = 'blue'> .</font></B>  -Absent
<B><font color = 'blue'> .</font></B>  -Absent
<B><font color = 'blue'> .</font></B>  -Absent
<B><font color = 'blue'> .</font></B>  -Absent
<B><font color = 'blue'> .</font></B>  -Absent
<B><font color = 'blue'> .</font></B>  -Absent
<B><font color = 'blue'> .</font></B>  -Absent
<B><font color = 'blue'> .</font></B>  -Absent
<B><font color = 'blue'> .</font></B>  -Absent
<B><font color = 'blue'> .</font></B>  -surya kk 
<B><font color = 'blue'> .</font></B>  -123@gmail.com
<B><font color = 'blue'> .</font></B>  -mmmmm
<B><font color = 'blue'> .</font></B>  -2022-11-09
<B><font color = 'blue'> .</font></B>  -Absent
<B><font color = 'blue'> .</font></B>  -Absent
<B><font color = 'blue'> .</font></B>  -undefined
<B><font color = 'blue'> .</font></B>  -Tamilnadu
<B><font color = 'blue'> .</font></B>  -Test and Dev
<B><font color = 'blue'> .</font></B>  -Absent
<B><font color = 'blue'> .</font></B>  -Absent
<B><font color = 'blue'> .</font></B>  -Absent
<B><font color = 'blue'> .</font></B>  -Absent
<B><font color = 'blue'> .</font></B>  -Absent
<B><font color = 'blue'> .</font></B>  -Absent
<B><font color = 'blue'> .</font></B>  -Absent
<B><font color = 'blue'> .</font></B>  -Absent
<B><font color = 'blue'> .</font></B>  -Absent
<B><font color = 'blue'> .</font></B>  -Absent
<B><font color = 'blue'> .</font></B>  -Absent
<B><font color = 'blue'> .</font></B>  -sai kk 
<B><font color = 'blue'> .</font></B>  -saikk19876@gmail.com
<B><font color = 'blue'> .</font></B>  -20221019
<B><font color = 'blue'> .</font></B>  -2022-11-09
<B><font color = 'blue'> .</font></B>  -Absent
<B><font color = 'blue'> .</font></B>  -Absent
<B><font color = 'blue'> .</font></B>  -undefined
<B><font color = 'blue'> .</font></B>  -Tamilnadu
<B><font color = 'blue'> .</font></B>  -Test and Dev
<B><font color = 'blue'> .</font></B>  -Absent
<B><font color = 'blue'> .</font></B>  -Absent
<B><font color = 'blue'> .</font></B>  -Absent
<B><font color = 'blue'> .</font></B>  -Absent
<B><font color = 'blue'> .</font></B>  -Absent
<B><font color = 'blue'> .</font></B>  -Absent
<B><font color = 'blue'> .</font></B>  -Absent
<B><font color = 'blue'> .</font></B>  -Absent
<B><font color = 'blue'> .</font></B>  -Absent
<B><font color = 'blue'> .</font></B>  -Absent
<B><font color = 'blue'> .</font></B>  -Absent
<B><font color = 'blue'> .</font></B>  -ajeethemp test 
<B><font color = 'blue'> .</font></B>  -ajeethemp@gmail.com
<B><font color = 'blue'> .</font></B>  -A01
<B><font color = 'blue'> .</font></B>  -2022-11-09
<B><font color = 'blue'> .</font></B>  -Absent
<B><font color = 'blue'> .</font></B>  -Absent
<B><font color = 'blue'> .</font></B>  -undefined
<B><font color = 'blue'> .</font></B>  -Tamilnadu
<B><font color = 'blue'> .</font></B>  -Test and Dev
<B><font color = 'blue'> .</font></B>  -Absent
<B><font color = 'blue'> .</font></B>  -Absent
<B><font color = 'blue'> .</font></B>  -Absent
<B><font color = 'blue'> .</font></B>  -Absent
<B><font color = 'blue'> .</font></B>  -Absent
<B><font color = 'blue'> .</font></B>  -Absent
<B><font color = 'blue'> .</font></B>  -Absent
<B><font color = 'blue'> .</font></B>  -Absent
<B><font color = 'blue'> .</font></B>  -Absent
<B><font color = 'blue'> .</font></B>  -Absent
<B><font color = 'blue'> .</font></B>  -Absent
<B><font color = 'blue'> .</font></B>  -test user two 
<B><font color = 'blue'> .</font></B>  -testuser@two.io
<B><font color = 'blue'> .</font></B>  -GSLL-327
<B><font color = 'blue'> .</font></B>  -2022-11-09
<B><font color = 'blue'> .</font></B>  -Absent
<B><font color = 'blue'> .</font></B>  -Absent
<B><font color = 'blue'> .</font></B>  -undefined
<B><font color = 'blue'> .</font></B>  -Tamilnadu
<B><font color = 'blue'> .</font></B>  -Test and Dev
<B><font color = 'blue'> .</font></B>  -Absent
<B><font color = 'blue'> .</font></B>  -Absent
<B><font color = 'blue'> .</font></B>  -Absent
<B><font color = 'blue'> .</font></B>  -Absent
<B><font color = 'blue'> .</font></B>  -Absent
<B><font color = 'blue'> .</font></B>  -Absent
<B><font color = 'blue'> .</font></B>  -Absent
<B><font color = 'blue'> .</font></B>  -Absent
<B><font color = 'blue'> .</font></B>  -Absent
<B><font color = 'blue'> .</font></B>  -Absent
<B><font color = 'blue'> .</font></B>  -Absent
<B><font color = 'blue'> .</font></B>  -dxgfdxg gssdg 
<B><font color = 'blue'> .</font></B>  -sdgsg@dgksodkg.in
<B><font color = 'blue'> .</font></B>  -asfda343443
<B><font color = 'blue'> .</font></B>  -2022-11-09
<B><font color = 'blue'> .</font></B>  -Absent
<B><font color = 'blue'> .</font></B>  -Absent
<B><font color = 'blue'> .</font></B>  -undefined
<B><font color = 'blue'> .</font></B>  -Bhilai
<B><font color = 'blue'> .</font></B>  -Php
<B><font color = 'blue'> .</font></B>  -Absent
<B><font color = 'blue'> .</font></B>  -Absent
<B><font color = 'blue'> .</font></B>  -Absent
<B><font color = 'blue'> .</font></B>  -Absent
<B><font color = 'blue'> .</font></B>  -Absent
<B><font color = 'blue'> .</font></B>  -Absent
<B><font color = 'blue'> .</font></B>  -Absent
<B><font color = 'blue'> .</font></B>  -Absent
<B><font color = 'blue'> .</font></B>  -Absent
<B><font color = 'blue'> .</font></B>  -Absent
<B><font color = 'blue'> .</font></B>  -Absent
<B><font color = 'blue'> .</font></B>  -Guest User 
<B><font color = 'blue'> .</font></B>  -guestuser@gmail.com
<B><font color = 'blue'> .</font></B>  -GLB-777
<B><font color = 'blue'> .</font></B>  -2022-11-09
<B><font color = 'blue'> .</font></B>  -Absent
<B><font color = 'blue'> .</font></B>  -Absent
<B><font color = 'blue'> .</font></B>  -undefined
<B><font color = 'blue'> .</font></B>  -Bhilai
<B><font color = 'blue'> .</font></B>  -Php
<B><font color = 'blue'> .</font></B>  -Absent
<B><font color = 'blue'> .</font></B>  -Absent
<B><font color = 'blue'> .</font></B>  -Absent
<B><font color = 'blue'> .</font></B>  -Absent
<B><font color = 'blue'> .</font></B>  -Absent
<B><font color = 'blue'> .</font></B>  -Absent
<B><font color = 'blue'> .</font></B>  -Absent
<B><font color = 'blue'> .</font></B>  -Absent
<B><font color = 'blue'> .</font></B>  -Absent
<B><font color = 'blue'> .</font></B>  -Absent
<B><font color = 'blue'> .</font></B>  -Absent
<B><font color = 'blue'> .</font></B>  -test123 abcd 
<B><font color = 'blue'> .</font></B>  -s@gmail.com
<B><font color = 'blue'> .</font></B>  -code123z
<B><font color = 'blue'> .</font></B>  -2022-11-08
<B><font color = 'blue'> .</font></B>  -08-11-2022 00:00:00
<B><font color = 'blue'> .</font></B>  -08-11-2022 00:01:27
<B><font color = 'blue'> .</font></B>  -GLB-124-PC
<B><font color = 'blue'> .</font></B>  -Bangalore
<B><font color = 'blue'> .</font></B>  -Testing
<B><font color = 'blue'> .</font></B>  -00:01:27
<B><font color = 'blue'> .</font></B>  -00:00:00
<B><font color = 'blue'> .</font></B>  -00:00:00
<B><font color = 'blue'> .</font></B>  -00:00:00
<B><font color = 'blue'> .</font></B>  -00:00:00
<B><font color = 'blue'> .</font></B>  -00:00:00
<B><font color = 'blue'> .</font></B>  -00:00:00
<B><font color = 'blue'> .</font></B>  -00:01:27
<B><font color = 'blue'> .</font></B>  -0.00%
<B><font color = 'blue'> .</font></B>  --480:00
<B><font color = 'blue'> .</font></B>  -0.00
<B><font color = 'blue'> .</font></B>  -Himanshu Kumar 
<B><font color = 'blue'> .</font></B>  -himanshu1@gmail.com
<B><font color = 'blue'> .</font></B>  -EM011
<B><font color = 'blue'> .</font></B>  -2022-11-08
<B><font color = 'blue'> .</font></B>  -08-11-2022 00:00:00
<B><font color = 'blue'> .</font></B>  -08-11-2022 00:00:08
<B><font color = 'blue'> .</font></B>  -GLB-181
<B><font color = 'blue'> .</font></B>  -bagalkot
<B><font color = 'blue'> .</font></B>  -manual testing
<B><font color = 'blue'> .</font></B>  -00:00:08
<B><font color = 'blue'> .</font></B>  -00:00:00
<B><font color = 'blue'> .</font></B>  -00:00:00
<B><font color = 'blue'> .</font></B>  -00:00:00
<B><font color = 'blue'> .</font></B>  -00:00:00
<B><font color = 'blue'> .</font></B>  -00:00:00
<B><font color = 'blue'> .</font></B>  -00:00:00
<B><font color = 'blue'> .</font></B>  -00:00:08
<B><font color = 'blue'> .</font></B>  -0.00%
<B><font color = 'blue'> .</font></B>  --480:00
<B><font color = 'blue'> .</font></B>  -0.00
<B><font color = 'blue'> .</font></B>  -D Surya Prabhakar 
<B><font color = 'blue'> .</font></B>  -surya1@gmail.com
<B><font color = 'blue'> .</font></B>  -EM010
<B><font color = 'blue'> .</font></B>  -2022-11-08
<B><font color = 'blue'> .</font></B>  -08-11-2022 00:00:00
<B><font color = 'blue'> .</font></B>  -08-11-2022 00:02:43
<B><font color = 'blue'> .</font></B>  -GLB-110-PC
<B><font color = 'blue'> .</font></B>  -bengaluru
<B><font color = 'blue'> .</font></B>  -Testing
<B><font color = 'blue'> .</font></B>  -00:02:43
<B><font color = 'blue'> .</font></B>  -00:00:00
<B><font color = 'blue'> .</font></B>  -00:00:00
<B><font color = 'blue'> .</font></B>  -00:00:00
<B><font color = 'blue'> .</font></B>  -00:00:00
<B><font color = 'blue'> .</font></B>  -00:00:00
<B><font color = 'blue'> .</font></B>  -00:00:00
<B><font color = 'blue'> .</font></B>  -00:02:43
<B><font color = 'blue'> .</font></B>  -0.00%
<B><font color = 'blue'> .</font></B>  --480:00
<B><font color = 'blue'> .</font></B>  -0.00
<B><font color = 'blue'> .</font></B>  -Usb Test 
<B><font color = 'blue'> .</font></B>  -usbtest123@gmail.com
<B><font color = 'blue'> .</font></B>  -emp0097
<B><font color = 'blue'> .</font></B>  -2022-11-08
<B><font color = 'blue'> .</font></B>  -08-11-2022 15:41:36
<B><font color = 'blue'> .</font></B>  -08-11-2022 19:21:23
<B><font color = 'blue'> .</font></B>  -GLB-BLR-010-PC
<B><font color = 'blue'> .</font></B>  -Default
<B><font color = 'blue'> .</font></B>  -Default
<B><font color = 'blue'> .</font></B>  -03:39:47
<B><font color = 'blue'> .</font></B>  -00:00:00
<B><font color = 'blue'> .</font></B>  -00:00:00
<B><font color = 'blue'> .</font></B>  -00:00:00
<B><font color = 'blue'> .</font></B>  -00:00:00
<B><font color = 'blue'> .</font></B>  -00:00:00
<B><font color = 'blue'> .</font></B>  -00:00:00
<B><font color = 'blue'> .</font></B>  -03:39:47
<B><font color = 'blue'> .</font></B>  -0.00%
<B><font color = 'blue'> .</font></B>  --480:00
<B><font color = 'blue'> .</font></B>  -0.00
<B><font color = 'blue'> .</font></B>  -Virat kohli 
<B><font color = 'blue'> .</font></B>  -rahukbgdxgsf@gmail.com
<B><font color = 'blue'> .</font></B>  -65332
<B><font color = 'blue'> .</font></B>  -2022-11-08
<B><font color = 'blue'> .</font></B>  -Absent
<B><font color = 'blue'> .</font></B>  -Absent
<B><font color = 'blue'> .</font></B>  -undefined
<B><font color = 'blue'> .</font></B>  -Default
<B><font color = 'blue'> .</font></B>  -Default
<B><font color = 'blue'> .</font></B>  -Absent
<B><font color = 'blue'> .</font></B>  -Absent
<B><font color = 'blue'> .</font></B>  -Absent
<B><font color = 'blue'> .</font></B>  -Absent
<B><font color = 'blue'> .</font></B>  -Absent
<B><font color = 'blue'> .</font></B>  -Absent
<B><font color = 'blue'> .</font></B>  -Absent
<B><font color = 'blue'> .</font></B>  -Absent
<B><font color = 'blue'> .</font></B>  -Absent
<B><font color = 'blue'> .</font></B>  -Absent
<B><font color = 'blue'> .</font></B>  -Absent
<B><font color = 'blue'> .</font></B>  -sadas kadkasdj 
<B><font color = 'blue'> .</font></B>  -dsa@eqe
<B><font color = 'blue'> .</font></B>  -emp129666
<B><font color = 'blue'> .</font></B>  -2022-11-08
<B><font color = 'blue'> .</font></B>  -Absent
<B><font color = 'blue'> .</font></B>  -Absent
<B><font color = 'blue'> .</font></B>  -undefined
<B><font color = 'blue'> .</font></B>  -Default
<B><font color = 'blue'> .</font></B>  -Default
<B><font color = 'blue'> .</font></B>  -Absent
<B><font color = 'blue'> .</font></B>  -Absent
<B><font color = 'blue'> .</font></B>  -Absent
<B><font color = 'blue'> .</font></B>  -Absent
<B><font color = 'blue'> .</font></B>  -Absent
<B><font color = 'blue'> .</font></B>  -Absent
<B><font color = 'blue'> .</font></B>  -Absent
<B><font color = 'blue'> .</font></B>  -Absent
<B><font color = 'blue'> .</font></B>  -Absent
<B><font color = 'blue'> .</font></B>  -Absent
<B><font color = 'blue'> .</font></B>  -Absent
<B><font color = 'blue'> .</font></B>  -New Test 
<B><font color = 'blue'> .</font></B>  -newtest@gmail.com
<B><font color = 'blue'> .</font></B>  -ewer334443
<B><font color = 'blue'> .</font></B>  -2022-11-08
<B><font color = 'blue'> .</font></B>  -Absent
<B><font color = 'blue'> .</font></B>  -Absent
<B><font color = 'blue'> .</font></B>  -undefined
<B><font color = 'blue'> .</font></B>  -Default
<B><font color = 'blue'> .</font></B>  -Default
<B><font color = 'blue'> .</font></B>  -Absent
<B><font color = 'blue'> .</font></B>  -Absent
<B><font color = 'blue'> .</font></B>  -Absent
<B><font color = 'blue'> .</font></B>  -Absent
<B><font color = 'blue'> .</font></B>  -Absent
<B><font color = 'blue'> .</font></B>  -Absent
<B><font color = 'blue'> .</font></B>  -Absent
<B><font color = 'blue'> .</font></B>  -Absent
<B><font color = 'blue'> .</font></B>  -Absent
<B><font color = 'blue'> .</font></B>  -Absent
<B><font color = 'blue'> .</font></B>  -Absent
<B><font color = 'blue'> .</font></B>  -dshcdb uidsbf 
<B><font color = 'blue'> .</font></B>  -dvbvdb@yahoo.com
<B><font color = 'blue'> .</font></B>  -435454
<B><font color = 'blue'> .</font></B>  -2022-11-08
<B><font color = 'blue'> .</font></B>  -Absent
<B><font color = 'blue'> .</font></B>  -Absent
<B><font color = 'blue'> .</font></B>  -undefined
<B><font color = 'blue'> .</font></B>  -Default
<B><font color = 'blue'> .</font></B>  -Default
<B><font color = 'blue'> .</font></B>  -Absent
<B><font color = 'blue'> .</font></B>  -Absent
<B><font color = 'blue'> .</font></B>  -Absent
<B><font color = 'blue'> .</font></B>  -Absent
<B><font color = 'blue'> .</font></B>  -Absent
<B><font color = 'blue'> .</font></B>  -Absent
<B><font color = 'blue'> .</font></B>  -Absent
<B><font color = 'blue'> .</font></B>  -Absent
<B><font color = 'blue'> .</font></B>  -Absent
<B><font color = 'blue'> .</font></B>  -Absent
<B><font color = 'blue'> .</font></B>  -Absent
<B><font color = 'blue'> .</font></B>  -try last 
<B><font color = 'blue'> .</font></B>  -try@gmail.com
<B><font color = 'blue'> .</font></B>  -1225455
<B><font color = 'blue'> .</font></B>  -2022-11-08
<B><font color = 'blue'> .</font></B>  -Absent
<B><font color = 'blue'> .</font></B>  -Absent
<B><font color = 'blue'> .</font></B>  -undefined
<B><font color = 'blue'> .</font></B>  -Default
<B><font color = 'blue'> .</font></B>  -Default
<B><font color = 'blue'> .</font></B>  -Absent
<B><font color = 'blue'> .</font></B>  -Absent
<B><font color = 'blue'> .</font></B>  -Absent
<B><font color = 'blue'> .</font></B>  -Absent
<B><font color = 'blue'> .</font></B>  -Absent
<B><font color = 'blue'> .</font></B>  -Absent
<B><font color = 'blue'> .</font></B>  -Absent
<B><font color = 'blue'> .</font></B>  -Absent
<B><font color = 'blue'> .</font></B>  -Absent
<B><font color = 'blue'> .</font></B>  -Absent
<B><font color = 'blue'> .</font></B>  -Absent
<B><font color = 'blue'> .</font></B>  -vdjvdb yusvdvbbh 
<B><font color = 'blue'> .</font></B>  -dvhbfdh@gmail.com
<B><font color = 'blue'> .</font></B>  -wq534342
<B><font color = 'blue'> .</font></B>  -2022-11-08
<B><font color = 'blue'> .</font></B>  -Absent
<B><font color = 'blue'> .</font></B>  -Absent
<B><font color = 'blue'> .</font></B>  -undefined
<B><font color = 'blue'> .</font></B>  -Default
<B><font color = 'blue'> .</font></B>  -Default
<B><font color = 'blue'> .</font></B>  -Absent
<B><font color = 'blue'> .</font></B>  -Absent
<B><font color = 'blue'> .</font></B>  -Absent
<B><font color = 'blue'> .</font></B>  -Absent
<B><font color = 'blue'> .</font></B>  -Absent
<B><font color = 'blue'> .</font></B>  -Absent
<B><font color = 'blue'> .</font></B>  -Absent
<B><font color = 'blue'> .</font></B>  -Absent
<B><font color = 'blue'> .</font></B>  -Absent
<B><font color = 'blue'> .</font></B>  -Absent
<B><font color = 'blue'> .</font></B>  -Absent
<B><font color = 'blue'> .</font></B>  -Mail Test user 
<B><font color = 'blue'> .</font></B>  -maintest@user.io
<B><font color = 'blue'> .</font></B>  -GLB-1223888
<B><font color = 'blue'> .</font></B>  -2022-11-08
<B><font color = 'blue'> .</font></B>  -Absent
<B><font color = 'blue'> .</font></B>  -Absent
<B><font color = 'blue'> .</font></B>  -undefined
<B><font color = 'blue'> .</font></B>  -Default
<B><font color = 'blue'> .</font></B>  -Default
<B><font color = 'blue'> .</font></B>  -Absent
<B><font color = 'blue'> .</font></B>  -Absent
<B><font color = 'blue'> .</font></B>  -Absent
<B><font color = 'blue'> .</font></B>  -Absent
<B><font color = 'blue'> .</font></B>  -Absent
<B><font color = 'blue'> .</font></B>  -Absent
<B><font color = 'blue'> .</font></B>  -Absent
<B><font color = 'blue'> .</font></B>  -Absent
<B><font color = 'blue'> .</font></B>  -Absent
<B><font color = 'blue'> .</font></B>  -Absent
<B><font color = 'blue'> .</font></B>  -Absent
<B><font color = 'blue'> .</font></B>  -Update Check 
<B><font color = 'blue'> .</font></B>  -updates@gmail.com
<B><font color = 'blue'> .</font></B>  -emp543
<B><font color = 'blue'> .</font></B>  -2022-11-08
<B><font color = 'blue'> .</font></B>  -Absent
<B><font color = 'blue'> .</font></B>  -Absent
<B><font color = 'blue'> .</font></B>  -undefined
<B><font color = 'blue'> .</font></B>  -Default
<B><font color = 'blue'> .</font></B>  -Default
<B><font color = 'blue'> .</font></B>  -Absent
<B><font color = 'blue'> .</font></B>  -Absent
<B><font color = 'blue'> .</font></B>  -Absent
<B><font color = 'blue'> .</font></B>  -Absent
<B><font color = 'blue'> .</font></B>  -Absent
<B><font color = 'blue'> .</font></B>  -Absent
<B><font color = 'blue'> .</font></B>  -Absent
<B><font color = 'blue'> .</font></B>  -Absent
<B><font color = 'blue'> .</font></B>  -Absent
<B><font color = 'blue'> .</font></B>  -Absent
<B><font color = 'blue'> .</font></B>  -Absent
<B><font color = 'blue'> .</font></B>  -test manager 
<B><font color = 'blue'> .</font></B>  -manageremp@gmail.com
<B><font color = 'blue'> .</font></B>  -glb020
<B><font color = 'blue'> .</font></B>  -2022-11-08
<B><font color = 'blue'> .</font></B>  -Absent
<B><font color = 'blue'> .</font></B>  -Absent
<B><font color = 'blue'> .</font></B>  -undefined
<B><font color = 'blue'> .</font></B>  -Default
<B><font color = 'blue'> .</font></B>  -Default
<B><font color = 'blue'> .</font></B>  -Absent
<B><font color = 'blue'> .</font></B>  -Absent
<B><font color = 'blue'> .</font></B>  -Absent
<B><font color = 'blue'> .</font></B>  -Absent
<B><font color = 'blue'> .</font></B>  -Absent
<B><font color = 'blue'> .</font></B>  -Absent
<B><font color = 'blue'> .</font></B>  -Absent
<B><font color = 'blue'> .</font></B>  -Absent
<B><font color = 'blue'> .</font></B>  -Absent
<B><font color = 'blue'> .</font></B>  -Absent
<B><font color = 'blue'> .</font></B>  -Absent
<B><font color = 'blue'> .</font></B>  -DESKTOP-PJJHB19 - GLB-BLR-002OjUpRD2 
<B><font color = 'blue'> .</font></B>  --
<B><font color = 'blue'> .</font></B>  -GLB-BLR-002OjUpRD2
<B><font color = 'blue'> .</font></B>  -2022-11-08
<B><font color = 'blue'> .</font></B>  -Absent
<B><font color = 'blue'> .</font></B>  -Absent
<B><font color = 'blue'> .</font></B>  -undefined
<B><font color = 'blue'> .</font></B>  -Default
<B><font color = 'blue'> .</font></B>  -Default
<B><font color = 'blue'> .</font></B>  -Absent
<B><font color = 'blue'> .</font></B>  -Absent
<B><font color = 'blue'> .</font></B>  -Absent
<B><font color = 'blue'> .</font></B>  -Absent
<B><font color = 'blue'> .</font></B>  -Absent
<B><font color = 'blue'> .</font></B>  -Absent
<B><font color = 'blue'> .</font></B>  -Absent
<B><font color = 'blue'> .</font></B>  -Absent
<B><font color = 'blue'> .</font></B>  -Absent
<B><font color = 'blue'> .</font></B>  -Absent
<B><font color = 'blue'> .</font></B>  -Absent
<B><font color = 'blue'> .</font></B>  -SS Keystrokes 
<B><font color = 'blue'> .</font></B>  -sskey@gmail.com
<B><font color = 'blue'> .</font></B>  -emp98y
<B><font color = 'blue'> .</font></B>  -2022-11-08
<B><font color = 'blue'> .</font></B>  -Absent
<B><font color = 'blue'> .</font></B>  -Absent
<B><font color = 'blue'> .</font></B>  -undefined
<B><font color = 'blue'> .</font></B>  -Default
<B><font color = 'blue'> .</font></B>  -Default
<B><font color = 'blue'> .</font></B>  -Absent
<B><font color = 'blue'> .</font></B>  -Absent
<B><font color = 'blue'> .</font></B>  -Absent
<B><font color = 'blue'> .</font></B>  -Absent
<B><font color = 'blue'> .</font></B>  -Absent
<B><font color = 'blue'> .</font></B>  -Absent
<B><font color = 'blue'> .</font></B>  -Absent
<B><font color = 'blue'> .</font></B>  -Absent
<B><font color = 'blue'> .</font></B>  -Absent
<B><font color = 'blue'> .</font></B>  -Absent
<B><font color = 'blue'> .</font></B>  -Absent
<B><font color = 'blue'> .</font></B>  -shivammmmmmmmmmmmmmmmmmmm Kumar 
<B><font color = 'blue'> .</font></B>  -kgfyash545@gmail.com
<B><font color = 'blue'> .</font></B>  -hsakhdjk414
<B><font color = 'blue'> .</font></B>  -2022-11-08
<B><font color = 'blue'> .</font></B>  -Absent
<B><font color = 'blue'> .</font></B>  -Absent
<B><font color = 'blue'> .</font></B>  -undefined
<B><font color = 'blue'> .</font></B>  -Default
<B><font color = 'blue'> .</font></B>  -Default
<B><font color = 'blue'> .</font></B>  -Absent
<B><font color = 'blue'> .</font></B>  -Absent
<B><font color = 'blue'> .</font></B>  -Absent
<B><font color = 'blue'> .</font></B>  -Absent
<B><font color = 'blue'> .</font></B>  -Absent
<B><font color = 'blue'> .</font></B>  -Absent
<B><font color = 'blue'> .</font></B>  -Absent
<B><font color = 'blue'> .</font></B>  -Absent
<B><font color = 'blue'> .</font></B>  -Absent
<B><font color = 'blue'> .</font></B>  -Absent
<B><font color = 'blue'> .</font></B>  -Absent
<B><font color = 'blue'> .</font></B>  -Abhishek Four tf test 
<B><font color = 'blue'> .</font></B>  -abhishekfourtf@mail.com
<B><font color = 'blue'> .</font></B>  -HLIKSJ98
<B><font color = 'blue'> .</font></B>  -2022-11-08
<B><font color = 'blue'> .</font></B>  -Absent
<B><font color = 'blue'> .</font></B>  -Absent
<B><font color = 'blue'> .</font></B>  -undefined
<B><font color = 'blue'> .</font></B>  -Default
<B><font color = 'blue'> .</font></B>  -Default
<B><font color = 'blue'> .</font></B>  -Absent
<B><font color = 'blue'> .</font></B>  -Absent
<B><font color = 'blue'> .</font></B>  -Absent
<B><font color = 'blue'> .</font></B>  -Absent
<B><font color = 'blue'> .</font></B>  -Absent
<B><font color = 'blue'> .</font></B>  -Absent
<B><font color = 'blue'> .</font></B>  -Absent
<B><font color = 'blue'> .</font></B>  -Absent
<B><font color = 'blue'> .</font></B>  -Absent
<B><font color = 'blue'> .</font></B>  -Absent
<B><font color = 'blue'> .</font></B>  -Absent
<B><font color = 'blue'> .</font></B>  -new dev user 
<B><font color = 'blue'> .</font></B>  -new@dev.user
<B><font color = 'blue'> .</font></B>  -fdfsfsd
<B><font color = 'blue'> .</font></B>  -2022-11-08
<B><font color = 'blue'> .</font></B>  -Absent
<B><font color = 'blue'> .</font></B>  -Absent
<B><font color = 'blue'> .</font></B>  -undefined
<B><font color = 'blue'> .</font></B>  -Default
<B><font color = 'blue'> .</font></B>  -Default
<B><font color = 'blue'> .</font></B>  -Absent
<B><font color = 'blue'> .</font></B>  -Absent
<B><font color = 'blue'> .</font></B>  -Absent
<B><font color = 'blue'> .</font></B>  -Absent
<B><font color = 'blue'> .</font></B>  -Absent
<B><font color = 'blue'> .</font></B>  -Absent
<B><font color = 'blue'> .</font></B>  -Absent
<B><font color = 'blue'> .</font></B>  -Absent
<B><font color = 'blue'> .</font></B>  -Absent
<B><font color = 'blue'> .</font></B>  -Absent
<B><font color = 'blue'> .</font></B>  -Absent
<B><font color = 'blue'> .</font></B>  -aaaaaaaaaa aaaaaaaaa 
<B><font color = 'blue'> .</font></B>  -mmmm@gmail.com
<B><font color = 'blue'> .</font></B>  -80765s
<B><font color = 'blue'> .</font></B>  -2022-11-08
<B><font color = 'blue'> .</font></B>  -Absent
<B><font color = 'blue'> .</font></B>  -Absent
<B><font color = 'blue'> .</font></B>  -undefined
<B><font color = 'blue'> .</font></B>  -Bangalore
<B><font color = 'blue'> .</font></B>  -Testing
<B><font color = 'blue'> .</font></B>  -Absent
<B><font color = 'blue'> .</font></B>  -Absent
<B><font color = 'blue'> .</font></B>  -Absent
<B><font color = 'blue'> .</font></B>  -Absent
<B><font color = 'blue'> .</font></B>  -Absent
<B><font color = 'blue'> .</font></B>  -Absent
<B><font color = 'blue'> .</font></B>  -Absent
<B><font color = 'blue'> .</font></B>  -Absent
<B><font color = 'blue'> .</font></B>  -Absent
<B><font color = 'blue'> .</font></B>  -Absent
<B><font color = 'blue'> .</font></B>  -Absent
<B><font color = 'blue'> .</font></B>  -sumesh test 
<B><font color = 'blue'> .</font></B>  -sumesh@mail.com
<B><font color = 'blue'> .</font></B>  -fdgfdgf
<B><font color = 'blue'> .</font></B>  -2022-11-08
<B><font color = 'blue'> .</font></B>  -Absent
<B><font color = 'blue'> .</font></B>  -Absent
<B><font color = 'blue'> .</font></B>  -undefined
<B><font color = 'blue'> .</font></B>  -Bangalore
<B><font color = 'blue'> .</font></B>  -Testing
<B><font color = 'blue'> .</font></B>  -Absent
<B><font color = 'blue'> .</font></B>  -Absent
<B><font color = 'blue'> .</font></B>  -Absent
<B><font color = 'blue'> .</font></B>  -Absent
<B><font color = 'blue'> .</font></B>  -Absent
<B><font color = 'blue'> .</font></B>  -Absent
<B><font color = 'blue'> .</font></B>  -Absent
<B><font color = 'blue'> .</font></B>  -Absent
<B><font color = 'blue'> .</font></B>  -Absent
<B><font color = 'blue'> .</font></B>  -Absent
<B><font color = 'blue'> .</font></B>  -Absent
<B><font color = 'blue'> .</font></B>  -Test msc 
<B><font color = 'blue'> .</font></B>  -test123@gmail.com
<B><font color = 'blue'> .</font></B>  -12254
<B><font color = 'blue'> .</font></B>  -2022-11-08
<B><font color = 'blue'> .</font></B>  -Absent
<B><font color = 'blue'> .</font></B>  -Absent
<B><font color = 'blue'> .</font></B>  -undefined
<B><font color = 'blue'> .</font></B>  -Bangalore
<B><font color = 'blue'> .</font></B>  -Testing
<B><font color = 'blue'> .</font></B>  -Absent
<B><font color = 'blue'> .</font></B>  -Absent
<B><font color = 'blue'> .</font></B>  -Absent
<B><font color = 'blue'> .</font></B>  -Absent
<B><font color = 'blue'> .</font></B>  -Absent
<B><font color = 'blue'> .</font></B>  -Absent
<B><font color = 'blue'> .</font></B>  -Absent
<B><font color = 'blue'> .</font></B>  -Absent
<B><font color = 'blue'> .</font></B>  -Absent
<B><font color = 'blue'> .</font></B>  -Absent
<B><font color = 'blue'> .</font></B>  -Absent
<B><font color = 'blue'> .</font></B>  -deffdfds vscsc 
<B><font color = 'blue'> .</font></B>  -cscsdw123@gmail.com
<B><font color = 'blue'> .</font></B>  -1234512
<B><font color = 'blue'> .</font></B>  -2022-11-08
<B><font color = 'blue'> .</font></B>  -Absent
<B><font color = 'blue'> .</font></B>  -Absent
<B><font color = 'blue'> .</font></B>  -undefined
<B><font color = 'blue'> .</font></B>  -Bangalore
<B><font color = 'blue'> .</font></B>  -Testing
<B><font color = 'blue'> .</font></B>  -Absent
<B><font color = 'blue'> .</font></B>  -Absent
<B><font color = 'blue'> .</font></B>  -Absent
<B><font color = 'blue'> .</font></B>  -Absent
<B><font color = 'blue'> .</font></B>  -Absent
<B><font color = 'blue'> .</font></B>  -Absent
<B><font color = 'blue'> .</font></B>  -Absent
<B><font color = 'blue'> .</font></B>  -Absent
<B><font color = 'blue'> .</font></B>  -Absent
<B><font color = 'blue'> .</font></B>  -Absent
<B><font color = 'blue'> .</font></B>  -Absent
<B><font color = 'blue'> .</font></B>  -test testtt 
<B><font color = 'blue'> .</font></B>  -abcd@gmail.com
<B><font color = 'blue'> .</font></B>  -GLB55
<B><font color = 'blue'> .</font></B>  -2022-11-08
<B><font color = 'blue'> .</font></B>  -Absent
<B><font color = 'blue'> .</font></B>  -Absent
<B><font color = 'blue'> .</font></B>  -undefined
<B><font color = 'blue'> .</font></B>  -Bangalore
<B><font color = 'blue'> .</font></B>  -Testing
<B><font color = 'blue'> .</font></B>  -Absent
<B><font color = 'blue'> .</font></B>  -Absent
<B><font color = 'blue'> .</font></B>  -Absent
<B><font color = 'blue'> .</font></B>  -Absent
<B><font color = 'blue'> .</font></B>  -Absent
<B><font color = 'blue'> .</font></B>  -Absent
<B><font color = 'blue'> .</font></B>  -Absent
<B><font color = 'blue'> .</font></B>  -Absent
<B><font color = 'blue'> .</font></B>  -Absent
<B><font color = 'blue'> .</font></B>  -Absent
<B><font color = 'blue'> .</font></B>  -Absent
<B><font color = 'blue'> .</font></B>  -Abhishe tt 
<B><font color = 'blue'> .</font></B>  -ab@ab.com
<B><font color = 'blue'> .</font></B>  -GKD567
<B><font color = 'blue'> .</font></B>  -2022-11-08
<B><font color = 'blue'> .</font></B>  -Absent
<B><font color = 'blue'> .</font></B>  -Absent
<B><font color = 'blue'> .</font></B>  -undefined
<B><font color = 'blue'> .</font></B>  -Bangalore
<B><font color = 'blue'> .</font></B>  -Testing
<B><font color = 'blue'> .</font></B>  -Absent
<B><font color = 'blue'> .</font></B>  -Absent
<B><font color = 'blue'> .</font></B>  -Absent
<B><font color = 'blue'> .</font></B>  -Absent
<B><font color = 'blue'> .</font></B>  -Absent
<B><font color = 'blue'> .</font></B>  -Absent
<B><font color = 'blue'> .</font></B>  -Absent
<B><font color = 'blue'> .</font></B>  -Absent
<B><font color = 'blue'> .</font></B>  -Absent
<B><font color = 'blue'> .</font></B>  -Absent
<B><font color = 'blue'> .</font></B>  -Absent
<B><font color = 'blue'> .</font></B>  -test nonadmin 
<B><font color = 'blue'> .</font></B>  -testnonadmin@gmail.com
<B><font color = 'blue'> .</font></B>  -GLB026
<B><font color = 'blue'> .</font></B>  -2022-11-08
<B><font color = 'blue'> .</font></B>  -Absent
<B><font color = 'blue'> .</font></B>  -Absent
<B><font color = 'blue'> .</font></B>  -undefined
<B><font color = 'blue'> .</font></B>  -Bangalore
<B><font color = 'blue'> .</font></B>  -Php
<B><font color = 'blue'> .</font></B>  -Absent
<B><font color = 'blue'> .</font></B>  -Absent
<B><font color = 'blue'> .</font></B>  -Absent
<B><font color = 'blue'> .</font></B>  -Absent
<B><font color = 'blue'> .</font></B>  -Absent
<B><font color = 'blue'> .</font></B>  -Absent
<B><font color = 'blue'> .</font></B>  -Absent
<B><font color = 'blue'> .</font></B>  -Absent
<B><font color = 'blue'> .</font></B>  -Absent
<B><font color = 'blue'> .</font></B>  -Absent
<B><font color = 'blue'> .</font></B>  -Absent
<B><font color = 'blue'> .</font></B>  -adg ckj 
<B><font color = 'blue'> .</font></B>  -adcs@1234
<B><font color = 'blue'> .</font></B>  -583
<B><font color = 'blue'> .</font></B>  -2022-11-08
<B><font color = 'blue'> .</font></B>  -Absent
<B><font color = 'blue'> .</font></B>  -Absent
<B><font color = 'blue'> .</font></B>  -undefined
<B><font color = 'blue'> .</font></B>  -Bangalore
<B><font color = 'blue'> .</font></B>  -Testing
<B><font color = 'blue'> .</font></B>  -Absent
<B><font color = 'blue'> .</font></B>  -Absent
<B><font color = 'blue'> .</font></B>  -Absent
<B><font color = 'blue'> .</font></B>  -Absent
<B><font color = 'blue'> .</font></B>  -Absent
<B><font color = 'blue'> .</font></B>  -Absent
<B><font color = 'blue'> .</font></B>  -Absent
<B><font color = 'blue'> .</font></B>  -Absent
<B><font color = 'blue'> .</font></B>  -Absent
<B><font color = 'blue'> .</font></B>  -Absent
<B><font color = 'blue'> .</font></B>  -Absent
<B><font color = 'blue'> .</font></B>  -dominic toretto 
<B><font color = 'blue'> .</font></B>  -dom.toretto737@gmail.com
<B><font color = 'blue'> .</font></B>  -EMP011
<B><font color = 'blue'> .</font></B>  -2022-11-08
<B><font color = 'blue'> .</font></B>  -Absent
<B><font color = 'blue'> .</font></B>  -Absent
<B><font color = 'blue'> .</font></B>  -undefined
<B><font color = 'blue'> .</font></B>  -Bangalore
<B><font color = 'blue'> .</font></B>  -Testing
<B><font color = 'blue'> .</font></B>  -Absent
<B><font color = 'blue'> .</font></B>  -Absent
<B><font color = 'blue'> .</font></B>  -Absent
<B><font color = 'blue'> .</font></B>  -Absent
<B><font color = 'blue'> .</font></B>  -Absent
<B><font color = 'blue'> .</font></B>  -Absent
<B><font color = 'blue'> .</font></B>  -Absent
<B><font color = 'blue'> .</font></B>  -Absent
<B><font color = 'blue'> .</font></B>  -Absent
<B><font color = 'blue'> .</font></B>  -Absent
<B><font color = 'blue'> .</font></B>  -Absent
<B><font color = 'blue'> .</font></B>  -Abhishek Test 
<B><font color = 'blue'> .</font></B>  -abhishektrest@glb.in
<B><font color = 'blue'> .</font></B>  -rN7tvEiDPGNi4fD
<B><font color = 'blue'> .</font></B>  -2022-11-08
<B><font color = 'blue'> .</font></B>  -Absent
<B><font color = 'blue'> .</font></B>  -Absent
<B><font color = 'blue'> .</font></B>  -undefined
<B><font color = 'blue'> .</font></B>  -Bangalore
<B><font color = 'blue'> .</font></B>  -Php
<B><font color = 'blue'> .</font></B>  -Absent
<B><font color = 'blue'> .</font></B>  -Absent
<B><font color = 'blue'> .</font></B>  -Absent
<B><font color = 'blue'> .</font></B>  -Absent
<B><font color = 'blue'> .</font></B>  -Absent
<B><font color = 'blue'> .</font></B>  -Absent
<B><font color = 'blue'> .</font></B>  -Absent
<B><font color = 'blue'> .</font></B>  -Absent
<B><font color = 'blue'> .</font></B>  -Absent
<B><font color = 'blue'> .</font></B>  -Absent
<B><font color = 'blue'> .</font></B>  -Absent
<B><font color = 'blue'> .</font></B>  -Superior Test one 
<B><font color = 'blue'> .</font></B>  -superiorone@gmail.com
<B><font color = 'blue'> .</font></B>  -twoqw
<B><font color = 'blue'> .</font></B>  -2022-11-08
<B><font color = 'blue'> .</font></B>  -Absent
<B><font color = 'blue'> .</font></B>  -Absent
<B><font color = 'blue'> .</font></B>  -undefined
<B><font color = 'blue'> .</font></B>  -Bangalore
<B><font color = 'blue'> .</font></B>  -Testing
<B><font color = 'blue'> .</font></B>  -Absent
<B><font color = 'blue'> .</font></B>  -Absent
<B><font color = 'blue'> .</font></B>  -Absent
<B><font color = 'blue'> .</font></B>  -Absent
<B><font color = 'blue'> .</font></B>  -Absent
<B><font color = 'blue'> .</font></B>  -Absent
<B><font color = 'blue'> .</font></B>  -Absent
<B><font color = 'blue'> .</font></B>  -Absent
<B><font color = 'blue'> .</font></B>  -Absent
<B><font color = 'blue'> .</font></B>  -Absent
<B><font color = 'blue'> .</font></B>  -Absent
<B><font color = 'blue'> .</font></B>  -test testw 
<B><font color = 'blue'> .</font></B>  -test@mac.in
<B><font color = 'blue'> .</font></B>  -aaf123
<B><font color = 'blue'> .</font></B>  -2022-11-08
<B><font color = 'blue'> .</font></B>  -Absent
<B><font color = 'blue'> .</font></B>  -Absent
<B><font color = 'blue'> .</font></B>  -undefined
<B><font color = 'blue'> .</font></B>  -Bangalore
<B><font color = 'blue'> .</font></B>  -Php
<B><font color = 'blue'> .</font></B>  -Absent
<B><font color = 'blue'> .</font></B>  -Absent
<B><font color = 'blue'> .</font></B>  -Absent
<B><font color = 'blue'> .</font></B>  -Absent
<B><font color = 'blue'> .</font></B>  -Absent
<B><font color = 'blue'> .</font></B>  -Absent
<B><font color = 'blue'> .</font></B>  -Absent
<B><font color = 'blue'> .</font></B>  -Absent
<B><font color = 'blue'> .</font></B>  -Absent
<B><font color = 'blue'> .</font></B>  -Absent
<B><font color = 'blue'> .</font></B>  -Absent
<B><font color = 'blue'> .</font></B>  -sam eer 
<B><font color = 'blue'> .</font></B>  -sam@rf.in
<B><font color = 'blue'> .</font></B>  -WSAERT2Q34E
<B><font color = 'blue'> .</font></B>  -2022-11-08
<B><font color = 'blue'> .</font></B>  -Absent
<B><font color = 'blue'> .</font></B>  -Absent
<B><font color = 'blue'> .</font></B>  -undefined
<B><font color = 'blue'> .</font></B>  -Bangalore
<B><font color = 'blue'> .</font></B>  -Testing
<B><font color = 'blue'> .</font></B>  -Absent
<B><font color = 'blue'> .</font></B>  -Absent
<B><font color = 'blue'> .</font></B>  -Absent
<B><font color = 'blue'> .</font></B>  -Absent
<B><font color = 'blue'> .</font></B>  -Absent
<B><font color = 'blue'> .</font></B>  -Absent
<B><font color = 'blue'> .</font></B>  -Absent
<B><font color = 'blue'> .</font></B>  -Absent
<B><font color = 'blue'> .</font></B>  -Absent
<B><font color = 'blue'> .</font></B>  -Absent
<B><font color = 'blue'> .</font></B>  -Absent
<B><font color = 'blue'> .</font></B>  -Test test 
<B><font color = 'blue'> .</font></B>  -sarikajain@gmail.com
<B><font color = 'blue'> .</font></B>  -E-101
<B><font color = 'blue'> .</font></B>  -2022-11-08
<B><font color = 'blue'> .</font></B>  -Absent
<B><font color = 'blue'> .</font></B>  -Absent
<B><font color = 'blue'> .</font></B>  -undefined
<B><font color = 'blue'> .</font></B>  -Bangalore
<B><font color = 'blue'> .</font></B>  -Testing
<B><font color = 'blue'> .</font></B>  -Absent
<B><font color = 'blue'> .</font></B>  -Absent
<B><font color = 'blue'> .</font></B>  -Absent
<B><font color = 'blue'> .</font></B>  -Absent
<B><font color = 'blue'> .</font></B>  -Absent
<B><font color = 'blue'> .</font></B>  -Absent
<B><font color = 'blue'> .</font></B>  -Absent
<B><font color = 'blue'> .</font></B>  -Absent
<B><font color = 'blue'> .</font></B>  -Absent
<B><font color = 'blue'> .</font></B>  -Absent
<B><font color = 'blue'> .</font></B>  -Absent
<B><font color = 'blue'> .</font></B>  -sithu kalluru 
<B><font color = 'blue'> .</font></B>  -sitaramireddy@globussoft.in
<B><font color = 'blue'> .</font></B>  -code12
<B><font color = 'blue'> .</font></B>  -2022-11-08
<B><font color = 'blue'> .</font></B>  -Absent
<B><font color = 'blue'> .</font></B>  -Absent
<B><font color = 'blue'> .</font></B>  -undefined
<B><font color = 'blue'> .</font></B>  -Bangalore
<B><font color = 'blue'> .</font></B>  -Testing
<B><font color = 'blue'> .</font></B>  -Absent
<B><font color = 'blue'> .</font></B>  -Absent
<B><font color = 'blue'> .</font></B>  -Absent
<B><font color = 'blue'> .</font></B>  -Absent
<B><font color = 'blue'> .</font></B>  -Absent
<B><font color = 'blue'> .</font></B>  -Absent
<B><font color = 'blue'> .</font></B>  -Absent
<B><font color = 'blue'> .</font></B>  -Absent
<B><font color = 'blue'> .</font></B>  -Absent
<B><font color = 'blue'> .</font></B>  -Absent
<B><font color = 'blue'> .</font></B>  -Absent
<B><font color = 'blue'> .</font></B>  -testing test 
<B><font color = 'blue'> .</font></B>  -aarshajoyson1601@gmail.com
<B><font color = 'blue'> .</font></B>  -glb0008
<B><font color = 'blue'> .</font></B>  -2022-11-08
<B><font color = 'blue'> .</font></B>  -Absent
<B><font color = 'blue'> .</font></B>  -Absent
<B><font color = 'blue'> .</font></B>  -undefined
<B><font color = 'blue'> .</font></B>  -Bangalore
<B><font color = 'blue'> .</font></B>  -Php
<B><font color = 'blue'> .</font></B>  -Absent
<B><font color = 'blue'> .</font></B>  -Absent
<B><font color = 'blue'> .</font></B>  -Absent
<B><font color = 'blue'> .</font></B>  -Absent
<B><font color = 'blue'> .</font></B>  -Absent
<B><font color = 'blue'> .</font></B>  -Absent
<B><font color = 'blue'> .</font></B>  -Absent
<B><font color = 'blue'> .</font></B>  -Absent
<B><font color = 'blue'> .</font></B>  -Absent
<B><font color = 'blue'> .</font></B>  -Absent
<B><font color = 'blue'> .</font></B>  -Absent
<B><font color = 'blue'> .</font></B>  -Automation CodeeeAuto 
<B><font color = 'blue'> .</font></B>  -skabcdef7@gmail.com
<B><font color = 'blue'> .</font></B>  -Emp-Abzcde-1234522
<B><font color = 'blue'> .</font></B>  -2022-11-08
<B><font color = 'blue'> .</font></B>  -Absent
<B><font color = 'blue'> .</font></B>  -Absent
<B><font color = 'blue'> .</font></B>  -undefined
<B><font color = 'blue'> .</font></B>  -Bangalore
<B><font color = 'blue'> .</font></B>  -Testing
<B><font color = 'blue'> .</font></B>  -Absent
<B><font color = 'blue'> .</font></B>  -Absent
<B><font color = 'blue'> .</font></B>  -Absent
<B><font color = 'blue'> .</font></B>  -Absent
<B><font color = 'blue'> .</font></B>  -Absent
<B><font color = 'blue'> .</font></B>  -Absent
<B><font color = 'blue'> .</font></B>  -Absent
<B><font color = 'blue'> .</font></B>  -Absent
<B><font color = 'blue'> .</font></B>  -Absent
<B><font color = 'blue'> .</font></B>  -Absent
<B><font color = 'blue'> .</font></B>  -Absent
<B><font color = 'blue'> .</font></B>  -piyush dfgsfg 
<B><font color = 'blue'> .</font></B>  -jos@gmail.com
<B><font color = 'blue'> .</font></B>  -sdgff
<B><font color = 'blue'> .</font></B>  -2022-11-08
<B><font color = 'blue'> .</font></B>  -Absent
<B><font color = 'blue'> .</font></B>  -Absent
<B><font color = 'blue'> .</font></B>  -undefined
<B><font color = 'blue'> .</font></B>  -Bangalore
<B><font color = 'blue'> .</font></B>  -Testing
<B><font color = 'blue'> .</font></B>  -Absent
<B><font color = 'blue'> .</font></B>  -Absent
<B><font color = 'blue'> .</font></B>  -Absent
<B><font color = 'blue'> .</font></B>  -Absent
<B><font color = 'blue'> .</font></B>  -Absent
<B><font color = 'blue'> .</font></B>  -Absent
<B><font color = 'blue'> .</font></B>  -Absent
<B><font color = 'blue'> .</font></B>  -Absent
<B><font color = 'blue'> .</font></B>  -Absent
<B><font color = 'blue'> .</font></B>  -Absent
<B><font color = 'blue'> .</font></B>  -Absent
<B><font color = 'blue'> .</font></B>  -Aryan raj 
<B><font color = 'blue'> .</font></B>  -alex@gmail.com
<B><font color = 'blue'> .</font></B>  -126
<B><font color = 'blue'> .</font></B>  -2022-11-08
<B><font color = 'blue'> .</font></B>  -Absent
<B><font color = 'blue'> .</font></B>  -Absent
<B><font color = 'blue'> .</font></B>  -undefined
<B><font color = 'blue'> .</font></B>  -Bangalore
<B><font color = 'blue'> .</font></B>  -Testing
<B><font color = 'blue'> .</font></B>  -Absent
<B><font color = 'blue'> .</font></B>  -Absent
<B><font color = 'blue'> .</font></B>  -Absent
<B><font color = 'blue'> .</font></B>  -Absent
<B><font color = 'blue'> .</font></B>  -Absent
<B><font color = 'blue'> .</font></B>  -Absent
<B><font color = 'blue'> .</font></B>  -Absent
<B><font color = 'blue'> .</font></B>  -Absent
<B><font color = 'blue'> .</font></B>  -Absent
<B><font color = 'blue'> .</font></B>  -Absent
<B><font color = 'blue'> .</font></B>  -Absent
<B><font color = 'blue'> .</font></B>  -Automation CodeeeAuto 
<B><font color = 'blue'> .</font></B>  -skabcdef38@gmail.com
<B><font color = 'blue'> .</font></B>  -Emp-Abzcde-123457
<B><font color = 'blue'> .</font></B>  -2022-11-08
<B><font color = 'blue'> .</font></B>  -Absent
<B><font color = 'blue'> .</font></B>  -Absent
<B><font color = 'blue'> .</font></B>  -undefined
<B><font color = 'blue'> .</font></B>  -Bangalore
<B><font color = 'blue'> .</font></B>  -Testing
<B><font color = 'blue'> .</font></B>  -Absent
<B><font color = 'blue'> .</font></B>  -Absent
<B><font color = 'blue'> .</font></B>  -Absent
<B><font color = 'blue'> .</font></B>  -Absent
<B><font color = 'blue'> .</font></B>  -Absent
<B><font color = 'blue'> .</font></B>  -Absent
<B><font color = 'blue'> .</font></B>  -Absent
<B><font color = 'blue'> .</font></B>  -Absent
<B><font color = 'blue'> .</font></B>  -Absent
<B><font color = 'blue'> .</font></B>  -Absent
<B><font color = 'blue'> .</font></B>  -Absent
<B><font color = 'blue'> .</font></B>  -Automation CodeeeAuto 
<B><font color = 'blue'> .</font></B>  -skabcdef33@gmail.com
<B><font color = 'blue'> .</font></B>  -Emp-Abzcde-1234557
<B><font color = 'blue'> .</font></B>  -2022-11-08
<B><font color = 'blue'> .</font></B>  -Absent
<B><font color = 'blue'> .</font></B>  -Absent
<B><font color = 'blue'> .</font></B>  -undefined
<B><font color = 'blue'> .</font></B>  -Bangalore
<B><font color = 'blue'> .</font></B>  -Testing
<B><font color = 'blue'> .</font></B>  -Absent
<B><font color = 'blue'> .</font></B>  -Absent
<B><font color = 'blue'> .</font></B>  -Absent
<B><font color = 'blue'> .</font></B>  -Absent
<B><font color = 'blue'> .</font></B>  -Absent
<B><font color = 'blue'> .</font></B>  -Absent
<B><font color = 'blue'> .</font></B>  -Absent
<B><font color = 'blue'> .</font></B>  -Absent
<B><font color = 'blue'> .</font></B>  -Absent
<B><font color = 'blue'> .</font></B>  -Absent
<B><font color = 'blue'> .</font></B>  -Absent
<B><font color = 'blue'> .</font></B>  -R o       hit Sharma 
<B><font color = 'blue'> .</font></B>  -rahulrajt5613928@gmail.com
<B><font color = 'blue'> .</font></B>  -67645
<B><font color = 'blue'> .</font></B>  -2022-11-08
<B><font color = 'blue'> .</font></B>  -Absent
<B><font color = 'blue'> .</font></B>  -Absent
<B><font color = 'blue'> .</font></B>  -undefined
<B><font color = 'blue'> .</font></B>  -bengaluru
<B><font color = 'blue'> .</font></B>  -Testing
<B><font color = 'blue'> .</font></B>  -Absent
<B><font color = 'blue'> .</font></B>  -Absent
<B><font color = 'blue'> .</font></B>  -Absent
<B><font color = 'blue'> .</font></B>  -Absent
<B><font color = 'blue'> .</font></B>  -Absent
<B><font color = 'blue'> .</font></B>  -Absent
<B><font color = 'blue'> .</font></B>  -Absent
<B><font color = 'blue'> .</font></B>  -Absent
<B><font color = 'blue'> .</font></B>  -Absent
<B><font color = 'blue'> .</font></B>  -Absent
<B><font color = 'blue'> .</font></B>  -Absent
<B><font color = 'blue'> .</font></B>  -ni test 
<B><font color = 'blue'> .</font></B>  -nitest12@gmail.com
<B><font color = 'blue'> .</font></B>  -GLB678
<B><font color = 'blue'> .</font></B>  -2022-11-08
<B><font color = 'blue'> .</font></B>  -Absent
<B><font color = 'blue'> .</font></B>  -Absent
<B><font color = 'blue'> .</font></B>  -undefined
<B><font color = 'blue'> .</font></B>  -bengaluru
<B><font color = 'blue'> .</font></B>  -Testing
<B><font color = 'blue'> .</font></B>  -Absent
<B><font color = 'blue'> .</font></B>  -Absent
<B><font color = 'blue'> .</font></B>  -Absent
<B><font color = 'blue'> .</font></B>  -Absent
<B><font color = 'blue'> .</font></B>  -Absent
<B><font color = 'blue'> .</font></B>  -Absent
<B><font color = 'blue'> .</font></B>  -Absent
<B><font color = 'blue'> .</font></B>  -Absent
<B><font color = 'blue'> .</font></B>  -Absent
<B><font color = 'blue'> .</font></B>  -Absent
<B><font color = 'blue'> .</font></B>  -Absent
<B><font color = 'blue'> .</font></B>  -one test 
<B><font color = 'blue'> .</font></B>  -testone1234@gmail.com
<B><font color = 'blue'> .</font></B>  -0110
<B><font color = 'blue'> .</font></B>  -2022-11-08
<B><font color = 'blue'> .</font></B>  -Absent
<B><font color = 'blue'> .</font></B>  -Absent
<B><font color = 'blue'> .</font></B>  -undefined
<B><font color = 'blue'> .</font></B>  -bengaluru
<B><font color = 'blue'> .</font></B>  -Testing
<B><font color = 'blue'> .</font></B>  -Absent
<B><font color = 'blue'> .</font></B>  -Absent
<B><font color = 'blue'> .</font></B>  -Absent
<B><font color = 'blue'> .</font></B>  -Absent
<B><font color = 'blue'> .</font></B>  -Absent
<B><font color = 'blue'> .</font></B>  -Absent
<B><font color = 'blue'> .</font></B>  -Absent
<B><font color = 'blue'> .</font></B>  -Absent
<B><font color = 'blue'> .</font></B>  -Absent
<B><font color = 'blue'> .</font></B>  -Absent
<B><font color = 'blue'> .</font></B>  -Absent
<B><font color = 'blue'> .</font></B>  -GLB-BLR-010-PC - GLB-BLR-010 
<B><font color = 'blue'> .</font></B>  -abcd@yuksdgus
<B><font color = 'blue'> .</font></B>  -GLB-BLR-010
<B><font color = 'blue'> .</font></B>  -2022-11-08
<B><font color = 'blue'> .</font></B>  -Absent
<B><font color = 'blue'> .</font></B>  -Absent
<B><font color = 'blue'> .</font></B>  -undefined
<B><font color = 'blue'> .</font></B>  -bengaluru
<B><font color = 'blue'> .</font></B>  -Testing
<B><font color = 'blue'> .</font></B>  -Absent
<B><font color = 'blue'> .</font></B>  -Absent
<B><font color = 'blue'> .</font></B>  -Absent
<B><font color = 'blue'> .</font></B>  -Absent
<B><font color = 'blue'> .</font></B>  -Absent
<B><font color = 'blue'> .</font></B>  -Absent
<B><font color = 'blue'> .</font></B>  -Absent
<B><font color = 'blue'> .</font></B>  -Absent
<B><font color = 'blue'> .</font></B>  -Absent
<B><font color = 'blue'> .</font></B>  -Absent
<B><font color = 'blue'> .</font></B>  -Absent
<B><font color = 'blue'> .</font></B>  -surya kk 
<B><font color = 'blue'> .</font></B>  -123@gmail.com
<B><font color = 'blue'> .</font></B>  -mmmmm
<B><font color = 'blue'> .</font></B>  -2022-11-08
<B><font color = 'blue'> .</font></B>  -Absent
<B><font color = 'blue'> .</font></B>  -Absent
<B><font color = 'blue'> .</font></B>  -undefined
<B><font color = 'blue'> .</font></B>  -Tamilnadu
<B><font color = 'blue'> .</font></B>  -Test and Dev
<B><font color = 'blue'> .</font></B>  -Absent
<B><font color = 'blue'> .</font></B>  -Absent
<B><font color = 'blue'> .</font></B>  -Absent
<B><font color = 'blue'> .</font></B>  -Absent
<B><font color = 'blue'> .</font></B>  -Absent
<B><font color = 'blue'> .</font></B>  -Absent
<B><font color = 'blue'> .</font></B>  -Absent
<B><font color = 'blue'> .</font></B>  -Absent
<B><font color = 'blue'> .</font></B>  -Absent
<B><font color = 'blue'> .</font></B>  -Absent
<B><font color = 'blue'> .</font></B>  -Absent
<B><font color = 'blue'> .</font></B>  -sai kk 
<B><font color = 'blue'> .</font></B>  -saikk19876@gmail.com
<B><font color = 'blue'> .</font></B>  -20221019
<B><font color = 'blue'> .</font></B>  -2022-11-08
<B><font color = 'blue'> .</font></B>  -Absent
<B><font color = 'blue'> .</font></B>  -Absent
<B><font color = 'blue'> .</font></B>  -undefined
<B><font color = 'blue'> .</font></B>  -Tamilnadu
<B><font color = 'blue'> .</font></B>  -Test and Dev
<B><font color = 'blue'> .</font></B>  -Absent
<B><font color = 'blue'> .</font></B>  -Absent
<B><font color = 'blue'> .</font></B>  -Absent
<B><font color = 'blue'> .</font></B>  -Absent
<B><font color = 'blue'> .</font></B>  -Absent
<B><font color = 'blue'> .</font></B>  -Absent
<B><font color = 'blue'> .</font></B>  -Absent
<B><font color = 'blue'> .</font></B>  -Absent
<B><font color = 'blue'> .</font></B>  -Absent
<B><font color = 'blue'> .</font></B>  -Absent
<B><font color = 'blue'> .</font></B>  -Absent
<B><font color = 'blue'> .</font></B>  -ajeethemp test 
<B><font color = 'blue'> .</font></B>  -ajeethemp@gmail.com
<B><font color = 'blue'> .</font></B>  -A01
<B><font color = 'blue'> .</font></B>  -2022-11-08
<B><font color = 'blue'> .</font></B>  -Absent
<B><font color = 'blue'> .</font></B>  -Absent
<B><font color = 'blue'> .</font></B>  -undefined
<B><font color = 'blue'> .</font></B>  -Tamilnadu
<B><font color = 'blue'> .</font></B>  -Test and Dev
<B><font color = 'blue'> .</font></B>  -Absent
<B><font color = 'blue'> .</font></B>  -Absent
<B><font color = 'blue'> .</font></B>  -Absent
<B><font color = 'blue'> .</font></B>  -Absent
<B><font color = 'blue'> .</font></B>  -Absent
<B><font color = 'blue'> .</font></B>  -Absent
<B><font color = 'blue'> .</font></B>  -Absent
<B><font color = 'blue'> .</font></B>  -Absent
<B><font color = 'blue'> .</font></B>  -Absent
<B><font color = 'blue'> .</font></B>  -Absent
<B><font color = 'blue'> .</font></B>  -Absent
<B><font color = 'blue'> .</font></B>  -test user two 
<B><font color = 'blue'> .</font></B>  -testuser@two.io
<B><font color = 'blue'> .</font></B>  -GSLL-327
<B><font color = 'blue'> .</font></B>  -2022-11-08
<B><font color = 'blue'> .</font></B>  -Absent
<B><font color = 'blue'> .</font></B>  -Absent
<B><font color = 'blue'> .</font></B>  -undefined
<B><font color = 'blue'> .</font></B>  -Tamilnadu
<B><font color = 'blue'> .</font></B>  -Test and Dev
<B><font color = 'blue'> .</font></B>  -Absent
<B><font color = 'blue'> .</font></B>  -Absent
<B><font color = 'blue'> .</font></B>  -Absent
<B><font color = 'blue'> .</font></B>  -Absent
<B><font color = 'blue'> .</font></B>  -Absent
<B><font color = 'blue'> .</font></B>  -Absent
<B><font color = 'blue'> .</font></B>  -Absent
<B><font color = 'blue'> .</font></B>  -Absent
<B><font color = 'blue'> .</font></B>  -Absent
<B><font color = 'blue'> .</font></B>  -Absent
<B><font color = 'blue'> .</font></B>  -Absent
<B><font color = 'blue'> .</font></B>  -dxgfdxg gssdg 
<B><font color = 'blue'> .</font></B>  -sdgsg@dgksodkg.in
<B><font color = 'blue'> .</font></B>  -asfda343443
<B><font color = 'blue'> .</font></B>  -2022-11-08
<B><font color = 'blue'> .</font></B>  -Absent
<B><font color = 'blue'> .</font></B>  -Absent
<B><font color = 'blue'> .</font></B>  -undefined
<B><font color = 'blue'> .</font></B>  -Bhilai
<B><font color = 'blue'> .</font></B>  -Php
<B><font color = 'blue'> .</font></B>  -Absent
<B><font color = 'blue'> .</font></B>  -Absent
<B><font color = 'blue'> .</font></B>  -Absent
<B><font color = 'blue'> .</font></B>  -Absent
<B><font color = 'blue'> .</font></B>  -Absent
<B><font color = 'blue'> .</font></B>  -Absent
<B><font color = 'blue'> .</font></B>  -Absent
<B><font color = 'blue'> .</font></B>  -Absent
<B><font color = 'blue'> .</font></B>  -Absent
<B><font color = 'blue'> .</font></B>  -Absent
<B><font color = 'blue'> .</font></B>  -Absent
<B><font color = 'blue'> .</font></B>  -Guest User 
<B><font color = 'blue'> .</font></B>  -guestuser@gmail.com
<B><font color = 'blue'> .</font></B>  -GLB-777
<B><font color = 'blue'> .</font></B>  -2022-11-08
<B><font color = 'blue'> .</font></B>  -Absent
<B><font color = 'blue'> .</font></B>  -Absent
<B><font color = 'blue'> .</font></B>  -undefined
<B><font color = 'blue'> .</font></B>  -Bhilai
<B><font color = 'blue'> .</font></B>  -Php
<B><font color = 'blue'> .</font></B>  -Absent
<B><font color = 'blue'> .</font></B>  -Absent
<B><font color = 'blue'> .</font></B>  -Absent
<B><font color = 'blue'> .</font></B>  -Absent
<B><font color = 'blue'> .</font></B>  -Absent
<B><font color = 'blue'> .</font></B>  -Absent
<B><font color = 'blue'> .</font></B>  -Absent
<B><font color = 'blue'> .</font></B>  -Absent
<B><font color = 'blue'> .</font></B>  -Absent
<B><font color = 'blue'> .</font></B>  -Absent
<B><font color = 'blue'> .</font></B>  -Absent
<B><font color = 'blue'> .</font></B>  -test123 abcd 
<B><font color = 'blue'> .</font></B>  -s@gmail.com
<B><font color = 'blue'> .</font></B>  -code123z
<B><font color = 'blue'> .</font></B>  -2022-11-07
<B><font color = 'blue'> .</font></B>  -07-11-2022 17:55:27
<B><font color = 'blue'> .</font></B>  -08-11-2022 00:00:00
<B><font color = 'blue'> .</font></B>  -GLB-124-PC
<B><font color = 'blue'> .</font></B>  -Bangalore
<B><font color = 'blue'> .</font></B>  -Testing
<B><font color = 'blue'> .</font></B>  -06:04:33
<B><font color = 'blue'> .</font></B>  -00:00:00
<B><font color = 'blue'> .</font></B>  -00:00:00
<B><font color = 'blue'> .</font></B>  -00:00:00
<B><font color = 'blue'> .</font></B>  -00:00:00
<B><font color = 'blue'> .</font></B>  -00:00:00
<B><font color = 'blue'> .</font></B>  -00:00:00
<B><font color = 'blue'> .</font></B>  -06:04:33
<B><font color = 'blue'> .</font></B>  -0.00%
<B><font color = 'blue'> .</font></B>  --480:00
<B><font color = 'blue'> .</font></B>  -0.00
<B><font color = 'blue'> .</font></B>  -Himanshu Kumar 
<B><font color = 'blue'> .</font></B>  -himanshu1@gmail.com
<B><font color = 'blue'> .</font></B>  -EM011
<B><font color = 'blue'> .</font></B>  -2022-11-07
<B><font color = 'blue'> .</font></B>  -07-11-2022 16:38:49
<B><font color = 'blue'> .</font></B>  -08-11-2022 00:00:00
<B><font color = 'blue'> .</font></B>  -GLB-181
<B><font color = 'blue'> .</font></B>  -bagalkot
<B><font color = 'blue'> .</font></B>  -manual testing
<B><font color = 'blue'> .</font></B>  -07:21:11
<B><font color = 'blue'> .</font></B>  -00:00:00
<B><font color = 'blue'> .</font></B>  -00:00:00
<B><font color = 'blue'> .</font></B>  -00:00:00
<B><font color = 'blue'> .</font></B>  -00:00:00
<B><font color = 'blue'> .</font></B>  -00:00:00
<B><font color = 'blue'> .</font></B>  -00:00:00
<B><font color = 'blue'> .</font></B>  -07:21:11
<B><font color = 'blue'> .</font></B>  -0.00%
<B><font color = 'blue'> .</font></B>  --480:00
<B><font color = 'blue'> .</font></B>  -0.00
<B><font color = 'blue'> .</font></B>  -D Surya Prabhakar 
<B><font color = 'blue'> .</font></B>  -surya1@gmail.com
<B><font color = 'blue'> .</font></B>  -EM010
<B><font color = 'blue'> .</font></B>  -2022-11-07
<B><font color = 'blue'> .</font></B>  -07-11-2022 16:23:58
<B><font color = 'blue'> .</font></B>  -08-11-2022 00:00:00
<B><font color = 'blue'> .</font></B>  -GLB-110-PC
<B><font color = 'blue'> .</font></B>  -bengaluru
<B><font color = 'blue'> .</font></B>  -Testing
<B><font color = 'blue'> .</font></B>  -07:36:02
<B><font color = 'blue'> .</font></B>  -00:00:00
<B><font color = 'blue'> .</font></B>  -00:00:00
<B><font color = 'blue'> .</font></B>  -00:00:00
<B><font color = 'blue'> .</font></B>  -00:00:00
<B><font color = 'blue'> .</font></B>  -00:00:00
<B><font color = 'blue'> .</font></B>  -00:00:00
<B><font color = 'blue'> .</font></B>  -07:36:02
<B><font color = 'blue'> .</font></B>  -0.00%
<B><font color = 'blue'> .</font></B>  --480:00
<B><font color = 'blue'> .</font></B>  -0.00
<B><font color = 'blue'> .</font></B>  -Virat kohli 
<B><font color = 'blue'> .</font></B>  -rahukbgdxgsf@gmail.com
<B><font color = 'blue'> .</font></B>  -65332
<B><font color = 'blue'> .</font></B>  -2022-11-07
<B><font color = 'blue'> .</font></B>  -07-11-2022 10:40:41
<B><font color = 'blue'> .</font></B>  -07-11-2022 17:50:28
<B><font color = 'blue'> .</font></B>  -GLB-124-PC
<B><font color = 'blue'> .</font></B>  -Default
<B><font color = 'blue'> .</font></B>  -Default
<B><font color = 'blue'> .</font></B>  -07:09:47
<B><font color = 'blue'> .</font></B>  -00:00:00
<B><font color = 'blue'> .</font></B>  -00:00:00
<B><font color = 'blue'> .</font></B>  -00:00:00
<B><font color = 'blue'> .</font></B>  -00:00:00
<B><font color = 'blue'> .</font></B>  -00:00:00
<B><font color = 'blue'> .</font></B>  -00:00:00
<B><font color = 'blue'> .</font></B>  -07:09:47
<B><font color = 'blue'> .</font></B>  -0.00%
<B><font color = 'blue'> .</font></B>  --480:00
<B><font color = 'blue'> .</font></B>  -0.00
<B><font color = 'blue'> .</font></B>  -dominic toretto 
<B><font color = 'blue'> .</font></B>  -dom.toretto737@gmail.com
<B><font color = 'blue'> .</font></B>  -EMP011
<B><font color = 'blue'> .</font></B>  -2022-11-07
<B><font color = 'blue'> .</font></B>  -07-11-2022 07:46:34
<B><font color = 'blue'> .</font></B>  -07-11-2022 16:17:52
<B><font color = 'blue'> .</font></B>  -GLB-110-PC
<B><font color = 'blue'> .</font></B>  -Bangalore
<B><font color = 'blue'> .</font></B>  -Testing
<B><font color = 'blue'> .</font></B>  -08:31:18
<B><font color = 'blue'> .</font></B>  -00:00:00
<B><font color = 'blue'> .</font></B>  -00:00:00
<B><font color = 'blue'> .</font></B>  -00:00:00
<B><font color = 'blue'> .</font></B>  -00:00:00
<B><font color = 'blue'> .</font></B>  -00:00:00
<B><font color = 'blue'> .</font></B>  -00:00:00
<B><font color = 'blue'> .</font></B>  -08:31:18
<B><font color = 'blue'> .</font></B>  -0.00%
<B><font color = 'blue'> .</font></B>  --480:00
<B><font color = 'blue'> .</font></B>  -0.00
<B><font color = 'blue'> .</font></B>  -sadas kadkasdj 
<B><font color = 'blue'> .</font></B>  -dsa@eqe
<B><font color = 'blue'> .</font></B>  -emp129666
<B><font color = 'blue'> .</font></B>  -2022-11-07
<B><font color = 'blue'> .</font></B>  -Absent
<B><font color = 'blue'> .</font></B>  -Absent
<B><font color = 'blue'> .</font></B>  -undefined
<B><font color = 'blue'> .</font></B>  -Default
<B><font color = 'blue'> .</font></B>  -Default
<B><font color = 'blue'> .</font></B>  -Absent
<B><font color = 'blue'> .</font></B>  -Absent
<B><font color = 'blue'> .</font></B>  -Absent
<B><font color = 'blue'> .</font></B>  -Absent
<B><font color = 'blue'> .</font></B>  -Absent
<B><font color = 'blue'> .</font></B>  -Absent
<B><font color = 'blue'> .</font></B>  -Absent
<B><font color = 'blue'> .</font></B>  -Absent
<B><font color = 'blue'> .</font></B>  -Absent
<B><font color = 'blue'> .</font></B>  -Absent
<B><font color = 'blue'> .</font></B>  -Absent
<B><font color = 'blue'> .</font></B>  -New Test 
<B><font color = 'blue'> .</font></B>  -newtest@gmail.com
<B><font color = 'blue'> .</font></B>  -ewer334443
<B><font color = 'blue'> .</font></B>  -2022-11-07
<B><font color = 'blue'> .</font></B>  -Absent
<B><font color = 'blue'> .</font></B>  -Absent
<B><font color = 'blue'> .</font></B>  -undefined
<B><font color = 'blue'> .</font></B>  -Default
<B><font color = 'blue'> .</font></B>  -Default
<B><font color = 'blue'> .</font></B>  -Absent
<B><font color = 'blue'> .</font></B>  -Absent
<B><font color = 'blue'> .</font></B>  -Absent
<B><font color = 'blue'> .</font></B>  -Absent
<B><font color = 'blue'> .</font></B>  -Absent
<B><font color = 'blue'> .</font></B>  -Absent
<B><font color = 'blue'> .</font></B>  -Absent
<B><font color = 'blue'> .</font></B>  -Absent
<B><font color = 'blue'> .</font></B>  -Absent
<B><font color = 'blue'> .</font></B>  -Absent
<B><font color = 'blue'> .</font></B>  -Absent
<B><font color = 'blue'> .</font></B>  -dshcdb uidsbf 
<B><font color = 'blue'> .</font></B>  -dvbvdb@yahoo.com
<B><font color = 'blue'> .</font></B>  -435454
<B><font color = 'blue'> .</font></B>  -2022-11-07
<B><font color = 'blue'> .</font></B>  -Absent
<B><font color = 'blue'> .</font></B>  -Absent
<B><font color = 'blue'> .</font></B>  -undefined
<B><font color = 'blue'> .</font></B>  -Default
<B><font color = 'blue'> .</font></B>  -Default
<B><font color = 'blue'> .</font></B>  -Absent
<B><font color = 'blue'> .</font></B>  -Absent
<B><font color = 'blue'> .</font></B>  -Absent
<B><font color = 'blue'> .</font></B>  -Absent
<B><font color = 'blue'> .</font></B>  -Absent
<B><font color = 'blue'> .</font></B>  -Absent
<B><font color = 'blue'> .</font></B>  -Absent
<B><font color = 'blue'> .</font></B>  -Absent
<B><font color = 'blue'> .</font></B>  -Absent
<B><font color = 'blue'> .</font></B>  -Absent
<B><font color = 'blue'> .</font></B>  -Absent
<B><font color = 'blue'> .</font></B>  -try last 
<B><font color = 'blue'> .</font></B>  -try@gmail.com
<B><font color = 'blue'> .</font></B>  -1225455
<B><font color = 'blue'> .</font></B>  -2022-11-07
<B><font color = 'blue'> .</font></B>  -Absent
<B><font color = 'blue'> .</font></B>  -Absent
<B><font color = 'blue'> .</font></B>  -undefined
<B><font color = 'blue'> .</font></B>  -Default
<B><font color = 'blue'> .</font></B>  -Default
<B><font color = 'blue'> .</font></B>  -Absent
<B><font color = 'blue'> .</font></B>  -Absent
<B><font color = 'blue'> .</font></B>  -Absent
<B><font color = 'blue'> .</font></B>  -Absent
<B><font color = 'blue'> .</font></B>  -Absent
<B><font color = 'blue'> .</font></B>  -Absent
<B><font color = 'blue'> .</font></B>  -Absent
<B><font color = 'blue'> .</font></B>  -Absent
<B><font color = 'blue'> .</font></B>  -Absent
<B><font color = 'blue'> .</font></B>  -Absent
<B><font color = 'blue'> .</font></B>  -Absent
<B><font color = 'blue'> .</font></B>  -vdjvdb yusvdvbbh 
<B><font color = 'blue'> .</font></B>  -dvhbfdh@gmail.com
<B><font color = 'blue'> .</font></B>  -wq534342
<B><font color = 'blue'> .</font></B>  -2022-11-07
<B><font color = 'blue'> .</font></B>  -Absent
<B><font color = 'blue'> .</font></B>  -Absent
<B><font color = 'blue'> .</font></B>  -undefined
<B><font color = 'blue'> .</font></B>  -Default
<B><font color = 'blue'> .</font></B>  -Default
<B><font color = 'blue'> .</font></B>  -Absent
<B><font color = 'blue'> .</font></B>  -Absent
<B><font color = 'blue'> .</font></B>  -Absent
<B><font color = 'blue'> .</font></B>  -Absent
<B><font color = 'blue'> .</font></B>  -Absent
<B><font color = 'blue'> .</font></B>  -Absent
<B><font color = 'blue'> .</font></B>  -Absent
<B><font color = 'blue'> .</font></B>  -Absent
<B><font color = 'blue'> .</font></B>  -Absent
<B><font color = 'blue'> .</font></B>  -Absent
<B><font color = 'blue'> .</font></B>  -Absent
<B><font color = 'blue'> .</font></B>  -Mail Test user 
<B><font color = 'blue'> .</font></B>  -maintest@user.io
<B><font color = 'blue'> .</font></B>  -GLB-1223888
<B><font color = 'blue'> .</font></B>  -2022-11-07
<B><font color = 'blue'> .</font></B>  -Absent
<B><font color = 'blue'> .</font></B>  -Absent
<B><font color = 'blue'> .</font></B>  -undefined
<B><font color = 'blue'> .</font></B>  -Default
<B><font color = 'blue'> .</font></B>  -Default
<B><font color = 'blue'> .</font></B>  -Absent
<B><font color = 'blue'> .</font></B>  -Absent
<B><font color = 'blue'> .</font></B>  -Absent
<B><font color = 'blue'> .</font></B>  -Absent
<B><font color = 'blue'> .</font></B>  -Absent
<B><font color = 'blue'> .</font></B>  -Absent
<B><font color = 'blue'> .</font></B>  -Absent
<B><font color = 'blue'> .</font></B>  -Absent
<B><font color = 'blue'> .</font></B>  -Absent
<B><font color = 'blue'> .</font></B>  -Absent
<B><font color = 'blue'> .</font></B>  -Absent
<B><font color = 'blue'> .</font></B>  -Update Check 
<B><font color = 'blue'> .</font></B>  -updates@gmail.com
<B><font color = 'blue'> .</font></B>  -emp543
<B><font color = 'blue'> .</font></B>  -2022-11-07
<B><font color = 'blue'> .</font></B>  -Absent
<B><font color = 'blue'> .</font></B>  -Absent
<B><font color = 'blue'> .</font></B>  -undefined
<B><font color = 'blue'> .</font></B>  -Default
<B><font color = 'blue'> .</font></B>  -Default
<B><font color = 'blue'> .</font></B>  -Absent
<B><font color = 'blue'> .</font></B>  -Absent
<B><font color = 'blue'> .</font></B>  -Absent
<B><font color = 'blue'> .</font></B>  -Absent
<B><font color = 'blue'> .</font></B>  -Absent
<B><font color = 'blue'> .</font></B>  -Absent
<B><font color = 'blue'> .</font></B>  -Absent
<B><font color = 'blue'> .</font></B>  -Absent
<B><font color = 'blue'> .</font></B>  -Absent
<B><font color = 'blue'> .</font></B>  -Absent
<B><font color = 'blue'> .</font></B>  -Absent
<B><font color = 'blue'> .</font></B>  -test manager 
<B><font color = 'blue'> .</font></B>  -manageremp@gmail.com
<B><font color = 'blue'> .</font></B>  -glb020
<B><font color = 'blue'> .</font></B>  -2022-11-07
<B><font color = 'blue'> .</font></B>  -Absent
<B><font color = 'blue'> .</font></B>  -Absent
<B><font color = 'blue'> .</font></B>  -undefined
<B><font color = 'blue'> .</font></B>  -Default
<B><font color = 'blue'> .</font></B>  -Default
<B><font color = 'blue'> .</font></B>  -Absent
<B><font color = 'blue'> .</font></B>  -Absent
<B><font color = 'blue'> .</font></B>  -Absent
<B><font color = 'blue'> .</font></B>  -Absent
<B><font color = 'blue'> .</font></B>  -Absent
<B><font color = 'blue'> .</font></B>  -Absent
<B><font color = 'blue'> .</font></B>  -Absent
<B><font color = 'blue'> .</font></B>  -Absent
<B><font color = 'blue'> .</font></B>  -Absent
<B><font color = 'blue'> .</font></B>  -Absent
<B><font color = 'blue'> .</font></B>  -Absent
<B><font color = 'blue'> .</font></B>  -DESKTOP-PJJHB19 - GLB-BLR-002OjUpRD2 
<B><font color = 'blue'> .</font></B>  --
<B><font color = 'blue'> .</font></B>  -GLB-BLR-002OjUpRD2
<B><font color = 'blue'> .</font></B>  -2022-11-07
<B><font color = 'blue'> .</font></B>  -Absent
<B><font color = 'blue'> .</font></B>  -Absent
<B><font color = 'blue'> .</font></B>  -undefined
<B><font color = 'blue'> .</font></B>  -Default
<B><font color = 'blue'> .</font></B>  -Default
<B><font color = 'blue'> .</font></B>  -Absent
<B><font color = 'blue'> .</font></B>  -Absent
<B><font color = 'blue'> .</font></B>  -Absent
<B><font color = 'blue'> .</font></B>  -Absent
<B><font color = 'blue'> .</font></B>  -Absent
<B><font color = 'blue'> .</font></B>  -Absent
<B><font color = 'blue'> .</font></B>  -Absent
<B><font color = 'blue'> .</font></B>  -Absent
<B><font color = 'blue'> .</font></B>  -Absent
<B><font color = 'blue'> .</font></B>  -Absent
<B><font color = 'blue'> .</font></B>  -Absent
<B><font color = 'blue'> .</font></B>  -Usb Test 
<B><font color = 'blue'> .</font></B>  -usbtest123@gmail.com
<B><font color = 'blue'> .</font></B>  -emp0097
<B><font color = 'blue'> .</font></B>  -2022-11-07
<B><font color = 'blue'> .</font></B>  -Absent
<B><font color = 'blue'> .</font></B>  -Absent
<B><font color = 'blue'> .</font></B>  -undefined
<B><font color = 'blue'> .</font></B>  -Default
<B><font color = 'blue'> .</font></B>  -Default
<B><font color = 'blue'> .</font></B>  -Absent
<B><font color = 'blue'> .</font></B>  -Absent
<B><font color = 'blue'> .</font></B>  -Absent
<B><font color = 'blue'> .</font></B>  -Absent
<B><font color = 'blue'> .</font></B>  -Absent
<B><font color = 'blue'> .</font></B>  -Absent
<B><font color = 'blue'> .</font></B>  -Absent
<B><font color = 'blue'> .</font></B>  -Absent
<B><font color = 'blue'> .</font></B>  -Absent
<B><font color = 'blue'> .</font></B>  -Absent
<B><font color = 'blue'> .</font></B>  -Absent
<B><font color = 'blue'> .</font></B>  -SS Keystrokes 
<B><font color = 'blue'> .</font></B>  -sskey@gmail.com
<B><font color = 'blue'> .</font></B>  -emp98y
<B><font color = 'blue'> .</font></B>  -2022-11-07
<B><font color = 'blue'> .</font></B>  -Absent
<B><font color = 'blue'> .</font></B>  -Absent
<B><font color = 'blue'> .</font></B>  -undefined
<B><font color = 'blue'> .</font></B>  -Default
<B><font color = 'blue'> .</font></B>  -Default
<B><font color = 'blue'> .</font></B>  -Absent
<B><font color = 'blue'> .</font></B>  -Absent
<B><font color = 'blue'> .</font></B>  -Absent
<B><font color = 'blue'> .</font></B>  -Absent
<B><font color = 'blue'> .</font></B>  -Absent
<B><font color = 'blue'> .</font></B>  -Absent
<B><font color = 'blue'> .</font></B>  -Absent
<B><font color = 'blue'> .</font></B>  -Absent
<B><font color = 'blue'> .</font></B>  -Absent
<B><font color = 'blue'> .</font></B>  -Absent
<B><font color = 'blue'> .</font></B>  -Absent
<B><font color = 'blue'> .</font></B>  -shivammmmmmmmmmmmmmmmmmmm Kumar 
<B><font color = 'blue'> .</font></B>  -kgfyash545@gmail.com
<B><font color = 'blue'> .</font></B>  -hsakhdjk414
<B><font color = 'blue'> .</font></B>  -2022-11-07
<B><font color = 'blue'> .</font></B>  -Absent
<B><font color = 'blue'> .</font></B>  -Absent
<B><font color = 'blue'> .</font></B>  -undefined
<B><font color = 'blue'> .</font></B>  -Default
<B><font color = 'blue'> .</font></B>  -Default
<B><font color = 'blue'> .</font></B>  -Absent
<B><font color = 'blue'> .</font></B>  -Absent
<B><font color = 'blue'> .</font></B>  -Absent
<B><font color = 'blue'> .</font></B>  -Absent
<B><font color = 'blue'> .</font></B>  -Absent
<B><font color = 'blue'> .</font></B>  -Absent
<B><font color = 'blue'> .</font></B>  -Absent
<B><font color = 'blue'> .</font></B>  -Absent
<B><font color = 'blue'> .</font></B>  -Absent
<B><font color = 'blue'> .</font></B>  -Absent
<B><font color = 'blue'> .</font></B>  -Absent
<B><font color = 'blue'> .</font></B>  -Abhishek Four tf test 
<B><font color = 'blue'> .</font></B>  -abhishekfourtf@mail.com
<B><font color = 'blue'> .</font></B>  -HLIKSJ98
<B><font color = 'blue'> .</font></B>  -2022-11-07
<B><font color = 'blue'> .</font></B>  -Absent
<B><font color = 'blue'> .</font></B>  -Absent
<B><font color = 'blue'> .</font></B>  -undefined
<B><font color = 'blue'> .</font></B>  -Default
<B><font color = 'blue'> .</font></B>  -Default
<B><font color = 'blue'> .</font></B>  -Absent
<B><font color = 'blue'> .</font></B>  -Absent
<B><font color = 'blue'> .</font></B>  -Absent
<B><font color = 'blue'> .</font></B>  -Absent
<B><font color = 'blue'> .</font></B>  -Absent
<B><font color = 'blue'> .</font></B>  -Absent
<B><font color = 'blue'> .</font></B>  -Absent
<B><font color = 'blue'> .</font></B>  -Absent
<B><font color = 'blue'> .</font></B>  -Absent
<B><font color = 'blue'> .</font></B>  -Absent
<B><font color = 'blue'> .</font></B>  -Absent
<B><font color = 'blue'> .</font></B>  -new dev user 
<B><font color = 'blue'> .</font></B>  -new@dev.user
<B><font color = 'blue'> .</font></B>  -fdfsfsd
<B><font color = 'blue'> .</font></B>  -2022-11-07
<B><font color = 'blue'> .</font></B>  -Absent
<B><font color = 'blue'> .</font></B>  -Absent
<B><font color = 'blue'> .</font></B>  -undefined
<B><font color = 'blue'> .</font></B>  -Default
<B><font color = 'blue'> .</font></B>  -Default
<B><font color = 'blue'> .</font></B>  -Absent
<B><font color = 'blue'> .</font></B>  -Absent
<B><font color = 'blue'> .</font></B>  -Absent
<B><font color = 'blue'> .</font></B>  -Absent
<B><font color = 'blue'> .</font></B>  -Absent
<B><font color = 'blue'> .</font></B>  -Absent
<B><font color = 'blue'> .</font></B>  -Absent
<B><font color = 'blue'> .</font></B>  -Absent
<B><font color = 'blue'> .</font></B>  -Absent
<B><font color = 'blue'> .</font></B>  -Absent
<B><font color = 'blue'> .</font></B>  -Absent
<B><font color = 'blue'> .</font></B>  -aaaaaaaaaa aaaaaaaaa 
<B><font color = 'blue'> .</font></B>  -mmmm@gmail.com
<B><font color = 'blue'> .</font></B>  -80765s
<B><font color = 'blue'> .</font></B>  -2022-11-07
<B><font color = 'blue'> .</font></B>  -Absent
<B><font color = 'blue'> .</font></B>  -Absent
<B><font color = 'blue'> .</font></B>  -undefined
<B><font color = 'blue'> .</font></B>  -Bangalore
<B><font color = 'blue'> .</font></B>  -Testing
<B><font color = 'blue'> .</font></B>  -Absent
<B><font color = 'blue'> .</font></B>  -Absent
<B><font color = 'blue'> .</font></B>  -Absent
<B><font color = 'blue'> .</font></B>  -Absent
<B><font color = 'blue'> .</font></B>  -Absent
<B><font color = 'blue'> .</font></B>  -Absent
<B><font color = 'blue'> .</font></B>  -Absent
<B><font color = 'blue'> .</font></B>  -Absent
<B><font color = 'blue'> .</font></B>  -Absent
<B><font color = 'blue'> .</font></B>  -Absent
<B><font color = 'blue'> .</font></B>  -Absent
<B><font color = 'blue'> .</font></B>  -sumesh test 
<B><font color = 'blue'> .</font></B>  -sumesh@mail.com
<B><font color = 'blue'> .</font></B>  -fdgfdgf
<B><font color = 'blue'> .</font></B>  -2022-11-07
<B><font color = 'blue'> .</font></B>  -Absent
<B><font color = 'blue'> .</font></B>  -Absent
<B><font color = 'blue'> .</font></B>  -undefined
<B><font color = 'blue'> .</font></B>  -Bangalore
<B><font color = 'blue'> .</font></B>  -Testing
<B><font color = 'blue'> .</font></B>  -Absent
<B><font color = 'blue'> .</font></B>  -Absent
<B><font color = 'blue'> .</font></B>  -Absent
<B><font color = 'blue'> .</font></B>  -Absent
<B><font color = 'blue'> .</font></B>  -Absent
<B><font color = 'blue'> .</font></B>  -Absent
<B><font color = 'blue'> .</font></B>  -Absent
<B><font color = 'blue'> .</font></B>  -Absent
<B><font color = 'blue'> .</font></B>  -Absent
<B><font color = 'blue'> .</font></B>  -Absent
<B><font color = 'blue'> .</font></B>  -Absent
<B><font color = 'blue'> .</font></B>  -Test msc 
<B><font color = 'blue'> .</font></B>  -test123@gmail.com
<B><font color = 'blue'> .</font></B>  -12254
<B><font color = 'blue'> .</font></B>  -2022-11-07
<B><font color = 'blue'> .</font></B>  -Absent
<B><font color = 'blue'> .</font></B>  -Absent
<B><font color = 'blue'> .</font></B>  -undefined
<B><font color = 'blue'> .</font></B>  -Bangalore
<B><font color = 'blue'> .</font></B>  -Testing
<B><font color = 'blue'> .</font></B>  -Absent
<B><font color = 'blue'> .</font></B>  -Absent
<B><font color = 'blue'> .</font></B>  -Absent
<B><font color = 'blue'> .</font></B>  -Absent
<B><font color = 'blue'> .</font></B>  -Absent
<B><font color = 'blue'> .</font></B>  -Absent
<B><font color = 'blue'> .</font></B>  -Absent
<B><font color = 'blue'> .</font></B>  -Absent
<B><font color = 'blue'> .</font></B>  -Absent
<B><font color = 'blue'> .</font></B>  -Absent
<B><font color = 'blue'> .</font></B>  -Absent
<B><font color = 'blue'> .</font></B>  -deffdfds vscsc 
<B><font color = 'blue'> .</font></B>  -cscsdw123@gmail.com
<B><font color = 'blue'> .</font></B>  -1234512
<B><font color = 'blue'> .</font></B>  -2022-11-07
<B><font color = 'blue'> .</font></B>  -Absent
<B><font color = 'blue'> .</font></B>  -Absent
<B><font color = 'blue'> .</font></B>  -undefined
<B><font color = 'blue'> .</font></B>  -Bangalore
<B><font color = 'blue'> .</font></B>  -Testing
<B><font color = 'blue'> .</font></B>  -Absent
<B><font color = 'blue'> .</font></B>  -Absent
<B><font color = 'blue'> .</font></B>  -Absent
<B><font color = 'blue'> .</font></B>  -Absent
<B><font color = 'blue'> .</font></B>  -Absent
<B><font color = 'blue'> .</font></B>  -Absent
<B><font color = 'blue'> .</font></B>  -Absent
<B><font color = 'blue'> .</font></B>  -Absent
<B><font color = 'blue'> .</font></B>  -Absent
<B><font color = 'blue'> .</font></B>  -Absent
<B><font color = 'blue'> .</font></B>  -Absent
<B><font color = 'blue'> .</font></B>  -test testtt 
<B><font color = 'blue'> .</font></B>  -abcd@gmail.com
<B><font color = 'blue'> .</font></B>  -GLB55
<B><font color = 'blue'> .</font></B>  -2022-11-07
<B><font color = 'blue'> .</font></B>  -Absent
<B><font color = 'blue'> .</font></B>  -Absent
<B><font color = 'blue'> .</font></B>  -undefined
<B><font color = 'blue'> .</font></B>  -Bangalore
<B><font color = 'blue'> .</font></B>  -Testing
<B><font color = 'blue'> .</font></B>  -Absent
<B><font color = 'blue'> .</font></B>  -Absent
<B><font color = 'blue'> .</font></B>  -Absent
<B><font color = 'blue'> .</font></B>  -Absent
<B><font color = 'blue'> .</font></B>  -Absent
<B><font color = 'blue'> .</font></B>  -Absent
<B><font color = 'blue'> .</font></B>  -Absent
<B><font color = 'blue'> .</font></B>  -Absent
<B><font color = 'blue'> .</font></B>  -Absent
<B><font color = 'blue'> .</font></B>  -Absent
<B><font color = 'blue'> .</font></B>  -Absent
<B><font color = 'blue'> .</font></B>  -Abhishe tt 
<B><font color = 'blue'> .</font></B>  -ab@ab.com
<B><font color = 'blue'> .</font></B>  -GKD567
<B><font color = 'blue'> .</font></B>  -2022-11-07
<B><font color = 'blue'> .</font></B>  -Absent
<B><font color = 'blue'> .</font></B>  -Absent
<B><font color = 'blue'> .</font></B>  -undefined
<B><font color = 'blue'> .</font></B>  -Bangalore
<B><font color = 'blue'> .</font></B>  -Testing
<B><font color = 'blue'> .</font></B>  -Absent
<B><font color = 'blue'> .</font></B>  -Absent
<B><font color = 'blue'> .</font></B>  -Absent
<B><font color = 'blue'> .</font></B>  -Absent
<B><font color = 'blue'> .</font></B>  -Absent
<B><font color = 'blue'> .</font></B>  -Absent
<B><font color = 'blue'> .</font></B>  -Absent
<B><font color = 'blue'> .</font></B>  -Absent
<B><font color = 'blue'> .</font></B>  -Absent
<B><font color = 'blue'> .</font></B>  -Absent
<B><font color = 'blue'> .</font></B>  -Absent
<B><font color = 'blue'> .</font></B>  -test nonadmin 
<B><font color = 'blue'> .</font></B>  -testnonadmin@gmail.com
<B><font color = 'blue'> .</font></B>  -GLB026
<B><font color = 'blue'> .</font></B>  -2022-11-07
<B><font color = 'blue'> .</font></B>  -Absent
<B><font color = 'blue'> .</font></B>  -Absent
<B><font color = 'blue'> .</font></B>  -undefined
<B><font color = 'blue'> .</font></B>  -Bangalore
<B><font color = 'blue'> .</font></B>  -Php
<B><font color = 'blue'> .</font></B>  -Absent
<B><font color = 'blue'> .</font></B>  -Absent
<B><font color = 'blue'> .</font></B>  -Absent
<B><font color = 'blue'> .</font></B>  -Absent
<B><font color = 'blue'> .</font></B>  -Absent
<B><font color = 'blue'> .</font></B>  -Absent
<B><font color = 'blue'> .</font></B>  -Absent
<B><font color = 'blue'> .</font></B>  -Absent
<B><font color = 'blue'> .</font></B>  -Absent
<B><font color = 'blue'> .</font></B>  -Absent
<B><font color = 'blue'> .</font></B>  -Absent
<B><font color = 'blue'> .</font></B>  -adg ckj 
<B><font color = 'blue'> .</font></B>  -adcs@1234
<B><font color = 'blue'> .</font></B>  -583
<B><font color = 'blue'> .</font></B>  -2022-11-07
<B><font color = 'blue'> .</font></B>  -Absent
<B><font color = 'blue'> .</font></B>  -Absent
<B><font color = 'blue'> .</font></B>  -undefined
<B><font color = 'blue'> .</font></B>  -Bangalore
<B><font color = 'blue'> .</font></B>  -Testing
<B><font color = 'blue'> .</font></B>  -Absent
<B><font color = 'blue'> .</font></B>  -Absent
<B><font color = 'blue'> .</font></B>  -Absent
<B><font color = 'blue'> .</font></B>  -Absent
<B><font color = 'blue'> .</font></B>  -Absent
<B><font color = 'blue'> .</font></B>  -Absent
<B><font color = 'blue'> .</font></B>  -Absent
<B><font color = 'blue'> .</font></B>  -Absent
<B><font color = 'blue'> .</font></B>  -Absent
<B><font color = 'blue'> .</font></B>  -Absent
<B><font color = 'blue'> .</font></B>  -Absent
<B><font color = 'blue'> .</font></B>  -Abhishek Test 
<B><font color = 'blue'> .</font></B>  -abhishektrest@glb.in
<B><font color = 'blue'> .</font></B>  -rN7tvEiDPGNi4fD
<B><font color = 'blue'> .</font></B>  -2022-11-07
<B><font color = 'blue'> .</font></B>  -Absent
<B><font color = 'blue'> .</font></B>  -Absent
<B><font color = 'blue'> .</font></B>  -undefined
<B><font color = 'blue'> .</font></B>  -Bangalore
<B><font color = 'blue'> .</font></B>  -Php
<B><font color = 'blue'> .</font></B>  -Absent
<B><font color = 'blue'> .</font></B>  -Absent
<B><font color = 'blue'> .</font></B>  -Absent
<B><font color = 'blue'> .</font></B>  -Absent
<B><font color = 'blue'> .</font></B>  -Absent
<B><font color = 'blue'> .</font></B>  -Absent
<B><font color = 'blue'> .</font></B>  -Absent
<B><font color = 'blue'> .</font></B>  -Absent
<B><font color = 'blue'> .</font></B>  -Absent
<B><font color = 'blue'> .</font></B>  -Absent
<B><font color = 'blue'> .</font></B>  -Absent
<B><font color = 'blue'> .</font></B>  -Superior Test one 
<B><font color = 'blue'> .</font></B>  -superiorone@gmail.com
<B><font color = 'blue'> .</font></B>  -twoqw
<B><font color = 'blue'> .</font></B>  -2022-11-07
<B><font color = 'blue'> .</font></B>  -Absent
<B><font color = 'blue'> .</font></B>  -Absent
<B><font color = 'blue'> .</font></B>  -undefined
<B><font color = 'blue'> .</font></B>  -Bangalore
<B><font color = 'blue'> .</font></B>  -Testing
<B><font color = 'blue'> .</font></B>  -Absent
<B><font color = 'blue'> .</font></B>  -Absent
<B><font color = 'blue'> .</font></B>  -Absent
<B><font color = 'blue'> .</font></B>  -Absent
<B><font color = 'blue'> .</font></B>  -Absent
<B><font color = 'blue'> .</font></B>  -Absent
<B><font color = 'blue'> .</font></B>  -Absent
<B><font color = 'blue'> .</font></B>  -Absent
<B><font color = 'blue'> .</font></B>  -Absent
<B><font color = 'blue'> .</font></B>  -Absent
<B><font color = 'blue'> .</font></B>  -Absent
<B><font color = 'blue'> .</font></B>  -test testw 
<B><font color = 'blue'> .</font></B>  -test@mac.in
<B><font color = 'blue'> .</font></B>  -aaf123
<B><font color = 'blue'> .</font></B>  -2022-11-07
<B><font color = 'blue'> .</font></B>  -Absent
<B><font color = 'blue'> .</font></B>  -Absent
<B><font color = 'blue'> .</font></B>  -undefined
<B><font color = 'blue'> .</font></B>  -Bangalore
<B><font color = 'blue'> .</font></B>  -Php
<B><font color = 'blue'> .</font></B>  -Absent
<B><font color = 'blue'> .</font></B>  -Absent
<B><font color = 'blue'> .</font></B>  -Absent
<B><font color = 'blue'> .</font></B>  -Absent
<B><font color = 'blue'> .</font></B>  -Absent
<B><font color = 'blue'> .</font></B>  -Absent
<B><font color = 'blue'> .</font></B>  -Absent
<B><font color = 'blue'> .</font></B>  -Absent
<B><font color = 'blue'> .</font></B>  -Absent
<B><font color = 'blue'> .</font></B>  -Absent
<B><font color = 'blue'> .</font></B>  -Absent
<B><font color = 'blue'> .</font></B>  -sam eer 
<B><font color = 'blue'> .</font></B>  -sam@rf.in
<B><font color = 'blue'> .</font></B>  -WSAERT2Q34E
<B><font color = 'blue'> .</font></B>  -2022-11-07
<B><font color = 'blue'> .</font></B>  -Absent
<B><font color = 'blue'> .</font></B>  -Absent
<B><font color = 'blue'> .</font></B>  -undefined
<B><font color = 'blue'> .</font></B>  -Bangalore
<B><font color = 'blue'> .</font></B>  -Testing
<B><font color = 'blue'> .</font></B>  -Absent
<B><font color = 'blue'> .</font></B>  -Absent
<B><font color = 'blue'> .</font></B>  -Absent
<B><font color = 'blue'> .</font></B>  -Absent
<B><font color = 'blue'> .</font></B>  -Absent
<B><font color = 'blue'> .</font></B>  -Absent
<B><font color = 'blue'> .</font></B>  -Absent
<B><font color = 'blue'> .</font></B>  -Absent
<B><font color = 'blue'> .</font></B>  -Absent
<B><font color = 'blue'> .</font></B>  -Absent
<B><font color = 'blue'> .</font></B>  -Absent
<B><font color = 'blue'> .</font></B>  -Test test 
<B><font color = 'blue'> .</font></B>  -sarikajain@gmail.com
<B><font color = 'blue'> .</font></B>  -E-101
<B><font color = 'blue'> .</font></B>  -2022-11-07
<B><font color = 'blue'> .</font></B>  -Absent
<B><font color = 'blue'> .</font></B>  -Absent
<B><font color = 'blue'> .</font></B>  -undefined
<B><font color = 'blue'> .</font></B>  -Bangalore
<B><font color = 'blue'> .</font></B>  -Testing
<B><font color = 'blue'> .</font></B>  -Absent
<B><font color = 'blue'> .</font></B>  -Absent
<B><font color = 'blue'> .</font></B>  -Absent
<B><font color = 'blue'> .</font></B>  -Absent
<B><font color = 'blue'> .</font></B>  -Absent
<B><font color = 'blue'> .</font></B>  -Absent
<B><font color = 'blue'> .</font></B>  -Absent
<B><font color = 'blue'> .</font></B>  -Absent
<B><font color = 'blue'> .</font></B>  -Absent
<B><font color = 'blue'> .</font></B>  -Absent
<B><font color = 'blue'> .</font></B>  -Absent
<B><font color = 'blue'> .</font></B>  -sithu kalluru 
<B><font color = 'blue'> .</font></B>  -sitaramireddy@globussoft.in
<B><font color = 'blue'> .</font></B>  -code12
<B><font color = 'blue'> .</font></B>  -2022-11-07
<B><font color = 'blue'> .</font></B>  -Absent
<B><font color = 'blue'> .</font></B>  -Absent
<B><font color = 'blue'> .</font></B>  -undefined
<B><font color = 'blue'> .</font></B>  -Bangalore
<B><font color = 'blue'> .</font></B>  -Testing
<B><font color = 'blue'> .</font></B>  -Absent
<B><font color = 'blue'> .</font></B>  -Absent
<B><font color = 'blue'> .</font></B>  -Absent
<B><font color = 'blue'> .</font></B>  -Absent
<B><font color = 'blue'> .</font></B>  -Absent
<B><font color = 'blue'> .</font></B>  -Absent
<B><font color = 'blue'> .</font></B>  -Absent
<B><font color = 'blue'> .</font></B>  -Absent
<B><font color = 'blue'> .</font></B>  -Absent
<B><font color = 'blue'> .</font></B>  -Absent
<B><font color = 'blue'> .</font></B>  -Absent
<B><font color = 'blue'> .</font></B>  -testing test 
<B><font color = 'blue'> .</font></B>  -aarshajoyson1601@gmail.com
<B><font color = 'blue'> .</font></B>  -glb0008
<B><font color = 'blue'> .</font></B>  -2022-11-07
<B><font color = 'blue'> .</font></B>  -Absent
<B><font color = 'blue'> .</font></B>  -Absent
<B><font color = 'blue'> .</font></B>  -undefined
<B><font color = 'blue'> .</font></B>  -Bangalore
<B><font color = 'blue'> .</font></B>  -Php
<B><font color = 'blue'> .</font></B>  -Absent
<B><font color = 'blue'> .</font></B>  -Absent
<B><font color = 'blue'> .</font></B>  -Absent
<B><font color = 'blue'> .</font></B>  -Absent
<B><font color = 'blue'> .</font></B>  -Absent
<B><font color = 'blue'> .</font></B>  -Absent
<B><font color = 'blue'> .</font></B>  -Absent
<B><font color = 'blue'> .</font></B>  -Absent
<B><font color = 'blue'> .</font></B>  -Absent
<B><font color = 'blue'> .</font></B>  -Absent
<B><font color = 'blue'> .</font></B>  -Absent
<B><font color = 'blue'> .</font></B>  -Automation CodeeeAuto 
<B><font color = 'blue'> .</font></B>  -skabcdef7@gmail.com
<B><font color = 'blue'> .</font></B>  -Emp-Abzcde-1234522
<B><font color = 'blue'> .</font></B>  -2022-11-07
<B><font color = 'blue'> .</font></B>  -Absent
<B><font color = 'blue'> .</font></B>  -Absent
<B><font color = 'blue'> .</font></B>  -undefined
<B><font color = 'blue'> .</font></B>  -Bangalore
<B><font color = 'blue'> .</font></B>  -Testing
<B><font color = 'blue'> .</font></B>  -Absent
<B><font color = 'blue'> .</font></B>  -Absent
<B><font color = 'blue'> .</font></B>  -Absent
<B><font color = 'blue'> .</font></B>  -Absent
<B><font color = 'blue'> .</font></B>  -Absent
<B><font color = 'blue'> .</font></B>  -Absent
<B><font color = 'blue'> .</font></B>  -Absent
<B><font color = 'blue'> .</font></B>  -Absent
<B><font color = 'blue'> .</font></B>  -Absent
<B><font color = 'blue'> .</font></B>  -Absent
<B><font color = 'blue'> .</font></B>  -Absent
<B><font color = 'blue'> .</font></B>  -piyush dfgsfg 
<B><font color = 'blue'> .</font></B>  -jos@gmail.com
<B><font color = 'blue'> .</font></B>  -sdgff
<B><font color = 'blue'> .</font></B>  -2022-11-07
<B><font color = 'blue'> .</font></B>  -Absent
<B><font color = 'blue'> .</font></B>  -Absent
<B><font color = 'blue'> .</font></B>  -undefined
<B><font color = 'blue'> .</font></B>  -Bangalore
<B><font color = 'blue'> .</font></B>  -Testing
<B><font color = 'blue'> .</font></B>  -Absent
<B><font color = 'blue'> .</font></B>  -Absent
<B><font color = 'blue'> .</font></B>  -Absent
<B><font color = 'blue'> .</font></B>  -Absent
<B><font color = 'blue'> .</font></B>  -Absent
<B><font color = 'blue'> .</font></B>  -Absent
<B><font color = 'blue'> .</font></B>  -Absent
<B><font color = 'blue'> .</font></B>  -Absent
<B><font color = 'blue'> .</font></B>  -Absent
<B><font color = 'blue'> .</font></B>  -Absent
<B><font color = 'blue'> .</font></B>  -Absent
<B><font color = 'blue'> .</font></B>  -Aryan raj 
<B><font color = 'blue'> .</font></B>  -alex@gmail.com
<B><font color = 'blue'> .</font></B>  -126
<B><font color = 'blue'> .</font></B>  -2022-11-07
<B><font color = 'blue'> .</font></B>  -Absent
<B><font color = 'blue'> .</font></B>  -Absent
<B><font color = 'blue'> .</font></B>  -undefined
<B><font color = 'blue'> .</font></B>  -Bangalore
<B><font color = 'blue'> .</font></B>  -Testing
<B><font color = 'blue'> .</font></B>  -Absent
<B><font color = 'blue'> .</font></B>  -Absent
<B><font color = 'blue'> .</font></B>  -Absent
<B><font color = 'blue'> .</font></B>  -Absent
<B><font color = 'blue'> .</font></B>  -Absent
<B><font color = 'blue'> .</font></B>  -Absent
<B><font color = 'blue'> .</font></B>  -Absent
<B><font color = 'blue'> .</font></B>  -Absent
<B><font color = 'blue'> .</font></B>  -Absent
<B><font color = 'blue'> .</font></B>  -Absent
<B><font color = 'blue'> .</font></B>  -Absent
<B><font color = 'blue'> .</font></B>  -Automation CodeeeAuto 
<B><font color = 'blue'> .</font></B>  -skabcdef38@gmail.com
<B><font color = 'blue'> .</font></B>  -Emp-Abzcde-123457
<B><font color = 'blue'> .</font></B>  -2022-11-07
<B><font color = 'blue'> .</font></B>  -Absent
<B><font color = 'blue'> .</font></B>  -Absent
<B><font color = 'blue'> .</font></B>  -undefined
<B><font color = 'blue'> .</font></B>  -Bangalore
<B><font color = 'blue'> .</font></B>  -Testing
<B><font color = 'blue'> .</font></B>  -Absent
<B><font color = 'blue'> .</font></B>  -Absent
<B><font color = 'blue'> .</font></B>  -Absent
<B><font color = 'blue'> .</font></B>  -Absent
<B><font color = 'blue'> .</font></B>  -Absent
<B><font color = 'blue'> .</font></B>  -Absent
<B><font color = 'blue'> .</font></B>  -Absent
<B><font color = 'blue'> .</font></B>  -Absent
<B><font color = 'blue'> .</font></B>  -Absent
<B><font color = 'blue'> .</font></B>  -Absent
<B><font color = 'blue'> .</font></B>  -Absent
<B><font color = 'blue'> .</font></B>  -Automation CodeeeAuto 
<B><font color = 'blue'> .</font></B>  -skabcdef33@gmail.com
<B><font color = 'blue'> .</font></B>  -Emp-Abzcde-1234557
<B><font color = 'blue'> .</font></B>  -2022-11-07
<B><font color = 'blue'> .</font></B>  -Absent
<B><font color = 'blue'> .</font></B>  -Absent
<B><font color = 'blue'> .</font></B>  -undefined
<B><font color = 'blue'> .</font></B>  -Bangalore
<B><font color = 'blue'> .</font></B>  -Testing
<B><font color = 'blue'> .</font></B>  -Absent
<B><font color = 'blue'> .</font></B>  -Absent
<B><font color = 'blue'> .</font></B>  -Absent
<B><font color = 'blue'> .</font></B>  -Absent
<B><font color = 'blue'> .</font></B>  -Absent
<B><font color = 'blue'> .</font></B>  -Absent
<B><font color = 'blue'> .</font></B>  -Absent
<B><font color = 'blue'> .</font></B>  -Absent
<B><font color = 'blue'> .</font></B>  -Absent
<B><font color = 'blue'> .</font></B>  -Absent
<B><font color = 'blue'> .</font></B>  -Absent
<B><font color = 'blue'> .</font></B>  -R o       hit Sharma 
<B><font color = 'blue'> .</font></B>  -rahulrajt5613928@gmail.com
<B><font color = 'blue'> .</font></B>  -67645
<B><font color = 'blue'> .</font></B>  -2022-11-07
<B><font color = 'blue'> .</font></B>  -Absent
<B><font color = 'blue'> .</font></B>  -Absent
<B><font color = 'blue'> .</font></B>  -undefined
<B><font color = 'blue'> .</font></B>  -bengaluru
<B><font color = 'blue'> .</font></B>  -Testing
<B><font color = 'blue'> .</font></B>  -Absent
<B><font color = 'blue'> .</font></B>  -Absent
<B><font color = 'blue'> .</font></B>  -Absent
<B><font color = 'blue'> .</font></B>  -Absent
<B><font color = 'blue'> .</font></B>  -Absent
<B><font color = 'blue'> .</font></B>  -Absent
<B><font color = 'blue'> .</font></B>  -Absent
<B><font color = 'blue'> .</font></B>  -Absent
<B><font color = 'blue'> .</font></B>  -Absent
<B><font color = 'blue'> .</font></B>  -Absent
<B><font color = 'blue'> .</font></B>  -Absent
<B><font color = 'blue'> .</font></B>  -ni test 
<B><font color = 'blue'> .</font></B>  -nitest12@gmail.com
<B><font color = 'blue'> .</font></B>  -GLB678
<B><font color = 'blue'> .</font></B>  -2022-11-07
<B><font color = 'blue'> .</font></B>  -Absent
<B><font color = 'blue'> .</font></B>  -Absent
<B><font color = 'blue'> .</font></B>  -undefined
<B><font color = 'blue'> .</font></B>  -bengaluru
<B><font color = 'blue'> .</font></B>  -Testing
<B><font color = 'blue'> .</font></B>  -Absent
<B><font color = 'blue'> .</font></B>  -Absent
<B><font color = 'blue'> .</font></B>  -Absent
<B><font color = 'blue'> .</font></B>  -Absent
<B><font color = 'blue'> .</font></B>  -Absent
<B><font color = 'blue'> .</font></B>  -Absent
<B><font color = 'blue'> .</font></B>  -Absent
<B><font color = 'blue'> .</font></B>  -Absent
<B><font color = 'blue'> .</font></B>  -Absent
<B><font color = 'blue'> .</font></B>  -Absent
<B><font color = 'blue'> .</font></B>  -Absent
<B><font color = 'blue'> .</font></B>  -one test 
<B><font color = 'blue'> .</font></B>  -testone1234@gmail.com
<B><font color = 'blue'> .</font></B>  -0110
<B><font color = 'blue'> .</font></B>  -2022-11-07
<B><font color = 'blue'> .</font></B>  -Absent
<B><font color = 'blue'> .</font></B>  -Absent
<B><font color = 'blue'> .</font></B>  -undefined
<B><font color = 'blue'> .</font></B>  -bengaluru
<B><font color = 'blue'> .</font></B>  -Testing
<B><font color = 'blue'> .</font></B>  -Absent
<B><font color = 'blue'> .</font></B>  -Absent
<B><font color = 'blue'> .</font></B>  -Absent
<B><font color = 'blue'> .</font></B>  -Absent
<B><font color = 'blue'> .</font></B>  -Absent
<B><font color = 'blue'> .</font></B>  -Absent
<B><font color = 'blue'> .</font></B>  -Absent
<B><font color = 'blue'> .</font></B>  -Absent
<B><font color = 'blue'> .</font></B>  -Absent
<B><font color = 'blue'> .</font></B>  -Absent
<B><font color = 'blue'> .</font></B>  -Absent
<B><font color = 'blue'> .</font></B>  -GLB-BLR-010-PC - GLB-BLR-010 
<B><font color = 'blue'> .</font></B>  -abcd@yuksdgus
<B><font color = 'blue'> .</font></B>  -GLB-BLR-010
<B><font color = 'blue'> .</font></B>  -2022-11-07
<B><font color = 'blue'> .</font></B>  -Absent
<B><font color = 'blue'> .</font></B>  -Absent
<B><font color = 'blue'> .</font></B>  -undefined
<B><font color = 'blue'> .</font></B>  -bengaluru
<B><font color = 'blue'> .</font></B>  -Testing
<B><font color = 'blue'> .</font></B>  -Absent
<B><font color = 'blue'> .</font></B>  -Absent
<B><font color = 'blue'> .</font></B>  -Absent
<B><font color = 'blue'> .</font></B>  -Absent
<B><font color = 'blue'> .</font></B>  -Absent
<B><font color = 'blue'> .</font></B>  -Absent
<B><font color = 'blue'> .</font></B>  -Absent
<B><font color = 'blue'> .</font></B>  -Absent
<B><font color = 'blue'> .</font></B>  -Absent
<B><font color = 'blue'> .</font></B>  -Absent
<B><font color = 'blue'> .</font></B>  -Absent
<B><font color = 'blue'> .</font></B>  -surya kk 
<B><font color = 'blue'> .</font></B>  -123@gmail.com
<B><font color = 'blue'> .</font></B>  -mmmmm
<B><font color = 'blue'> .</font></B>  -2022-11-07
<B><font color = 'blue'> .</font></B>  -Absent
<B><font color = 'blue'> .</font></B>  -Absent
<B><font color = 'blue'> .</font></B>  -undefined
<B><font color = 'blue'> .</font></B>  -Tamilnadu
<B><font color = 'blue'> .</font></B>  -Test and Dev
<B><font color = 'blue'> .</font></B>  -Absent
<B><font color = 'blue'> .</font></B>  -Absent
<B><font color = 'blue'> .</font></B>  -Absent
<B><font color = 'blue'> .</font></B>  -Absent
<B><font color = 'blue'> .</font></B>  -Absent
<B><font color = 'blue'> .</font></B>  -Absent
<B><font color = 'blue'> .</font></B>  -Absent
<B><font color = 'blue'> .</font></B>  -Absent
<B><font color = 'blue'> .</font></B>  -Absent
<B><font color = 'blue'> .</font></B>  -Absent
<B><font color = 'blue'> .</font></B>  -Absent
<B><font color = 'blue'> .</font></B>  -sai kk 
<B><font color = 'blue'> .</font></B>  -saikk19876@gmail.com
<B><font color = 'blue'> .</font></B>  -20221019
<B><font color = 'blue'> .</font></B>  -2022-11-07
<B><font color = 'blue'> .</font></B>  -Absent
<B><font color = 'blue'> .</font></B>  -Absent
<B><font color = 'blue'> .</font></B>  -undefined
<B><font color = 'blue'> .</font></B>  -Tamilnadu
<B><font color = 'blue'> .</font></B>  -Test and Dev
<B><font color = 'blue'> .</font></B>  -Absent
<B><font color = 'blue'> .</font></B>  -Absent
<B><font color = 'blue'> .</font></B>  -Absent
<B><font color = 'blue'> .</font></B>  -Absent
<B><font color = 'blue'> .</font></B>  -Absent
<B><font color = 'blue'> .</font></B>  -Absent
<B><font color = 'blue'> .</font></B>  -Absent
<B><font color = 'blue'> .</font></B>  -Absent
<B><font color = 'blue'> .</font></B>  -Absent
<B><font color = 'blue'> .</font></B>  -Absent
<B><font color = 'blue'> .</font></B>  -Absent
<B><font color = 'blue'> .</font></B>  -ajeethemp test 
<B><font color = 'blue'> .</font></B>  -ajeethemp@gmail.com
<B><font color = 'blue'> .</font></B>  -A01
<B><font color = 'blue'> .</font></B>  -2022-11-07
<B><font color = 'blue'> .</font></B>  -Absent
<B><font color = 'blue'> .</font></B>  -Absent
<B><font color = 'blue'> .</font></B>  -undefined
<B><font color = 'blue'> .</font></B>  -Tamilnadu
<B><font color = 'blue'> .</font></B>  -Test and Dev
<B><font color = 'blue'> .</font></B>  -Absent
<B><font color = 'blue'> .</font></B>  -Absent
<B><font color = 'blue'> .</font></B>  -Absent
<B><font color = 'blue'> .</font></B>  -Absent
<B><font color = 'blue'> .</font></B>  -Absent
<B><font color = 'blue'> .</font></B>  -Absent
<B><font color = 'blue'> .</font></B>  -Absent
<B><font color = 'blue'> .</font></B>  -Absent
<B><font color = 'blue'> .</font></B>  -Absent
<B><font color = 'blue'> .</font></B>  -Absent
<B><font color = 'blue'> .</font></B>  -Absent
<B><font color = 'blue'> .</font></B>  -test user two 
<B><font color = 'blue'> .</font></B>  -testuser@two.io
<B><font color = 'blue'> .</font></B>  -GSLL-327
<B><font color = 'blue'> .</font></B>  -2022-11-07
<B><font color = 'blue'> .</font></B>  -Absent
<B><font color = 'blue'> .</font></B>  -Absent
<B><font color = 'blue'> .</font></B>  -undefined
<B><font color = 'blue'> .</font></B>  -Tamilnadu
<B><font color = 'blue'> .</font></B>  -Test and Dev
<B><font color = 'blue'> .</font></B>  -Absent
<B><font color = 'blue'> .</font></B>  -Absent
<B><font color = 'blue'> .</font></B>  -Absent
<B><font color = 'blue'> .</font></B>  -Absent
<B><font color = 'blue'> .</font></B>  -Absent
<B><font color = 'blue'> .</font></B>  -Absent
<B><font color = 'blue'> .</font></B>  -Absent
<B><font color = 'blue'> .</font></B>  -Absent
<B><font color = 'blue'> .</font></B>  -Absent
<B><font color = 'blue'> .</font></B>  -Absent
<B><font color = 'blue'> .</font></B>  -Absent
<B><font color = 'blue'> .</font></B>  -dxgfdxg gssdg 
<B><font color = 'blue'> .</font></B>  -sdgsg@dgksodkg.in
<B><font color = 'blue'> .</font></B>  -asfda343443
<B><font color = 'blue'> .</font></B>  -2022-11-07
<B><font color = 'blue'> .</font></B>  -Absent
<B><font color = 'blue'> .</font></B>  -Absent
<B><font color = 'blue'> .</font></B>  -undefined
<B><font color = 'blue'> .</font></B>  -Bhilai
<B><font color = 'blue'> .</font></B>  -Php
<B><font color = 'blue'> .</font></B>  -Absent
<B><font color = 'blue'> .</font></B>  -Absent
<B><font color = 'blue'> .</font></B>  -Absent
<B><font color = 'blue'> .</font></B>  -Absent
<B><font color = 'blue'> .</font></B>  -Absent
<B><font color = 'blue'> .</font></B>  -Absent
<B><font color = 'blue'> .</font></B>  -Absent
<B><font color = 'blue'> .</font></B>  -Absent
<B><font color = 'blue'> .</font></B>  -Absent
<B><font color = 'blue'> .</font></B>  -Absent
<B><font color = 'blue'> .</font></B>  -Absent
<B><font color = 'blue'> .</font></B>  -Guest User 
<B><font color = 'blue'> .</font></B>  -guestuser@gmail.com
<B><font color = 'blue'> .</font></B>  -GLB-777
<B><font color = 'blue'> .</font></B>  -2022-11-07
<B><font color = 'blue'> .</font></B>  -Absent
<B><font color = 'blue'> .</font></B>  -Absent
<B><font color = 'blue'> .</font></B>  -undefined
<B><font color = 'blue'> .</font></B>  -Bhilai
<B><font color = 'blue'> .</font></B>  -Php
<B><font color = 'blue'> .</font></B>  -Absent
<B><font color = 'blue'> .</font></B>  -Absent
<B><font color = 'blue'> .</font></B>  -Absent
<B><font color = 'blue'> .</font></B>  -Absent
<B><font color = 'blue'> .</font></B>  -Absent
<B><font color = 'blue'> .</font></B>  -Absent
<B><font color = 'blue'> .</font></B>  -Absent
<B><font color = 'blue'> .</font></B>  -Absent
<B><font color = 'blue'> .</font></B>  -Absent
<B><font color = 'blue'> .</font></B>  -Absent
<B><font color = 'blue'> .</font></B>  -Absent
<B><font color = 'blue'> .</font></B>  -Virat kohli 
<B><font color = 'blue'> .</font></B>  -rahukbgdxgsf@gmail.com
<B><font color = 'blue'> .</font></B>  -65332
<B><font color = 'blue'> .</font></B>  -2022-11-06
<B><font color = 'blue'> .</font></B>  -Absent
<B><font color = 'blue'> .</font></B>  -Absent
<B><font color = 'blue'> .</font></B>  -undefined
<B><font color = 'blue'> .</font></B>  -Default
<B><font color = 'blue'> .</font></B>  -Default
<B><font color = 'blue'> .</font></B>  -Absent
<B><font color = 'blue'> .</font></B>  -Absent
<B><font color = 'blue'> .</font></B>  -Absent
<B><font color = 'blue'> .</font></B>  -Absent
<B><font color = 'blue'> .</font></B>  -Absent
<B><font color = 'blue'> .</font></B>  -Absent
<B><font color = 'blue'> .</font></B>  -Absent
<B><font color = 'blue'> .</font></B>  -Absent
<B><font color = 'blue'> .</font></B>  -Absent
<B><font color = 'blue'> .</font></B>  -Absent
<B><font color = 'blue'> .</font></B>  -Absent
<B><font color = 'blue'> .</font></B>  -sadas kadkasdj 
<B><font color = 'blue'> .</font></B>  -dsa@eqe
<B><font color = 'blue'> .</font></B>  -emp129666
<B><font color = 'blue'> .</font></B>  -2022-11-06
<B><font color = 'blue'> .</font></B>  -Absent
<B><font color = 'blue'> .</font></B>  -Absent
<B><font color = 'blue'> .</font></B>  -undefined
<B><font color = 'blue'> .</font></B>  -Default
<B><font color = 'blue'> .</font></B>  -Default
<B><font color = 'blue'> .</font></B>  -Absent
<B><font color = 'blue'> .</font></B>  -Absent
<B><font color = 'blue'> .</font></B>  -Absent
<B><font color = 'blue'> .</font></B>  -Absent
<B><font color = 'blue'> .</font></B>  -Absent
<B><font color = 'blue'> .</font></B>  -Absent
<B><font color = 'blue'> .</font></B>  -Absent
<B><font color = 'blue'> .</font></B>  -Absent
<B><font color = 'blue'> .</font></B>  -Absent
<B><font color = 'blue'> .</font></B>  -Absent
<B><font color = 'blue'> .</font></B>  -Absent
<B><font color = 'blue'> .</font></B>  -New Test 
<B><font color = 'blue'> .</font></B>  -newtest@gmail.com
<B><font color = 'blue'> .</font></B>  -ewer334443
<B><font color = 'blue'> .</font></B>  -2022-11-06
<B><font color = 'blue'> .</font></B>  -Absent
<B><font color = 'blue'> .</font></B>  -Absent
<B><font color = 'blue'> .</font></B>  -undefined
<B><font color = 'blue'> .</font></B>  -Default
<B><font color = 'blue'> .</font></B>  -Default
<B><font color = 'blue'> .</font></B>  -Absent
<B><font color = 'blue'> .</font></B>  -Absent
<B><font color = 'blue'> .</font></B>  -Absent
<B><font color = 'blue'> .</font></B>  -Absent
<B><font color = 'blue'> .</font></B>  -Absent
<B><font color = 'blue'> .</font></B>  -Absent
<B><font color = 'blue'> .</font></B>  -Absent
<B><font color = 'blue'> .</font></B>  -Absent
<B><font color = 'blue'> .</font></B>  -Absent
<B><font color = 'blue'> .</font></B>  -Absent
<B><font color = 'blue'> .</font></B>  -Absent
<B><font color = 'blue'> .</font></B>  -dshcdb uidsbf 
<B><font color = 'blue'> .</font></B>  -dvbvdb@yahoo.com
<B><font color = 'blue'> .</font></B>  -435454
<B><font color = 'blue'> .</font></B>  -2022-11-06
<B><font color = 'blue'> .</font></B>  -Absent
<B><font color = 'blue'> .</font></B>  -Absent
<B><font color = 'blue'> .</font></B>  -undefined
<B><font color = 'blue'> .</font></B>  -Default
<B><font color = 'blue'> .</font></B>  -Default
<B><font color = 'blue'> .</font></B>  -Absent
<B><font color = 'blue'> .</font></B>  -Absent
<B><font color = 'blue'> .</font></B>  -Absent
<B><font color = 'blue'> .</font></B>  -Absent
<B><font color = 'blue'> .</font></B>  -Absent
<B><font color = 'blue'> .</font></B>  -Absent
<B><font color = 'blue'> .</font></B>  -Absent
<B><font color = 'blue'> .</font></B>  -Absent
<B><font color = 'blue'> .</font></B>  -Absent
<B><font color = 'blue'> .</font></B>  -Absent
<B><font color = 'blue'> .</font></B>  -Absent
<B><font color = 'blue'> .</font></B>  -try last 
<B><font color = 'blue'> .</font></B>  -try@gmail.com
<B><font color = 'blue'> .</font></B>  -1225455
<B><font color = 'blue'> .</font></B>  -2022-11-06
<B><font color = 'blue'> .</font></B>  -Absent
<B><font color = 'blue'> .</font></B>  -Absent
<B><font color = 'blue'> .</font></B>  -undefined
<B><font color = 'blue'> .</font></B>  -Default
<B><font color = 'blue'> .</font></B>  -Default
<B><font color = 'blue'> .</font></B>  -Absent
<B><font color = 'blue'> .</font></B>  -Absent
<B><font color = 'blue'> .</font></B>  -Absent
<B><font color = 'blue'> .</font></B>  -Absent
<B><font color = 'blue'> .</font></B>  -Absent
<B><font color = 'blue'> .</font></B>  -Absent
<B><font color = 'blue'> .</font></B>  -Absent
<B><font color = 'blue'> .</font></B>  -Absent
<B><font color = 'blue'> .</font></B>  -Absent
<B><font color = 'blue'> .</font></B>  -Absent
<B><font color = 'blue'> .</font></B>  -Absent
<B><font color = 'blue'> .</font></B>  -vdjvdb yusvdvbbh 
<B><font color = 'blue'> .</font></B>  -dvhbfdh@gmail.com
<B><font color = 'blue'> .</font></B>  -wq534342
<B><font color = 'blue'> .</font></B>  -2022-11-06
<B><font color = 'blue'> .</font></B>  -Absent
<B><font color = 'blue'> .</font></B>  -Absent
<B><font color = 'blue'> .</font></B>  -undefined
<B><font color = 'blue'> .</font></B>  -Default
<B><font color = 'blue'> .</font></B>  -Default
<B><font color = 'blue'> .</font></B>  -Absent
<B><font color = 'blue'> .</font></B>  -Absent
<B><font color = 'blue'> .</font></B>  -Absent
<B><font color = 'blue'> .</font></B>  -Absent
<B><font color = 'blue'> .</font></B>  -Absent
<B><font color = 'blue'> .</font></B>  -Absent
<B><font color = 'blue'> .</font></B>  -Absent
<B><font color = 'blue'> .</font></B>  -Absent
<B><font color = 'blue'> .</font></B>  -Absent
<B><font color = 'blue'> .</font></B>  -Absent
<B><font color = 'blue'> .</font></B>  -Absent
<B><font color = 'blue'> .</font></B>  -Mail Test user 
<B><font color = 'blue'> .</font></B>  -maintest@user.io
<B><font color = 'blue'> .</font></B>  -GLB-1223888
<B><font color = 'blue'> .</font></B>  -2022-11-06
<B><font color = 'blue'> .</font></B>  -Absent
<B><font color = 'blue'> .</font></B>  -Absent
<B><font color = 'blue'> .</font></B>  -undefined
<B><font color = 'blue'> .</font></B>  -Default
<B><font color = 'blue'> .</font></B>  -Default
<B><font color = 'blue'> .</font></B>  -Absent
<B><font color = 'blue'> .</font></B>  -Absent
<B><font color = 'blue'> .</font></B>  -Absent
<B><font color = 'blue'> .</font></B>  -Absent
<B><font color = 'blue'> .</font></B>  -Absent
<B><font color = 'blue'> .</font></B>  -Absent
<B><font color = 'blue'> .</font></B>  -Absent
<B><font color = 'blue'> .</font></B>  -Absent
<B><font color = 'blue'> .</font></B>  -Absent
<B><font color = 'blue'> .</font></B>  -Absent
<B><font color = 'blue'> .</font></B>  -Absent
<B><font color = 'blue'> .</font></B>  -Update Check 
<B><font color = 'blue'> .</font></B>  -updates@gmail.com
<B><font color = 'blue'> .</font></B>  -emp543
<B><font color = 'blue'> .</font></B>  -2022-11-06
<B><font color = 'blue'> .</font></B>  -Absent
<B><font color = 'blue'> .</font></B>  -Absent
<B><font color = 'blue'> .</font></B>  -undefined
<B><font color = 'blue'> .</font></B>  -Default
<B><font color = 'blue'> .</font></B>  -Default
<B><font color = 'blue'> .</font></B>  -Absent
<B><font color = 'blue'> .</font></B>  -Absent
<B><font color = 'blue'> .</font></B>  -Absent
<B><font color = 'blue'> .</font></B>  -Absent
<B><font color = 'blue'> .</font></B>  -Absent
<B><font color = 'blue'> .</font></B>  -Absent
<B><font color = 'blue'> .</font></B>  -Absent
<B><font color = 'blue'> .</font></B>  -Absent
<B><font color = 'blue'> .</font></B>  -Absent
<B><font color = 'blue'> .</font></B>  -Absent
<B><font color = 'blue'> .</font></B>  -Absent
<B><font color = 'blue'> .</font></B>  -test manager 
<B><font color = 'blue'> .</font></B>  -manageremp@gmail.com
<B><font color = 'blue'> .</font></B>  -glb020
<B><font color = 'blue'> .</font></B>  -2022-11-06
<B><font color = 'blue'> .</font></B>  -Absent
<B><font color = 'blue'> .</font></B>  -Absent
<B><font color = 'blue'> .</font></B>  -undefined
<B><font color = 'blue'> .</font></B>  -Default
<B><font color = 'blue'> .</font></B>  -Default
<B><font color = 'blue'> .</font></B>  -Absent
<B><font color = 'blue'> .</font></B>  -Absent
<B><font color = 'blue'> .</font></B>  -Absent
<B><font color = 'blue'> .</font></B>  -Absent
<B><font color = 'blue'> .</font></B>  -Absent
<B><font color = 'blue'> .</font></B>  -Absent
<B><font color = 'blue'> .</font></B>  -Absent
<B><font color = 'blue'> .</font></B>  -Absent
<B><font color = 'blue'> .</font></B>  -Absent
<B><font color = 'blue'> .</font></B>  -Absent
<B><font color = 'blue'> .</font></B>  -Absent
<B><font color = 'blue'> .</font></B>  -DESKTOP-PJJHB19 - GLB-BLR-002OjUpRD2 
<B><font color = 'blue'> .</font></B>  --
<B><font color = 'blue'> .</font></B>  -GLB-BLR-002OjUpRD2
<B><font color = 'blue'> .</font></B>  -2022-11-06
<B><font color = 'blue'> .</font></B>  -Absent
<B><font color = 'blue'> .</font></B>  -Absent
<B><font color = 'blue'> .</font></B>  -undefined
<B><font color = 'blue'> .</font></B>  -Default
<B><font color = 'blue'> .</font></B>  -Default
<B><font color = 'blue'> .</font></B>  -Absent
<B><font color = 'blue'> .</font></B>  -Absent
<B><font color = 'blue'> .</font></B>  -Absent
<B><font color = 'blue'> .</font></B>  -Absent
<B><font color = 'blue'> .</font></B>  -Absent
<B><font color = 'blue'> .</font></B>  -Absent
<B><font color = 'blue'> .</font></B>  -Absent
<B><font color = 'blue'> .</font></B>  -Absent
<B><font color = 'blue'> .</font></B>  -Absent
<B><font color = 'blue'> .</font></B>  -Absent
<B><font color = 'blue'> .</font></B>  -Absent
<B><font color = 'blue'> .</font></B>  -Usb Test 
<B><font color = 'blue'> .</font></B>  -usbtest123@gmail.com
<B><font color = 'blue'> .</font></B>  -emp0097
<B><font color = 'blue'> .</font></B>  -2022-11-06
<B><font color = 'blue'> .</font></B>  -Absent
<B><font color = 'blue'> .</font></B>  -Absent
<B><font color = 'blue'> .</font></B>  -undefined
<B><font color = 'blue'> .</font></B>  -Default
<B><font color = 'blue'> .</font></B>  -Default
<B><font color = 'blue'> .</font></B>  -Absent
<B><font color = 'blue'> .</font></B>  -Absent
<B><font color = 'blue'> .</font></B>  -Absent
<B><font color = 'blue'> .</font></B>  -Absent
<B><font color = 'blue'> .</font></B>  -Absent
<B><font color = 'blue'> .</font></B>  -Absent
<B><font color = 'blue'> .</font></B>  -Absent
<B><font color = 'blue'> .</font></B>  -Absent
<B><font color = 'blue'> .</font></B>  -Absent
<B><font color = 'blue'> .</font></B>  -Absent
<B><font color = 'blue'> .</font></B>  -Absent
<B><font color = 'blue'> .</font></B>  -SS Keystrokes 
<B><font color = 'blue'> .</font></B>  -sskey@gmail.com
<B><font color = 'blue'> .</font></B>  -emp98y
<B><font color = 'blue'> .</font></B>  -2022-11-06
<B><font color = 'blue'> .</font></B>  -Absent
<B><font color = 'blue'> .</font></B>  -Absent
<B><font color = 'blue'> .</font></B>  -undefined
<B><font color = 'blue'> .</font></B>  -Default
<B><font color = 'blue'> .</font></B>  -Default
<B><font color = 'blue'> .</font></B>  -Absent
<B><font color = 'blue'> .</font></B>  -Absent
<B><font color = 'blue'> .</font></B>  -Absent
<B><font color = 'blue'> .</font></B>  -Absent
<B><font color = 'blue'> .</font></B>  -Absent
<B><font color = 'blue'> .</font></B>  -Absent
<B><font color = 'blue'> .</font></B>  -Absent
<B><font color = 'blue'> .</font></B>  -Absent
<B><font color = 'blue'> .</font></B>  -Absent
<B><font color = 'blue'> .</font></B>  -Absent
<B><font color = 'blue'> .</font></B>  -Absent
<B><font color = 'blue'> .</font></B>  -shivammmmmmmmmmmmmmmmmmmm Kumar 
<B><font color = 'blue'> .</font></B>  -kgfyash545@gmail.com
<B><font color = 'blue'> .</font></B>  -hsakhdjk414
<B><font color = 'blue'> .</font></B>  -2022-11-06
<B><font color = 'blue'> .</font></B>  -Absent
<B><font color = 'blue'> .</font></B>  -Absent
<B><font color = 'blue'> .</font></B>  -undefined
<B><font color = 'blue'> .</font></B>  -Default
<B><font color = 'blue'> .</font></B>  -Default
<B><font color = 'blue'> .</font></B>  -Absent
<B><font color = 'blue'> .</font></B>  -Absent
<B><font color = 'blue'> .</font></B>  -Absent
<B><font color = 'blue'> .</font></B>  -Absent
<B><font color = 'blue'> .</font></B>  -Absent
<B><font color = 'blue'> .</font></B>  -Absent
<B><font color = 'blue'> .</font></B>  -Absent
<B><font color = 'blue'> .</font></B>  -Absent
<B><font color = 'blue'> .</font></B>  -Absent
<B><font color = 'blue'> .</font></B>  -Absent
<B><font color = 'blue'> .</font></B>  -Absent
<B><font color = 'blue'> .</font></B>  -Abhishek Four tf test 
<B><font color = 'blue'> .</font></B>  -abhishekfourtf@mail.com
<B><font color = 'blue'> .</font></B>  -HLIKSJ98
<B><font color = 'blue'> .</font></B>  -2022-11-06
<B><font color = 'blue'> .</font></B>  -Absent
<B><font color = 'blue'> .</font></B>  -Absent
<B><font color = 'blue'> .</font></B>  -undefined
<B><font color = 'blue'> .</font></B>  -Default
<B><font color = 'blue'> .</font></B>  -Default
<B><font color = 'blue'> .</font></B>  -Absent
<B><font color = 'blue'> .</font></B>  -Absent
<B><font color = 'blue'> .</font></B>  -Absent
<B><font color = 'blue'> .</font></B>  -Absent
<B><font color = 'blue'> .</font></B>  -Absent
<B><font color = 'blue'> .</font></B>  -Absent
<B><font color = 'blue'> .</font></B>  -Absent
<B><font color = 'blue'> .</font></B>  -Absent
<B><font color = 'blue'> .</font></B>  -Absent
<B><font color = 'blue'> .</font></B>  -Absent
<B><font color = 'blue'> .</font></B>  -Absent
<B><font color = 'blue'> .</font></B>  -new dev user 
<B><font color = 'blue'> .</font></B>  -new@dev.user
<B><font color = 'blue'> .</font></B>  -fdfsfsd
<B><font color = 'blue'> .</font></B>  -2022-11-06
<B><font color = 'blue'> .</font></B>  -Absent
<B><font color = 'blue'> .</font></B>  -Absent
<B><font color = 'blue'> .</font></B>  -undefined
<B><font color = 'blue'> .</font></B>  -Default
<B><font color = 'blue'> .</font></B>  -Default
<B><font color = 'blue'> .</font></B>  -Absent
<B><font color = 'blue'> .</font></B>  -Absent
<B><font color = 'blue'> .</font></B>  -Absent
<B><font color = 'blue'> .</font></B>  -Absent
<B><font color = 'blue'> .</font></B>  -Absent
<B><font color = 'blue'> .</font></B>  -Absent
<B><font color = 'blue'> .</font></B>  -Absent
<B><font color = 'blue'> .</font></B>  -Absent
<B><font color = 'blue'> .</font></B>  -Absent
<B><font color = 'blue'> .</font></B>  -Absent
<B><font color = 'blue'> .</font></B>  -Absent
<B><font color = 'blue'> .</font></B>  -aaaaaaaaaa aaaaaaaaa 
<B><font color = 'blue'> .</font></B>  -mmmm@gmail.com
<B><font color = 'blue'> .</font></B>  -80765s
<B><font color = 'blue'> .</font></B>  -2022-11-06
<B><font color = 'blue'> .</font></B>  -Absent
<B><font color = 'blue'> .</font></B>  -Absent
<B><font color = 'blue'> .</font></B>  -undefined
<B><font color = 'blue'> .</font></B>  -Bangalore
<B><font color = 'blue'> .</font></B>  -Testing
<B><font color = 'blue'> .</font></B>  -Absent
<B><font color = 'blue'> .</font></B>  -Absent
<B><font color = 'blue'> .</font></B>  -Absent
<B><font color = 'blue'> .</font></B>  -Absent
<B><font color = 'blue'> .</font></B>  -Absent
<B><font color = 'blue'> .</font></B>  -Absent
<B><font color = 'blue'> .</font></B>  -Absent
<B><font color = 'blue'> .</font></B>  -Absent
<B><font color = 'blue'> .</font></B>  -Absent
<B><font color = 'blue'> .</font></B>  -Absent
<B><font color = 'blue'> .</font></B>  -Absent
<B><font color = 'blue'> .</font></B>  -sumesh test 
<B><font color = 'blue'> .</font></B>  -sumesh@mail.com
<B><font color = 'blue'> .</font></B>  -fdgfdgf
<B><font color = 'blue'> .</font></B>  -2022-11-06
<B><font color = 'blue'> .</font></B>  -Absent
<B><font color = 'blue'> .</font></B>  -Absent
<B><font color = 'blue'> .</font></B>  -undefined
<B><font color = 'blue'> .</font></B>  -Bangalore
<B><font color = 'blue'> .</font></B>  -Testing
<B><font color = 'blue'> .</font></B>  -Absent
<B><font color = 'blue'> .</font></B>  -Absent
<B><font color = 'blue'> .</font></B>  -Absent
<B><font color = 'blue'> .</font></B>  -Absent
<B><font color = 'blue'> .</font></B>  -Absent
<B><font color = 'blue'> .</font></B>  -Absent
<B><font color = 'blue'> .</font></B>  -Absent
<B><font color = 'blue'> .</font></B>  -Absent
<B><font color = 'blue'> .</font></B>  -Absent
<B><font color = 'blue'> .</font></B>  -Absent
<B><font color = 'blue'> .</font></B>  -Absent
<B><font color = 'blue'> .</font></B>  -Test msc 
<B><font color = 'blue'> .</font></B>  -test123@gmail.com
<B><font color = 'blue'> .</font></B>  -12254
<B><font color = 'blue'> .</font></B>  -2022-11-06
<B><font color = 'blue'> .</font></B>  -Absent
<B><font color = 'blue'> .</font></B>  -Absent
<B><font color = 'blue'> .</font></B>  -undefined
<B><font color = 'blue'> .</font></B>  -Bangalore
<B><font color = 'blue'> .</font></B>  -Testing
<B><font color = 'blue'> .</font></B>  -Absent
<B><font color = 'blue'> .</font></B>  -Absent
<B><font color = 'blue'> .</font></B>  -Absent
<B><font color = 'blue'> .</font></B>  -Absent
<B><font color = 'blue'> .</font></B>  -Absent
<B><font color = 'blue'> .</font></B>  -Absent
<B><font color = 'blue'> .</font></B>  -Absent
<B><font color = 'blue'> .</font></B>  -Absent
<B><font color = 'blue'> .</font></B>  -Absent
<B><font color = 'blue'> .</font></B>  -Absent
<B><font color = 'blue'> .</font></B>  -Absent
<B><font color = 'blue'> .</font></B>  -deffdfds vscsc 
<B><font color = 'blue'> .</font></B>  -cscsdw123@gmail.com
<B><font color = 'blue'> .</font></B>  -1234512
<B><font color = 'blue'> .</font></B>  -2022-11-06
<B><font color = 'blue'> .</font></B>  -Absent
<B><font color = 'blue'> .</font></B>  -Absent
<B><font color = 'blue'> .</font></B>  -undefined
<B><font color = 'blue'> .</font></B>  -Bangalore
<B><font color = 'blue'> .</font></B>  -Testing
<B><font color = 'blue'> .</font></B>  -Absent
<B><font color = 'blue'> .</font></B>  -Absent
<B><font color = 'blue'> .</font></B>  -Absent
<B><font color = 'blue'> .</font></B>  -Absent
<B><font color = 'blue'> .</font></B>  -Absent
<B><font color = 'blue'> .</font></B>  -Absent
<B><font color = 'blue'> .</font></B>  -Absent
<B><font color = 'blue'> .</font></B>  -Absent
<B><font color = 'blue'> .</font></B>  -Absent
<B><font color = 'blue'> .</font></B>  -Absent
<B><font color = 'blue'> .</font></B>  -Absent
<B><font color = 'blue'> .</font></B>  -test testtt 
<B><font color = 'blue'> .</font></B>  -abcd@gmail.com
<B><font color = 'blue'> .</font></B>  -GLB55
<B><font color = 'blue'> .</font></B>  -2022-11-06
<B><font color = 'blue'> .</font></B>  -Absent
<B><font color = 'blue'> .</font></B>  -Absent
<B><font color = 'blue'> .</font></B>  -undefined
<B><font color = 'blue'> .</font></B>  -Bangalore
<B><font color = 'blue'> .</font></B>  -Testing
<B><font color = 'blue'> .</font></B>  -Absent
<B><font color = 'blue'> .</font></B>  -Absent
<B><font color = 'blue'> .</font></B>  -Absent
<B><font color = 'blue'> .</font></B>  -Absent
<B><font color = 'blue'> .</font></B>  -Absent
<B><font color = 'blue'> .</font></B>  -Absent
<B><font color = 'blue'> .</font></B>  -Absent
<B><font color = 'blue'> .</font></B>  -Absent
<B><font color = 'blue'> .</font></B>  -Absent
<B><font color = 'blue'> .</font></B>  -Absent
<B><font color = 'blue'> .</font></B>  -Absent
<B><font color = 'blue'> .</font></B>  -Abhishe tt 
<B><font color = 'blue'> .</font></B>  -ab@ab.com
<B><font color = 'blue'> .</font></B>  -GKD567
<B><font color = 'blue'> .</font></B>  -2022-11-06
<B><font color = 'blue'> .</font></B>  -Absent
<B><font color = 'blue'> .</font></B>  -Absent
<B><font color = 'blue'> .</font></B>  -undefined
<B><font color = 'blue'> .</font></B>  -Bangalore
<B><font color = 'blue'> .</font></B>  -Testing
<B><font color = 'blue'> .</font></B>  -Absent
<B><font color = 'blue'> .</font></B>  -Absent
<B><font color = 'blue'> .</font></B>  -Absent
<B><font color = 'blue'> .</font></B>  -Absent
<B><font color = 'blue'> .</font></B>  -Absent
<B><font color = 'blue'> .</font></B>  -Absent
<B><font color = 'blue'> .</font></B>  -Absent
<B><font color = 'blue'> .</font></B>  -Absent
<B><font color = 'blue'> .</font></B>  -Absent
<B><font color = 'blue'> .</font></B>  -Absent
<B><font color = 'blue'> .</font></B>  -Absent
<B><font color = 'blue'> .</font></B>  -test nonadmin 
<B><font color = 'blue'> .</font></B>  -testnonadmin@gmail.com
<B><font color = 'blue'> .</font></B>  -GLB026
<B><font color = 'blue'> .</font></B>  -2022-11-06
<B><font color = 'blue'> .</font></B>  -Absent
<B><font color = 'blue'> .</font></B>  -Absent
<B><font color = 'blue'> .</font></B>  -undefined
<B><font color = 'blue'> .</font></B>  -Bangalore
<B><font color = 'blue'> .</font></B>  -Php
<B><font color = 'blue'> .</font></B>  -Absent
<B><font color = 'blue'> .</font></B>  -Absent
<B><font color = 'blue'> .</font></B>  -Absent
<B><font color = 'blue'> .</font></B>  -Absent
<B><font color = 'blue'> .</font></B>  -Absent
<B><font color = 'blue'> .</font></B>  -Absent
<B><font color = 'blue'> .</font></B>  -Absent
<B><font color = 'blue'> .</font></B>  -Absent
<B><font color = 'blue'> .</font></B>  -Absent
<B><font color = 'blue'> .</font></B>  -Absent
<B><font color = 'blue'> .</font></B>  -Absent
<B><font color = 'blue'> .</font></B>  -adg ckj 
<B><font color = 'blue'> .</font></B>  -adcs@1234
<B><font color = 'blue'> .</font></B>  -583
<B><font color = 'blue'> .</font></B>  -2022-11-06
<B><font color = 'blue'> .</font></B>  -Absent
<B><font color = 'blue'> .</font></B>  -Absent
<B><font color = 'blue'> .</font></B>  -undefined
<B><font color = 'blue'> .</font></B>  -Bangalore
<B><font color = 'blue'> .</font></B>  -Testing
<B><font color = 'blue'> .</font></B>  -Absent
<B><font color = 'blue'> .</font></B>  -Absent
<B><font color = 'blue'> .</font></B>  -Absent
<B><font color = 'blue'> .</font></B>  -Absent
<B><font color = 'blue'> .</font></B>  -Absent
<B><font color = 'blue'> .</font></B>  -Absent
<B><font color = 'blue'> .</font></B>  -Absent
<B><font color = 'blue'> .</font></B>  -Absent
<B><font color = 'blue'> .</font></B>  -Absent
<B><font color = 'blue'> .</font></B>  -Absent
<B><font color = 'blue'> .</font></B>  -Absent
<B><font color = 'blue'> .</font></B>  -dominic toretto 
<B><font color = 'blue'> .</font></B>  -dom.toretto737@gmail.com
<B><font color = 'blue'> .</font></B>  -EMP011
<B><font color = 'blue'> .</font></B>  -2022-11-06
<B><font color = 'blue'> .</font></B>  -Absent
<B><font color = 'blue'> .</font></B>  -Absent
<B><font color = 'blue'> .</font></B>  -undefined
<B><font color = 'blue'> .</font></B>  -Bangalore
<B><font color = 'blue'> .</font></B>  -Testing
<B><font color = 'blue'> .</font></B>  -Absent
<B><font color = 'blue'> .</font></B>  -Absent
<B><font color = 'blue'> .</font></B>  -Absent
<B><font color = 'blue'> .</font></B>  -Absent
<B><font color = 'blue'> .</font></B>  -Absent
<B><font color = 'blue'> .</font></B>  -Absent
<B><font color = 'blue'> .</font></B>  -Absent
<B><font color = 'blue'> .</font></B>  -Absent
<B><font color = 'blue'> .</font></B>  -Absent
<B><font color = 'blue'> .</font></B>  -Absent
<B><font color = 'blue'> .</font></B>  -Absent
<B><font color = 'blue'> .</font></B>  -Abhishek Test 
<B><font color = 'blue'> .</font></B>  -abhishektrest@glb.in
<B><font color = 'blue'> .</font></B>  -rN7tvEiDPGNi4fD
<B><font color = 'blue'> .</font></B>  -2022-11-06
<B><font color = 'blue'> .</font></B>  -Absent
<B><font color = 'blue'> .</font></B>  -Absent
<B><font color = 'blue'> .</font></B>  -undefined
<B><font color = 'blue'> .</font></B>  -Bangalore
<B><font color = 'blue'> .</font></B>  -Php
<B><font color = 'blue'> .</font></B>  -Absent
<B><font color = 'blue'> .</font></B>  -Absent
<B><font color = 'blue'> .</font></B>  -Absent
<B><font color = 'blue'> .</font></B>  -Absent
<B><font color = 'blue'> .</font></B>  -Absent
<B><font color = 'blue'> .</font></B>  -Absent
<B><font color = 'blue'> .</font></B>  -Absent
<B><font color = 'blue'> .</font></B>  -Absent
<B><font color = 'blue'> .</font></B>  -Absent
<B><font color = 'blue'> .</font></B>  -Absent
<B><font color = 'blue'> .</font></B>  -Absent
<B><font color = 'blue'> .</font></B>  -Superior Test one 
<B><font color = 'blue'> .</font></B>  -superiorone@gmail.com
<B><font color = 'blue'> .</font></B>  -twoqw
<B><font color = 'blue'> .</font></B>  -2022-11-06
<B><font color = 'blue'> .</font></B>  -Absent
<B><font color = 'blue'> .</font></B>  -Absent
<B><font color = 'blue'> .</font></B>  -undefined
<B><font color = 'blue'> .</font></B>  -Bangalore
<B><font color = 'blue'> .</font></B>  -Testing
<B><font color = 'blue'> .</font></B>  -Absent
<B><font color = 'blue'> .</font></B>  -Absent
<B><font color = 'blue'> .</font></B>  -Absent
<B><font color = 'blue'> .</font></B>  -Absent
<B><font color = 'blue'> .</font></B>  -Absent
<B><font color = 'blue'> .</font></B>  -Absent
<B><font color = 'blue'> .</font></B>  -Absent
<B><font color = 'blue'> .</font></B>  -Absent
<B><font color = 'blue'> .</font></B>  -Absent
<B><font color = 'blue'> .</font></B>  -Absent
<B><font color = 'blue'> .</font></B>  -Absent
<B><font color = 'blue'> .</font></B>  -test testw 
<B><font color = 'blue'> .</font></B>  -test@mac.in
<B><font color = 'blue'> .</font></B>  -aaf123
<B><font color = 'blue'> .</font></B>  -2022-11-06
<B><font color = 'blue'> .</font></B>  -Absent
<B><font color = 'blue'> .</font></B>  -Absent
<B><font color = 'blue'> .</font></B>  -undefined
<B><font color = 'blue'> .</font></B>  -Bangalore
<B><font color = 'blue'> .</font></B>  -Php
<B><font color = 'blue'> .</font></B>  -Absent
<B><font color = 'blue'> .</font></B>  -Absent
<B><font color = 'blue'> .</font></B>  -Absent
<B><font color = 'blue'> .</font></B>  -Absent
<B><font color = 'blue'> .</font></B>  -Absent
<B><font color = 'blue'> .</font></B>  -Absent
<B><font color = 'blue'> .</font></B>  -Absent
<B><font color = 'blue'> .</font></B>  -Absent
<B><font color = 'blue'> .</font></B>  -Absent
<B><font color = 'blue'> .</font></B>  -Absent
<B><font color = 'blue'> .</font></B>  -Absent
<B><font color = 'blue'> .</font></B>  -sam eer 
<B><font color = 'blue'> .</font></B>  -sam@rf.in
<B><font color = 'blue'> .</font></B>  -WSAERT2Q34E
<B><font color = 'blue'> .</font></B>  -2022-11-06
<B><font color = 'blue'> .</font></B>  -Absent
<B><font color = 'blue'> .</font></B>  -Absent
<B><font color = 'blue'> .</font></B>  -undefined
<B><font color = 'blue'> .</font></B>  -Bangalore
<B><font color = 'blue'> .</font></B>  -Testing
<B><font color = 'blue'> .</font></B>  -Absent
<B><font color = 'blue'> .</font></B>  -Absent
<B><font color = 'blue'> .</font></B>  -Absent
<B><font color = 'blue'> .</font></B>  -Absent
<B><font color = 'blue'> .</font></B>  -Absent
<B><font color = 'blue'> .</font></B>  -Absent
<B><font color = 'blue'> .</font></B>  -Absent
<B><font color = 'blue'> .</font></B>  -Absent
<B><font color = 'blue'> .</font></B>  -Absent
<B><font color = 'blue'> .</font></B>  -Absent
<B><font color = 'blue'> .</font></B>  -Absent
<B><font color = 'blue'> .</font></B>  -Test test 
<B><font color = 'blue'> .</font></B>  -sarikajain@gmail.com
<B><font color = 'blue'> .</font></B>  -E-101
<B><font color = 'blue'> .</font></B>  -2022-11-06
<B><font color = 'blue'> .</font></B>  -Absent
<B><font color = 'blue'> .</font></B>  -Absent
<B><font color = 'blue'> .</font></B>  -undefined
<B><font color = 'blue'> .</font></B>  -Bangalore
<B><font color = 'blue'> .</font></B>  -Testing
<B><font color = 'blue'> .</font></B>  -Absent
<B><font color = 'blue'> .</font></B>  -Absent
<B><font color = 'blue'> .</font></B>  -Absent
<B><font color = 'blue'> .</font></B>  -Absent
<B><font color = 'blue'> .</font></B>  -Absent
<B><font color = 'blue'> .</font></B>  -Absent
<B><font color = 'blue'> .</font></B>  -Absent
<B><font color = 'blue'> .</font></B>  -Absent
<B><font color = 'blue'> .</font></B>  -Absent
<B><font color = 'blue'> .</font></B>  -Absent
<B><font color = 'blue'> .</font></B>  -Absent
<B><font color = 'blue'> .</font></B>  -sithu kalluru 
<B><font color = 'blue'> .</font></B>  -sitaramireddy@globussoft.in
<B><font color = 'blue'> .</font></B>  -code12
<B><font color = 'blue'> .</font></B>  -2022-11-06
<B><font color = 'blue'> .</font></B>  -Absent
<B><font color = 'blue'> .</font></B>  -Absent
<B><font color = 'blue'> .</font></B>  -undefined
<B><font color = 'blue'> .</font></B>  -Bangalore
<B><font color = 'blue'> .</font></B>  -Testing
<B><font color = 'blue'> .</font></B>  -Absent
<B><font color = 'blue'> .</font></B>  -Absent
<B><font color = 'blue'> .</font></B>  -Absent
<B><font color = 'blue'> .</font></B>  -Absent
<B><font color = 'blue'> .</font></B>  -Absent
<B><font color = 'blue'> .</font></B>  -Absent
<B><font color = 'blue'> .</font></B>  -Absent
<B><font color = 'blue'> .</font></B>  -Absent
<B><font color = 'blue'> .</font></B>  -Absent
<B><font color = 'blue'> .</font></B>  -Absent
<B><font color = 'blue'> .</font></B>  -Absent
<B><font color = 'blue'> .</font></B>  -test123 abcd 
<B><font color = 'blue'> .</font></B>  -s@gmail.com
<B><font color = 'blue'> .</font></B>  -code123z
<B><font color = 'blue'> .</font></B>  -2022-11-06
<B><font color = 'blue'> .</font></B>  -Absent
<B><font color = 'blue'> .</font></B>  -Absent
<B><font color = 'blue'> .</font></B>  -undefined
<B><font color = 'blue'> .</font></B>  -Bangalore
<B><font color = 'blue'> .</font></B>  -Testing
<B><font color = 'blue'> .</font></B>  -Absent
<B><font color = 'blue'> .</font></B>  -Absent
<B><font color = 'blue'> .</font></B>  -Absent
<B><font color = 'blue'> .</font></B>  -Absent
<B><font color = 'blue'> .</font></B>  -Absent
<B><font color = 'blue'> .</font></B>  -Absent
<B><font color = 'blue'> .</font></B>  -Absent
<B><font color = 'blue'> .</font></B>  -Absent
<B><font color = 'blue'> .</font></B>  -Absent
<B><font color = 'blue'> .</font></B>  -Absent
<B><font color = 'blue'> .</font></B>  -Absent
<B><font color = 'blue'> .</font></B>  -testing test 
<B><font color = 'blue'> .</font></B>  -aarshajoyson1601@gmail.com
<B><font color = 'blue'> .</font></B>  -glb0008
<B><font color = 'blue'> .</font></B>  -2022-11-06
<B><font color = 'blue'> .</font></B>  -Absent
<B><font color = 'blue'> .</font></B>  -Absent
<B><font color = 'blue'> .</font></B>  -undefined
<B><font color = 'blue'> .</font></B>  -Bangalore
<B><font color = 'blue'> .</font></B>  -Php
<B><font color = 'blue'> .</font></B>  -Absent
<B><font color = 'blue'> .</font></B>  -Absent
<B><font color = 'blue'> .</font></B>  -Absent
<B><font color = 'blue'> .</font></B>  -Absent
<B><font color = 'blue'> .</font></B>  -Absent
<B><font color = 'blue'> .</font></B>  -Absent
<B><font color = 'blue'> .</font></B>  -Absent
<B><font color = 'blue'> .</font></B>  -Absent
<B><font color = 'blue'> .</font></B>  -Absent
<B><font color = 'blue'> .</font></B>  -Absent
<B><font color = 'blue'> .</font></B>  -Absent
<B><font color = 'blue'> .</font></B>  -Automation CodeeeAuto 
<B><font color = 'blue'> .</font></B>  -skabcdef7@gmail.com
<B><font color = 'blue'> .</font></B>  -Emp-Abzcde-1234522
<B><font color = 'blue'> .</font></B>  -2022-11-06
<B><font color = 'blue'> .</font></B>  -Absent
<B><font color = 'blue'> .</font></B>  -Absent
<B><font color = 'blue'> .</font></B>  -undefined
<B><font color = 'blue'> .</font></B>  -Bangalore
<B><font color = 'blue'> .</font></B>  -Testing
<B><font color = 'blue'> .</font></B>  -Absent
<B><font color = 'blue'> .</font></B>  -Absent
<B><font color = 'blue'> .</font></B>  -Absent
<B><font color = 'blue'> .</font></B>  -Absent
<B><font color = 'blue'> .</font></B>  -Absent
<B><font color = 'blue'> .</font></B>  -Absent
<B><font color = 'blue'> .</font></B>  -Absent
<B><font color = 'blue'> .</font></B>  -Absent
<B><font color = 'blue'> .</font></B>  -Absent
<B><font color = 'blue'> .</font></B>  -Absent
<B><font color = 'blue'> .</font></B>  -Absent
<B><font color = 'blue'> .</font></B>  -piyush dfgsfg 
<B><font color = 'blue'> .</font></B>  -jos@gmail.com
<B><font color = 'blue'> .</font></B>  -sdgff
<B><font color = 'blue'> .</font></B>  -2022-11-06
<B><font color = 'blue'> .</font></B>  -Absent
<B><font color = 'blue'> .</font></B>  -Absent
<B><font color = 'blue'> .</font></B>  -undefined
<B><font color = 'blue'> .</font></B>  -Bangalore
<B><font color = 'blue'> .</font></B>  -Testing
<B><font color = 'blue'> .</font></B>  -Absent
<B><font color = 'blue'> .</font></B>  -Absent
<B><font color = 'blue'> .</font></B>  -Absent
<B><font color = 'blue'> .</font></B>  -Absent
<B><font color = 'blue'> .</font></B>  -Absent
<B><font color = 'blue'> .</font></B>  -Absent
<B><font color = 'blue'> .</font></B>  -Absent
<B><font color = 'blue'> .</font></B>  -Absent
<B><font color = 'blue'> .</font></B>  -Absent
<B><font color = 'blue'> .</font></B>  -Absent
<B><font color = 'blue'> .</font></B>  -Absent
<B><font color = 'blue'> .</font></B>  -Aryan raj 
<B><font color = 'blue'> .</font></B>  -alex@gmail.com
<B><font color = 'blue'> .</font></B>  -126
<B><font color = 'blue'> .</font></B>  -2022-11-06
<B><font color = 'blue'> .</font></B>  -Absent
<B><font color = 'blue'> .</font></B>  -Absent
<B><font color = 'blue'> .</font></B>  -undefined
<B><font color = 'blue'> .</font></B>  -Bangalore
<B><font color = 'blue'> .</font></B>  -Testing
<B><font color = 'blue'> .</font></B>  -Absent
<B><font color = 'blue'> .</font></B>  -Absent
<B><font color = 'blue'> .</font></B>  -Absent
<B><font color = 'blue'> .</font></B>  -Absent
<B><font color = 'blue'> .</font></B>  -Absent
<B><font color = 'blue'> .</font></B>  -Absent
<B><font color = 'blue'> .</font></B>  -Absent
<B><font color = 'blue'> .</font></B>  -Absent
<B><font color = 'blue'> .</font></B>  -Absent
<B><font color = 'blue'> .</font></B>  -Absent
<B><font color = 'blue'> .</font></B>  -Absent
<B><font color = 'blue'> .</font></B>  -Automation CodeeeAuto 
<B><font color = 'blue'> .</font></B>  -skabcdef38@gmail.com
<B><font color = 'blue'> .</font></B>  -Emp-Abzcde-123457
<B><font color = 'blue'> .</font></B>  -2022-11-06
<B><font color = 'blue'> .</font></B>  -Absent
<B><font color = 'blue'> .</font></B>  -Absent
<B><font color = 'blue'> .</font></B>  -undefined
<B><font color = 'blue'> .</font></B>  -Bangalore
<B><font color = 'blue'> .</font></B>  -Testing
<B><font color = 'blue'> .</font></B>  -Absent
<B><font color = 'blue'> .</font></B>  -Absent
<B><font color = 'blue'> .</font></B>  -Absent
<B><font color = 'blue'> .</font></B>  -Absent
<B><font color = 'blue'> .</font></B>  -Absent
<B><font color = 'blue'> .</font></B>  -Absent
<B><font color = 'blue'> .</font></B>  -Absent
<B><font color = 'blue'> .</font></B>  -Absent
<B><font color = 'blue'> .</font></B>  -Absent
<B><font color = 'blue'> .</font></B>  -Absent
<B><font color = 'blue'> .</font></B>  -Absent
<B><font color = 'blue'> .</font></B>  -Automation CodeeeAuto 
<B><font color = 'blue'> .</font></B>  -skabcdef33@gmail.com
<B><font color = 'blue'> .</font></B>  -Emp-Abzcde-1234557
<B><font color = 'blue'> .</font></B>  -2022-11-06
<B><font color = 'blue'> .</font></B>  -Absent
<B><font color = 'blue'> .</font></B>  -Absent
<B><font color = 'blue'> .</font></B>  -undefined
<B><font color = 'blue'> .</font></B>  -Bangalore
<B><font color = 'blue'> .</font></B>  -Testing
<B><font color = 'blue'> .</font></B>  -Absent
<B><font color = 'blue'> .</font></B>  -Absent
<B><font color = 'blue'> .</font></B>  -Absent
<B><font color = 'blue'> .</font></B>  -Absent
<B><font color = 'blue'> .</font></B>  -Absent
<B><font color = 'blue'> .</font></B>  -Absent
<B><font color = 'blue'> .</font></B>  -Absent
<B><font color = 'blue'> .</font></B>  -Absent
<B><font color = 'blue'> .</font></B>  -Absent
<B><font color = 'blue'> .</font></B>  -Absent
<B><font color = 'blue'> .</font></B>  -Absent
<B><font color = 'blue'> .</font></B>  -D Surya Prabhakar 
<B><font color = 'blue'> .</font></B>  -surya1@gmail.com
<B><font color = 'blue'> .</font></B>  -EM010
<B><font color = 'blue'> .</font></B>  -2022-11-06
<B><font color = 'blue'> .</font></B>  -Absent
<B><font color = 'blue'> .</font></B>  -Absent
<B><font color = 'blue'> .</font></B>  -undefined
<B><font color = 'blue'> .</font></B>  -bengaluru
<B><font color = 'blue'> .</font></B>  -Testing
<B><font color = 'blue'> .</font></B>  -Absent
<B><font color = 'blue'> .</font></B>  -Absent
<B><font color = 'blue'> .</font></B>  -Absent
<B><font color = 'blue'> .</font></B>  -Absent
<B><font color = 'blue'> .</font></B>  -Absent
<B><font color = 'blue'> .</font></B>  -Absent
<B><font color = 'blue'> .</font></B>  -Absent
<B><font color = 'blue'> .</font></B>  -Absent
<B><font color = 'blue'> .</font></B>  -Absent
<B><font color = 'blue'> .</font></B>  -Absent
<B><font color = 'blue'> .</font></B>  -Absent
<B><font color = 'blue'> .</font></B>  -R o       hit Sharma 
<B><font color = 'blue'> .</font></B>  -rahulrajt5613928@gmail.com
<B><font color = 'blue'> .</font></B>  -67645
<B><font color = 'blue'> .</font></B>  -2022-11-06
<B><font color = 'blue'> .</font></B>  -Absent
<B><font color = 'blue'> .</font></B>  -Absent
<B><font color = 'blue'> .</font></B>  -undefined
<B><font color = 'blue'> .</font></B>  -bengaluru
<B><font color = 'blue'> .</font></B>  -Testing
<B><font color = 'blue'> .</font></B>  -Absent
<B><font color = 'blue'> .</font></B>  -Absent
<B><font color = 'blue'> .</font></B>  -Absent
<B><font color = 'blue'> .</font></B>  -Absent
<B><font color = 'blue'> .</font></B>  -Absent
<B><font color = 'blue'> .</font></B>  -Absent
<B><font color = 'blue'> .</font></B>  -Absent
<B><font color = 'blue'> .</font></B>  -Absent
<B><font color = 'blue'> .</font></B>  -Absent
<B><font color = 'blue'> .</font></B>  -Absent
<B><font color = 'blue'> .</font></B>  -Absent
<B><font color = 'blue'> .</font></B>  -ni test 
<B><font color = 'blue'> .</font></B>  -nitest12@gmail.com
<B><font color = 'blue'> .</font></B>  -GLB678
<B><font color = 'blue'> .</font></B>  -2022-11-06
<B><font color = 'blue'> .</font></B>  -Absent
<B><font color = 'blue'> .</font></B>  -Absent
<B><font color = 'blue'> .</font></B>  -undefined
<B><font color = 'blue'> .</font></B>  -bengaluru
<B><font color = 'blue'> .</font></B>  -Testing
<B><font color = 'blue'> .</font></B>  -Absent
<B><font color = 'blue'> .</font></B>  -Absent
<B><font color = 'blue'> .</font></B>  -Absent
<B><font color = 'blue'> .</font></B>  -Absent
<B><font color = 'blue'> .</font></B>  -Absent
<B><font color = 'blue'> .</font></B>  -Absent
<B><font color = 'blue'> .</font></B>  -Absent
<B><font color = 'blue'> .</font></B>  -Absent
<B><font color = 'blue'> .</font></B>  -Absent
<B><font color = 'blue'> .</font></B>  -Absent
<B><font color = 'blue'> .</font></B>  -Absent
<B><font color = 'blue'> .</font></B>  -one test 
<B><font color = 'blue'> .</font></B>  -testone1234@gmail.com
<B><font color = 'blue'> .</font></B>  -0110
<B><font color = 'blue'> .</font></B>  -2022-11-06
<B><font color = 'blue'> .</font></B>  -Absent
<B><font color = 'blue'> .</font></B>  -Absent
<B><font color = 'blue'> .</font></B>  -undefined
<B><font color = 'blue'> .</font></B>  -bengaluru
<B><font color = 'blue'> .</font></B>  -Testing
<B><font color = 'blue'> .</font></B>  -Absent
<B><font color = 'blue'> .</font></B>  -Absent
<B><font color = 'blue'> .</font></B>  -Absent
<B><font color = 'blue'> .</font></B>  -Absent
<B><font color = 'blue'> .</font></B>  -Absent
<B><font color = 'blue'> .</font></B>  -Absent
<B><font color = 'blue'> .</font></B>  -Absent
<B><font color = 'blue'> .</font></B>  -Absent
<B><font color = 'blue'> .</font></B>  -Absent
<B><font color = 'blue'> .</font></B>  -Absent
<B><font color = 'blue'> .</font></B>  -Absent
<B><font color = 'blue'> .</font></B>  -GLB-BLR-010-PC - GLB-BLR-010 
<B><font color = 'blue'> .</font></B>  -abcd@yuksdgus
<B><font color = 'blue'> .</font></B>  -GLB-BLR-010
<B><font color = 'blue'> .</font></B>  -2022-11-06
<B><font color = 'blue'> .</font></B>  -Absent
<B><font color = 'blue'> .</font></B>  -Absent
<B><font color = 'blue'> .</font></B>  -undefined
<B><font color = 'blue'> .</font></B>  -bengaluru
<B><font color = 'blue'> .</font></B>  -Testing
<B><font color = 'blue'> .</font></B>  -Absent
<B><font color = 'blue'> .</font></B>  -Absent
<B><font color = 'blue'> .</font></B>  -Absent
<B><font color = 'blue'> .</font></B>  -Absent
<B><font color = 'blue'> .</font></B>  -Absent
<B><font color = 'blue'> .</font></B>  -Absent
<B><font color = 'blue'> .</font></B>  -Absent
<B><font color = 'blue'> .</font></B>  -Absent
<B><font color = 'blue'> .</font></B>  -Absent
<B><font color = 'blue'> .</font></B>  -Absent
<B><font color = 'blue'> .</font></B>  -Absent
<B><font color = 'blue'> .</font></B>  -surya kk 
<B><font color = 'blue'> .</font></B>  -123@gmail.com
<B><font color = 'blue'> .</font></B>  -mmmmm
<B><font color = 'blue'> .</font></B>  -2022-11-06
<B><font color = 'blue'> .</font></B>  -Absent
<B><font color = 'blue'> .</font></B>  -Absent
<B><font color = 'blue'> .</font></B>  -undefined
<B><font color = 'blue'> .</font></B>  -Tamilnadu
<B><font color = 'blue'> .</font></B>  -Test and Dev
<B><font color = 'blue'> .</font></B>  -Absent
<B><font color = 'blue'> .</font></B>  -Absent
<B><font color = 'blue'> .</font></B>  -Absent
<B><font color = 'blue'> .</font></B>  -Absent
<B><font color = 'blue'> .</font></B>  -Absent
<B><font color = 'blue'> .</font></B>  -Absent
<B><font color = 'blue'> .</font></B>  -Absent
<B><font color = 'blue'> .</font></B>  -Absent
<B><font color = 'blue'> .</font></B>  -Absent
<B><font color = 'blue'> .</font></B>  -Absent
<B><font color = 'blue'> .</font></B>  -Absent
<B><font color = 'blue'> .</font></B>  -sai kk 
<B><font color = 'blue'> .</font></B>  -saikk19876@gmail.com
<B><font color = 'blue'> .</font></B>  -20221019
<B><font color = 'blue'> .</font></B>  -2022-11-06
<B><font color = 'blue'> .</font></B>  -Absent
<B><font color = 'blue'> .</font></B>  -Absent
<B><font color = 'blue'> .</font></B>  -undefined
<B><font color = 'blue'> .</font></B>  -Tamilnadu
<B><font color = 'blue'> .</font></B>  -Test and Dev
<B><font color = 'blue'> .</font></B>  -Absent
<B><font color = 'blue'> .</font></B>  -Absent
<B><font color = 'blue'> .</font></B>  -Absent
<B><font color = 'blue'> .</font></B>  -Absent
<B><font color = 'blue'> .</font></B>  -Absent
<B><font color = 'blue'> .</font></B>  -Absent
<B><font color = 'blue'> .</font></B>  -Absent
<B><font color = 'blue'> .</font></B>  -Absent
<B><font color = 'blue'> .</font></B>  -Absent
<B><font color = 'blue'> .</font></B>  -Absent
<B><font color = 'blue'> .</font></B>  -Absent
<B><font color = 'blue'> .</font></B>  -ajeethemp test 
<B><font color = 'blue'> .</font></B>  -ajeethemp@gmail.com
<B><font color = 'blue'> .</font></B>  -A01
<B><font color = 'blue'> .</font></B>  -2022-11-06
<B><font color = 'blue'> .</font></B>  -Absent
<B><font color = 'blue'> .</font></B>  -Absent
<B><font color = 'blue'> .</font></B>  -undefined
<B><font color = 'blue'> .</font></B>  -Tamilnadu
<B><font color = 'blue'> .</font></B>  -Test and Dev
<B><font color = 'blue'> .</font></B>  -Absent
<B><font color = 'blue'> .</font></B>  -Absent
<B><font color = 'blue'> .</font></B>  -Absent
<B><font color = 'blue'> .</font></B>  -Absent
<B><font color = 'blue'> .</font></B>  -Absent
<B><font color = 'blue'> .</font></B>  -Absent
<B><font color = 'blue'> .</font></B>  -Absent
<B><font color = 'blue'> .</font></B>  -Absent
<B><font color = 'blue'> .</font></B>  -Absent
<B><font color = 'blue'> .</font></B>  -Absent
<B><font color = 'blue'> .</font></B>  -Absent
<B><font color = 'blue'> .</font></B>  -test user two 
<B><font color = 'blue'> .</font></B>  -testuser@two.io
<B><font color = 'blue'> .</font></B>  -GSLL-327
<B><font color = 'blue'> .</font></B>  -2022-11-06
<B><font color = 'blue'> .</font></B>  -Absent
<B><font color = 'blue'> .</font></B>  -Absent
<B><font color = 'blue'> .</font></B>  -undefined
<B><font color = 'blue'> .</font></B>  -Tamilnadu
<B><font color = 'blue'> .</font></B>  -Test and Dev
<B><font color = 'blue'> .</font></B>  -Absent
<B><font color = 'blue'> .</font></B>  -Absent
<B><font color = 'blue'> .</font></B>  -Absent
<B><font color = 'blue'> .</font></B>  -Absent
<B><font color = 'blue'> .</font></B>  -Absent
<B><font color = 'blue'> .</font></B>  -Absent
<B><font color = 'blue'> .</font></B>  -Absent
<B><font color = 'blue'> .</font></B>  -Absent
<B><font color = 'blue'> .</font></B>  -Absent
<B><font color = 'blue'> .</font></B>  -Absent
<B><font color = 'blue'> .</font></B>  -Absent
<B><font color = 'blue'> .</font></B>  -Himanshu Kumar 
<B><font color = 'blue'> .</font></B>  -himanshu1@gmail.com
<B><font color = 'blue'> .</font></B>  -EM011
<B><font color = 'blue'> .</font></B>  -2022-11-06
<B><font color = 'blue'> .</font></B>  -Absent
<B><font color = 'blue'> .</font></B>  -Absent
<B><font color = 'blue'> .</font></B>  -undefined
<B><font color = 'blue'> .</font></B>  -bagalkot
<B><font color = 'blue'> .</font></B>  -manual testing
<B><font color = 'blue'> .</font></B>  -Absent
<B><font color = 'blue'> .</font></B>  -Absent
<B><font color = 'blue'> .</font></B>  -Absent
<B><font color = 'blue'> .</font></B>  -Absent
<B><font color = 'blue'> .</font></B>  -Absent
<B><font color = 'blue'> .</font></B>  -Absent
<B><font color = 'blue'> .</font></B>  -Absent
<B><font color = 'blue'> .</font></B>  -Absent
<B><font color = 'blue'> .</font></B>  -Absent
<B><font color = 'blue'> .</font></B>  -Absent
<B><font color = 'blue'> .</font></B>  -Absent
<B><font color = 'blue'> .</font></B>  -dxgfdxg gssdg 
<B><font color = 'blue'> .</font></B>  -sdgsg@dgksodkg.in
<B><font color = 'blue'> .</font></B>  -asfda343443
<B><font color = 'blue'> .</font></B>  -2022-11-06
<B><font color = 'blue'> .</font></B>  -Absent
<B><font color = 'blue'> .</font></B>  -Absent
<B><font color = 'blue'> .</font></B>  -undefined
<B><font color = 'blue'> .</font></B>  -Bhilai
<B><font color = 'blue'> .</font></B>  -Php
<B><font color = 'blue'> .</font></B>  -Absent
<B><font color = 'blue'> .</font></B>  -Absent
<B><font color = 'blue'> .</font></B>  -Absent
<B><font color = 'blue'> .</font></B>  -Absent
<B><font color = 'blue'> .</font></B>  -Absent
<B><font color = 'blue'> .</font></B>  -Absent
<B><font color = 'blue'> .</font></B>  -Absent
<B><font color = 'blue'> .</font></B>  -Absent
<B><font color = 'blue'> .</font></B>  -Absent
<B><font color = 'blue'> .</font></B>  -Absent
<B><font color = 'blue'> .</font></B>  -Absent
<B><font color = 'blue'> .</font></B>  -Guest User 
<B><font color = 'blue'> .</font></B>  -guestuser@gmail.com
<B><font color = 'blue'> .</font></B>  -GLB-777
<B><font color = 'blue'> .</font></B>  -2022-11-06
<B><font color = 'blue'> .</font></B>  -Absent
<B><font color = 'blue'> .</font></B>  -Absent
<B><font color = 'blue'> .</font></B>  -undefined
<B><font color = 'blue'> .</font></B>  -Bhilai
<B><font color = 'blue'> .</font></B>  -Php
<B><font color = 'blue'> .</font></B>  -Absent
<B><font color = 'blue'> .</font></B>  -Absent
<B><font color = 'blue'> .</font></B>  -Absent
<B><font color = 'blue'> .</font></B>  -Absent
<B><font color = 'blue'> .</font></B>  -Absent
<B><font color = 'blue'> .</font></B>  -Absent
<B><font color = 'blue'> .</font></B>  -Absent
<B><font color = 'blue'> .</font></B>  -Absent
<B><font color = 'blue'> .</font></B>  -Absent
<B><font color = 'blue'> .</font></B>  -Absent
<B><font color = 'blue'> .</font></B>  -Absent
<B><font color = 'blue'> .</font></B>  -test testtt 
<B><font color = 'blue'> .</font></B>  -abcd@gmail.com
<B><font color = 'blue'> .</font></B>  -GLB55
<B><font color = 'blue'> .</font></B>  -2022-11-05
<B><font color = 'blue'> .</font></B>  -05-11-2022 00:00:00
<B><font color = 'blue'> .</font></B>  -05-11-2022 00:02:53
<B><font color = 'blue'> .</font></B>  -GLB-124-PC
<B><font color = 'blue'> .</font></B>  -Bangalore
<B><font color = 'blue'> .</font></B>  -Testing
<B><font color = 'blue'> .</font></B>  -00:02:53
<B><font color = 'blue'> .</font></B>  -00:00:00
<B><font color = 'blue'> .</font></B>  -00:00:00
<B><font color = 'blue'> .</font></B>  -00:00:00
<B><font color = 'blue'> .</font></B>  -00:00:00
<B><font color = 'blue'> .</font></B>  -00:00:00
<B><font color = 'blue'> .</font></B>  -00:00:00
<B><font color = 'blue'> .</font></B>  -00:02:53
<B><font color = 'blue'> .</font></B>  -0.00%
<B><font color = 'blue'> .</font></B>  --480:00
<B><font color = 'blue'> .</font></B>  -0.00
<B><font color = 'blue'> .</font></B>  -Virat kohli 
<B><font color = 'blue'> .</font></B>  -rahukbgdxgsf@gmail.com
<B><font color = 'blue'> .</font></B>  -65332
<B><font color = 'blue'> .</font></B>  -2022-11-05
<B><font color = 'blue'> .</font></B>  -Absent
<B><font color = 'blue'> .</font></B>  -Absent
<B><font color = 'blue'> .</font></B>  -undefined
<B><font color = 'blue'> .</font></B>  -Default
<B><font color = 'blue'> .</font></B>  -Default
<B><font color = 'blue'> .</font></B>  -Absent
<B><font color = 'blue'> .</font></B>  -Absent
<B><font color = 'blue'> .</font></B>  -Absent
<B><font color = 'blue'> .</font></B>  -Absent
<B><font color = 'blue'> .</font></B>  -Absent
<B><font color = 'blue'> .</font></B>  -Absent
<B><font color = 'blue'> .</font></B>  -Absent
<B><font color = 'blue'> .</font></B>  -Absent
<B><font color = 'blue'> .</font></B>  -Absent
<B><font color = 'blue'> .</font></B>  -Absent
<B><font color = 'blue'> .</font></B>  -Absent
<B><font color = 'blue'> .</font></B>  -sadas kadkasdj 
<B><font color = 'blue'> .</font></B>  -dsa@eqe
<B><font color = 'blue'> .</font></B>  -emp129666
<B><font color = 'blue'> .</font></B>  -2022-11-05
<B><font color = 'blue'> .</font></B>  -Absent
<B><font color = 'blue'> .</font></B>  -Absent
<B><font color = 'blue'> .</font></B>  -undefined
<B><font color = 'blue'> .</font></B>  -Default
<B><font color = 'blue'> .</font></B>  -Default
<B><font color = 'blue'> .</font></B>  -Absent
<B><font color = 'blue'> .</font></B>  -Absent
<B><font color = 'blue'> .</font></B>  -Absent
<B><font color = 'blue'> .</font></B>  -Absent
<B><font color = 'blue'> .</font></B>  -Absent
<B><font color = 'blue'> .</font></B>  -Absent
<B><font color = 'blue'> .</font></B>  -Absent
<B><font color = 'blue'> .</font></B>  -Absent
<B><font color = 'blue'> .</font></B>  -Absent
<B><font color = 'blue'> .</font></B>  -Absent
<B><font color = 'blue'> .</font></B>  -Absent
<B><font color = 'blue'> .</font></B>  -New Test 
<B><font color = 'blue'> .</font></B>  -newtest@gmail.com
<B><font color = 'blue'> .</font></B>  -ewer334443
<B><font color = 'blue'> .</font></B>  -2022-11-05
<B><font color = 'blue'> .</font></B>  -Absent
<B><font color = 'blue'> .</font></B>  -Absent
<B><font color = 'blue'> .</font></B>  -undefined
<B><font color = 'blue'> .</font></B>  -Default
<B><font color = 'blue'> .</font></B>  -Default
<B><font color = 'blue'> .</font></B>  -Absent
<B><font color = 'blue'> .</font></B>  -Absent
<B><font color = 'blue'> .</font></B>  -Absent
<B><font color = 'blue'> .</font></B>  -Absent
<B><font color = 'blue'> .</font></B>  -Absent
<B><font color = 'blue'> .</font></B>  -Absent
<B><font color = 'blue'> .</font></B>  -Absent
<B><font color = 'blue'> .</font></B>  -Absent
<B><font color = 'blue'> .</font></B>  -Absent
<B><font color = 'blue'> .</font></B>  -Absent
<B><font color = 'blue'> .</font></B>  -Absent
<B><font color = 'blue'> .</font></B>  -dshcdb uidsbf 
<B><font color = 'blue'> .</font></B>  -dvbvdb@yahoo.com
<B><font color = 'blue'> .</font></B>  -435454
<B><font color = 'blue'> .</font></B>  -2022-11-05
<B><font color = 'blue'> .</font></B>  -Absent
<B><font color = 'blue'> .</font></B>  -Absent
<B><font color = 'blue'> .</font></B>  -undefined
<B><font color = 'blue'> .</font></B>  -Default
<B><font color = 'blue'> .</font></B>  -Default
<B><font color = 'blue'> .</font></B>  -Absent
<B><font color = 'blue'> .</font></B>  -Absent
<B><font color = 'blue'> .</font></B>  -Absent
<B><font color = 'blue'> .</font></B>  -Absent
<B><font color = 'blue'> .</font></B>  -Absent
<B><font color = 'blue'> .</font></B>  -Absent
<B><font color = 'blue'> .</font></B>  -Absent
<B><font color = 'blue'> .</font></B>  -Absent
<B><font color = 'blue'> .</font></B>  -Absent
<B><font color = 'blue'> .</font></B>  -Absent
<B><font color = 'blue'> .</font></B>  -Absent
<B><font color = 'blue'> .</font></B>  -try last 
<B><font color = 'blue'> .</font></B>  -try@gmail.com
<B><font color = 'blue'> .</font></B>  -1225455
<B><font color = 'blue'> .</font></B>  -2022-11-05
<B><font color = 'blue'> .</font></B>  -Absent
<B><font color = 'blue'> .</font></B>  -Absent
<B><font color = 'blue'> .</font></B>  -undefined
<B><font color = 'blue'> .</font></B>  -Default
<B><font color = 'blue'> .</font></B>  -Default
<B><font color = 'blue'> .</font></B>  -Absent
<B><font color = 'blue'> .</font></B>  -Absent
<B><font color = 'blue'> .</font></B>  -Absent
<B><font color = 'blue'> .</font></B>  -Absent
<B><font color = 'blue'> .</font></B>  -Absent
<B><font color = 'blue'> .</font></B>  -Absent
<B><font color = 'blue'> .</font></B>  -Absent
<B><font color = 'blue'> .</font></B>  -Absent
<B><font color = 'blue'> .</font></B>  -Absent
<B><font color = 'blue'> .</font></B>  -Absent
<B><font color = 'blue'> .</font></B>  -Absent
<B><font color = 'blue'> .</font></B>  -vdjvdb yusvdvbbh 
<B><font color = 'blue'> .</font></B>  -dvhbfdh@gmail.com
<B><font color = 'blue'> .</font></B>  -wq534342
<B><font color = 'blue'> .</font></B>  -2022-11-05
<B><font color = 'blue'> .</font></B>  -Absent
<B><font color = 'blue'> .</font></B>  -Absent
<B><font color = 'blue'> .</font></B>  -undefined
<B><font color = 'blue'> .</font></B>  -Default
<B><font color = 'blue'> .</font></B>  -Default
<B><font color = 'blue'> .</font></B>  -Absent
<B><font color = 'blue'> .</font></B>  -Absent
<B><font color = 'blue'> .</font></B>  -Absent
<B><font color = 'blue'> .</font></B>  -Absent
<B><font color = 'blue'> .</font></B>  -Absent
<B><font color = 'blue'> .</font></B>  -Absent
<B><font color = 'blue'> .</font></B>  -Absent
<B><font color = 'blue'> .</font></B>  -Absent
<B><font color = 'blue'> .</font></B>  -Absent
<B><font color = 'blue'> .</font></B>  -Absent
<B><font color = 'blue'> .</font></B>  -Absent
<B><font color = 'blue'> .</font></B>  -Mail Test user 
<B><font color = 'blue'> .</font></B>  -maintest@user.io
<B><font color = 'blue'> .</font></B>  -GLB-1223888
<B><font color = 'blue'> .</font></B>  -2022-11-05
<B><font color = 'blue'> .</font></B>  -Absent
<B><font color = 'blue'> .</font></B>  -Absent
<B><font color = 'blue'> .</font></B>  -undefined
<B><font color = 'blue'> .</font></B>  -Default
<B><font color = 'blue'> .</font></B>  -Default
<B><font color = 'blue'> .</font></B>  -Absent
<B><font color = 'blue'> .</font></B>  -Absent
<B><font color = 'blue'> .</font></B>  -Absent
<B><font color = 'blue'> .</font></B>  -Absent
<B><font color = 'blue'> .</font></B>  -Absent
<B><font color = 'blue'> .</font></B>  -Absent
<B><font color = 'blue'> .</font></B>  -Absent
<B><font color = 'blue'> .</font></B>  -Absent
<B><font color = 'blue'> .</font></B>  -Absent
<B><font color = 'blue'> .</font></B>  -Absent
<B><font color = 'blue'> .</font></B>  -Absent
<B><font color = 'blue'> .</font></B>  -Update Check 
<B><font color = 'blue'> .</font></B>  -updates@gmail.com
<B><font color = 'blue'> .</font></B>  -emp543
<B><font color = 'blue'> .</font></B>  -2022-11-05
<B><font color = 'blue'> .</font></B>  -Absent
<B><font color = 'blue'> .</font></B>  -Absent
<B><font color = 'blue'> .</font></B>  -undefined
<B><font color = 'blue'> .</font></B>  -Default
<B><font color = 'blue'> .</font></B>  -Default
<B><font color = 'blue'> .</font></B>  -Absent
<B><font color = 'blue'> .</font></B>  -Absent
<B><font color = 'blue'> .</font></B>  -Absent
<B><font color = 'blue'> .</font></B>  -Absent
<B><font color = 'blue'> .</font></B>  -Absent
<B><font color = 'blue'> .</font></B>  -Absent
<B><font color = 'blue'> .</font></B>  -Absent
<B><font color = 'blue'> .</font></B>  -Absent
<B><font color = 'blue'> .</font></B>  -Absent
<B><font color = 'blue'> .</font></B>  -Absent
<B><font color = 'blue'> .</font></B>  -Absent
<B><font color = 'blue'> .</font></B>  -test manager 
<B><font color = 'blue'> .</font></B>  -manageremp@gmail.com
<B><font color = 'blue'> .</font></B>  -glb020
<B><font color = 'blue'> .</font></B>  -2022-11-05
<B><font color = 'blue'> .</font></B>  -Absent
<B><font color = 'blue'> .</font></B>  -Absent
<B><font color = 'blue'> .</font></B>  -undefined
<B><font color = 'blue'> .</font></B>  -Default
<B><font color = 'blue'> .</font></B>  -Default
<B><font color = 'blue'> .</font></B>  -Absent
<B><font color = 'blue'> .</font></B>  -Absent
<B><font color = 'blue'> .</font></B>  -Absent
<B><font color = 'blue'> .</font></B>  -Absent
<B><font color = 'blue'> .</font></B>  -Absent
<B><font color = 'blue'> .</font></B>  -Absent
<B><font color = 'blue'> .</font></B>  -Absent
<B><font color = 'blue'> .</font></B>  -Absent
<B><font color = 'blue'> .</font></B>  -Absent
<B><font color = 'blue'> .</font></B>  -Absent
<B><font color = 'blue'> .</font></B>  -Absent
<B><font color = 'blue'> .</font></B>  -DESKTOP-PJJHB19 - GLB-BLR-002OjUpRD2 
<B><font color = 'blue'> .</font></B>  --
<B><font color = 'blue'> .</font></B>  -GLB-BLR-002OjUpRD2
<B><font color = 'blue'> .</font></B>  -2022-11-05
<B><font color = 'blue'> .</font></B>  -Absent
<B><font color = 'blue'> .</font></B>  -Absent
<B><font color = 'blue'> .</font></B>  -undefined
<B><font color = 'blue'> .</font></B>  -Default
<B><font color = 'blue'> .</font></B>  -Default
<B><font color = 'blue'> .</font></B>  -Absent
<B><font color = 'blue'> .</font></B>  -Absent
<B><font color = 'blue'> .</font></B>  -Absent
<B><font color = 'blue'> .</font></B>  -Absent
<B><font color = 'blue'> .</font></B>  -Absent
<B><font color = 'blue'> .</font></B>  -Absent
<B><font color = 'blue'> .</font></B>  -Absent
<B><font color = 'blue'> .</font></B>  -Absent
<B><font color = 'blue'> .</font></B>  -Absent
<B><font color = 'blue'> .</font></B>  -Absent
<B><font color = 'blue'> .</font></B>  -Absent
<B><font color = 'blue'> .</font></B>  -Usb Test 
<B><font color = 'blue'> .</font></B>  -usbtest123@gmail.com
<B><font color = 'blue'> .</font></B>  -emp0097
<B><font color = 'blue'> .</font></B>  -2022-11-05
<B><font color = 'blue'> .</font></B>  -Absent
<B><font color = 'blue'> .</font></B>  -Absent
<B><font color = 'blue'> .</font></B>  -undefined
<B><font color = 'blue'> .</font></B>  -Default
<B><font color = 'blue'> .</font></B>  -Default
<B><font color = 'blue'> .</font></B>  -Absent
<B><font color = 'blue'> .</font></B>  -Absent
<B><font color = 'blue'> .</font></B>  -Absent
<B><font color = 'blue'> .</font></B>  -Absent
<B><font color = 'blue'> .</font></B>  -Absent
<B><font color = 'blue'> .</font></B>  -Absent
<B><font color = 'blue'> .</font></B>  -Absent
<B><font color = 'blue'> .</font></B>  -Absent
<B><font color = 'blue'> .</font></B>  -Absent
<B><font color = 'blue'> .</font></B>  -Absent
<B><font color = 'blue'> .</font></B>  -Absent
<B><font color = 'blue'> .</font></B>  -SS Keystrokes 
<B><font color = 'blue'> .</font></B>  -sskey@gmail.com
<B><font color = 'blue'> .</font></B>  -emp98y
<B><font color = 'blue'> .</font></B>  -2022-11-05
<B><font color = 'blue'> .</font></B>  -Absent
<B><font color = 'blue'> .</font></B>  -Absent
<B><font color = 'blue'> .</font></B>  -undefined
<B><font color = 'blue'> .</font></B>  -Default
<B><font color = 'blue'> .</font></B>  -Default
<B><font color = 'blue'> .</font></B>  -Absent
<B><font color = 'blue'> .</font></B>  -Absent
<B><font color = 'blue'> .</font></B>  -Absent
<B><font color = 'blue'> .</font></B>  -Absent
<B><font color = 'blue'> .</font></B>  -Absent
<B><font color = 'blue'> .</font></B>  -Absent
<B><font color = 'blue'> .</font></B>  -Absent
<B><font color = 'blue'> .</font></B>  -Absent
<B><font color = 'blue'> .</font></B>  -Absent
<B><font color = 'blue'> .</font></B>  -Absent
<B><font color = 'blue'> .</font></B>  -Absent
<B><font color = 'blue'> .</font></B>  -shivammmmmmmmmmmmmmmmmmmm Kumar 
<B><font color = 'blue'> .</font></B>  -kgfyash545@gmail.com
<B><font color = 'blue'> .</font></B>  -hsakhdjk414
<B><font color = 'blue'> .</font></B>  -2022-11-05
<B><font color = 'blue'> .</font></B>  -Absent
<B><font color = 'blue'> .</font></B>  -Absent
<B><font color = 'blue'> .</font></B>  -undefined
<B><font color = 'blue'> .</font></B>  -Default
<B><font color = 'blue'> .</font></B>  -Default
<B><font color = 'blue'> .</font></B>  -Absent
<B><font color = 'blue'> .</font></B>  -Absent
<B><font color = 'blue'> .</font></B>  -Absent
<B><font color = 'blue'> .</font></B>  -Absent
<B><font color = 'blue'> .</font></B>  -Absent
<B><font color = 'blue'> .</font></B>  -Absent
<B><font color = 'blue'> .</font></B>  -Absent
<B><font color = 'blue'> .</font></B>  -Absent
<B><font color = 'blue'> .</font></B>  -Absent
<B><font color = 'blue'> .</font></B>  -Absent
<B><font color = 'blue'> .</font></B>  -Absent
<B><font color = 'blue'> .</font></B>  -Abhishek Four tf test 
<B><font color = 'blue'> .</font></B>  -abhishekfourtf@mail.com
<B><font color = 'blue'> .</font></B>  -HLIKSJ98
<B><font color = 'blue'> .</font></B>  -2022-11-05
<B><font color = 'blue'> .</font></B>  -Absent
<B><font color = 'blue'> .</font></B>  -Absent
<B><font color = 'blue'> .</font></B>  -undefined
<B><font color = 'blue'> .</font></B>  -Default
<B><font color = 'blue'> .</font></B>  -Default
<B><font color = 'blue'> .</font></B>  -Absent
<B><font color = 'blue'> .</font></B>  -Absent
<B><font color = 'blue'> .</font></B>  -Absent
<B><font color = 'blue'> .</font></B>  -Absent
<B><font color = 'blue'> .</font></B>  -Absent
<B><font color = 'blue'> .</font></B>  -Absent
<B><font color = 'blue'> .</font></B>  -Absent
<B><font color = 'blue'> .</font></B>  -Absent
<B><font color = 'blue'> .</font></B>  -Absent
<B><font color = 'blue'> .</font></B>  -Absent
<B><font color = 'blue'> .</font></B>  -Absent
<B><font color = 'blue'> .</font></B>  -new dev user 
<B><font color = 'blue'> .</font></B>  -new@dev.user
<B><font color = 'blue'> .</font></B>  -fdfsfsd
<B><font color = 'blue'> .</font></B>  -2022-11-05
<B><font color = 'blue'> .</font></B>  -Absent
<B><font color = 'blue'> .</font></B>  -Absent
<B><font color = 'blue'> .</font></B>  -undefined
<B><font color = 'blue'> .</font></B>  -Default
<B><font color = 'blue'> .</font></B>  -Default
<B><font color = 'blue'> .</font></B>  -Absent
<B><font color = 'blue'> .</font></B>  -Absent
<B><font color = 'blue'> .</font></B>  -Absent
<B><font color = 'blue'> .</font></B>  -Absent
<B><font color = 'blue'> .</font></B>  -Absent
<B><font color = 'blue'> .</font></B>  -Absent
<B><font color = 'blue'> .</font></B>  -Absent
<B><font color = 'blue'> .</font></B>  -Absent
<B><font color = 'blue'> .</font></B>  -Absent
<B><font color = 'blue'> .</font></B>  -Absent
<B><font color = 'blue'> .</font></B>  -Absent
<B><font color = 'blue'> .</font></B>  -aaaaaaaaaa aaaaaaaaa 
<B><font color = 'blue'> .</font></B>  -mmmm@gmail.com
<B><font color = 'blue'> .</font></B>  -80765s
<B><font color = 'blue'> .</font></B>  -2022-11-05
<B><font color = 'blue'> .</font></B>  -Absent
<B><font color = 'blue'> .</font></B>  -Absent
<B><font color = 'blue'> .</font></B>  -undefined
<B><font color = 'blue'> .</font></B>  -Bangalore
<B><font color = 'blue'> .</font></B>  -Testing
<B><font color = 'blue'> .</font></B>  -Absent
<B><font color = 'blue'> .</font></B>  -Absent
<B><font color = 'blue'> .</font></B>  -Absent
<B><font color = 'blue'> .</font></B>  -Absent
<B><font color = 'blue'> .</font></B>  -Absent
<B><font color = 'blue'> .</font></B>  -Absent
<B><font color = 'blue'> .</font></B>  -Absent
<B><font color = 'blue'> .</font></B>  -Absent
<B><font color = 'blue'> .</font></B>  -Absent
<B><font color = 'blue'> .</font></B>  -Absent
<B><font color = 'blue'> .</font></B>  -Absent
<B><font color = 'blue'> .</font></B>  -sumesh test 
<B><font color = 'blue'> .</font></B>  -sumesh@mail.com
<B><font color = 'blue'> .</font></B>  -fdgfdgf
<B><font color = 'blue'> .</font></B>  -2022-11-05
<B><font color = 'blue'> .</font></B>  -Absent
<B><font color = 'blue'> .</font></B>  -Absent
<B><font color = 'blue'> .</font></B>  -undefined
<B><font color = 'blue'> .</font></B>  -Bangalore
<B><font color = 'blue'> .</font></B>  -Testing
<B><font color = 'blue'> .</font></B>  -Absent
<B><font color = 'blue'> .</font></B>  -Absent
<B><font color = 'blue'> .</font></B>  -Absent
<B><font color = 'blue'> .</font></B>  -Absent
<B><font color = 'blue'> .</font></B>  -Absent
<B><font color = 'blue'> .</font></B>  -Absent
<B><font color = 'blue'> .</font></B>  -Absent
<B><font color = 'blue'> .</font></B>  -Absent
<B><font color = 'blue'> .</font></B>  -Absent
<B><font color = 'blue'> .</font></B>  -Absent
<B><font color = 'blue'> .</font></B>  -Absent
<B><font color = 'blue'> .</font></B>  -Test msc 
<B><font color = 'blue'> .</font></B>  -test123@gmail.com
<B><font color = 'blue'> .</font></B>  -12254
<B><font color = 'blue'> .</font></B>  -2022-11-05
<B><font color = 'blue'> .</font></B>  -Absent
<B><font color = 'blue'> .</font></B>  -Absent
<B><font color = 'blue'> .</font></B>  -undefined
<B><font color = 'blue'> .</font></B>  -Bangalore
<B><font color = 'blue'> .</font></B>  -Testing
<B><font color = 'blue'> .</font></B>  -Absent
<B><font color = 'blue'> .</font></B>  -Absent
<B><font color = 'blue'> .</font></B>  -Absent
<B><font color = 'blue'> .</font></B>  -Absent
<B><font color = 'blue'> .</font></B>  -Absent
<B><font color = 'blue'> .</font></B>  -Absent
<B><font color = 'blue'> .</font></B>  -Absent
<B><font color = 'blue'> .</font></B>  -Absent
<B><font color = 'blue'> .</font></B>  -Absent
<B><font color = 'blue'> .</font></B>  -Absent
<B><font color = 'blue'> .</font></B>  -Absent
<B><font color = 'blue'> .</font></B>  -deffdfds vscsc 
<B><font color = 'blue'> .</font></B>  -cscsdw123@gmail.com
<B><font color = 'blue'> .</font></B>  -1234512
<B><font color = 'blue'> .</font></B>  -2022-11-05
<B><font color = 'blue'> .</font></B>  -Absent
<B><font color = 'blue'> .</font></B>  -Absent
<B><font color = 'blue'> .</font></B>  -undefined
<B><font color = 'blue'> .</font></B>  -Bangalore
<B><font color = 'blue'> .</font></B>  -Testing
<B><font color = 'blue'> .</font></B>  -Absent
<B><font color = 'blue'> .</font></B>  -Absent
<B><font color = 'blue'> .</font></B>  -Absent
<B><font color = 'blue'> .</font></B>  -Absent
<B><font color = 'blue'> .</font></B>  -Absent
<B><font color = 'blue'> .</font></B>  -Absent
<B><font color = 'blue'> .</font></B>  -Absent
<B><font color = 'blue'> .</font></B>  -Absent
<B><font color = 'blue'> .</font></B>  -Absent
<B><font color = 'blue'> .</font></B>  -Absent
<B><font color = 'blue'> .</font></B>  -Absent
<B><font color = 'blue'> .</font></B>  -Abhishe tt 
<B><font color = 'blue'> .</font></B>  -ab@ab.com
<B><font color = 'blue'> .</font></B>  -GKD567
<B><font color = 'blue'> .</font></B>  -2022-11-05
<B><font color = 'blue'> .</font></B>  -Absent
<B><font color = 'blue'> .</font></B>  -Absent
<B><font color = 'blue'> .</font></B>  -undefined
<B><font color = 'blue'> .</font></B>  -Bangalore
<B><font color = 'blue'> .</font></B>  -Testing
<B><font color = 'blue'> .</font></B>  -Absent
<B><font color = 'blue'> .</font></B>  -Absent
<B><font color = 'blue'> .</font></B>  -Absent
<B><font color = 'blue'> .</font></B>  -Absent
<B><font color = 'blue'> .</font></B>  -Absent
<B><font color = 'blue'> .</font></B>  -Absent
<B><font color = 'blue'> .</font></B>  -Absent
<B><font color = 'blue'> .</font></B>  -Absent
<B><font color = 'blue'> .</font></B>  -Absent
<B><font color = 'blue'> .</font></B>  -Absent
<B><font color = 'blue'> .</font></B>  -Absent
<B><font color = 'blue'> .</font></B>  -test nonadmin 
<B><font color = 'blue'> .</font></B>  -testnonadmin@gmail.com
<B><font color = 'blue'> .</font></B>  -GLB026
<B><font color = 'blue'> .</font></B>  -2022-11-05
<B><font color = 'blue'> .</font></B>  -Absent
<B><font color = 'blue'> .</font></B>  -Absent
<B><font color = 'blue'> .</font></B>  -undefined
<B><font color = 'blue'> .</font></B>  -Bangalore
<B><font color = 'blue'> .</font></B>  -Php
<B><font color = 'blue'> .</font></B>  -Absent
<B><font color = 'blue'> .</font></B>  -Absent
<B><font color = 'blue'> .</font></B>  -Absent
<B><font color = 'blue'> .</font></B>  -Absent
<B><font color = 'blue'> .</font></B>  -Absent
<B><font color = 'blue'> .</font></B>  -Absent
<B><font color = 'blue'> .</font></B>  -Absent
<B><font color = 'blue'> .</font></B>  -Absent
<B><font color = 'blue'> .</font></B>  -Absent
<B><font color = 'blue'> .</font></B>  -Absent
<B><font color = 'blue'> .</font></B>  -Absent
<B><font color = 'blue'> .</font></B>  -adg ckj 
<B><font color = 'blue'> .</font></B>  -adcs@1234
<B><font color = 'blue'> .</font></B>  -583
<B><font color = 'blue'> .</font></B>  -2022-11-05
<B><font color = 'blue'> .</font></B>  -Absent
<B><font color = 'blue'> .</font></B>  -Absent
<B><font color = 'blue'> .</font></B>  -undefined
<B><font color = 'blue'> .</font></B>  -Bangalore
<B><font color = 'blue'> .</font></B>  -Testing
<B><font color = 'blue'> .</font></B>  -Absent
<B><font color = 'blue'> .</font></B>  -Absent
<B><font color = 'blue'> .</font></B>  -Absent
<B><font color = 'blue'> .</font></B>  -Absent
<B><font color = 'blue'> .</font></B>  -Absent
<B><font color = 'blue'> .</font></B>  -Absent
<B><font color = 'blue'> .</font></B>  -Absent
<B><font color = 'blue'> .</font></B>  -Absent
<B><font color = 'blue'> .</font></B>  -Absent
<B><font color = 'blue'> .</font></B>  -Absent
<B><font color = 'blue'> .</font></B>  -Absent
<B><font color = 'blue'> .</font></B>  -dominic toretto 
<B><font color = 'blue'> .</font></B>  -dom.toretto737@gmail.com
<B><font color = 'blue'> .</font></B>  -EMP011
<B><font color = 'blue'> .</font></B>  -2022-11-05
<B><font color = 'blue'> .</font></B>  -Absent
<B><font color = 'blue'> .</font></B>  -Absent
<B><font color = 'blue'> .</font></B>  -undefined
<B><font color = 'blue'> .</font></B>  -Bangalore
<B><font color = 'blue'> .</font></B>  -Testing
<B><font color = 'blue'> .</font></B>  -Absent
<B><font color = 'blue'> .</font></B>  -Absent
<B><font color = 'blue'> .</font></B>  -Absent
<B><font color = 'blue'> .</font></B>  -Absent
<B><font color = 'blue'> .</font></B>  -Absent
<B><font color = 'blue'> .</font></B>  -Absent
<B><font color = 'blue'> .</font></B>  -Absent
<B><font color = 'blue'> .</font></B>  -Absent
<B><font color = 'blue'> .</font></B>  -Absent
<B><font color = 'blue'> .</font></B>  -Absent
<B><font color = 'blue'> .</font></B>  -Absent
<B><font color = 'blue'> .</font></B>  -Abhishek Test 
<B><font color = 'blue'> .</font></B>  -abhishektrest@glb.in
<B><font color = 'blue'> .</font></B>  -rN7tvEiDPGNi4fD
<B><font color = 'blue'> .</font></B>  -2022-11-05
<B><font color = 'blue'> .</font></B>  -Absent
<B><font color = 'blue'> .</font></B>  -Absent
<B><font color = 'blue'> .</font></B>  -undefined
<B><font color = 'blue'> .</font></B>  -Bangalore
<B><font color = 'blue'> .</font></B>  -Php
<B><font color = 'blue'> .</font></B>  -Absent
<B><font color = 'blue'> .</font></B>  -Absent
<B><font color = 'blue'> .</font></B>  -Absent
<B><font color = 'blue'> .</font></B>  -Absent
<B><font color = 'blue'> .</font></B>  -Absent
<B><font color = 'blue'> .</font></B>  -Absent
<B><font color = 'blue'> .</font></B>  -Absent
<B><font color = 'blue'> .</font></B>  -Absent
<B><font color = 'blue'> .</font></B>  -Absent
<B><font color = 'blue'> .</font></B>  -Absent
<B><font color = 'blue'> .</font></B>  -Absent
<B><font color = 'blue'> .</font></B>  -Superior Test one 
<B><font color = 'blue'> .</font></B>  -superiorone@gmail.com
<B><font color = 'blue'> .</font></B>  -twoqw
<B><font color = 'blue'> .</font></B>  -2022-11-05
<B><font color = 'blue'> .</font></B>  -Absent
<B><font color = 'blue'> .</font></B>  -Absent
<B><font color = 'blue'> .</font></B>  -undefined
<B><font color = 'blue'> .</font></B>  -Bangalore
<B><font color = 'blue'> .</font></B>  -Testing
<B><font color = 'blue'> .</font></B>  -Absent
<B><font color = 'blue'> .</font></B>  -Absent
<B><font color = 'blue'> .</font></B>  -Absent
<B><font color = 'blue'> .</font></B>  -Absent
<B><font color = 'blue'> .</font></B>  -Absent
<B><font color = 'blue'> .</font></B>  -Absent
<B><font color = 'blue'> .</font></B>  -Absent
<B><font color = 'blue'> .</font></B>  -Absent
<B><font color = 'blue'> .</font></B>  -Absent
<B><font color = 'blue'> .</font></B>  -Absent
<B><font color = 'blue'> .</font></B>  -Absent
<B><font color = 'blue'> .</font></B>  -test testw 
<B><font color = 'blue'> .</font></B>  -test@mac.in
<B><font color = 'blue'> .</font></B>  -aaf123
<B><font color = 'blue'> .</font></B>  -2022-11-05
<B><font color = 'blue'> .</font></B>  -Absent
<B><font color = 'blue'> .</font></B>  -Absent
<B><font color = 'blue'> .</font></B>  -undefined
<B><font color = 'blue'> .</font></B>  -Bangalore
<B><font color = 'blue'> .</font></B>  -Php
<B><font color = 'blue'> .</font></B>  -Absent
<B><font color = 'blue'> .</font></B>  -Absent
<B><font color = 'blue'> .</font></B>  -Absent
<B><font color = 'blue'> .</font></B>  -Absent
<B><font color = 'blue'> .</font></B>  -Absent
<B><font color = 'blue'> .</font></B>  -Absent
<B><font color = 'blue'> .</font></B>  -Absent
<B><font color = 'blue'> .</font></B>  -Absent
<B><font color = 'blue'> .</font></B>  -Absent
<B><font color = 'blue'> .</font></B>  -Absent
<B><font color = 'blue'> .</font></B>  -Absent
<B><font color = 'blue'> .</font></B>  -sam eer 
<B><font color = 'blue'> .</font></B>  -sam@rf.in
<B><font color = 'blue'> .</font></B>  -WSAERT2Q34E
<B><font color = 'blue'> .</font></B>  -2022-11-05
<B><font color = 'blue'> .</font></B>  -Absent
<B><font color = 'blue'> .</font></B>  -Absent
<B><font color = 'blue'> .</font></B>  -undefined
<B><font color = 'blue'> .</font></B>  -Bangalore
<B><font color = 'blue'> .</font></B>  -Testing
<B><font color = 'blue'> .</font></B>  -Absent
<B><font color = 'blue'> .</font></B>  -Absent
<B><font color = 'blue'> .</font></B>  -Absent
<B><font color = 'blue'> .</font></B>  -Absent
<B><font color = 'blue'> .</font></B>  -Absent
<B><font color = 'blue'> .</font></B>  -Absent
<B><font color = 'blue'> .</font></B>  -Absent
<B><font color = 'blue'> .</font></B>  -Absent
<B><font color = 'blue'> .</font></B>  -Absent
<B><font color = 'blue'> .</font></B>  -Absent
<B><font color = 'blue'> .</font></B>  -Absent
<B><font color = 'blue'> .</font></B>  -Test test 
<B><font color = 'blue'> .</font></B>  -sarikajain@gmail.com
<B><font color = 'blue'> .</font></B>  -E-101
<B><font color = 'blue'> .</font></B>  -2022-11-05
<B><font color = 'blue'> .</font></B>  -Absent
<B><font color = 'blue'> .</font></B>  -Absent
<B><font color = 'blue'> .</font></B>  -undefined
<B><font color = 'blue'> .</font></B>  -Bangalore
<B><font color = 'blue'> .</font></B>  -Testing
<B><font color = 'blue'> .</font></B>  -Absent
<B><font color = 'blue'> .</font></B>  -Absent
<B><font color = 'blue'> .</font></B>  -Absent
<B><font color = 'blue'> .</font></B>  -Absent
<B><font color = 'blue'> .</font></B>  -Absent
<B><font color = 'blue'> .</font></B>  -Absent
<B><font color = 'blue'> .</font></B>  -Absent
<B><font color = 'blue'> .</font></B>  -Absent
<B><font color = 'blue'> .</font></B>  -Absent
<B><font color = 'blue'> .</font></B>  -Absent
<B><font color = 'blue'> .</font></B>  -Absent
<B><font color = 'blue'> .</font></B>  -sithu kalluru 
<B><font color = 'blue'> .</font></B>  -sitaramireddy@globussoft.in
<B><font color = 'blue'> .</font></B>  -code12
<B><font color = 'blue'> .</font></B>  -2022-11-05
<B><font color = 'blue'> .</font></B>  -Absent
<B><font color = 'blue'> .</font></B>  -Absent
<B><font color = 'blue'> .</font></B>  -undefined
<B><font color = 'blue'> .</font></B>  -Bangalore
<B><font color = 'blue'> .</font></B>  -Testing
<B><font color = 'blue'> .</font></B>  -Absent
<B><font color = 'blue'> .</font></B>  -Absent
<B><font color = 'blue'> .</font></B>  -Absent
<B><font color = 'blue'> .</font></B>  -Absent
<B><font color = 'blue'> .</font></B>  -Absent
<B><font color = 'blue'> .</font></B>  -Absent
<B><font color = 'blue'> .</font></B>  -Absent
<B><font color = 'blue'> .</font></B>  -Absent
<B><font color = 'blue'> .</font></B>  -Absent
<B><font color = 'blue'> .</font></B>  -Absent
<B><font color = 'blue'> .</font></B>  -Absent
<B><font color = 'blue'> .</font></B>  -test123 abcd 
<B><font color = 'blue'> .</font></B>  -s@gmail.com
<B><font color = 'blue'> .</font></B>  -code123z
<B><font color = 'blue'> .</font></B>  -2022-11-05
<B><font color = 'blue'> .</font></B>  -Absent
<B><font color = 'blue'> .</font></B>  -Absent
<B><font color = 'blue'> .</font></B>  -undefined
<B><font color = 'blue'> .</font></B>  -Bangalore
<B><font color = 'blue'> .</font></B>  -Testing
<B><font color = 'blue'> .</font></B>  -Absent
<B><font color = 'blue'> .</font></B>  -Absent
<B><font color = 'blue'> .</font></B>  -Absent
<B><font color = 'blue'> .</font></B>  -Absent
<B><font color = 'blue'> .</font></B>  -Absent
<B><font color = 'blue'> .</font></B>  -Absent
<B><font color = 'blue'> .</font></B>  -Absent
<B><font color = 'blue'> .</font></B>  -Absent
<B><font color = 'blue'> .</font></B>  -Absent
<B><font color = 'blue'> .</font></B>  -Absent
<B><font color = 'blue'> .</font></B>  -Absent
<B><font color = 'blue'> .</font></B>  -testing test 
<B><font color = 'blue'> .</font></B>  -aarshajoyson1601@gmail.com
<B><font color = 'blue'> .</font></B>  -glb0008
<B><font color = 'blue'> .</font></B>  -2022-11-05
<B><font color = 'blue'> .</font></B>  -Absent
<B><font color = 'blue'> .</font></B>  -Absent
<B><font color = 'blue'> .</font></B>  -undefined
<B><font color = 'blue'> .</font></B>  -Bangalore
<B><font color = 'blue'> .</font></B>  -Php
<B><font color = 'blue'> .</font></B>  -Absent
<B><font color = 'blue'> .</font></B>  -Absent
<B><font color = 'blue'> .</font></B>  -Absent
<B><font color = 'blue'> .</font></B>  -Absent
<B><font color = 'blue'> .</font></B>  -Absent
<B><font color = 'blue'> .</font></B>  -Absent
<B><font color = 'blue'> .</font></B>  -Absent
<B><font color = 'blue'> .</font></B>  -Absent
<B><font color = 'blue'> .</font></B>  -Absent
<B><font color = 'blue'> .</font></B>  -Absent
<B><font color = 'blue'> .</font></B>  -Absent
<B><font color = 'blue'> .</font></B>  -Automation CodeeeAuto 
<B><font color = 'blue'> .</font></B>  -skabcdef7@gmail.com
<B><font color = 'blue'> .</font></B>  -Emp-Abzcde-1234522
<B><font color = 'blue'> .</font></B>  -2022-11-05
<B><font color = 'blue'> .</font></B>  -Absent
<B><font color = 'blue'> .</font></B>  -Absent
<B><font color = 'blue'> .</font></B>  -undefined
<B><font color = 'blue'> .</font></B>  -Bangalore
<B><font color = 'blue'> .</font></B>  -Testing
<B><font color = 'blue'> .</font></B>  -Absent
<B><font color = 'blue'> .</font></B>  -Absent
<B><font color = 'blue'> .</font></B>  -Absent
<B><font color = 'blue'> .</font></B>  -Absent
<B><font color = 'blue'> .</font></B>  -Absent
<B><font color = 'blue'> .</font></B>  -Absent
<B><font color = 'blue'> .</font></B>  -Absent
<B><font color = 'blue'> .</font></B>  -Absent
<B><font color = 'blue'> .</font></B>  -Absent
<B><font color = 'blue'> .</font></B>  -Absent
<B><font color = 'blue'> .</font></B>  -Absent
<B><font color = 'blue'> .</font></B>  -piyush dfgsfg 
<B><font color = 'blue'> .</font></B>  -jos@gmail.com
<B><font color = 'blue'> .</font></B>  -sdgff
<B><font color = 'blue'> .</font></B>  -2022-11-05
<B><font color = 'blue'> .</font></B>  -Absent
<B><font color = 'blue'> .</font></B>  -Absent
<B><font color = 'blue'> .</font></B>  -undefined
<B><font color = 'blue'> .</font></B>  -Bangalore
<B><font color = 'blue'> .</font></B>  -Testing
<B><font color = 'blue'> .</font></B>  -Absent
<B><font color = 'blue'> .</font></B>  -Absent
<B><font color = 'blue'> .</font></B>  -Absent
<B><font color = 'blue'> .</font></B>  -Absent
<B><font color = 'blue'> .</font></B>  -Absent
<B><font color = 'blue'> .</font></B>  -Absent
<B><font color = 'blue'> .</font></B>  -Absent
<B><font color = 'blue'> .</font></B>  -Absent
<B><font color = 'blue'> .</font></B>  -Absent
<B><font color = 'blue'> .</font></B>  -Absent
<B><font color = 'blue'> .</font></B>  -Absent
<B><font color = 'blue'> .</font></B>  -Aryan raj 
<B><font color = 'blue'> .</font></B>  -alex@gmail.com
<B><font color = 'blue'> .</font></B>  -126
<B><font color = 'blue'> .</font></B>  -2022-11-05
<B><font color = 'blue'> .</font></B>  -Absent
<B><font color = 'blue'> .</font></B>  -Absent
<B><font color = 'blue'> .</font></B>  -undefined
<B><font color = 'blue'> .</font></B>  -Bangalore
<B><font color = 'blue'> .</font></B>  -Testing
<B><font color = 'blue'> .</font></B>  -Absent
<B><font color = 'blue'> .</font></B>  -Absent
<B><font color = 'blue'> .</font></B>  -Absent
<B><font color = 'blue'> .</font></B>  -Absent
<B><font color = 'blue'> .</font></B>  -Absent
<B><font color = 'blue'> .</font></B>  -Absent
<B><font color = 'blue'> .</font></B>  -Absent
<B><font color = 'blue'> .</font></B>  -Absent
<B><font color = 'blue'> .</font></B>  -Absent
<B><font color = 'blue'> .</font></B>  -Absent
<B><font color = 'blue'> .</font></B>  -Absent
<B><font color = 'blue'> .</font></B>  -Automation CodeeeAuto 
<B><font color = 'blue'> .</font></B>  -skabcdef38@gmail.com
<B><font color = 'blue'> .</font></B>  -Emp-Abzcde-123457
<B><font color = 'blue'> .</font></B>  -2022-11-05
<B><font color = 'blue'> .</font></B>  -Absent
<B><font color = 'blue'> .</font></B>  -Absent
<B><font color = 'blue'> .</font></B>  -undefined
<B><font color = 'blue'> .</font></B>  -Bangalore
<B><font color = 'blue'> .</font></B>  -Testing
<B><font color = 'blue'> .</font></B>  -Absent
<B><font color = 'blue'> .</font></B>  -Absent
<B><font color = 'blue'> .</font></B>  -Absent
<B><font color = 'blue'> .</font></B>  -Absent
<B><font color = 'blue'> .</font></B>  -Absent
<B><font color = 'blue'> .</font></B>  -Absent
<B><font color = 'blue'> .</font></B>  -Absent
<B><font color = 'blue'> .</font></B>  -Absent
<B><font color = 'blue'> .</font></B>  -Absent
<B><font color = 'blue'> .</font></B>  -Absent
<B><font color = 'blue'> .</font></B>  -Absent
<B><font color = 'blue'> .</font></B>  -Automation CodeeeAuto 
<B><font color = 'blue'> .</font></B>  -skabcdef33@gmail.com
<B><font color = 'blue'> .</font></B>  -Emp-Abzcde-1234557
<B><font color = 'blue'> .</font></B>  -2022-11-05
<B><font color = 'blue'> .</font></B>  -Absent
<B><font color = 'blue'> .</font></B>  -Absent
<B><font color = 'blue'> .</font></B>  -undefined
<B><font color = 'blue'> .</font></B>  -Bangalore
<B><font color = 'blue'> .</font></B>  -Testing
<B><font color = 'blue'> .</font></B>  -Absent
<B><font color = 'blue'> .</font></B>  -Absent
<B><font color = 'blue'> .</font></B>  -Absent
<B><font color = 'blue'> .</font></B>  -Absent
<B><font color = 'blue'> .</font></B>  -Absent
<B><font color = 'blue'> .</font></B>  -Absent
<B><font color = 'blue'> .</font></B>  -Absent
<B><font color = 'blue'> .</font></B>  -Absent
<B><font color = 'blue'> .</font></B>  -Absent
<B><font color = 'blue'> .</font></B>  -Absent
<B><font color = 'blue'> .</font></B>  -Absent
<B><font color = 'blue'> .</font></B>  -D Surya Prabhakar 
<B><font color = 'blue'> .</font></B>  -surya1@gmail.com
<B><font color = 'blue'> .</font></B>  -EM010
<B><font color = 'blue'> .</font></B>  -2022-11-05
<B><font color = 'blue'> .</font></B>  -Absent
<B><font color = 'blue'> .</font></B>  -Absent
<B><font color = 'blue'> .</font></B>  -undefined
<B><font color = 'blue'> .</font></B>  -bengaluru
<B><font color = 'blue'> .</font></B>  -Testing
<B><font color = 'blue'> .</font></B>  -Absent
<B><font color = 'blue'> .</font></B>  -Absent
<B><font color = 'blue'> .</font></B>  -Absent
<B><font color = 'blue'> .</font></B>  -Absent
<B><font color = 'blue'> .</font></B>  -Absent
<B><font color = 'blue'> .</font></B>  -Absent
<B><font color = 'blue'> .</font></B>  -Absent
<B><font color = 'blue'> .</font></B>  -Absent
<B><font color = 'blue'> .</font></B>  -Absent
<B><font color = 'blue'> .</font></B>  -Absent
<B><font color = 'blue'> .</font></B>  -Absent
<B><font color = 'blue'> .</font></B>  -R o       hit Sharma 
<B><font color = 'blue'> .</font></B>  -rahulrajt5613928@gmail.com
<B><font color = 'blue'> .</font></B>  -67645
<B><font color = 'blue'> .</font></B>  -2022-11-05
<B><font color = 'blue'> .</font></B>  -Absent
<B><font color = 'blue'> .</font></B>  -Absent
<B><font color = 'blue'> .</font></B>  -undefined
<B><font color = 'blue'> .</font></B>  -bengaluru
<B><font color = 'blue'> .</font></B>  -Testing
<B><font color = 'blue'> .</font></B>  -Absent
<B><font color = 'blue'> .</font></B>  -Absent
<B><font color = 'blue'> .</font></B>  -Absent
<B><font color = 'blue'> .</font></B>  -Absent
<B><font color = 'blue'> .</font></B>  -Absent
<B><font color = 'blue'> .</font></B>  -Absent
<B><font color = 'blue'> .</font></B>  -Absent
<B><font color = 'blue'> .</font></B>  -Absent
<B><font color = 'blue'> .</font></B>  -Absent
<B><font color = 'blue'> .</font></B>  -Absent
<B><font color = 'blue'> .</font></B>  -Absent
<B><font color = 'blue'> .</font></B>  -ni test 
<B><font color = 'blue'> .</font></B>  -nitest12@gmail.com
<B><font color = 'blue'> .</font></B>  -GLB678
<B><font color = 'blue'> .</font></B>  -2022-11-05
<B><font color = 'blue'> .</font></B>  -Absent
<B><font color = 'blue'> .</font></B>  -Absent
<B><font color = 'blue'> .</font></B>  -undefined
<B><font color = 'blue'> .</font></B>  -bengaluru
<B><font color = 'blue'> .</font></B>  -Testing
<B><font color = 'blue'> .</font></B>  -Absent
<B><font color = 'blue'> .</font></B>  -Absent
<B><font color = 'blue'> .</font></B>  -Absent
<B><font color = 'blue'> .</font></B>  -Absent
<B><font color = 'blue'> .</font></B>  -Absent
<B><font color = 'blue'> .</font></B>  -Absent
<B><font color = 'blue'> .</font></B>  -Absent
<B><font color = 'blue'> .</font></B>  -Absent
<B><font color = 'blue'> .</font></B>  -Absent
<B><font color = 'blue'> .</font></B>  -Absent
<B><font color = 'blue'> .</font></B>  -Absent
<B><font color = 'blue'> .</font></B>  -one test 
<B><font color = 'blue'> .</font></B>  -testone1234@gmail.com
<B><font color = 'blue'> .</font></B>  -0110
<B><font color = 'blue'> .</font></B>  -2022-11-05
<B><font color = 'blue'> .</font></B>  -Absent
<B><font color = 'blue'> .</font></B>  -Absent
<B><font color = 'blue'> .</font></B>  -undefined
<B><font color = 'blue'> .</font></B>  -bengaluru
<B><font color = 'blue'> .</font></B>  -Testing
<B><font color = 'blue'> .</font></B>  -Absent
<B><font color = 'blue'> .</font></B>  -Absent
<B><font color = 'blue'> .</font></B>  -Absent
<B><font color = 'blue'> .</font></B>  -Absent
<B><font color = 'blue'> .</font></B>  -Absent
<B><font color = 'blue'> .</font></B>  -Absent
<B><font color = 'blue'> .</font></B>  -Absent
<B><font color = 'blue'> .</font></B>  -Absent
<B><font color = 'blue'> .</font></B>  -Absent
<B><font color = 'blue'> .</font></B>  -Absent
<B><font color = 'blue'> .</font></B>  -Absent
<B><font color = 'blue'> .</font></B>  -GLB-BLR-010-PC - GLB-BLR-010 
<B><font color = 'blue'> .</font></B>  -abcd@yuksdgus
<B><font color = 'blue'> .</font></B>  -GLB-BLR-010
<B><font color = 'blue'> .</font></B>  -2022-11-05
<B><font color = 'blue'> .</font></B>  -Absent
<B><font color = 'blue'> .</font></B>  -Absent
<B><font color = 'blue'> .</font></B>  -undefined
<B><font color = 'blue'> .</font></B>  -bengaluru
<B><font color = 'blue'> .</font></B>  -Testing
<B><font color = 'blue'> .</font></B>  -Absent
<B><font color = 'blue'> .</font></B>  -Absent
<B><font color = 'blue'> .</font></B>  -Absent
<B><font color = 'blue'> .</font></B>  -Absent
<B><font color = 'blue'> .</font></B>  -Absent
<B><font color = 'blue'> .</font></B>  -Absent
<B><font color = 'blue'> .</font></B>  -Absent
<B><font color = 'blue'> .</font></B>  -Absent
<B><font color = 'blue'> .</font></B>  -Absent
<B><font color = 'blue'> .</font></B>  -Absent
<B><font color = 'blue'> .</font></B>  -Absent
<B><font color = 'blue'> .</font></B>  -surya kk 
<B><font color = 'blue'> .</font></B>  -123@gmail.com
<B><font color = 'blue'> .</font></B>  -mmmmm
<B><font color = 'blue'> .</font></B>  -2022-11-05
<B><font color = 'blue'> .</font></B>  -Absent
<B><font color = 'blue'> .</font></B>  -Absent
<B><font color = 'blue'> .</font></B>  -undefined
<B><font color = 'blue'> .</font></B>  -Tamilnadu
<B><font color = 'blue'> .</font></B>  -Test and Dev
<B><font color = 'blue'> .</font></B>  -Absent
<B><font color = 'blue'> .</font></B>  -Absent
<B><font color = 'blue'> .</font></B>  -Absent
<B><font color = 'blue'> .</font></B>  -Absent
<B><font color = 'blue'> .</font></B>  -Absent
<B><font color = 'blue'> .</font></B>  -Absent
<B><font color = 'blue'> .</font></B>  -Absent
<B><font color = 'blue'> .</font></B>  -Absent
<B><font color = 'blue'> .</font></B>  -Absent
<B><font color = 'blue'> .</font></B>  -Absent
<B><font color = 'blue'> .</font></B>  -Absent
<B><font color = 'blue'> .</font></B>  -sai kk 
<B><font color = 'blue'> .</font></B>  -saikk19876@gmail.com
<B><font color = 'blue'> .</font></B>  -20221019
<B><font color = 'blue'> .</font></B>  -2022-11-05
<B><font color = 'blue'> .</font></B>  -Absent
<B><font color = 'blue'> .</font></B>  -Absent
<B><font color = 'blue'> .</font></B>  -undefined
<B><font color = 'blue'> .</font></B>  -Tamilnadu
<B><font color = 'blue'> .</font></B>  -Test and Dev
<B><font color = 'blue'> .</font></B>  -Absent
<B><font color = 'blue'> .</font></B>  -Absent
<B><font color = 'blue'> .</font></B>  -Absent
<B><font color = 'blue'> .</font></B>  -Absent
<B><font color = 'blue'> .</font></B>  -Absent
<B><font color = 'blue'> .</font></B>  -Absent
<B><font color = 'blue'> .</font></B>  -Absent
<B><font color = 'blue'> .</font></B>  -Absent
<B><font color = 'blue'> .</font></B>  -Absent
<B><font color = 'blue'> .</font></B>  -Absent
<B><font color = 'blue'> .</font></B>  -Absent
<B><font color = 'blue'> .</font></B>  -ajeethemp test 
<B><font color = 'blue'> .</font></B>  -ajeethemp@gmail.com
<B><font color = 'blue'> .</font></B>  -A01
<B><font color = 'blue'> .</font></B>  -2022-11-05
<B><font color = 'blue'> .</font></B>  -Absent
<B><font color = 'blue'> .</font></B>  -Absent
<B><font color = 'blue'> .</font></B>  -undefined
<B><font color = 'blue'> .</font></B>  -Tamilnadu
<B><font color = 'blue'> .</font></B>  -Test and Dev
<B><font color = 'blue'> .</font></B>  -Absent
<B><font color = 'blue'> .</font></B>  -Absent
<B><font color = 'blue'> .</font></B>  -Absent
<B><font color = 'blue'> .</font></B>  -Absent
<B><font color = 'blue'> .</font></B>  -Absent
<B><font color = 'blue'> .</font></B>  -Absent
<B><font color = 'blue'> .</font></B>  -Absent
<B><font color = 'blue'> .</font></B>  -Absent
<B><font color = 'blue'> .</font></B>  -Absent
<B><font color = 'blue'> .</font></B>  -Absent
<B><font color = 'blue'> .</font></B>  -Absent
<B><font color = 'blue'> .</font></B>  -test user two 
<B><font color = 'blue'> .</font></B>  -testuser@two.io
<B><font color = 'blue'> .</font></B>  -GSLL-327
<B><font color = 'blue'> .</font></B>  -2022-11-05
<B><font color = 'blue'> .</font></B>  -Absent
<B><font color = 'blue'> .</font></B>  -Absent
<B><font color = 'blue'> .</font></B>  -undefined
<B><font color = 'blue'> .</font></B>  -Tamilnadu
<B><font color = 'blue'> .</font></B>  -Test and Dev
<B><font color = 'blue'> .</font></B>  -Absent
<B><font color = 'blue'> .</font></B>  -Absent
<B><font color = 'blue'> .</font></B>  -Absent
<B><font color = 'blue'> .</font></B>  -Absent
<B><font color = 'blue'> .</font></B>  -Absent
<B><font color = 'blue'> .</font></B>  -Absent
<B><font color = 'blue'> .</font></B>  -Absent
<B><font color = 'blue'> .</font></B>  -Absent
<B><font color = 'blue'> .</font></B>  -Absent
<B><font color = 'blue'> .</font></B>  -Absent
<B><font color = 'blue'> .</font></B>  -Absent
<B><font color = 'blue'> .</font></B>  -Himanshu Kumar 
<B><font color = 'blue'> .</font></B>  -himanshu1@gmail.com
<B><font color = 'blue'> .</font></B>  -EM011
<B><font color = 'blue'> .</font></B>  -2022-11-05
<B><font color = 'blue'> .</font></B>  -Absent
<B><font color = 'blue'> .</font></B>  -Absent
<B><font color = 'blue'> .</font></B>  -undefined
<B><font color = 'blue'> .</font></B>  -bagalkot
<B><font color = 'blue'> .</font></B>  -manual testing
<B><font color = 'blue'> .</font></B>  -Absent
<B><font color = 'blue'> .</font></B>  -Absent
<B><font color = 'blue'> .</font></B>  -Absent
<B><font color = 'blue'> .</font></B>  -Absent
<B><font color = 'blue'> .</font></B>  -Absent
<B><font color = 'blue'> .</font></B>  -Absent
<B><font color = 'blue'> .</font></B>  -Absent
<B><font color = 'blue'> .</font></B>  -Absent
<B><font color = 'blue'> .</font></B>  -Absent
<B><font color = 'blue'> .</font></B>  -Absent
<B><font color = 'blue'> .</font></B>  -Absent
<B><font color = 'blue'> .</font></B>  -dxgfdxg gssdg 
<B><font color = 'blue'> .</font></B>  -sdgsg@dgksodkg.in
<B><font color = 'blue'> .</font></B>  -asfda343443
<B><font color = 'blue'> .</font></B>  -2022-11-05
<B><font color = 'blue'> .</font></B>  -Absent
<B><font color = 'blue'> .</font></B>  -Absent
<B><font color = 'blue'> .</font></B>  -undefined
<B><font color = 'blue'> .</font></B>  -Bhilai
<B><font color = 'blue'> .</font></B>  -Php
<B><font color = 'blue'> .</font></B>  -Absent
<B><font color = 'blue'> .</font></B>  -Absent
<B><font color = 'blue'> .</font></B>  -Absent
<B><font color = 'blue'> .</font></B>  -Absent
<B><font color = 'blue'> .</font></B>  -Absent
<B><font color = 'blue'> .</font></B>  -Absent
<B><font color = 'blue'> .</font></B>  -Absent
<B><font color = 'blue'> .</font></B>  -Absent
<B><font color = 'blue'> .</font></B>  -Absent
<B><font color = 'blue'> .</font></B>  -Absent
<B><font color = 'blue'> .</font></B>  -Absent
<B><font color = 'blue'> .</font></B>  -Guest User 
<B><font color = 'blue'> .</font></B>  -guestuser@gmail.com
<B><font color = 'blue'> .</font></B>  -GLB-777
<B><font color = 'blue'> .</font></B>  -2022-11-05
<B><font color = 'blue'> .</font></B>  -Absent
<B><font color = 'blue'> .</font></B>  -Absent
<B><font color = 'blue'> .</font></B>  -undefined
<B><font color = 'blue'> .</font></B>  -Bhilai
<B><font color = 'blue'> .</font></B>  -Php
<B><font color = 'blue'> .</font></B>  -Absent
<B><font color = 'blue'> .</font></B>  -Absent
<B><font color = 'blue'> .</font></B>  -Absent
<B><font color = 'blue'> .</font></B>  -Absent
<B><font color = 'blue'> .</font></B>  -Absent
<B><font color = 'blue'> .</font></B>  -Absent
<B><font color = 'blue'> .</font></B>  -Absent
<B><font color = 'blue'> .</font></B>  -Absent
<B><font color = 'blue'> .</font></B>  -Absent
<B><font color = 'blue'> .</font></B>  -Absent
<B><font color = 'blue'> .</font></B>  -Absent
<B><font color = 'blue'> .</font></B>  -Himanshu Kumar 
<B><font color = 'blue'> .</font></B>  -himanshu1@gmail.com
<B><font color = 'blue'> .</font></B>  -EM011
<B><font color = 'blue'> .</font></B>  -2022-11-04
<B><font color = 'blue'> .</font></B>  -04-11-2022 00:01:15
<B><font color = 'blue'> .</font></B>  -04-11-2022 00:04:15
<B><font color = 'blue'> .</font></B>  -GLB-181
<B><font color = 'blue'> .</font></B>  -bagalkot
<B><font color = 'blue'> .</font></B>  -manual testing
<B><font color = 'blue'> .</font></B>  -00:03:00
<B><font color = 'blue'> .</font></B>  -00:00:00
<B><font color = 'blue'> .</font></B>  -00:00:00
<B><font color = 'blue'> .</font></B>  -00:00:00
<B><font color = 'blue'> .</font></B>  -00:00:00
<B><font color = 'blue'> .</font></B>  -00:00:00
<B><font color = 'blue'> .</font></B>  -00:00:00
<B><font color = 'blue'> .</font></B>  -00:03:00
<B><font color = 'blue'> .</font></B>  -0.00%
<B><font color = 'blue'> .</font></B>  --480:00
<B><font color = 'blue'> .</font></B>  -0.00
<B><font color = 'blue'> .</font></B>  -Virat kohli 
<B><font color = 'blue'> .</font></B>  -rahukbgdxgsf@gmail.com
<B><font color = 'blue'> .</font></B>  -65332
<B><font color = 'blue'> .</font></B>  -2022-11-04
<B><font color = 'blue'> .</font></B>  -04-11-2022 13:51:32
<B><font color = 'blue'> .</font></B>  -04-11-2022 17:15:32
<B><font color = 'blue'> .</font></B>  -GLB-124-PC
<B><font color = 'blue'> .</font></B>  -Default
<B><font color = 'blue'> .</font></B>  -Default
<B><font color = 'blue'> .</font></B>  -03:24:00
<B><font color = 'blue'> .</font></B>  -00:00:00
<B><font color = 'blue'> .</font></B>  -00:00:00
<B><font color = 'blue'> .</font></B>  -00:00:00
<B><font color = 'blue'> .</font></B>  -00:00:00
<B><font color = 'blue'> .</font></B>  -00:00:00
<B><font color = 'blue'> .</font></B>  -00:00:00
<B><font color = 'blue'> .</font></B>  -03:24:00
<B><font color = 'blue'> .</font></B>  -0.00%
<B><font color = 'blue'> .</font></B>  --480:00
<B><font color = 'blue'> .</font></B>  -0.00
<B><font color = 'blue'> .</font></B>  -test testtt 
<B><font color = 'blue'> .</font></B>  -abcd@gmail.com
<B><font color = 'blue'> .</font></B>  -GLB55
<B><font color = 'blue'> .</font></B>  -2022-11-04
<B><font color = 'blue'> .</font></B>  -04-11-2022 16:05:53
<B><font color = 'blue'> .</font></B>  -05-11-2022 00:00:00
<B><font color = 'blue'> .</font></B>  -GLB-124-PC
<B><font color = 'blue'> .</font></B>  -Bangalore
<B><font color = 'blue'> .</font></B>  -Testing
<B><font color = 'blue'> .</font></B>  -07:54:07
<B><font color = 'blue'> .</font></B>  -00:00:00
<B><font color = 'blue'> .</font></B>  -00:00:00
<B><font color = 'blue'> .</font></B>  -00:00:00
<B><font color = 'blue'> .</font></B>  -00:00:00
<B><font color = 'blue'> .</font></B>  -00:00:00
<B><font color = 'blue'> .</font></B>  -00:00:00
<B><font color = 'blue'> .</font></B>  -07:54:07
<B><font color = 'blue'> .</font></B>  -0.00%
<B><font color = 'blue'> .</font></B>  --480:00
<B><font color = 'blue'> .</font></B>  -0.00
<B><font color = 'blue'> .</font></B>  -dominic toretto 
<B><font color = 'blue'> .</font></B>  -dom.toretto737@gmail.com
<B><font color = 'blue'> .</font></B>  -EMP011
<B><font color = 'blue'> .</font></B>  -2022-11-04
<B><font color = 'blue'> .</font></B>  -04-11-2022 10:33:07
<B><font color = 'blue'> .</font></B>  -04-11-2022 11:00:07
<B><font color = 'blue'> .</font></B>  -GLB-110-PC
<B><font color = 'blue'> .</font></B>  -Bangalore
<B><font color = 'blue'> .</font></B>  -Testing
<B><font color = 'blue'> .</font></B>  -00:27:00
<B><font color = 'blue'> .</font></B>  -00:00:00
<B><font color = 'blue'> .</font></B>  -00:00:00
<B><font color = 'blue'> .</font></B>  -00:00:00
<B><font color = 'blue'> .</font></B>  -00:00:00
<B><font color = 'blue'> .</font></B>  -00:00:00
<B><font color = 'blue'> .</font></B>  -00:00:00
<B><font color = 'blue'> .</font></B>  -00:27:00
<B><font color = 'blue'> .</font></B>  -0.00%
<B><font color = 'blue'> .</font></B>  --480:00
<B><font color = 'blue'> .</font></B>  -0.00
<B><font color = 'blue'> .</font></B>  -test user two 
<B><font color = 'blue'> .</font></B>  -testuser@two.io
<B><font color = 'blue'> .</font></B>  -GSLL-327
<B><font color = 'blue'> .</font></B>  -2022-11-04
<B><font color = 'blue'> .</font></B>  -04-11-2022 17:28:59
<B><font color = 'blue'> .</font></B>  -04-11-2022 18:07:59
<B><font color = 'blue'> .</font></B>  -GLB-124-PC
<B><font color = 'blue'> .</font></B>  -Tamilnadu
<B><font color = 'blue'> .</font></B>  -Test and Dev
<B><font color = 'blue'> .</font></B>  -00:39:00
<B><font color = 'blue'> .</font></B>  -00:00:00
<B><font color = 'blue'> .</font></B>  -00:00:00
<B><font color = 'blue'> .</font></B>  -00:00:00
<B><font color = 'blue'> .</font></B>  -00:00:00
<B><font color = 'blue'> .</font></B>  -00:00:00
<B><font color = 'blue'> .</font></B>  -00:00:00
<B><font color = 'blue'> .</font></B>  -00:39:00
<B><font color = 'blue'> .</font></B>  -0.00%
<B><font color = 'blue'> .</font></B>  --480:00
<B><font color = 'blue'> .</font></B>  -0.00
<B><font color = 'blue'> .</font></B>  -Update Check 
<B><font color = 'blue'> .</font></B>  -updates@gmail.com
<B><font color = 'blue'> .</font></B>  -emp543
<B><font color = 'blue'> .</font></B>  -2022-11-04
<B><font color = 'blue'> .</font></B>  -04-11-2022 11:05:47
<B><font color = 'blue'> .</font></B>  -04-11-2022 13:26:47
<B><font color = 'blue'> .</font></B>  -GLB-124-PC
<B><font color = 'blue'> .</font></B>  -Default
<B><font color = 'blue'> .</font></B>  -Default
<B><font color = 'blue'> .</font></B>  -02:21:00
<B><font color = 'blue'> .</font></B>  -00:00:00
<B><font color = 'blue'> .</font></B>  -00:00:00
<B><font color = 'blue'> .</font></B>  -00:00:00
<B><font color = 'blue'> .</font></B>  -00:00:00
<B><font color = 'blue'> .</font></B>  -00:00:00
<B><font color = 'blue'> .</font></B>  -00:00:00
<B><font color = 'blue'> .</font></B>  -02:21:00
<B><font color = 'blue'> .</font></B>  -0.00%
<B><font color = 'blue'> .</font></B>  --480:00
<B><font color = 'blue'> .</font></B>  -0.00
<B><font color = 'blue'> .</font></B>  -sadas kadkasdj 
<B><font color = 'blue'> .</font></B>  -dsa@eqe
<B><font color = 'blue'> .</font></B>  -emp129666
<B><font color = 'blue'> .</font></B>  -2022-11-04
<B><font color = 'blue'> .</font></B>  -Absent
<B><font color = 'blue'> .</font></B>  -Absent
<B><font color = 'blue'> .</font></B>  -undefined
<B><font color = 'blue'> .</font></B>  -Default
<B><font color = 'blue'> .</font></B>  -Default
<B><font color = 'blue'> .</font></B>  -Absent
<B><font color = 'blue'> .</font></B>  -Absent
<B><font color = 'blue'> .</font></B>  -Absent
<B><font color = 'blue'> .</font></B>  -Absent
<B><font color = 'blue'> .</font></B>  -Absent
<B><font color = 'blue'> .</font></B>  -Absent
<B><font color = 'blue'> .</font></B>  -Absent
<B><font color = 'blue'> .</font></B>  -Absent
<B><font color = 'blue'> .</font></B>  -Absent
<B><font color = 'blue'> .</font></B>  -Absent
<B><font color = 'blue'> .</font></B>  -Absent
<B><font color = 'blue'> .</font></B>  -New Test 
<B><font color = 'blue'> .</font></B>  -newtest@gmail.com
<B><font color = 'blue'> .</font></B>  -ewer334443
<B><font color = 'blue'> .</font></B>  -2022-11-04
<B><font color = 'blue'> .</font></B>  -Absent
<B><font color = 'blue'> .</font></B>  -Absent
<B><font color = 'blue'> .</font></B>  -undefined
<B><font color = 'blue'> .</font></B>  -Default
<B><font color = 'blue'> .</font></B>  -Default
<B><font color = 'blue'> .</font></B>  -Absent
<B><font color = 'blue'> .</font></B>  -Absent
<B><font color = 'blue'> .</font></B>  -Absent
<B><font color = 'blue'> .</font></B>  -Absent
<B><font color = 'blue'> .</font></B>  -Absent
<B><font color = 'blue'> .</font></B>  -Absent
<B><font color = 'blue'> .</font></B>  -Absent
<B><font color = 'blue'> .</font></B>  -Absent
<B><font color = 'blue'> .</font></B>  -Absent
<B><font color = 'blue'> .</font></B>  -Absent
<B><font color = 'blue'> .</font></B>  -Absent
<B><font color = 'blue'> .</font></B>  -dshcdb uidsbf 
<B><font color = 'blue'> .</font></B>  -dvbvdb@yahoo.com
<B><font color = 'blue'> .</font></B>  -435454
<B><font color = 'blue'> .</font></B>  -2022-11-04
<B><font color = 'blue'> .</font></B>  -Absent
<B><font color = 'blue'> .</font></B>  -Absent
<B><font color = 'blue'> .</font></B>  -undefined
<B><font color = 'blue'> .</font></B>  -Default
<B><font color = 'blue'> .</font></B>  -Default
<B><font color = 'blue'> .</font></B>  -Absent
<B><font color = 'blue'> .</font></B>  -Absent
<B><font color = 'blue'> .</font></B>  -Absent
<B><font color = 'blue'> .</font></B>  -Absent
<B><font color = 'blue'> .</font></B>  -Absent
<B><font color = 'blue'> .</font></B>  -Absent
<B><font color = 'blue'> .</font></B>  -Absent
<B><font color = 'blue'> .</font></B>  -Absent
<B><font color = 'blue'> .</font></B>  -Absent
<B><font color = 'blue'> .</font></B>  -Absent
<B><font color = 'blue'> .</font></B>  -Absent
<B><font color = 'blue'> .</font></B>  -try last 
<B><font color = 'blue'> .</font></B>  -try@gmail.com
<B><font color = 'blue'> .</font></B>  -1225455
<B><font color = 'blue'> .</font></B>  -2022-11-04
<B><font color = 'blue'> .</font></B>  -Absent
<B><font color = 'blue'> .</font></B>  -Absent
<B><font color = 'blue'> .</font></B>  -undefined
<B><font color = 'blue'> .</font></B>  -Default
<B><font color = 'blue'> .</font></B>  -Default
<B><font color = 'blue'> .</font></B>  -Absent
<B><font color = 'blue'> .</font></B>  -Absent
<B><font color = 'blue'> .</font></B>  -Absent
<B><font color = 'blue'> .</font></B>  -Absent
<B><font color = 'blue'> .</font></B>  -Absent
<B><font color = 'blue'> .</font></B>  -Absent
<B><font color = 'blue'> .</font></B>  -Absent
<B><font color = 'blue'> .</font></B>  -Absent
<B><font color = 'blue'> .</font></B>  -Absent
<B><font color = 'blue'> .</font></B>  -Absent
<B><font color = 'blue'> .</font></B>  -Absent
<B><font color = 'blue'> .</font></B>  -vdjvdb yusvdvbbh 
<B><font color = 'blue'> .</font></B>  -dvhbfdh@gmail.com
<B><font color = 'blue'> .</font></B>  -wq534342
<B><font color = 'blue'> .</font></B>  -2022-11-04
<B><font color = 'blue'> .</font></B>  -Absent
<B><font color = 'blue'> .</font></B>  -Absent
<B><font color = 'blue'> .</font></B>  -undefined
<B><font color = 'blue'> .</font></B>  -Default
<B><font color = 'blue'> .</font></B>  -Default
<B><font color = 'blue'> .</font></B>  -Absent
<B><font color = 'blue'> .</font></B>  -Absent
<B><font color = 'blue'> .</font></B>  -Absent
<B><font color = 'blue'> .</font></B>  -Absent
<B><font color = 'blue'> .</font></B>  -Absent
<B><font color = 'blue'> .</font></B>  -Absent
<B><font color = 'blue'> .</font></B>  -Absent
<B><font color = 'blue'> .</font></B>  -Absent
<B><font color = 'blue'> .</font></B>  -Absent
<B><font color = 'blue'> .</font></B>  -Absent
<B><font color = 'blue'> .</font></B>  -Absent
<B><font color = 'blue'> .</font></B>  -Mail Test user 
<B><font color = 'blue'> .</font></B>  -maintest@user.io
<B><font color = 'blue'> .</font></B>  -GLB-1223888
<B><font color = 'blue'> .</font></B>  -2022-11-04
<B><font color = 'blue'> .</font></B>  -Absent
<B><font color = 'blue'> .</font></B>  -Absent
<B><font color = 'blue'> .</font></B>  -undefined
<B><font color = 'blue'> .</font></B>  -Default
<B><font color = 'blue'> .</font></B>  -Default
<B><font color = 'blue'> .</font></B>  -Absent
<B><font color = 'blue'> .</font></B>  -Absent
<B><font color = 'blue'> .</font></B>  -Absent
<B><font color = 'blue'> .</font></B>  -Absent
<B><font color = 'blue'> .</font></B>  -Absent
<B><font color = 'blue'> .</font></B>  -Absent
<B><font color = 'blue'> .</font></B>  -Absent
<B><font color = 'blue'> .</font></B>  -Absent
<B><font color = 'blue'> .</font></B>  -Absent
<B><font color = 'blue'> .</font></B>  -Absent
<B><font color = 'blue'> .</font></B>  -Absent
<B><font color = 'blue'> .</font></B>  -test manager 
<B><font color = 'blue'> .</font></B>  -manageremp@gmail.com
<B><font color = 'blue'> .</font></B>  -glb020
<B><font color = 'blue'> .</font></B>  -2022-11-04
<B><font color = 'blue'> .</font></B>  -Absent
<B><font color = 'blue'> .</font></B>  -Absent
<B><font color = 'blue'> .</font></B>  -undefined
<B><font color = 'blue'> .</font></B>  -Default
<B><font color = 'blue'> .</font></B>  -Default
<B><font color = 'blue'> .</font></B>  -Absent
<B><font color = 'blue'> .</font></B>  -Absent
<B><font color = 'blue'> .</font></B>  -Absent
<B><font color = 'blue'> .</font></B>  -Absent
<B><font color = 'blue'> .</font></B>  -Absent
<B><font color = 'blue'> .</font></B>  -Absent
<B><font color = 'blue'> .</font></B>  -Absent
<B><font color = 'blue'> .</font></B>  -Absent
<B><font color = 'blue'> .</font></B>  -Absent
<B><font color = 'blue'> .</font></B>  -Absent
<B><font color = 'blue'> .</font></B>  -Absent
<B><font color = 'blue'> .</font></B>  -DESKTOP-PJJHB19 - GLB-BLR-002OjUpRD2 
<B><font color = 'blue'> .</font></B>  --
<B><font color = 'blue'> .</font></B>  -GLB-BLR-002OjUpRD2
<B><font color = 'blue'> .</font></B>  -2022-11-04
<B><font color = 'blue'> .</font></B>  -Absent
<B><font color = 'blue'> .</font></B>  -Absent
<B><font color = 'blue'> .</font></B>  -undefined
<B><font color = 'blue'> .</font></B>  -Default
<B><font color = 'blue'> .</font></B>  -Default
<B><font color = 'blue'> .</font></B>  -Absent
<B><font color = 'blue'> .</font></B>  -Absent
<B><font color = 'blue'> .</font></B>  -Absent
<B><font color = 'blue'> .</font></B>  -Absent
<B><font color = 'blue'> .</font></B>  -Absent
<B><font color = 'blue'> .</font></B>  -Absent
<B><font color = 'blue'> .</font></B>  -Absent
<B><font color = 'blue'> .</font></B>  -Absent
<B><font color = 'blue'> .</font></B>  -Absent
<B><font color = 'blue'> .</font></B>  -Absent
<B><font color = 'blue'> .</font></B>  -Absent
<B><font color = 'blue'> .</font></B>  -Usb Test 
<B><font color = 'blue'> .</font></B>  -usbtest123@gmail.com
<B><font color = 'blue'> .</font></B>  -emp0097
<B><font color = 'blue'> .</font></B>  -2022-11-04
<B><font color = 'blue'> .</font></B>  -Absent
<B><font color = 'blue'> .</font></B>  -Absent
<B><font color = 'blue'> .</font></B>  -undefined
<B><font color = 'blue'> .</font></B>  -Default
<B><font color = 'blue'> .</font></B>  -Default
<B><font color = 'blue'> .</font></B>  -Absent
<B><font color = 'blue'> .</font></B>  -Absent
<B><font color = 'blue'> .</font></B>  -Absent
<B><font color = 'blue'> .</font></B>  -Absent
<B><font color = 'blue'> .</font></B>  -Absent
<B><font color = 'blue'> .</font></B>  -Absent
<B><font color = 'blue'> .</font></B>  -Absent
<B><font color = 'blue'> .</font></B>  -Absent
<B><font color = 'blue'> .</font></B>  -Absent
<B><font color = 'blue'> .</font></B>  -Absent
<B><font color = 'blue'> .</font></B>  -Absent
<B><font color = 'blue'> .</font></B>  -SS Keystrokes 
<B><font color = 'blue'> .</font></B>  -sskey@gmail.com
<B><font color = 'blue'> .</font></B>  -emp98y
<B><font color = 'blue'> .</font></B>  -2022-11-04
<B><font color = 'blue'> .</font></B>  -Absent
<B><font color = 'blue'> .</font></B>  -Absent
<B><font color = 'blue'> .</font></B>  -undefined
<B><font color = 'blue'> .</font></B>  -Default
<B><font color = 'blue'> .</font></B>  -Default
<B><font color = 'blue'> .</font></B>  -Absent
<B><font color = 'blue'> .</font></B>  -Absent
<B><font color = 'blue'> .</font></B>  -Absent
<B><font color = 'blue'> .</font></B>  -Absent
<B><font color = 'blue'> .</font></B>  -Absent
<B><font color = 'blue'> .</font></B>  -Absent
<B><font color = 'blue'> .</font></B>  -Absent
<B><font color = 'blue'> .</font></B>  -Absent
<B><font color = 'blue'> .</font></B>  -Absent
<B><font color = 'blue'> .</font></B>  -Absent
<B><font color = 'blue'> .</font></B>  -Absent
<B><font color = 'blue'> .</font></B>  -shivammmmmmmmmmmmmmmmmmmm Kumar 
<B><font color = 'blue'> .</font></B>  -kgfyash545@gmail.com
<B><font color = 'blue'> .</font></B>  -hsakhdjk414
<B><font color = 'blue'> .</font></B>  -2022-11-04
<B><font color = 'blue'> .</font></B>  -Absent
<B><font color = 'blue'> .</font></B>  -Absent
<B><font color = 'blue'> .</font></B>  -undefined
<B><font color = 'blue'> .</font></B>  -Default
<B><font color = 'blue'> .</font></B>  -Default
<B><font color = 'blue'> .</font></B>  -Absent
<B><font color = 'blue'> .</font></B>  -Absent
<B><font color = 'blue'> .</font></B>  -Absent
<B><font color = 'blue'> .</font></B>  -Absent
<B><font color = 'blue'> .</font></B>  -Absent
<B><font color = 'blue'> .</font></B>  -Absent
<B><font color = 'blue'> .</font></B>  -Absent
<B><font color = 'blue'> .</font></B>  -Absent
<B><font color = 'blue'> .</font></B>  -Absent
<B><font color = 'blue'> .</font></B>  -Absent
<B><font color = 'blue'> .</font></B>  -Absent
<B><font color = 'blue'> .</font></B>  -Abhishek Four tf test 
<B><font color = 'blue'> .</font></B>  -abhishekfourtf@mail.com
<B><font color = 'blue'> .</font></B>  -HLIKSJ98
<B><font color = 'blue'> .</font></B>  -2022-11-04
<B><font color = 'blue'> .</font></B>  -Absent
<B><font color = 'blue'> .</font></B>  -Absent
<B><font color = 'blue'> .</font></B>  -undefined
<B><font color = 'blue'> .</font></B>  -Default
<B><font color = 'blue'> .</font></B>  -Default
<B><font color = 'blue'> .</font></B>  -Absent
<B><font color = 'blue'> .</font></B>  -Absent
<B><font color = 'blue'> .</font></B>  -Absent
<B><font color = 'blue'> .</font></B>  -Absent
<B><font color = 'blue'> .</font></B>  -Absent
<B><font color = 'blue'> .</font></B>  -Absent
<B><font color = 'blue'> .</font></B>  -Absent
<B><font color = 'blue'> .</font></B>  -Absent
<B><font color = 'blue'> .</font></B>  -Absent
<B><font color = 'blue'> .</font></B>  -Absent
<B><font color = 'blue'> .</font></B>  -Absent
<B><font color = 'blue'> .</font></B>  -new dev user 
<B><font color = 'blue'> .</font></B>  -new@dev.user
<B><font color = 'blue'> .</font></B>  -fdfsfsd
<B><font color = 'blue'> .</font></B>  -2022-11-04
<B><font color = 'blue'> .</font></B>  -Absent
<B><font color = 'blue'> .</font></B>  -Absent
<B><font color = 'blue'> .</font></B>  -undefined
<B><font color = 'blue'> .</font></B>  -Default
<B><font color = 'blue'> .</font></B>  -Default
<B><font color = 'blue'> .</font></B>  -Absent
<B><font color = 'blue'> .</font></B>  -Absent
<B><font color = 'blue'> .</font></B>  -Absent
<B><font color = 'blue'> .</font></B>  -Absent
<B><font color = 'blue'> .</font></B>  -Absent
<B><font color = 'blue'> .</font></B>  -Absent
<B><font color = 'blue'> .</font></B>  -Absent
<B><font color = 'blue'> .</font></B>  -Absent
<B><font color = 'blue'> .</font></B>  -Absent
<B><font color = 'blue'> .</font></B>  -Absent
<B><font color = 'blue'> .</font></B>  -Absent
<B><font color = 'blue'> .</font></B>  -aaaaaaaaaa aaaaaaaaa 
<B><font color = 'blue'> .</font></B>  -mmmm@gmail.com
<B><font color = 'blue'> .</font></B>  -80765s
<B><font color = 'blue'> .</font></B>  -2022-11-04
<B><font color = 'blue'> .</font></B>  -Absent
<B><font color = 'blue'> .</font></B>  -Absent
<B><font color = 'blue'> .</font></B>  -undefined
<B><font color = 'blue'> .</font></B>  -Bangalore
<B><font color = 'blue'> .</font></B>  -Testing
<B><font color = 'blue'> .</font></B>  -Absent
<B><font color = 'blue'> .</font></B>  -Absent
<B><font color = 'blue'> .</font></B>  -Absent
<B><font color = 'blue'> .</font></B>  -Absent
<B><font color = 'blue'> .</font></B>  -Absent
<B><font color = 'blue'> .</font></B>  -Absent
<B><font color = 'blue'> .</font></B>  -Absent
<B><font color = 'blue'> .</font></B>  -Absent
<B><font color = 'blue'> .</font></B>  -Absent
<B><font color = 'blue'> .</font></B>  -Absent
<B><font color = 'blue'> .</font></B>  -Absent
<B><font color = 'blue'> .</font></B>  -sumesh test 
<B><font color = 'blue'> .</font></B>  -sumesh@mail.com
<B><font color = 'blue'> .</font></B>  -fdgfdgf
<B><font color = 'blue'> .</font></B>  -2022-11-04
<B><font color = 'blue'> .</font></B>  -Absent
<B><font color = 'blue'> .</font></B>  -Absent
<B><font color = 'blue'> .</font></B>  -undefined
<B><font color = 'blue'> .</font></B>  -Bangalore
<B><font color = 'blue'> .</font></B>  -Testing
<B><font color = 'blue'> .</font></B>  -Absent
<B><font color = 'blue'> .</font></B>  -Absent
<B><font color = 'blue'> .</font></B>  -Absent
<B><font color = 'blue'> .</font></B>  -Absent
<B><font color = 'blue'> .</font></B>  -Absent
<B><font color = 'blue'> .</font></B>  -Absent
<B><font color = 'blue'> .</font></B>  -Absent
<B><font color = 'blue'> .</font></B>  -Absent
<B><font color = 'blue'> .</font></B>  -Absent
<B><font color = 'blue'> .</font></B>  -Absent
<B><font color = 'blue'> .</font></B>  -Absent
<B><font color = 'blue'> .</font></B>  -Test msc 
<B><font color = 'blue'> .</font></B>  -test123@gmail.com
<B><font color = 'blue'> .</font></B>  -12254
<B><font color = 'blue'> .</font></B>  -2022-11-04
<B><font color = 'blue'> .</font></B>  -Absent
<B><font color = 'blue'> .</font></B>  -Absent
<B><font color = 'blue'> .</font></B>  -undefined
<B><font color = 'blue'> .</font></B>  -Bangalore
<B><font color = 'blue'> .</font></B>  -Testing
<B><font color = 'blue'> .</font></B>  -Absent
<B><font color = 'blue'> .</font></B>  -Absent
<B><font color = 'blue'> .</font></B>  -Absent
<B><font color = 'blue'> .</font></B>  -Absent
<B><font color = 'blue'> .</font></B>  -Absent
<B><font color = 'blue'> .</font></B>  -Absent
<B><font color = 'blue'> .</font></B>  -Absent
<B><font color = 'blue'> .</font></B>  -Absent
<B><font color = 'blue'> .</font></B>  -Absent
<B><font color = 'blue'> .</font></B>  -Absent
<B><font color = 'blue'> .</font></B>  -Absent
<B><font color = 'blue'> .</font></B>  -deffdfds vscsc 
<B><font color = 'blue'> .</font></B>  -cscsdw123@gmail.com
<B><font color = 'blue'> .</font></B>  -1234512
<B><font color = 'blue'> .</font></B>  -2022-11-04
<B><font color = 'blue'> .</font></B>  -Absent
<B><font color = 'blue'> .</font></B>  -Absent
<B><font color = 'blue'> .</font></B>  -undefined
<B><font color = 'blue'> .</font></B>  -Bangalore
<B><font color = 'blue'> .</font></B>  -Testing
<B><font color = 'blue'> .</font></B>  -Absent
<B><font color = 'blue'> .</font></B>  -Absent
<B><font color = 'blue'> .</font></B>  -Absent
<B><font color = 'blue'> .</font></B>  -Absent
<B><font color = 'blue'> .</font></B>  -Absent
<B><font color = 'blue'> .</font></B>  -Absent
<B><font color = 'blue'> .</font></B>  -Absent
<B><font color = 'blue'> .</font></B>  -Absent
<B><font color = 'blue'> .</font></B>  -Absent
<B><font color = 'blue'> .</font></B>  -Absent
<B><font color = 'blue'> .</font></B>  -Absent
<B><font color = 'blue'> .</font></B>  -Abhishe tt 
<B><font color = 'blue'> .</font></B>  -ab@ab.com
<B><font color = 'blue'> .</font></B>  -GKD567
<B><font color = 'blue'> .</font></B>  -2022-11-04
<B><font color = 'blue'> .</font></B>  -Absent
<B><font color = 'blue'> .</font></B>  -Absent
<B><font color = 'blue'> .</font></B>  -undefined
<B><font color = 'blue'> .</font></B>  -Bangalore
<B><font color = 'blue'> .</font></B>  -Testing
<B><font color = 'blue'> .</font></B>  -Absent
<B><font color = 'blue'> .</font></B>  -Absent
<B><font color = 'blue'> .</font></B>  -Absent
<B><font color = 'blue'> .</font></B>  -Absent
<B><font color = 'blue'> .</font></B>  -Absent
<B><font color = 'blue'> .</font></B>  -Absent
<B><font color = 'blue'> .</font></B>  -Absent
<B><font color = 'blue'> .</font></B>  -Absent
<B><font color = 'blue'> .</font></B>  -Absent
<B><font color = 'blue'> .</font></B>  -Absent
<B><font color = 'blue'> .</font></B>  -Absent
<B><font color = 'blue'> .</font></B>  -test nonadmin 
<B><font color = 'blue'> .</font></B>  -testnonadmin@gmail.com
<B><font color = 'blue'> .</font></B>  -GLB026
<B><font color = 'blue'> .</font></B>  -2022-11-04
<B><font color = 'blue'> .</font></B>  -Absent
<B><font color = 'blue'> .</font></B>  -Absent
<B><font color = 'blue'> .</font></B>  -undefined
<B><font color = 'blue'> .</font></B>  -Bangalore
<B><font color = 'blue'> .</font></B>  -Php
<B><font color = 'blue'> .</font></B>  -Absent
<B><font color = 'blue'> .</font></B>  -Absent
<B><font color = 'blue'> .</font></B>  -Absent
<B><font color = 'blue'> .</font></B>  -Absent
<B><font color = 'blue'> .</font></B>  -Absent
<B><font color = 'blue'> .</font></B>  -Absent
<B><font color = 'blue'> .</font></B>  -Absent
<B><font color = 'blue'> .</font></B>  -Absent
<B><font color = 'blue'> .</font></B>  -Absent
<B><font color = 'blue'> .</font></B>  -Absent
<B><font color = 'blue'> .</font></B>  -Absent
<B><font color = 'blue'> .</font></B>  -adg ckj 
<B><font color = 'blue'> .</font></B>  -adcs@1234
<B><font color = 'blue'> .</font></B>  -583
<B><font color = 'blue'> .</font></B>  -2022-11-04
<B><font color = 'blue'> .</font></B>  -Absent
<B><font color = 'blue'> .</font></B>  -Absent
<B><font color = 'blue'> .</font></B>  -undefined
<B><font color = 'blue'> .</font></B>  -Bangalore
<B><font color = 'blue'> .</font></B>  -Testing
<B><font color = 'blue'> .</font></B>  -Absent
<B><font color = 'blue'> .</font></B>  -Absent
<B><font color = 'blue'> .</font></B>  -Absent
<B><font color = 'blue'> .</font></B>  -Absent
<B><font color = 'blue'> .</font></B>  -Absent
<B><font color = 'blue'> .</font></B>  -Absent
<B><font color = 'blue'> .</font></B>  -Absent
<B><font color = 'blue'> .</font></B>  -Absent
<B><font color = 'blue'> .</font></B>  -Absent
<B><font color = 'blue'> .</font></B>  -Absent
<B><font color = 'blue'> .</font></B>  -Absent
<B><font color = 'blue'> .</font></B>  -Abhishek Test 
<B><font color = 'blue'> .</font></B>  -abhishektrest@glb.in
<B><font color = 'blue'> .</font></B>  -rN7tvEiDPGNi4fD
<B><font color = 'blue'> .</font></B>  -2022-11-04
<B><font color = 'blue'> .</font></B>  -Absent
<B><font color = 'blue'> .</font></B>  -Absent
<B><font color = 'blue'> .</font></B>  -undefined
<B><font color = 'blue'> .</font></B>  -Bangalore
<B><font color = 'blue'> .</font></B>  -Php
<B><font color = 'blue'> .</font></B>  -Absent
<B><font color = 'blue'> .</font></B>  -Absent
<B><font color = 'blue'> .</font></B>  -Absent
<B><font color = 'blue'> .</font></B>  -Absent
<B><font color = 'blue'> .</font></B>  -Absent
<B><font color = 'blue'> .</font></B>  -Absent
<B><font color = 'blue'> .</font></B>  -Absent
<B><font color = 'blue'> .</font></B>  -Absent
<B><font color = 'blue'> .</font></B>  -Absent
<B><font color = 'blue'> .</font></B>  -Absent
<B><font color = 'blue'> .</font></B>  -Absent
<B><font color = 'blue'> .</font></B>  -Superior Test one 
<B><font color = 'blue'> .</font></B>  -superiorone@gmail.com
<B><font color = 'blue'> .</font></B>  -twoqw
<B><font color = 'blue'> .</font></B>  -2022-11-04
<B><font color = 'blue'> .</font></B>  -Absent
<B><font color = 'blue'> .</font></B>  -Absent
<B><font color = 'blue'> .</font></B>  -undefined
<B><font color = 'blue'> .</font></B>  -Bangalore
<B><font color = 'blue'> .</font></B>  -Testing
<B><font color = 'blue'> .</font></B>  -Absent
<B><font color = 'blue'> .</font></B>  -Absent
<B><font color = 'blue'> .</font></B>  -Absent
<B><font color = 'blue'> .</font></B>  -Absent
<B><font color = 'blue'> .</font></B>  -Absent
<B><font color = 'blue'> .</font></B>  -Absent
<B><font color = 'blue'> .</font></B>  -Absent
<B><font color = 'blue'> .</font></B>  -Absent
<B><font color = 'blue'> .</font></B>  -Absent
<B><font color = 'blue'> .</font></B>  -Absent
<B><font color = 'blue'> .</font></B>  -Absent
<B><font color = 'blue'> .</font></B>  -test testw 
<B><font color = 'blue'> .</font></B>  -test@mac.in
<B><font color = 'blue'> .</font></B>  -aaf123
<B><font color = 'blue'> .</font></B>  -2022-11-04
<B><font color = 'blue'> .</font></B>  -Absent
<B><font color = 'blue'> .</font></B>  -Absent
<B><font color = 'blue'> .</font></B>  -undefined
<B><font color = 'blue'> .</font></B>  -Bangalore
<B><font color = 'blue'> .</font></B>  -Php
<B><font color = 'blue'> .</font></B>  -Absent
<B><font color = 'blue'> .</font></B>  -Absent
<B><font color = 'blue'> .</font></B>  -Absent
<B><font color = 'blue'> .</font></B>  -Absent
<B><font color = 'blue'> .</font></B>  -Absent
<B><font color = 'blue'> .</font></B>  -Absent
<B><font color = 'blue'> .</font></B>  -Absent
<B><font color = 'blue'> .</font></B>  -Absent
<B><font color = 'blue'> .</font></B>  -Absent
<B><font color = 'blue'> .</font></B>  -Absent
<B><font color = 'blue'> .</font></B>  -Absent
<B><font color = 'blue'> .</font></B>  -sam eer 
<B><font color = 'blue'> .</font></B>  -sam@rf.in
<B><font color = 'blue'> .</font></B>  -WSAERT2Q34E
<B><font color = 'blue'> .</font></B>  -2022-11-04
<B><font color = 'blue'> .</font></B>  -Absent
<B><font color = 'blue'> .</font></B>  -Absent
<B><font color = 'blue'> .</font></B>  -undefined
<B><font color = 'blue'> .</font></B>  -Bangalore
<B><font color = 'blue'> .</font></B>  -Testing
<B><font color = 'blue'> .</font></B>  -Absent
<B><font color = 'blue'> .</font></B>  -Absent
<B><font color = 'blue'> .</font></B>  -Absent
<B><font color = 'blue'> .</font></B>  -Absent
<B><font color = 'blue'> .</font></B>  -Absent
<B><font color = 'blue'> .</font></B>  -Absent
<B><font color = 'blue'> .</font></B>  -Absent
<B><font color = 'blue'> .</font></B>  -Absent
<B><font color = 'blue'> .</font></B>  -Absent
<B><font color = 'blue'> .</font></B>  -Absent
<B><font color = 'blue'> .</font></B>  -Absent
<B><font color = 'blue'> .</font></B>  -Test test 
<B><font color = 'blue'> .</font></B>  -sarikajain@gmail.com
<B><font color = 'blue'> .</font></B>  -E-101
<B><font color = 'blue'> .</font></B>  -2022-11-04
<B><font color = 'blue'> .</font></B>  -Absent
<B><font color = 'blue'> .</font></B>  -Absent
<B><font color = 'blue'> .</font></B>  -undefined
<B><font color = 'blue'> .</font></B>  -Bangalore
<B><font color = 'blue'> .</font></B>  -Testing
<B><font color = 'blue'> .</font></B>  -Absent
<B><font color = 'blue'> .</font></B>  -Absent
<B><font color = 'blue'> .</font></B>  -Absent
<B><font color = 'blue'> .</font></B>  -Absent
<B><font color = 'blue'> .</font></B>  -Absent
<B><font color = 'blue'> .</font></B>  -Absent
<B><font color = 'blue'> .</font></B>  -Absent
<B><font color = 'blue'> .</font></B>  -Absent
<B><font color = 'blue'> .</font></B>  -Absent
<B><font color = 'blue'> .</font></B>  -Absent
<B><font color = 'blue'> .</font></B>  -Absent
<B><font color = 'blue'> .</font></B>  -sithu kalluru 
<B><font color = 'blue'> .</font></B>  -sitaramireddy@globussoft.in
<B><font color = 'blue'> .</font></B>  -code12
<B><font color = 'blue'> .</font></B>  -2022-11-04
<B><font color = 'blue'> .</font></B>  -Absent
<B><font color = 'blue'> .</font></B>  -Absent
<B><font color = 'blue'> .</font></B>  -undefined
<B><font color = 'blue'> .</font></B>  -Bangalore
<B><font color = 'blue'> .</font></B>  -Testing
<B><font color = 'blue'> .</font></B>  -Absent
<B><font color = 'blue'> .</font></B>  -Absent
<B><font color = 'blue'> .</font></B>  -Absent
<B><font color = 'blue'> .</font></B>  -Absent
<B><font color = 'blue'> .</font></B>  -Absent
<B><font color = 'blue'> .</font></B>  -Absent
<B><font color = 'blue'> .</font></B>  -Absent
<B><font color = 'blue'> .</font></B>  -Absent
<B><font color = 'blue'> .</font></B>  -Absent
<B><font color = 'blue'> .</font></B>  -Absent
<B><font color = 'blue'> .</font></B>  -Absent
<B><font color = 'blue'> .</font></B>  -test123 abcd 
<B><font color = 'blue'> .</font></B>  -s@gmail.com
<B><font color = 'blue'> .</font></B>  -code123z
<B><font color = 'blue'> .</font></B>  -2022-11-04
<B><font color = 'blue'> .</font></B>  -Absent
<B><font color = 'blue'> .</font></B>  -Absent
<B><font color = 'blue'> .</font></B>  -undefined
<B><font color = 'blue'> .</font></B>  -Bangalore
<B><font color = 'blue'> .</font></B>  -Testing
<B><font color = 'blue'> .</font></B>  -Absent
<B><font color = 'blue'> .</font></B>  -Absent
<B><font color = 'blue'> .</font></B>  -Absent
<B><font color = 'blue'> .</font></B>  -Absent
<B><font color = 'blue'> .</font></B>  -Absent
<B><font color = 'blue'> .</font></B>  -Absent
<B><font color = 'blue'> .</font></B>  -Absent
<B><font color = 'blue'> .</font></B>  -Absent
<B><font color = 'blue'> .</font></B>  -Absent
<B><font color = 'blue'> .</font></B>  -Absent
<B><font color = 'blue'> .</font></B>  -Absent
<B><font color = 'blue'> .</font></B>  -testing test 
<B><font color = 'blue'> .</font></B>  -aarshajoyson1601@gmail.com
<B><font color = 'blue'> .</font></B>  -glb0008
<B><font color = 'blue'> .</font></B>  -2022-11-04
<B><font color = 'blue'> .</font></B>  -Absent
<B><font color = 'blue'> .</font></B>  -Absent
<B><font color = 'blue'> .</font></B>  -undefined
<B><font color = 'blue'> .</font></B>  -Bangalore
<B><font color = 'blue'> .</font></B>  -Php
<B><font color = 'blue'> .</font></B>  -Absent
<B><font color = 'blue'> .</font></B>  -Absent
<B><font color = 'blue'> .</font></B>  -Absent
<B><font color = 'blue'> .</font></B>  -Absent
<B><font color = 'blue'> .</font></B>  -Absent
<B><font color = 'blue'> .</font></B>  -Absent
<B><font color = 'blue'> .</font></B>  -Absent
<B><font color = 'blue'> .</font></B>  -Absent
<B><font color = 'blue'> .</font></B>  -Absent
<B><font color = 'blue'> .</font></B>  -Absent
<B><font color = 'blue'> .</font></B>  -Absent
<B><font color = 'blue'> .</font></B>  -Automation CodeeeAuto 
<B><font color = 'blue'> .</font></B>  -skabcdef7@gmail.com
<B><font color = 'blue'> .</font></B>  -Emp-Abzcde-1234522
<B><font color = 'blue'> .</font></B>  -2022-11-04
<B><font color = 'blue'> .</font></B>  -Absent
<B><font color = 'blue'> .</font></B>  -Absent
<B><font color = 'blue'> .</font></B>  -undefined
<B><font color = 'blue'> .</font></B>  -Bangalore
<B><font color = 'blue'> .</font></B>  -Testing
<B><font color = 'blue'> .</font></B>  -Absent
<B><font color = 'blue'> .</font></B>  -Absent
<B><font color = 'blue'> .</font></B>  -Absent
<B><font color = 'blue'> .</font></B>  -Absent
<B><font color = 'blue'> .</font></B>  -Absent
<B><font color = 'blue'> .</font></B>  -Absent
<B><font color = 'blue'> .</font></B>  -Absent
<B><font color = 'blue'> .</font></B>  -Absent
<B><font color = 'blue'> .</font></B>  -Absent
<B><font color = 'blue'> .</font></B>  -Absent
<B><font color = 'blue'> .</font></B>  -Absent
<B><font color = 'blue'> .</font></B>  -piyush dfgsfg 
<B><font color = 'blue'> .</font></B>  -jos@gmail.com
<B><font color = 'blue'> .</font></B>  -sdgff
<B><font color = 'blue'> .</font></B>  -2022-11-04
<B><font color = 'blue'> .</font></B>  -Absent
<B><font color = 'blue'> .</font></B>  -Absent
<B><font color = 'blue'> .</font></B>  -undefined
<B><font color = 'blue'> .</font></B>  -Bangalore
<B><font color = 'blue'> .</font></B>  -Testing
<B><font color = 'blue'> .</font></B>  -Absent
<B><font color = 'blue'> .</font></B>  -Absent
<B><font color = 'blue'> .</font></B>  -Absent
<B><font color = 'blue'> .</font></B>  -Absent
<B><font color = 'blue'> .</font></B>  -Absent
<B><font color = 'blue'> .</font></B>  -Absent
<B><font color = 'blue'> .</font></B>  -Absent
<B><font color = 'blue'> .</font></B>  -Absent
<B><font color = 'blue'> .</font></B>  -Absent
<B><font color = 'blue'> .</font></B>  -Absent
<B><font color = 'blue'> .</font></B>  -Absent
<B><font color = 'blue'> .</font></B>  -Aryan raj 
<B><font color = 'blue'> .</font></B>  -alex@gmail.com
<B><font color = 'blue'> .</font></B>  -126
<B><font color = 'blue'> .</font></B>  -2022-11-04
<B><font color = 'blue'> .</font></B>  -Absent
<B><font color = 'blue'> .</font></B>  -Absent
<B><font color = 'blue'> .</font></B>  -undefined
<B><font color = 'blue'> .</font></B>  -Bangalore
<B><font color = 'blue'> .</font></B>  -Testing
<B><font color = 'blue'> .</font></B>  -Absent
<B><font color = 'blue'> .</font></B>  -Absent
<B><font color = 'blue'> .</font></B>  -Absent
<B><font color = 'blue'> .</font></B>  -Absent
<B><font color = 'blue'> .</font></B>  -Absent
<B><font color = 'blue'> .</font></B>  -Absent
<B><font color = 'blue'> .</font></B>  -Absent
<B><font color = 'blue'> .</font></B>  -Absent
<B><font color = 'blue'> .</font></B>  -Absent
<B><font color = 'blue'> .</font></B>  -Absent
<B><font color = 'blue'> .</font></B>  -Absent
<B><font color = 'blue'> .</font></B>  -Automation CodeeeAuto 
<B><font color = 'blue'> .</font></B>  -skabcdef38@gmail.com
<B><font color = 'blue'> .</font></B>  -Emp-Abzcde-123457
<B><font color = 'blue'> .</font></B>  -2022-11-04
<B><font color = 'blue'> .</font></B>  -Absent
<B><font color = 'blue'> .</font></B>  -Absent
<B><font color = 'blue'> .</font></B>  -undefined
<B><font color = 'blue'> .</font></B>  -Bangalore
<B><font color = 'blue'> .</font></B>  -Testing
<B><font color = 'blue'> .</font></B>  -Absent
<B><font color = 'blue'> .</font></B>  -Absent
<B><font color = 'blue'> .</font></B>  -Absent
<B><font color = 'blue'> .</font></B>  -Absent
<B><font color = 'blue'> .</font></B>  -Absent
<B><font color = 'blue'> .</font></B>  -Absent
<B><font color = 'blue'> .</font></B>  -Absent
<B><font color = 'blue'> .</font></B>  -Absent
<B><font color = 'blue'> .</font></B>  -Absent
<B><font color = 'blue'> .</font></B>  -Absent
<B><font color = 'blue'> .</font></B>  -Absent
<B><font color = 'blue'> .</font></B>  -Automation CodeeeAuto 
<B><font color = 'blue'> .</font></B>  -skabcdef33@gmail.com
<B><font color = 'blue'> .</font></B>  -Emp-Abzcde-1234557
<B><font color = 'blue'> .</font></B>  -2022-11-04
<B><font color = 'blue'> .</font></B>  -Absent
<B><font color = 'blue'> .</font></B>  -Absent
<B><font color = 'blue'> .</font></B>  -undefined
<B><font color = 'blue'> .</font></B>  -Bangalore
<B><font color = 'blue'> .</font></B>  -Testing
<B><font color = 'blue'> .</font></B>  -Absent
<B><font color = 'blue'> .</font></B>  -Absent
<B><font color = 'blue'> .</font></B>  -Absent
<B><font color = 'blue'> .</font></B>  -Absent
<B><font color = 'blue'> .</font></B>  -Absent
<B><font color = 'blue'> .</font></B>  -Absent
<B><font color = 'blue'> .</font></B>  -Absent
<B><font color = 'blue'> .</font></B>  -Absent
<B><font color = 'blue'> .</font></B>  -Absent
<B><font color = 'blue'> .</font></B>  -Absent
<B><font color = 'blue'> .</font></B>  -Absent
<B><font color = 'blue'> .</font></B>  -D Surya Prabhakar 
<B><font color = 'blue'> .</font></B>  -surya1@gmail.com
<B><font color = 'blue'> .</font></B>  -EM010
<B><font color = 'blue'> .</font></B>  -2022-11-04
<B><font color = 'blue'> .</font></B>  -Absent
<B><font color = 'blue'> .</font></B>  -Absent
<B><font color = 'blue'> .</font></B>  -undefined
<B><font color = 'blue'> .</font></B>  -bengaluru
<B><font color = 'blue'> .</font></B>  -Testing
<B><font color = 'blue'> .</font></B>  -Absent
<B><font color = 'blue'> .</font></B>  -Absent
<B><font color = 'blue'> .</font></B>  -Absent
<B><font color = 'blue'> .</font></B>  -Absent
<B><font color = 'blue'> .</font></B>  -Absent
<B><font color = 'blue'> .</font></B>  -Absent
<B><font color = 'blue'> .</font></B>  -Absent
<B><font color = 'blue'> .</font></B>  -Absent
<B><font color = 'blue'> .</font></B>  -Absent
<B><font color = 'blue'> .</font></B>  -Absent
<B><font color = 'blue'> .</font></B>  -Absent
<B><font color = 'blue'> .</font></B>  -R o       hit Sharma 
<B><font color = 'blue'> .</font></B>  -rahulrajt5613928@gmail.com
<B><font color = 'blue'> .</font></B>  -67645
<B><font color = 'blue'> .</font></B>  -2022-11-04
<B><font color = 'blue'> .</font></B>  -Absent
<B><font color = 'blue'> .</font></B>  -Absent
<B><font color = 'blue'> .</font></B>  -undefined
<B><font color = 'blue'> .</font></B>  -bengaluru
<B><font color = 'blue'> .</font></B>  -Testing
<B><font color = 'blue'> .</font></B>  -Absent
<B><font color = 'blue'> .</font></B>  -Absent
<B><font color = 'blue'> .</font></B>  -Absent
<B><font color = 'blue'> .</font></B>  -Absent
<B><font color = 'blue'> .</font></B>  -Absent
<B><font color = 'blue'> .</font></B>  -Absent
<B><font color = 'blue'> .</font></B>  -Absent
<B><font color = 'blue'> .</font></B>  -Absent
<B><font color = 'blue'> .</font></B>  -Absent
<B><font color = 'blue'> .</font></B>  -Absent
<B><font color = 'blue'> .</font></B>  -Absent
<B><font color = 'blue'> .</font></B>  -ni test 
<B><font color = 'blue'> .</font></B>  -nitest12@gmail.com
<B><font color = 'blue'> .</font></B>  -GLB678
<B><font color = 'blue'> .</font></B>  -2022-11-04
<B><font color = 'blue'> .</font></B>  -Absent
<B><font color = 'blue'> .</font></B>  -Absent
<B><font color = 'blue'> .</font></B>  -undefined
<B><font color = 'blue'> .</font></B>  -bengaluru
<B><font color = 'blue'> .</font></B>  -Testing
<B><font color = 'blue'> .</font></B>  -Absent
<B><font color = 'blue'> .</font></B>  -Absent
<B><font color = 'blue'> .</font></B>  -Absent
<B><font color = 'blue'> .</font></B>  -Absent
<B><font color = 'blue'> .</font></B>  -Absent
<B><font color = 'blue'> .</font></B>  -Absent
<B><font color = 'blue'> .</font></B>  -Absent
<B><font color = 'blue'> .</font></B>  -Absent
<B><font color = 'blue'> .</font></B>  -Absent
<B><font color = 'blue'> .</font></B>  -Absent
<B><font color = 'blue'> .</font></B>  -Absent
<B><font color = 'blue'> .</font></B>  -one test 
<B><font color = 'blue'> .</font></B>  -testone1234@gmail.com
<B><font color = 'blue'> .</font></B>  -0110
<B><font color = 'blue'> .</font></B>  -2022-11-04
<B><font color = 'blue'> .</font></B>  -Absent
<B><font color = 'blue'> .</font></B>  -Absent
<B><font color = 'blue'> .</font></B>  -undefined
<B><font color = 'blue'> .</font></B>  -bengaluru
<B><font color = 'blue'> .</font></B>  -Testing
<B><font color = 'blue'> .</font></B>  -Absent
<B><font color = 'blue'> .</font></B>  -Absent
<B><font color = 'blue'> .</font></B>  -Absent
<B><font color = 'blue'> .</font></B>  -Absent
<B><font color = 'blue'> .</font></B>  -Absent
<B><font color = 'blue'> .</font></B>  -Absent
<B><font color = 'blue'> .</font></B>  -Absent
<B><font color = 'blue'> .</font></B>  -Absent
<B><font color = 'blue'> .</font></B>  -Absent
<B><font color = 'blue'> .</font></B>  -Absent
<B><font color = 'blue'> .</font></B>  -Absent
<B><font color = 'blue'> .</font></B>  -GLB-BLR-010-PC - GLB-BLR-010 
<B><font color = 'blue'> .</font></B>  -abcd@yuksdgus
<B><font color = 'blue'> .</font></B>  -GLB-BLR-010
<B><font color = 'blue'> .</font></B>  -2022-11-04
<B><font color = 'blue'> .</font></B>  -Absent
<B><font color = 'blue'> .</font></B>  -Absent
<B><font color = 'blue'> .</font></B>  -undefined
<B><font color = 'blue'> .</font></B>  -bengaluru
<B><font color = 'blue'> .</font></B>  -Testing
<B><font color = 'blue'> .</font></B>  -Absent
<B><font color = 'blue'> .</font></B>  -Absent
<B><font color = 'blue'> .</font></B>  -Absent
<B><font color = 'blue'> .</font></B>  -Absent
<B><font color = 'blue'> .</font></B>  -Absent
<B><font color = 'blue'> .</font></B>  -Absent
<B><font color = 'blue'> .</font></B>  -Absent
<B><font color = 'blue'> .</font></B>  -Absent
<B><font color = 'blue'> .</font></B>  -Absent
<B><font color = 'blue'> .</font></B>  -Absent
<B><font color = 'blue'> .</font></B>  -Absent
<B><font color = 'blue'> .</font></B>  -surya kk 
<B><font color = 'blue'> .</font></B>  -123@gmail.com
<B><font color = 'blue'> .</font></B>  -mmmmm
<B><font color = 'blue'> .</font></B>  -2022-11-04
<B><font color = 'blue'> .</font></B>  -Absent
<B><font color = 'blue'> .</font></B>  -Absent
<B><font color = 'blue'> .</font></B>  -undefined
<B><font color = 'blue'> .</font></B>  -Tamilnadu
<B><font color = 'blue'> .</font></B>  -Test and Dev
<B><font color = 'blue'> .</font></B>  -Absent
<B><font color = 'blue'> .</font></B>  -Absent
<B><font color = 'blue'> .</font></B>  -Absent
<B><font color = 'blue'> .</font></B>  -Absent
<B><font color = 'blue'> .</font></B>  -Absent
<B><font color = 'blue'> .</font></B>  -Absent
<B><font color = 'blue'> .</font></B>  -Absent
<B><font color = 'blue'> .</font></B>  -Absent
<B><font color = 'blue'> .</font></B>  -Absent
<B><font color = 'blue'> .</font></B>  -Absent
<B><font color = 'blue'> .</font></B>  -Absent
<B><font color = 'blue'> .</font></B>  -sai kk 
<B><font color = 'blue'> .</font></B>  -saikk19876@gmail.com
<B><font color = 'blue'> .</font></B>  -20221019
<B><font color = 'blue'> .</font></B>  -2022-11-04
<B><font color = 'blue'> .</font></B>  -Absent
<B><font color = 'blue'> .</font></B>  -Absent
<B><font color = 'blue'> .</font></B>  -undefined
<B><font color = 'blue'> .</font></B>  -Tamilnadu
<B><font color = 'blue'> .</font></B>  -Test and Dev
<B><font color = 'blue'> .</font></B>  -Absent
<B><font color = 'blue'> .</font></B>  -Absent
<B><font color = 'blue'> .</font></B>  -Absent
<B><font color = 'blue'> .</font></B>  -Absent
<B><font color = 'blue'> .</font></B>  -Absent
<B><font color = 'blue'> .</font></B>  -Absent
<B><font color = 'blue'> .</font></B>  -Absent
<B><font color = 'blue'> .</font></B>  -Absent
<B><font color = 'blue'> .</font></B>  -Absent
<B><font color = 'blue'> .</font></B>  -Absent
<B><font color = 'blue'> .</font></B>  -Absent
<B><font color = 'blue'> .</font></B>  -ajeethemp test 
<B><font color = 'blue'> .</font></B>  -ajeethemp@gmail.com
<B><font color = 'blue'> .</font></B>  -A01
<B><font color = 'blue'> .</font></B>  -2022-11-04
<B><font color = 'blue'> .</font></B>  -Absent
<B><font color = 'blue'> .</font></B>  -Absent
<B><font color = 'blue'> .</font></B>  -undefined
<B><font color = 'blue'> .</font></B>  -Tamilnadu
<B><font color = 'blue'> .</font></B>  -Test and Dev
<B><font color = 'blue'> .</font></B>  -Absent
<B><font color = 'blue'> .</font></B>  -Absent
<B><font color = 'blue'> .</font></B>  -Absent
<B><font color = 'blue'> .</font></B>  -Absent
<B><font color = 'blue'> .</font></B>  -Absent
<B><font color = 'blue'> .</font></B>  -Absent
<B><font color = 'blue'> .</font></B>  -Absent
<B><font color = 'blue'> .</font></B>  -Absent
<B><font color = 'blue'> .</font></B>  -Absent
<B><font color = 'blue'> .</font></B>  -Absent
<B><font color = 'blue'> .</font></B>  -Absent
<B><font color = 'blue'> .</font></B>  -dxgfdxg gssdg 
<B><font color = 'blue'> .</font></B>  -sdgsg@dgksodkg.in
<B><font color = 'blue'> .</font></B>  -asfda343443
<B><font color = 'blue'> .</font></B>  -2022-11-04
<B><font color = 'blue'> .</font></B>  -Absent
<B><font color = 'blue'> .</font></B>  -Absent
<B><font color = 'blue'> .</font></B>  -undefined
<B><font color = 'blue'> .</font></B>  -Bhilai
<B><font color = 'blue'> .</font></B>  -Php
<B><font color = 'blue'> .</font></B>  -Absent
<B><font color = 'blue'> .</font></B>  -Absent
<B><font color = 'blue'> .</font></B>  -Absent
<B><font color = 'blue'> .</font></B>  -Absent
<B><font color = 'blue'> .</font></B>  -Absent
<B><font color = 'blue'> .</font></B>  -Absent
<B><font color = 'blue'> .</font></B>  -Absent
<B><font color = 'blue'> .</font></B>  -Absent
<B><font color = 'blue'> .</font></B>  -Absent
<B><font color = 'blue'> .</font></B>  -Absent
<B><font color = 'blue'> .</font></B>  -Absent
<B><font color = 'blue'> .</font></B>  -Guest User 
<B><font color = 'blue'> .</font></B>  -guestuser@gmail.com
<B><font color = 'blue'> .</font></B>  -GLB-777
<B><font color = 'blue'> .</font></B>  -2022-11-04
<B><font color = 'blue'> .</font></B>  -Absent
<B><font color = 'blue'> .</font></B>  -Absent
<B><font color = 'blue'> .</font></B>  -undefined
<B><font color = 'blue'> .</font></B>  -Bhilai
<B><font color = 'blue'> .</font></B>  -Php
<B><font color = 'blue'> .</font></B>  -Absent
<B><font color = 'blue'> .</font></B>  -Absent
<B><font color = 'blue'> .</font></B>  -Absent
<B><font color = 'blue'> .</font></B>  -Absent
<B><font color = 'blue'> .</font></B>  -Absent
<B><font color = 'blue'> .</font></B>  -Absent
<B><font color = 'blue'> .</font></B>  -Absent
<B><font color = 'blue'> .</font></B>  -Absent
<B><font color = 'blue'> .</font></B>  -Absent
<B><font color = 'blue'> .</font></B>  -Absent
<B><font color = 'blue'> .</font></B>  -Absent
<B><font color = 'blue'> .</font></B>  -Update Check 
<B><font color = 'blue'> .</font></B>  -updates@gmail.com
<B><font color = 'blue'> .</font></B>  -emp543
<B><font color = 'blue'> .</font></B>  -2022-11-03
<B><font color = 'blue'> .</font></B>  -03-11-2022 10:25:23
<B><font color = 'blue'> .</font></B>  -03-11-2022 16:20:45
<B><font color = 'blue'> .</font></B>  -GLB-124-PC
<B><font color = 'blue'> .</font></B>  -Default
<B><font color = 'blue'> .</font></B>  -Default
<B><font color = 'blue'> .</font></B>  -05:55:22
<B><font color = 'blue'> .</font></B>  -00:00:00
<B><font color = 'blue'> .</font></B>  -00:00:00
<B><font color = 'blue'> .</font></B>  -00:00:00
<B><font color = 'blue'> .</font></B>  -00:00:00
<B><font color = 'blue'> .</font></B>  -00:00:00
<B><font color = 'blue'> .</font></B>  -00:00:00
<B><font color = 'blue'> .</font></B>  -05:55:22
<B><font color = 'blue'> .</font></B>  -0.00%
<B><font color = 'blue'> .</font></B>  --480:00
<B><font color = 'blue'> .</font></B>  -0.00
<B><font color = 'blue'> .</font></B>  -sam eer 
<B><font color = 'blue'> .</font></B>  -sam@rf.in
<B><font color = 'blue'> .</font></B>  -WSAERT2Q34E
<B><font color = 'blue'> .</font></B>  -2022-11-03
<B><font color = 'blue'> .</font></B>  -03-11-2022 00:00:00
<B><font color = 'blue'> .</font></B>  -03-11-2022 00:01:34
<B><font color = 'blue'> .</font></B>  -GLB-181
<B><font color = 'blue'> .</font></B>  -Bangalore
<B><font color = 'blue'> .</font></B>  -Testing
<B><font color = 'blue'> .</font></B>  -00:01:34
<B><font color = 'blue'> .</font></B>  -00:00:00
<B><font color = 'blue'> .</font></B>  -00:00:00
<B><font color = 'blue'> .</font></B>  -00:00:00
<B><font color = 'blue'> .</font></B>  -00:00:00
<B><font color = 'blue'> .</font></B>  -00:00:00
<B><font color = 'blue'> .</font></B>  -00:00:00
<B><font color = 'blue'> .</font></B>  -00:01:34
<B><font color = 'blue'> .</font></B>  -0.00%
<B><font color = 'blue'> .</font></B>  --480:00
<B><font color = 'blue'> .</font></B>  -0.00
<B><font color = 'blue'> .</font></B>  -test manager 
<B><font color = 'blue'> .</font></B>  -manageremp@gmail.com
<B><font color = 'blue'> .</font></B>  -glb020
<B><font color = 'blue'> .</font></B>  -2022-11-03
<B><font color = 'blue'> .</font></B>  -03-11-2022 00:00:00
<B><font color = 'blue'> .</font></B>  -03-11-2022 00:02:20
<B><font color = 'blue'> .</font></B>  -GLB-193-PC
<B><font color = 'blue'> .</font></B>  -Default
<B><font color = 'blue'> .</font></B>  -Default
<B><font color = 'blue'> .</font></B>  -00:02:20
<B><font color = 'blue'> .</font></B>  -00:00:00
<B><font color = 'blue'> .</font></B>  -00:00:00
<B><font color = 'blue'> .</font></B>  -00:00:00
<B><font color = 'blue'> .</font></B>  -00:00:00
<B><font color = 'blue'> .</font></B>  -00:00:00
<B><font color = 'blue'> .</font></B>  -00:00:00
<B><font color = 'blue'> .</font></B>  -00:02:20
<B><font color = 'blue'> .</font></B>  -0.00%
<B><font color = 'blue'> .</font></B>  --480:00
<B><font color = 'blue'> .</font></B>  -0.00
<B><font color = 'blue'> .</font></B>  -Himanshu Kumar 
<B><font color = 'blue'> .</font></B>  -himanshu1@gmail.com
<B><font color = 'blue'> .</font></B>  -EM011
<B><font color = 'blue'> .</font></B>  -2022-11-03
<B><font color = 'blue'> .</font></B>  -03-11-2022 00:00:31
<B><font color = 'blue'> .</font></B>  -03-11-2022 00:03:31
<B><font color = 'blue'> .</font></B>  -GLB-181
<B><font color = 'blue'> .</font></B>  -bagalkot
<B><font color = 'blue'> .</font></B>  -manual testing
<B><font color = 'blue'> .</font></B>  -00:03:00
<B><font color = 'blue'> .</font></B>  -00:00:00
<B><font color = 'blue'> .</font></B>  -00:00:00
<B><font color = 'blue'> .</font></B>  -00:00:00
<B><font color = 'blue'> .</font></B>  -00:00:00
<B><font color = 'blue'> .</font></B>  -00:00:00
<B><font color = 'blue'> .</font></B>  -00:00:00
<B><font color = 'blue'> .</font></B>  -00:03:00
<B><font color = 'blue'> .</font></B>  -0.00%
<B><font color = 'blue'> .</font></B>  --480:00
<B><font color = 'blue'> .</font></B>  -0.00
<B><font color = 'blue'> .</font></B>  -Virat kohli 
<B><font color = 'blue'> .</font></B>  -rahukbgdxgsf@gmail.com
<B><font color = 'blue'> .</font></B>  -65332
<B><font color = 'blue'> .</font></B>  -2022-11-03
<B><font color = 'blue'> .</font></B>  -03-11-2022 17:20:05
<B><font color = 'blue'> .</font></B>  -03-11-2022 17:53:05
<B><font color = 'blue'> .</font></B>  -GLB-124-PC
<B><font color = 'blue'> .</font></B>  -Default
<B><font color = 'blue'> .</font></B>  -Default
<B><font color = 'blue'> .</font></B>  -00:33:00
<B><font color = 'blue'> .</font></B>  -00:00:00
<B><font color = 'blue'> .</font></B>  -00:00:00
<B><font color = 'blue'> .</font></B>  -00:00:00
<B><font color = 'blue'> .</font></B>  -00:00:00
<B><font color = 'blue'> .</font></B>  -00:00:00
<B><font color = 'blue'> .</font></B>  -00:00:00
<B><font color = 'blue'> .</font></B>  -00:33:00
<B><font color = 'blue'> .</font></B>  -0.00%
<B><font color = 'blue'> .</font></B>  --480:00
<B><font color = 'blue'> .</font></B>  -0.00
<B><font color = 'blue'> .</font></B>  -sadas kadkasdj 
<B><font color = 'blue'> .</font></B>  -dsa@eqe
<B><font color = 'blue'> .</font></B>  -emp129666
<B><font color = 'blue'> .</font></B>  -2022-11-03
<B><font color = 'blue'> .</font></B>  -Absent
<B><font color = 'blue'> .</font></B>  -Absent
<B><font color = 'blue'> .</font></B>  -undefined
<B><font color = 'blue'> .</font></B>  -Default
<B><font color = 'blue'> .</font></B>  -Default
<B><font color = 'blue'> .</font></B>  -Absent
<B><font color = 'blue'> .</font></B>  -Absent
<B><font color = 'blue'> .</font></B>  -Absent
<B><font color = 'blue'> .</font></B>  -Absent
<B><font color = 'blue'> .</font></B>  -Absent
<B><font color = 'blue'> .</font></B>  -Absent
<B><font color = 'blue'> .</font></B>  -Absent
<B><font color = 'blue'> .</font></B>  -Absent
<B><font color = 'blue'> .</font></B>  -Absent
<B><font color = 'blue'> .</font></B>  -Absent
<B><font color = 'blue'> .</font></B>  -Absent
<B><font color = 'blue'> .</font></B>  -New Test 
<B><font color = 'blue'> .</font></B>  -newtest@gmail.com
<B><font color = 'blue'> .</font></B>  -ewer334443
<B><font color = 'blue'> .</font></B>  -2022-11-03
<B><font color = 'blue'> .</font></B>  -Absent
<B><font color = 'blue'> .</font></B>  -Absent
<B><font color = 'blue'> .</font></B>  -undefined
<B><font color = 'blue'> .</font></B>  -Default
<B><font color = 'blue'> .</font></B>  -Default
<B><font color = 'blue'> .</font></B>  -Absent
<B><font color = 'blue'> .</font></B>  -Absent
<B><font color = 'blue'> .</font></B>  -Absent
<B><font color = 'blue'> .</font></B>  -Absent
<B><font color = 'blue'> .</font></B>  -Absent
<B><font color = 'blue'> .</font></B>  -Absent
<B><font color = 'blue'> .</font></B>  -Absent
<B><font color = 'blue'> .</font></B>  -Absent
<B><font color = 'blue'> .</font></B>  -Absent
<B><font color = 'blue'> .</font></B>  -Absent
<B><font color = 'blue'> .</font></B>  -Absent
<B><font color = 'blue'> .</font></B>  -dshcdb uidsbf 
<B><font color = 'blue'> .</font></B>  -dvbvdb@yahoo.com
<B><font color = 'blue'> .</font></B>  -435454
<B><font color = 'blue'> .</font></B>  -2022-11-03
<B><font color = 'blue'> .</font></B>  -Absent
<B><font color = 'blue'> .</font></B>  -Absent
<B><font color = 'blue'> .</font></B>  -undefined
<B><font color = 'blue'> .</font></B>  -Default
<B><font color = 'blue'> .</font></B>  -Default
<B><font color = 'blue'> .</font></B>  -Absent
<B><font color = 'blue'> .</font></B>  -Absent
<B><font color = 'blue'> .</font></B>  -Absent
<B><font color = 'blue'> .</font></B>  -Absent
<B><font color = 'blue'> .</font></B>  -Absent
<B><font color = 'blue'> .</font></B>  -Absent
<B><font color = 'blue'> .</font></B>  -Absent
<B><font color = 'blue'> .</font></B>  -Absent
<B><font color = 'blue'> .</font></B>  -Absent
<B><font color = 'blue'> .</font></B>  -Absent
<B><font color = 'blue'> .</font></B>  -Absent
<B><font color = 'blue'> .</font></B>  -try last 
<B><font color = 'blue'> .</font></B>  -try@gmail.com
<B><font color = 'blue'> .</font></B>  -1225455
<B><font color = 'blue'> .</font></B>  -2022-11-03
<B><font color = 'blue'> .</font></B>  -Absent
<B><font color = 'blue'> .</font></B>  -Absent
<B><font color = 'blue'> .</font></B>  -undefined
<B><font color = 'blue'> .</font></B>  -Default
<B><font color = 'blue'> .</font></B>  -Default
<B><font color = 'blue'> .</font></B>  -Absent
<B><font color = 'blue'> .</font></B>  -Absent
<B><font color = 'blue'> .</font></B>  -Absent
<B><font color = 'blue'> .</font></B>  -Absent
<B><font color = 'blue'> .</font></B>  -Absent
<B><font color = 'blue'> .</font></B>  -Absent
<B><font color = 'blue'> .</font></B>  -Absent
<B><font color = 'blue'> .</font></B>  -Absent
<B><font color = 'blue'> .</font></B>  -Absent
<B><font color = 'blue'> .</font></B>  -Absent
<B><font color = 'blue'> .</font></B>  -Absent
<B><font color = 'blue'> .</font></B>  -vdjvdb yusvdvbbh 
<B><font color = 'blue'> .</font></B>  -dvhbfdh@gmail.com
<B><font color = 'blue'> .</font></B>  -wq534342
<B><font color = 'blue'> .</font></B>  -2022-11-03
<B><font color = 'blue'> .</font></B>  -Absent
<B><font color = 'blue'> .</font></B>  -Absent
<B><font color = 'blue'> .</font></B>  -undefined
<B><font color = 'blue'> .</font></B>  -Default
<B><font color = 'blue'> .</font></B>  -Default
<B><font color = 'blue'> .</font></B>  -Absent
<B><font color = 'blue'> .</font></B>  -Absent
<B><font color = 'blue'> .</font></B>  -Absent
<B><font color = 'blue'> .</font></B>  -Absent
<B><font color = 'blue'> .</font></B>  -Absent
<B><font color = 'blue'> .</font></B>  -Absent
<B><font color = 'blue'> .</font></B>  -Absent
<B><font color = 'blue'> .</font></B>  -Absent
<B><font color = 'blue'> .</font></B>  -Absent
<B><font color = 'blue'> .</font></B>  -Absent
<B><font color = 'blue'> .</font></B>  -Absent
<B><font color = 'blue'> .</font></B>  -Mail Test user 
<B><font color = 'blue'> .</font></B>  -maintest@user.io
<B><font color = 'blue'> .</font></B>  -GLB-1223888
<B><font color = 'blue'> .</font></B>  -2022-11-03
<B><font color = 'blue'> .</font></B>  -Absent
<B><font color = 'blue'> .</font></B>  -Absent
<B><font color = 'blue'> .</font></B>  -undefined
<B><font color = 'blue'> .</font></B>  -Default
<B><font color = 'blue'> .</font></B>  -Default
<B><font color = 'blue'> .</font></B>  -Absent
<B><font color = 'blue'> .</font></B>  -Absent
<B><font color = 'blue'> .</font></B>  -Absent
<B><font color = 'blue'> .</font></B>  -Absent
<B><font color = 'blue'> .</font></B>  -Absent
<B><font color = 'blue'> .</font></B>  -Absent
<B><font color = 'blue'> .</font></B>  -Absent
<B><font color = 'blue'> .</font></B>  -Absent
<B><font color = 'blue'> .</font></B>  -Absent
<B><font color = 'blue'> .</font></B>  -Absent
<B><font color = 'blue'> .</font></B>  -Absent
<B><font color = 'blue'> .</font></B>  -DESKTOP-PJJHB19 - GLB-BLR-002OjUpRD2 
<B><font color = 'blue'> .</font></B>  --
<B><font color = 'blue'> .</font></B>  -GLB-BLR-002OjUpRD2
<B><font color = 'blue'> .</font></B>  -2022-11-03
<B><font color = 'blue'> .</font></B>  -Absent
<B><font color = 'blue'> .</font></B>  -Absent
<B><font color = 'blue'> .</font></B>  -undefined
<B><font color = 'blue'> .</font></B>  -Default
<B><font color = 'blue'> .</font></B>  -Default
<B><font color = 'blue'> .</font></B>  -Absent
<B><font color = 'blue'> .</font></B>  -Absent
<B><font color = 'blue'> .</font></B>  -Absent
<B><font color = 'blue'> .</font></B>  -Absent
<B><font color = 'blue'> .</font></B>  -Absent
<B><font color = 'blue'> .</font></B>  -Absent
<B><font color = 'blue'> .</font></B>  -Absent
<B><font color = 'blue'> .</font></B>  -Absent
<B><font color = 'blue'> .</font></B>  -Absent
<B><font color = 'blue'> .</font></B>  -Absent
<B><font color = 'blue'> .</font></B>  -Absent
<B><font color = 'blue'> .</font></B>  -Usb Test 
<B><font color = 'blue'> .</font></B>  -usbtest123@gmail.com
<B><font color = 'blue'> .</font></B>  -emp0097
<B><font color = 'blue'> .</font></B>  -2022-11-03
<B><font color = 'blue'> .</font></B>  -Absent
<B><font color = 'blue'> .</font></B>  -Absent
<B><font color = 'blue'> .</font></B>  -undefined
<B><font color = 'blue'> .</font></B>  -Default
<B><font color = 'blue'> .</font></B>  -Default
<B><font color = 'blue'> .</font></B>  -Absent
<B><font color = 'blue'> .</font></B>  -Absent
<B><font color = 'blue'> .</font></B>  -Absent
<B><font color = 'blue'> .</font></B>  -Absent
<B><font color = 'blue'> .</font></B>  -Absent
<B><font color = 'blue'> .</font></B>  -Absent
<B><font color = 'blue'> .</font></B>  -Absent
<B><font color = 'blue'> .</font></B>  -Absent
<B><font color = 'blue'> .</font></B>  -Absent
<B><font color = 'blue'> .</font></B>  -Absent
<B><font color = 'blue'> .</font></B>  -Absent
<B><font color = 'blue'> .</font></B>  -SS Keystrokes 
<B><font color = 'blue'> .</font></B>  -sskey@gmail.com
<B><font color = 'blue'> .</font></B>  -emp98y
<B><font color = 'blue'> .</font></B>  -2022-11-03
<B><font color = 'blue'> .</font></B>  -Absent
<B><font color = 'blue'> .</font></B>  -Absent
<B><font color = 'blue'> .</font></B>  -undefined
<B><font color = 'blue'> .</font></B>  -Default
<B><font color = 'blue'> .</font></B>  -Default
<B><font color = 'blue'> .</font></B>  -Absent
<B><font color = 'blue'> .</font></B>  -Absent
<B><font color = 'blue'> .</font></B>  -Absent
<B><font color = 'blue'> .</font></B>  -Absent
<B><font color = 'blue'> .</font></B>  -Absent
<B><font color = 'blue'> .</font></B>  -Absent
<B><font color = 'blue'> .</font></B>  -Absent
<B><font color = 'blue'> .</font></B>  -Absent
<B><font color = 'blue'> .</font></B>  -Absent
<B><font color = 'blue'> .</font></B>  -Absent
<B><font color = 'blue'> .</font></B>  -Absent
<B><font color = 'blue'> .</font></B>  -shivammmmmmmmmmmmmmmmmmmm Kumar 
<B><font color = 'blue'> .</font></B>  -kgfyash545@gmail.com
<B><font color = 'blue'> .</font></B>  -hsakhdjk414
<B><font color = 'blue'> .</font></B>  -2022-11-03
<B><font color = 'blue'> .</font></B>  -Absent
<B><font color = 'blue'> .</font></B>  -Absent
<B><font color = 'blue'> .</font></B>  -undefined
<B><font color = 'blue'> .</font></B>  -Default
<B><font color = 'blue'> .</font></B>  -Default
<B><font color = 'blue'> .</font></B>  -Absent
<B><font color = 'blue'> .</font></B>  -Absent
<B><font color = 'blue'> .</font></B>  -Absent
<B><font color = 'blue'> .</font></B>  -Absent
<B><font color = 'blue'> .</font></B>  -Absent
<B><font color = 'blue'> .</font></B>  -Absent
<B><font color = 'blue'> .</font></B>  -Absent
<B><font color = 'blue'> .</font></B>  -Absent
<B><font color = 'blue'> .</font></B>  -Absent
<B><font color = 'blue'> .</font></B>  -Absent
<B><font color = 'blue'> .</font></B>  -Absent
<B><font color = 'blue'> .</font></B>  -Abhishek Four tf test 
<B><font color = 'blue'> .</font></B>  -abhishekfourtf@mail.com
<B><font color = 'blue'> .</font></B>  -HLIKSJ98
<B><font color = 'blue'> .</font></B>  -2022-11-03
<B><font color = 'blue'> .</font></B>  -Absent
<B><font color = 'blue'> .</font></B>  -Absent
<B><font color = 'blue'> .</font></B>  -undefined
<B><font color = 'blue'> .</font></B>  -Default
<B><font color = 'blue'> .</font></B>  -Default
<B><font color = 'blue'> .</font></B>  -Absent
<B><font color = 'blue'> .</font></B>  -Absent
<B><font color = 'blue'> .</font></B>  -Absent
<B><font color = 'blue'> .</font></B>  -Absent
<B><font color = 'blue'> .</font></B>  -Absent
<B><font color = 'blue'> .</font></B>  -Absent
<B><font color = 'blue'> .</font></B>  -Absent
<B><font color = 'blue'> .</font></B>  -Absent
<B><font color = 'blue'> .</font></B>  -Absent
<B><font color = 'blue'> .</font></B>  -Absent
<B><font color = 'blue'> .</font></B>  -Absent
<B><font color = 'blue'> .</font></B>  -new dev user 
<B><font color = 'blue'> .</font></B>  -new@dev.user
<B><font color = 'blue'> .</font></B>  -fdfsfsd
<B><font color = 'blue'> .</font></B>  -2022-11-03
<B><font color = 'blue'> .</font></B>  -Absent
<B><font color = 'blue'> .</font></B>  -Absent
<B><font color = 'blue'> .</font></B>  -undefined
<B><font color = 'blue'> .</font></B>  -Default
<B><font color = 'blue'> .</font></B>  -Default
<B><font color = 'blue'> .</font></B>  -Absent
<B><font color = 'blue'> .</font></B>  -Absent
<B><font color = 'blue'> .</font></B>  -Absent
<B><font color = 'blue'> .</font></B>  -Absent
<B><font color = 'blue'> .</font></B>  -Absent
<B><font color = 'blue'> .</font></B>  -Absent
<B><font color = 'blue'> .</font></B>  -Absent
<B><font color = 'blue'> .</font></B>  -Absent
<B><font color = 'blue'> .</font></B>  -Absent
<B><font color = 'blue'> .</font></B>  -Absent
<B><font color = 'blue'> .</font></B>  -Absent
<B><font color = 'blue'> .</font></B>  -aaaaaaaaaa aaaaaaaaa 
<B><font color = 'blue'> .</font></B>  -mmmm@gmail.com
<B><font color = 'blue'> .</font></B>  -80765s
<B><font color = 'blue'> .</font></B>  -2022-11-03
<B><font color = 'blue'> .</font></B>  -Absent
<B><font color = 'blue'> .</font></B>  -Absent
<B><font color = 'blue'> .</font></B>  -undefined
<B><font color = 'blue'> .</font></B>  -Bangalore
<B><font color = 'blue'> .</font></B>  -Testing
<B><font color = 'blue'> .</font></B>  -Absent
<B><font color = 'blue'> .</font></B>  -Absent
<B><font color = 'blue'> .</font></B>  -Absent
<B><font color = 'blue'> .</font></B>  -Absent
<B><font color = 'blue'> .</font></B>  -Absent
<B><font color = 'blue'> .</font></B>  -Absent
<B><font color = 'blue'> .</font></B>  -Absent
<B><font color = 'blue'> .</font></B>  -Absent
<B><font color = 'blue'> .</font></B>  -Absent
<B><font color = 'blue'> .</font></B>  -Absent
<B><font color = 'blue'> .</font></B>  -Absent
<B><font color = 'blue'> .</font></B>  -sumesh test 
<B><font color = 'blue'> .</font></B>  -sumesh@mail.com
<B><font color = 'blue'> .</font></B>  -fdgfdgf
<B><font color = 'blue'> .</font></B>  -2022-11-03
<B><font color = 'blue'> .</font></B>  -Absent
<B><font color = 'blue'> .</font></B>  -Absent
<B><font color = 'blue'> .</font></B>  -undefined
<B><font color = 'blue'> .</font></B>  -Bangalore
<B><font color = 'blue'> .</font></B>  -Testing
<B><font color = 'blue'> .</font></B>  -Absent
<B><font color = 'blue'> .</font></B>  -Absent
<B><font color = 'blue'> .</font></B>  -Absent
<B><font color = 'blue'> .</font></B>  -Absent
<B><font color = 'blue'> .</font></B>  -Absent
<B><font color = 'blue'> .</font></B>  -Absent
<B><font color = 'blue'> .</font></B>  -Absent
<B><font color = 'blue'> .</font></B>  -Absent
<B><font color = 'blue'> .</font></B>  -Absent
<B><font color = 'blue'> .</font></B>  -Absent
<B><font color = 'blue'> .</font></B>  -Absent
<B><font color = 'blue'> .</font></B>  -Test msc 
<B><font color = 'blue'> .</font></B>  -test123@gmail.com
<B><font color = 'blue'> .</font></B>  -12254
<B><font color = 'blue'> .</font></B>  -2022-11-03
<B><font color = 'blue'> .</font></B>  -Absent
<B><font color = 'blue'> .</font></B>  -Absent
<B><font color = 'blue'> .</font></B>  -undefined
<B><font color = 'blue'> .</font></B>  -Bangalore
<B><font color = 'blue'> .</font></B>  -Testing
<B><font color = 'blue'> .</font></B>  -Absent
<B><font color = 'blue'> .</font></B>  -Absent
<B><font color = 'blue'> .</font></B>  -Absent
<B><font color = 'blue'> .</font></B>  -Absent
<B><font color = 'blue'> .</font></B>  -Absent
<B><font color = 'blue'> .</font></B>  -Absent
<B><font color = 'blue'> .</font></B>  -Absent
<B><font color = 'blue'> .</font></B>  -Absent
<B><font color = 'blue'> .</font></B>  -Absent
<B><font color = 'blue'> .</font></B>  -Absent
<B><font color = 'blue'> .</font></B>  -Absent
<B><font color = 'blue'> .</font></B>  -deffdfds vscsc 
<B><font color = 'blue'> .</font></B>  -cscsdw123@gmail.com
<B><font color = 'blue'> .</font></B>  -1234512
<B><font color = 'blue'> .</font></B>  -2022-11-03
<B><font color = 'blue'> .</font></B>  -Absent
<B><font color = 'blue'> .</font></B>  -Absent
<B><font color = 'blue'> .</font></B>  -undefined
<B><font color = 'blue'> .</font></B>  -Bangalore
<B><font color = 'blue'> .</font></B>  -Testing
<B><font color = 'blue'> .</font></B>  -Absent
<B><font color = 'blue'> .</font></B>  -Absent
<B><font color = 'blue'> .</font></B>  -Absent
<B><font color = 'blue'> .</font></B>  -Absent
<B><font color = 'blue'> .</font></B>  -Absent
<B><font color = 'blue'> .</font></B>  -Absent
<B><font color = 'blue'> .</font></B>  -Absent
<B><font color = 'blue'> .</font></B>  -Absent
<B><font color = 'blue'> .</font></B>  -Absent
<B><font color = 'blue'> .</font></B>  -Absent
<B><font color = 'blue'> .</font></B>  -Absent
<B><font color = 'blue'> .</font></B>  -test testtt 
<B><font color = 'blue'> .</font></B>  -abcd@gmail.com
<B><font color = 'blue'> .</font></B>  -GLB55
<B><font color = 'blue'> .</font></B>  -2022-11-03
<B><font color = 'blue'> .</font></B>  -Absent
<B><font color = 'blue'> .</font></B>  -Absent
<B><font color = 'blue'> .</font></B>  -undefined
<B><font color = 'blue'> .</font></B>  -Bangalore
<B><font color = 'blue'> .</font></B>  -Testing
<B><font color = 'blue'> .</font></B>  -Absent
<B><font color = 'blue'> .</font></B>  -Absent
<B><font color = 'blue'> .</font></B>  -Absent
<B><font color = 'blue'> .</font></B>  -Absent
<B><font color = 'blue'> .</font></B>  -Absent
<B><font color = 'blue'> .</font></B>  -Absent
<B><font color = 'blue'> .</font></B>  -Absent
<B><font color = 'blue'> .</font></B>  -Absent
<B><font color = 'blue'> .</font></B>  -Absent
<B><font color = 'blue'> .</font></B>  -Absent
<B><font color = 'blue'> .</font></B>  -Absent
<B><font color = 'blue'> .</font></B>  -Abhishe tt 
<B><font color = 'blue'> .</font></B>  -ab@ab.com
<B><font color = 'blue'> .</font></B>  -GKD567
<B><font color = 'blue'> .</font></B>  -2022-11-03
<B><font color = 'blue'> .</font></B>  -Absent
<B><font color = 'blue'> .</font></B>  -Absent
<B><font color = 'blue'> .</font></B>  -undefined
<B><font color = 'blue'> .</font></B>  -Bangalore
<B><font color = 'blue'> .</font></B>  -Testing
<B><font color = 'blue'> .</font></B>  -Absent
<B><font color = 'blue'> .</font></B>  -Absent
<B><font color = 'blue'> .</font></B>  -Absent
<B><font color = 'blue'> .</font></B>  -Absent
<B><font color = 'blue'> .</font></B>  -Absent
<B><font color = 'blue'> .</font></B>  -Absent
<B><font color = 'blue'> .</font></B>  -Absent
<B><font color = 'blue'> .</font></B>  -Absent
<B><font color = 'blue'> .</font></B>  -Absent
<B><font color = 'blue'> .</font></B>  -Absent
<B><font color = 'blue'> .</font></B>  -Absent
<B><font color = 'blue'> .</font></B>  -test nonadmin 
<B><font color = 'blue'> .</font></B>  -testnonadmin@gmail.com
<B><font color = 'blue'> .</font></B>  -GLB026
<B><font color = 'blue'> .</font></B>  -2022-11-03
<B><font color = 'blue'> .</font></B>  -Absent
<B><font color = 'blue'> .</font></B>  -Absent
<B><font color = 'blue'> .</font></B>  -undefined
<B><font color = 'blue'> .</font></B>  -Bangalore
<B><font color = 'blue'> .</font></B>  -Php
<B><font color = 'blue'> .</font></B>  -Absent
<B><font color = 'blue'> .</font></B>  -Absent
<B><font color = 'blue'> .</font></B>  -Absent
<B><font color = 'blue'> .</font></B>  -Absent
<B><font color = 'blue'> .</font></B>  -Absent
<B><font color = 'blue'> .</font></B>  -Absent
<B><font color = 'blue'> .</font></B>  -Absent
<B><font color = 'blue'> .</font></B>  -Absent
<B><font color = 'blue'> .</font></B>  -Absent
<B><font color = 'blue'> .</font></B>  -Absent
<B><font color = 'blue'> .</font></B>  -Absent
<B><font color = 'blue'> .</font></B>  -adg ckj 
<B><font color = 'blue'> .</font></B>  -adcs@1234
<B><font color = 'blue'> .</font></B>  -583
<B><font color = 'blue'> .</font></B>  -2022-11-03
<B><font color = 'blue'> .</font></B>  -Absent
<B><font color = 'blue'> .</font></B>  -Absent
<B><font color = 'blue'> .</font></B>  -undefined
<B><font color = 'blue'> .</font></B>  -Bangalore
<B><font color = 'blue'> .</font></B>  -Testing
<B><font color = 'blue'> .</font></B>  -Absent
<B><font color = 'blue'> .</font></B>  -Absent
<B><font color = 'blue'> .</font></B>  -Absent
<B><font color = 'blue'> .</font></B>  -Absent
<B><font color = 'blue'> .</font></B>  -Absent
<B><font color = 'blue'> .</font></B>  -Absent
<B><font color = 'blue'> .</font></B>  -Absent
<B><font color = 'blue'> .</font></B>  -Absent
<B><font color = 'blue'> .</font></B>  -Absent
<B><font color = 'blue'> .</font></B>  -Absent
<B><font color = 'blue'> .</font></B>  -Absent
<B><font color = 'blue'> .</font></B>  -dominic toretto 
<B><font color = 'blue'> .</font></B>  -dom.toretto737@gmail.com
<B><font color = 'blue'> .</font></B>  -EMP011
<B><font color = 'blue'> .</font></B>  -2022-11-03
<B><font color = 'blue'> .</font></B>  -Absent
<B><font color = 'blue'> .</font></B>  -Absent
<B><font color = 'blue'> .</font></B>  -undefined
<B><font color = 'blue'> .</font></B>  -Bangalore
<B><font color = 'blue'> .</font></B>  -Testing
<B><font color = 'blue'> .</font></B>  -Absent
<B><font color = 'blue'> .</font></B>  -Absent
<B><font color = 'blue'> .</font></B>  -Absent
<B><font color = 'blue'> .</font></B>  -Absent
<B><font color = 'blue'> .</font></B>  -Absent
<B><font color = 'blue'> .</font></B>  -Absent
<B><font color = 'blue'> .</font></B>  -Absent
<B><font color = 'blue'> .</font></B>  -Absent
<B><font color = 'blue'> .</font></B>  -Absent
<B><font color = 'blue'> .</font></B>  -Absent
<B><font color = 'blue'> .</font></B>  -Absent
<B><font color = 'blue'> .</font></B>  -Abhishek Test 
<B><font color = 'blue'> .</font></B>  -abhishektrest@glb.in
<B><font color = 'blue'> .</font></B>  -rN7tvEiDPGNi4fD
<B><font color = 'blue'> .</font></B>  -2022-11-03
<B><font color = 'blue'> .</font></B>  -Absent
<B><font color = 'blue'> .</font></B>  -Absent
<B><font color = 'blue'> .</font></B>  -undefined
<B><font color = 'blue'> .</font></B>  -Bangalore
<B><font color = 'blue'> .</font></B>  -Php
<B><font color = 'blue'> .</font></B>  -Absent
<B><font color = 'blue'> .</font></B>  -Absent
<B><font color = 'blue'> .</font></B>  -Absent
<B><font color = 'blue'> .</font></B>  -Absent
<B><font color = 'blue'> .</font></B>  -Absent
<B><font color = 'blue'> .</font></B>  -Absent
<B><font color = 'blue'> .</font></B>  -Absent
<B><font color = 'blue'> .</font></B>  -Absent
<B><font color = 'blue'> .</font></B>  -Absent
<B><font color = 'blue'> .</font></B>  -Absent
<B><font color = 'blue'> .</font></B>  -Absent
<B><font color = 'blue'> .</font></B>  -Superior Test one 
<B><font color = 'blue'> .</font></B>  -superiorone@gmail.com
<B><font color = 'blue'> .</font></B>  -twoqw
<B><font color = 'blue'> .</font></B>  -2022-11-03
<B><font color = 'blue'> .</font></B>  -Absent
<B><font color = 'blue'> .</font></B>  -Absent
<B><font color = 'blue'> .</font></B>  -undefined
<B><font color = 'blue'> .</font></B>  -Bangalore
<B><font color = 'blue'> .</font></B>  -Testing
<B><font color = 'blue'> .</font></B>  -Absent
<B><font color = 'blue'> .</font></B>  -Absent
<B><font color = 'blue'> .</font></B>  -Absent
<B><font color = 'blue'> .</font></B>  -Absent
<B><font color = 'blue'> .</font></B>  -Absent
<B><font color = 'blue'> .</font></B>  -Absent
<B><font color = 'blue'> .</font></B>  -Absent
<B><font color = 'blue'> .</font></B>  -Absent
<B><font color = 'blue'> .</font></B>  -Absent
<B><font color = 'blue'> .</font></B>  -Absent
<B><font color = 'blue'> .</font></B>  -Absent
<B><font color = 'blue'> .</font></B>  -test testw 
<B><font color = 'blue'> .</font></B>  -test@mac.in
<B><font color = 'blue'> .</font></B>  -aaf123
<B><font color = 'blue'> .</font></B>  -2022-11-03
<B><font color = 'blue'> .</font></B>  -Absent
<B><font color = 'blue'> .</font></B>  -Absent
<B><font color = 'blue'> .</font></B>  -undefined
<B><font color = 'blue'> .</font></B>  -Bangalore
<B><font color = 'blue'> .</font></B>  -Php
<B><font color = 'blue'> .</font></B>  -Absent
<B><font color = 'blue'> .</font></B>  -Absent
<B><font color = 'blue'> .</font></B>  -Absent
<B><font color = 'blue'> .</font></B>  -Absent
<B><font color = 'blue'> .</font></B>  -Absent
<B><font color = 'blue'> .</font></B>  -Absent
<B><font color = 'blue'> .</font></B>  -Absent
<B><font color = 'blue'> .</font></B>  -Absent
<B><font color = 'blue'> .</font></B>  -Absent
<B><font color = 'blue'> .</font></B>  -Absent
<B><font color = 'blue'> .</font></B>  -Absent
<B><font color = 'blue'> .</font></B>  -Test test 
<B><font color = 'blue'> .</font></B>  -sarikajain@gmail.com
<B><font color = 'blue'> .</font></B>  -E-101
<B><font color = 'blue'> .</font></B>  -2022-11-03
<B><font color = 'blue'> .</font></B>  -Absent
<B><font color = 'blue'> .</font></B>  -Absent
<B><font color = 'blue'> .</font></B>  -undefined
<B><font color = 'blue'> .</font></B>  -Bangalore
<B><font color = 'blue'> .</font></B>  -Testing
<B><font color = 'blue'> .</font></B>  -Absent
<B><font color = 'blue'> .</font></B>  -Absent
<B><font color = 'blue'> .</font></B>  -Absent
<B><font color = 'blue'> .</font></B>  -Absent
<B><font color = 'blue'> .</font></B>  -Absent
<B><font color = 'blue'> .</font></B>  -Absent
<B><font color = 'blue'> .</font></B>  -Absent
<B><font color = 'blue'> .</font></B>  -Absent
<B><font color = 'blue'> .</font></B>  -Absent
<B><font color = 'blue'> .</font></B>  -Absent
<B><font color = 'blue'> .</font></B>  -Absent
<B><font color = 'blue'> .</font></B>  -sithu kalluru 
<B><font color = 'blue'> .</font></B>  -sitaramireddy@globussoft.in
<B><font color = 'blue'> .</font></B>  -code12
<B><font color = 'blue'> .</font></B>  -2022-11-03
<B><font color = 'blue'> .</font></B>  -Absent
<B><font color = 'blue'> .</font></B>  -Absent
<B><font color = 'blue'> .</font></B>  -undefined
<B><font color = 'blue'> .</font></B>  -Bangalore
<B><font color = 'blue'> .</font></B>  -Testing
<B><font color = 'blue'> .</font></B>  -Absent
<B><font color = 'blue'> .</font></B>  -Absent
<B><font color = 'blue'> .</font></B>  -Absent
<B><font color = 'blue'> .</font></B>  -Absent
<B><font color = 'blue'> .</font></B>  -Absent
<B><font color = 'blue'> .</font></B>  -Absent
<B><font color = 'blue'> .</font></B>  -Absent
<B><font color = 'blue'> .</font></B>  -Absent
<B><font color = 'blue'> .</font></B>  -Absent
<B><font color = 'blue'> .</font></B>  -Absent
<B><font color = 'blue'> .</font></B>  -Absent
<B><font color = 'blue'> .</font></B>  -test123 abcd 
<B><font color = 'blue'> .</font></B>  -s@gmail.com
<B><font color = 'blue'> .</font></B>  -code123z
<B><font color = 'blue'> .</font></B>  -2022-11-03
<B><font color = 'blue'> .</font></B>  -Absent
<B><font color = 'blue'> .</font></B>  -Absent
<B><font color = 'blue'> .</font></B>  -undefined
<B><font color = 'blue'> .</font></B>  -Bangalore
<B><font color = 'blue'> .</font></B>  -Testing
<B><font color = 'blue'> .</font></B>  -Absent
<B><font color = 'blue'> .</font></B>  -Absent
<B><font color = 'blue'> .</font></B>  -Absent
<B><font color = 'blue'> .</font></B>  -Absent
<B><font color = 'blue'> .</font></B>  -Absent
<B><font color = 'blue'> .</font></B>  -Absent
<B><font color = 'blue'> .</font></B>  -Absent
<B><font color = 'blue'> .</font></B>  -Absent
<B><font color = 'blue'> .</font></B>  -Absent
<B><font color = 'blue'> .</font></B>  -Absent
<B><font color = 'blue'> .</font></B>  -Absent
<B><font color = 'blue'> .</font></B>  -testing test 
<B><font color = 'blue'> .</font></B>  -aarshajoyson1601@gmail.com
<B><font color = 'blue'> .</font></B>  -glb0008
<B><font color = 'blue'> .</font></B>  -2022-11-03
<B><font color = 'blue'> .</font></B>  -Absent
<B><font color = 'blue'> .</font></B>  -Absent
<B><font color = 'blue'> .</font></B>  -undefined
<B><font color = 'blue'> .</font></B>  -Bangalore
<B><font color = 'blue'> .</font></B>  -Php
<B><font color = 'blue'> .</font></B>  -Absent
<B><font color = 'blue'> .</font></B>  -Absent
<B><font color = 'blue'> .</font></B>  -Absent
<B><font color = 'blue'> .</font></B>  -Absent
<B><font color = 'blue'> .</font></B>  -Absent
<B><font color = 'blue'> .</font></B>  -Absent
<B><font color = 'blue'> .</font></B>  -Absent
<B><font color = 'blue'> .</font></B>  -Absent
<B><font color = 'blue'> .</font></B>  -Absent
<B><font color = 'blue'> .</font></B>  -Absent
<B><font color = 'blue'> .</font></B>  -Absent
<B><font color = 'blue'> .</font></B>  -Automation CodeeeAuto 
<B><font color = 'blue'> .</font></B>  -skabcdef7@gmail.com
<B><font color = 'blue'> .</font></B>  -Emp-Abzcde-1234522
<B><font color = 'blue'> .</font></B>  -2022-11-03
<B><font color = 'blue'> .</font></B>  -Absent
<B><font color = 'blue'> .</font></B>  -Absent
<B><font color = 'blue'> .</font></B>  -undefined
<B><font color = 'blue'> .</font></B>  -Bangalore
<B><font color = 'blue'> .</font></B>  -Testing
<B><font color = 'blue'> .</font></B>  -Absent
<B><font color = 'blue'> .</font></B>  -Absent
<B><font color = 'blue'> .</font></B>  -Absent
<B><font color = 'blue'> .</font></B>  -Absent
<B><font color = 'blue'> .</font></B>  -Absent
<B><font color = 'blue'> .</font></B>  -Absent
<B><font color = 'blue'> .</font></B>  -Absent
<B><font color = 'blue'> .</font></B>  -Absent
<B><font color = 'blue'> .</font></B>  -Absent
<B><font color = 'blue'> .</font></B>  -Absent
<B><font color = 'blue'> .</font></B>  -Absent
<B><font color = 'blue'> .</font></B>  -piyush dfgsfg 
<B><font color = 'blue'> .</font></B>  -jos@gmail.com
<B><font color = 'blue'> .</font></B>  -sdgff
<B><font color = 'blue'> .</font></B>  -2022-11-03
<B><font color = 'blue'> .</font></B>  -Absent
<B><font color = 'blue'> .</font></B>  -Absent
<B><font color = 'blue'> .</font></B>  -undefined
<B><font color = 'blue'> .</font></B>  -Bangalore
<B><font color = 'blue'> .</font></B>  -Testing
<B><font color = 'blue'> .</font></B>  -Absent
<B><font color = 'blue'> .</font></B>  -Absent
<B><font color = 'blue'> .</font></B>  -Absent
<B><font color = 'blue'> .</font></B>  -Absent
<B><font color = 'blue'> .</font></B>  -Absent
<B><font color = 'blue'> .</font></B>  -Absent
<B><font color = 'blue'> .</font></B>  -Absent
<B><font color = 'blue'> .</font></B>  -Absent
<B><font color = 'blue'> .</font></B>  -Absent
<B><font color = 'blue'> .</font></B>  -Absent
<B><font color = 'blue'> .</font></B>  -Absent
<B><font color = 'blue'> .</font></B>  -Aryan raj 
<B><font color = 'blue'> .</font></B>  -alex@gmail.com
<B><font color = 'blue'> .</font></B>  -126
<B><font color = 'blue'> .</font></B>  -2022-11-03
<B><font color = 'blue'> .</font></B>  -Absent
<B><font color = 'blue'> .</font></B>  -Absent
<B><font color = 'blue'> .</font></B>  -undefined
<B><font color = 'blue'> .</font></B>  -Bangalore
<B><font color = 'blue'> .</font></B>  -Testing
<B><font color = 'blue'> .</font></B>  -Absent
<B><font color = 'blue'> .</font></B>  -Absent
<B><font color = 'blue'> .</font></B>  -Absent
<B><font color = 'blue'> .</font></B>  -Absent
<B><font color = 'blue'> .</font></B>  -Absent
<B><font color = 'blue'> .</font></B>  -Absent
<B><font color = 'blue'> .</font></B>  -Absent
<B><font color = 'blue'> .</font></B>  -Absent
<B><font color = 'blue'> .</font></B>  -Absent
<B><font color = 'blue'> .</font></B>  -Absent
<B><font color = 'blue'> .</font></B>  -Absent
<B><font color = 'blue'> .</font></B>  -Automation CodeeeAuto 
<B><font color = 'blue'> .</font></B>  -skabcdef38@gmail.com
<B><font color = 'blue'> .</font></B>  -Emp-Abzcde-123457
<B><font color = 'blue'> .</font></B>  -2022-11-03
<B><font color = 'blue'> .</font></B>  -Absent
<B><font color = 'blue'> .</font></B>  -Absent
<B><font color = 'blue'> .</font></B>  -undefined
<B><font color = 'blue'> .</font></B>  -Bangalore
<B><font color = 'blue'> .</font></B>  -Testing
<B><font color = 'blue'> .</font></B>  -Absent
<B><font color = 'blue'> .</font></B>  -Absent
<B><font color = 'blue'> .</font></B>  -Absent
<B><font color = 'blue'> .</font></B>  -Absent
<B><font color = 'blue'> .</font></B>  -Absent
<B><font color = 'blue'> .</font></B>  -Absent
<B><font color = 'blue'> .</font></B>  -Absent
<B><font color = 'blue'> .</font></B>  -Absent
<B><font color = 'blue'> .</font></B>  -Absent
<B><font color = 'blue'> .</font></B>  -Absent
<B><font color = 'blue'> .</font></B>  -Absent
<B><font color = 'blue'> .</font></B>  -Automation CodeeeAuto 
<B><font color = 'blue'> .</font></B>  -skabcdef33@gmail.com
<B><font color = 'blue'> .</font></B>  -Emp-Abzcde-1234557
<B><font color = 'blue'> .</font></B>  -2022-11-03
<B><font color = 'blue'> .</font></B>  -Absent
<B><font color = 'blue'> .</font></B>  -Absent
<B><font color = 'blue'> .</font></B>  -undefined
<B><font color = 'blue'> .</font></B>  -Bangalore
<B><font color = 'blue'> .</font></B>  -Testing
<B><font color = 'blue'> .</font></B>  -Absent
<B><font color = 'blue'> .</font></B>  -Absent
<B><font color = 'blue'> .</font></B>  -Absent
<B><font color = 'blue'> .</font></B>  -Absent
<B><font color = 'blue'> .</font></B>  -Absent
<B><font color = 'blue'> .</font></B>  -Absent
<B><font color = 'blue'> .</font></B>  -Absent
<B><font color = 'blue'> .</font></B>  -Absent
<B><font color = 'blue'> .</font></B>  -Absent
<B><font color = 'blue'> .</font></B>  -Absent
<B><font color = 'blue'> .</font></B>  -Absent
<B><font color = 'blue'> .</font></B>  -D Surya Prabhakar 
<B><font color = 'blue'> .</font></B>  -surya1@gmail.com
<B><font color = 'blue'> .</font></B>  -EM010
<B><font color = 'blue'> .</font></B>  -2022-11-03
<B><font color = 'blue'> .</font></B>  -Absent
<B><font color = 'blue'> .</font></B>  -Absent
<B><font color = 'blue'> .</font></B>  -undefined
<B><font color = 'blue'> .</font></B>  -bengaluru
<B><font color = 'blue'> .</font></B>  -Testing
<B><font color = 'blue'> .</font></B>  -Absent
<B><font color = 'blue'> .</font></B>  -Absent
<B><font color = 'blue'> .</font></B>  -Absent
<B><font color = 'blue'> .</font></B>  -Absent
<B><font color = 'blue'> .</font></B>  -Absent
<B><font color = 'blue'> .</font></B>  -Absent
<B><font color = 'blue'> .</font></B>  -Absent
<B><font color = 'blue'> .</font></B>  -Absent
<B><font color = 'blue'> .</font></B>  -Absent
<B><font color = 'blue'> .</font></B>  -Absent
<B><font color = 'blue'> .</font></B>  -Absent
<B><font color = 'blue'> .</font></B>  -R o       hit Sharma 
<B><font color = 'blue'> .</font></B>  -rahulrajt5613928@gmail.com
<B><font color = 'blue'> .</font></B>  -67645
<B><font color = 'blue'> .</font></B>  -2022-11-03
<B><font color = 'blue'> .</font></B>  -Absent
<B><font color = 'blue'> .</font></B>  -Absent
<B><font color = 'blue'> .</font></B>  -undefined
<B><font color = 'blue'> .</font></B>  -bengaluru
<B><font color = 'blue'> .</font></B>  -Testing
<B><font color = 'blue'> .</font></B>  -Absent
<B><font color = 'blue'> .</font></B>  -Absent
<B><font color = 'blue'> .</font></B>  -Absent
<B><font color = 'blue'> .</font></B>  -Absent
<B><font color = 'blue'> .</font></B>  -Absent
<B><font color = 'blue'> .</font></B>  -Absent
<B><font color = 'blue'> .</font></B>  -Absent
<B><font color = 'blue'> .</font></B>  -Absent
<B><font color = 'blue'> .</font></B>  -Absent
<B><font color = 'blue'> .</font></B>  -Absent
<B><font color = 'blue'> .</font></B>  -Absent
<B><font color = 'blue'> .</font></B>  -ni test 
<B><font color = 'blue'> .</font></B>  -nitest12@gmail.com
<B><font color = 'blue'> .</font></B>  -GLB678
<B><font color = 'blue'> .</font></B>  -2022-11-03
<B><font color = 'blue'> .</font></B>  -Absent
<B><font color = 'blue'> .</font></B>  -Absent
<B><font color = 'blue'> .</font></B>  -undefined
<B><font color = 'blue'> .</font></B>  -bengaluru
<B><font color = 'blue'> .</font></B>  -Testing
<B><font color = 'blue'> .</font></B>  -Absent
<B><font color = 'blue'> .</font></B>  -Absent
<B><font color = 'blue'> .</font></B>  -Absent
<B><font color = 'blue'> .</font></B>  -Absent
<B><font color = 'blue'> .</font></B>  -Absent
<B><font color = 'blue'> .</font></B>  -Absent
<B><font color = 'blue'> .</font></B>  -Absent
<B><font color = 'blue'> .</font></B>  -Absent
<B><font color = 'blue'> .</font></B>  -Absent
<B><font color = 'blue'> .</font></B>  -Absent
<B><font color = 'blue'> .</font></B>  -Absent
<B><font color = 'blue'> .</font></B>  -one test 
<B><font color = 'blue'> .</font></B>  -testone1234@gmail.com
<B><font color = 'blue'> .</font></B>  -0110
<B><font color = 'blue'> .</font></B>  -2022-11-03
<B><font color = 'blue'> .</font></B>  -Absent
<B><font color = 'blue'> .</font></B>  -Absent
<B><font color = 'blue'> .</font></B>  -undefined
<B><font color = 'blue'> .</font></B>  -bengaluru
<B><font color = 'blue'> .</font></B>  -Testing
<B><font color = 'blue'> .</font></B>  -Absent
<B><font color = 'blue'> .</font></B>  -Absent
<B><font color = 'blue'> .</font></B>  -Absent
<B><font color = 'blue'> .</font></B>  -Absent
<B><font color = 'blue'> .</font></B>  -Absent
<B><font color = 'blue'> .</font></B>  -Absent
<B><font color = 'blue'> .</font></B>  -Absent
<B><font color = 'blue'> .</font></B>  -Absent
<B><font color = 'blue'> .</font></B>  -Absent
<B><font color = 'blue'> .</font></B>  -Absent
<B><font color = 'blue'> .</font></B>  -Absent
<B><font color = 'blue'> .</font></B>  -GLB-BLR-010-PC - GLB-BLR-010 
<B><font color = 'blue'> .</font></B>  -abcd@yuksdgus
<B><font color = 'blue'> .</font></B>  -GLB-BLR-010
<B><font color = 'blue'> .</font></B>  -2022-11-03
<B><font color = 'blue'> .</font></B>  -Absent
<B><font color = 'blue'> .</font></B>  -Absent
<B><font color = 'blue'> .</font></B>  -undefined
<B><font color = 'blue'> .</font></B>  -bengaluru
<B><font color = 'blue'> .</font></B>  -Testing
<B><font color = 'blue'> .</font></B>  -Absent
<B><font color = 'blue'> .</font></B>  -Absent
<B><font color = 'blue'> .</font></B>  -Absent
<B><font color = 'blue'> .</font></B>  -Absent
<B><font color = 'blue'> .</font></B>  -Absent
<B><font color = 'blue'> .</font></B>  -Absent
<B><font color = 'blue'> .</font></B>  -Absent
<B><font color = 'blue'> .</font></B>  -Absent
<B><font color = 'blue'> .</font></B>  -Absent
<B><font color = 'blue'> .</font></B>  -Absent
<B><font color = 'blue'> .</font></B>  -Absent
<B><font color = 'blue'> .</font></B>  -surya kk 
<B><font color = 'blue'> .</font></B>  -123@gmail.com
<B><font color = 'blue'> .</font></B>  -mmmmm
<B><font color = 'blue'> .</font></B>  -2022-11-03
<B><font color = 'blue'> .</font></B>  -Absent
<B><font color = 'blue'> .</font></B>  -Absent
<B><font color = 'blue'> .</font></B>  -undefined
<B><font color = 'blue'> .</font></B>  -Tamilnadu
<B><font color = 'blue'> .</font></B>  -Test and Dev
<B><font color = 'blue'> .</font></B>  -Absent
<B><font color = 'blue'> .</font></B>  -Absent
<B><font color = 'blue'> .</font></B>  -Absent
<B><font color = 'blue'> .</font></B>  -Absent
<B><font color = 'blue'> .</font></B>  -Absent
<B><font color = 'blue'> .</font></B>  -Absent
<B><font color = 'blue'> .</font></B>  -Absent
<B><font color = 'blue'> .</font></B>  -Absent
<B><font color = 'blue'> .</font></B>  -Absent
<B><font color = 'blue'> .</font></B>  -Absent
<B><font color = 'blue'> .</font></B>  -Absent
<B><font color = 'blue'> .</font></B>  -sai kk 
<B><font color = 'blue'> .</font></B>  -saikk19876@gmail.com
<B><font color = 'blue'> .</font></B>  -20221019
<B><font color = 'blue'> .</font></B>  -2022-11-03
<B><font color = 'blue'> .</font></B>  -Absent
<B><font color = 'blue'> .</font></B>  -Absent
<B><font color = 'blue'> .</font></B>  -undefined
<B><font color = 'blue'> .</font></B>  -Tamilnadu
<B><font color = 'blue'> .</font></B>  -Test and Dev
<B><font color = 'blue'> .</font></B>  -Absent
<B><font color = 'blue'> .</font></B>  -Absent
<B><font color = 'blue'> .</font></B>  -Absent
<B><font color = 'blue'> .</font></B>  -Absent
<B><font color = 'blue'> .</font></B>  -Absent
<B><font color = 'blue'> .</font></B>  -Absent
<B><font color = 'blue'> .</font></B>  -Absent
<B><font color = 'blue'> .</font></B>  -Absent
<B><font color = 'blue'> .</font></B>  -Absent
<B><font color = 'blue'> .</font></B>  -Absent
<B><font color = 'blue'> .</font></B>  -Absent
<B><font color = 'blue'> .</font></B>  -ajeethemp test 
<B><font color = 'blue'> .</font></B>  -ajeethemp@gmail.com
<B><font color = 'blue'> .</font></B>  -A01
<B><font color = 'blue'> .</font></B>  -2022-11-03
<B><font color = 'blue'> .</font></B>  -Absent
<B><font color = 'blue'> .</font></B>  -Absent
<B><font color = 'blue'> .</font></B>  -undefined
<B><font color = 'blue'> .</font></B>  -Tamilnadu
<B><font color = 'blue'> .</font></B>  -Test and Dev
<B><font color = 'blue'> .</font></B>  -Absent
<B><font color = 'blue'> .</font></B>  -Absent
<B><font color = 'blue'> .</font></B>  -Absent
<B><font color = 'blue'> .</font></B>  -Absent
<B><font color = 'blue'> .</font></B>  -Absent
<B><font color = 'blue'> .</font></B>  -Absent
<B><font color = 'blue'> .</font></B>  -Absent
<B><font color = 'blue'> .</font></B>  -Absent
<B><font color = 'blue'> .</font></B>  -Absent
<B><font color = 'blue'> .</font></B>  -Absent
<B><font color = 'blue'> .</font></B>  -Absent
<B><font color = 'blue'> .</font></B>  -test user two 
<B><font color = 'blue'> .</font></B>  -testuser@two.io
<B><font color = 'blue'> .</font></B>  -GSLL-327
<B><font color = 'blue'> .</font></B>  -2022-11-03
<B><font color = 'blue'> .</font></B>  -Absent
<B><font color = 'blue'> .</font></B>  -Absent
<B><font color = 'blue'> .</font></B>  -undefined
<B><font color = 'blue'> .</font></B>  -Tamilnadu
<B><font color = 'blue'> .</font></B>  -Test and Dev
<B><font color = 'blue'> .</font></B>  -Absent
<B><font color = 'blue'> .</font></B>  -Absent
<B><font color = 'blue'> .</font></B>  -Absent
<B><font color = 'blue'> .</font></B>  -Absent
<B><font color = 'blue'> .</font></B>  -Absent
<B><font color = 'blue'> .</font></B>  -Absent
<B><font color = 'blue'> .</font></B>  -Absent
<B><font color = 'blue'> .</font></B>  -Absent
<B><font color = 'blue'> .</font></B>  -Absent
<B><font color = 'blue'> .</font></B>  -Absent
<B><font color = 'blue'> .</font></B>  -Absent
<B><font color = 'blue'> .</font></B>  -dxgfdxg gssdg 
<B><font color = 'blue'> .</font></B>  -sdgsg@dgksodkg.in
<B><font color = 'blue'> .</font></B>  -asfda343443
<B><font color = 'blue'> .</font></B>  -2022-11-03
<B><font color = 'blue'> .</font></B>  -Absent
<B><font color = 'blue'> .</font></B>  -Absent
<B><font color = 'blue'> .</font></B>  -undefined
<B><font color = 'blue'> .</font></B>  -Bhilai
<B><font color = 'blue'> .</font></B>  -Php
<B><font color = 'blue'> .</font></B>  -Absent
<B><font color = 'blue'> .</font></B>  -Absent
<B><font color = 'blue'> .</font></B>  -Absent
<B><font color = 'blue'> .</font></B>  -Absent
<B><font color = 'blue'> .</font></B>  -Absent
<B><font color = 'blue'> .</font></B>  -Absent
<B><font color = 'blue'> .</font></B>  -Absent
<B><font color = 'blue'> .</font></B>  -Absent
<B><font color = 'blue'> .</font></B>  -Absent
<B><font color = 'blue'> .</font></B>  -Absent
<B><font color = 'blue'> .</font></B>  -Absent
<B><font color = 'blue'> .</font></B>  -Guest User 
<B><font color = 'blue'> .</font></B>  -guestuser@gmail.com
<B><font color = 'blue'> .</font></B>  -GLB-777
<B><font color = 'blue'> .</font></B>  -2022-11-03
<B><font color = 'blue'> .</font></B>  -Absent
<B><font color = 'blue'> .</font></B>  -Absent
<B><font color = 'blue'> .</font></B>  -undefined
<B><font color = 'blue'> .</font></B>  -Bhilai
<B><font color = 'blue'> .</font></B>  -Php
<B><font color = 'blue'> .</font></B>  -Absent
<B><font color = 'blue'> .</font></B>  -Absent
<B><font color = 'blue'> .</font></B>  -Absent
<B><font color = 'blue'> .</font></B>  -Absent
<B><font color = 'blue'> .</font></B>  -Absent
<B><font color = 'blue'> .</font></B>  -Absent
<B><font color = 'blue'> .</font></B>  -Absent
<B><font color = 'blue'> .</font></B>  -Absent
<B><font color = 'blue'> .</font></B>  -Absent
<B><font color = 'blue'> .</font></B>  -Absent
<B><font color = 'blue'> .</font></B>  -Absent
<B><font color = 'blue'> .</font></B>  -test user two 
<B><font color = 'blue'> .</font></B>  -testuser@two.io
<B><font color = 'blue'> .</font></B>  -GSLL-327
<B><font color = 'blue'> .</font></B>  -2022-11-02
<B><font color = 'blue'> .</font></B>  -02-11-2022 00:00:00
<B><font color = 'blue'> .</font></B>  -02-11-2022 00:02:15
<B><font color = 'blue'> .</font></B>  -GLB-124-PC
<B><font color = 'blue'> .</font></B>  -Tamilnadu
<B><font color = 'blue'> .</font></B>  -Test and Dev
<B><font color = 'blue'> .</font></B>  -00:02:15
<B><font color = 'blue'> .</font></B>  -00:00:00
<B><font color = 'blue'> .</font></B>  -00:00:00
<B><font color = 'blue'> .</font></B>  -00:00:00
<B><font color = 'blue'> .</font></B>  -00:00:00
<B><font color = 'blue'> .</font></B>  -00:00:00
<B><font color = 'blue'> .</font></B>  -00:00:00
<B><font color = 'blue'> .</font></B>  -00:02:15
<B><font color = 'blue'> .</font></B>  -0.00%
<B><font color = 'blue'> .</font></B>  --480:00
<B><font color = 'blue'> .</font></B>  -0.00
<B><font color = 'blue'> .</font></B>  -Superior Test one 
<B><font color = 'blue'> .</font></B>  -superiorone@gmail.com
<B><font color = 'blue'> .</font></B>  -twoqw
<B><font color = 'blue'> .</font></B>  -2022-11-02
<B><font color = 'blue'> .</font></B>  -02-11-2022 16:10:48
<B><font color = 'blue'> .</font></B>  -02-11-2022 16:13:48
<B><font color = 'blue'> .</font></B>  -GLB-124-PC
<B><font color = 'blue'> .</font></B>  -Bangalore
<B><font color = 'blue'> .</font></B>  -Testing
<B><font color = 'blue'> .</font></B>  -00:03:00
<B><font color = 'blue'> .</font></B>  -00:00:00
<B><font color = 'blue'> .</font></B>  -00:00:00
<B><font color = 'blue'> .</font></B>  -00:00:00
<B><font color = 'blue'> .</font></B>  -00:00:00
<B><font color = 'blue'> .</font></B>  -00:00:00
<B><font color = 'blue'> .</font></B>  -00:00:00
<B><font color = 'blue'> .</font></B>  -00:03:00
<B><font color = 'blue'> .</font></B>  -0.00%
<B><font color = 'blue'> .</font></B>  --480:00
<B><font color = 'blue'> .</font></B>  -0.00
<B><font color = 'blue'> .</font></B>  -Himanshu Kumar 
<B><font color = 'blue'> .</font></B>  -himanshu1@gmail.com
<B><font color = 'blue'> .</font></B>  -EM011
<B><font color = 'blue'> .</font></B>  -2022-11-02
<B><font color = 'blue'> .</font></B>  -02-11-2022 00:00:00
<B><font color = 'blue'> .</font></B>  -02-11-2022 00:00:06
<B><font color = 'blue'> .</font></B>  -GLB-181
<B><font color = 'blue'> .</font></B>  -bagalkot
<B><font color = 'blue'> .</font></B>  -manual testing
<B><font color = 'blue'> .</font></B>  -00:00:06
<B><font color = 'blue'> .</font></B>  -00:00:00
<B><font color = 'blue'> .</font></B>  -00:00:00
<B><font color = 'blue'> .</font></B>  -00:00:00
<B><font color = 'blue'> .</font></B>  -00:00:00
<B><font color = 'blue'> .</font></B>  -00:00:00
<B><font color = 'blue'> .</font></B>  -00:00:00
<B><font color = 'blue'> .</font></B>  -00:00:06
<B><font color = 'blue'> .</font></B>  -0.00%
<B><font color = 'blue'> .</font></B>  --480:00
<B><font color = 'blue'> .</font></B>  -0.00
<B><font color = 'blue'> .</font></B>  -sithu kalluru 
<B><font color = 'blue'> .</font></B>  -sitaramireddy@globussoft.in
<B><font color = 'blue'> .</font></B>  -code12
<B><font color = 'blue'> .</font></B>  -2022-11-02
<B><font color = 'blue'> .</font></B>  -02-11-2022 13:05:22
<B><font color = 'blue'> .</font></B>  -02-11-2022 13:15:36
<B><font color = 'blue'> .</font></B>  -DESKTOP-PJJHB19
<B><font color = 'blue'> .</font></B>  -Bangalore
<B><font color = 'blue'> .</font></B>  -Testing
<B><font color = 'blue'> .</font></B>  -00:10:14
<B><font color = 'blue'> .</font></B>  -00:00:00
<B><font color = 'blue'> .</font></B>  -00:00:00
<B><font color = 'blue'> .</font></B>  -00:00:00
<B><font color = 'blue'> .</font></B>  -00:00:00
<B><font color = 'blue'> .</font></B>  -00:00:00
<B><font color = 'blue'> .</font></B>  -00:00:00
<B><font color = 'blue'> .</font></B>  -00:10:14
<B><font color = 'blue'> .</font></B>  -0.00%
<B><font color = 'blue'> .</font></B>  --480:00
<B><font color = 'blue'> .</font></B>  -0.00
<B><font color = 'blue'> .</font></B>  -sam eer 
<B><font color = 'blue'> .</font></B>  -sam@rf.in
<B><font color = 'blue'> .</font></B>  -WSAERT2Q34E
<B><font color = 'blue'> .</font></B>  -2022-11-02
<B><font color = 'blue'> .</font></B>  -02-11-2022 12:40:34
<B><font color = 'blue'> .</font></B>  -03-11-2022 00:00:00
<B><font color = 'blue'> .</font></B>  -GLB-181
<B><font color = 'blue'> .</font></B>  -Bangalore
<B><font color = 'blue'> .</font></B>  -Testing
<B><font color = 'blue'> .</font></B>  -11:19:26
<B><font color = 'blue'> .</font></B>  -00:00:00
<B><font color = 'blue'> .</font></B>  -00:00:00
<B><font color = 'blue'> .</font></B>  -00:00:00
<B><font color = 'blue'> .</font></B>  -00:00:00
<B><font color = 'blue'> .</font></B>  -00:00:00
<B><font color = 'blue'> .</font></B>  -00:00:00
<B><font color = 'blue'> .</font></B>  -11:19:26
<B><font color = 'blue'> .</font></B>  -0.00%
<B><font color = 'blue'> .</font></B>  --480:00
<B><font color = 'blue'> .</font></B>  -0.00
<B><font color = 'blue'> .</font></B>  -test manager 
<B><font color = 'blue'> .</font></B>  -manageremp@gmail.com
<B><font color = 'blue'> .</font></B>  -glb020
<B><font color = 'blue'> .</font></B>  -2022-11-02
<B><font color = 'blue'> .</font></B>  -02-11-2022 13:17:58
<B><font color = 'blue'> .</font></B>  -03-11-2022 00:00:00
<B><font color = 'blue'> .</font></B>  -GLB-193-PC
<B><font color = 'blue'> .</font></B>  -Default
<B><font color = 'blue'> .</font></B>  -Default
<B><font color = 'blue'> .</font></B>  -10:42:02
<B><font color = 'blue'> .</font></B>  -00:00:00
<B><font color = 'blue'> .</font></B>  -00:00:00
<B><font color = 'blue'> .</font></B>  -00:00:00
<B><font color = 'blue'> .</font></B>  -00:00:00
<B><font color = 'blue'> .</font></B>  -00:00:00
<B><font color = 'blue'> .</font></B>  -00:00:00
<B><font color = 'blue'> .</font></B>  -10:42:02
<B><font color = 'blue'> .</font></B>  -0.00%
<B><font color = 'blue'> .</font></B>  --480:00
<B><font color = 'blue'> .</font></B>  -0.00
<B><font color = 'blue'> .</font></B>  -Virat kohli 
<B><font color = 'blue'> .</font></B>  -rahukbgdxgsf@gmail.com
<B><font color = 'blue'> .</font></B>  -65332
<B><font color = 'blue'> .</font></B>  -2022-11-02
<B><font color = 'blue'> .</font></B>  -Absent
<B><font color = 'blue'> .</font></B>  -Absent
<B><font color = 'blue'> .</font></B>  -undefined
<B><font color = 'blue'> .</font></B>  -Default
<B><font color = 'blue'> .</font></B>  -Default
<B><font color = 'blue'> .</font></B>  -Absent
<B><font color = 'blue'> .</font></B>  -Absent
<B><font color = 'blue'> .</font></B>  -Absent
<B><font color = 'blue'> .</font></B>  -Absent
<B><font color = 'blue'> .</font></B>  -Absent
<B><font color = 'blue'> .</font></B>  -Absent
<B><font color = 'blue'> .</font></B>  -Absent
<B><font color = 'blue'> .</font></B>  -Absent
<B><font color = 'blue'> .</font></B>  -Absent
<B><font color = 'blue'> .</font></B>  -Absent
<B><font color = 'blue'> .</font></B>  -Absent
<B><font color = 'blue'> .</font></B>  -sadas kadkasdj 
<B><font color = 'blue'> .</font></B>  -dsa@eqe
<B><font color = 'blue'> .</font></B>  -emp129666
<B><font color = 'blue'> .</font></B>  -2022-11-02
<B><font color = 'blue'> .</font></B>  -Absent
<B><font color = 'blue'> .</font></B>  -Absent
<B><font color = 'blue'> .</font></B>  -undefined
<B><font color = 'blue'> .</font></B>  -Default
<B><font color = 'blue'> .</font></B>  -Default
<B><font color = 'blue'> .</font></B>  -Absent
<B><font color = 'blue'> .</font></B>  -Absent
<B><font color = 'blue'> .</font></B>  -Absent
<B><font color = 'blue'> .</font></B>  -Absent
<B><font color = 'blue'> .</font></B>  -Absent
<B><font color = 'blue'> .</font></B>  -Absent
<B><font color = 'blue'> .</font></B>  -Absent
<B><font color = 'blue'> .</font></B>  -Absent
<B><font color = 'blue'> .</font></B>  -Absent
<B><font color = 'blue'> .</font></B>  -Absent
<B><font color = 'blue'> .</font></B>  -Absent
<B><font color = 'blue'> .</font></B>  -New Test 
<B><font color = 'blue'> .</font></B>  -newtest@gmail.com
<B><font color = 'blue'> .</font></B>  -ewer334443
<B><font color = 'blue'> .</font></B>  -2022-11-02
<B><font color = 'blue'> .</font></B>  -Absent
<B><font color = 'blue'> .</font></B>  -Absent
<B><font color = 'blue'> .</font></B>  -undefined
<B><font color = 'blue'> .</font></B>  -Default
<B><font color = 'blue'> .</font></B>  -Default
<B><font color = 'blue'> .</font></B>  -Absent
<B><font color = 'blue'> .</font></B>  -Absent
<B><font color = 'blue'> .</font></B>  -Absent
<B><font color = 'blue'> .</font></B>  -Absent
<B><font color = 'blue'> .</font></B>  -Absent
<B><font color = 'blue'> .</font></B>  -Absent
<B><font color = 'blue'> .</font></B>  -Absent
<B><font color = 'blue'> .</font></B>  -Absent
<B><font color = 'blue'> .</font></B>  -Absent
<B><font color = 'blue'> .</font></B>  -Absent
<B><font color = 'blue'> .</font></B>  -Absent
<B><font color = 'blue'> .</font></B>  -dshcdb uidsbf 
<B><font color = 'blue'> .</font></B>  -dvbvdb@yahoo.com
<B><font color = 'blue'> .</font></B>  -435454
<B><font color = 'blue'> .</font></B>  -2022-11-02
<B><font color = 'blue'> .</font></B>  -Absent
<B><font color = 'blue'> .</font></B>  -Absent
<B><font color = 'blue'> .</font></B>  -undefined
<B><font color = 'blue'> .</font></B>  -Default
<B><font color = 'blue'> .</font></B>  -Default
<B><font color = 'blue'> .</font></B>  -Absent
<B><font color = 'blue'> .</font></B>  -Absent
<B><font color = 'blue'> .</font></B>  -Absent
<B><font color = 'blue'> .</font></B>  -Absent
<B><font color = 'blue'> .</font></B>  -Absent
<B><font color = 'blue'> .</font></B>  -Absent
<B><font color = 'blue'> .</font></B>  -Absent
<B><font color = 'blue'> .</font></B>  -Absent
<B><font color = 'blue'> .</font></B>  -Absent
<B><font color = 'blue'> .</font></B>  -Absent
<B><font color = 'blue'> .</font></B>  -Absent
<B><font color = 'blue'> .</font></B>  -try last 
<B><font color = 'blue'> .</font></B>  -try@gmail.com
<B><font color = 'blue'> .</font></B>  -1225455
<B><font color = 'blue'> .</font></B>  -2022-11-02
<B><font color = 'blue'> .</font></B>  -Absent
<B><font color = 'blue'> .</font></B>  -Absent
<B><font color = 'blue'> .</font></B>  -undefined
<B><font color = 'blue'> .</font></B>  -Default
<B><font color = 'blue'> .</font></B>  -Default
<B><font color = 'blue'> .</font></B>  -Absent
<B><font color = 'blue'> .</font></B>  -Absent
<B><font color = 'blue'> .</font></B>  -Absent
<B><font color = 'blue'> .</font></B>  -Absent
<B><font color = 'blue'> .</font></B>  -Absent
<B><font color = 'blue'> .</font></B>  -Absent
<B><font color = 'blue'> .</font></B>  -Absent
<B><font color = 'blue'> .</font></B>  -Absent
<B><font color = 'blue'> .</font></B>  -Absent
<B><font color = 'blue'> .</font></B>  -Absent
<B><font color = 'blue'> .</font></B>  -Absent
<B><font color = 'blue'> .</font></B>  -vdjvdb yusvdvbbh 
<B><font color = 'blue'> .</font></B>  -dvhbfdh@gmail.com
<B><font color = 'blue'> .</font></B>  -wq534342
<B><font color = 'blue'> .</font></B>  -2022-11-02
<B><font color = 'blue'> .</font></B>  -Absent
<B><font color = 'blue'> .</font></B>  -Absent
<B><font color = 'blue'> .</font></B>  -undefined
<B><font color = 'blue'> .</font></B>  -Default
<B><font color = 'blue'> .</font></B>  -Default
<B><font color = 'blue'> .</font></B>  -Absent
<B><font color = 'blue'> .</font></B>  -Absent
<B><font color = 'blue'> .</font></B>  -Absent
<B><font color = 'blue'> .</font></B>  -Absent
<B><font color = 'blue'> .</font></B>  -Absent
<B><font color = 'blue'> .</font></B>  -Absent
<B><font color = 'blue'> .</font></B>  -Absent
<B><font color = 'blue'> .</font></B>  -Absent
<B><font color = 'blue'> .</font></B>  -Absent
<B><font color = 'blue'> .</font></B>  -Absent
<B><font color = 'blue'> .</font></B>  -Absent
<B><font color = 'blue'> .</font></B>  -Mail Test user 
<B><font color = 'blue'> .</font></B>  -maintest@user.io
<B><font color = 'blue'> .</font></B>  -GLB-1223888
<B><font color = 'blue'> .</font></B>  -2022-11-02
<B><font color = 'blue'> .</font></B>  -Absent
<B><font color = 'blue'> .</font></B>  -Absent
<B><font color = 'blue'> .</font></B>  -undefined
<B><font color = 'blue'> .</font></B>  -Default
<B><font color = 'blue'> .</font></B>  -Default
<B><font color = 'blue'> .</font></B>  -Absent
<B><font color = 'blue'> .</font></B>  -Absent
<B><font color = 'blue'> .</font></B>  -Absent
<B><font color = 'blue'> .</font></B>  -Absent
<B><font color = 'blue'> .</font></B>  -Absent
<B><font color = 'blue'> .</font></B>  -Absent
<B><font color = 'blue'> .</font></B>  -Absent
<B><font color = 'blue'> .</font></B>  -Absent
<B><font color = 'blue'> .</font></B>  -Absent
<B><font color = 'blue'> .</font></B>  -Absent
<B><font color = 'blue'> .</font></B>  -Absent
<B><font color = 'blue'> .</font></B>  -Update Check 
<B><font color = 'blue'> .</font></B>  -updates@gmail.com
<B><font color = 'blue'> .</font></B>  -emp543
<B><font color = 'blue'> .</font></B>  -2022-11-02
<B><font color = 'blue'> .</font></B>  -Absent
<B><font color = 'blue'> .</font></B>  -Absent
<B><font color = 'blue'> .</font></B>  -undefined
<B><font color = 'blue'> .</font></B>  -Default
<B><font color = 'blue'> .</font></B>  -Default
<B><font color = 'blue'> .</font></B>  -Absent
<B><font color = 'blue'> .</font></B>  -Absent
<B><font color = 'blue'> .</font></B>  -Absent
<B><font color = 'blue'> .</font></B>  -Absent
<B><font color = 'blue'> .</font></B>  -Absent
<B><font color = 'blue'> .</font></B>  -Absent
<B><font color = 'blue'> .</font></B>  -Absent
<B><font color = 'blue'> .</font></B>  -Absent
<B><font color = 'blue'> .</font></B>  -Absent
<B><font color = 'blue'> .</font></B>  -Absent
<B><font color = 'blue'> .</font></B>  -Absent
<B><font color = 'blue'> .</font></B>  -DESKTOP-PJJHB19 - GLB-BLR-002OjUpRD2 
<B><font color = 'blue'> .</font></B>  --
<B><font color = 'blue'> .</font></B>  -GLB-BLR-002OjUpRD2
<B><font color = 'blue'> .</font></B>  -2022-11-02
<B><font color = 'blue'> .</font></B>  -Absent
<B><font color = 'blue'> .</font></B>  -Absent
<B><font color = 'blue'> .</font></B>  -undefined
<B><font color = 'blue'> .</font></B>  -Default
<B><font color = 'blue'> .</font></B>  -Default
<B><font color = 'blue'> .</font></B>  -Absent
<B><font color = 'blue'> .</font></B>  -Absent
<B><font color = 'blue'> .</font></B>  -Absent
<B><font color = 'blue'> .</font></B>  -Absent
<B><font color = 'blue'> .</font></B>  -Absent
<B><font color = 'blue'> .</font></B>  -Absent
<B><font color = 'blue'> .</font></B>  -Absent
<B><font color = 'blue'> .</font></B>  -Absent
<B><font color = 'blue'> .</font></B>  -Absent
<B><font color = 'blue'> .</font></B>  -Absent
<B><font color = 'blue'> .</font></B>  -Absent
<B><font color = 'blue'> .</font></B>  -Usb Test 
<B><font color = 'blue'> .</font></B>  -usbtest123@gmail.com
<B><font color = 'blue'> .</font></B>  -emp0097
<B><font color = 'blue'> .</font></B>  -2022-11-02
<B><font color = 'blue'> .</font></B>  -Absent
<B><font color = 'blue'> .</font></B>  -Absent
<B><font color = 'blue'> .</font></B>  -undefined
<B><font color = 'blue'> .</font></B>  -Default
<B><font color = 'blue'> .</font></B>  -Default
<B><font color = 'blue'> .</font></B>  -Absent
<B><font color = 'blue'> .</font></B>  -Absent
<B><font color = 'blue'> .</font></B>  -Absent
<B><font color = 'blue'> .</font></B>  -Absent
<B><font color = 'blue'> .</font></B>  -Absent
<B><font color = 'blue'> .</font></B>  -Absent
<B><font color = 'blue'> .</font></B>  -Absent
<B><font color = 'blue'> .</font></B>  -Absent
<B><font color = 'blue'> .</font></B>  -Absent
<B><font color = 'blue'> .</font></B>  -Absent
<B><font color = 'blue'> .</font></B>  -Absent
<B><font color = 'blue'> .</font></B>  -SS Keystrokes 
<B><font color = 'blue'> .</font></B>  -sskey@gmail.com
<B><font color = 'blue'> .</font></B>  -emp98y
<B><font color = 'blue'> .</font></B>  -2022-11-02
<B><font color = 'blue'> .</font></B>  -Absent
<B><font color = 'blue'> .</font></B>  -Absent
<B><font color = 'blue'> .</font></B>  -undefined
<B><font color = 'blue'> .</font></B>  -Default
<B><font color = 'blue'> .</font></B>  -Default
<B><font color = 'blue'> .</font></B>  -Absent
<B><font color = 'blue'> .</font></B>  -Absent
<B><font color = 'blue'> .</font></B>  -Absent
<B><font color = 'blue'> .</font></B>  -Absent
<B><font color = 'blue'> .</font></B>  -Absent
<B><font color = 'blue'> .</font></B>  -Absent
<B><font color = 'blue'> .</font></B>  -Absent
<B><font color = 'blue'> .</font></B>  -Absent
<B><font color = 'blue'> .</font></B>  -Absent
<B><font color = 'blue'> .</font></B>  -Absent
<B><font color = 'blue'> .</font></B>  -Absent
<B><font color = 'blue'> .</font></B>  -shivammmmmmmmmmmmmmmmmmmm Kumar 
<B><font color = 'blue'> .</font></B>  -kgfyash545@gmail.com
<B><font color = 'blue'> .</font></B>  -hsakhdjk414
<B><font color = 'blue'> .</font></B>  -2022-11-02
<B><font color = 'blue'> .</font></B>  -Absent
<B><font color = 'blue'> .</font></B>  -Absent
<B><font color = 'blue'> .</font></B>  -undefined
<B><font color = 'blue'> .</font></B>  -Default
<B><font color = 'blue'> .</font></B>  -Default
<B><font color = 'blue'> .</font></B>  -Absent
<B><font color = 'blue'> .</font></B>  -Absent
<B><font color = 'blue'> .</font></B>  -Absent
<B><font color = 'blue'> .</font></B>  -Absent
<B><font color = 'blue'> .</font></B>  -Absent
<B><font color = 'blue'> .</font></B>  -Absent
<B><font color = 'blue'> .</font></B>  -Absent
<B><font color = 'blue'> .</font></B>  -Absent
<B><font color = 'blue'> .</font></B>  -Absent
<B><font color = 'blue'> .</font></B>  -Absent
<B><font color = 'blue'> .</font></B>  -Absent
<B><font color = 'blue'> .</font></B>  -Abhishek Four tf test 
<B><font color = 'blue'> .</font></B>  -abhishekfourtf@mail.com
<B><font color = 'blue'> .</font></B>  -HLIKSJ98
<B><font color = 'blue'> .</font></B>  -2022-11-02
<B><font color = 'blue'> .</font></B>  -Absent
<B><font color = 'blue'> .</font></B>  -Absent
<B><font color = 'blue'> .</font></B>  -undefined
<B><font color = 'blue'> .</font></B>  -Default
<B><font color = 'blue'> .</font></B>  -Default
<B><font color = 'blue'> .</font></B>  -Absent
<B><font color = 'blue'> .</font></B>  -Absent
<B><font color = 'blue'> .</font></B>  -Absent
<B><font color = 'blue'> .</font></B>  -Absent
<B><font color = 'blue'> .</font></B>  -Absent
<B><font color = 'blue'> .</font></B>  -Absent
<B><font color = 'blue'> .</font></B>  -Absent
<B><font color = 'blue'> .</font></B>  -Absent
<B><font color = 'blue'> .</font></B>  -Absent
<B><font color = 'blue'> .</font></B>  -Absent
<B><font color = 'blue'> .</font></B>  -Absent
<B><font color = 'blue'> .</font></B>  -new dev user 
<B><font color = 'blue'> .</font></B>  -new@dev.user
<B><font color = 'blue'> .</font></B>  -fdfsfsd
<B><font color = 'blue'> .</font></B>  -2022-11-02
<B><font color = 'blue'> .</font></B>  -Absent
<B><font color = 'blue'> .</font></B>  -Absent
<B><font color = 'blue'> .</font></B>  -undefined
<B><font color = 'blue'> .</font></B>  -Default
<B><font color = 'blue'> .</font></B>  -Default
<B><font color = 'blue'> .</font></B>  -Absent
<B><font color = 'blue'> .</font></B>  -Absent
<B><font color = 'blue'> .</font></B>  -Absent
<B><font color = 'blue'> .</font></B>  -Absent
<B><font color = 'blue'> .</font></B>  -Absent
<B><font color = 'blue'> .</font></B>  -Absent
<B><font color = 'blue'> .</font></B>  -Absent
<B><font color = 'blue'> .</font></B>  -Absent
<B><font color = 'blue'> .</font></B>  -Absent
<B><font color = 'blue'> .</font></B>  -Absent
<B><font color = 'blue'> .</font></B>  -Absent
<B><font color = 'blue'> .</font></B>  -aaaaaaaaaa aaaaaaaaa 
<B><font color = 'blue'> .</font></B>  -mmmm@gmail.com
<B><font color = 'blue'> .</font></B>  -80765s
<B><font color = 'blue'> .</font></B>  -2022-11-02
<B><font color = 'blue'> .</font></B>  -Absent
<B><font color = 'blue'> .</font></B>  -Absent
<B><font color = 'blue'> .</font></B>  -undefined
<B><font color = 'blue'> .</font></B>  -Bangalore
<B><font color = 'blue'> .</font></B>  -Testing
<B><font color = 'blue'> .</font></B>  -Absent
<B><font color = 'blue'> .</font></B>  -Absent
<B><font color = 'blue'> .</font></B>  -Absent
<B><font color = 'blue'> .</font></B>  -Absent
<B><font color = 'blue'> .</font></B>  -Absent
<B><font color = 'blue'> .</font></B>  -Absent
<B><font color = 'blue'> .</font></B>  -Absent
<B><font color = 'blue'> .</font></B>  -Absent
<B><font color = 'blue'> .</font></B>  -Absent
<B><font color = 'blue'> .</font></B>  -Absent
<B><font color = 'blue'> .</font></B>  -Absent
<B><font color = 'blue'> .</font></B>  -sumesh test 
<B><font color = 'blue'> .</font></B>  -sumesh@mail.com
<B><font color = 'blue'> .</font></B>  -fdgfdgf
<B><font color = 'blue'> .</font></B>  -2022-11-02
<B><font color = 'blue'> .</font></B>  -Absent
<B><font color = 'blue'> .</font></B>  -Absent
<B><font color = 'blue'> .</font></B>  -undefined
<B><font color = 'blue'> .</font></B>  -Bangalore
<B><font color = 'blue'> .</font></B>  -Testing
<B><font color = 'blue'> .</font></B>  -Absent
<B><font color = 'blue'> .</font></B>  -Absent
<B><font color = 'blue'> .</font></B>  -Absent
<B><font color = 'blue'> .</font></B>  -Absent
<B><font color = 'blue'> .</font></B>  -Absent
<B><font color = 'blue'> .</font></B>  -Absent
<B><font color = 'blue'> .</font></B>  -Absent
<B><font color = 'blue'> .</font></B>  -Absent
<B><font color = 'blue'> .</font></B>  -Absent
<B><font color = 'blue'> .</font></B>  -Absent
<B><font color = 'blue'> .</font></B>  -Absent
<B><font color = 'blue'> .</font></B>  -Test msc 
<B><font color = 'blue'> .</font></B>  -test123@gmail.com
<B><font color = 'blue'> .</font></B>  -12254
<B><font color = 'blue'> .</font></B>  -2022-11-02
<B><font color = 'blue'> .</font></B>  -Absent
<B><font color = 'blue'> .</font></B>  -Absent
<B><font color = 'blue'> .</font></B>  -undefined
<B><font color = 'blue'> .</font></B>  -Bangalore
<B><font color = 'blue'> .</font></B>  -Testing
<B><font color = 'blue'> .</font></B>  -Absent
<B><font color = 'blue'> .</font></B>  -Absent
<B><font color = 'blue'> .</font></B>  -Absent
<B><font color = 'blue'> .</font></B>  -Absent
<B><font color = 'blue'> .</font></B>  -Absent
<B><font color = 'blue'> .</font></B>  -Absent
<B><font color = 'blue'> .</font></B>  -Absent
<B><font color = 'blue'> .</font></B>  -Absent
<B><font color = 'blue'> .</font></B>  -Absent
<B><font color = 'blue'> .</font></B>  -Absent
<B><font color = 'blue'> .</font></B>  -Absent
<B><font color = 'blue'> .</font></B>  -deffdfds vscsc 
<B><font color = 'blue'> .</font></B>  -cscsdw123@gmail.com
<B><font color = 'blue'> .</font></B>  -1234512
<B><font color = 'blue'> .</font></B>  -2022-11-02
<B><font color = 'blue'> .</font></B>  -Absent
<B><font color = 'blue'> .</font></B>  -Absent
<B><font color = 'blue'> .</font></B>  -undefined
<B><font color = 'blue'> .</font></B>  -Bangalore
<B><font color = 'blue'> .</font></B>  -Testing
<B><font color = 'blue'> .</font></B>  -Absent
<B><font color = 'blue'> .</font></B>  -Absent
<B><font color = 'blue'> .</font></B>  -Absent
<B><font color = 'blue'> .</font></B>  -Absent
<B><font color = 'blue'> .</font></B>  -Absent
<B><font color = 'blue'> .</font></B>  -Absent
<B><font color = 'blue'> .</font></B>  -Absent
<B><font color = 'blue'> .</font></B>  -Absent
<B><font color = 'blue'> .</font></B>  -Absent
<B><font color = 'blue'> .</font></B>  -Absent
<B><font color = 'blue'> .</font></B>  -Absent
<B><font color = 'blue'> .</font></B>  -test testtt 
<B><font color = 'blue'> .</font></B>  -abcd@gmail.com
<B><font color = 'blue'> .</font></B>  -GLB55
<B><font color = 'blue'> .</font></B>  -2022-11-02
<B><font color = 'blue'> .</font></B>  -Absent
<B><font color = 'blue'> .</font></B>  -Absent
<B><font color = 'blue'> .</font></B>  -undefined
<B><font color = 'blue'> .</font></B>  -Bangalore
<B><font color = 'blue'> .</font></B>  -Testing
<B><font color = 'blue'> .</font></B>  -Absent
<B><font color = 'blue'> .</font></B>  -Absent
<B><font color = 'blue'> .</font></B>  -Absent
<B><font color = 'blue'> .</font></B>  -Absent
<B><font color = 'blue'> .</font></B>  -Absent
<B><font color = 'blue'> .</font></B>  -Absent
<B><font color = 'blue'> .</font></B>  -Absent
<B><font color = 'blue'> .</font></B>  -Absent
<B><font color = 'blue'> .</font></B>  -Absent
<B><font color = 'blue'> .</font></B>  -Absent
<B><font color = 'blue'> .</font></B>  -Absent
<B><font color = 'blue'> .</font></B>  -Abhishe tt 
<B><font color = 'blue'> .</font></B>  -ab@ab.com
<B><font color = 'blue'> .</font></B>  -GKD567
<B><font color = 'blue'> .</font></B>  -2022-11-02
<B><font color = 'blue'> .</font></B>  -Absent
<B><font color = 'blue'> .</font></B>  -Absent
<B><font color = 'blue'> .</font></B>  -undefined
<B><font color = 'blue'> .</font></B>  -Bangalore
<B><font color = 'blue'> .</font></B>  -Testing
<B><font color = 'blue'> .</font></B>  -Absent
<B><font color = 'blue'> .</font></B>  -Absent
<B><font color = 'blue'> .</font></B>  -Absent
<B><font color = 'blue'> .</font></B>  -Absent
<B><font color = 'blue'> .</font></B>  -Absent
<B><font color = 'blue'> .</font></B>  -Absent
<B><font color = 'blue'> .</font></B>  -Absent
<B><font color = 'blue'> .</font></B>  -Absent
<B><font color = 'blue'> .</font></B>  -Absent
<B><font color = 'blue'> .</font></B>  -Absent
<B><font color = 'blue'> .</font></B>  -Absent
<B><font color = 'blue'> .</font></B>  -test nonadmin 
<B><font color = 'blue'> .</font></B>  -testnonadmin@gmail.com
<B><font color = 'blue'> .</font></B>  -GLB026
<B><font color = 'blue'> .</font></B>  -2022-11-02
<B><font color = 'blue'> .</font></B>  -Absent
<B><font color = 'blue'> .</font></B>  -Absent
<B><font color = 'blue'> .</font></B>  -undefined
<B><font color = 'blue'> .</font></B>  -Bangalore
<B><font color = 'blue'> .</font></B>  -Php
<B><font color = 'blue'> .</font></B>  -Absent
<B><font color = 'blue'> .</font></B>  -Absent
<B><font color = 'blue'> .</font></B>  -Absent
<B><font color = 'blue'> .</font></B>  -Absent
<B><font color = 'blue'> .</font></B>  -Absent
<B><font color = 'blue'> .</font></B>  -Absent
<B><font color = 'blue'> .</font></B>  -Absent
<B><font color = 'blue'> .</font></B>  -Absent
<B><font color = 'blue'> .</font></B>  -Absent
<B><font color = 'blue'> .</font></B>  -Absent
<B><font color = 'blue'> .</font></B>  -Absent
<B><font color = 'blue'> .</font></B>  -adg ckj 
<B><font color = 'blue'> .</font></B>  -adcs@1234
<B><font color = 'blue'> .</font></B>  -583
<B><font color = 'blue'> .</font></B>  -2022-11-02
<B><font color = 'blue'> .</font></B>  -Absent
<B><font color = 'blue'> .</font></B>  -Absent
<B><font color = 'blue'> .</font></B>  -undefined
<B><font color = 'blue'> .</font></B>  -Bangalore
<B><font color = 'blue'> .</font></B>  -Testing
<B><font color = 'blue'> .</font></B>  -Absent
<B><font color = 'blue'> .</font></B>  -Absent
<B><font color = 'blue'> .</font></B>  -Absent
<B><font color = 'blue'> .</font></B>  -Absent
<B><font color = 'blue'> .</font></B>  -Absent
<B><font color = 'blue'> .</font></B>  -Absent
<B><font color = 'blue'> .</font></B>  -Absent
<B><font color = 'blue'> .</font></B>  -Absent
<B><font color = 'blue'> .</font></B>  -Absent
<B><font color = 'blue'> .</font></B>  -Absent
<B><font color = 'blue'> .</font></B>  -Absent
<B><font color = 'blue'> .</font></B>  -dominic toretto 
<B><font color = 'blue'> .</font></B>  -dom.toretto737@gmail.com
<B><font color = 'blue'> .</font></B>  -EMP011
<B><font color = 'blue'> .</font></B>  -2022-11-02
<B><font color = 'blue'> .</font></B>  -Absent
<B><font color = 'blue'> .</font></B>  -Absent
<B><font color = 'blue'> .</font></B>  -undefined
<B><font color = 'blue'> .</font></B>  -Bangalore
<B><font color = 'blue'> .</font></B>  -Testing
<B><font color = 'blue'> .</font></B>  -Absent
<B><font color = 'blue'> .</font></B>  -Absent
<B><font color = 'blue'> .</font></B>  -Absent
<B><font color = 'blue'> .</font></B>  -Absent
<B><font color = 'blue'> .</font></B>  -Absent
<B><font color = 'blue'> .</font></B>  -Absent
<B><font color = 'blue'> .</font></B>  -Absent
<B><font color = 'blue'> .</font></B>  -Absent
<B><font color = 'blue'> .</font></B>  -Absent
<B><font color = 'blue'> .</font></B>  -Absent
<B><font color = 'blue'> .</font></B>  -Absent
<B><font color = 'blue'> .</font></B>  -Abhishek Test 
<B><font color = 'blue'> .</font></B>  -abhishektrest@glb.in
<B><font color = 'blue'> .</font></B>  -rN7tvEiDPGNi4fD
<B><font color = 'blue'> .</font></B>  -2022-11-02
<B><font color = 'blue'> .</font></B>  -Absent
<B><font color = 'blue'> .</font></B>  -Absent
<B><font color = 'blue'> .</font></B>  -undefined
<B><font color = 'blue'> .</font></B>  -Bangalore
<B><font color = 'blue'> .</font></B>  -Php
<B><font color = 'blue'> .</font></B>  -Absent
<B><font color = 'blue'> .</font></B>  -Absent
<B><font color = 'blue'> .</font></B>  -Absent
<B><font color = 'blue'> .</font></B>  -Absent
<B><font color = 'blue'> .</font></B>  -Absent
<B><font color = 'blue'> .</font></B>  -Absent
<B><font color = 'blue'> .</font></B>  -Absent
<B><font color = 'blue'> .</font></B>  -Absent
<B><font color = 'blue'> .</font></B>  -Absent
<B><font color = 'blue'> .</font></B>  -Absent
<B><font color = 'blue'> .</font></B>  -Absent
<B><font color = 'blue'> .</font></B>  -test testw 
<B><font color = 'blue'> .</font></B>  -test@mac.in
<B><font color = 'blue'> .</font></B>  -aaf123
<B><font color = 'blue'> .</font></B>  -2022-11-02
<B><font color = 'blue'> .</font></B>  -Absent
<B><font color = 'blue'> .</font></B>  -Absent
<B><font color = 'blue'> .</font></B>  -undefined
<B><font color = 'blue'> .</font></B>  -Bangalore
<B><font color = 'blue'> .</font></B>  -Php
<B><font color = 'blue'> .</font></B>  -Absent
<B><font color = 'blue'> .</font></B>  -Absent
<B><font color = 'blue'> .</font></B>  -Absent
<B><font color = 'blue'> .</font></B>  -Absent
<B><font color = 'blue'> .</font></B>  -Absent
<B><font color = 'blue'> .</font></B>  -Absent
<B><font color = 'blue'> .</font></B>  -Absent
<B><font color = 'blue'> .</font></B>  -Absent
<B><font color = 'blue'> .</font></B>  -Absent
<B><font color = 'blue'> .</font></B>  -Absent
<B><font color = 'blue'> .</font></B>  -Absent
<B><font color = 'blue'> .</font></B>  -Test test 
<B><font color = 'blue'> .</font></B>  -sarikajain@gmail.com
<B><font color = 'blue'> .</font></B>  -E-101
<B><font color = 'blue'> .</font></B>  -2022-11-02
<B><font color = 'blue'> .</font></B>  -Absent
<B><font color = 'blue'> .</font></B>  -Absent
<B><font color = 'blue'> .</font></B>  -undefined
<B><font color = 'blue'> .</font></B>  -Bangalore
<B><font color = 'blue'> .</font></B>  -Testing
<B><font color = 'blue'> .</font></B>  -Absent
<B><font color = 'blue'> .</font></B>  -Absent
<B><font color = 'blue'> .</font></B>  -Absent
<B><font color = 'blue'> .</font></B>  -Absent
<B><font color = 'blue'> .</font></B>  -Absent
<B><font color = 'blue'> .</font></B>  -Absent
<B><font color = 'blue'> .</font></B>  -Absent
<B><font color = 'blue'> .</font></B>  -Absent
<B><font color = 'blue'> .</font></B>  -Absent
<B><font color = 'blue'> .</font></B>  -Absent
<B><font color = 'blue'> .</font></B>  -Absent
<B><font color = 'blue'> .</font></B>  -test123 abcd 
<B><font color = 'blue'> .</font></B>  -s@gmail.com
<B><font color = 'blue'> .</font></B>  -code123z
<B><font color = 'blue'> .</font></B>  -2022-11-02
<B><font color = 'blue'> .</font></B>  -Absent
<B><font color = 'blue'> .</font></B>  -Absent
<B><font color = 'blue'> .</font></B>  -undefined
<B><font color = 'blue'> .</font></B>  -Bangalore
<B><font color = 'blue'> .</font></B>  -Testing
<B><font color = 'blue'> .</font></B>  -Absent
<B><font color = 'blue'> .</font></B>  -Absent
<B><font color = 'blue'> .</font></B>  -Absent
<B><font color = 'blue'> .</font></B>  -Absent
<B><font color = 'blue'> .</font></B>  -Absent
<B><font color = 'blue'> .</font></B>  -Absent
<B><font color = 'blue'> .</font></B>  -Absent
<B><font color = 'blue'> .</font></B>  -Absent
<B><font color = 'blue'> .</font></B>  -Absent
<B><font color = 'blue'> .</font></B>  -Absent
<B><font color = 'blue'> .</font></B>  -Absent
<B><font color = 'blue'> .</font></B>  -testing test 
<B><font color = 'blue'> .</font></B>  -aarshajoyson1601@gmail.com
<B><font color = 'blue'> .</font></B>  -glb0008
<B><font color = 'blue'> .</font></B>  -2022-11-02
<B><font color = 'blue'> .</font></B>  -Absent
<B><font color = 'blue'> .</font></B>  -Absent
<B><font color = 'blue'> .</font></B>  -undefined
<B><font color = 'blue'> .</font></B>  -Bangalore
<B><font color = 'blue'> .</font></B>  -Php
<B><font color = 'blue'> .</font></B>  -Absent
<B><font color = 'blue'> .</font></B>  -Absent
<B><font color = 'blue'> .</font></B>  -Absent
<B><font color = 'blue'> .</font></B>  -Absent
<B><font color = 'blue'> .</font></B>  -Absent
<B><font color = 'blue'> .</font></B>  -Absent
<B><font color = 'blue'> .</font></B>  -Absent
<B><font color = 'blue'> .</font></B>  -Absent
<B><font color = 'blue'> .</font></B>  -Absent
<B><font color = 'blue'> .</font></B>  -Absent
<B><font color = 'blue'> .</font></B>  -Absent
<B><font color = 'blue'> .</font></B>  -Automation CodeeeAuto 
<B><font color = 'blue'> .</font></B>  -skabcdef7@gmail.com
<B><font color = 'blue'> .</font></B>  -Emp-Abzcde-1234522
<B><font color = 'blue'> .</font></B>  -2022-11-02
<B><font color = 'blue'> .</font></B>  -Absent
<B><font color = 'blue'> .</font></B>  -Absent
<B><font color = 'blue'> .</font></B>  -undefined
<B><font color = 'blue'> .</font></B>  -Bangalore
<B><font color = 'blue'> .</font></B>  -Testing
<B><font color = 'blue'> .</font></B>  -Absent
<B><font color = 'blue'> .</font></B>  -Absent
<B><font color = 'blue'> .</font></B>  -Absent
<B><font color = 'blue'> .</font></B>  -Absent
<B><font color = 'blue'> .</font></B>  -Absent
<B><font color = 'blue'> .</font></B>  -Absent
<B><font color = 'blue'> .</font></B>  -Absent
<B><font color = 'blue'> .</font></B>  -Absent
<B><font color = 'blue'> .</font></B>  -Absent
<B><font color = 'blue'> .</font></B>  -Absent
<B><font color = 'blue'> .</font></B>  -Absent
<B><font color = 'blue'> .</font></B>  -piyush dfgsfg 
<B><font color = 'blue'> .</font></B>  -jos@gmail.com
<B><font color = 'blue'> .</font></B>  -sdgff
<B><font color = 'blue'> .</font></B>  -2022-11-02
<B><font color = 'blue'> .</font></B>  -Absent
<B><font color = 'blue'> .</font></B>  -Absent
<B><font color = 'blue'> .</font></B>  -undefined
<B><font color = 'blue'> .</font></B>  -Bangalore
<B><font color = 'blue'> .</font></B>  -Testing
<B><font color = 'blue'> .</font></B>  -Absent
<B><font color = 'blue'> .</font></B>  -Absent
<B><font color = 'blue'> .</font></B>  -Absent
<B><font color = 'blue'> .</font></B>  -Absent
<B><font color = 'blue'> .</font></B>  -Absent
<B><font color = 'blue'> .</font></B>  -Absent
<B><font color = 'blue'> .</font></B>  -Absent
<B><font color = 'blue'> .</font></B>  -Absent
<B><font color = 'blue'> .</font></B>  -Absent
<B><font color = 'blue'> .</font></B>  -Absent
<B><font color = 'blue'> .</font></B>  -Absent
<B><font color = 'blue'> .</font></B>  -Aryan raj 
<B><font color = 'blue'> .</font></B>  -alex@gmail.com
<B><font color = 'blue'> .</font></B>  -126
<B><font color = 'blue'> .</font></B>  -2022-11-02
<B><font color = 'blue'> .</font></B>  -Absent
<B><font color = 'blue'> .</font></B>  -Absent
<B><font color = 'blue'> .</font></B>  -undefined
<B><font color = 'blue'> .</font></B>  -Bangalore
<B><font color = 'blue'> .</font></B>  -Testing
<B><font color = 'blue'> .</font></B>  -Absent
<B><font color = 'blue'> .</font></B>  -Absent
<B><font color = 'blue'> .</font></B>  -Absent
<B><font color = 'blue'> .</font></B>  -Absent
<B><font color = 'blue'> .</font></B>  -Absent
<B><font color = 'blue'> .</font></B>  -Absent
<B><font color = 'blue'> .</font></B>  -Absent
<B><font color = 'blue'> .</font></B>  -Absent
<B><font color = 'blue'> .</font></B>  -Absent
<B><font color = 'blue'> .</font></B>  -Absent
<B><font color = 'blue'> .</font></B>  -Absent
<B><font color = 'blue'> .</font></B>  -Automation CodeeeAuto 
<B><font color = 'blue'> .</font></B>  -skabcdef38@gmail.com
<B><font color = 'blue'> .</font></B>  -Emp-Abzcde-123457
<B><font color = 'blue'> .</font></B>  -2022-11-02
<B><font color = 'blue'> .</font></B>  -Absent
<B><font color = 'blue'> .</font></B>  -Absent
<B><font color = 'blue'> .</font></B>  -undefined
<B><font color = 'blue'> .</font></B>  -Bangalore
<B><font color = 'blue'> .</font></B>  -Testing
<B><font color = 'blue'> .</font></B>  -Absent
<B><font color = 'blue'> .</font></B>  -Absent
<B><font color = 'blue'> .</font></B>  -Absent
<B><font color = 'blue'> .</font></B>  -Absent
<B><font color = 'blue'> .</font></B>  -Absent
<B><font color = 'blue'> .</font></B>  -Absent
<B><font color = 'blue'> .</font></B>  -Absent
<B><font color = 'blue'> .</font></B>  -Absent
<B><font color = 'blue'> .</font></B>  -Absent
<B><font color = 'blue'> .</font></B>  -Absent
<B><font color = 'blue'> .</font></B>  -Absent
<B><font color = 'blue'> .</font></B>  -Automation CodeeeAuto 
<B><font color = 'blue'> .</font></B>  -skabcdef33@gmail.com
<B><font color = 'blue'> .</font></B>  -Emp-Abzcde-1234557
<B><font color = 'blue'> .</font></B>  -2022-11-02
<B><font color = 'blue'> .</font></B>  -Absent
<B><font color = 'blue'> .</font></B>  -Absent
<B><font color = 'blue'> .</font></B>  -undefined
<B><font color = 'blue'> .</font></B>  -Bangalore
<B><font color = 'blue'> .</font></B>  -Testing
<B><font color = 'blue'> .</font></B>  -Absent
<B><font color = 'blue'> .</font></B>  -Absent
<B><font color = 'blue'> .</font></B>  -Absent
<B><font color = 'blue'> .</font></B>  -Absent
<B><font color = 'blue'> .</font></B>  -Absent
<B><font color = 'blue'> .</font></B>  -Absent
<B><font color = 'blue'> .</font></B>  -Absent
<B><font color = 'blue'> .</font></B>  -Absent
<B><font color = 'blue'> .</font></B>  -Absent
<B><font color = 'blue'> .</font></B>  -Absent
<B><font color = 'blue'> .</font></B>  -Absent
<B><font color = 'blue'> .</font></B>  -D Surya Prabhakar 
<B><font color = 'blue'> .</font></B>  -surya1@gmail.com
<B><font color = 'blue'> .</font></B>  -EM010
<B><font color = 'blue'> .</font></B>  -2022-11-02
<B><font color = 'blue'> .</font></B>  -Absent
<B><font color = 'blue'> .</font></B>  -Absent
<B><font color = 'blue'> .</font></B>  -undefined
<B><font color = 'blue'> .</font></B>  -bengaluru
<B><font color = 'blue'> .</font></B>  -Testing
<B><font color = 'blue'> .</font></B>  -Absent
<B><font color = 'blue'> .</font></B>  -Absent
<B><font color = 'blue'> .</font></B>  -Absent
<B><font color = 'blue'> .</font></B>  -Absent
<B><font color = 'blue'> .</font></B>  -Absent
<B><font color = 'blue'> .</font></B>  -Absent
<B><font color = 'blue'> .</font></B>  -Absent
<B><font color = 'blue'> .</font></B>  -Absent
<B><font color = 'blue'> .</font></B>  -Absent
<B><font color = 'blue'> .</font></B>  -Absent
<B><font color = 'blue'> .</font></B>  -Absent
<B><font color = 'blue'> .</font></B>  -R o       hit Sharma 
<B><font color = 'blue'> .</font></B>  -rahulrajt5613928@gmail.com
<B><font color = 'blue'> .</font></B>  -67645
<B><font color = 'blue'> .</font></B>  -2022-11-02
<B><font color = 'blue'> .</font></B>  -Absent
<B><font color = 'blue'> .</font></B>  -Absent
<B><font color = 'blue'> .</font></B>  -undefined
<B><font color = 'blue'> .</font></B>  -bengaluru
<B><font color = 'blue'> .</font></B>  -Testing
<B><font color = 'blue'> .</font></B>  -Absent
<B><font color = 'blue'> .</font></B>  -Absent
<B><font color = 'blue'> .</font></B>  -Absent
<B><font color = 'blue'> .</font></B>  -Absent
<B><font color = 'blue'> .</font></B>  -Absent
<B><font color = 'blue'> .</font></B>  -Absent
<B><font color = 'blue'> .</font></B>  -Absent
<B><font color = 'blue'> .</font></B>  -Absent
<B><font color = 'blue'> .</font></B>  -Absent
<B><font color = 'blue'> .</font></B>  -Absent
<B><font color = 'blue'> .</font></B>  -Absent
<B><font color = 'blue'> .</font></B>  -ni test 
<B><font color = 'blue'> .</font></B>  -nitest12@gmail.com
<B><font color = 'blue'> .</font></B>  -GLB678
<B><font color = 'blue'> .</font></B>  -2022-11-02
<B><font color = 'blue'> .</font></B>  -Absent
<B><font color = 'blue'> .</font></B>  -Absent
<B><font color = 'blue'> .</font></B>  -undefined
<B><font color = 'blue'> .</font></B>  -bengaluru
<B><font color = 'blue'> .</font></B>  -Testing
<B><font color = 'blue'> .</font></B>  -Absent
<B><font color = 'blue'> .</font></B>  -Absent
<B><font color = 'blue'> .</font></B>  -Absent
<B><font color = 'blue'> .</font></B>  -Absent
<B><font color = 'blue'> .</font></B>  -Absent
<B><font color = 'blue'> .</font></B>  -Absent
<B><font color = 'blue'> .</font></B>  -Absent
<B><font color = 'blue'> .</font></B>  -Absent
<B><font color = 'blue'> .</font></B>  -Absent
<B><font color = 'blue'> .</font></B>  -Absent
<B><font color = 'blue'> .</font></B>  -Absent
<B><font color = 'blue'> .</font></B>  -one test 
<B><font color = 'blue'> .</font></B>  -testone1234@gmail.com
<B><font color = 'blue'> .</font></B>  -0110
<B><font color = 'blue'> .</font></B>  -2022-11-02
<B><font color = 'blue'> .</font></B>  -Absent
<B><font color = 'blue'> .</font></B>  -Absent
<B><font color = 'blue'> .</font></B>  -undefined
<B><font color = 'blue'> .</font></B>  -bengaluru
<B><font color = 'blue'> .</font></B>  -Testing
<B><font color = 'blue'> .</font></B>  -Absent
<B><font color = 'blue'> .</font></B>  -Absent
<B><font color = 'blue'> .</font></B>  -Absent
<B><font color = 'blue'> .</font></B>  -Absent
<B><font color = 'blue'> .</font></B>  -Absent
<B><font color = 'blue'> .</font></B>  -Absent
<B><font color = 'blue'> .</font></B>  -Absent
<B><font color = 'blue'> .</font></B>  -Absent
<B><font color = 'blue'> .</font></B>  -Absent
<B><font color = 'blue'> .</font></B>  -Absent
<B><font color = 'blue'> .</font></B>  -Absent
<B><font color = 'blue'> .</font></B>  -GLB-BLR-010-PC - GLB-BLR-010 
<B><font color = 'blue'> .</font></B>  -abcd@yuksdgus
<B><font color = 'blue'> .</font></B>  -GLB-BLR-010
<B><font color = 'blue'> .</font></B>  -2022-11-02
<B><font color = 'blue'> .</font></B>  -Absent
<B><font color = 'blue'> .</font></B>  -Absent
<B><font color = 'blue'> .</font></B>  -undefined
<B><font color = 'blue'> .</font></B>  -bengaluru
<B><font color = 'blue'> .</font></B>  -Testing
<B><font color = 'blue'> .</font></B>  -Absent
<B><font color = 'blue'> .</font></B>  -Absent
<B><font color = 'blue'> .</font></B>  -Absent
<B><font color = 'blue'> .</font></B>  -Absent
<B><font color = 'blue'> .</font></B>  -Absent
<B><font color = 'blue'> .</font></B>  -Absent
<B><font color = 'blue'> .</font></B>  -Absent
<B><font color = 'blue'> .</font></B>  -Absent
<B><font color = 'blue'> .</font></B>  -Absent
<B><font color = 'blue'> .</font></B>  -Absent
<B><font color = 'blue'> .</font></B>  -Absent
<B><font color = 'blue'> .</font></B>  -surya kk 
<B><font color = 'blue'> .</font></B>  -123@gmail.com
<B><font color = 'blue'> .</font></B>  -mmmmm
<B><font color = 'blue'> .</font></B>  -2022-11-02
<B><font color = 'blue'> .</font></B>  -Absent
<B><font color = 'blue'> .</font></B>  -Absent
<B><font color = 'blue'> .</font></B>  -undefined
<B><font color = 'blue'> .</font></B>  -Tamilnadu
<B><font color = 'blue'> .</font></B>  -Test and Dev
<B><font color = 'blue'> .</font></B>  -Absent
<B><font color = 'blue'> .</font></B>  -Absent
<B><font color = 'blue'> .</font></B>  -Absent
<B><font color = 'blue'> .</font></B>  -Absent
<B><font color = 'blue'> .</font></B>  -Absent
<B><font color = 'blue'> .</font></B>  -Absent
<B><font color = 'blue'> .</font></B>  -Absent
<B><font color = 'blue'> .</font></B>  -Absent
<B><font color = 'blue'> .</font></B>  -Absent
<B><font color = 'blue'> .</font></B>  -Absent
<B><font color = 'blue'> .</font></B>  -Absent
<B><font color = 'blue'> .</font></B>  -sai kk 
<B><font color = 'blue'> .</font></B>  -saikk19876@gmail.com
<B><font color = 'blue'> .</font></B>  -20221019
<B><font color = 'blue'> .</font></B>  -2022-11-02
<B><font color = 'blue'> .</font></B>  -Absent
<B><font color = 'blue'> .</font></B>  -Absent
<B><font color = 'blue'> .</font></B>  -undefined
<B><font color = 'blue'> .</font></B>  -Tamilnadu
<B><font color = 'blue'> .</font></B>  -Test and Dev
<B><font color = 'blue'> .</font></B>  -Absent
<B><font color = 'blue'> .</font></B>  -Absent
<B><font color = 'blue'> .</font></B>  -Absent
<B><font color = 'blue'> .</font></B>  -Absent
<B><font color = 'blue'> .</font></B>  -Absent
<B><font color = 'blue'> .</font></B>  -Absent
<B><font color = 'blue'> .</font></B>  -Absent
<B><font color = 'blue'> .</font></B>  -Absent
<B><font color = 'blue'> .</font></B>  -Absent
<B><font color = 'blue'> .</font></B>  -Absent
<B><font color = 'blue'> .</font></B>  -Absent
<B><font color = 'blue'> .</font></B>  -ajeethemp test 
<B><font color = 'blue'> .</font></B>  -ajeethemp@gmail.com
<B><font color = 'blue'> .</font></B>  -A01
<B><font color = 'blue'> .</font></B>  -2022-11-02
<B><font color = 'blue'> .</font></B>  -Absent
<B><font color = 'blue'> .</font></B>  -Absent
<B><font color = 'blue'> .</font></B>  -undefined
<B><font color = 'blue'> .</font></B>  -Tamilnadu
<B><font color = 'blue'> .</font></B>  -Test and Dev
<B><font color = 'blue'> .</font></B>  -Absent
<B><font color = 'blue'> .</font></B>  -Absent
<B><font color = 'blue'> .</font></B>  -Absent
<B><font color = 'blue'> .</font></B>  -Absent
<B><font color = 'blue'> .</font></B>  -Absent
<B><font color = 'blue'> .</font></B>  -Absent
<B><font color = 'blue'> .</font></B>  -Absent
<B><font color = 'blue'> .</font></B>  -Absent
<B><font color = 'blue'> .</font></B>  -Absent
<B><font color = 'blue'> .</font></B>  -Absent
<B><font color = 'blue'> .</font></B>  -Absent
<B><font color = 'blue'> .</font></B>  -dxgfdxg gssdg 
<B><font color = 'blue'> .</font></B>  -sdgsg@dgksodkg.in
<B><font color = 'blue'> .</font></B>  -asfda343443
<B><font color = 'blue'> .</font></B>  -2022-11-02
<B><font color = 'blue'> .</font></B>  -Absent
<B><font color = 'blue'> .</font></B>  -Absent
<B><font color = 'blue'> .</font></B>  -undefined
<B><font color = 'blue'> .</font></B>  -Bhilai
<B><font color = 'blue'> .</font></B>  -Php
<B><font color = 'blue'> .</font></B>  -Absent
<B><font color = 'blue'> .</font></B>  -Absent
<B><font color = 'blue'> .</font></B>  -Absent
<B><font color = 'blue'> .</font></B>  -Absent
<B><font color = 'blue'> .</font></B>  -Absent
<B><font color = 'blue'> .</font></B>  -Absent
<B><font color = 'blue'> .</font></B>  -Absent
<B><font color = 'blue'> .</font></B>  -Absent
<B><font color = 'blue'> .</font></B>  -Absent
<B><font color = 'blue'> .</font></B>  -Absent
<B><font color = 'blue'> .</font></B>  -Absent
<B><font color = 'blue'> .</font></B>  -Guest User 
<B><font color = 'blue'> .</font></B>  -guestuser@gmail.com
<B><font color = 'blue'> .</font></B>  -GLB-777
<B><font color = 'blue'> .</font></B>  -2022-11-02
<B><font color = 'blue'> .</font></B>  -Absent
<B><font color = 'blue'> .</font></B>  -Absent
<B><font color = 'blue'> .</font></B>  -undefined
<B><font color = 'blue'> .</font></B>  -Bhilai
<B><font color = 'blue'> .</font></B>  -Php
<B><font color = 'blue'> .</font></B>  -Absent
<B><font color = 'blue'> .</font></B>  -Absent
<B><font color = 'blue'> .</font></B>  -Absent
<B><font color = 'blue'> .</font></B>  -Absent
<B><font color = 'blue'> .</font></B>  -Absent
<B><font color = 'blue'> .</font></B>  -Absent
<B><font color = 'blue'> .</font></B>  -Absent
<B><font color = 'blue'> .</font></B>  -Absent
<B><font color = 'blue'> .</font></B>  -Absent
<B><font color = 'blue'> .</font></B>  -Absent
<B><font color = 'blue'> .</font></B>  -Absent
<B><font color = 'blue'> .</font></B>  -dominic toretto 
<B><font color = 'blue'> .</font></B>  -dom.toretto737@gmail.com
<B><font color = 'blue'> .</font></B>  -EMP011
<B><font color = 'blue'> .</font></B>  -2022-11-01
<B><font color = 'blue'> .</font></B>  -01-11-2022 15:19:17
<B><font color = 'blue'> .</font></B>  -01-11-2022 15:19:18
<B><font color = 'blue'> .</font></B>  -GLB-110-PC
<B><font color = 'blue'> .</font></B>  -Bangalore
<B><font color = 'blue'> .</font></B>  -Testing
<B><font color = 'blue'> .</font></B>  -00:00:01
<B><font color = 'blue'> .</font></B>  -00:00:00
<B><font color = 'blue'> .</font></B>  -00:00:00
<B><font color = 'blue'> .</font></B>  -00:00:00
<B><font color = 'blue'> .</font></B>  -00:00:00
<B><font color = 'blue'> .</font></B>  -00:00:00
<B><font color = 'blue'> .</font></B>  -00:00:00
<B><font color = 'blue'> .</font></B>  -00:00:01
<B><font color = 'blue'> .</font></B>  -0.00%
<B><font color = 'blue'> .</font></B>  --480:00
<B><font color = 'blue'> .</font></B>  -0.00
<B><font color = 'blue'> .</font></B>  -ni test 
<B><font color = 'blue'> .</font></B>  -nitest12@gmail.com
<B><font color = 'blue'> .</font></B>  -GLB678
<B><font color = 'blue'> .</font></B>  -2022-11-01
<B><font color = 'blue'> .</font></B>  -01-11-2022 15:48:04
<B><font color = 'blue'> .</font></B>  -01-11-2022 15:48:05
<B><font color = 'blue'> .</font></B>  -GLB-124-PC
<B><font color = 'blue'> .</font></B>  -bengaluru
<B><font color = 'blue'> .</font></B>  -Testing
<B><font color = 'blue'> .</font></B>  -00:00:01
<B><font color = 'blue'> .</font></B>  -00:00:00
<B><font color = 'blue'> .</font></B>  -00:00:00
<B><font color = 'blue'> .</font></B>  -00:00:00
<B><font color = 'blue'> .</font></B>  -00:00:00
<B><font color = 'blue'> .</font></B>  -00:00:00
<B><font color = 'blue'> .</font></B>  -00:00:00
<B><font color = 'blue'> .</font></B>  -00:00:01
<B><font color = 'blue'> .</font></B>  -0.00%
<B><font color = 'blue'> .</font></B>  --480:00
<B><font color = 'blue'> .</font></B>  -0.00
<B><font color = 'blue'> .</font></B>  -sithu kalluru 
<B><font color = 'blue'> .</font></B>  -sitaramireddy@globussoft.in
<B><font color = 'blue'> .</font></B>  -code12
<B><font color = 'blue'> .</font></B>  -2022-11-01
<B><font color = 'blue'> .</font></B>  -01-11-2022 16:14:32
<B><font color = 'blue'> .</font></B>  -01-11-2022 16:17:32
<B><font color = 'blue'> .</font></B>  -DESKTOP-PJJHB19
<B><font color = 'blue'> .</font></B>  -Bangalore
<B><font color = 'blue'> .</font></B>  -Testing
<B><font color = 'blue'> .</font></B>  -00:03:00
<B><font color = 'blue'> .</font></B>  -00:00:00
<B><font color = 'blue'> .</font></B>  -00:00:00
<B><font color = 'blue'> .</font></B>  -00:00:00
<B><font color = 'blue'> .</font></B>  -00:00:00
<B><font color = 'blue'> .</font></B>  -00:00:00
<B><font color = 'blue'> .</font></B>  -00:00:00
<B><font color = 'blue'> .</font></B>  -00:03:00
<B><font color = 'blue'> .</font></B>  -0.00%
<B><font color = 'blue'> .</font></B>  --480:00
<B><font color = 'blue'> .</font></B>  -0.00
<B><font color = 'blue'> .</font></B>  -Virat kohli 
<B><font color = 'blue'> .</font></B>  -rahukbgdxgsf@gmail.com
<B><font color = 'blue'> .</font></B>  -65332
<B><font color = 'blue'> .</font></B>  -2022-11-01
<B><font color = 'blue'> .</font></B>  -01-11-2022 00:00:00
<B><font color = 'blue'> .</font></B>  -01-11-2022 00:01:04
<B><font color = 'blue'> .</font></B>  -GLB-124-PC
<B><font color = 'blue'> .</font></B>  -Default
<B><font color = 'blue'> .</font></B>  -Default
<B><font color = 'blue'> .</font></B>  -00:01:04
<B><font color = 'blue'> .</font></B>  -00:00:00
<B><font color = 'blue'> .</font></B>  -00:00:00
<B><font color = 'blue'> .</font></B>  -00:00:00
<B><font color = 'blue'> .</font></B>  -00:00:00
<B><font color = 'blue'> .</font></B>  -00:00:00
<B><font color = 'blue'> .</font></B>  -00:00:00
<B><font color = 'blue'> .</font></B>  -00:01:04
<B><font color = 'blue'> .</font></B>  -0.00%
<B><font color = 'blue'> .</font></B>  --480:00
<B><font color = 'blue'> .</font></B>  -0.00
<B><font color = 'blue'> .</font></B>  -Mail Test user 
<B><font color = 'blue'> .</font></B>  -maintest@user.io
<B><font color = 'blue'> .</font></B>  -GLB-1223888
<B><font color = 'blue'> .</font></B>  -2022-11-01
<B><font color = 'blue'> .</font></B>  -01-11-2022 12:28:37
<B><font color = 'blue'> .</font></B>  -01-11-2022 12:28:38
<B><font color = 'blue'> .</font></B>  -GLB-124-PC
<B><font color = 'blue'> .</font></B>  -Default
<B><font color = 'blue'> .</font></B>  -Default
<B><font color = 'blue'> .</font></B>  -00:00:01
<B><font color = 'blue'> .</font></B>  -00:00:00
<B><font color = 'blue'> .</font></B>  -00:00:00
<B><font color = 'blue'> .</font></B>  -00:00:00
<B><font color = 'blue'> .</font></B>  -00:00:00
<B><font color = 'blue'> .</font></B>  -00:00:00
<B><font color = 'blue'> .</font></B>  -00:00:00
<B><font color = 'blue'> .</font></B>  -00:00:01
<B><font color = 'blue'> .</font></B>  -0.00%
<B><font color = 'blue'> .</font></B>  --480:00
<B><font color = 'blue'> .</font></B>  -0.00
<B><font color = 'blue'> .</font></B>  -test user two 
<B><font color = 'blue'> .</font></B>  -testuser@two.io
<B><font color = 'blue'> .</font></B>  -GSLL-327
<B><font color = 'blue'> .</font></B>  -2022-11-01
<B><font color = 'blue'> .</font></B>  -01-11-2022 13:07:59
<B><font color = 'blue'> .</font></B>  -02-11-2022 00:00:00
<B><font color = 'blue'> .</font></B>  -GLB-124-PC
<B><font color = 'blue'> .</font></B>  -Tamilnadu
<B><font color = 'blue'> .</font></B>  -Test and Dev
<B><font color = 'blue'> .</font></B>  -10:52:01
<B><font color = 'blue'> .</font></B>  -00:00:00
<B><font color = 'blue'> .</font></B>  -00:00:00
<B><font color = 'blue'> .</font></B>  -00:00:00
<B><font color = 'blue'> .</font></B>  -00:00:00
<B><font color = 'blue'> .</font></B>  -00:00:00
<B><font color = 'blue'> .</font></B>  -00:00:00
<B><font color = 'blue'> .</font></B>  -10:52:01
<B><font color = 'blue'> .</font></B>  -0.00%
<B><font color = 'blue'> .</font></B>  --480:00
<B><font color = 'blue'> .</font></B>  -0.00
<B><font color = 'blue'> .</font></B>  -Update Check 
<B><font color = 'blue'> .</font></B>  -updates@gmail.com
<B><font color = 'blue'> .</font></B>  -emp543
<B><font color = 'blue'> .</font></B>  -2022-11-01
<B><font color = 'blue'> .</font></B>  -01-11-2022 12:10:26
<B><font color = 'blue'> .</font></B>  -01-11-2022 18:27:49
<B><font color = 'blue'> .</font></B>  -GLB-124-PC
<B><font color = 'blue'> .</font></B>  -Default
<B><font color = 'blue'> .</font></B>  -Default
<B><font color = 'blue'> .</font></B>  -06:17:23
<B><font color = 'blue'> .</font></B>  -00:00:00
<B><font color = 'blue'> .</font></B>  -00:00:00
<B><font color = 'blue'> .</font></B>  -00:00:00
<B><font color = 'blue'> .</font></B>  -00:00:00
<B><font color = 'blue'> .</font></B>  -00:00:00
<B><font color = 'blue'> .</font></B>  -00:00:00
<B><font color = 'blue'> .</font></B>  -06:17:23
<B><font color = 'blue'> .</font></B>  -0.00%
<B><font color = 'blue'> .</font></B>  --480:00
<B><font color = 'blue'> .</font></B>  -0.00
<B><font color = 'blue'> .</font></B>  -Himanshu Kumar 
<B><font color = 'blue'> .</font></B>  -himanshu1@gmail.com
<B><font color = 'blue'> .</font></B>  -EM011
<B><font color = 'blue'> .</font></B>  -2022-11-01
<B><font color = 'blue'> .</font></B>  -01-11-2022 15:27:34
<B><font color = 'blue'> .</font></B>  -02-11-2022 00:00:00
<B><font color = 'blue'> .</font></B>  -GLB-181
<B><font color = 'blue'> .</font></B>  -bagalkot
<B><font color = 'blue'> .</font></B>  -manual testing
<B><font color = 'blue'> .</font></B>  -08:32:26
<B><font color = 'blue'> .</font></B>  -00:00:00
<B><font color = 'blue'> .</font></B>  -00:00:00
<B><font color = 'blue'> .</font></B>  -00:00:00
<B><font color = 'blue'> .</font></B>  -00:00:00
<B><font color = 'blue'> .</font></B>  -00:00:00
<B><font color = 'blue'> .</font></B>  -00:00:00
<B><font color = 'blue'> .</font></B>  -08:32:26
<B><font color = 'blue'> .</font></B>  -0.00%
<B><font color = 'blue'> .</font></B>  --480:00
<B><font color = 'blue'> .</font></B>  -0.00
<B><font color = 'blue'> .</font></B>  -sadas kadkasdj 
<B><font color = 'blue'> .</font></B>  -dsa@eqe
<B><font color = 'blue'> .</font></B>  -emp129666
<B><font color = 'blue'> .</font></B>  -2022-11-01
<B><font color = 'blue'> .</font></B>  -Absent
<B><font color = 'blue'> .</font></B>  -Absent
<B><font color = 'blue'> .</font></B>  -undefined
<B><font color = 'blue'> .</font></B>  -Default
<B><font color = 'blue'> .</font></B>  -Default
<B><font color = 'blue'> .</font></B>  -Absent
<B><font color = 'blue'> .</font></B>  -Absent
<B><font color = 'blue'> .</font></B>  -Absent
<B><font color = 'blue'> .</font></B>  -Absent
<B><font color = 'blue'> .</font></B>  -Absent
<B><font color = 'blue'> .</font></B>  -Absent
<B><font color = 'blue'> .</font></B>  -Absent
<B><font color = 'blue'> .</font></B>  -Absent
<B><font color = 'blue'> .</font></B>  -Absent
<B><font color = 'blue'> .</font></B>  -Absent
<B><font color = 'blue'> .</font></B>  -Absent
<B><font color = 'blue'> .</font></B>  -New Test 
<B><font color = 'blue'> .</font></B>  -newtest@gmail.com
<B><font color = 'blue'> .</font></B>  -ewer334443
<B><font color = 'blue'> .</font></B>  -2022-11-01
<B><font color = 'blue'> .</font></B>  -Absent
<B><font color = 'blue'> .</font></B>  -Absent
<B><font color = 'blue'> .</font></B>  -undefined
<B><font color = 'blue'> .</font></B>  -Default
<B><font color = 'blue'> .</font></B>  -Default
<B><font color = 'blue'> .</font></B>  -Absent
<B><font color = 'blue'> .</font></B>  -Absent
<B><font color = 'blue'> .</font></B>  -Absent
<B><font color = 'blue'> .</font></B>  -Absent
<B><font color = 'blue'> .</font></B>  -Absent
<B><font color = 'blue'> .</font></B>  -Absent
<B><font color = 'blue'> .</font></B>  -Absent
<B><font color = 'blue'> .</font></B>  -Absent
<B><font color = 'blue'> .</font></B>  -Absent
<B><font color = 'blue'> .</font></B>  -Absent
<B><font color = 'blue'> .</font></B>  -Absent
<B><font color = 'blue'> .</font></B>  -dshcdb uidsbf 
<B><font color = 'blue'> .</font></B>  -dvbvdb@yahoo.com
<B><font color = 'blue'> .</font></B>  -435454
<B><font color = 'blue'> .</font></B>  -2022-11-01
<B><font color = 'blue'> .</font></B>  -Absent
<B><font color = 'blue'> .</font></B>  -Absent
<B><font color = 'blue'> .</font></B>  -undefined
<B><font color = 'blue'> .</font></B>  -Default
<B><font color = 'blue'> .</font></B>  -Default
<B><font color = 'blue'> .</font></B>  -Absent
<B><font color = 'blue'> .</font></B>  -Absent
<B><font color = 'blue'> .</font></B>  -Absent
<B><font color = 'blue'> .</font></B>  -Absent
<B><font color = 'blue'> .</font></B>  -Absent
<B><font color = 'blue'> .</font></B>  -Absent
<B><font color = 'blue'> .</font></B>  -Absent
<B><font color = 'blue'> .</font></B>  -Absent
<B><font color = 'blue'> .</font></B>  -Absent
<B><font color = 'blue'> .</font></B>  -Absent
<B><font color = 'blue'> .</font></B>  -Absent
<B><font color = 'blue'> .</font></B>  -try last 
<B><font color = 'blue'> .</font></B>  -try@gmail.com
<B><font color = 'blue'> .</font></B>  -1225455
<B><font color = 'blue'> .</font></B>  -2022-11-01
<B><font color = 'blue'> .</font></B>  -Absent
<B><font color = 'blue'> .</font></B>  -Absent
<B><font color = 'blue'> .</font></B>  -undefined
<B><font color = 'blue'> .</font></B>  -Default
<B><font color = 'blue'> .</font></B>  -Default
<B><font color = 'blue'> .</font></B>  -Absent
<B><font color = 'blue'> .</font></B>  -Absent
<B><font color = 'blue'> .</font></B>  -Absent
<B><font color = 'blue'> .</font></B>  -Absent
<B><font color = 'blue'> .</font></B>  -Absent
<B><font color = 'blue'> .</font></B>  -Absent
<B><font color = 'blue'> .</font></B>  -Absent
<B><font color = 'blue'> .</font></B>  -Absent
<B><font color = 'blue'> .</font></B>  -Absent
<B><font color = 'blue'> .</font></B>  -Absent
<B><font color = 'blue'> .</font></B>  -Absent
<B><font color = 'blue'> .</font></B>  -vdjvdb yusvdvbbh 
<B><font color = 'blue'> .</font></B>  -dvhbfdh@gmail.com
<B><font color = 'blue'> .</font></B>  -wq534342
<B><font color = 'blue'> .</font></B>  -2022-11-01
<B><font color = 'blue'> .</font></B>  -Absent
<B><font color = 'blue'> .</font></B>  -Absent
<B><font color = 'blue'> .</font></B>  -undefined
<B><font color = 'blue'> .</font></B>  -Default
<B><font color = 'blue'> .</font></B>  -Default
<B><font color = 'blue'> .</font></B>  -Absent
<B><font color = 'blue'> .</font></B>  -Absent
<B><font color = 'blue'> .</font></B>  -Absent
<B><font color = 'blue'> .</font></B>  -Absent
<B><font color = 'blue'> .</font></B>  -Absent
<B><font color = 'blue'> .</font></B>  -Absent
<B><font color = 'blue'> .</font></B>  -Absent
<B><font color = 'blue'> .</font></B>  -Absent
<B><font color = 'blue'> .</font></B>  -Absent
<B><font color = 'blue'> .</font></B>  -Absent
<B><font color = 'blue'> .</font></B>  -Absent
<B><font color = 'blue'> .</font></B>  -test manager 
<B><font color = 'blue'> .</font></B>  -manageremp@gmail.com
<B><font color = 'blue'> .</font></B>  -glb020
<B><font color = 'blue'> .</font></B>  -2022-11-01
<B><font color = 'blue'> .</font></B>  -Absent
<B><font color = 'blue'> .</font></B>  -Absent
<B><font color = 'blue'> .</font></B>  -undefined
<B><font color = 'blue'> .</font></B>  -Default
<B><font color = 'blue'> .</font></B>  -Default
<B><font color = 'blue'> .</font></B>  -Absent
<B><font color = 'blue'> .</font></B>  -Absent
<B><font color = 'blue'> .</font></B>  -Absent
<B><font color = 'blue'> .</font></B>  -Absent
<B><font color = 'blue'> .</font></B>  -Absent
<B><font color = 'blue'> .</font></B>  -Absent
<B><font color = 'blue'> .</font></B>  -Absent
<B><font color = 'blue'> .</font></B>  -Absent
<B><font color = 'blue'> .</font></B>  -Absent
<B><font color = 'blue'> .</font></B>  -Absent
<B><font color = 'blue'> .</font></B>  -Absent
<B><font color = 'blue'> .</font></B>  -DESKTOP-PJJHB19 - GLB-BLR-002OjUpRD2 
<B><font color = 'blue'> .</font></B>  --
<B><font color = 'blue'> .</font></B>  -GLB-BLR-002OjUpRD2
<B><font color = 'blue'> .</font></B>  -2022-11-01
<B><font color = 'blue'> .</font></B>  -Absent
<B><font color = 'blue'> .</font></B>  -Absent
<B><font color = 'blue'> .</font></B>  -undefined
<B><font color = 'blue'> .</font></B>  -Default
<B><font color = 'blue'> .</font></B>  -Default
<B><font color = 'blue'> .</font></B>  -Absent
<B><font color = 'blue'> .</font></B>  -Absent
<B><font color = 'blue'> .</font></B>  -Absent
<B><font color = 'blue'> .</font></B>  -Absent
<B><font color = 'blue'> .</font></B>  -Absent
<B><font color = 'blue'> .</font></B>  -Absent
<B><font color = 'blue'> .</font></B>  -Absent
<B><font color = 'blue'> .</font></B>  -Absent
<B><font color = 'blue'> .</font></B>  -Absent
<B><font color = 'blue'> .</font></B>  -Absent
<B><font color = 'blue'> .</font></B>  -Absent
<B><font color = 'blue'> .</font></B>  -Usb Test 
<B><font color = 'blue'> .</font></B>  -usbtest123@gmail.com
<B><font color = 'blue'> .</font></B>  -emp0097
<B><font color = 'blue'> .</font></B>  -2022-11-01
<B><font color = 'blue'> .</font></B>  -Absent
<B><font color = 'blue'> .</font></B>  -Absent
<B><font color = 'blue'> .</font></B>  -undefined
<B><font color = 'blue'> .</font></B>  -Default
<B><font color = 'blue'> .</font></B>  -Default
<B><font color = 'blue'> .</font></B>  -Absent
<B><font color = 'blue'> .</font></B>  -Absent
<B><font color = 'blue'> .</font></B>  -Absent
<B><font color = 'blue'> .</font></B>  -Absent
<B><font color = 'blue'> .</font></B>  -Absent
<B><font color = 'blue'> .</font></B>  -Absent
<B><font color = 'blue'> .</font></B>  -Absent
<B><font color = 'blue'> .</font></B>  -Absent
<B><font color = 'blue'> .</font></B>  -Absent
<B><font color = 'blue'> .</font></B>  -Absent
<B><font color = 'blue'> .</font></B>  -Absent
<B><font color = 'blue'> .</font></B>  -SS Keystrokes 
<B><font color = 'blue'> .</font></B>  -sskey@gmail.com
<B><font color = 'blue'> .</font></B>  -emp98y
<B><font color = 'blue'> .</font></B>  -2022-11-01
<B><font color = 'blue'> .</font></B>  -Absent
<B><font color = 'blue'> .</font></B>  -Absent
<B><font color = 'blue'> .</font></B>  -undefined
<B><font color = 'blue'> .</font></B>  -Default
<B><font color = 'blue'> .</font></B>  -Default
<B><font color = 'blue'> .</font></B>  -Absent
<B><font color = 'blue'> .</font></B>  -Absent
<B><font color = 'blue'> .</font></B>  -Absent
<B><font color = 'blue'> .</font></B>  -Absent
<B><font color = 'blue'> .</font></B>  -Absent
<B><font color = 'blue'> .</font></B>  -Absent
<B><font color = 'blue'> .</font></B>  -Absent
<B><font color = 'blue'> .</font></B>  -Absent
<B><font color = 'blue'> .</font></B>  -Absent
<B><font color = 'blue'> .</font></B>  -Absent
<B><font color = 'blue'> .</font></B>  -Absent
<B><font color = 'blue'> .</font></B>  -shivammmmmmmmmmmmmmmmmmmm Kumar 
<B><font color = 'blue'> .</font></B>  -kgfyash545@gmail.com
<B><font color = 'blue'> .</font></B>  -hsakhdjk414
<B><font color = 'blue'> .</font></B>  -2022-11-01
<B><font color = 'blue'> .</font></B>  -Absent
<B><font color = 'blue'> .</font></B>  -Absent
<B><font color = 'blue'> .</font></B>  -undefined
<B><font color = 'blue'> .</font></B>  -Default
<B><font color = 'blue'> .</font></B>  -Default
<B><font color = 'blue'> .</font></B>  -Absent
<B><font color = 'blue'> .</font></B>  -Absent
<B><font color = 'blue'> .</font></B>  -Absent
<B><font color = 'blue'> .</font></B>  -Absent
<B><font color = 'blue'> .</font></B>  -Absent
<B><font color = 'blue'> .</font></B>  -Absent
<B><font color = 'blue'> .</font></B>  -Absent
<B><font color = 'blue'> .</font></B>  -Absent
<B><font color = 'blue'> .</font></B>  -Absent
<B><font color = 'blue'> .</font></B>  -Absent
<B><font color = 'blue'> .</font></B>  -Absent
<B><font color = 'blue'> .</font></B>  -Abhishek Four tf test 
<B><font color = 'blue'> .</font></B>  -abhishekfourtf@mail.com
<B><font color = 'blue'> .</font></B>  -HLIKSJ98
<B><font color = 'blue'> .</font></B>  -2022-11-01
<B><font color = 'blue'> .</font></B>  -Absent
<B><font color = 'blue'> .</font></B>  -Absent
<B><font color = 'blue'> .</font></B>  -undefined
<B><font color = 'blue'> .</font></B>  -Default
<B><font color = 'blue'> .</font></B>  -Default
<B><font color = 'blue'> .</font></B>  -Absent
<B><font color = 'blue'> .</font></B>  -Absent
<B><font color = 'blue'> .</font></B>  -Absent
<B><font color = 'blue'> .</font></B>  -Absent
<B><font color = 'blue'> .</font></B>  -Absent
<B><font color = 'blue'> .</font></B>  -Absent
<B><font color = 'blue'> .</font></B>  -Absent
<B><font color = 'blue'> .</font></B>  -Absent
<B><font color = 'blue'> .</font></B>  -Absent
<B><font color = 'blue'> .</font></B>  -Absent
<B><font color = 'blue'> .</font></B>  -Absent
<B><font color = 'blue'> .</font></B>  -new dev user 
<B><font color = 'blue'> .</font></B>  -new@dev.user
<B><font color = 'blue'> .</font></B>  -fdfsfsd
<B><font color = 'blue'> .</font></B>  -2022-11-01
<B><font color = 'blue'> .</font></B>  -Absent
<B><font color = 'blue'> .</font></B>  -Absent
<B><font color = 'blue'> .</font></B>  -undefined
<B><font color = 'blue'> .</font></B>  -Default
<B><font color = 'blue'> .</font></B>  -Default
<B><font color = 'blue'> .</font></B>  -Absent
<B><font color = 'blue'> .</font></B>  -Absent
<B><font color = 'blue'> .</font></B>  -Absent
<B><font color = 'blue'> .</font></B>  -Absent
<B><font color = 'blue'> .</font></B>  -Absent
<B><font color = 'blue'> .</font></B>  -Absent
<B><font color = 'blue'> .</font></B>  -Absent
<B><font color = 'blue'> .</font></B>  -Absent
<B><font color = 'blue'> .</font></B>  -Absent
<B><font color = 'blue'> .</font></B>  -Absent
<B><font color = 'blue'> .</font></B>  -Absent
<B><font color = 'blue'> .</font></B>  -aaaaaaaaaa aaaaaaaaa 
<B><font color = 'blue'> .</font></B>  -mmmm@gmail.com
<B><font color = 'blue'> .</font></B>  -80765s
<B><font color = 'blue'> .</font></B>  -2022-11-01
<B><font color = 'blue'> .</font></B>  -Absent
<B><font color = 'blue'> .</font></B>  -Absent
<B><font color = 'blue'> .</font></B>  -undefined
<B><font color = 'blue'> .</font></B>  -Bangalore
<B><font color = 'blue'> .</font></B>  -Testing
<B><font color = 'blue'> .</font></B>  -Absent
<B><font color = 'blue'> .</font></B>  -Absent
<B><font color = 'blue'> .</font></B>  -Absent
<B><font color = 'blue'> .</font></B>  -Absent
<B><font color = 'blue'> .</font></B>  -Absent
<B><font color = 'blue'> .</font></B>  -Absent
<B><font color = 'blue'> .</font></B>  -Absent
<B><font color = 'blue'> .</font></B>  -Absent
<B><font color = 'blue'> .</font></B>  -Absent
<B><font color = 'blue'> .</font></B>  -Absent
<B><font color = 'blue'> .</font></B>  -Absent
<B><font color = 'blue'> .</font></B>  -sumesh test 
<B><font color = 'blue'> .</font></B>  -sumesh@mail.com
<B><font color = 'blue'> .</font></B>  -fdgfdgf
<B><font color = 'blue'> .</font></B>  -2022-11-01
<B><font color = 'blue'> .</font></B>  -Absent
<B><font color = 'blue'> .</font></B>  -Absent
<B><font color = 'blue'> .</font></B>  -undefined
<B><font color = 'blue'> .</font></B>  -Bangalore
<B><font color = 'blue'> .</font></B>  -Testing
<B><font color = 'blue'> .</font></B>  -Absent
<B><font color = 'blue'> .</font></B>  -Absent
<B><font color = 'blue'> .</font></B>  -Absent
<B><font color = 'blue'> .</font></B>  -Absent
<B><font color = 'blue'> .</font></B>  -Absent
<B><font color = 'blue'> .</font></B>  -Absent
<B><font color = 'blue'> .</font></B>  -Absent
<B><font color = 'blue'> .</font></B>  -Absent
<B><font color = 'blue'> .</font></B>  -Absent
<B><font color = 'blue'> .</font></B>  -Absent
<B><font color = 'blue'> .</font></B>  -Absent
<B><font color = 'blue'> .</font></B>  -Test msc 
<B><font color = 'blue'> .</font></B>  -test123@gmail.com
<B><font color = 'blue'> .</font></B>  -12254
<B><font color = 'blue'> .</font></B>  -2022-11-01
<B><font color = 'blue'> .</font></B>  -Absent
<B><font color = 'blue'> .</font></B>  -Absent
<B><font color = 'blue'> .</font></B>  -undefined
<B><font color = 'blue'> .</font></B>  -Bangalore
<B><font color = 'blue'> .</font></B>  -Testing
<B><font color = 'blue'> .</font></B>  -Absent
<B><font color = 'blue'> .</font></B>  -Absent
<B><font color = 'blue'> .</font></B>  -Absent
<B><font color = 'blue'> .</font></B>  -Absent
<B><font color = 'blue'> .</font></B>  -Absent
<B><font color = 'blue'> .</font></B>  -Absent
<B><font color = 'blue'> .</font></B>  -Absent
<B><font color = 'blue'> .</font></B>  -Absent
<B><font color = 'blue'> .</font></B>  -Absent
<B><font color = 'blue'> .</font></B>  -Absent
<B><font color = 'blue'> .</font></B>  -Absent
<B><font color = 'blue'> .</font></B>  -deffdfds vscsc 
<B><font color = 'blue'> .</font></B>  -cscsdw123@gmail.com
<B><font color = 'blue'> .</font></B>  -1234512
<B><font color = 'blue'> .</font></B>  -2022-11-01
<B><font color = 'blue'> .</font></B>  -Absent
<B><font color = 'blue'> .</font></B>  -Absent
<B><font color = 'blue'> .</font></B>  -undefined
<B><font color = 'blue'> .</font></B>  -Bangalore
<B><font color = 'blue'> .</font></B>  -Testing
<B><font color = 'blue'> .</font></B>  -Absent
<B><font color = 'blue'> .</font></B>  -Absent
<B><font color = 'blue'> .</font></B>  -Absent
<B><font color = 'blue'> .</font></B>  -Absent
<B><font color = 'blue'> .</font></B>  -Absent
<B><font color = 'blue'> .</font></B>  -Absent
<B><font color = 'blue'> .</font></B>  -Absent
<B><font color = 'blue'> .</font></B>  -Absent
<B><font color = 'blue'> .</font></B>  -Absent
<B><font color = 'blue'> .</font></B>  -Absent
<B><font color = 'blue'> .</font></B>  -Absent
<B><font color = 'blue'> .</font></B>  -test testtt 
<B><font color = 'blue'> .</font></B>  -abcd@gmail.com
<B><font color = 'blue'> .</font></B>  -GLB55
<B><font color = 'blue'> .</font></B>  -2022-11-01
<B><font color = 'blue'> .</font></B>  -Absent
<B><font color = 'blue'> .</font></B>  -Absent
<B><font color = 'blue'> .</font></B>  -undefined
<B><font color = 'blue'> .</font></B>  -Bangalore
<B><font color = 'blue'> .</font></B>  -Testing
<B><font color = 'blue'> .</font></B>  -Absent
<B><font color = 'blue'> .</font></B>  -Absent
<B><font color = 'blue'> .</font></B>  -Absent
<B><font color = 'blue'> .</font></B>  -Absent
<B><font color = 'blue'> .</font></B>  -Absent
<B><font color = 'blue'> .</font></B>  -Absent
<B><font color = 'blue'> .</font></B>  -Absent
<B><font color = 'blue'> .</font></B>  -Absent
<B><font color = 'blue'> .</font></B>  -Absent
<B><font color = 'blue'> .</font></B>  -Absent
<B><font color = 'blue'> .</font></B>  -Absent
<B><font color = 'blue'> .</font></B>  -Abhishe tt 
<B><font color = 'blue'> .</font></B>  -ab@ab.com
<B><font color = 'blue'> .</font></B>  -GKD567
<B><font color = 'blue'> .</font></B>  -2022-11-01
<B><font color = 'blue'> .</font></B>  -Absent
<B><font color = 'blue'> .</font></B>  -Absent
<B><font color = 'blue'> .</font></B>  -undefined
<B><font color = 'blue'> .</font></B>  -Bangalore
<B><font color = 'blue'> .</font></B>  -Testing
<B><font color = 'blue'> .</font></B>  -Absent
<B><font color = 'blue'> .</font></B>  -Absent
<B><font color = 'blue'> .</font></B>  -Absent
<B><font color = 'blue'> .</font></B>  -Absent
<B><font color = 'blue'> .</font></B>  -Absent
<B><font color = 'blue'> .</font></B>  -Absent
<B><font color = 'blue'> .</font></B>  -Absent
<B><font color = 'blue'> .</font></B>  -Absent
<B><font color = 'blue'> .</font></B>  -Absent
<B><font color = 'blue'> .</font></B>  -Absent
<B><font color = 'blue'> .</font></B>  -Absent
<B><font color = 'blue'> .</font></B>  -test nonadmin 
<B><font color = 'blue'> .</font></B>  -testnonadmin@gmail.com
<B><font color = 'blue'> .</font></B>  -GLB026
<B><font color = 'blue'> .</font></B>  -2022-11-01
<B><font color = 'blue'> .</font></B>  -Absent
<B><font color = 'blue'> .</font></B>  -Absent
<B><font color = 'blue'> .</font></B>  -undefined
<B><font color = 'blue'> .</font></B>  -Bangalore
<B><font color = 'blue'> .</font></B>  -Php
<B><font color = 'blue'> .</font></B>  -Absent
<B><font color = 'blue'> .</font></B>  -Absent
<B><font color = 'blue'> .</font></B>  -Absent
<B><font color = 'blue'> .</font></B>  -Absent
<B><font color = 'blue'> .</font></B>  -Absent
<B><font color = 'blue'> .</font></B>  -Absent
<B><font color = 'blue'> .</font></B>  -Absent
<B><font color = 'blue'> .</font></B>  -Absent
<B><font color = 'blue'> .</font></B>  -Absent
<B><font color = 'blue'> .</font></B>  -Absent
<B><font color = 'blue'> .</font></B>  -Absent
<B><font color = 'blue'> .</font></B>  -adg ckj 
<B><font color = 'blue'> .</font></B>  -adcs@1234
<B><font color = 'blue'> .</font></B>  -583
<B><font color = 'blue'> .</font></B>  -2022-11-01
<B><font color = 'blue'> .</font></B>  -Absent
<B><font color = 'blue'> .</font></B>  -Absent
<B><font color = 'blue'> .</font></B>  -undefined
<B><font color = 'blue'> .</font></B>  -Bangalore
<B><font color = 'blue'> .</font></B>  -Testing
<B><font color = 'blue'> .</font></B>  -Absent
<B><font color = 'blue'> .</font></B>  -Absent
<B><font color = 'blue'> .</font></B>  -Absent
<B><font color = 'blue'> .</font></B>  -Absent
<B><font color = 'blue'> .</font></B>  -Absent
<B><font color = 'blue'> .</font></B>  -Absent
<B><font color = 'blue'> .</font></B>  -Absent
<B><font color = 'blue'> .</font></B>  -Absent
<B><font color = 'blue'> .</font></B>  -Absent
<B><font color = 'blue'> .</font></B>  -Absent
<B><font color = 'blue'> .</font></B>  -Absent
<B><font color = 'blue'> .</font></B>  -Abhishek Test 
<B><font color = 'blue'> .</font></B>  -abhishektrest@glb.in
<B><font color = 'blue'> .</font></B>  -rN7tvEiDPGNi4fD
<B><font color = 'blue'> .</font></B>  -2022-11-01
<B><font color = 'blue'> .</font></B>  -Absent
<B><font color = 'blue'> .</font></B>  -Absent
<B><font color = 'blue'> .</font></B>  -undefined
<B><font color = 'blue'> .</font></B>  -Bangalore
<B><font color = 'blue'> .</font></B>  -Php
<B><font color = 'blue'> .</font></B>  -Absent
<B><font color = 'blue'> .</font></B>  -Absent
<B><font color = 'blue'> .</font></B>  -Absent
<B><font color = 'blue'> .</font></B>  -Absent
<B><font color = 'blue'> .</font></B>  -Absent
<B><font color = 'blue'> .</font></B>  -Absent
<B><font color = 'blue'> .</font></B>  -Absent
<B><font color = 'blue'> .</font></B>  -Absent
<B><font color = 'blue'> .</font></B>  -Absent
<B><font color = 'blue'> .</font></B>  -Absent
<B><font color = 'blue'> .</font></B>  -Absent
<B><font color = 'blue'> .</font></B>  -Superior Test one 
<B><font color = 'blue'> .</font></B>  -superiorone@gmail.com
<B><font color = 'blue'> .</font></B>  -twoqw
<B><font color = 'blue'> .</font></B>  -2022-11-01
<B><font color = 'blue'> .</font></B>  -Absent
<B><font color = 'blue'> .</font></B>  -Absent
<B><font color = 'blue'> .</font></B>  -undefined
<B><font color = 'blue'> .</font></B>  -Bangalore
<B><font color = 'blue'> .</font></B>  -Testing
<B><font color = 'blue'> .</font></B>  -Absent
<B><font color = 'blue'> .</font></B>  -Absent
<B><font color = 'blue'> .</font></B>  -Absent
<B><font color = 'blue'> .</font></B>  -Absent
<B><font color = 'blue'> .</font></B>  -Absent
<B><font color = 'blue'> .</font></B>  -Absent
<B><font color = 'blue'> .</font></B>  -Absent
<B><font color = 'blue'> .</font></B>  -Absent
<B><font color = 'blue'> .</font></B>  -Absent
<B><font color = 'blue'> .</font></B>  -Absent
<B><font color = 'blue'> .</font></B>  -Absent
<B><font color = 'blue'> .</font></B>  -test testw 
<B><font color = 'blue'> .</font></B>  -test@mac.in
<B><font color = 'blue'> .</font></B>  -aaf123
<B><font color = 'blue'> .</font></B>  -2022-11-01
<B><font color = 'blue'> .</font></B>  -Absent
<B><font color = 'blue'> .</font></B>  -Absent
<B><font color = 'blue'> .</font></B>  -undefined
<B><font color = 'blue'> .</font></B>  -Bangalore
<B><font color = 'blue'> .</font></B>  -Php
<B><font color = 'blue'> .</font></B>  -Absent
<B><font color = 'blue'> .</font></B>  -Absent
<B><font color = 'blue'> .</font></B>  -Absent
<B><font color = 'blue'> .</font></B>  -Absent
<B><font color = 'blue'> .</font></B>  -Absent
<B><font color = 'blue'> .</font></B>  -Absent
<B><font color = 'blue'> .</font></B>  -Absent
<B><font color = 'blue'> .</font></B>  -Absent
<B><font color = 'blue'> .</font></B>  -Absent
<B><font color = 'blue'> .</font></B>  -Absent
<B><font color = 'blue'> .</font></B>  -Absent
<B><font color = 'blue'> .</font></B>  -sam eer 
<B><font color = 'blue'> .</font></B>  -sam@rf.in
<B><font color = 'blue'> .</font></B>  -WSAERT2Q34E
<B><font color = 'blue'> .</font></B>  -2022-11-01
<B><font color = 'blue'> .</font></B>  -Absent
<B><font color = 'blue'> .</font></B>  -Absent
<B><font color = 'blue'> .</font></B>  -undefined
<B><font color = 'blue'> .</font></B>  -Bangalore
<B><font color = 'blue'> .</font></B>  -Testing
<B><font color = 'blue'> .</font></B>  -Absent
<B><font color = 'blue'> .</font></B>  -Absent
<B><font color = 'blue'> .</font></B>  -Absent
<B><font color = 'blue'> .</font></B>  -Absent
<B><font color = 'blue'> .</font></B>  -Absent
<B><font color = 'blue'> .</font></B>  -Absent
<B><font color = 'blue'> .</font></B>  -Absent
<B><font color = 'blue'> .</font></B>  -Absent
<B><font color = 'blue'> .</font></B>  -Absent
<B><font color = 'blue'> .</font></B>  -Absent
<B><font color = 'blue'> .</font></B>  -Absent
<B><font color = 'blue'> .</font></B>  -Test test 
<B><font color = 'blue'> .</font></B>  -sarikajain@gmail.com
<B><font color = 'blue'> .</font></B>  -E-101
<B><font color = 'blue'> .</font></B>  -2022-11-01
<B><font color = 'blue'> .</font></B>  -Absent
<B><font color = 'blue'> .</font></B>  -Absent
<B><font color = 'blue'> .</font></B>  -undefined
<B><font color = 'blue'> .</font></B>  -Bangalore
<B><font color = 'blue'> .</font></B>  -Testing
<B><font color = 'blue'> .</font></B>  -Absent
<B><font color = 'blue'> .</font></B>  -Absent
<B><font color = 'blue'> .</font></B>  -Absent
<B><font color = 'blue'> .</font></B>  -Absent
<B><font color = 'blue'> .</font></B>  -Absent
<B><font color = 'blue'> .</font></B>  -Absent
<B><font color = 'blue'> .</font></B>  -Absent
<B><font color = 'blue'> .</font></B>  -Absent
<B><font color = 'blue'> .</font></B>  -Absent
<B><font color = 'blue'> .</font></B>  -Absent
<B><font color = 'blue'> .</font></B>  -Absent
<B><font color = 'blue'> .</font></B>  -test123 abcd 
<B><font color = 'blue'> .</font></B>  -s@gmail.com
<B><font color = 'blue'> .</font></B>  -code123z
<B><font color = 'blue'> .</font></B>  -2022-11-01
<B><font color = 'blue'> .</font></B>  -Absent
<B><font color = 'blue'> .</font></B>  -Absent
<B><font color = 'blue'> .</font></B>  -undefined
<B><font color = 'blue'> .</font></B>  -Bangalore
<B><font color = 'blue'> .</font></B>  -Testing
<B><font color = 'blue'> .</font></B>  -Absent
<B><font color = 'blue'> .</font></B>  -Absent
<B><font color = 'blue'> .</font></B>  -Absent
<B><font color = 'blue'> .</font></B>  -Absent
<B><font color = 'blue'> .</font></B>  -Absent
<B><font color = 'blue'> .</font></B>  -Absent
<B><font color = 'blue'> .</font></B>  -Absent
<B><font color = 'blue'> .</font></B>  -Absent
<B><font color = 'blue'> .</font></B>  -Absent
<B><font color = 'blue'> .</font></B>  -Absent
<B><font color = 'blue'> .</font></B>  -Absent
<B><font color = 'blue'> .</font></B>  -testing test 
<B><font color = 'blue'> .</font></B>  -aarshajoyson1601@gmail.com
<B><font color = 'blue'> .</font></B>  -glb0008
<B><font color = 'blue'> .</font></B>  -2022-11-01
<B><font color = 'blue'> .</font></B>  -Absent
<B><font color = 'blue'> .</font></B>  -Absent
<B><font color = 'blue'> .</font></B>  -undefined
<B><font color = 'blue'> .</font></B>  -Bangalore
<B><font color = 'blue'> .</font></B>  -Php
<B><font color = 'blue'> .</font></B>  -Absent
<B><font color = 'blue'> .</font></B>  -Absent
<B><font color = 'blue'> .</font></B>  -Absent
<B><font color = 'blue'> .</font></B>  -Absent
<B><font color = 'blue'> .</font></B>  -Absent
<B><font color = 'blue'> .</font></B>  -Absent
<B><font color = 'blue'> .</font></B>  -Absent
<B><font color = 'blue'> .</font></B>  -Absent
<B><font color = 'blue'> .</font></B>  -Absent
<B><font color = 'blue'> .</font></B>  -Absent
<B><font color = 'blue'> .</font></B>  -Absent
<B><font color = 'blue'> .</font></B>  -Automation CodeeeAuto 
<B><font color = 'blue'> .</font></B>  -skabcdef7@gmail.com
<B><font color = 'blue'> .</font></B>  -Emp-Abzcde-1234522
<B><font color = 'blue'> .</font></B>  -2022-11-01
<B><font color = 'blue'> .</font></B>  -Absent
<B><font color = 'blue'> .</font></B>  -Absent
<B><font color = 'blue'> .</font></B>  -undefined
<B><font color = 'blue'> .</font></B>  -Bangalore
<B><font color = 'blue'> .</font></B>  -Testing
<B><font color = 'blue'> .</font></B>  -Absent
<B><font color = 'blue'> .</font></B>  -Absent
<B><font color = 'blue'> .</font></B>  -Absent
<B><font color = 'blue'> .</font></B>  -Absent
<B><font color = 'blue'> .</font></B>  -Absent
<B><font color = 'blue'> .</font></B>  -Absent
<B><font color = 'blue'> .</font></B>  -Absent
<B><font color = 'blue'> .</font></B>  -Absent
<B><font color = 'blue'> .</font></B>  -Absent
<B><font color = 'blue'> .</font></B>  -Absent
<B><font color = 'blue'> .</font></B>  -Absent
<B><font color = 'blue'> .</font></B>  -piyush dfgsfg 
<B><font color = 'blue'> .</font></B>  -jos@gmail.com
<B><font color = 'blue'> .</font></B>  -sdgff
<B><font color = 'blue'> .</font></B>  -2022-11-01
<B><font color = 'blue'> .</font></B>  -Absent
<B><font color = 'blue'> .</font></B>  -Absent
<B><font color = 'blue'> .</font></B>  -undefined
<B><font color = 'blue'> .</font></B>  -Bangalore
<B><font color = 'blue'> .</font></B>  -Testing
<B><font color = 'blue'> .</font></B>  -Absent
<B><font color = 'blue'> .</font></B>  -Absent
<B><font color = 'blue'> .</font></B>  -Absent
<B><font color = 'blue'> .</font></B>  -Absent
<B><font color = 'blue'> .</font></B>  -Absent
<B><font color = 'blue'> .</font></B>  -Absent
<B><font color = 'blue'> .</font></B>  -Absent
<B><font color = 'blue'> .</font></B>  -Absent
<B><font color = 'blue'> .</font></B>  -Absent
<B><font color = 'blue'> .</font></B>  -Absent
<B><font color = 'blue'> .</font></B>  -Absent
<B><font color = 'blue'> .</font></B>  -Aryan raj 
<B><font color = 'blue'> .</font></B>  -alex@gmail.com
<B><font color = 'blue'> .</font></B>  -126
<B><font color = 'blue'> .</font></B>  -2022-11-01
<B><font color = 'blue'> .</font></B>  -Absent
<B><font color = 'blue'> .</font></B>  -Absent
<B><font color = 'blue'> .</font></B>  -undefined
<B><font color = 'blue'> .</font></B>  -Bangalore
<B><font color = 'blue'> .</font></B>  -Testing
<B><font color = 'blue'> .</font></B>  -Absent
<B><font color = 'blue'> .</font></B>  -Absent
<B><font color = 'blue'> .</font></B>  -Absent
<B><font color = 'blue'> .</font></B>  -Absent
<B><font color = 'blue'> .</font></B>  -Absent
<B><font color = 'blue'> .</font></B>  -Absent
<B><font color = 'blue'> .</font></B>  -Absent
<B><font color = 'blue'> .</font></B>  -Absent
<B><font color = 'blue'> .</font></B>  -Absent
<B><font color = 'blue'> .</font></B>  -Absent
<B><font color = 'blue'> .</font></B>  -Absent
<B><font color = 'blue'> .</font></B>  -Automation CodeeeAuto 
<B><font color = 'blue'> .</font></B>  -skabcdef38@gmail.com
<B><font color = 'blue'> .</font></B>  -Emp-Abzcde-123457
<B><font color = 'blue'> .</font></B>  -2022-11-01
<B><font color = 'blue'> .</font></B>  -Absent
<B><font color = 'blue'> .</font></B>  -Absent
<B><font color = 'blue'> .</font></B>  -undefined
<B><font color = 'blue'> .</font></B>  -Bangalore
<B><font color = 'blue'> .</font></B>  -Testing
<B><font color = 'blue'> .</font></B>  -Absent
<B><font color = 'blue'> .</font></B>  -Absent
<B><font color = 'blue'> .</font></B>  -Absent
<B><font color = 'blue'> .</font></B>  -Absent
<B><font color = 'blue'> .</font></B>  -Absent
<B><font color = 'blue'> .</font></B>  -Absent
<B><font color = 'blue'> .</font></B>  -Absent
<B><font color = 'blue'> .</font></B>  -Absent
<B><font color = 'blue'> .</font></B>  -Absent
<B><font color = 'blue'> .</font></B>  -Absent
<B><font color = 'blue'> .</font></B>  -Absent
<B><font color = 'blue'> .</font></B>  -Automation CodeeeAuto 
<B><font color = 'blue'> .</font></B>  -skabcdef33@gmail.com
<B><font color = 'blue'> .</font></B>  -Emp-Abzcde-1234557
<B><font color = 'blue'> .</font></B>  -2022-11-01
<B><font color = 'blue'> .</font></B>  -Absent
<B><font color = 'blue'> .</font></B>  -Absent
<B><font color = 'blue'> .</font></B>  -undefined
<B><font color = 'blue'> .</font></B>  -Bangalore
<B><font color = 'blue'> .</font></B>  -Testing
<B><font color = 'blue'> .</font></B>  -Absent
<B><font color = 'blue'> .</font></B>  -Absent
<B><font color = 'blue'> .</font></B>  -Absent
<B><font color = 'blue'> .</font></B>  -Absent
<B><font color = 'blue'> .</font></B>  -Absent
<B><font color = 'blue'> .</font></B>  -Absent
<B><font color = 'blue'> .</font></B>  -Absent
<B><font color = 'blue'> .</font></B>  -Absent
<B><font color = 'blue'> .</font></B>  -Absent
<B><font color = 'blue'> .</font></B>  -Absent
<B><font color = 'blue'> .</font></B>  -Absent
<B><font color = 'blue'> .</font></B>  -D Surya Prabhakar 
<B><font color = 'blue'> .</font></B>  -surya1@gmail.com
<B><font color = 'blue'> .</font></B>  -EM010
<B><font color = 'blue'> .</font></B>  -2022-11-01
<B><font color = 'blue'> .</font></B>  -Absent
<B><font color = 'blue'> .</font></B>  -Absent
<B><font color = 'blue'> .</font></B>  -undefined
<B><font color = 'blue'> .</font></B>  -bengaluru
<B><font color = 'blue'> .</font></B>  -Testing
<B><font color = 'blue'> .</font></B>  -Absent
<B><font color = 'blue'> .</font></B>  -Absent
<B><font color = 'blue'> .</font></B>  -Absent
<B><font color = 'blue'> .</font></B>  -Absent
<B><font color = 'blue'> .</font></B>  -Absent
<B><font color = 'blue'> .</font></B>  -Absent
<B><font color = 'blue'> .</font></B>  -Absent
<B><font color = 'blue'> .</font></B>  -Absent
<B><font color = 'blue'> .</font></B>  -Absent
<B><font color = 'blue'> .</font></B>  -Absent
<B><font color = 'blue'> .</font></B>  -Absent
<B><font color = 'blue'> .</font></B>  -R o       hit Sharma 
<B><font color = 'blue'> .</font></B>  -rahulrajt5613928@gmail.com
<B><font color = 'blue'> .</font></B>  -67645
<B><font color = 'blue'> .</font></B>  -2022-11-01
<B><font color = 'blue'> .</font></B>  -Absent
<B><font color = 'blue'> .</font></B>  -Absent
<B><font color = 'blue'> .</font></B>  -undefined
<B><font color = 'blue'> .</font></B>  -bengaluru
<B><font color = 'blue'> .</font></B>  -Testing
<B><font color = 'blue'> .</font></B>  -Absent
<B><font color = 'blue'> .</font></B>  -Absent
<B><font color = 'blue'> .</font></B>  -Absent
<B><font color = 'blue'> .</font></B>  -Absent
<B><font color = 'blue'> .</font></B>  -Absent
<B><font color = 'blue'> .</font></B>  -Absent
<B><font color = 'blue'> .</font></B>  -Absent
<B><font color = 'blue'> .</font></B>  -Absent
<B><font color = 'blue'> .</font></B>  -Absent
<B><font color = 'blue'> .</font></B>  -Absent
<B><font color = 'blue'> .</font></B>  -Absent
<B><font color = 'blue'> .</font></B>  -one test 
<B><font color = 'blue'> .</font></B>  -testone1234@gmail.com
<B><font color = 'blue'> .</font></B>  -0110
<B><font color = 'blue'> .</font></B>  -2022-11-01
<B><font color = 'blue'> .</font></B>  -Absent
<B><font color = 'blue'> .</font></B>  -Absent
<B><font color = 'blue'> .</font></B>  -undefined
<B><font color = 'blue'> .</font></B>  -bengaluru
<B><font color = 'blue'> .</font></B>  -Testing
<B><font color = 'blue'> .</font></B>  -Absent
<B><font color = 'blue'> .</font></B>  -Absent
<B><font color = 'blue'> .</font></B>  -Absent
<B><font color = 'blue'> .</font></B>  -Absent
<B><font color = 'blue'> .</font></B>  -Absent
<B><font color = 'blue'> .</font></B>  -Absent
<B><font color = 'blue'> .</font></B>  -Absent
<B><font color = 'blue'> .</font></B>  -Absent
<B><font color = 'blue'> .</font></B>  -Absent
<B><font color = 'blue'> .</font></B>  -Absent
<B><font color = 'blue'> .</font></B>  -Absent
<B><font color = 'blue'> .</font></B>  -GLB-BLR-010-PC - GLB-BLR-010 
<B><font color = 'blue'> .</font></B>  -abcd@yuksdgus
<B><font color = 'blue'> .</font></B>  -GLB-BLR-010
<B><font color = 'blue'> .</font></B>  -2022-11-01
<B><font color = 'blue'> .</font></B>  -Absent
<B><font color = 'blue'> .</font></B>  -Absent
<B><font color = 'blue'> .</font></B>  -undefined
<B><font color = 'blue'> .</font></B>  -bengaluru
<B><font color = 'blue'> .</font></B>  -Testing
<B><font color = 'blue'> .</font></B>  -Absent
<B><font color = 'blue'> .</font></B>  -Absent
<B><font color = 'blue'> .</font></B>  -Absent
<B><font color = 'blue'> .</font></B>  -Absent
<B><font color = 'blue'> .</font></B>  -Absent
<B><font color = 'blue'> .</font></B>  -Absent
<B><font color = 'blue'> .</font></B>  -Absent
<B><font color = 'blue'> .</font></B>  -Absent
<B><font color = 'blue'> .</font></B>  -Absent
<B><font color = 'blue'> .</font></B>  -Absent
<B><font color = 'blue'> .</font></B>  -Absent
<B><font color = 'blue'> .</font></B>  -surya kk 
<B><font color = 'blue'> .</font></B>  -123@gmail.com
<B><font color = 'blue'> .</font></B>  -mmmmm
<B><font color = 'blue'> .</font></B>  -2022-11-01
<B><font color = 'blue'> .</font></B>  -Absent
<B><font color = 'blue'> .</font></B>  -Absent
<B><font color = 'blue'> .</font></B>  -undefined
<B><font color = 'blue'> .</font></B>  -Tamilnadu
<B><font color = 'blue'> .</font></B>  -Test and Dev
<B><font color = 'blue'> .</font></B>  -Absent
<B><font color = 'blue'> .</font></B>  -Absent
<B><font color = 'blue'> .</font></B>  -Absent
<B><font color = 'blue'> .</font></B>  -Absent
<B><font color = 'blue'> .</font></B>  -Absent
<B><font color = 'blue'> .</font></B>  -Absent
<B><font color = 'blue'> .</font></B>  -Absent
<B><font color = 'blue'> .</font></B>  -Absent
<B><font color = 'blue'> .</font></B>  -Absent
<B><font color = 'blue'> .</font></B>  -Absent
<B><font color = 'blue'> .</font></B>  -Absent
<B><font color = 'blue'> .</font></B>  -sai kk 
<B><font color = 'blue'> .</font></B>  -saikk19876@gmail.com
<B><font color = 'blue'> .</font></B>  -20221019
<B><font color = 'blue'> .</font></B>  -2022-11-01
<B><font color = 'blue'> .</font></B>  -Absent
<B><font color = 'blue'> .</font></B>  -Absent
<B><font color = 'blue'> .</font></B>  -undefined
<B><font color = 'blue'> .</font></B>  -Tamilnadu
<B><font color = 'blue'> .</font></B>  -Test and Dev
<B><font color = 'blue'> .</font></B>  -Absent
<B><font color = 'blue'> .</font></B>  -Absent
<B><font color = 'blue'> .</font></B>  -Absent
<B><font color = 'blue'> .</font></B>  -Absent
<B><font color = 'blue'> .</font></B>  -Absent
<B><font color = 'blue'> .</font></B>  -Absent
<B><font color = 'blue'> .</font></B>  -Absent
<B><font color = 'blue'> .</font></B>  -Absent
<B><font color = 'blue'> .</font></B>  -Absent
<B><font color = 'blue'> .</font></B>  -Absent
<B><font color = 'blue'> .</font></B>  -Absent
<B><font color = 'blue'> .</font></B>  -ajeethemp test 
<B><font color = 'blue'> .</font></B>  -ajeethemp@gmail.com
<B><font color = 'blue'> .</font></B>  -A01
<B><font color = 'blue'> .</font></B>  -2022-11-01
<B><font color = 'blue'> .</font></B>  -Absent
<B><font color = 'blue'> .</font></B>  -Absent
<B><font color = 'blue'> .</font></B>  -undefined
<B><font color = 'blue'> .</font></B>  -Tamilnadu
<B><font color = 'blue'> .</font></B>  -Test and Dev
<B><font color = 'blue'> .</font></B>  -Absent
<B><font color = 'blue'> .</font></B>  -Absent
<B><font color = 'blue'> .</font></B>  -Absent
<B><font color = 'blue'> .</font></B>  -Absent
<B><font color = 'blue'> .</font></B>  -Absent
<B><font color = 'blue'> .</font></B>  -Absent
<B><font color = 'blue'> .</font></B>  -Absent
<B><font color = 'blue'> .</font></B>  -Absent
<B><font color = 'blue'> .</font></B>  -Absent
<B><font color = 'blue'> .</font></B>  -Absent
<B><font color = 'blue'> .</font></B>  -Absent
<B><font color = 'blue'> .</font></B>  -dxgfdxg gssdg 
<B><font color = 'blue'> .</font></B>  -sdgsg@dgksodkg.in
<B><font color = 'blue'> .</font></B>  -asfda343443
<B><font color = 'blue'> .</font></B>  -2022-11-01
<B><font color = 'blue'> .</font></B>  -Absent
<B><font color = 'blue'> .</font></B>  -Absent
<B><font color = 'blue'> .</font></B>  -undefined
<B><font color = 'blue'> .</font></B>  -Bhilai
<B><font color = 'blue'> .</font></B>  -Php
<B><font color = 'blue'> .</font></B>  -Absent
<B><font color = 'blue'> .</font></B>  -Absent
<B><font color = 'blue'> .</font></B>  -Absent
<B><font color = 'blue'> .</font></B>  -Absent
<B><font color = 'blue'> .</font></B>  -Absent
<B><font color = 'blue'> .</font></B>  -Absent
<B><font color = 'blue'> .</font></B>  -Absent
<B><font color = 'blue'> .</font></B>  -Absent
<B><font color = 'blue'> .</font></B>  -Absent
<B><font color = 'blue'> .</font></B>  -Absent
<B><font color = 'blue'> .</font></B>  -Absent
<B><font color = 'blue'> .</font></B>  -Guest User 
<B><font color = 'blue'> .</font></B>  -guestuser@gmail.com
<B><font color = 'blue'> .</font></B>  -GLB-777
<B><font color = 'blue'> .</font></B>  -2022-11-01
<B><font color = 'blue'> .</font></B>  -Absent
<B><font color = 'blue'> .</font></B>  -Absent
<B><font color = 'blue'> .</font></B>  -undefined
<B><font color = 'blue'> .</font></B>  -Bhilai
<B><font color = 'blue'> .</font></B>  -Php
<B><font color = 'blue'> .</font></B>  -Absent
<B><font color = 'blue'> .</font></B>  -Absent
<B><font color = 'blue'> .</font></B>  -Absent
<B><font color = 'blue'> .</font></B>  -Absent
<B><font color = 'blue'> .</font></B>  -Absent
<B><font color = 'blue'> .</font></B>  -Absent
<B><font color = 'blue'> .</font></B>  -Absent
<B><font color = 'blue'> .</font></B>  -Absent
<B><font color = 'blue'> .</font></B>  -Absent
<B><font color = 'blue'> .</font></B>  -Absent
<B><font color = 'blue'> .</font></B>  -Absent
<B><font color = 'blue'> .</font></B>  -Virat kohli 
<B><font color = 'blue'> .</font></B>  -rahukbgdxgsf@gmail.com
<B><font color = 'blue'> .</font></B>  -65332
<B><font color = 'blue'> .</font></B>  -2022-10-31
<B><font color = 'blue'> .</font></B>  -31-10-2022 09:46:04
<B><font color = 'blue'> .</font></B>  -01-11-2022 00:00:00
<B><font color = 'blue'> .</font></B>  -GLB-124-PC
<B><font color = 'blue'> .</font></B>  -Default
<B><font color = 'blue'> .</font></B>  -Default
<B><font color = 'blue'> .</font></B>  -14:13:56
<B><font color = 'blue'> .</font></B>  -00:00:00
<B><font color = 'blue'> .</font></B>  -00:00:00
<B><font color = 'blue'> .</font></B>  -00:00:00
<B><font color = 'blue'> .</font></B>  -00:00:00
<B><font color = 'blue'> .</font></B>  -00:00:00
<B><font color = 'blue'> .</font></B>  -00:00:00
<B><font color = 'blue'> .</font></B>  -14:13:56
<B><font color = 'blue'> .</font></B>  -0.00%
<B><font color = 'blue'> .</font></B>  --480:00
<B><font color = 'blue'> .</font></B>  -0.00
<B><font color = 'blue'> .</font></B>  -Abhishek Test 
<B><font color = 'blue'> .</font></B>  -abhishektrest@glb.in
<B><font color = 'blue'> .</font></B>  -rN7tvEiDPGNi4fD
<B><font color = 'blue'> .</font></B>  -2022-10-31
<B><font color = 'blue'> .</font></B>  -31-10-2022 00:00:52
<B><font color = 'blue'> .</font></B>  -31-10-2022 08:45:52
<B><font color = 'blue'> .</font></B>  -GLB-124-PC
<B><font color = 'blue'> .</font></B>  -Bangalore
<B><font color = 'blue'> .</font></B>  -Php
<B><font color = 'blue'> .</font></B>  -08:45:00
<B><font color = 'blue'> .</font></B>  -00:00:00
<B><font color = 'blue'> .</font></B>  -00:00:00
<B><font color = 'blue'> .</font></B>  -00:00:00
<B><font color = 'blue'> .</font></B>  -00:00:00
<B><font color = 'blue'> .</font></B>  -00:00:00
<B><font color = 'blue'> .</font></B>  -00:00:00
<B><font color = 'blue'> .</font></B>  -08:45:00
<B><font color = 'blue'> .</font></B>  -0.00%
<B><font color = 'blue'> .</font></B>  --480:00
<B><font color = 'blue'> .</font></B>  -0.00
<B><font color = 'blue'> .</font></B>  -New Test 
<B><font color = 'blue'> .</font></B>  -newtest@gmail.com
<B><font color = 'blue'> .</font></B>  -ewer334443
<B><font color = 'blue'> .</font></B>  -2022-10-31
<B><font color = 'blue'> .</font></B>  -31-10-2022 09:37:49
<B><font color = 'blue'> .</font></B>  -31-10-2022 11:44:04
<B><font color = 'blue'> .</font></B>  -GLB-BLR-010-PC
<B><font color = 'blue'> .</font></B>  -Default
<B><font color = 'blue'> .</font></B>  -Default
<B><font color = 'blue'> .</font></B>  -02:06:15
<B><font color = 'blue'> .</font></B>  -00:00:00
<B><font color = 'blue'> .</font></B>  -00:00:00
<B><font color = 'blue'> .</font></B>  -00:00:00
<B><font color = 'blue'> .</font></B>  -00:00:00
<B><font color = 'blue'> .</font></B>  -00:00:00
<B><font color = 'blue'> .</font></B>  -00:00:00
<B><font color = 'blue'> .</font></B>  -02:06:15
<B><font color = 'blue'> .</font></B>  -0.00%
<B><font color = 'blue'> .</font></B>  --480:00
<B><font color = 'blue'> .</font></B>  -0.00
<B><font color = 'blue'> .</font></B>  -sam eer 
<B><font color = 'blue'> .</font></B>  -sam@rf.in
<B><font color = 'blue'> .</font></B>  -WSAERT2Q34E
<B><font color = 'blue'> .</font></B>  -2022-10-31
<B><font color = 'blue'> .</font></B>  -31-10-2022 11:51:19
<B><font color = 'blue'> .</font></B>  -31-10-2022 13:08:30
<B><font color = 'blue'> .</font></B>  -GLB-181
<B><font color = 'blue'> .</font></B>  -Bangalore
<B><font color = 'blue'> .</font></B>  -Testing
<B><font color = 'blue'> .</font></B>  -01:17:11
<B><font color = 'blue'> .</font></B>  -00:00:00
<B><font color = 'blue'> .</font></B>  -00:00:00
<B><font color = 'blue'> .</font></B>  -00:00:00
<B><font color = 'blue'> .</font></B>  -00:00:00
<B><font color = 'blue'> .</font></B>  -00:00:00
<B><font color = 'blue'> .</font></B>  -00:00:00
<B><font color = 'blue'> .</font></B>  -01:17:11
<B><font color = 'blue'> .</font></B>  -0.00%
<B><font color = 'blue'> .</font></B>  --480:00
<B><font color = 'blue'> .</font></B>  -0.00
<B><font color = 'blue'> .</font></B>  -sithu kalluru 
<B><font color = 'blue'> .</font></B>  -sitaramireddy@globussoft.in
<B><font color = 'blue'> .</font></B>  -code12
<B><font color = 'blue'> .</font></B>  -2022-10-31
<B><font color = 'blue'> .</font></B>  -31-10-2022 13:19:10
<B><font color = 'blue'> .</font></B>  -31-10-2022 15:38:01
<B><font color = 'blue'> .</font></B>  -DESKTOP-PJJHB19
<B><font color = 'blue'> .</font></B>  -Bangalore
<B><font color = 'blue'> .</font></B>  -Testing
<B><font color = 'blue'> .</font></B>  -02:18:51
<B><font color = 'blue'> .</font></B>  -00:00:00
<B><font color = 'blue'> .</font></B>  -00:00:00
<B><font color = 'blue'> .</font></B>  -00:00:00
<B><font color = 'blue'> .</font></B>  -00:00:00
<B><font color = 'blue'> .</font></B>  -00:00:00
<B><font color = 'blue'> .</font></B>  -00:00:00
<B><font color = 'blue'> .</font></B>  -02:18:51
<B><font color = 'blue'> .</font></B>  -0.00%
<B><font color = 'blue'> .</font></B>  --480:00
<B><font color = 'blue'> .</font></B>  -0.00
<B><font color = 'blue'> .</font></B>  -sadas kadkasdj 
<B><font color = 'blue'> .</font></B>  -dsa@eqe
<B><font color = 'blue'> .</font></B>  -emp129666
<B><font color = 'blue'> .</font></B>  -2022-10-31
<B><font color = 'blue'> .</font></B>  -Absent
<B><font color = 'blue'> .</font></B>  -Absent
<B><font color = 'blue'> .</font></B>  -undefined
<B><font color = 'blue'> .</font></B>  -Default
<B><font color = 'blue'> .</font></B>  -Default
<B><font color = 'blue'> .</font></B>  -Absent
<B><font color = 'blue'> .</font></B>  -Absent
<B><font color = 'blue'> .</font></B>  -Absent
<B><font color = 'blue'> .</font></B>  -Absent
<B><font color = 'blue'> .</font></B>  -Absent
<B><font color = 'blue'> .</font></B>  -Absent
<B><font color = 'blue'> .</font></B>  -Absent
<B><font color = 'blue'> .</font></B>  -Absent
<B><font color = 'blue'> .</font></B>  -Absent
<B><font color = 'blue'> .</font></B>  -Absent
<B><font color = 'blue'> .</font></B>  -Absent
<B><font color = 'blue'> .</font></B>  -dshcdb uidsbf 
<B><font color = 'blue'> .</font></B>  -dvbvdb@yahoo.com
<B><font color = 'blue'> .</font></B>  -435454
<B><font color = 'blue'> .</font></B>  -2022-10-31
<B><font color = 'blue'> .</font></B>  -Absent
<B><font color = 'blue'> .</font></B>  -Absent
<B><font color = 'blue'> .</font></B>  -undefined
<B><font color = 'blue'> .</font></B>  -Default
<B><font color = 'blue'> .</font></B>  -Default
<B><font color = 'blue'> .</font></B>  -Absent
<B><font color = 'blue'> .</font></B>  -Absent
<B><font color = 'blue'> .</font></B>  -Absent
<B><font color = 'blue'> .</font></B>  -Absent
<B><font color = 'blue'> .</font></B>  -Absent
<B><font color = 'blue'> .</font></B>  -Absent
<B><font color = 'blue'> .</font></B>  -Absent
<B><font color = 'blue'> .</font></B>  -Absent
<B><font color = 'blue'> .</font></B>  -Absent
<B><font color = 'blue'> .</font></B>  -Absent
<B><font color = 'blue'> .</font></B>  -Absent
<B><font color = 'blue'> .</font></B>  -try last 
<B><font color = 'blue'> .</font></B>  -try@gmail.com
<B><font color = 'blue'> .</font></B>  -1225455
<B><font color = 'blue'> .</font></B>  -2022-10-31
<B><font color = 'blue'> .</font></B>  -Absent
<B><font color = 'blue'> .</font></B>  -Absent
<B><font color = 'blue'> .</font></B>  -undefined
<B><font color = 'blue'> .</font></B>  -Default
<B><font color = 'blue'> .</font></B>  -Default
<B><font color = 'blue'> .</font></B>  -Absent
<B><font color = 'blue'> .</font></B>  -Absent
<B><font color = 'blue'> .</font></B>  -Absent
<B><font color = 'blue'> .</font></B>  -Absent
<B><font color = 'blue'> .</font></B>  -Absent
<B><font color = 'blue'> .</font></B>  -Absent
<B><font color = 'blue'> .</font></B>  -Absent
<B><font color = 'blue'> .</font></B>  -Absent
<B><font color = 'blue'> .</font></B>  -Absent
<B><font color = 'blue'> .</font></B>  -Absent
<B><font color = 'blue'> .</font></B>  -Absent
<B><font color = 'blue'> .</font></B>  -vdjvdb yusvdvbbh 
<B><font color = 'blue'> .</font></B>  -dvhbfdh@gmail.com
<B><font color = 'blue'> .</font></B>  -wq534342
<B><font color = 'blue'> .</font></B>  -2022-10-31
<B><font color = 'blue'> .</font></B>  -Absent
<B><font color = 'blue'> .</font></B>  -Absent
<B><font color = 'blue'> .</font></B>  -undefined
<B><font color = 'blue'> .</font></B>  -Default
<B><font color = 'blue'> .</font></B>  -Default
<B><font color = 'blue'> .</font></B>  -Absent
<B><font color = 'blue'> .</font></B>  -Absent
<B><font color = 'blue'> .</font></B>  -Absent
<B><font color = 'blue'> .</font></B>  -Absent
<B><font color = 'blue'> .</font></B>  -Absent
<B><font color = 'blue'> .</font></B>  -Absent
<B><font color = 'blue'> .</font></B>  -Absent
<B><font color = 'blue'> .</font></B>  -Absent
<B><font color = 'blue'> .</font></B>  -Absent
<B><font color = 'blue'> .</font></B>  -Absent
<B><font color = 'blue'> .</font></B>  -Absent
<B><font color = 'blue'> .</font></B>  -Mail Test user 
<B><font color = 'blue'> .</font></B>  -maintest@user.io
<B><font color = 'blue'> .</font></B>  -GLB-1223888
<B><font color = 'blue'> .</font></B>  -2022-10-31
<B><font color = 'blue'> .</font></B>  -Absent
<B><font color = 'blue'> .</font></B>  -Absent
<B><font color = 'blue'> .</font></B>  -undefined
<B><font color = 'blue'> .</font></B>  -Default
<B><font color = 'blue'> .</font></B>  -Default
<B><font color = 'blue'> .</font></B>  -Absent
<B><font color = 'blue'> .</font></B>  -Absent
<B><font color = 'blue'> .</font></B>  -Absent
<B><font color = 'blue'> .</font></B>  -Absent
<B><font color = 'blue'> .</font></B>  -Absent
<B><font color = 'blue'> .</font></B>  -Absent
<B><font color = 'blue'> .</font></B>  -Absent
<B><font color = 'blue'> .</font></B>  -Absent
<B><font color = 'blue'> .</font></B>  -Absent
<B><font color = 'blue'> .</font></B>  -Absent
<B><font color = 'blue'> .</font></B>  -Absent
<B><font color = 'blue'> .</font></B>  -Update Check 
<B><font color = 'blue'> .</font></B>  -updates@gmail.com
<B><font color = 'blue'> .</font></B>  -emp543
<B><font color = 'blue'> .</font></B>  -2022-10-31
<B><font color = 'blue'> .</font></B>  -Absent
<B><font color = 'blue'> .</font></B>  -Absent
<B><font color = 'blue'> .</font></B>  -undefined
<B><font color = 'blue'> .</font></B>  -Default
<B><font color = 'blue'> .</font></B>  -Default
<B><font color = 'blue'> .</font></B>  -Absent
<B><font color = 'blue'> .</font></B>  -Absent
<B><font color = 'blue'> .</font></B>  -Absent
<B><font color = 'blue'> .</font></B>  -Absent
<B><font color = 'blue'> .</font></B>  -Absent
<B><font color = 'blue'> .</font></B>  -Absent
<B><font color = 'blue'> .</font></B>  -Absent
<B><font color = 'blue'> .</font></B>  -Absent
<B><font color = 'blue'> .</font></B>  -Absent
<B><font color = 'blue'> .</font></B>  -Absent
<B><font color = 'blue'> .</font></B>  -Absent
<B><font color = 'blue'> .</font></B>  -test manager 
<B><font color = 'blue'> .</font></B>  -manageremp@gmail.com
<B><font color = 'blue'> .</font></B>  -glb020
<B><font color = 'blue'> .</font></B>  -2022-10-31
<B><font color = 'blue'> .</font></B>  -Absent
<B><font color = 'blue'> .</font></B>  -Absent
<B><font color = 'blue'> .</font></B>  -undefined
<B><font color = 'blue'> .</font></B>  -Default
<B><font color = 'blue'> .</font></B>  -Default
<B><font color = 'blue'> .</font></B>  -Absent
<B><font color = 'blue'> .</font></B>  -Absent
<B><font color = 'blue'> .</font></B>  -Absent
<B><font color = 'blue'> .</font></B>  -Absent
<B><font color = 'blue'> .</font></B>  -Absent
<B><font color = 'blue'> .</font></B>  -Absent
<B><font color = 'blue'> .</font></B>  -Absent
<B><font color = 'blue'> .</font></B>  -Absent
<B><font color = 'blue'> .</font></B>  -Absent
<B><font color = 'blue'> .</font></B>  -Absent
<B><font color = 'blue'> .</font></B>  -Absent
<B><font color = 'blue'> .</font></B>  -DESKTOP-PJJHB19 - GLB-BLR-002OjUpRD2 
<B><font color = 'blue'> .</font></B>  --
<B><font color = 'blue'> .</font></B>  -GLB-BLR-002OjUpRD2
<B><font color = 'blue'> .</font></B>  -2022-10-31
<B><font color = 'blue'> .</font></B>  -Absent
<B><font color = 'blue'> .</font></B>  -Absent
<B><font color = 'blue'> .</font></B>  -undefined
<B><font color = 'blue'> .</font></B>  -Default
<B><font color = 'blue'> .</font></B>  -Default
<B><font color = 'blue'> .</font></B>  -Absent
<B><font color = 'blue'> .</font></B>  -Absent
<B><font color = 'blue'> .</font></B>  -Absent
<B><font color = 'blue'> .</font></B>  -Absent
<B><font color = 'blue'> .</font></B>  -Absent
<B><font color = 'blue'> .</font></B>  -Absent
<B><font color = 'blue'> .</font></B>  -Absent
<B><font color = 'blue'> .</font></B>  -Absent
<B><font color = 'blue'> .</font></B>  -Absent
<B><font color = 'blue'> .</font></B>  -Absent
<B><font color = 'blue'> .</font></B>  -Absent
<B><font color = 'blue'> .</font></B>  -Usb Test 
<B><font color = 'blue'> .</font></B>  -usbtest123@gmail.com
<B><font color = 'blue'> .</font></B>  -emp0097
<B><font color = 'blue'> .</font></B>  -2022-10-31
<B><font color = 'blue'> .</font></B>  -Absent
<B><font color = 'blue'> .</font></B>  -Absent
<B><font color = 'blue'> .</font></B>  -undefined
<B><font color = 'blue'> .</font></B>  -Default
<B><font color = 'blue'> .</font></B>  -Default
<B><font color = 'blue'> .</font></B>  -Absent
<B><font color = 'blue'> .</font></B>  -Absent
<B><font color = 'blue'> .</font></B>  -Absent
<B><font color = 'blue'> .</font></B>  -Absent
<B><font color = 'blue'> .</font></B>  -Absent
<B><font color = 'blue'> .</font></B>  -Absent
<B><font color = 'blue'> .</font></B>  -Absent
<B><font color = 'blue'> .</font></B>  -Absent
<B><font color = 'blue'> .</font></B>  -Absent
<B><font color = 'blue'> .</font></B>  -Absent
<B><font color = 'blue'> .</font></B>  -Absent
<B><font color = 'blue'> .</font></B>  -SS Keystrokes 
<B><font color = 'blue'> .</font></B>  -sskey@gmail.com
<B><font color = 'blue'> .</font></B>  -emp98y
<B><font color = 'blue'> .</font></B>  -2022-10-31
<B><font color = 'blue'> .</font></B>  -Absent
<B><font color = 'blue'> .</font></B>  -Absent
<B><font color = 'blue'> .</font></B>  -undefined
<B><font color = 'blue'> .</font></B>  -Default
<B><font color = 'blue'> .</font></B>  -Default
<B><font color = 'blue'> .</font></B>  -Absent
<B><font color = 'blue'> .</font></B>  -Absent
<B><font color = 'blue'> .</font></B>  -Absent
<B><font color = 'blue'> .</font></B>  -Absent
<B><font color = 'blue'> .</font></B>  -Absent
<B><font color = 'blue'> .</font></B>  -Absent
<B><font color = 'blue'> .</font></B>  -Absent
<B><font color = 'blue'> .</font></B>  -Absent
<B><font color = 'blue'> .</font></B>  -Absent
<B><font color = 'blue'> .</font></B>  -Absent
<B><font color = 'blue'> .</font></B>  -Absent
<B><font color = 'blue'> .</font></B>  -shivammmmmmmmmmmmmmmmmmmm Kumar 
<B><font color = 'blue'> .</font></B>  -kgfyash545@gmail.com
<B><font color = 'blue'> .</font></B>  -hsakhdjk414
<B><font color = 'blue'> .</font></B>  -2022-10-31
<B><font color = 'blue'> .</font></B>  -Absent
<B><font color = 'blue'> .</font></B>  -Absent
<B><font color = 'blue'> .</font></B>  -undefined
<B><font color = 'blue'> .</font></B>  -Default
<B><font color = 'blue'> .</font></B>  -Default
<B><font color = 'blue'> .</font></B>  -Absent
<B><font color = 'blue'> .</font></B>  -Absent
<B><font color = 'blue'> .</font></B>  -Absent
<B><font color = 'blue'> .</font></B>  -Absent
<B><font color = 'blue'> .</font></B>  -Absent
<B><font color = 'blue'> .</font></B>  -Absent
<B><font color = 'blue'> .</font></B>  -Absent
<B><font color = 'blue'> .</font></B>  -Absent
<B><font color = 'blue'> .</font></B>  -Absent
<B><font color = 'blue'> .</font></B>  -Absent
<B><font color = 'blue'> .</font></B>  -Absent
<B><font color = 'blue'> .</font></B>  -Abhishek Four tf test 
<B><font color = 'blue'> .</font></B>  -abhishekfourtf@mail.com
<B><font color = 'blue'> .</font></B>  -HLIKSJ98
<B><font color = 'blue'> .</font></B>  -2022-10-31
<B><font color = 'blue'> .</font></B>  -Absent
<B><font color = 'blue'> .</font></B>  -Absent
<B><font color = 'blue'> .</font></B>  -undefined
<B><font color = 'blue'> .</font></B>  -Default
<B><font color = 'blue'> .</font></B>  -Default
<B><font color = 'blue'> .</font></B>  -Absent
<B><font color = 'blue'> .</font></B>  -Absent
<B><font color = 'blue'> .</font></B>  -Absent
<B><font color = 'blue'> .</font></B>  -Absent
<B><font color = 'blue'> .</font></B>  -Absent
<B><font color = 'blue'> .</font></B>  -Absent
<B><font color = 'blue'> .</font></B>  -Absent
<B><font color = 'blue'> .</font></B>  -Absent
<B><font color = 'blue'> .</font></B>  -Absent
<B><font color = 'blue'> .</font></B>  -Absent
<B><font color = 'blue'> .</font></B>  -Absent
<B><font color = 'blue'> .</font></B>  -new dev user 
<B><font color = 'blue'> .</font></B>  -new@dev.user
<B><font color = 'blue'> .</font></B>  -fdfsfsd
<B><font color = 'blue'> .</font></B>  -2022-10-31
<B><font color = 'blue'> .</font></B>  -Absent
<B><font color = 'blue'> .</font></B>  -Absent
<B><font color = 'blue'> .</font></B>  -undefined
<B><font color = 'blue'> .</font></B>  -Default
<B><font color = 'blue'> .</font></B>  -Default
<B><font color = 'blue'> .</font></B>  -Absent
<B><font color = 'blue'> .</font></B>  -Absent
<B><font color = 'blue'> .</font></B>  -Absent
<B><font color = 'blue'> .</font></B>  -Absent
<B><font color = 'blue'> .</font></B>  -Absent
<B><font color = 'blue'> .</font></B>  -Absent
<B><font color = 'blue'> .</font></B>  -Absent
<B><font color = 'blue'> .</font></B>  -Absent
<B><font color = 'blue'> .</font></B>  -Absent
<B><font color = 'blue'> .</font></B>  -Absent
<B><font color = 'blue'> .</font></B>  -Absent
<B><font color = 'blue'> .</font></B>  -aaaaaaaaaa aaaaaaaaa 
<B><font color = 'blue'> .</font></B>  -mmmm@gmail.com
<B><font color = 'blue'> .</font></B>  -80765s
<B><font color = 'blue'> .</font></B>  -2022-10-31
<B><font color = 'blue'> .</font></B>  -Absent
<B><font color = 'blue'> .</font></B>  -Absent
<B><font color = 'blue'> .</font></B>  -undefined
<B><font color = 'blue'> .</font></B>  -Bangalore
<B><font color = 'blue'> .</font></B>  -Testing
<B><font color = 'blue'> .</font></B>  -Absent
<B><font color = 'blue'> .</font></B>  -Absent
<B><font color = 'blue'> .</font></B>  -Absent
<B><font color = 'blue'> .</font></B>  -Absent
<B><font color = 'blue'> .</font></B>  -Absent
<B><font color = 'blue'> .</font></B>  -Absent
<B><font color = 'blue'> .</font></B>  -Absent
<B><font color = 'blue'> .</font></B>  -Absent
<B><font color = 'blue'> .</font></B>  -Absent
<B><font color = 'blue'> .</font></B>  -Absent
<B><font color = 'blue'> .</font></B>  -Absent
<B><font color = 'blue'> .</font></B>  -sumesh test 
<B><font color = 'blue'> .</font></B>  -sumesh@mail.com
<B><font color = 'blue'> .</font></B>  -fdgfdgf
<B><font color = 'blue'> .</font></B>  -2022-10-31
<B><font color = 'blue'> .</font></B>  -Absent
<B><font color = 'blue'> .</font></B>  -Absent
<B><font color = 'blue'> .</font></B>  -undefined
<B><font color = 'blue'> .</font></B>  -Bangalore
<B><font color = 'blue'> .</font></B>  -Testing
<B><font color = 'blue'> .</font></B>  -Absent
<B><font color = 'blue'> .</font></B>  -Absent
<B><font color = 'blue'> .</font></B>  -Absent
<B><font color = 'blue'> .</font></B>  -Absent
<B><font color = 'blue'> .</font></B>  -Absent
<B><font color = 'blue'> .</font></B>  -Absent
<B><font color = 'blue'> .</font></B>  -Absent
<B><font color = 'blue'> .</font></B>  -Absent
<B><font color = 'blue'> .</font></B>  -Absent
<B><font color = 'blue'> .</font></B>  -Absent
<B><font color = 'blue'> .</font></B>  -Absent
<B><font color = 'blue'> .</font></B>  -Test msc 
<B><font color = 'blue'> .</font></B>  -test123@gmail.com
<B><font color = 'blue'> .</font></B>  -12254
<B><font color = 'blue'> .</font></B>  -2022-10-31
<B><font color = 'blue'> .</font></B>  -Absent
<B><font color = 'blue'> .</font></B>  -Absent
<B><font color = 'blue'> .</font></B>  -undefined
<B><font color = 'blue'> .</font></B>  -Bangalore
<B><font color = 'blue'> .</font></B>  -Testing
<B><font color = 'blue'> .</font></B>  -Absent
<B><font color = 'blue'> .</font></B>  -Absent
<B><font color = 'blue'> .</font></B>  -Absent
<B><font color = 'blue'> .</font></B>  -Absent
<B><font color = 'blue'> .</font></B>  -Absent
<B><font color = 'blue'> .</font></B>  -Absent
<B><font color = 'blue'> .</font></B>  -Absent
<B><font color = 'blue'> .</font></B>  -Absent
<B><font color = 'blue'> .</font></B>  -Absent
<B><font color = 'blue'> .</font></B>  -Absent
<B><font color = 'blue'> .</font></B>  -Absent
<B><font color = 'blue'> .</font></B>  -deffdfds vscsc 
<B><font color = 'blue'> .</font></B>  -cscsdw123@gmail.com
<B><font color = 'blue'> .</font></B>  -1234512
<B><font color = 'blue'> .</font></B>  -2022-10-31
<B><font color = 'blue'> .</font></B>  -Absent
<B><font color = 'blue'> .</font></B>  -Absent
<B><font color = 'blue'> .</font></B>  -undefined
<B><font color = 'blue'> .</font></B>  -Bangalore
<B><font color = 'blue'> .</font></B>  -Testing
<B><font color = 'blue'> .</font></B>  -Absent
<B><font color = 'blue'> .</font></B>  -Absent
<B><font color = 'blue'> .</font></B>  -Absent
<B><font color = 'blue'> .</font></B>  -Absent
<B><font color = 'blue'> .</font></B>  -Absent
<B><font color = 'blue'> .</font></B>  -Absent
<B><font color = 'blue'> .</font></B>  -Absent
<B><font color = 'blue'> .</font></B>  -Absent
<B><font color = 'blue'> .</font></B>  -Absent
<B><font color = 'blue'> .</font></B>  -Absent
<B><font color = 'blue'> .</font></B>  -Absent
<B><font color = 'blue'> .</font></B>  -test testtt 
<B><font color = 'blue'> .</font></B>  -abcd@gmail.com
<B><font color = 'blue'> .</font></B>  -GLB55
<B><font color = 'blue'> .</font></B>  -2022-10-31
<B><font color = 'blue'> .</font></B>  -Absent
<B><font color = 'blue'> .</font></B>  -Absent
<B><font color = 'blue'> .</font></B>  -undefined
<B><font color = 'blue'> .</font></B>  -Bangalore
<B><font color = 'blue'> .</font></B>  -Testing
<B><font color = 'blue'> .</font></B>  -Absent
<B><font color = 'blue'> .</font></B>  -Absent
<B><font color = 'blue'> .</font></B>  -Absent
<B><font color = 'blue'> .</font></B>  -Absent
<B><font color = 'blue'> .</font></B>  -Absent
<B><font color = 'blue'> .</font></B>  -Absent
<B><font color = 'blue'> .</font></B>  -Absent
<B><font color = 'blue'> .</font></B>  -Absent
<B><font color = 'blue'> .</font></B>  -Absent
<B><font color = 'blue'> .</font></B>  -Absent
<B><font color = 'blue'> .</font></B>  -Absent
<B><font color = 'blue'> .</font></B>  -Abhishe tt 
<B><font color = 'blue'> .</font></B>  -ab@ab.com
<B><font color = 'blue'> .</font></B>  -GKD567
<B><font color = 'blue'> .</font></B>  -2022-10-31
<B><font color = 'blue'> .</font></B>  -Absent
<B><font color = 'blue'> .</font></B>  -Absent
<B><font color = 'blue'> .</font></B>  -undefined
<B><font color = 'blue'> .</font></B>  -Bangalore
<B><font color = 'blue'> .</font></B>  -Testing
<B><font color = 'blue'> .</font></B>  -Absent
<B><font color = 'blue'> .</font></B>  -Absent
<B><font color = 'blue'> .</font></B>  -Absent
<B><font color = 'blue'> .</font></B>  -Absent
<B><font color = 'blue'> .</font></B>  -Absent
<B><font color = 'blue'> .</font></B>  -Absent
<B><font color = 'blue'> .</font></B>  -Absent
<B><font color = 'blue'> .</font></B>  -Absent
<B><font color = 'blue'> .</font></B>  -Absent
<B><font color = 'blue'> .</font></B>  -Absent
<B><font color = 'blue'> .</font></B>  -Absent
<B><font color = 'blue'> .</font></B>  -test nonadmin 
<B><font color = 'blue'> .</font></B>  -testnonadmin@gmail.com
<B><font color = 'blue'> .</font></B>  -GLB026
<B><font color = 'blue'> .</font></B>  -2022-10-31
<B><font color = 'blue'> .</font></B>  -Absent
<B><font color = 'blue'> .</font></B>  -Absent
<B><font color = 'blue'> .</font></B>  -undefined
<B><font color = 'blue'> .</font></B>  -Bangalore
<B><font color = 'blue'> .</font></B>  -Php
<B><font color = 'blue'> .</font></B>  -Absent
<B><font color = 'blue'> .</font></B>  -Absent
<B><font color = 'blue'> .</font></B>  -Absent
<B><font color = 'blue'> .</font></B>  -Absent
<B><font color = 'blue'> .</font></B>  -Absent
<B><font color = 'blue'> .</font></B>  -Absent
<B><font color = 'blue'> .</font></B>  -Absent
<B><font color = 'blue'> .</font></B>  -Absent
<B><font color = 'blue'> .</font></B>  -Absent
<B><font color = 'blue'> .</font></B>  -Absent
<B><font color = 'blue'> .</font></B>  -Absent
<B><font color = 'blue'> .</font></B>  -adg ckj 
<B><font color = 'blue'> .</font></B>  -adcs@1234
<B><font color = 'blue'> .</font></B>  -583
<B><font color = 'blue'> .</font></B>  -2022-10-31
<B><font color = 'blue'> .</font></B>  -Absent
<B><font color = 'blue'> .</font></B>  -Absent
<B><font color = 'blue'> .</font></B>  -undefined
<B><font color = 'blue'> .</font></B>  -Bangalore
<B><font color = 'blue'> .</font></B>  -Testing
<B><font color = 'blue'> .</font></B>  -Absent
<B><font color = 'blue'> .</font></B>  -Absent
<B><font color = 'blue'> .</font></B>  -Absent
<B><font color = 'blue'> .</font></B>  -Absent
<B><font color = 'blue'> .</font></B>  -Absent
<B><font color = 'blue'> .</font></B>  -Absent
<B><font color = 'blue'> .</font></B>  -Absent
<B><font color = 'blue'> .</font></B>  -Absent
<B><font color = 'blue'> .</font></B>  -Absent
<B><font color = 'blue'> .</font></B>  -Absent
<B><font color = 'blue'> .</font></B>  -Absent
<B><font color = 'blue'> .</font></B>  -dominic toretto 
<B><font color = 'blue'> .</font></B>  -dom.toretto737@gmail.com
<B><font color = 'blue'> .</font></B>  -EMP011
<B><font color = 'blue'> .</font></B>  -2022-10-31
<B><font color = 'blue'> .</font></B>  -Absent
<B><font color = 'blue'> .</font></B>  -Absent
<B><font color = 'blue'> .</font></B>  -undefined
<B><font color = 'blue'> .</font></B>  -Bangalore
<B><font color = 'blue'> .</font></B>  -Testing
<B><font color = 'blue'> .</font></B>  -Absent
<B><font color = 'blue'> .</font></B>  -Absent
<B><font color = 'blue'> .</font></B>  -Absent
<B><font color = 'blue'> .</font></B>  -Absent
<B><font color = 'blue'> .</font></B>  -Absent
<B><font color = 'blue'> .</font></B>  -Absent
<B><font color = 'blue'> .</font></B>  -Absent
<B><font color = 'blue'> .</font></B>  -Absent
<B><font color = 'blue'> .</font></B>  -Absent
<B><font color = 'blue'> .</font></B>  -Absent
<B><font color = 'blue'> .</font></B>  -Absent
<B><font color = 'blue'> .</font></B>  -Superior Test one 
<B><font color = 'blue'> .</font></B>  -superiorone@gmail.com
<B><font color = 'blue'> .</font></B>  -twoqw
<B><font color = 'blue'> .</font></B>  -2022-10-31
<B><font color = 'blue'> .</font></B>  -Absent
<B><font color = 'blue'> .</font></B>  -Absent
<B><font color = 'blue'> .</font></B>  -undefined
<B><font color = 'blue'> .</font></B>  -Bangalore
<B><font color = 'blue'> .</font></B>  -Testing
<B><font color = 'blue'> .</font></B>  -Absent
<B><font color = 'blue'> .</font></B>  -Absent
<B><font color = 'blue'> .</font></B>  -Absent
<B><font color = 'blue'> .</font></B>  -Absent
<B><font color = 'blue'> .</font></B>  -Absent
<B><font color = 'blue'> .</font></B>  -Absent
<B><font color = 'blue'> .</font></B>  -Absent
<B><font color = 'blue'> .</font></B>  -Absent
<B><font color = 'blue'> .</font></B>  -Absent
<B><font color = 'blue'> .</font></B>  -Absent
<B><font color = 'blue'> .</font></B>  -Absent
<B><font color = 'blue'> .</font></B>  -test testw 
<B><font color = 'blue'> .</font></B>  -test@mac.in
<B><font color = 'blue'> .</font></B>  -aaf123
<B><font color = 'blue'> .</font></B>  -2022-10-31
<B><font color = 'blue'> .</font></B>  -Absent
<B><font color = 'blue'> .</font></B>  -Absent
<B><font color = 'blue'> .</font></B>  -undefined
<B><font color = 'blue'> .</font></B>  -Bangalore
<B><font color = 'blue'> .</font></B>  -Php
<B><font color = 'blue'> .</font></B>  -Absent
<B><font color = 'blue'> .</font></B>  -Absent
<B><font color = 'blue'> .</font></B>  -Absent
<B><font color = 'blue'> .</font></B>  -Absent
<B><font color = 'blue'> .</font></B>  -Absent
<B><font color = 'blue'> .</font></B>  -Absent
<B><font color = 'blue'> .</font></B>  -Absent
<B><font color = 'blue'> .</font></B>  -Absent
<B><font color = 'blue'> .</font></B>  -Absent
<B><font color = 'blue'> .</font></B>  -Absent
<B><font color = 'blue'> .</font></B>  -Absent
<B><font color = 'blue'> .</font></B>  -Test test 
<B><font color = 'blue'> .</font></B>  -sarikajain@gmail.com
<B><font color = 'blue'> .</font></B>  -E-101
<B><font color = 'blue'> .</font></B>  -2022-10-31
<B><font color = 'blue'> .</font></B>  -Absent
<B><font color = 'blue'> .</font></B>  -Absent
<B><font color = 'blue'> .</font></B>  -undefined
<B><font color = 'blue'> .</font></B>  -Bangalore
<B><font color = 'blue'> .</font></B>  -Testing
<B><font color = 'blue'> .</font></B>  -Absent
<B><font color = 'blue'> .</font></B>  -Absent
<B><font color = 'blue'> .</font></B>  -Absent
<B><font color = 'blue'> .</font></B>  -Absent
<B><font color = 'blue'> .</font></B>  -Absent
<B><font color = 'blue'> .</font></B>  -Absent
<B><font color = 'blue'> .</font></B>  -Absent
<B><font color = 'blue'> .</font></B>  -Absent
<B><font color = 'blue'> .</font></B>  -Absent
<B><font color = 'blue'> .</font></B>  -Absent
<B><font color = 'blue'> .</font></B>  -Absent
<B><font color = 'blue'> .</font></B>  -test123 abcd 
<B><font color = 'blue'> .</font></B>  -s@gmail.com
<B><font color = 'blue'> .</font></B>  -code123z
<B><font color = 'blue'> .</font></B>  -2022-10-31
<B><font color = 'blue'> .</font></B>  -Absent
<B><font color = 'blue'> .</font></B>  -Absent
<B><font color = 'blue'> .</font></B>  -undefined
<B><font color = 'blue'> .</font></B>  -Bangalore
<B><font color = 'blue'> .</font></B>  -Testing
<B><font color = 'blue'> .</font></B>  -Absent
<B><font color = 'blue'> .</font></B>  -Absent
<B><font color = 'blue'> .</font></B>  -Absent
<B><font color = 'blue'> .</font></B>  -Absent
<B><font color = 'blue'> .</font></B>  -Absent
<B><font color = 'blue'> .</font></B>  -Absent
<B><font color = 'blue'> .</font></B>  -Absent
<B><font color = 'blue'> .</font></B>  -Absent
<B><font color = 'blue'> .</font></B>  -Absent
<B><font color = 'blue'> .</font></B>  -Absent
<B><font color = 'blue'> .</font></B>  -Absent
<B><font color = 'blue'> .</font></B>  -testing test 
<B><font color = 'blue'> .</font></B>  -aarshajoyson1601@gmail.com
<B><font color = 'blue'> .</font></B>  -glb0008
<B><font color = 'blue'> .</font></B>  -2022-10-31
<B><font color = 'blue'> .</font></B>  -Absent
<B><font color = 'blue'> .</font></B>  -Absent
<B><font color = 'blue'> .</font></B>  -undefined
<B><font color = 'blue'> .</font></B>  -Bangalore
<B><font color = 'blue'> .</font></B>  -Php
<B><font color = 'blue'> .</font></B>  -Absent
<B><font color = 'blue'> .</font></B>  -Absent
<B><font color = 'blue'> .</font></B>  -Absent
<B><font color = 'blue'> .</font></B>  -Absent
<B><font color = 'blue'> .</font></B>  -Absent
<B><font color = 'blue'> .</font></B>  -Absent
<B><font color = 'blue'> .</font></B>  -Absent
<B><font color = 'blue'> .</font></B>  -Absent
<B><font color = 'blue'> .</font></B>  -Absent
<B><font color = 'blue'> .</font></B>  -Absent
<B><font color = 'blue'> .</font></B>  -Absent
<B><font color = 'blue'> .</font></B>  -Automation CodeeeAuto 
<B><font color = 'blue'> .</font></B>  -skabcdef7@gmail.com
<B><font color = 'blue'> .</font></B>  -Emp-Abzcde-1234522
<B><font color = 'blue'> .</font></B>  -2022-10-31
<B><font color = 'blue'> .</font></B>  -Absent
<B><font color = 'blue'> .</font></B>  -Absent
<B><font color = 'blue'> .</font></B>  -undefined
<B><font color = 'blue'> .</font></B>  -Bangalore
<B><font color = 'blue'> .</font></B>  -Testing
<B><font color = 'blue'> .</font></B>  -Absent
<B><font color = 'blue'> .</font></B>  -Absent
<B><font color = 'blue'> .</font></B>  -Absent
<B><font color = 'blue'> .</font></B>  -Absent
<B><font color = 'blue'> .</font></B>  -Absent
<B><font color = 'blue'> .</font></B>  -Absent
<B><font color = 'blue'> .</font></B>  -Absent
<B><font color = 'blue'> .</font></B>  -Absent
<B><font color = 'blue'> .</font></B>  -Absent
<B><font color = 'blue'> .</font></B>  -Absent
<B><font color = 'blue'> .</font></B>  -Absent
<B><font color = 'blue'> .</font></B>  -piyush dfgsfg 
<B><font color = 'blue'> .</font></B>  -jos@gmail.com
<B><font color = 'blue'> .</font></B>  -sdgff
<B><font color = 'blue'> .</font></B>  -2022-10-31
<B><font color = 'blue'> .</font></B>  -Absent
<B><font color = 'blue'> .</font></B>  -Absent
<B><font color = 'blue'> .</font></B>  -undefined
<B><font color = 'blue'> .</font></B>  -Bangalore
<B><font color = 'blue'> .</font></B>  -Testing
<B><font color = 'blue'> .</font></B>  -Absent
<B><font color = 'blue'> .</font></B>  -Absent
<B><font color = 'blue'> .</font></B>  -Absent
<B><font color = 'blue'> .</font></B>  -Absent
<B><font color = 'blue'> .</font></B>  -Absent
<B><font color = 'blue'> .</font></B>  -Absent
<B><font color = 'blue'> .</font></B>  -Absent
<B><font color = 'blue'> .</font></B>  -Absent
<B><font color = 'blue'> .</font></B>  -Absent
<B><font color = 'blue'> .</font></B>  -Absent
<B><font color = 'blue'> .</font></B>  -Absent
<B><font color = 'blue'> .</font></B>  -Aryan raj 
<B><font color = 'blue'> .</font></B>  -alex@gmail.com
<B><font color = 'blue'> .</font></B>  -126
<B><font color = 'blue'> .</font></B>  -2022-10-31
<B><font color = 'blue'> .</font></B>  -Absent
<B><font color = 'blue'> .</font></B>  -Absent
<B><font color = 'blue'> .</font></B>  -undefined
<B><font color = 'blue'> .</font></B>  -Bangalore
<B><font color = 'blue'> .</font></B>  -Testing
<B><font color = 'blue'> .</font></B>  -Absent
<B><font color = 'blue'> .</font></B>  -Absent
<B><font color = 'blue'> .</font></B>  -Absent
<B><font color = 'blue'> .</font></B>  -Absent
<B><font color = 'blue'> .</font></B>  -Absent
<B><font color = 'blue'> .</font></B>  -Absent
<B><font color = 'blue'> .</font></B>  -Absent
<B><font color = 'blue'> .</font></B>  -Absent
<B><font color = 'blue'> .</font></B>  -Absent
<B><font color = 'blue'> .</font></B>  -Absent
<B><font color = 'blue'> .</font></B>  -Absent
<B><font color = 'blue'> .</font></B>  -Automation CodeeeAuto 
<B><font color = 'blue'> .</font></B>  -skabcdef38@gmail.com
<B><font color = 'blue'> .</font></B>  -Emp-Abzcde-123457
<B><font color = 'blue'> .</font></B>  -2022-10-31
<B><font color = 'blue'> .</font></B>  -Absent
<B><font color = 'blue'> .</font></B>  -Absent
<B><font color = 'blue'> .</font></B>  -undefined
<B><font color = 'blue'> .</font></B>  -Bangalore
<B><font color = 'blue'> .</font></B>  -Testing
<B><font color = 'blue'> .</font></B>  -Absent
<B><font color = 'blue'> .</font></B>  -Absent
<B><font color = 'blue'> .</font></B>  -Absent
<B><font color = 'blue'> .</font></B>  -Absent
<B><font color = 'blue'> .</font></B>  -Absent
<B><font color = 'blue'> .</font></B>  -Absent
<B><font color = 'blue'> .</font></B>  -Absent
<B><font color = 'blue'> .</font></B>  -Absent
<B><font color = 'blue'> .</font></B>  -Absent
<B><font color = 'blue'> .</font></B>  -Absent
<B><font color = 'blue'> .</font></B>  -Absent
<B><font color = 'blue'> .</font></B>  -Automation CodeeeAuto 
<B><font color = 'blue'> .</font></B>  -skabcdef33@gmail.com
<B><font color = 'blue'> .</font></B>  -Emp-Abzcde-1234557
<B><font color = 'blue'> .</font></B>  -2022-10-31
<B><font color = 'blue'> .</font></B>  -Absent
<B><font color = 'blue'> .</font></B>  -Absent
<B><font color = 'blue'> .</font></B>  -undefined
<B><font color = 'blue'> .</font></B>  -Bangalore
<B><font color = 'blue'> .</font></B>  -Testing
<B><font color = 'blue'> .</font></B>  -Absent
<B><font color = 'blue'> .</font></B>  -Absent
<B><font color = 'blue'> .</font></B>  -Absent
<B><font color = 'blue'> .</font></B>  -Absent
<B><font color = 'blue'> .</font></B>  -Absent
<B><font color = 'blue'> .</font></B>  -Absent
<B><font color = 'blue'> .</font></B>  -Absent
<B><font color = 'blue'> .</font></B>  -Absent
<B><font color = 'blue'> .</font></B>  -Absent
<B><font color = 'blue'> .</font></B>  -Absent
<B><font color = 'blue'> .</font></B>  -Absent
<B><font color = 'blue'> .</font></B>  -D Surya Prabhakar 
<B><font color = 'blue'> .</font></B>  -surya1@gmail.com
<B><font color = 'blue'> .</font></B>  -EM010
<B><font color = 'blue'> .</font></B>  -2022-10-31
<B><font color = 'blue'> .</font></B>  -Absent
<B><font color = 'blue'> .</font></B>  -Absent
<B><font color = 'blue'> .</font></B>  -undefined
<B><font color = 'blue'> .</font></B>  -bengaluru
<B><font color = 'blue'> .</font></B>  -Testing
<B><font color = 'blue'> .</font></B>  -Absent
<B><font color = 'blue'> .</font></B>  -Absent
<B><font color = 'blue'> .</font></B>  -Absent
<B><font color = 'blue'> .</font></B>  -Absent
<B><font color = 'blue'> .</font></B>  -Absent
<B><font color = 'blue'> .</font></B>  -Absent
<B><font color = 'blue'> .</font></B>  -Absent
<B><font color = 'blue'> .</font></B>  -Absent
<B><font color = 'blue'> .</font></B>  -Absent
<B><font color = 'blue'> .</font></B>  -Absent
<B><font color = 'blue'> .</font></B>  -Absent
<B><font color = 'blue'> .</font></B>  -R o       hit Sharma 
<B><font color = 'blue'> .</font></B>  -rahulrajt5613928@gmail.com
<B><font color = 'blue'> .</font></B>  -67645
<B><font color = 'blue'> .</font></B>  -2022-10-31
<B><font color = 'blue'> .</font></B>  -Absent
<B><font color = 'blue'> .</font></B>  -Absent
<B><font color = 'blue'> .</font></B>  -undefined
<B><font color = 'blue'> .</font></B>  -bengaluru
<B><font color = 'blue'> .</font></B>  -Testing
<B><font color = 'blue'> .</font></B>  -Absent
<B><font color = 'blue'> .</font></B>  -Absent
<B><font color = 'blue'> .</font></B>  -Absent
<B><font color = 'blue'> .</font></B>  -Absent
<B><font color = 'blue'> .</font></B>  -Absent
<B><font color = 'blue'> .</font></B>  -Absent
<B><font color = 'blue'> .</font></B>  -Absent
<B><font color = 'blue'> .</font></B>  -Absent
<B><font color = 'blue'> .</font></B>  -Absent
<B><font color = 'blue'> .</font></B>  -Absent
<B><font color = 'blue'> .</font></B>  -Absent
<B><font color = 'blue'> .</font></B>  -ni test 
<B><font color = 'blue'> .</font></B>  -nitest12@gmail.com
<B><font color = 'blue'> .</font></B>  -GLB678
<B><font color = 'blue'> .</font></B>  -2022-10-31
<B><font color = 'blue'> .</font></B>  -Absent
<B><font color = 'blue'> .</font></B>  -Absent
<B><font color = 'blue'> .</font></B>  -undefined
<B><font color = 'blue'> .</font></B>  -bengaluru
<B><font color = 'blue'> .</font></B>  -Testing
<B><font color = 'blue'> .</font></B>  -Absent
<B><font color = 'blue'> .</font></B>  -Absent
<B><font color = 'blue'> .</font></B>  -Absent
<B><font color = 'blue'> .</font></B>  -Absent
<B><font color = 'blue'> .</font></B>  -Absent
<B><font color = 'blue'> .</font></B>  -Absent
<B><font color = 'blue'> .</font></B>  -Absent
<B><font color = 'blue'> .</font></B>  -Absent
<B><font color = 'blue'> .</font></B>  -Absent
<B><font color = 'blue'> .</font></B>  -Absent
<B><font color = 'blue'> .</font></B>  -Absent
<B><font color = 'blue'> .</font></B>  -one test 
<B><font color = 'blue'> .</font></B>  -testone1234@gmail.com
<B><font color = 'blue'> .</font></B>  -0110
<B><font color = 'blue'> .</font></B>  -2022-10-31
<B><font color = 'blue'> .</font></B>  -Absent
<B><font color = 'blue'> .</font></B>  -Absent
<B><font color = 'blue'> .</font></B>  -undefined
<B><font color = 'blue'> .</font></B>  -bengaluru
<B><font color = 'blue'> .</font></B>  -Testing
<B><font color = 'blue'> .</font></B>  -Absent
<B><font color = 'blue'> .</font></B>  -Absent
<B><font color = 'blue'> .</font></B>  -Absent
<B><font color = 'blue'> .</font></B>  -Absent
<B><font color = 'blue'> .</font></B>  -Absent
<B><font color = 'blue'> .</font></B>  -Absent
<B><font color = 'blue'> .</font></B>  -Absent
<B><font color = 'blue'> .</font></B>  -Absent
<B><font color = 'blue'> .</font></B>  -Absent
<B><font color = 'blue'> .</font></B>  -Absent
<B><font color = 'blue'> .</font></B>  -Absent
<B><font color = 'blue'> .</font></B>  -GLB-BLR-010-PC - GLB-BLR-010 
<B><font color = 'blue'> .</font></B>  -abcd@yuksdgus
<B><font color = 'blue'> .</font></B>  -GLB-BLR-010
<B><font color = 'blue'> .</font></B>  -2022-10-31
<B><font color = 'blue'> .</font></B>  -Absent
<B><font color = 'blue'> .</font></B>  -Absent
<B><font color = 'blue'> .</font></B>  -undefined
<B><font color = 'blue'> .</font></B>  -bengaluru
<B><font color = 'blue'> .</font></B>  -Testing
<B><font color = 'blue'> .</font></B>  -Absent
<B><font color = 'blue'> .</font></B>  -Absent
<B><font color = 'blue'> .</font></B>  -Absent
<B><font color = 'blue'> .</font></B>  -Absent
<B><font color = 'blue'> .</font></B>  -Absent
<B><font color = 'blue'> .</font></B>  -Absent
<B><font color = 'blue'> .</font></B>  -Absent
<B><font color = 'blue'> .</font></B>  -Absent
<B><font color = 'blue'> .</font></B>  -Absent
<B><font color = 'blue'> .</font></B>  -Absent
<B><font color = 'blue'> .</font></B>  -Absent
<B><font color = 'blue'> .</font></B>  -surya kk 
<B><font color = 'blue'> .</font></B>  -123@gmail.com
<B><font color = 'blue'> .</font></B>  -mmmmm
<B><font color = 'blue'> .</font></B>  -2022-10-31
<B><font color = 'blue'> .</font></B>  -Absent
<B><font color = 'blue'> .</font></B>  -Absent
<B><font color = 'blue'> .</font></B>  -undefined
<B><font color = 'blue'> .</font></B>  -Tamilnadu
<B><font color = 'blue'> .</font></B>  -Test and Dev
<B><font color = 'blue'> .</font></B>  -Absent
<B><font color = 'blue'> .</font></B>  -Absent
<B><font color = 'blue'> .</font></B>  -Absent
<B><font color = 'blue'> .</font></B>  -Absent
<B><font color = 'blue'> .</font></B>  -Absent
<B><font color = 'blue'> .</font></B>  -Absent
<B><font color = 'blue'> .</font></B>  -Absent
<B><font color = 'blue'> .</font></B>  -Absent
<B><font color = 'blue'> .</font></B>  -Absent
<B><font color = 'blue'> .</font></B>  -Absent
<B><font color = 'blue'> .</font></B>  -Absent
<B><font color = 'blue'> .</font></B>  -sai kk 
<B><font color = 'blue'> .</font></B>  -saikk19876@gmail.com
<B><font color = 'blue'> .</font></B>  -20221019
<B><font color = 'blue'> .</font></B>  -2022-10-31
<B><font color = 'blue'> .</font></B>  -Absent
<B><font color = 'blue'> .</font></B>  -Absent
<B><font color = 'blue'> .</font></B>  -undefined
<B><font color = 'blue'> .</font></B>  -Tamilnadu
<B><font color = 'blue'> .</font></B>  -Test and Dev
<B><font color = 'blue'> .</font></B>  -Absent
<B><font color = 'blue'> .</font></B>  -Absent
<B><font color = 'blue'> .</font></B>  -Absent
<B><font color = 'blue'> .</font></B>  -Absent
<B><font color = 'blue'> .</font></B>  -Absent
<B><font color = 'blue'> .</font></B>  -Absent
<B><font color = 'blue'> .</font></B>  -Absent
<B><font color = 'blue'> .</font></B>  -Absent
<B><font color = 'blue'> .</font></B>  -Absent
<B><font color = 'blue'> .</font></B>  -Absent
<B><font color = 'blue'> .</font></B>  -Absent
<B><font color = 'blue'> .</font></B>  -ajeethemp test 
<B><font color = 'blue'> .</font></B>  -ajeethemp@gmail.com
<B><font color = 'blue'> .</font></B>  -A01
<B><font color = 'blue'> .</font></B>  -2022-10-31
<B><font color = 'blue'> .</font></B>  -Absent
<B><font color = 'blue'> .</font></B>  -Absent
<B><font color = 'blue'> .</font></B>  -undefined
<B><font color = 'blue'> .</font></B>  -Tamilnadu
<B><font color = 'blue'> .</font></B>  -Test and Dev
<B><font color = 'blue'> .</font></B>  -Absent
<B><font color = 'blue'> .</font></B>  -Absent
<B><font color = 'blue'> .</font></B>  -Absent
<B><font color = 'blue'> .</font></B>  -Absent
<B><font color = 'blue'> .</font></B>  -Absent
<B><font color = 'blue'> .</font></B>  -Absent
<B><font color = 'blue'> .</font></B>  -Absent
<B><font color = 'blue'> .</font></B>  -Absent
<B><font color = 'blue'> .</font></B>  -Absent
<B><font color = 'blue'> .</font></B>  -Absent
<B><font color = 'blue'> .</font></B>  -Absent
<B><font color = 'blue'> .</font></B>  -test user two 
<B><font color = 'blue'> .</font></B>  -testuser@two.io
<B><font color = 'blue'> .</font></B>  -GSLL-327
<B><font color = 'blue'> .</font></B>  -2022-10-31
<B><font color = 'blue'> .</font></B>  -Absent
<B><font color = 'blue'> .</font></B>  -Absent
<B><font color = 'blue'> .</font></B>  -undefined
<B><font color = 'blue'> .</font></B>  -Tamilnadu
<B><font color = 'blue'> .</font></B>  -Test and Dev
<B><font color = 'blue'> .</font></B>  -Absent
<B><font color = 'blue'> .</font></B>  -Absent
<B><font color = 'blue'> .</font></B>  -Absent
<B><font color = 'blue'> .</font></B>  -Absent
<B><font color = 'blue'> .</font></B>  -Absent
<B><font color = 'blue'> .</font></B>  -Absent
<B><font color = 'blue'> .</font></B>  -Absent
<B><font color = 'blue'> .</font></B>  -Absent
<B><font color = 'blue'> .</font></B>  -Absent
<B><font color = 'blue'> .</font></B>  -Absent
<B><font color = 'blue'> .</font></B>  -Absent
<B><font color = 'blue'> .</font></B>  -Himanshu Kumar 
<B><font color = 'blue'> .</font></B>  -himanshu1@gmail.com
<B><font color = 'blue'> .</font></B>  -EM011
<B><font color = 'blue'> .</font></B>  -2022-10-31
<B><font color = 'blue'> .</font></B>  -Absent
<B><font color = 'blue'> .</font></B>  -Absent
<B><font color = 'blue'> .</font></B>  -undefined
<B><font color = 'blue'> .</font></B>  -bagalkot
<B><font color = 'blue'> .</font></B>  -manual testing
<B><font color = 'blue'> .</font></B>  -Absent
<B><font color = 'blue'> .</font></B>  -Absent
<B><font color = 'blue'> .</font></B>  -Absent
<B><font color = 'blue'> .</font></B>  -Absent
<B><font color = 'blue'> .</font></B>  -Absent
<B><font color = 'blue'> .</font></B>  -Absent
<B><font color = 'blue'> .</font></B>  -Absent
<B><font color = 'blue'> .</font></B>  -Absent
<B><font color = 'blue'> .</font></B>  -Absent
<B><font color = 'blue'> .</font></B>  -Absent
<B><font color = 'blue'> .</font></B>  -Absent
<B><font color = 'blue'> .</font></B>  -dxgfdxg gssdg 
<B><font color = 'blue'> .</font></B>  -sdgsg@dgksodkg.in
<B><font color = 'blue'> .</font></B>  -asfda343443
<B><font color = 'blue'> .</font></B>  -2022-10-31
<B><font color = 'blue'> .</font></B>  -Absent
<B><font color = 'blue'> .</font></B>  -Absent
<B><font color = 'blue'> .</font></B>  -undefined
<B><font color = 'blue'> .</font></B>  -Bhilai
<B><font color = 'blue'> .</font></B>  -Php
<B><font color = 'blue'> .</font></B>  -Absent
<B><font color = 'blue'> .</font></B>  -Absent
<B><font color = 'blue'> .</font></B>  -Absent
<B><font color = 'blue'> .</font></B>  -Absent
<B><font color = 'blue'> .</font></B>  -Absent
<B><font color = 'blue'> .</font></B>  -Absent
<B><font color = 'blue'> .</font></B>  -Absent
<B><font color = 'blue'> .</font></B>  -Absent
<B><font color = 'blue'> .</font></B>  -Absent
<B><font color = 'blue'> .</font></B>  -Absent
<B><font color = 'blue'> .</font></B>  -Absent
<B><font color = 'blue'> .</font></B>  -Guest User 
<B><font color = 'blue'> .</font></B>  -guestuser@gmail.com
<B><font color = 'blue'> .</font></B>  -GLB-777
<B><font color = 'blue'> .</font></B>  -2022-10-31
<B><font color = 'blue'> .</font></B>  -Absent
<B><font color = 'blue'> .</font></B>  -Absent
<B><font color = 'blue'> .</font></B>  -undefined
<B><font color = 'blue'> .</font></B>  -Bhilai
<B><font color = 'blue'> .</font></B>  -Php
<B><font color = 'blue'> .</font></B>  -Absent
<B><font color = 'blue'> .</font></B>  -Absent
<B><font color = 'blue'> .</font></B>  -Absent
<B><font color = 'blue'> .</font></B>  -Absent
<B><font color = 'blue'> .</font></B>  -Absent
<B><font color = 'blue'> .</font></B>  -Absent
<B><font color = 'blue'> .</font></B>  -Absent
<B><font color = 'blue'> .</font></B>  -Absent
<B><font color = 'blue'> .</font></B>  -Absent
<B><font color = 'blue'> .</font></B>  -Absent
<B><font color = 'blue'> .</font></B>  -Absent
<B><font color = 'blue'> .</font></B>  -Abhishek Test 
<B><font color = 'blue'> .</font></B>  -abhishektrest@glb.in
<B><font color = 'blue'> .</font></B>  -rN7tvEiDPGNi4fD
<B><font color = 'blue'> .</font></B>  -2022-10-30
<B><font color = 'blue'> .</font></B>  -30-10-2022 00:00:53
<B><font color = 'blue'> .</font></B>  -30-10-2022 15:10:01
<B><font color = 'blue'> .</font></B>  -GLB-124-PC
<B><font color = 'blue'> .</font></B>  -Bangalore
<B><font color = 'blue'> .</font></B>  -Php
<B><font color = 'blue'> .</font></B>  -15:09:08
<B><font color = 'blue'> .</font></B>  -00:00:00
<B><font color = 'blue'> .</font></B>  -00:00:00
<B><font color = 'blue'> .</font></B>  -00:00:00
<B><font color = 'blue'> .</font></B>  -00:00:00
<B><font color = 'blue'> .</font></B>  -00:00:00
<B><font color = 'blue'> .</font></B>  -00:00:00
<B><font color = 'blue'> .</font></B>  -15:09:08
<B><font color = 'blue'> .</font></B>  -0.00%
<B><font color = 'blue'> .</font></B>  --480:00
<B><font color = 'blue'> .</font></B>  -0.00
<B><font color = 'blue'> .</font></B>  -Virat kohli 
<B><font color = 'blue'> .</font></B>  -rahukbgdxgsf@gmail.com
<B><font color = 'blue'> .</font></B>  -65332
<B><font color = 'blue'> .</font></B>  -2022-10-30
<B><font color = 'blue'> .</font></B>  -Absent
<B><font color = 'blue'> .</font></B>  -Absent
<B><font color = 'blue'> .</font></B>  -undefined
<B><font color = 'blue'> .</font></B>  -Default
<B><font color = 'blue'> .</font></B>  -Default
<B><font color = 'blue'> .</font></B>  -Absent
<B><font color = 'blue'> .</font></B>  -Absent
<B><font color = 'blue'> .</font></B>  -Absent
<B><font color = 'blue'> .</font></B>  -Absent
<B><font color = 'blue'> .</font></B>  -Absent
<B><font color = 'blue'> .</font></B>  -Absent
<B><font color = 'blue'> .</font></B>  -Absent
<B><font color = 'blue'> .</font></B>  -Absent
<B><font color = 'blue'> .</font></B>  -Absent
<B><font color = 'blue'> .</font></B>  -Absent
<B><font color = 'blue'> .</font></B>  -Absent
<B><font color = 'blue'> .</font></B>  -sadas kadkasdj 
<B><font color = 'blue'> .</font></B>  -dsa@eqe
<B><font color = 'blue'> .</font></B>  -emp129666
<B><font color = 'blue'> .</font></B>  -2022-10-30
<B><font color = 'blue'> .</font></B>  -Absent
<B><font color = 'blue'> .</font></B>  -Absent
<B><font color = 'blue'> .</font></B>  -undefined
<B><font color = 'blue'> .</font></B>  -Default
<B><font color = 'blue'> .</font></B>  -Default
<B><font color = 'blue'> .</font></B>  -Absent
<B><font color = 'blue'> .</font></B>  -Absent
<B><font color = 'blue'> .</font></B>  -Absent
<B><font color = 'blue'> .</font></B>  -Absent
<B><font color = 'blue'> .</font></B>  -Absent
<B><font color = 'blue'> .</font></B>  -Absent
<B><font color = 'blue'> .</font></B>  -Absent
<B><font color = 'blue'> .</font></B>  -Absent
<B><font color = 'blue'> .</font></B>  -Absent
<B><font color = 'blue'> .</font></B>  -Absent
<B><font color = 'blue'> .</font></B>  -Absent
<B><font color = 'blue'> .</font></B>  -New Test 
<B><font color = 'blue'> .</font></B>  -newtest@gmail.com
<B><font color = 'blue'> .</font></B>  -ewer334443
<B><font color = 'blue'> .</font></B>  -2022-10-30
<B><font color = 'blue'> .</font></B>  -Absent
<B><font color = 'blue'> .</font></B>  -Absent
<B><font color = 'blue'> .</font></B>  -undefined
<B><font color = 'blue'> .</font></B>  -Default
<B><font color = 'blue'> .</font></B>  -Default
<B><font color = 'blue'> .</font></B>  -Absent
<B><font color = 'blue'> .</font></B>  -Absent
<B><font color = 'blue'> .</font></B>  -Absent
<B><font color = 'blue'> .</font></B>  -Absent
<B><font color = 'blue'> .</font></B>  -Absent
<B><font color = 'blue'> .</font></B>  -Absent
<B><font color = 'blue'> .</font></B>  -Absent
<B><font color = 'blue'> .</font></B>  -Absent
<B><font color = 'blue'> .</font></B>  -Absent
<B><font color = 'blue'> .</font></B>  -Absent
<B><font color = 'blue'> .</font></B>  -Absent
<B><font color = 'blue'> .</font></B>  -dshcdb uidsbf 
<B><font color = 'blue'> .</font></B>  -dvbvdb@yahoo.com
<B><font color = 'blue'> .</font></B>  -435454
<B><font color = 'blue'> .</font></B>  -2022-10-30
<B><font color = 'blue'> .</font></B>  -Absent
<B><font color = 'blue'> .</font></B>  -Absent
<B><font color = 'blue'> .</font></B>  -undefined
<B><font color = 'blue'> .</font></B>  -Default
<B><font color = 'blue'> .</font></B>  -Default
<B><font color = 'blue'> .</font></B>  -Absent
<B><font color = 'blue'> .</font></B>  -Absent
<B><font color = 'blue'> .</font></B>  -Absent
<B><font color = 'blue'> .</font></B>  -Absent
<B><font color = 'blue'> .</font></B>  -Absent
<B><font color = 'blue'> .</font></B>  -Absent
<B><font color = 'blue'> .</font></B>  -Absent
<B><font color = 'blue'> .</font></B>  -Absent
<B><font color = 'blue'> .</font></B>  -Absent
<B><font color = 'blue'> .</font></B>  -Absent
<B><font color = 'blue'> .</font></B>  -Absent
<B><font color = 'blue'> .</font></B>  -try last 
<B><font color = 'blue'> .</font></B>  -try@gmail.com
<B><font color = 'blue'> .</font></B>  -1225455
<B><font color = 'blue'> .</font></B>  -2022-10-30
<B><font color = 'blue'> .</font></B>  -Absent
<B><font color = 'blue'> .</font></B>  -Absent
<B><font color = 'blue'> .</font></B>  -undefined
<B><font color = 'blue'> .</font></B>  -Default
<B><font color = 'blue'> .</font></B>  -Default
<B><font color = 'blue'> .</font></B>  -Absent
<B><font color = 'blue'> .</font></B>  -Absent
<B><font color = 'blue'> .</font></B>  -Absent
<B><font color = 'blue'> .</font></B>  -Absent
<B><font color = 'blue'> .</font></B>  -Absent
<B><font color = 'blue'> .</font></B>  -Absent
<B><font color = 'blue'> .</font></B>  -Absent
<B><font color = 'blue'> .</font></B>  -Absent
<B><font color = 'blue'> .</font></B>  -Absent
<B><font color = 'blue'> .</font></B>  -Absent
<B><font color = 'blue'> .</font></B>  -Absent
<B><font color = 'blue'> .</font></B>  -vdjvdb yusvdvbbh 
<B><font color = 'blue'> .</font></B>  -dvhbfdh@gmail.com
<B><font color = 'blue'> .</font></B>  -wq534342
<B><font color = 'blue'> .</font></B>  -2022-10-30
<B><font color = 'blue'> .</font></B>  -Absent
<B><font color = 'blue'> .</font></B>  -Absent
<B><font color = 'blue'> .</font></B>  -undefined
<B><font color = 'blue'> .</font></B>  -Default
<B><font color = 'blue'> .</font></B>  -Default
<B><font color = 'blue'> .</font></B>  -Absent
<B><font color = 'blue'> .</font></B>  -Absent
<B><font color = 'blue'> .</font></B>  -Absent
<B><font color = 'blue'> .</font></B>  -Absent
<B><font color = 'blue'> .</font></B>  -Absent
<B><font color = 'blue'> .</font></B>  -Absent
<B><font color = 'blue'> .</font></B>  -Absent
<B><font color = 'blue'> .</font></B>  -Absent
<B><font color = 'blue'> .</font></B>  -Absent
<B><font color = 'blue'> .</font></B>  -Absent
<B><font color = 'blue'> .</font></B>  -Absent
<B><font color = 'blue'> .</font></B>  -Mail Test user 
<B><font color = 'blue'> .</font></B>  -maintest@user.io
<B><font color = 'blue'> .</font></B>  -GLB-1223888
<B><font color = 'blue'> .</font></B>  -2022-10-30
<B><font color = 'blue'> .</font></B>  -Absent
<B><font color = 'blue'> .</font></B>  -Absent
<B><font color = 'blue'> .</font></B>  -undefined
<B><font color = 'blue'> .</font></B>  -Default
<B><font color = 'blue'> .</font></B>  -Default
<B><font color = 'blue'> .</font></B>  -Absent
<B><font color = 'blue'> .</font></B>  -Absent
<B><font color = 'blue'> .</font></B>  -Absent
<B><font color = 'blue'> .</font></B>  -Absent
<B><font color = 'blue'> .</font></B>  -Absent
<B><font color = 'blue'> .</font></B>  -Absent
<B><font color = 'blue'> .</font></B>  -Absent
<B><font color = 'blue'> .</font></B>  -Absent
<B><font color = 'blue'> .</font></B>  -Absent
<B><font color = 'blue'> .</font></B>  -Absent
<B><font color = 'blue'> .</font></B>  -Absent
<B><font color = 'blue'> .</font></B>  -Update Check 
<B><font color = 'blue'> .</font></B>  -updates@gmail.com
<B><font color = 'blue'> .</font></B>  -emp543
<B><font color = 'blue'> .</font></B>  -2022-10-30
<B><font color = 'blue'> .</font></B>  -Absent
<B><font color = 'blue'> .</font></B>  -Absent
<B><font color = 'blue'> .</font></B>  -undefined
<B><font color = 'blue'> .</font></B>  -Default
<B><font color = 'blue'> .</font></B>  -Default
<B><font color = 'blue'> .</font></B>  -Absent
<B><font color = 'blue'> .</font></B>  -Absent
<B><font color = 'blue'> .</font></B>  -Absent
<B><font color = 'blue'> .</font></B>  -Absent
<B><font color = 'blue'> .</font></B>  -Absent
<B><font color = 'blue'> .</font></B>  -Absent
<B><font color = 'blue'> .</font></B>  -Absent
<B><font color = 'blue'> .</font></B>  -Absent
<B><font color = 'blue'> .</font></B>  -Absent
<B><font color = 'blue'> .</font></B>  -Absent
<B><font color = 'blue'> .</font></B>  -Absent
<B><font color = 'blue'> .</font></B>  -test manager 
<B><font color = 'blue'> .</font></B>  -manageremp@gmail.com
<B><font color = 'blue'> .</font></B>  -glb020
<B><font color = 'blue'> .</font></B>  -2022-10-30
<B><font color = 'blue'> .</font></B>  -Absent
<B><font color = 'blue'> .</font></B>  -Absent
<B><font color = 'blue'> .</font></B>  -undefined
<B><font color = 'blue'> .</font></B>  -Default
<B><font color = 'blue'> .</font></B>  -Default
<B><font color = 'blue'> .</font></B>  -Absent
<B><font color = 'blue'> .</font></B>  -Absent
<B><font color = 'blue'> .</font></B>  -Absent
<B><font color = 'blue'> .</font></B>  -Absent
<B><font color = 'blue'> .</font></B>  -Absent
<B><font color = 'blue'> .</font></B>  -Absent
<B><font color = 'blue'> .</font></B>  -Absent
<B><font color = 'blue'> .</font></B>  -Absent
<B><font color = 'blue'> .</font></B>  -Absent
<B><font color = 'blue'> .</font></B>  -Absent
<B><font color = 'blue'> .</font></B>  -Absent
<B><font color = 'blue'> .</font></B>  -DESKTOP-PJJHB19 - GLB-BLR-002OjUpRD2 
<B><font color = 'blue'> .</font></B>  --
<B><font color = 'blue'> .</font></B>  -GLB-BLR-002OjUpRD2
<B><font color = 'blue'> .</font></B>  -2022-10-30
<B><font color = 'blue'> .</font></B>  -Absent
<B><font color = 'blue'> .</font></B>  -Absent
<B><font color = 'blue'> .</font></B>  -undefined
<B><font color = 'blue'> .</font></B>  -Default
<B><font color = 'blue'> .</font></B>  -Default
<B><font color = 'blue'> .</font></B>  -Absent
<B><font color = 'blue'> .</font></B>  -Absent
<B><font color = 'blue'> .</font></B>  -Absent
<B><font color = 'blue'> .</font></B>  -Absent
<B><font color = 'blue'> .</font></B>  -Absent
<B><font color = 'blue'> .</font></B>  -Absent
<B><font color = 'blue'> .</font></B>  -Absent
<B><font color = 'blue'> .</font></B>  -Absent
<B><font color = 'blue'> .</font></B>  -Absent
<B><font color = 'blue'> .</font></B>  -Absent
<B><font color = 'blue'> .</font></B>  -Absent
<B><font color = 'blue'> .</font></B>  -Usb Test 
<B><font color = 'blue'> .</font></B>  -usbtest123@gmail.com
<B><font color = 'blue'> .</font></B>  -emp0097
<B><font color = 'blue'> .</font></B>  -2022-10-30
<B><font color = 'blue'> .</font></B>  -Absent
<B><font color = 'blue'> .</font></B>  -Absent
<B><font color = 'blue'> .</font></B>  -undefined
<B><font color = 'blue'> .</font></B>  -Default
<B><font color = 'blue'> .</font></B>  -Default
<B><font color = 'blue'> .</font></B>  -Absent
<B><font color = 'blue'> .</font></B>  -Absent
<B><font color = 'blue'> .</font></B>  -Absent
<B><font color = 'blue'> .</font></B>  -Absent
<B><font color = 'blue'> .</font></B>  -Absent
<B><font color = 'blue'> .</font></B>  -Absent
<B><font color = 'blue'> .</font></B>  -Absent
<B><font color = 'blue'> .</font></B>  -Absent
<B><font color = 'blue'> .</font></B>  -Absent
<B><font color = 'blue'> .</font></B>  -Absent
<B><font color = 'blue'> .</font></B>  -Absent
<B><font color = 'blue'> .</font></B>  -SS Keystrokes 
<B><font color = 'blue'> .</font></B>  -sskey@gmail.com
<B><font color = 'blue'> .</font></B>  -emp98y
<B><font color = 'blue'> .</font></B>  -2022-10-30
<B><font color = 'blue'> .</font></B>  -Absent
<B><font color = 'blue'> .</font></B>  -Absent
<B><font color = 'blue'> .</font></B>  -undefined
<B><font color = 'blue'> .</font></B>  -Default
<B><font color = 'blue'> .</font></B>  -Default
<B><font color = 'blue'> .</font></B>  -Absent
<B><font color = 'blue'> .</font></B>  -Absent
<B><font color = 'blue'> .</font></B>  -Absent
<B><font color = 'blue'> .</font></B>  -Absent
<B><font color = 'blue'> .</font></B>  -Absent
<B><font color = 'blue'> .</font></B>  -Absent
<B><font color = 'blue'> .</font></B>  -Absent
<B><font color = 'blue'> .</font></B>  -Absent
<B><font color = 'blue'> .</font></B>  -Absent
<B><font color = 'blue'> .</font></B>  -Absent
<B><font color = 'blue'> .</font></B>  -Absent
<B><font color = 'blue'> .</font></B>  -shivammmmmmmmmmmmmmmmmmmm Kumar 
<B><font color = 'blue'> .</font></B>  -kgfyash545@gmail.com
<B><font color = 'blue'> .</font></B>  -hsakhdjk414
<B><font color = 'blue'> .</font></B>  -2022-10-30
<B><font color = 'blue'> .</font></B>  -Absent
<B><font color = 'blue'> .</font></B>  -Absent
<B><font color = 'blue'> .</font></B>  -undefined
<B><font color = 'blue'> .</font></B>  -Default
<B><font color = 'blue'> .</font></B>  -Default
<B><font color = 'blue'> .</font></B>  -Absent
<B><font color = 'blue'> .</font></B>  -Absent
<B><font color = 'blue'> .</font></B>  -Absent
<B><font color = 'blue'> .</font></B>  -Absent
<B><font color = 'blue'> .</font></B>  -Absent
<B><font color = 'blue'> .</font></B>  -Absent
<B><font color = 'blue'> .</font></B>  -Absent
<B><font color = 'blue'> .</font></B>  -Absent
<B><font color = 'blue'> .</font></B>  -Absent
<B><font color = 'blue'> .</font></B>  -Absent
<B><font color = 'blue'> .</font></B>  -Absent
<B><font color = 'blue'> .</font></B>  -Abhishek Four tf test 
<B><font color = 'blue'> .</font></B>  -abhishekfourtf@mail.com
<B><font color = 'blue'> .</font></B>  -HLIKSJ98
<B><font color = 'blue'> .</font></B>  -2022-10-30
<B><font color = 'blue'> .</font></B>  -Absent
<B><font color = 'blue'> .</font></B>  -Absent
<B><font color = 'blue'> .</font></B>  -undefined
<B><font color = 'blue'> .</font></B>  -Default
<B><font color = 'blue'> .</font></B>  -Default
<B><font color = 'blue'> .</font></B>  -Absent
<B><font color = 'blue'> .</font></B>  -Absent
<B><font color = 'blue'> .</font></B>  -Absent
<B><font color = 'blue'> .</font></B>  -Absent
<B><font color = 'blue'> .</font></B>  -Absent
<B><font color = 'blue'> .</font></B>  -Absent
<B><font color = 'blue'> .</font></B>  -Absent
<B><font color = 'blue'> .</font></B>  -Absent
<B><font color = 'blue'> .</font></B>  -Absent
<B><font color = 'blue'> .</font></B>  -Absent
<B><font color = 'blue'> .</font></B>  -Absent
<B><font color = 'blue'> .</font></B>  -new dev user 
<B><font color = 'blue'> .</font></B>  -new@dev.user
<B><font color = 'blue'> .</font></B>  -fdfsfsd
<B><font color = 'blue'> .</font></B>  -2022-10-30
<B><font color = 'blue'> .</font></B>  -Absent
<B><font color = 'blue'> .</font></B>  -Absent
<B><font color = 'blue'> .</font></B>  -undefined
<B><font color = 'blue'> .</font></B>  -Default
<B><font color = 'blue'> .</font></B>  -Default
<B><font color = 'blue'> .</font></B>  -Absent
<B><font color = 'blue'> .</font></B>  -Absent
<B><font color = 'blue'> .</font></B>  -Absent
<B><font color = 'blue'> .</font></B>  -Absent
<B><font color = 'blue'> .</font></B>  -Absent
<B><font color = 'blue'> .</font></B>  -Absent
<B><font color = 'blue'> .</font></B>  -Absent
<B><font color = 'blue'> .</font></B>  -Absent
<B><font color = 'blue'> .</font></B>  -Absent
<B><font color = 'blue'> .</font></B>  -Absent
<B><font color = 'blue'> .</font></B>  -Absent
<B><font color = 'blue'> .</font></B>  -aaaaaaaaaa aaaaaaaaa 
<B><font color = 'blue'> .</font></B>  -mmmm@gmail.com
<B><font color = 'blue'> .</font></B>  -80765s
<B><font color = 'blue'> .</font></B>  -2022-10-30
<B><font color = 'blue'> .</font></B>  -Absent
<B><font color = 'blue'> .</font></B>  -Absent
<B><font color = 'blue'> .</font></B>  -undefined
<B><font color = 'blue'> .</font></B>  -Bangalore
<B><font color = 'blue'> .</font></B>  -Testing
<B><font color = 'blue'> .</font></B>  -Absent
<B><font color = 'blue'> .</font></B>  -Absent
<B><font color = 'blue'> .</font></B>  -Absent
<B><font color = 'blue'> .</font></B>  -Absent
<B><font color = 'blue'> .</font></B>  -Absent
<B><font color = 'blue'> .</font></B>  -Absent
<B><font color = 'blue'> .</font></B>  -Absent
<B><font color = 'blue'> .</font></B>  -Absent
<B><font color = 'blue'> .</font></B>  -Absent
<B><font color = 'blue'> .</font></B>  -Absent
<B><font color = 'blue'> .</font></B>  -Absent
<B><font color = 'blue'> .</font></B>  -sumesh test 
<B><font color = 'blue'> .</font></B>  -sumesh@mail.com
<B><font color = 'blue'> .</font></B>  -fdgfdgf
<B><font color = 'blue'> .</font></B>  -2022-10-30
<B><font color = 'blue'> .</font></B>  -Absent
<B><font color = 'blue'> .</font></B>  -Absent
<B><font color = 'blue'> .</font></B>  -undefined
<B><font color = 'blue'> .</font></B>  -Bangalore
<B><font color = 'blue'> .</font></B>  -Testing
<B><font color = 'blue'> .</font></B>  -Absent
<B><font color = 'blue'> .</font></B>  -Absent
<B><font color = 'blue'> .</font></B>  -Absent
<B><font color = 'blue'> .</font></B>  -Absent
<B><font color = 'blue'> .</font></B>  -Absent
<B><font color = 'blue'> .</font></B>  -Absent
<B><font color = 'blue'> .</font></B>  -Absent
<B><font color = 'blue'> .</font></B>  -Absent
<B><font color = 'blue'> .</font></B>  -Absent
<B><font color = 'blue'> .</font></B>  -Absent
<B><font color = 'blue'> .</font></B>  -Absent
<B><font color = 'blue'> .</font></B>  -Test msc 
<B><font color = 'blue'> .</font></B>  -test123@gmail.com
<B><font color = 'blue'> .</font></B>  -12254
<B><font color = 'blue'> .</font></B>  -2022-10-30
<B><font color = 'blue'> .</font></B>  -Absent
<B><font color = 'blue'> .</font></B>  -Absent
<B><font color = 'blue'> .</font></B>  -undefined
<B><font color = 'blue'> .</font></B>  -Bangalore
<B><font color = 'blue'> .</font></B>  -Testing
<B><font color = 'blue'> .</font></B>  -Absent
<B><font color = 'blue'> .</font></B>  -Absent
<B><font color = 'blue'> .</font></B>  -Absent
<B><font color = 'blue'> .</font></B>  -Absent
<B><font color = 'blue'> .</font></B>  -Absent
<B><font color = 'blue'> .</font></B>  -Absent
<B><font color = 'blue'> .</font></B>  -Absent
<B><font color = 'blue'> .</font></B>  -Absent
<B><font color = 'blue'> .</font></B>  -Absent
<B><font color = 'blue'> .</font></B>  -Absent
<B><font color = 'blue'> .</font></B>  -Absent
<B><font color = 'blue'> .</font></B>  -deffdfds vscsc 
<B><font color = 'blue'> .</font></B>  -cscsdw123@gmail.com
<B><font color = 'blue'> .</font></B>  -1234512
<B><font color = 'blue'> .</font></B>  -2022-10-30
<B><font color = 'blue'> .</font></B>  -Absent
<B><font color = 'blue'> .</font></B>  -Absent
<B><font color = 'blue'> .</font></B>  -undefined
<B><font color = 'blue'> .</font></B>  -Bangalore
<B><font color = 'blue'> .</font></B>  -Testing
<B><font color = 'blue'> .</font></B>  -Absent
<B><font color = 'blue'> .</font></B>  -Absent
<B><font color = 'blue'> .</font></B>  -Absent
<B><font color = 'blue'> .</font></B>  -Absent
<B><font color = 'blue'> .</font></B>  -Absent
<B><font color = 'blue'> .</font></B>  -Absent
<B><font color = 'blue'> .</font></B>  -Absent
<B><font color = 'blue'> .</font></B>  -Absent
<B><font color = 'blue'> .</font></B>  -Absent
<B><font color = 'blue'> .</font></B>  -Absent
<B><font color = 'blue'> .</font></B>  -Absent
<B><font color = 'blue'> .</font></B>  -test testtt 
<B><font color = 'blue'> .</font></B>  -abcd@gmail.com
<B><font color = 'blue'> .</font></B>  -GLB55
<B><font color = 'blue'> .</font></B>  -2022-10-30
<B><font color = 'blue'> .</font></B>  -Absent
<B><font color = 'blue'> .</font></B>  -Absent
<B><font color = 'blue'> .</font></B>  -undefined
<B><font color = 'blue'> .</font></B>  -Bangalore
<B><font color = 'blue'> .</font></B>  -Testing
<B><font color = 'blue'> .</font></B>  -Absent
<B><font color = 'blue'> .</font></B>  -Absent
<B><font color = 'blue'> .</font></B>  -Absent
<B><font color = 'blue'> .</font></B>  -Absent
<B><font color = 'blue'> .</font></B>  -Absent
<B><font color = 'blue'> .</font></B>  -Absent
<B><font color = 'blue'> .</font></B>  -Absent
<B><font color = 'blue'> .</font></B>  -Absent
<B><font color = 'blue'> .</font></B>  -Absent
<B><font color = 'blue'> .</font></B>  -Absent
<B><font color = 'blue'> .</font></B>  -Absent
<B><font color = 'blue'> .</font></B>  -Abhishe tt 
<B><font color = 'blue'> .</font></B>  -ab@ab.com
<B><font color = 'blue'> .</font></B>  -GKD567
<B><font color = 'blue'> .</font></B>  -2022-10-30
<B><font color = 'blue'> .</font></B>  -Absent
<B><font color = 'blue'> .</font></B>  -Absent
<B><font color = 'blue'> .</font></B>  -undefined
<B><font color = 'blue'> .</font></B>  -Bangalore
<B><font color = 'blue'> .</font></B>  -Testing
<B><font color = 'blue'> .</font></B>  -Absent
<B><font color = 'blue'> .</font></B>  -Absent
<B><font color = 'blue'> .</font></B>  -Absent
<B><font color = 'blue'> .</font></B>  -Absent
<B><font color = 'blue'> .</font></B>  -Absent
<B><font color = 'blue'> .</font></B>  -Absent
<B><font color = 'blue'> .</font></B>  -Absent
<B><font color = 'blue'> .</font></B>  -Absent
<B><font color = 'blue'> .</font></B>  -Absent
<B><font color = 'blue'> .</font></B>  -Absent
<B><font color = 'blue'> .</font></B>  -Absent
<B><font color = 'blue'> .</font></B>  -test nonadmin 
<B><font color = 'blue'> .</font></B>  -testnonadmin@gmail.com
<B><font color = 'blue'> .</font></B>  -GLB026
<B><font color = 'blue'> .</font></B>  -2022-10-30
<B><font color = 'blue'> .</font></B>  -Absent
<B><font color = 'blue'> .</font></B>  -Absent
<B><font color = 'blue'> .</font></B>  -undefined
<B><font color = 'blue'> .</font></B>  -Bangalore
<B><font color = 'blue'> .</font></B>  -Php
<B><font color = 'blue'> .</font></B>  -Absent
<B><font color = 'blue'> .</font></B>  -Absent
<B><font color = 'blue'> .</font></B>  -Absent
<B><font color = 'blue'> .</font></B>  -Absent
<B><font color = 'blue'> .</font></B>  -Absent
<B><font color = 'blue'> .</font></B>  -Absent
<B><font color = 'blue'> .</font></B>  -Absent
<B><font color = 'blue'> .</font></B>  -Absent
<B><font color = 'blue'> .</font></B>  -Absent
<B><font color = 'blue'> .</font></B>  -Absent
<B><font color = 'blue'> .</font></B>  -Absent
<B><font color = 'blue'> .</font></B>  -adg ckj 
<B><font color = 'blue'> .</font></B>  -adcs@1234
<B><font color = 'blue'> .</font></B>  -583
<B><font color = 'blue'> .</font></B>  -2022-10-30
<B><font color = 'blue'> .</font></B>  -Absent
<B><font color = 'blue'> .</font></B>  -Absent
<B><font color = 'blue'> .</font></B>  -undefined
<B><font color = 'blue'> .</font></B>  -Bangalore
<B><font color = 'blue'> .</font></B>  -Testing
<B><font color = 'blue'> .</font></B>  -Absent
<B><font color = 'blue'> .</font></B>  -Absent
<B><font color = 'blue'> .</font></B>  -Absent
<B><font color = 'blue'> .</font></B>  -Absent
<B><font color = 'blue'> .</font></B>  -Absent
<B><font color = 'blue'> .</font></B>  -Absent
<B><font color = 'blue'> .</font></B>  -Absent
<B><font color = 'blue'> .</font></B>  -Absent
<B><font color = 'blue'> .</font></B>  -Absent
<B><font color = 'blue'> .</font></B>  -Absent
<B><font color = 'blue'> .</font></B>  -Absent
<B><font color = 'blue'> .</font></B>  -dominic toretto 
<B><font color = 'blue'> .</font></B>  -dom.toretto737@gmail.com
<B><font color = 'blue'> .</font></B>  -EMP011
<B><font color = 'blue'> .</font></B>  -2022-10-30
<B><font color = 'blue'> .</font></B>  -Absent
<B><font color = 'blue'> .</font></B>  -Absent
<B><font color = 'blue'> .</font></B>  -undefined
<B><font color = 'blue'> .</font></B>  -Bangalore
<B><font color = 'blue'> .</font></B>  -Testing
<B><font color = 'blue'> .</font></B>  -Absent
<B><font color = 'blue'> .</font></B>  -Absent
<B><font color = 'blue'> .</font></B>  -Absent
<B><font color = 'blue'> .</font></B>  -Absent
<B><font color = 'blue'> .</font></B>  -Absent
<B><font color = 'blue'> .</font></B>  -Absent
<B><font color = 'blue'> .</font></B>  -Absent
<B><font color = 'blue'> .</font></B>  -Absent
<B><font color = 'blue'> .</font></B>  -Absent
<B><font color = 'blue'> .</font></B>  -Absent
<B><font color = 'blue'> .</font></B>  -Absent
<B><font color = 'blue'> .</font></B>  -Superior Test one 
<B><font color = 'blue'> .</font></B>  -superiorone@gmail.com
<B><font color = 'blue'> .</font></B>  -twoqw
<B><font color = 'blue'> .</font></B>  -2022-10-30
<B><font color = 'blue'> .</font></B>  -Absent
<B><font color = 'blue'> .</font></B>  -Absent
<B><font color = 'blue'> .</font></B>  -undefined
<B><font color = 'blue'> .</font></B>  -Bangalore
<B><font color = 'blue'> .</font></B>  -Testing
<B><font color = 'blue'> .</font></B>  -Absent
<B><font color = 'blue'> .</font></B>  -Absent
<B><font color = 'blue'> .</font></B>  -Absent
<B><font color = 'blue'> .</font></B>  -Absent
<B><font color = 'blue'> .</font></B>  -Absent
<B><font color = 'blue'> .</font></B>  -Absent
<B><font color = 'blue'> .</font></B>  -Absent
<B><font color = 'blue'> .</font></B>  -Absent
<B><font color = 'blue'> .</font></B>  -Absent
<B><font color = 'blue'> .</font></B>  -Absent
<B><font color = 'blue'> .</font></B>  -Absent
<B><font color = 'blue'> .</font></B>  -test testw 
<B><font color = 'blue'> .</font></B>  -test@mac.in
<B><font color = 'blue'> .</font></B>  -aaf123
<B><font color = 'blue'> .</font></B>  -2022-10-30
<B><font color = 'blue'> .</font></B>  -Absent
<B><font color = 'blue'> .</font></B>  -Absent
<B><font color = 'blue'> .</font></B>  -undefined
<B><font color = 'blue'> .</font></B>  -Bangalore
<B><font color = 'blue'> .</font></B>  -Php
<B><font color = 'blue'> .</font></B>  -Absent
<B><font color = 'blue'> .</font></B>  -Absent
<B><font color = 'blue'> .</font></B>  -Absent
<B><font color = 'blue'> .</font></B>  -Absent
<B><font color = 'blue'> .</font></B>  -Absent
<B><font color = 'blue'> .</font></B>  -Absent
<B><font color = 'blue'> .</font></B>  -Absent
<B><font color = 'blue'> .</font></B>  -Absent
<B><font color = 'blue'> .</font></B>  -Absent
<B><font color = 'blue'> .</font></B>  -Absent
<B><font color = 'blue'> .</font></B>  -Absent
<B><font color = 'blue'> .</font></B>  -sam eer 
<B><font color = 'blue'> .</font></B>  -sam@rf.in
<B><font color = 'blue'> .</font></B>  -WSAERT2Q34E
<B><font color = 'blue'> .</font></B>  -2022-10-30
<B><font color = 'blue'> .</font></B>  -Absent
<B><font color = 'blue'> .</font></B>  -Absent
<B><font color = 'blue'> .</font></B>  -undefined
<B><font color = 'blue'> .</font></B>  -Bangalore
<B><font color = 'blue'> .</font></B>  -Testing
<B><font color = 'blue'> .</font></B>  -Absent
<B><font color = 'blue'> .</font></B>  -Absent
<B><font color = 'blue'> .</font></B>  -Absent
<B><font color = 'blue'> .</font></B>  -Absent
<B><font color = 'blue'> .</font></B>  -Absent
<B><font color = 'blue'> .</font></B>  -Absent
<B><font color = 'blue'> .</font></B>  -Absent
<B><font color = 'blue'> .</font></B>  -Absent
<B><font color = 'blue'> .</font></B>  -Absent
<B><font color = 'blue'> .</font></B>  -Absent
<B><font color = 'blue'> .</font></B>  -Absent
<B><font color = 'blue'> .</font></B>  -Test test 
<B><font color = 'blue'> .</font></B>  -sarikajain@gmail.com
<B><font color = 'blue'> .</font></B>  -E-101
<B><font color = 'blue'> .</font></B>  -2022-10-30
<B><font color = 'blue'> .</font></B>  -Absent
<B><font color = 'blue'> .</font></B>  -Absent
<B><font color = 'blue'> .</font></B>  -undefined
<B><font color = 'blue'> .</font></B>  -Bangalore
<B><font color = 'blue'> .</font></B>  -Testing
<B><font color = 'blue'> .</font></B>  -Absent
<B><font color = 'blue'> .</font></B>  -Absent
<B><font color = 'blue'> .</font></B>  -Absent
<B><font color = 'blue'> .</font></B>  -Absent
<B><font color = 'blue'> .</font></B>  -Absent
<B><font color = 'blue'> .</font></B>  -Absent
<B><font color = 'blue'> .</font></B>  -Absent
<B><font color = 'blue'> .</font></B>  -Absent
<B><font color = 'blue'> .</font></B>  -Absent
<B><font color = 'blue'> .</font></B>  -Absent
<B><font color = 'blue'> .</font></B>  -Absent
<B><font color = 'blue'> .</font></B>  -sithu kalluru 
<B><font color = 'blue'> .</font></B>  -sitaramireddy@globussoft.in
<B><font color = 'blue'> .</font></B>  -code12
<B><font color = 'blue'> .</font></B>  -2022-10-30
<B><font color = 'blue'> .</font></B>  -Absent
<B><font color = 'blue'> .</font></B>  -Absent
<B><font color = 'blue'> .</font></B>  -undefined
<B><font color = 'blue'> .</font></B>  -Bangalore
<B><font color = 'blue'> .</font></B>  -Testing
<B><font color = 'blue'> .</font></B>  -Absent
<B><font color = 'blue'> .</font></B>  -Absent
<B><font color = 'blue'> .</font></B>  -Absent
<B><font color = 'blue'> .</font></B>  -Absent
<B><font color = 'blue'> .</font></B>  -Absent
<B><font color = 'blue'> .</font></B>  -Absent
<B><font color = 'blue'> .</font></B>  -Absent
<B><font color = 'blue'> .</font></B>  -Absent
<B><font color = 'blue'> .</font></B>  -Absent
<B><font color = 'blue'> .</font></B>  -Absent
<B><font color = 'blue'> .</font></B>  -Absent
<B><font color = 'blue'> .</font></B>  -test123 abcd 
<B><font color = 'blue'> .</font></B>  -s@gmail.com
<B><font color = 'blue'> .</font></B>  -code123z
<B><font color = 'blue'> .</font></B>  -2022-10-30
<B><font color = 'blue'> .</font></B>  -Absent
<B><font color = 'blue'> .</font></B>  -Absent
<B><font color = 'blue'> .</font></B>  -undefined
<B><font color = 'blue'> .</font></B>  -Bangalore
<B><font color = 'blue'> .</font></B>  -Testing
<B><font color = 'blue'> .</font></B>  -Absent
<B><font color = 'blue'> .</font></B>  -Absent
<B><font color = 'blue'> .</font></B>  -Absent
<B><font color = 'blue'> .</font></B>  -Absent
<B><font color = 'blue'> .</font></B>  -Absent
<B><font color = 'blue'> .</font></B>  -Absent
<B><font color = 'blue'> .</font></B>  -Absent
<B><font color = 'blue'> .</font></B>  -Absent
<B><font color = 'blue'> .</font></B>  -Absent
<B><font color = 'blue'> .</font></B>  -Absent
<B><font color = 'blue'> .</font></B>  -Absent
<B><font color = 'blue'> .</font></B>  -testing test 
<B><font color = 'blue'> .</font></B>  -aarshajoyson1601@gmail.com
<B><font color = 'blue'> .</font></B>  -glb0008
<B><font color = 'blue'> .</font></B>  -2022-10-30
<B><font color = 'blue'> .</font></B>  -Absent
<B><font color = 'blue'> .</font></B>  -Absent
<B><font color = 'blue'> .</font></B>  -undefined
<B><font color = 'blue'> .</font></B>  -Bangalore
<B><font color = 'blue'> .</font></B>  -Php
<B><font color = 'blue'> .</font></B>  -Absent
<B><font color = 'blue'> .</font></B>  -Absent
<B><font color = 'blue'> .</font></B>  -Absent
<B><font color = 'blue'> .</font></B>  -Absent
<B><font color = 'blue'> .</font></B>  -Absent
<B><font color = 'blue'> .</font></B>  -Absent
<B><font color = 'blue'> .</font></B>  -Absent
<B><font color = 'blue'> .</font></B>  -Absent
<B><font color = 'blue'> .</font></B>  -Absent
<B><font color = 'blue'> .</font></B>  -Absent
<B><font color = 'blue'> .</font></B>  -Absent
<B><font color = 'blue'> .</font></B>  -Automation CodeeeAuto 
<B><font color = 'blue'> .</font></B>  -skabcdef7@gmail.com
<B><font color = 'blue'> .</font></B>  -Emp-Abzcde-1234522
<B><font color = 'blue'> .</font></B>  -2022-10-30
<B><font color = 'blue'> .</font></B>  -Absent
<B><font color = 'blue'> .</font></B>  -Absent
<B><font color = 'blue'> .</font></B>  -undefined
<B><font color = 'blue'> .</font></B>  -Bangalore
<B><font color = 'blue'> .</font></B>  -Testing
<B><font color = 'blue'> .</font></B>  -Absent
<B><font color = 'blue'> .</font></B>  -Absent
<B><font color = 'blue'> .</font></B>  -Absent
<B><font color = 'blue'> .</font></B>  -Absent
<B><font color = 'blue'> .</font></B>  -Absent
<B><font color = 'blue'> .</font></B>  -Absent
<B><font color = 'blue'> .</font></B>  -Absent
<B><font color = 'blue'> .</font></B>  -Absent
<B><font color = 'blue'> .</font></B>  -Absent
<B><font color = 'blue'> .</font></B>  -Absent
<B><font color = 'blue'> .</font></B>  -Absent
<B><font color = 'blue'> .</font></B>  -piyush dfgsfg 
<B><font color = 'blue'> .</font></B>  -jos@gmail.com
<B><font color = 'blue'> .</font></B>  -sdgff
<B><font color = 'blue'> .</font></B>  -2022-10-30
<B><font color = 'blue'> .</font></B>  -Absent
<B><font color = 'blue'> .</font></B>  -Absent
<B><font color = 'blue'> .</font></B>  -undefined
<B><font color = 'blue'> .</font></B>  -Bangalore
<B><font color = 'blue'> .</font></B>  -Testing
<B><font color = 'blue'> .</font></B>  -Absent
<B><font color = 'blue'> .</font></B>  -Absent
<B><font color = 'blue'> .</font></B>  -Absent
<B><font color = 'blue'> .</font></B>  -Absent
<B><font color = 'blue'> .</font></B>  -Absent
<B><font color = 'blue'> .</font></B>  -Absent
<B><font color = 'blue'> .</font></B>  -Absent
<B><font color = 'blue'> .</font></B>  -Absent
<B><font color = 'blue'> .</font></B>  -Absent
<B><font color = 'blue'> .</font></B>  -Absent
<B><font color = 'blue'> .</font></B>  -Absent
<B><font color = 'blue'> .</font></B>  -Aryan raj 
<B><font color = 'blue'> .</font></B>  -alex@gmail.com
<B><font color = 'blue'> .</font></B>  -126
<B><font color = 'blue'> .</font></B>  -2022-10-30
<B><font color = 'blue'> .</font></B>  -Absent
<B><font color = 'blue'> .</font></B>  -Absent
<B><font color = 'blue'> .</font></B>  -undefined
<B><font color = 'blue'> .</font></B>  -Bangalore
<B><font color = 'blue'> .</font></B>  -Testing
<B><font color = 'blue'> .</font></B>  -Absent
<B><font color = 'blue'> .</font></B>  -Absent
<B><font color = 'blue'> .</font></B>  -Absent
<B><font color = 'blue'> .</font></B>  -Absent
<B><font color = 'blue'> .</font></B>  -Absent
<B><font color = 'blue'> .</font></B>  -Absent
<B><font color = 'blue'> .</font></B>  -Absent
<B><font color = 'blue'> .</font></B>  -Absent
<B><font color = 'blue'> .</font></B>  -Absent
<B><font color = 'blue'> .</font></B>  -Absent
<B><font color = 'blue'> .</font></B>  -Absent
<B><font color = 'blue'> .</font></B>  -Automation CodeeeAuto 
<B><font color = 'blue'> .</font></B>  -skabcdef38@gmail.com
<B><font color = 'blue'> .</font></B>  -Emp-Abzcde-123457
<B><font color = 'blue'> .</font></B>  -2022-10-30
<B><font color = 'blue'> .</font></B>  -Absent
<B><font color = 'blue'> .</font></B>  -Absent
<B><font color = 'blue'> .</font></B>  -undefined
<B><font color = 'blue'> .</font></B>  -Bangalore
<B><font color = 'blue'> .</font></B>  -Testing
<B><font color = 'blue'> .</font></B>  -Absent
<B><font color = 'blue'> .</font></B>  -Absent
<B><font color = 'blue'> .</font></B>  -Absent
<B><font color = 'blue'> .</font></B>  -Absent
<B><font color = 'blue'> .</font></B>  -Absent
<B><font color = 'blue'> .</font></B>  -Absent
<B><font color = 'blue'> .</font></B>  -Absent
<B><font color = 'blue'> .</font></B>  -Absent
<B><font color = 'blue'> .</font></B>  -Absent
<B><font color = 'blue'> .</font></B>  -Absent
<B><font color = 'blue'> .</font></B>  -Absent
<B><font color = 'blue'> .</font></B>  -Automation CodeeeAuto 
<B><font color = 'blue'> .</font></B>  -skabcdef33@gmail.com
<B><font color = 'blue'> .</font></B>  -Emp-Abzcde-1234557
<B><font color = 'blue'> .</font></B>  -2022-10-30
<B><font color = 'blue'> .</font></B>  -Absent
<B><font color = 'blue'> .</font></B>  -Absent
<B><font color = 'blue'> .</font></B>  -undefined
<B><font color = 'blue'> .</font></B>  -Bangalore
<B><font color = 'blue'> .</font></B>  -Testing
<B><font color = 'blue'> .</font></B>  -Absent
<B><font color = 'blue'> .</font></B>  -Absent
<B><font color = 'blue'> .</font></B>  -Absent
<B><font color = 'blue'> .</font></B>  -Absent
<B><font color = 'blue'> .</font></B>  -Absent
<B><font color = 'blue'> .</font></B>  -Absent
<B><font color = 'blue'> .</font></B>  -Absent
<B><font color = 'blue'> .</font></B>  -Absent
<B><font color = 'blue'> .</font></B>  -Absent
<B><font color = 'blue'> .</font></B>  -Absent
<B><font color = 'blue'> .</font></B>  -Absent
<B><font color = 'blue'> .</font></B>  -D Surya Prabhakar 
<B><font color = 'blue'> .</font></B>  -surya1@gmail.com
<B><font color = 'blue'> .</font></B>  -EM010
<B><font color = 'blue'> .</font></B>  -2022-10-30
<B><font color = 'blue'> .</font></B>  -Absent
<B><font color = 'blue'> .</font></B>  -Absent
<B><font color = 'blue'> .</font></B>  -undefined
<B><font color = 'blue'> .</font></B>  -bengaluru
<B><font color = 'blue'> .</font></B>  -Testing
<B><font color = 'blue'> .</font></B>  -Absent
<B><font color = 'blue'> .</font></B>  -Absent
<B><font color = 'blue'> .</font></B>  -Absent
<B><font color = 'blue'> .</font></B>  -Absent
<B><font color = 'blue'> .</font></B>  -Absent
<B><font color = 'blue'> .</font></B>  -Absent
<B><font color = 'blue'> .</font></B>  -Absent
<B><font color = 'blue'> .</font></B>  -Absent
<B><font color = 'blue'> .</font></B>  -Absent
<B><font color = 'blue'> .</font></B>  -Absent
<B><font color = 'blue'> .</font></B>  -Absent
<B><font color = 'blue'> .</font></B>  -R o       hit Sharma 
<B><font color = 'blue'> .</font></B>  -rahulrajt5613928@gmail.com
<B><font color = 'blue'> .</font></B>  -67645
<B><font color = 'blue'> .</font></B>  -2022-10-30
<B><font color = 'blue'> .</font></B>  -Absent
<B><font color = 'blue'> .</font></B>  -Absent
<B><font color = 'blue'> .</font></B>  -undefined
<B><font color = 'blue'> .</font></B>  -bengaluru
<B><font color = 'blue'> .</font></B>  -Testing
<B><font color = 'blue'> .</font></B>  -Absent
<B><font color = 'blue'> .</font></B>  -Absent
<B><font color = 'blue'> .</font></B>  -Absent
<B><font color = 'blue'> .</font></B>  -Absent
<B><font color = 'blue'> .</font></B>  -Absent
<B><font color = 'blue'> .</font></B>  -Absent
<B><font color = 'blue'> .</font></B>  -Absent
<B><font color = 'blue'> .</font></B>  -Absent
<B><font color = 'blue'> .</font></B>  -Absent
<B><font color = 'blue'> .</font></B>  -Absent
<B><font color = 'blue'> .</font></B>  -Absent
<B><font color = 'blue'> .</font></B>  -ni test 
<B><font color = 'blue'> .</font></B>  -nitest12@gmail.com
<B><font color = 'blue'> .</font></B>  -GLB678
<B><font color = 'blue'> .</font></B>  -2022-10-30
<B><font color = 'blue'> .</font></B>  -Absent
<B><font color = 'blue'> .</font></B>  -Absent
<B><font color = 'blue'> .</font></B>  -undefined
<B><font color = 'blue'> .</font></B>  -bengaluru
<B><font color = 'blue'> .</font></B>  -Testing
<B><font color = 'blue'> .</font></B>  -Absent
<B><font color = 'blue'> .</font></B>  -Absent
<B><font color = 'blue'> .</font></B>  -Absent
<B><font color = 'blue'> .</font></B>  -Absent
<B><font color = 'blue'> .</font></B>  -Absent
<B><font color = 'blue'> .</font></B>  -Absent
<B><font color = 'blue'> .</font></B>  -Absent
<B><font color = 'blue'> .</font></B>  -Absent
<B><font color = 'blue'> .</font></B>  -Absent
<B><font color = 'blue'> .</font></B>  -Absent
<B><font color = 'blue'> .</font></B>  -Absent
<B><font color = 'blue'> .</font></B>  -one test 
<B><font color = 'blue'> .</font></B>  -testone1234@gmail.com
<B><font color = 'blue'> .</font></B>  -0110
<B><font color = 'blue'> .</font></B>  -2022-10-30
<B><font color = 'blue'> .</font></B>  -Absent
<B><font color = 'blue'> .</font></B>  -Absent
<B><font color = 'blue'> .</font></B>  -undefined
<B><font color = 'blue'> .</font></B>  -bengaluru
<B><font color = 'blue'> .</font></B>  -Testing
<B><font color = 'blue'> .</font></B>  -Absent
<B><font color = 'blue'> .</font></B>  -Absent
<B><font color = 'blue'> .</font></B>  -Absent
<B><font color = 'blue'> .</font></B>  -Absent
<B><font color = 'blue'> .</font></B>  -Absent
<B><font color = 'blue'> .</font></B>  -Absent
<B><font color = 'blue'> .</font></B>  -Absent
<B><font color = 'blue'> .</font></B>  -Absent
<B><font color = 'blue'> .</font></B>  -Absent
<B><font color = 'blue'> .</font></B>  -Absent
<B><font color = 'blue'> .</font></B>  -Absent
<B><font color = 'blue'> .</font></B>  -GLB-BLR-010-PC - GLB-BLR-010 
<B><font color = 'blue'> .</font></B>  -abcd@yuksdgus
<B><font color = 'blue'> .</font></B>  -GLB-BLR-010
<B><font color = 'blue'> .</font></B>  -2022-10-30
<B><font color = 'blue'> .</font></B>  -Absent
<B><font color = 'blue'> .</font></B>  -Absent
<B><font color = 'blue'> .</font></B>  -undefined
<B><font color = 'blue'> .</font></B>  -bengaluru
<B><font color = 'blue'> .</font></B>  -Testing
<B><font color = 'blue'> .</font></B>  -Absent
<B><font color = 'blue'> .</font></B>  -Absent
<B><font color = 'blue'> .</font></B>  -Absent
<B><font color = 'blue'> .</font></B>  -Absent
<B><font color = 'blue'> .</font></B>  -Absent
<B><font color = 'blue'> .</font></B>  -Absent
<B><font color = 'blue'> .</font></B>  -Absent
<B><font color = 'blue'> .</font></B>  -Absent
<B><font color = 'blue'> .</font></B>  -Absent
<B><font color = 'blue'> .</font></B>  -Absent
<B><font color = 'blue'> .</font></B>  -Absent
<B><font color = 'blue'> .</font></B>  -surya kk 
<B><font color = 'blue'> .</font></B>  -123@gmail.com
<B><font color = 'blue'> .</font></B>  -mmmmm
<B><font color = 'blue'> .</font></B>  -2022-10-30
<B><font color = 'blue'> .</font></B>  -Absent
<B><font color = 'blue'> .</font></B>  -Absent
<B><font color = 'blue'> .</font></B>  -undefined
<B><font color = 'blue'> .</font></B>  -Tamilnadu
<B><font color = 'blue'> .</font></B>  -Test and Dev
<B><font color = 'blue'> .</font></B>  -Absent
<B><font color = 'blue'> .</font></B>  -Absent
<B><font color = 'blue'> .</font></B>  -Absent
<B><font color = 'blue'> .</font></B>  -Absent
<B><font color = 'blue'> .</font></B>  -Absent
<B><font color = 'blue'> .</font></B>  -Absent
<B><font color = 'blue'> .</font></B>  -Absent
<B><font color = 'blue'> .</font></B>  -Absent
<B><font color = 'blue'> .</font></B>  -Absent
<B><font color = 'blue'> .</font></B>  -Absent
<B><font color = 'blue'> .</font></B>  -Absent
<B><font color = 'blue'> .</font></B>  -sai kk 
<B><font color = 'blue'> .</font></B>  -saikk19876@gmail.com
<B><font color = 'blue'> .</font></B>  -20221019
<B><font color = 'blue'> .</font></B>  -2022-10-30
<B><font color = 'blue'> .</font></B>  -Absent
<B><font color = 'blue'> .</font></B>  -Absent
<B><font color = 'blue'> .</font></B>  -undefined
<B><font color = 'blue'> .</font></B>  -Tamilnadu
<B><font color = 'blue'> .</font></B>  -Test and Dev
<B><font color = 'blue'> .</font></B>  -Absent
<B><font color = 'blue'> .</font></B>  -Absent
<B><font color = 'blue'> .</font></B>  -Absent
<B><font color = 'blue'> .</font></B>  -Absent
<B><font color = 'blue'> .</font></B>  -Absent
<B><font color = 'blue'> .</font></B>  -Absent
<B><font color = 'blue'> .</font></B>  -Absent
<B><font color = 'blue'> .</font></B>  -Absent
<B><font color = 'blue'> .</font></B>  -Absent
<B><font color = 'blue'> .</font></B>  -Absent
<B><font color = 'blue'> .</font></B>  -Absent
<B><font color = 'blue'> .</font></B>  -ajeethemp test 
<B><font color = 'blue'> .</font></B>  -ajeethemp@gmail.com
<B><font color = 'blue'> .</font></B>  -A01
<B><font color = 'blue'> .</font></B>  -2022-10-30
<B><font color = 'blue'> .</font></B>  -Absent
<B><font color = 'blue'> .</font></B>  -Absent
<B><font color = 'blue'> .</font></B>  -undefined
<B><font color = 'blue'> .</font></B>  -Tamilnadu
<B><font color = 'blue'> .</font></B>  -Test and Dev
<B><font color = 'blue'> .</font></B>  -Absent
<B><font color = 'blue'> .</font></B>  -Absent
<B><font color = 'blue'> .</font></B>  -Absent
<B><font color = 'blue'> .</font></B>  -Absent
<B><font color = 'blue'> .</font></B>  -Absent
<B><font color = 'blue'> .</font></B>  -Absent
<B><font color = 'blue'> .</font></B>  -Absent
<B><font color = 'blue'> .</font></B>  -Absent
<B><font color = 'blue'> .</font></B>  -Absent
<B><font color = 'blue'> .</font></B>  -Absent
<B><font color = 'blue'> .</font></B>  -Absent
<B><font color = 'blue'> .</font></B>  -test user two 
<B><font color = 'blue'> .</font></B>  -testuser@two.io
<B><font color = 'blue'> .</font></B>  -GSLL-327
<B><font color = 'blue'> .</font></B>  -2022-10-30
<B><font color = 'blue'> .</font></B>  -Absent
<B><font color = 'blue'> .</font></B>  -Absent
<B><font color = 'blue'> .</font></B>  -undefined
<B><font color = 'blue'> .</font></B>  -Tamilnadu
<B><font color = 'blue'> .</font></B>  -Test and Dev
<B><font color = 'blue'> .</font></B>  -Absent
<B><font color = 'blue'> .</font></B>  -Absent
<B><font color = 'blue'> .</font></B>  -Absent
<B><font color = 'blue'> .</font></B>  -Absent
<B><font color = 'blue'> .</font></B>  -Absent
<B><font color = 'blue'> .</font></B>  -Absent
<B><font color = 'blue'> .</font></B>  -Absent
<B><font color = 'blue'> .</font></B>  -Absent
<B><font color = 'blue'> .</font></B>  -Absent
<B><font color = 'blue'> .</font></B>  -Absent
<B><font color = 'blue'> .</font></B>  -Absent
<B><font color = 'blue'> .</font></B>  -Himanshu Kumar 
<B><font color = 'blue'> .</font></B>  -himanshu1@gmail.com
<B><font color = 'blue'> .</font></B>  -EM011
<B><font color = 'blue'> .</font></B>  -2022-10-30
<B><font color = 'blue'> .</font></B>  -Absent
<B><font color = 'blue'> .</font></B>  -Absent
<B><font color = 'blue'> .</font></B>  -undefined
<B><font color = 'blue'> .</font></B>  -bagalkot
<B><font color = 'blue'> .</font></B>  -manual testing
<B><font color = 'blue'> .</font></B>  -Absent
<B><font color = 'blue'> .</font></B>  -Absent
<B><font color = 'blue'> .</font></B>  -Absent
<B><font color = 'blue'> .</font></B>  -Absent
<B><font color = 'blue'> .</font></B>  -Absent
<B><font color = 'blue'> .</font></B>  -Absent
<B><font color = 'blue'> .</font></B>  -Absent
<B><font color = 'blue'> .</font></B>  -Absent
<B><font color = 'blue'> .</font></B>  -Absent
<B><font color = 'blue'> .</font></B>  -Absent
<B><font color = 'blue'> .</font></B>  -Absent
<B><font color = 'blue'> .</font></B>  -dxgfdxg gssdg 
<B><font color = 'blue'> .</font></B>  -sdgsg@dgksodkg.in
<B><font color = 'blue'> .</font></B>  -asfda343443
<B><font color = 'blue'> .</font></B>  -2022-10-30
<B><font color = 'blue'> .</font></B>  -Absent
<B><font color = 'blue'> .</font></B>  -Absent
<B><font color = 'blue'> .</font></B>  -undefined
<B><font color = 'blue'> .</font></B>  -Bhilai
<B><font color = 'blue'> .</font></B>  -Php
<B><font color = 'blue'> .</font></B>  -Absent
<B><font color = 'blue'> .</font></B>  -Absent
<B><font color = 'blue'> .</font></B>  -Absent
<B><font color = 'blue'> .</font></B>  -Absent
<B><font color = 'blue'> .</font></B>  -Absent
<B><font color = 'blue'> .</font></B>  -Absent
<B><font color = 'blue'> .</font></B>  -Absent
<B><font color = 'blue'> .</font></B>  -Absent
<B><font color = 'blue'> .</font></B>  -Absent
<B><font color = 'blue'> .</font></B>  -Absent
<B><font color = 'blue'> .</font></B>  -Absent
<B><font color = 'blue'> .</font></B>  -Guest User 
<B><font color = 'blue'> .</font></B>  -guestuser@gmail.com
<B><font color = 'blue'> .</font></B>  -GLB-777
<B><font color = 'blue'> .</font></B>  -2022-10-30
<B><font color = 'blue'> .</font></B>  -Absent
<B><font color = 'blue'> .</font></B>  -Absent
<B><font color = 'blue'> .</font></B>  -undefined
<B><font color = 'blue'> .</font></B>  -Bhilai
<B><font color = 'blue'> .</font></B>  -Php
<B><font color = 'blue'> .</font></B>  -Absent
<B><font color = 'blue'> .</font></B>  -Absent
<B><font color = 'blue'> .</font></B>  -Absent
<B><font color = 'blue'> .</font></B>  -Absent
<B><font color = 'blue'> .</font></B>  -Absent
<B><font color = 'blue'> .</font></B>  -Absent
<B><font color = 'blue'> .</font></B>  -Absent
<B><font color = 'blue'> .</font></B>  -Absent
<B><font color = 'blue'> .</font></B>  -Absent
<B><font color = 'blue'> .</font></B>  -Absent
<B><font color = 'blue'> .</font></B>  -Absent
<B><font color = 'blue'> .</font></B>  -New Test 
<B><font color = 'blue'> .</font></B>  -newtest@gmail.com
<B><font color = 'blue'> .</font></B>  -ewer334443
<B><font color = 'blue'> .</font></B>  -2022-10-29
<B><font color = 'blue'> .</font></B>  -29-10-2022 11:31:13
<B><font color = 'blue'> .</font></B>  -29-10-2022 22:00:44
<B><font color = 'blue'> .</font></B>  -GLB-BLR-010-PC
<B><font color = 'blue'> .</font></B>  -Default
<B><font color = 'blue'> .</font></B>  -Default
<B><font color = 'blue'> .</font></B>  -10:29:31
<B><font color = 'blue'> .</font></B>  -00:00:00
<B><font color = 'blue'> .</font></B>  -00:00:00
<B><font color = 'blue'> .</font></B>  -00:00:00
<B><font color = 'blue'> .</font></B>  -00:00:00
<B><font color = 'blue'> .</font></B>  -00:00:00
<B><font color = 'blue'> .</font></B>  -00:00:00
<B><font color = 'blue'> .</font></B>  -10:29:31
<B><font color = 'blue'> .</font></B>  -0.00%
<B><font color = 'blue'> .</font></B>  --480:00
<B><font color = 'blue'> .</font></B>  -0.00
<B><font color = 'blue'> .</font></B>  -Abhishek Test 
<B><font color = 'blue'> .</font></B>  -abhishektrest@glb.in
<B><font color = 'blue'> .</font></B>  -rN7tvEiDPGNi4fD
<B><font color = 'blue'> .</font></B>  -2022-10-29
<B><font color = 'blue'> .</font></B>  -29-10-2022 00:00:00
<B><font color = 'blue'> .</font></B>  -29-10-2022 15:10:01
<B><font color = 'blue'> .</font></B>  -GLB-124-PC
<B><font color = 'blue'> .</font></B>  -Bangalore
<B><font color = 'blue'> .</font></B>  -Php
<B><font color = 'blue'> .</font></B>  -15:10:01
<B><font color = 'blue'> .</font></B>  -00:00:00
<B><font color = 'blue'> .</font></B>  -00:00:00
<B><font color = 'blue'> .</font></B>  -00:00:00
<B><font color = 'blue'> .</font></B>  -00:00:00
<B><font color = 'blue'> .</font></B>  -00:00:00
<B><font color = 'blue'> .</font></B>  -00:00:00
<B><font color = 'blue'> .</font></B>  -15:10:01
<B><font color = 'blue'> .</font></B>  -0.00%
<B><font color = 'blue'> .</font></B>  --480:00
<B><font color = 'blue'> .</font></B>  -0.00
<B><font color = 'blue'> .</font></B>  -Virat kohli 
<B><font color = 'blue'> .</font></B>  -rahukbgdxgsf@gmail.com
<B><font color = 'blue'> .</font></B>  -65332
<B><font color = 'blue'> .</font></B>  -2022-10-29
<B><font color = 'blue'> .</font></B>  -Absent
<B><font color = 'blue'> .</font></B>  -Absent
<B><font color = 'blue'> .</font></B>  -undefined
<B><font color = 'blue'> .</font></B>  -Default
<B><font color = 'blue'> .</font></B>  -Default
<B><font color = 'blue'> .</font></B>  -Absent
<B><font color = 'blue'> .</font></B>  -Absent
<B><font color = 'blue'> .</font></B>  -Absent
<B><font color = 'blue'> .</font></B>  -Absent
<B><font color = 'blue'> .</font></B>  -Absent
<B><font color = 'blue'> .</font></B>  -Absent
<B><font color = 'blue'> .</font></B>  -Absent
<B><font color = 'blue'> .</font></B>  -Absent
<B><font color = 'blue'> .</font></B>  -Absent
<B><font color = 'blue'> .</font></B>  -Absent
<B><font color = 'blue'> .</font></B>  -Absent
<B><font color = 'blue'> .</font></B>  -sadas kadkasdj 
<B><font color = 'blue'> .</font></B>  -dsa@eqe
<B><font color = 'blue'> .</font></B>  -emp129666
<B><font color = 'blue'> .</font></B>  -2022-10-29
<B><font color = 'blue'> .</font></B>  -Absent
<B><font color = 'blue'> .</font></B>  -Absent
<B><font color = 'blue'> .</font></B>  -undefined
<B><font color = 'blue'> .</font></B>  -Default
<B><font color = 'blue'> .</font></B>  -Default
<B><font color = 'blue'> .</font></B>  -Absent
<B><font color = 'blue'> .</font></B>  -Absent
<B><font color = 'blue'> .</font></B>  -Absent
<B><font color = 'blue'> .</font></B>  -Absent
<B><font color = 'blue'> .</font></B>  -Absent
<B><font color = 'blue'> .</font></B>  -Absent
<B><font color = 'blue'> .</font></B>  -Absent
<B><font color = 'blue'> .</font></B>  -Absent
<B><font color = 'blue'> .</font></B>  -Absent
<B><font color = 'blue'> .</font></B>  -Absent
<B><font color = 'blue'> .</font></B>  -Absent
<B><font color = 'blue'> .</font></B>  -dshcdb uidsbf 
<B><font color = 'blue'> .</font></B>  -dvbvdb@yahoo.com
<B><font color = 'blue'> .</font></B>  -435454
<B><font color = 'blue'> .</font></B>  -2022-10-29
<B><font color = 'blue'> .</font></B>  -Absent
<B><font color = 'blue'> .</font></B>  -Absent
<B><font color = 'blue'> .</font></B>  -undefined
<B><font color = 'blue'> .</font></B>  -Default
<B><font color = 'blue'> .</font></B>  -Default
<B><font color = 'blue'> .</font></B>  -Absent
<B><font color = 'blue'> .</font></B>  -Absent
<B><font color = 'blue'> .</font></B>  -Absent
<B><font color = 'blue'> .</font></B>  -Absent
<B><font color = 'blue'> .</font></B>  -Absent
<B><font color = 'blue'> .</font></B>  -Absent
<B><font color = 'blue'> .</font></B>  -Absent
<B><font color = 'blue'> .</font></B>  -Absent
<B><font color = 'blue'> .</font></B>  -Absent
<B><font color = 'blue'> .</font></B>  -Absent
<B><font color = 'blue'> .</font></B>  -Absent
<B><font color = 'blue'> .</font></B>  -try last 
<B><font color = 'blue'> .</font></B>  -try@gmail.com
<B><font color = 'blue'> .</font></B>  -1225455
<B><font color = 'blue'> .</font></B>  -2022-10-29
<B><font color = 'blue'> .</font></B>  -Absent
<B><font color = 'blue'> .</font></B>  -Absent
<B><font color = 'blue'> .</font></B>  -undefined
<B><font color = 'blue'> .</font></B>  -Default
<B><font color = 'blue'> .</font></B>  -Default
<B><font color = 'blue'> .</font></B>  -Absent
<B><font color = 'blue'> .</font></B>  -Absent
<B><font color = 'blue'> .</font></B>  -Absent
<B><font color = 'blue'> .</font></B>  -Absent
<B><font color = 'blue'> .</font></B>  -Absent
<B><font color = 'blue'> .</font></B>  -Absent
<B><font color = 'blue'> .</font></B>  -Absent
<B><font color = 'blue'> .</font></B>  -Absent
<B><font color = 'blue'> .</font></B>  -Absent
<B><font color = 'blue'> .</font></B>  -Absent
<B><font color = 'blue'> .</font></B>  -Absent
<B><font color = 'blue'> .</font></B>  -vdjvdb yusvdvbbh 
<B><font color = 'blue'> .</font></B>  -dvhbfdh@gmail.com
<B><font color = 'blue'> .</font></B>  -wq534342
<B><font color = 'blue'> .</font></B>  -2022-10-29
<B><font color = 'blue'> .</font></B>  -Absent
<B><font color = 'blue'> .</font></B>  -Absent
<B><font color = 'blue'> .</font></B>  -undefined
<B><font color = 'blue'> .</font></B>  -Default
<B><font color = 'blue'> .</font></B>  -Default
<B><font color = 'blue'> .</font></B>  -Absent
<B><font color = 'blue'> .</font></B>  -Absent
<B><font color = 'blue'> .</font></B>  -Absent
<B><font color = 'blue'> .</font></B>  -Absent
<B><font color = 'blue'> .</font></B>  -Absent
<B><font color = 'blue'> .</font></B>  -Absent
<B><font color = 'blue'> .</font></B>  -Absent
<B><font color = 'blue'> .</font></B>  -Absent
<B><font color = 'blue'> .</font></B>  -Absent
<B><font color = 'blue'> .</font></B>  -Absent
<B><font color = 'blue'> .</font></B>  -Absent
<B><font color = 'blue'> .</font></B>  -Mail Test user 
<B><font color = 'blue'> .</font></B>  -maintest@user.io
<B><font color = 'blue'> .</font></B>  -GLB-1223888
<B><font color = 'blue'> .</font></B>  -2022-10-29
<B><font color = 'blue'> .</font></B>  -Absent
<B><font color = 'blue'> .</font></B>  -Absent
<B><font color = 'blue'> .</font></B>  -undefined
<B><font color = 'blue'> .</font></B>  -Default
<B><font color = 'blue'> .</font></B>  -Default
<B><font color = 'blue'> .</font></B>  -Absent
<B><font color = 'blue'> .</font></B>  -Absent
<B><font color = 'blue'> .</font></B>  -Absent
<B><font color = 'blue'> .</font></B>  -Absent
<B><font color = 'blue'> .</font></B>  -Absent
<B><font color = 'blue'> .</font></B>  -Absent
<B><font color = 'blue'> .</font></B>  -Absent
<B><font color = 'blue'> .</font></B>  -Absent
<B><font color = 'blue'> .</font></B>  -Absent
<B><font color = 'blue'> .</font></B>  -Absent
<B><font color = 'blue'> .</font></B>  -Absent
<B><font color = 'blue'> .</font></B>  -Update Check 
<B><font color = 'blue'> .</font></B>  -updates@gmail.com
<B><font color = 'blue'> .</font></B>  -emp543
<B><font color = 'blue'> .</font></B>  -2022-10-29
<B><font color = 'blue'> .</font></B>  -Absent
<B><font color = 'blue'> .</font></B>  -Absent
<B><font color = 'blue'> .</font></B>  -undefined
<B><font color = 'blue'> .</font></B>  -Default
<B><font color = 'blue'> .</font></B>  -Default
<B><font color = 'blue'> .</font></B>  -Absent
<B><font color = 'blue'> .</font></B>  -Absent
<B><font color = 'blue'> .</font></B>  -Absent
<B><font color = 'blue'> .</font></B>  -Absent
<B><font color = 'blue'> .</font></B>  -Absent
<B><font color = 'blue'> .</font></B>  -Absent
<B><font color = 'blue'> .</font></B>  -Absent
<B><font color = 'blue'> .</font></B>  -Absent
<B><font color = 'blue'> .</font></B>  -Absent
<B><font color = 'blue'> .</font></B>  -Absent
<B><font color = 'blue'> .</font></B>  -Absent
<B><font color = 'blue'> .</font></B>  -test manager 
<B><font color = 'blue'> .</font></B>  -manageremp@gmail.com
<B><font color = 'blue'> .</font></B>  -glb020
<B><font color = 'blue'> .</font></B>  -2022-10-29
<B><font color = 'blue'> .</font></B>  -Absent
<B><font color = 'blue'> .</font></B>  -Absent
<B><font color = 'blue'> .</font></B>  -undefined
<B><font color = 'blue'> .</font></B>  -Default
<B><font color = 'blue'> .</font></B>  -Default
<B><font color = 'blue'> .</font></B>  -Absent
<B><font color = 'blue'> .</font></B>  -Absent
<B><font color = 'blue'> .</font></B>  -Absent
<B><font color = 'blue'> .</font></B>  -Absent
<B><font color = 'blue'> .</font></B>  -Absent
<B><font color = 'blue'> .</font></B>  -Absent
<B><font color = 'blue'> .</font></B>  -Absent
<B><font color = 'blue'> .</font></B>  -Absent
<B><font color = 'blue'> .</font></B>  -Absent
<B><font color = 'blue'> .</font></B>  -Absent
<B><font color = 'blue'> .</font></B>  -Absent
<B><font color = 'blue'> .</font></B>  -DESKTOP-PJJHB19 - GLB-BLR-002OjUpRD2 
<B><font color = 'blue'> .</font></B>  --
<B><font color = 'blue'> .</font></B>  -GLB-BLR-002OjUpRD2
<B><font color = 'blue'> .</font></B>  -2022-10-29
<B><font color = 'blue'> .</font></B>  -Absent
<B><font color = 'blue'> .</font></B>  -Absent
<B><font color = 'blue'> .</font></B>  -undefined
<B><font color = 'blue'> .</font></B>  -Default
<B><font color = 'blue'> .</font></B>  -Default
<B><font color = 'blue'> .</font></B>  -Absent
<B><font color = 'blue'> .</font></B>  -Absent
<B><font color = 'blue'> .</font></B>  -Absent
<B><font color = 'blue'> .</font></B>  -Absent
<B><font color = 'blue'> .</font></B>  -Absent
<B><font color = 'blue'> .</font></B>  -Absent
<B><font color = 'blue'> .</font></B>  -Absent
<B><font color = 'blue'> .</font></B>  -Absent
<B><font color = 'blue'> .</font></B>  -Absent
<B><font color = 'blue'> .</font></B>  -Absent
<B><font color = 'blue'> .</font></B>  -Absent
<B><font color = 'blue'> .</font></B>  -Usb Test 
<B><font color = 'blue'> .</font></B>  -usbtest123@gmail.com
<B><font color = 'blue'> .</font></B>  -emp0097
<B><font color = 'blue'> .</font></B>  -2022-10-29
<B><font color = 'blue'> .</font></B>  -Absent
<B><font color = 'blue'> .</font></B>  -Absent
<B><font color = 'blue'> .</font></B>  -undefined
<B><font color = 'blue'> .</font></B>  -Default
<B><font color = 'blue'> .</font></B>  -Default
<B><font color = 'blue'> .</font></B>  -Absent
<B><font color = 'blue'> .</font></B>  -Absent
<B><font color = 'blue'> .</font></B>  -Absent
<B><font color = 'blue'> .</font></B>  -Absent
<B><font color = 'blue'> .</font></B>  -Absent
<B><font color = 'blue'> .</font></B>  -Absent
<B><font color = 'blue'> .</font></B>  -Absent
<B><font color = 'blue'> .</font></B>  -Absent
<B><font color = 'blue'> .</font></B>  -Absent
<B><font color = 'blue'> .</font></B>  -Absent
<B><font color = 'blue'> .</font></B>  -Absent
<B><font color = 'blue'> .</font></B>  -SS Keystrokes 
<B><font color = 'blue'> .</font></B>  -sskey@gmail.com
<B><font color = 'blue'> .</font></B>  -emp98y
<B><font color = 'blue'> .</font></B>  -2022-10-29
<B><font color = 'blue'> .</font></B>  -Absent
<B><font color = 'blue'> .</font></B>  -Absent
<B><font color = 'blue'> .</font></B>  -undefined
<B><font color = 'blue'> .</font></B>  -Default
<B><font color = 'blue'> .</font></B>  -Default
<B><font color = 'blue'> .</font></B>  -Absent
<B><font color = 'blue'> .</font></B>  -Absent
<B><font color = 'blue'> .</font></B>  -Absent
<B><font color = 'blue'> .</font></B>  -Absent
<B><font color = 'blue'> .</font></B>  -Absent
<B><font color = 'blue'> .</font></B>  -Absent
<B><font color = 'blue'> .</font></B>  -Absent
<B><font color = 'blue'> .</font></B>  -Absent
<B><font color = 'blue'> .</font></B>  -Absent
<B><font color = 'blue'> .</font></B>  -Absent
<B><font color = 'blue'> .</font></B>  -Absent
<B><font color = 'blue'> .</font></B>  -shivammmmmmmmmmmmmmmmmmmm Kumar 
<B><font color = 'blue'> .</font></B>  -kgfyash545@gmail.com
<B><font color = 'blue'> .</font></B>  -hsakhdjk414
<B><font color = 'blue'> .</font></B>  -2022-10-29
<B><font color = 'blue'> .</font></B>  -Absent
<B><font color = 'blue'> .</font></B>  -Absent
<B><font color = 'blue'> .</font></B>  -undefined
<B><font color = 'blue'> .</font></B>  -Default
<B><font color = 'blue'> .</font></B>  -Default
<B><font color = 'blue'> .</font></B>  -Absent
<B><font color = 'blue'> .</font></B>  -Absent
<B><font color = 'blue'> .</font></B>  -Absent
<B><font color = 'blue'> .</font></B>  -Absent
<B><font color = 'blue'> .</font></B>  -Absent
<B><font color = 'blue'> .</font></B>  -Absent
<B><font color = 'blue'> .</font></B>  -Absent
<B><font color = 'blue'> .</font></B>  -Absent
<B><font color = 'blue'> .</font></B>  -Absent
<B><font color = 'blue'> .</font></B>  -Absent
<B><font color = 'blue'> .</font></B>  -Absent
<B><font color = 'blue'> .</font></B>  -Abhishek Four tf test 
<B><font color = 'blue'> .</font></B>  -abhishekfourtf@mail.com
<B><font color = 'blue'> .</font></B>  -HLIKSJ98
<B><font color = 'blue'> .</font></B>  -2022-10-29
<B><font color = 'blue'> .</font></B>  -Absent
<B><font color = 'blue'> .</font></B>  -Absent
<B><font color = 'blue'> .</font></B>  -undefined
<B><font color = 'blue'> .</font></B>  -Default
<B><font color = 'blue'> .</font></B>  -Default
<B><font color = 'blue'> .</font></B>  -Absent
<B><font color = 'blue'> .</font></B>  -Absent
<B><font color = 'blue'> .</font></B>  -Absent
<B><font color = 'blue'> .</font></B>  -Absent
<B><font color = 'blue'> .</font></B>  -Absent
<B><font color = 'blue'> .</font></B>  -Absent
<B><font color = 'blue'> .</font></B>  -Absent
<B><font color = 'blue'> .</font></B>  -Absent
<B><font color = 'blue'> .</font></B>  -Absent
<B><font color = 'blue'> .</font></B>  -Absent
<B><font color = 'blue'> .</font></B>  -Absent
<B><font color = 'blue'> .</font></B>  -new dev user 
<B><font color = 'blue'> .</font></B>  -new@dev.user
<B><font color = 'blue'> .</font></B>  -fdfsfsd
<B><font color = 'blue'> .</font></B>  -2022-10-29
<B><font color = 'blue'> .</font></B>  -Absent
<B><font color = 'blue'> .</font></B>  -Absent
<B><font color = 'blue'> .</font></B>  -undefined
<B><font color = 'blue'> .</font></B>  -Default
<B><font color = 'blue'> .</font></B>  -Default
<B><font color = 'blue'> .</font></B>  -Absent
<B><font color = 'blue'> .</font></B>  -Absent
<B><font color = 'blue'> .</font></B>  -Absent
<B><font color = 'blue'> .</font></B>  -Absent
<B><font color = 'blue'> .</font></B>  -Absent
<B><font color = 'blue'> .</font></B>  -Absent
<B><font color = 'blue'> .</font></B>  -Absent
<B><font color = 'blue'> .</font></B>  -Absent
<B><font color = 'blue'> .</font></B>  -Absent
<B><font color = 'blue'> .</font></B>  -Absent
<B><font color = 'blue'> .</font></B>  -Absent
<B><font color = 'blue'> .</font></B>  -aaaaaaaaaa aaaaaaaaa 
<B><font color = 'blue'> .</font></B>  -mmmm@gmail.com
<B><font color = 'blue'> .</font></B>  -80765s
<B><font color = 'blue'> .</font></B>  -2022-10-29
<B><font color = 'blue'> .</font></B>  -Absent
<B><font color = 'blue'> .</font></B>  -Absent
<B><font color = 'blue'> .</font></B>  -undefined
<B><font color = 'blue'> .</font></B>  -Bangalore
<B><font color = 'blue'> .</font></B>  -Testing
<B><font color = 'blue'> .</font></B>  -Absent
<B><font color = 'blue'> .</font></B>  -Absent
<B><font color = 'blue'> .</font></B>  -Absent
<B><font color = 'blue'> .</font></B>  -Absent
<B><font color = 'blue'> .</font></B>  -Absent
<B><font color = 'blue'> .</font></B>  -Absent
<B><font color = 'blue'> .</font></B>  -Absent
<B><font color = 'blue'> .</font></B>  -Absent
<B><font color = 'blue'> .</font></B>  -Absent
<B><font color = 'blue'> .</font></B>  -Absent
<B><font color = 'blue'> .</font></B>  -Absent
<B><font color = 'blue'> .</font></B>  -sumesh test 
<B><font color = 'blue'> .</font></B>  -sumesh@mail.com
<B><font color = 'blue'> .</font></B>  -fdgfdgf
<B><font color = 'blue'> .</font></B>  -2022-10-29
<B><font color = 'blue'> .</font></B>  -Absent
<B><font color = 'blue'> .</font></B>  -Absent
<B><font color = 'blue'> .</font></B>  -undefined
<B><font color = 'blue'> .</font></B>  -Bangalore
<B><font color = 'blue'> .</font></B>  -Testing
<B><font color = 'blue'> .</font></B>  -Absent
<B><font color = 'blue'> .</font></B>  -Absent
<B><font color = 'blue'> .</font></B>  -Absent
<B><font color = 'blue'> .</font></B>  -Absent
<B><font color = 'blue'> .</font></B>  -Absent
<B><font color = 'blue'> .</font></B>  -Absent
<B><font color = 'blue'> .</font></B>  -Absent
<B><font color = 'blue'> .</font></B>  -Absent
<B><font color = 'blue'> .</font></B>  -Absent
<B><font color = 'blue'> .</font></B>  -Absent
<B><font color = 'blue'> .</font></B>  -Absent
<B><font color = 'blue'> .</font></B>  -Test msc 
<B><font color = 'blue'> .</font></B>  -test123@gmail.com
<B><font color = 'blue'> .</font></B>  -12254
<B><font color = 'blue'> .</font></B>  -2022-10-29
<B><font color = 'blue'> .</font></B>  -Absent
<B><font color = 'blue'> .</font></B>  -Absent
<B><font color = 'blue'> .</font></B>  -undefined
<B><font color = 'blue'> .</font></B>  -Bangalore
<B><font color = 'blue'> .</font></B>  -Testing
<B><font color = 'blue'> .</font></B>  -Absent
<B><font color = 'blue'> .</font></B>  -Absent
<B><font color = 'blue'> .</font></B>  -Absent
<B><font color = 'blue'> .</font></B>  -Absent
<B><font color = 'blue'> .</font></B>  -Absent
<B><font color = 'blue'> .</font></B>  -Absent
<B><font color = 'blue'> .</font></B>  -Absent
<B><font color = 'blue'> .</font></B>  -Absent
<B><font color = 'blue'> .</font></B>  -Absent
<B><font color = 'blue'> .</font></B>  -Absent
<B><font color = 'blue'> .</font></B>  -Absent
<B><font color = 'blue'> .</font></B>  -deffdfds vscsc 
<B><font color = 'blue'> .</font></B>  -cscsdw123@gmail.com
<B><font color = 'blue'> .</font></B>  -1234512
<B><font color = 'blue'> .</font></B>  -2022-10-29
<B><font color = 'blue'> .</font></B>  -Absent
<B><font color = 'blue'> .</font></B>  -Absent
<B><font color = 'blue'> .</font></B>  -undefined
<B><font color = 'blue'> .</font></B>  -Bangalore
<B><font color = 'blue'> .</font></B>  -Testing
<B><font color = 'blue'> .</font></B>  -Absent
<B><font color = 'blue'> .</font></B>  -Absent
<B><font color = 'blue'> .</font></B>  -Absent
<B><font color = 'blue'> .</font></B>  -Absent
<B><font color = 'blue'> .</font></B>  -Absent
<B><font color = 'blue'> .</font></B>  -Absent
<B><font color = 'blue'> .</font></B>  -Absent
<B><font color = 'blue'> .</font></B>  -Absent
<B><font color = 'blue'> .</font></B>  -Absent
<B><font color = 'blue'> .</font></B>  -Absent
<B><font color = 'blue'> .</font></B>  -Absent
<B><font color = 'blue'> .</font></B>  -test testtt 
<B><font color = 'blue'> .</font></B>  -abcd@gmail.com
<B><font color = 'blue'> .</font></B>  -GLB55
<B><font color = 'blue'> .</font></B>  -2022-10-29
<B><font color = 'blue'> .</font></B>  -Absent
<B><font color = 'blue'> .</font></B>  -Absent
<B><font color = 'blue'> .</font></B>  -undefined
<B><font color = 'blue'> .</font></B>  -Bangalore
<B><font color = 'blue'> .</font></B>  -Testing
<B><font color = 'blue'> .</font></B>  -Absent
<B><font color = 'blue'> .</font></B>  -Absent
<B><font color = 'blue'> .</font></B>  -Absent
<B><font color = 'blue'> .</font></B>  -Absent
<B><font color = 'blue'> .</font></B>  -Absent
<B><font color = 'blue'> .</font></B>  -Absent
<B><font color = 'blue'> .</font></B>  -Absent
<B><font color = 'blue'> .</font></B>  -Absent
<B><font color = 'blue'> .</font></B>  -Absent
<B><font color = 'blue'> .</font></B>  -Absent
<B><font color = 'blue'> .</font></B>  -Absent
<B><font color = 'blue'> .</font></B>  -Abhishe tt 
<B><font color = 'blue'> .</font></B>  -ab@ab.com
<B><font color = 'blue'> .</font></B>  -GKD567
<B><font color = 'blue'> .</font></B>  -2022-10-29
<B><font color = 'blue'> .</font></B>  -Absent
<B><font color = 'blue'> .</font></B>  -Absent
<B><font color = 'blue'> .</font></B>  -undefined
<B><font color = 'blue'> .</font></B>  -Bangalore
<B><font color = 'blue'> .</font></B>  -Testing
<B><font color = 'blue'> .</font></B>  -Absent
<B><font color = 'blue'> .</font></B>  -Absent
<B><font color = 'blue'> .</font></B>  -Absent
<B><font color = 'blue'> .</font></B>  -Absent
<B><font color = 'blue'> .</font></B>  -Absent
<B><font color = 'blue'> .</font></B>  -Absent
<B><font color = 'blue'> .</font></B>  -Absent
<B><font color = 'blue'> .</font></B>  -Absent
<B><font color = 'blue'> .</font></B>  -Absent
<B><font color = 'blue'> .</font></B>  -Absent
<B><font color = 'blue'> .</font></B>  -Absent
<B><font color = 'blue'> .</font></B>  -test nonadmin 
<B><font color = 'blue'> .</font></B>  -testnonadmin@gmail.com
<B><font color = 'blue'> .</font></B>  -GLB026
<B><font color = 'blue'> .</font></B>  -2022-10-29
<B><font color = 'blue'> .</font></B>  -Absent
<B><font color = 'blue'> .</font></B>  -Absent
<B><font color = 'blue'> .</font></B>  -undefined
<B><font color = 'blue'> .</font></B>  -Bangalore
<B><font color = 'blue'> .</font></B>  -Php
<B><font color = 'blue'> .</font></B>  -Absent
<B><font color = 'blue'> .</font></B>  -Absent
<B><font color = 'blue'> .</font></B>  -Absent
<B><font color = 'blue'> .</font></B>  -Absent
<B><font color = 'blue'> .</font></B>  -Absent
<B><font color = 'blue'> .</font></B>  -Absent
<B><font color = 'blue'> .</font></B>  -Absent
<B><font color = 'blue'> .</font></B>  -Absent
<B><font color = 'blue'> .</font></B>  -Absent
<B><font color = 'blue'> .</font></B>  -Absent
<B><font color = 'blue'> .</font></B>  -Absent
<B><font color = 'blue'> .</font></B>  -adg ckj 
<B><font color = 'blue'> .</font></B>  -adcs@1234
<B><font color = 'blue'> .</font></B>  -583
<B><font color = 'blue'> .</font></B>  -2022-10-29
<B><font color = 'blue'> .</font></B>  -Absent
<B><font color = 'blue'> .</font></B>  -Absent
<B><font color = 'blue'> .</font></B>  -undefined
<B><font color = 'blue'> .</font></B>  -Bangalore
<B><font color = 'blue'> .</font></B>  -Testing
<B><font color = 'blue'> .</font></B>  -Absent
<B><font color = 'blue'> .</font></B>  -Absent
<B><font color = 'blue'> .</font></B>  -Absent
<B><font color = 'blue'> .</font></B>  -Absent
<B><font color = 'blue'> .</font></B>  -Absent
<B><font color = 'blue'> .</font></B>  -Absent
<B><font color = 'blue'> .</font></B>  -Absent
<B><font color = 'blue'> .</font></B>  -Absent
<B><font color = 'blue'> .</font></B>  -Absent
<B><font color = 'blue'> .</font></B>  -Absent
<B><font color = 'blue'> .</font></B>  -Absent
<B><font color = 'blue'> .</font></B>  -dominic toretto 
<B><font color = 'blue'> .</font></B>  -dom.toretto737@gmail.com
<B><font color = 'blue'> .</font></B>  -EMP011
<B><font color = 'blue'> .</font></B>  -2022-10-29
<B><font color = 'blue'> .</font></B>  -Absent
<B><font color = 'blue'> .</font></B>  -Absent
<B><font color = 'blue'> .</font></B>  -undefined
<B><font color = 'blue'> .</font></B>  -Bangalore
<B><font color = 'blue'> .</font></B>  -Testing
<B><font color = 'blue'> .</font></B>  -Absent
<B><font color = 'blue'> .</font></B>  -Absent
<B><font color = 'blue'> .</font></B>  -Absent
<B><font color = 'blue'> .</font></B>  -Absent
<B><font color = 'blue'> .</font></B>  -Absent
<B><font color = 'blue'> .</font></B>  -Absent
<B><font color = 'blue'> .</font></B>  -Absent
<B><font color = 'blue'> .</font></B>  -Absent
<B><font color = 'blue'> .</font></B>  -Absent
<B><font color = 'blue'> .</font></B>  -Absent
<B><font color = 'blue'> .</font></B>  -Absent
<B><font color = 'blue'> .</font></B>  -Superior Test one 
<B><font color = 'blue'> .</font></B>  -superiorone@gmail.com
<B><font color = 'blue'> .</font></B>  -twoqw
<B><font color = 'blue'> .</font></B>  -2022-10-29
<B><font color = 'blue'> .</font></B>  -Absent
<B><font color = 'blue'> .</font></B>  -Absent
<B><font color = 'blue'> .</font></B>  -undefined
<B><font color = 'blue'> .</font></B>  -Bangalore
<B><font color = 'blue'> .</font></B>  -Testing
<B><font color = 'blue'> .</font></B>  -Absent
<B><font color = 'blue'> .</font></B>  -Absent
<B><font color = 'blue'> .</font></B>  -Absent
<B><font color = 'blue'> .</font></B>  -Absent
<B><font color = 'blue'> .</font></B>  -Absent
<B><font color = 'blue'> .</font></B>  -Absent
<B><font color = 'blue'> .</font></B>  -Absent
<B><font color = 'blue'> .</font></B>  -Absent
<B><font color = 'blue'> .</font></B>  -Absent
<B><font color = 'blue'> .</font></B>  -Absent
<B><font color = 'blue'> .</font></B>  -Absent
<B><font color = 'blue'> .</font></B>  -test testw 
<B><font color = 'blue'> .</font></B>  -test@mac.in
<B><font color = 'blue'> .</font></B>  -aaf123
<B><font color = 'blue'> .</font></B>  -2022-10-29
<B><font color = 'blue'> .</font></B>  -Absent
<B><font color = 'blue'> .</font></B>  -Absent
<B><font color = 'blue'> .</font></B>  -undefined
<B><font color = 'blue'> .</font></B>  -Bangalore
<B><font color = 'blue'> .</font></B>  -Php
<B><font color = 'blue'> .</font></B>  -Absent
<B><font color = 'blue'> .</font></B>  -Absent
<B><font color = 'blue'> .</font></B>  -Absent
<B><font color = 'blue'> .</font></B>  -Absent
<B><font color = 'blue'> .</font></B>  -Absent
<B><font color = 'blue'> .</font></B>  -Absent
<B><font color = 'blue'> .</font></B>  -Absent
<B><font color = 'blue'> .</font></B>  -Absent
<B><font color = 'blue'> .</font></B>  -Absent
<B><font color = 'blue'> .</font></B>  -Absent
<B><font color = 'blue'> .</font></B>  -Absent
<B><font color = 'blue'> .</font></B>  -sam eer 
<B><font color = 'blue'> .</font></B>  -sam@rf.in
<B><font color = 'blue'> .</font></B>  -WSAERT2Q34E
<B><font color = 'blue'> .</font></B>  -2022-10-29
<B><font color = 'blue'> .</font></B>  -Absent
<B><font color = 'blue'> .</font></B>  -Absent
<B><font color = 'blue'> .</font></B>  -undefined
<B><font color = 'blue'> .</font></B>  -Bangalore
<B><font color = 'blue'> .</font></B>  -Testing
<B><font color = 'blue'> .</font></B>  -Absent
<B><font color = 'blue'> .</font></B>  -Absent
<B><font color = 'blue'> .</font></B>  -Absent
<B><font color = 'blue'> .</font></B>  -Absent
<B><font color = 'blue'> .</font></B>  -Absent
<B><font color = 'blue'> .</font></B>  -Absent
<B><font color = 'blue'> .</font></B>  -Absent
<B><font color = 'blue'> .</font></B>  -Absent
<B><font color = 'blue'> .</font></B>  -Absent
<B><font color = 'blue'> .</font></B>  -Absent
<B><font color = 'blue'> .</font></B>  -Absent
<B><font color = 'blue'> .</font></B>  -Test test 
<B><font color = 'blue'> .</font></B>  -sarikajain@gmail.com
<B><font color = 'blue'> .</font></B>  -E-101
<B><font color = 'blue'> .</font></B>  -2022-10-29
<B><font color = 'blue'> .</font></B>  -Absent
<B><font color = 'blue'> .</font></B>  -Absent
<B><font color = 'blue'> .</font></B>  -undefined
<B><font color = 'blue'> .</font></B>  -Bangalore
<B><font color = 'blue'> .</font></B>  -Testing
<B><font color = 'blue'> .</font></B>  -Absent
<B><font color = 'blue'> .</font></B>  -Absent
<B><font color = 'blue'> .</font></B>  -Absent
<B><font color = 'blue'> .</font></B>  -Absent
<B><font color = 'blue'> .</font></B>  -Absent
<B><font color = 'blue'> .</font></B>  -Absent
<B><font color = 'blue'> .</font></B>  -Absent
<B><font color = 'blue'> .</font></B>  -Absent
<B><font color = 'blue'> .</font></B>  -Absent
<B><font color = 'blue'> .</font></B>  -Absent
<B><font color = 'blue'> .</font></B>  -Absent
<B><font color = 'blue'> .</font></B>  -sithu kalluru 
<B><font color = 'blue'> .</font></B>  -sitaramireddy@globussoft.in
<B><font color = 'blue'> .</font></B>  -code12
<B><font color = 'blue'> .</font></B>  -2022-10-29
<B><font color = 'blue'> .</font></B>  -Absent
<B><font color = 'blue'> .</font></B>  -Absent
<B><font color = 'blue'> .</font></B>  -undefined
<B><font color = 'blue'> .</font></B>  -Bangalore
<B><font color = 'blue'> .</font></B>  -Testing
<B><font color = 'blue'> .</font></B>  -Absent
<B><font color = 'blue'> .</font></B>  -Absent
<B><font color = 'blue'> .</font></B>  -Absent
<B><font color = 'blue'> .</font></B>  -Absent
<B><font color = 'blue'> .</font></B>  -Absent
<B><font color = 'blue'> .</font></B>  -Absent
<B><font color = 'blue'> .</font></B>  -Absent
<B><font color = 'blue'> .</font></B>  -Absent
<B><font color = 'blue'> .</font></B>  -Absent
<B><font color = 'blue'> .</font></B>  -Absent
<B><font color = 'blue'> .</font></B>  -Absent
<B><font color = 'blue'> .</font></B>  -test123 abcd 
<B><font color = 'blue'> .</font></B>  -s@gmail.com
<B><font color = 'blue'> .</font></B>  -code123z
<B><font color = 'blue'> .</font></B>  -2022-10-29
<B><font color = 'blue'> .</font></B>  -Absent
<B><font color = 'blue'> .</font></B>  -Absent
<B><font color = 'blue'> .</font></B>  -undefined
<B><font color = 'blue'> .</font></B>  -Bangalore
<B><font color = 'blue'> .</font></B>  -Testing
<B><font color = 'blue'> .</font></B>  -Absent
<B><font color = 'blue'> .</font></B>  -Absent
<B><font color = 'blue'> .</font></B>  -Absent
<B><font color = 'blue'> .</font></B>  -Absent
<B><font color = 'blue'> .</font></B>  -Absent
<B><font color = 'blue'> .</font></B>  -Absent
<B><font color = 'blue'> .</font></B>  -Absent
<B><font color = 'blue'> .</font></B>  -Absent
<B><font color = 'blue'> .</font></B>  -Absent
<B><font color = 'blue'> .</font></B>  -Absent
<B><font color = 'blue'> .</font></B>  -Absent
<B><font color = 'blue'> .</font></B>  -testing test 
<B><font color = 'blue'> .</font></B>  -aarshajoyson1601@gmail.com
<B><font color = 'blue'> .</font></B>  -glb0008
<B><font color = 'blue'> .</font></B>  -2022-10-29
<B><font color = 'blue'> .</font></B>  -Absent
<B><font color = 'blue'> .</font></B>  -Absent
<B><font color = 'blue'> .</font></B>  -undefined
<B><font color = 'blue'> .</font></B>  -Bangalore
<B><font color = 'blue'> .</font></B>  -Php
<B><font color = 'blue'> .</font></B>  -Absent
<B><font color = 'blue'> .</font></B>  -Absent
<B><font color = 'blue'> .</font></B>  -Absent
<B><font color = 'blue'> .</font></B>  -Absent
<B><font color = 'blue'> .</font></B>  -Absent
<B><font color = 'blue'> .</font></B>  -Absent
<B><font color = 'blue'> .</font></B>  -Absent
<B><font color = 'blue'> .</font></B>  -Absent
<B><font color = 'blue'> .</font></B>  -Absent
<B><font color = 'blue'> .</font></B>  -Absent
<B><font color = 'blue'> .</font></B>  -Absent
<B><font color = 'blue'> .</font></B>  -Automation CodeeeAuto 
<B><font color = 'blue'> .</font></B>  -skabcdef7@gmail.com
<B><font color = 'blue'> .</font></B>  -Emp-Abzcde-1234522
<B><font color = 'blue'> .</font></B>  -2022-10-29
<B><font color = 'blue'> .</font></B>  -Absent
<B><font color = 'blue'> .</font></B>  -Absent
<B><font color = 'blue'> .</font></B>  -undefined
<B><font color = 'blue'> .</font></B>  -Bangalore
<B><font color = 'blue'> .</font></B>  -Testing
<B><font color = 'blue'> .</font></B>  -Absent
<B><font color = 'blue'> .</font></B>  -Absent
<B><font color = 'blue'> .</font></B>  -Absent
<B><font color = 'blue'> .</font></B>  -Absent
<B><font color = 'blue'> .</font></B>  -Absent
<B><font color = 'blue'> .</font></B>  -Absent
<B><font color = 'blue'> .</font></B>  -Absent
<B><font color = 'blue'> .</font></B>  -Absent
<B><font color = 'blue'> .</font></B>  -Absent
<B><font color = 'blue'> .</font></B>  -Absent
<B><font color = 'blue'> .</font></B>  -Absent
<B><font color = 'blue'> .</font></B>  -piyush dfgsfg 
<B><font color = 'blue'> .</font></B>  -jos@gmail.com
<B><font color = 'blue'> .</font></B>  -sdgff
<B><font color = 'blue'> .</font></B>  -2022-10-29
<B><font color = 'blue'> .</font></B>  -Absent
<B><font color = 'blue'> .</font></B>  -Absent
<B><font color = 'blue'> .</font></B>  -undefined
<B><font color = 'blue'> .</font></B>  -Bangalore
<B><font color = 'blue'> .</font></B>  -Testing
<B><font color = 'blue'> .</font></B>  -Absent
<B><font color = 'blue'> .</font></B>  -Absent
<B><font color = 'blue'> .</font></B>  -Absent
<B><font color = 'blue'> .</font></B>  -Absent
<B><font color = 'blue'> .</font></B>  -Absent
<B><font color = 'blue'> .</font></B>  -Absent
<B><font color = 'blue'> .</font></B>  -Absent
<B><font color = 'blue'> .</font></B>  -Absent
<B><font color = 'blue'> .</font></B>  -Absent
<B><font color = 'blue'> .</font></B>  -Absent
<B><font color = 'blue'> .</font></B>  -Absent
<B><font color = 'blue'> .</font></B>  -Aryan raj 
<B><font color = 'blue'> .</font></B>  -alex@gmail.com
<B><font color = 'blue'> .</font></B>  -126
<B><font color = 'blue'> .</font></B>  -2022-10-29
<B><font color = 'blue'> .</font></B>  -Absent
<B><font color = 'blue'> .</font></B>  -Absent
<B><font color = 'blue'> .</font></B>  -undefined
<B><font color = 'blue'> .</font></B>  -Bangalore
<B><font color = 'blue'> .</font></B>  -Testing
<B><font color = 'blue'> .</font></B>  -Absent
<B><font color = 'blue'> .</font></B>  -Absent
<B><font color = 'blue'> .</font></B>  -Absent
<B><font color = 'blue'> .</font></B>  -Absent
<B><font color = 'blue'> .</font></B>  -Absent
<B><font color = 'blue'> .</font></B>  -Absent
<B><font color = 'blue'> .</font></B>  -Absent
<B><font color = 'blue'> .</font></B>  -Absent
<B><font color = 'blue'> .</font></B>  -Absent
<B><font color = 'blue'> .</font></B>  -Absent
<B><font color = 'blue'> .</font></B>  -Absent
<B><font color = 'blue'> .</font></B>  -Automation CodeeeAuto 
<B><font color = 'blue'> .</font></B>  -skabcdef38@gmail.com
<B><font color = 'blue'> .</font></B>  -Emp-Abzcde-123457
<B><font color = 'blue'> .</font></B>  -2022-10-29
<B><font color = 'blue'> .</font></B>  -Absent
<B><font color = 'blue'> .</font></B>  -Absent
<B><font color = 'blue'> .</font></B>  -undefined
<B><font color = 'blue'> .</font></B>  -Bangalore
<B><font color = 'blue'> .</font></B>  -Testing
<B><font color = 'blue'> .</font></B>  -Absent
<B><font color = 'blue'> .</font></B>  -Absent
<B><font color = 'blue'> .</font></B>  -Absent
<B><font color = 'blue'> .</font></B>  -Absent
<B><font color = 'blue'> .</font></B>  -Absent
<B><font color = 'blue'> .</font></B>  -Absent
<B><font color = 'blue'> .</font></B>  -Absent
<B><font color = 'blue'> .</font></B>  -Absent
<B><font color = 'blue'> .</font></B>  -Absent
<B><font color = 'blue'> .</font></B>  -Absent
<B><font color = 'blue'> .</font></B>  -Absent
<B><font color = 'blue'> .</font></B>  -Automation CodeeeAuto 
<B><font color = 'blue'> .</font></B>  -skabcdef33@gmail.com
<B><font color = 'blue'> .</font></B>  -Emp-Abzcde-1234557
<B><font color = 'blue'> .</font></B>  -2022-10-29
<B><font color = 'blue'> .</font></B>  -Absent
<B><font color = 'blue'> .</font></B>  -Absent
<B><font color = 'blue'> .</font></B>  -undefined
<B><font color = 'blue'> .</font></B>  -Bangalore
<B><font color = 'blue'> .</font></B>  -Testing
<B><font color = 'blue'> .</font></B>  -Absent
<B><font color = 'blue'> .</font></B>  -Absent
<B><font color = 'blue'> .</font></B>  -Absent
<B><font color = 'blue'> .</font></B>  -Absent
<B><font color = 'blue'> .</font></B>  -Absent
<B><font color = 'blue'> .</font></B>  -Absent
<B><font color = 'blue'> .</font></B>  -Absent
<B><font color = 'blue'> .</font></B>  -Absent
<B><font color = 'blue'> .</font></B>  -Absent
<B><font color = 'blue'> .</font></B>  -Absent
<B><font color = 'blue'> .</font></B>  -Absent
<B><font color = 'blue'> .</font></B>  -D Surya Prabhakar 
<B><font color = 'blue'> .</font></B>  -surya1@gmail.com
<B><font color = 'blue'> .</font></B>  -EM010
<B><font color = 'blue'> .</font></B>  -2022-10-29
<B><font color = 'blue'> .</font></B>  -Absent
<B><font color = 'blue'> .</font></B>  -Absent
<B><font color = 'blue'> .</font></B>  -undefined
<B><font color = 'blue'> .</font></B>  -bengaluru
<B><font color = 'blue'> .</font></B>  -Testing
<B><font color = 'blue'> .</font></B>  -Absent
<B><font color = 'blue'> .</font></B>  -Absent
<B><font color = 'blue'> .</font></B>  -Absent
<B><font color = 'blue'> .</font></B>  -Absent
<B><font color = 'blue'> .</font></B>  -Absent
<B><font color = 'blue'> .</font></B>  -Absent
<B><font color = 'blue'> .</font></B>  -Absent
<B><font color = 'blue'> .</font></B>  -Absent
<B><font color = 'blue'> .</font></B>  -Absent
<B><font color = 'blue'> .</font></B>  -Absent
<B><font color = 'blue'> .</font></B>  -Absent
<B><font color = 'blue'> .</font></B>  -R o       hit Sharma 
<B><font color = 'blue'> .</font></B>  -rahulrajt5613928@gmail.com
<B><font color = 'blue'> .</font></B>  -67645
<B><font color = 'blue'> .</font></B>  -2022-10-29
<B><font color = 'blue'> .</font></B>  -Absent
<B><font color = 'blue'> .</font></B>  -Absent
<B><font color = 'blue'> .</font></B>  -undefined
<B><font color = 'blue'> .</font></B>  -bengaluru
<B><font color = 'blue'> .</font></B>  -Testing
<B><font color = 'blue'> .</font></B>  -Absent
<B><font color = 'blue'> .</font></B>  -Absent
<B><font color = 'blue'> .</font></B>  -Absent
<B><font color = 'blue'> .</font></B>  -Absent
<B><font color = 'blue'> .</font></B>  -Absent
<B><font color = 'blue'> .</font></B>  -Absent
<B><font color = 'blue'> .</font></B>  -Absent
<B><font color = 'blue'> .</font></B>  -Absent
<B><font color = 'blue'> .</font></B>  -Absent
<B><font color = 'blue'> .</font></B>  -Absent
<B><font color = 'blue'> .</font></B>  -Absent
<B><font color = 'blue'> .</font></B>  -ni test 
<B><font color = 'blue'> .</font></B>  -nitest12@gmail.com
<B><font color = 'blue'> .</font></B>  -GLB678
<B><font color = 'blue'> .</font></B>  -2022-10-29
<B><font color = 'blue'> .</font></B>  -Absent
<B><font color = 'blue'> .</font></B>  -Absent
<B><font color = 'blue'> .</font></B>  -undefined
<B><font color = 'blue'> .</font></B>  -bengaluru
<B><font color = 'blue'> .</font></B>  -Testing
<B><font color = 'blue'> .</font></B>  -Absent
<B><font color = 'blue'> .</font></B>  -Absent
<B><font color = 'blue'> .</font></B>  -Absent
<B><font color = 'blue'> .</font></B>  -Absent
<B><font color = 'blue'> .</font></B>  -Absent
<B><font color = 'blue'> .</font></B>  -Absent
<B><font color = 'blue'> .</font></B>  -Absent
<B><font color = 'blue'> .</font></B>  -Absent
<B><font color = 'blue'> .</font></B>  -Absent
<B><font color = 'blue'> .</font></B>  -Absent
<B><font color = 'blue'> .</font></B>  -Absent
<B><font color = 'blue'> .</font></B>  -one test 
<B><font color = 'blue'> .</font></B>  -testone1234@gmail.com
<B><font color = 'blue'> .</font></B>  -0110
<B><font color = 'blue'> .</font></B>  -2022-10-29
<B><font color = 'blue'> .</font></B>  -Absent
<B><font color = 'blue'> .</font></B>  -Absent
<B><font color = 'blue'> .</font></B>  -undefined
<B><font color = 'blue'> .</font></B>  -bengaluru
<B><font color = 'blue'> .</font></B>  -Testing
<B><font color = 'blue'> .</font></B>  -Absent
<B><font color = 'blue'> .</font></B>  -Absent
<B><font color = 'blue'> .</font></B>  -Absent
<B><font color = 'blue'> .</font></B>  -Absent
<B><font color = 'blue'> .</font></B>  -Absent
<B><font color = 'blue'> .</font></B>  -Absent
<B><font color = 'blue'> .</font></B>  -Absent
<B><font color = 'blue'> .</font></B>  -Absent
<B><font color = 'blue'> .</font></B>  -Absent
<B><font color = 'blue'> .</font></B>  -Absent
<B><font color = 'blue'> .</font></B>  -Absent
<B><font color = 'blue'> .</font></B>  -GLB-BLR-010-PC - GLB-BLR-010 
<B><font color = 'blue'> .</font></B>  -abcd@yuksdgus
<B><font color = 'blue'> .</font></B>  -GLB-BLR-010
<B><font color = 'blue'> .</font></B>  -2022-10-29
<B><font color = 'blue'> .</font></B>  -Absent
<B><font color = 'blue'> .</font></B>  -Absent
<B><font color = 'blue'> .</font></B>  -undefined
<B><font color = 'blue'> .</font></B>  -bengaluru
<B><font color = 'blue'> .</font></B>  -Testing
<B><font color = 'blue'> .</font></B>  -Absent
<B><font color = 'blue'> .</font></B>  -Absent
<B><font color = 'blue'> .</font></B>  -Absent
<B><font color = 'blue'> .</font></B>  -Absent
<B><font color = 'blue'> .</font></B>  -Absent
<B><font color = 'blue'> .</font></B>  -Absent
<B><font color = 'blue'> .</font></B>  -Absent
<B><font color = 'blue'> .</font></B>  -Absent
<B><font color = 'blue'> .</font></B>  -Absent
<B><font color = 'blue'> .</font></B>  -Absent
<B><font color = 'blue'> .</font></B>  -Absent
<B><font color = 'blue'> .</font></B>  -surya kk 
<B><font color = 'blue'> .</font></B>  -123@gmail.com
<B><font color = 'blue'> .</font></B>  -mmmmm
<B><font color = 'blue'> .</font></B>  -2022-10-29
<B><font color = 'blue'> .</font></B>  -Absent
<B><font color = 'blue'> .</font></B>  -Absent
<B><font color = 'blue'> .</font></B>  -undefined
<B><font color = 'blue'> .</font></B>  -Tamilnadu
<B><font color = 'blue'> .</font></B>  -Test and Dev
<B><font color = 'blue'> .</font></B>  -Absent
<B><font color = 'blue'> .</font></B>  -Absent
<B><font color = 'blue'> .</font></B>  -Absent
<B><font color = 'blue'> .</font></B>  -Absent
<B><font color = 'blue'> .</font></B>  -Absent
<B><font color = 'blue'> .</font></B>  -Absent
<B><font color = 'blue'> .</font></B>  -Absent
<B><font color = 'blue'> .</font></B>  -Absent
<B><font color = 'blue'> .</font></B>  -Absent
<B><font color = 'blue'> .</font></B>  -Absent
<B><font color = 'blue'> .</font></B>  -Absent
<B><font color = 'blue'> .</font></B>  -sai kk 
<B><font color = 'blue'> .</font></B>  -saikk19876@gmail.com
<B><font color = 'blue'> .</font></B>  -20221019
<B><font color = 'blue'> .</font></B>  -2022-10-29
<B><font color = 'blue'> .</font></B>  -Absent
<B><font color = 'blue'> .</font></B>  -Absent
<B><font color = 'blue'> .</font></B>  -undefined
<B><font color = 'blue'> .</font></B>  -Tamilnadu
<B><font color = 'blue'> .</font></B>  -Test and Dev
<B><font color = 'blue'> .</font></B>  -Absent
<B><font color = 'blue'> .</font></B>  -Absent
<B><font color = 'blue'> .</font></B>  -Absent
<B><font color = 'blue'> .</font></B>  -Absent
<B><font color = 'blue'> .</font></B>  -Absent
<B><font color = 'blue'> .</font></B>  -Absent
<B><font color = 'blue'> .</font></B>  -Absent
<B><font color = 'blue'> .</font></B>  -Absent
<B><font color = 'blue'> .</font></B>  -Absent
<B><font color = 'blue'> .</font></B>  -Absent
<B><font color = 'blue'> .</font></B>  -Absent
<B><font color = 'blue'> .</font></B>  -ajeethemp test 
<B><font color = 'blue'> .</font></B>  -ajeethemp@gmail.com
<B><font color = 'blue'> .</font></B>  -A01
<B><font color = 'blue'> .</font></B>  -2022-10-29
<B><font color = 'blue'> .</font></B>  -Absent
<B><font color = 'blue'> .</font></B>  -Absent
<B><font color = 'blue'> .</font></B>  -undefined
<B><font color = 'blue'> .</font></B>  -Tamilnadu
<B><font color = 'blue'> .</font></B>  -Test and Dev
<B><font color = 'blue'> .</font></B>  -Absent
<B><font color = 'blue'> .</font></B>  -Absent
<B><font color = 'blue'> .</font></B>  -Absent
<B><font color = 'blue'> .</font></B>  -Absent
<B><font color = 'blue'> .</font></B>  -Absent
<B><font color = 'blue'> .</font></B>  -Absent
<B><font color = 'blue'> .</font></B>  -Absent
<B><font color = 'blue'> .</font></B>  -Absent
<B><font color = 'blue'> .</font></B>  -Absent
<B><font color = 'blue'> .</font></B>  -Absent
<B><font color = 'blue'> .</font></B>  -Absent
<B><font color = 'blue'> .</font></B>  -test user two 
<B><font color = 'blue'> .</font></B>  -testuser@two.io
<B><font color = 'blue'> .</font></B>  -GSLL-327
<B><font color = 'blue'> .</font></B>  -2022-10-29
<B><font color = 'blue'> .</font></B>  -Absent
<B><font color = 'blue'> .</font></B>  -Absent
<B><font color = 'blue'> .</font></B>  -undefined
<B><font color = 'blue'> .</font></B>  -Tamilnadu
<B><font color = 'blue'> .</font></B>  -Test and Dev
<B><font color = 'blue'> .</font></B>  -Absent
<B><font color = 'blue'> .</font></B>  -Absent
<B><font color = 'blue'> .</font></B>  -Absent
<B><font color = 'blue'> .</font></B>  -Absent
<B><font color = 'blue'> .</font></B>  -Absent
<B><font color = 'blue'> .</font></B>  -Absent
<B><font color = 'blue'> .</font></B>  -Absent
<B><font color = 'blue'> .</font></B>  -Absent
<B><font color = 'blue'> .</font></B>  -Absent
<B><font color = 'blue'> .</font></B>  -Absent
<B><font color = 'blue'> .</font></B>  -Absent
<B><font color = 'blue'> .</font></B>  -Himanshu Kumar 
<B><font color = 'blue'> .</font></B>  -himanshu1@gmail.com
<B><font color = 'blue'> .</font></B>  -EM011
<B><font color = 'blue'> .</font></B>  -2022-10-29
<B><font color = 'blue'> .</font></B>  -Absent
<B><font color = 'blue'> .</font></B>  -Absent
<B><font color = 'blue'> .</font></B>  -undefined
<B><font color = 'blue'> .</font></B>  -bagalkot
<B><font color = 'blue'> .</font></B>  -manual testing
<B><font color = 'blue'> .</font></B>  -Absent
<B><font color = 'blue'> .</font></B>  -Absent
<B><font color = 'blue'> .</font></B>  -Absent
<B><font color = 'blue'> .</font></B>  -Absent
<B><font color = 'blue'> .</font></B>  -Absent
<B><font color = 'blue'> .</font></B>  -Absent
<B><font color = 'blue'> .</font></B>  -Absent
<B><font color = 'blue'> .</font></B>  -Absent
<B><font color = 'blue'> .</font></B>  -Absent
<B><font color = 'blue'> .</font></B>  -Absent
<B><font color = 'blue'> .</font></B>  -Absent
<B><font color = 'blue'> .</font></B>  -dxgfdxg gssdg 
<B><font color = 'blue'> .</font></B>  -sdgsg@dgksodkg.in
<B><font color = 'blue'> .</font></B>  -asfda343443
<B><font color = 'blue'> .</font></B>  -2022-10-29
<B><font color = 'blue'> .</font></B>  -Absent
<B><font color = 'blue'> .</font></B>  -Absent
<B><font color = 'blue'> .</font></B>  -undefined
<B><font color = 'blue'> .</font></B>  -Bhilai
<B><font color = 'blue'> .</font></B>  -Php
<B><font color = 'blue'> .</font></B>  -Absent
<B><font color = 'blue'> .</font></B>  -Absent
<B><font color = 'blue'> .</font></B>  -Absent
<B><font color = 'blue'> .</font></B>  -Absent
<B><font color = 'blue'> .</font></B>  -Absent
<B><font color = 'blue'> .</font></B>  -Absent
<B><font color = 'blue'> .</font></B>  -Absent
<B><font color = 'blue'> .</font></B>  -Absent
<B><font color = 'blue'> .</font></B>  -Absent
<B><font color = 'blue'> .</font></B>  -Absent
<B><font color = 'blue'> .</font></B>  -Absent
<B><font color = 'blue'> .</font></B>  -Guest User 
<B><font color = 'blue'> .</font></B>  -guestuser@gmail.com
<B><font color = 'blue'> .</font></B>  -GLB-777
<B><font color = 'blue'> .</font></B>  -2022-10-29
<B><font color = 'blue'> .</font></B>  -Absent
<B><font color = 'blue'> .</font></B>  -Absent
<B><font color = 'blue'> .</font></B>  -undefined
<B><font color = 'blue'> .</font></B>  -Bhilai
<B><font color = 'blue'> .</font></B>  -Php
<B><font color = 'blue'> .</font></B>  -Absent
<B><font color = 'blue'> .</font></B>  -Absent
<B><font color = 'blue'> .</font></B>  -Absent
<B><font color = 'blue'> .</font></B>  -Absent
<B><font color = 'blue'> .</font></B>  -Absent
<B><font color = 'blue'> .</font></B>  -Absent
<B><font color = 'blue'> .</font></B>  -Absent
<B><font color = 'blue'> .</font></B>  -Absent
<B><font color = 'blue'> .</font></B>  -Absent
<B><font color = 'blue'> .</font></B>  -Absent
<B><font color = 'blue'> .</font></B>  -Absent
<B><font color = 'blue'> .</font></B>  -Abhishek Test 
<B><font color = 'blue'> .</font></B>  -abhishektrest@glb.in
<B><font color = 'blue'> .</font></B>  -rN7tvEiDPGNi4fD
<B><font color = 'blue'> .</font></B>  -2022-10-28
<B><font color = 'blue'> .</font></B>  -28-10-2022 16:33:54
<B><font color = 'blue'> .</font></B>  -29-10-2022 00:00:00
<B><font color = 'blue'> .</font></B>  -GLB-124-PC
<B><font color = 'blue'> .</font></B>  -Bangalore
<B><font color = 'blue'> .</font></B>  -Php
<B><font color = 'blue'> .</font></B>  -07:26:06
<B><font color = 'blue'> .</font></B>  -00:00:00
<B><font color = 'blue'> .</font></B>  -00:00:00
<B><font color = 'blue'> .</font></B>  -00:00:00
<B><font color = 'blue'> .</font></B>  -00:00:00
<B><font color = 'blue'> .</font></B>  -00:00:00
<B><font color = 'blue'> .</font></B>  -00:00:00
<B><font color = 'blue'> .</font></B>  -07:26:06
<B><font color = 'blue'> .</font></B>  -0.00%
<B><font color = 'blue'> .</font></B>  --480:00
<B><font color = 'blue'> .</font></B>  -0.00
<B><font color = 'blue'> .</font></B>  -Test test 
<B><font color = 'blue'> .</font></B>  -sarikajain@gmail.com
<B><font color = 'blue'> .</font></B>  -E-101
<B><font color = 'blue'> .</font></B>  -2022-10-28
<B><font color = 'blue'> .</font></B>  -28-10-2022 11:30:01
<B><font color = 'blue'> .</font></B>  -28-10-2022 16:37:28
<B><font color = 'blue'> .</font></B>  -GLB-110-PC
<B><font color = 'blue'> .</font></B>  -Bangalore
<B><font color = 'blue'> .</font></B>  -Testing
<B><font color = 'blue'> .</font></B>  -05:07:27
<B><font color = 'blue'> .</font></B>  -00:00:00
<B><font color = 'blue'> .</font></B>  -00:00:00
<B><font color = 'blue'> .</font></B>  -00:00:00
<B><font color = 'blue'> .</font></B>  -00:00:00
<B><font color = 'blue'> .</font></B>  -00:00:00
<B><font color = 'blue'> .</font></B>  -00:00:00
<B><font color = 'blue'> .</font></B>  -05:07:27
<B><font color = 'blue'> .</font></B>  -0.00%
<B><font color = 'blue'> .</font></B>  --480:00
<B><font color = 'blue'> .</font></B>  -0.00
<B><font color = 'blue'> .</font></B>  -dominic toretto 
<B><font color = 'blue'> .</font></B>  -dom.toretto737@gmail.com
<B><font color = 'blue'> .</font></B>  -EMP011
<B><font color = 'blue'> .</font></B>  -2022-10-28
<B><font color = 'blue'> .</font></B>  -28-10-2022 00:00:00
<B><font color = 'blue'> .</font></B>  -28-10-2022 00:02:09
<B><font color = 'blue'> .</font></B>  -GLB-110-PC
<B><font color = 'blue'> .</font></B>  -Bangalore
<B><font color = 'blue'> .</font></B>  -Testing
<B><font color = 'blue'> .</font></B>  -00:02:09
<B><font color = 'blue'> .</font></B>  -00:00:00
<B><font color = 'blue'> .</font></B>  -00:00:00
<B><font color = 'blue'> .</font></B>  -00:00:00
<B><font color = 'blue'> .</font></B>  -00:00:00
<B><font color = 'blue'> .</font></B>  -00:00:00
<B><font color = 'blue'> .</font></B>  -00:00:00
<B><font color = 'blue'> .</font></B>  -00:02:09
<B><font color = 'blue'> .</font></B>  -0.00%
<B><font color = 'blue'> .</font></B>  --480:00
<B><font color = 'blue'> .</font></B>  -0.00
<B><font color = 'blue'> .</font></B>  -New Test 
<B><font color = 'blue'> .</font></B>  -newtest@gmail.com
<B><font color = 'blue'> .</font></B>  -ewer334443
<B><font color = 'blue'> .</font></B>  -2022-10-28
<B><font color = 'blue'> .</font></B>  -28-10-2022 19:20:26
<B><font color = 'blue'> .</font></B>  -28-10-2022 21:29:02
<B><font color = 'blue'> .</font></B>  -GLB-BLR-010-PC
<B><font color = 'blue'> .</font></B>  -Default
<B><font color = 'blue'> .</font></B>  -Default
<B><font color = 'blue'> .</font></B>  -02:08:36
<B><font color = 'blue'> .</font></B>  -00:00:00
<B><font color = 'blue'> .</font></B>  -00:00:00
<B><font color = 'blue'> .</font></B>  -00:00:00
<B><font color = 'blue'> .</font></B>  -00:00:00
<B><font color = 'blue'> .</font></B>  -00:00:00
<B><font color = 'blue'> .</font></B>  -00:00:00
<B><font color = 'blue'> .</font></B>  -02:08:36
<B><font color = 'blue'> .</font></B>  -0.00%
<B><font color = 'blue'> .</font></B>  --480:00
<B><font color = 'blue'> .</font></B>  -0.00
<B><font color = 'blue'> .</font></B>  -Virat kohli 
<B><font color = 'blue'> .</font></B>  -rahukbgdxgsf@gmail.com
<B><font color = 'blue'> .</font></B>  -65332
<B><font color = 'blue'> .</font></B>  -2022-10-28
<B><font color = 'blue'> .</font></B>  -Absent
<B><font color = 'blue'> .</font></B>  -Absent
<B><font color = 'blue'> .</font></B>  -undefined
<B><font color = 'blue'> .</font></B>  -Default
<B><font color = 'blue'> .</font></B>  -Default
<B><font color = 'blue'> .</font></B>  -Absent
<B><font color = 'blue'> .</font></B>  -Absent
<B><font color = 'blue'> .</font></B>  -Absent
<B><font color = 'blue'> .</font></B>  -Absent
<B><font color = 'blue'> .</font></B>  -Absent
<B><font color = 'blue'> .</font></B>  -Absent
<B><font color = 'blue'> .</font></B>  -Absent
<B><font color = 'blue'> .</font></B>  -Absent
<B><font color = 'blue'> .</font></B>  -Absent
<B><font color = 'blue'> .</font></B>  -Absent
<B><font color = 'blue'> .</font></B>  -Absent
<B><font color = 'blue'> .</font></B>  -sadas kadkasdj 
<B><font color = 'blue'> .</font></B>  -dsa@eqe
<B><font color = 'blue'> .</font></B>  -emp129666
<B><font color = 'blue'> .</font></B>  -2022-10-28
<B><font color = 'blue'> .</font></B>  -Absent
<B><font color = 'blue'> .</font></B>  -Absent
<B><font color = 'blue'> .</font></B>  -undefined
<B><font color = 'blue'> .</font></B>  -Default
<B><font color = 'blue'> .</font></B>  -Default
<B><font color = 'blue'> .</font></B>  -Absent
<B><font color = 'blue'> .</font></B>  -Absent
<B><font color = 'blue'> .</font></B>  -Absent
<B><font color = 'blue'> .</font></B>  -Absent
<B><font color = 'blue'> .</font></B>  -Absent
<B><font color = 'blue'> .</font></B>  -Absent
<B><font color = 'blue'> .</font></B>  -Absent
<B><font color = 'blue'> .</font></B>  -Absent
<B><font color = 'blue'> .</font></B>  -Absent
<B><font color = 'blue'> .</font></B>  -Absent
<B><font color = 'blue'> .</font></B>  -Absent
<B><font color = 'blue'> .</font></B>  -dshcdb uidsbf 
<B><font color = 'blue'> .</font></B>  -dvbvdb@yahoo.com
<B><font color = 'blue'> .</font></B>  -435454
<B><font color = 'blue'> .</font></B>  -2022-10-28
<B><font color = 'blue'> .</font></B>  -Absent
<B><font color = 'blue'> .</font></B>  -Absent
<B><font color = 'blue'> .</font></B>  -undefined
<B><font color = 'blue'> .</font></B>  -Default
<B><font color = 'blue'> .</font></B>  -Default
<B><font color = 'blue'> .</font></B>  -Absent
<B><font color = 'blue'> .</font></B>  -Absent
<B><font color = 'blue'> .</font></B>  -Absent
<B><font color = 'blue'> .</font></B>  -Absent
<B><font color = 'blue'> .</font></B>  -Absent
<B><font color = 'blue'> .</font></B>  -Absent
<B><font color = 'blue'> .</font></B>  -Absent
<B><font color = 'blue'> .</font></B>  -Absent
<B><font color = 'blue'> .</font></B>  -Absent
<B><font color = 'blue'> .</font></B>  -Absent
<B><font color = 'blue'> .</font></B>  -Absent
<B><font color = 'blue'> .</font></B>  -try last 
<B><font color = 'blue'> .</font></B>  -try@gmail.com
<B><font color = 'blue'> .</font></B>  -1225455
<B><font color = 'blue'> .</font></B>  -2022-10-28
<B><font color = 'blue'> .</font></B>  -Absent
<B><font color = 'blue'> .</font></B>  -Absent
<B><font color = 'blue'> .</font></B>  -undefined
<B><font color = 'blue'> .</font></B>  -Default
<B><font color = 'blue'> .</font></B>  -Default
<B><font color = 'blue'> .</font></B>  -Absent
<B><font color = 'blue'> .</font></B>  -Absent
<B><font color = 'blue'> .</font></B>  -Absent
<B><font color = 'blue'> .</font></B>  -Absent
<B><font color = 'blue'> .</font></B>  -Absent
<B><font color = 'blue'> .</font></B>  -Absent
<B><font color = 'blue'> .</font></B>  -Absent
<B><font color = 'blue'> .</font></B>  -Absent
<B><font color = 'blue'> .</font></B>  -Absent
<B><font color = 'blue'> .</font></B>  -Absent
<B><font color = 'blue'> .</font></B>  -Absent
<B><font color = 'blue'> .</font></B>  -vdjvdb yusvdvbbh 
<B><font color = 'blue'> .</font></B>  -dvhbfdh@gmail.com
<B><font color = 'blue'> .</font></B>  -wq534342
<B><font color = 'blue'> .</font></B>  -2022-10-28
<B><font color = 'blue'> .</font></B>  -Absent
<B><font color = 'blue'> .</font></B>  -Absent
<B><font color = 'blue'> .</font></B>  -undefined
<B><font color = 'blue'> .</font></B>  -Default
<B><font color = 'blue'> .</font></B>  -Default
<B><font color = 'blue'> .</font></B>  -Absent
<B><font color = 'blue'> .</font></B>  -Absent
<B><font color = 'blue'> .</font></B>  -Absent
<B><font color = 'blue'> .</font></B>  -Absent
<B><font color = 'blue'> .</font></B>  -Absent
<B><font color = 'blue'> .</font></B>  -Absent
<B><font color = 'blue'> .</font></B>  -Absent
<B><font color = 'blue'> .</font></B>  -Absent
<B><font color = 'blue'> .</font></B>  -Absent
<B><font color = 'blue'> .</font></B>  -Absent
<B><font color = 'blue'> .</font></B>  -Absent
<B><font color = 'blue'> .</font></B>  -Mail Test user 
<B><font color = 'blue'> .</font></B>  -maintest@user.io
<B><font color = 'blue'> .</font></B>  -GLB-1223888
<B><font color = 'blue'> .</font></B>  -2022-10-28
<B><font color = 'blue'> .</font></B>  -Absent
<B><font color = 'blue'> .</font></B>  -Absent
<B><font color = 'blue'> .</font></B>  -undefined
<B><font color = 'blue'> .</font></B>  -Default
<B><font color = 'blue'> .</font></B>  -Default
<B><font color = 'blue'> .</font></B>  -Absent
<B><font color = 'blue'> .</font></B>  -Absent
<B><font color = 'blue'> .</font></B>  -Absent
<B><font color = 'blue'> .</font></B>  -Absent
<B><font color = 'blue'> .</font></B>  -Absent
<B><font color = 'blue'> .</font></B>  -Absent
<B><font color = 'blue'> .</font></B>  -Absent
<B><font color = 'blue'> .</font></B>  -Absent
<B><font color = 'blue'> .</font></B>  -Absent
<B><font color = 'blue'> .</font></B>  -Absent
<B><font color = 'blue'> .</font></B>  -Absent
<B><font color = 'blue'> .</font></B>  -Update Check 
<B><font color = 'blue'> .</font></B>  -updates@gmail.com
<B><font color = 'blue'> .</font></B>  -emp543
<B><font color = 'blue'> .</font></B>  -2022-10-28
<B><font color = 'blue'> .</font></B>  -Absent
<B><font color = 'blue'> .</font></B>  -Absent
<B><font color = 'blue'> .</font></B>  -undefined
<B><font color = 'blue'> .</font></B>  -Default
<B><font color = 'blue'> .</font></B>  -Default
<B><font color = 'blue'> .</font></B>  -Absent
<B><font color = 'blue'> .</font></B>  -Absent
<B><font color = 'blue'> .</font></B>  -Absent
<B><font color = 'blue'> .</font></B>  -Absent
<B><font color = 'blue'> .</font></B>  -Absent
<B><font color = 'blue'> .</font></B>  -Absent
<B><font color = 'blue'> .</font></B>  -Absent
<B><font color = 'blue'> .</font></B>  -Absent
<B><font color = 'blue'> .</font></B>  -Absent
<B><font color = 'blue'> .</font></B>  -Absent
<B><font color = 'blue'> .</font></B>  -Absent
<B><font color = 'blue'> .</font></B>  -test manager 
<B><font color = 'blue'> .</font></B>  -manageremp@gmail.com
<B><font color = 'blue'> .</font></B>  -glb020
<B><font color = 'blue'> .</font></B>  -2022-10-28
<B><font color = 'blue'> .</font></B>  -Absent
<B><font color = 'blue'> .</font></B>  -Absent
<B><font color = 'blue'> .</font></B>  -undefined
<B><font color = 'blue'> .</font></B>  -Default
<B><font color = 'blue'> .</font></B>  -Default
<B><font color = 'blue'> .</font></B>  -Absent
<B><font color = 'blue'> .</font></B>  -Absent
<B><font color = 'blue'> .</font></B>  -Absent
<B><font color = 'blue'> .</font></B>  -Absent
<B><font color = 'blue'> .</font></B>  -Absent
<B><font color = 'blue'> .</font></B>  -Absent
<B><font color = 'blue'> .</font></B>  -Absent
<B><font color = 'blue'> .</font></B>  -Absent
<B><font color = 'blue'> .</font></B>  -Absent
<B><font color = 'blue'> .</font></B>  -Absent
<B><font color = 'blue'> .</font></B>  -Absent
<B><font color = 'blue'> .</font></B>  -DESKTOP-PJJHB19 - GLB-BLR-002OjUpRD2 
<B><font color = 'blue'> .</font></B>  --
<B><font color = 'blue'> .</font></B>  -GLB-BLR-002OjUpRD2
<B><font color = 'blue'> .</font></B>  -2022-10-28
<B><font color = 'blue'> .</font></B>  -Absent
<B><font color = 'blue'> .</font></B>  -Absent
<B><font color = 'blue'> .</font></B>  -undefined
<B><font color = 'blue'> .</font></B>  -Default
<B><font color = 'blue'> .</font></B>  -Default
<B><font color = 'blue'> .</font></B>  -Absent
<B><font color = 'blue'> .</font></B>  -Absent
<B><font color = 'blue'> .</font></B>  -Absent
<B><font color = 'blue'> .</font></B>  -Absent
<B><font color = 'blue'> .</font></B>  -Absent
<B><font color = 'blue'> .</font></B>  -Absent
<B><font color = 'blue'> .</font></B>  -Absent
<B><font color = 'blue'> .</font></B>  -Absent
<B><font color = 'blue'> .</font></B>  -Absent
<B><font color = 'blue'> .</font></B>  -Absent
<B><font color = 'blue'> .</font></B>  -Absent
<B><font color = 'blue'> .</font></B>  -Usb Test 
<B><font color = 'blue'> .</font></B>  -usbtest123@gmail.com
<B><font color = 'blue'> .</font></B>  -emp0097
<B><font color = 'blue'> .</font></B>  -2022-10-28
<B><font color = 'blue'> .</font></B>  -Absent
<B><font color = 'blue'> .</font></B>  -Absent
<B><font color = 'blue'> .</font></B>  -undefined
<B><font color = 'blue'> .</font></B>  -Default
<B><font color = 'blue'> .</font></B>  -Default
<B><font color = 'blue'> .</font></B>  -Absent
<B><font color = 'blue'> .</font></B>  -Absent
<B><font color = 'blue'> .</font></B>  -Absent
<B><font color = 'blue'> .</font></B>  -Absent
<B><font color = 'blue'> .</font></B>  -Absent
<B><font color = 'blue'> .</font></B>  -Absent
<B><font color = 'blue'> .</font></B>  -Absent
<B><font color = 'blue'> .</font></B>  -Absent
<B><font color = 'blue'> .</font></B>  -Absent
<B><font color = 'blue'> .</font></B>  -Absent
<B><font color = 'blue'> .</font></B>  -Absent
<B><font color = 'blue'> .</font></B>  -SS Keystrokes 
<B><font color = 'blue'> .</font></B>  -sskey@gmail.com
<B><font color = 'blue'> .</font></B>  -emp98y
<B><font color = 'blue'> .</font></B>  -2022-10-28
<B><font color = 'blue'> .</font></B>  -Absent
<B><font color = 'blue'> .</font></B>  -Absent
<B><font color = 'blue'> .</font></B>  -undefined
<B><font color = 'blue'> .</font></B>  -Default
<B><font color = 'blue'> .</font></B>  -Default
<B><font color = 'blue'> .</font></B>  -Absent
<B><font color = 'blue'> .</font></B>  -Absent
<B><font color = 'blue'> .</font></B>  -Absent
<B><font color = 'blue'> .</font></B>  -Absent
<B><font color = 'blue'> .</font></B>  -Absent
<B><font color = 'blue'> .</font></B>  -Absent
<B><font color = 'blue'> .</font></B>  -Absent
<B><font color = 'blue'> .</font></B>  -Absent
<B><font color = 'blue'> .</font></B>  -Absent
<B><font color = 'blue'> .</font></B>  -Absent
<B><font color = 'blue'> .</font></B>  -Absent
<B><font color = 'blue'> .</font></B>  -shivammmmmmmmmmmmmmmmmmmm Kumar 
<B><font color = 'blue'> .</font></B>  -kgfyash545@gmail.com
<B><font color = 'blue'> .</font></B>  -hsakhdjk414
<B><font color = 'blue'> .</font></B>  -2022-10-28
<B><font color = 'blue'> .</font></B>  -Absent
<B><font color = 'blue'> .</font></B>  -Absent
<B><font color = 'blue'> .</font></B>  -undefined
<B><font color = 'blue'> .</font></B>  -Default
<B><font color = 'blue'> .</font></B>  -Default
<B><font color = 'blue'> .</font></B>  -Absent
<B><font color = 'blue'> .</font></B>  -Absent
<B><font color = 'blue'> .</font></B>  -Absent
<B><font color = 'blue'> .</font></B>  -Absent
<B><font color = 'blue'> .</font></B>  -Absent
<B><font color = 'blue'> .</font></B>  -Absent
<B><font color = 'blue'> .</font></B>  -Absent
<B><font color = 'blue'> .</font></B>  -Absent
<B><font color = 'blue'> .</font></B>  -Absent
<B><font color = 'blue'> .</font></B>  -Absent
<B><font color = 'blue'> .</font></B>  -Absent
<B><font color = 'blue'> .</font></B>  -Abhishek Four tf test 
<B><font color = 'blue'> .</font></B>  -abhishekfourtf@mail.com
<B><font color = 'blue'> .</font></B>  -HLIKSJ98
<B><font color = 'blue'> .</font></B>  -2022-10-28
<B><font color = 'blue'> .</font></B>  -Absent
<B><font color = 'blue'> .</font></B>  -Absent
<B><font color = 'blue'> .</font></B>  -undefined
<B><font color = 'blue'> .</font></B>  -Default
<B><font color = 'blue'> .</font></B>  -Default
<B><font color = 'blue'> .</font></B>  -Absent
<B><font color = 'blue'> .</font></B>  -Absent
<B><font color = 'blue'> .</font></B>  -Absent
<B><font color = 'blue'> .</font></B>  -Absent
<B><font color = 'blue'> .</font></B>  -Absent
<B><font color = 'blue'> .</font></B>  -Absent
<B><font color = 'blue'> .</font></B>  -Absent
<B><font color = 'blue'> .</font></B>  -Absent
<B><font color = 'blue'> .</font></B>  -Absent
<B><font color = 'blue'> .</font></B>  -Absent
<B><font color = 'blue'> .</font></B>  -Absent
<B><font color = 'blue'> .</font></B>  -new dev user 
<B><font color = 'blue'> .</font></B>  -new@dev.user
<B><font color = 'blue'> .</font></B>  -fdfsfsd
<B><font color = 'blue'> .</font></B>  -2022-10-28
<B><font color = 'blue'> .</font></B>  -Absent
<B><font color = 'blue'> .</font></B>  -Absent
<B><font color = 'blue'> .</font></B>  -undefined
<B><font color = 'blue'> .</font></B>  -Default
<B><font color = 'blue'> .</font></B>  -Default
<B><font color = 'blue'> .</font></B>  -Absent
<B><font color = 'blue'> .</font></B>  -Absent
<B><font color = 'blue'> .</font></B>  -Absent
<B><font color = 'blue'> .</font></B>  -Absent
<B><font color = 'blue'> .</font></B>  -Absent
<B><font color = 'blue'> .</font></B>  -Absent
<B><font color = 'blue'> .</font></B>  -Absent
<B><font color = 'blue'> .</font></B>  -Absent
<B><font color = 'blue'> .</font></B>  -Absent
<B><font color = 'blue'> .</font></B>  -Absent
<B><font color = 'blue'> .</font></B>  -Absent
<B><font color = 'blue'> .</font></B>  -aaaaaaaaaa aaaaaaaaa 
<B><font color = 'blue'> .</font></B>  -mmmm@gmail.com
<B><font color = 'blue'> .</font></B>  -80765s
<B><font color = 'blue'> .</font></B>  -2022-10-28
<B><font color = 'blue'> .</font></B>  -Absent
<B><font color = 'blue'> .</font></B>  -Absent
<B><font color = 'blue'> .</font></B>  -undefined
<B><font color = 'blue'> .</font></B>  -Bangalore
<B><font color = 'blue'> .</font></B>  -Testing
<B><font color = 'blue'> .</font></B>  -Absent
<B><font color = 'blue'> .</font></B>  -Absent
<B><font color = 'blue'> .</font></B>  -Absent
<B><font color = 'blue'> .</font></B>  -Absent
<B><font color = 'blue'> .</font></B>  -Absent
<B><font color = 'blue'> .</font></B>  -Absent
<B><font color = 'blue'> .</font></B>  -Absent
<B><font color = 'blue'> .</font></B>  -Absent
<B><font color = 'blue'> .</font></B>  -Absent
<B><font color = 'blue'> .</font></B>  -Absent
<B><font color = 'blue'> .</font></B>  -Absent
<B><font color = 'blue'> .</font></B>  -sumesh test 
<B><font color = 'blue'> .</font></B>  -sumesh@mail.com
<B><font color = 'blue'> .</font></B>  -fdgfdgf
<B><font color = 'blue'> .</font></B>  -2022-10-28
<B><font color = 'blue'> .</font></B>  -Absent
<B><font color = 'blue'> .</font></B>  -Absent
<B><font color = 'blue'> .</font></B>  -undefined
<B><font color = 'blue'> .</font></B>  -Bangalore
<B><font color = 'blue'> .</font></B>  -Testing
<B><font color = 'blue'> .</font></B>  -Absent
<B><font color = 'blue'> .</font></B>  -Absent
<B><font color = 'blue'> .</font></B>  -Absent
<B><font color = 'blue'> .</font></B>  -Absent
<B><font color = 'blue'> .</font></B>  -Absent
<B><font color = 'blue'> .</font></B>  -Absent
<B><font color = 'blue'> .</font></B>  -Absent
<B><font color = 'blue'> .</font></B>  -Absent
<B><font color = 'blue'> .</font></B>  -Absent
<B><font color = 'blue'> .</font></B>  -Absent
<B><font color = 'blue'> .</font></B>  -Absent
<B><font color = 'blue'> .</font></B>  -Test msc 
<B><font color = 'blue'> .</font></B>  -test123@gmail.com
<B><font color = 'blue'> .</font></B>  -12254
<B><font color = 'blue'> .</font></B>  -2022-10-28
<B><font color = 'blue'> .</font></B>  -Absent
<B><font color = 'blue'> .</font></B>  -Absent
<B><font color = 'blue'> .</font></B>  -undefined
<B><font color = 'blue'> .</font></B>  -Bangalore
<B><font color = 'blue'> .</font></B>  -Testing
<B><font color = 'blue'> .</font></B>  -Absent
<B><font color = 'blue'> .</font></B>  -Absent
<B><font color = 'blue'> .</font></B>  -Absent
<B><font color = 'blue'> .</font></B>  -Absent
<B><font color = 'blue'> .</font></B>  -Absent
<B><font color = 'blue'> .</font></B>  -Absent
<B><font color = 'blue'> .</font></B>  -Absent
<B><font color = 'blue'> .</font></B>  -Absent
<B><font color = 'blue'> .</font></B>  -Absent
<B><font color = 'blue'> .</font></B>  -Absent
<B><font color = 'blue'> .</font></B>  -Absent
<B><font color = 'blue'> .</font></B>  -deffdfds vscsc 
<B><font color = 'blue'> .</font></B>  -cscsdw123@gmail.com
<B><font color = 'blue'> .</font></B>  -1234512
<B><font color = 'blue'> .</font></B>  -2022-10-28
<B><font color = 'blue'> .</font></B>  -Absent
<B><font color = 'blue'> .</font></B>  -Absent
<B><font color = 'blue'> .</font></B>  -undefined
<B><font color = 'blue'> .</font></B>  -Bangalore
<B><font color = 'blue'> .</font></B>  -Testing
<B><font color = 'blue'> .</font></B>  -Absent
<B><font color = 'blue'> .</font></B>  -Absent
<B><font color = 'blue'> .</font></B>  -Absent
<B><font color = 'blue'> .</font></B>  -Absent
<B><font color = 'blue'> .</font></B>  -Absent
<B><font color = 'blue'> .</font></B>  -Absent
<B><font color = 'blue'> .</font></B>  -Absent
<B><font color = 'blue'> .</font></B>  -Absent
<B><font color = 'blue'> .</font></B>  -Absent
<B><font color = 'blue'> .</font></B>  -Absent
<B><font color = 'blue'> .</font></B>  -Absent
<B><font color = 'blue'> .</font></B>  -test testtt 
<B><font color = 'blue'> .</font></B>  -abcd@gmail.com
<B><font color = 'blue'> .</font></B>  -GLB55
<B><font color = 'blue'> .</font></B>  -2022-10-28
<B><font color = 'blue'> .</font></B>  -Absent
<B><font color = 'blue'> .</font></B>  -Absent
<B><font color = 'blue'> .</font></B>  -undefined
<B><font color = 'blue'> .</font></B>  -Bangalore
<B><font color = 'blue'> .</font></B>  -Testing
<B><font color = 'blue'> .</font></B>  -Absent
<B><font color = 'blue'> .</font></B>  -Absent
<B><font color = 'blue'> .</font></B>  -Absent
<B><font color = 'blue'> .</font></B>  -Absent
<B><font color = 'blue'> .</font></B>  -Absent
<B><font color = 'blue'> .</font></B>  -Absent
<B><font color = 'blue'> .</font></B>  -Absent
<B><font color = 'blue'> .</font></B>  -Absent
<B><font color = 'blue'> .</font></B>  -Absent
<B><font color = 'blue'> .</font></B>  -Absent
<B><font color = 'blue'> .</font></B>  -Absent
<B><font color = 'blue'> .</font></B>  -Abhishe tt 
<B><font color = 'blue'> .</font></B>  -ab@ab.com
<B><font color = 'blue'> .</font></B>  -GKD567
<B><font color = 'blue'> .</font></B>  -2022-10-28
<B><font color = 'blue'> .</font></B>  -Absent
<B><font color = 'blue'> .</font></B>  -Absent
<B><font color = 'blue'> .</font></B>  -undefined
<B><font color = 'blue'> .</font></B>  -Bangalore
<B><font color = 'blue'> .</font></B>  -Testing
<B><font color = 'blue'> .</font></B>  -Absent
<B><font color = 'blue'> .</font></B>  -Absent
<B><font color = 'blue'> .</font></B>  -Absent
<B><font color = 'blue'> .</font></B>  -Absent
<B><font color = 'blue'> .</font></B>  -Absent
<B><font color = 'blue'> .</font></B>  -Absent
<B><font color = 'blue'> .</font></B>  -Absent
<B><font color = 'blue'> .</font></B>  -Absent
<B><font color = 'blue'> .</font></B>  -Absent
<B><font color = 'blue'> .</font></B>  -Absent
<B><font color = 'blue'> .</font></B>  -Absent
<B><font color = 'blue'> .</font></B>  -test nonadmin 
<B><font color = 'blue'> .</font></B>  -testnonadmin@gmail.com
<B><font color = 'blue'> .</font></B>  -GLB026
<B><font color = 'blue'> .</font></B>  -2022-10-28
<B><font color = 'blue'> .</font></B>  -Absent
<B><font color = 'blue'> .</font></B>  -Absent
<B><font color = 'blue'> .</font></B>  -undefined
<B><font color = 'blue'> .</font></B>  -Bangalore
<B><font color = 'blue'> .</font></B>  -Php
<B><font color = 'blue'> .</font></B>  -Absent
<B><font color = 'blue'> .</font></B>  -Absent
<B><font color = 'blue'> .</font></B>  -Absent
<B><font color = 'blue'> .</font></B>  -Absent
<B><font color = 'blue'> .</font></B>  -Absent
<B><font color = 'blue'> .</font></B>  -Absent
<B><font color = 'blue'> .</font></B>  -Absent
<B><font color = 'blue'> .</font></B>  -Absent
<B><font color = 'blue'> .</font></B>  -Absent
<B><font color = 'blue'> .</font></B>  -Absent
<B><font color = 'blue'> .</font></B>  -Absent
<B><font color = 'blue'> .</font></B>  -adg ckj 
<B><font color = 'blue'> .</font></B>  -adcs@1234
<B><font color = 'blue'> .</font></B>  -583
<B><font color = 'blue'> .</font></B>  -2022-10-28
<B><font color = 'blue'> .</font></B>  -Absent
<B><font color = 'blue'> .</font></B>  -Absent
<B><font color = 'blue'> .</font></B>  -undefined
<B><font color = 'blue'> .</font></B>  -Bangalore
<B><font color = 'blue'> .</font></B>  -Testing
<B><font color = 'blue'> .</font></B>  -Absent
<B><font color = 'blue'> .</font></B>  -Absent
<B><font color = 'blue'> .</font></B>  -Absent
<B><font color = 'blue'> .</font></B>  -Absent
<B><font color = 'blue'> .</font></B>  -Absent
<B><font color = 'blue'> .</font></B>  -Absent
<B><font color = 'blue'> .</font></B>  -Absent
<B><font color = 'blue'> .</font></B>  -Absent
<B><font color = 'blue'> .</font></B>  -Absent
<B><font color = 'blue'> .</font></B>  -Absent
<B><font color = 'blue'> .</font></B>  -Absent
<B><font color = 'blue'> .</font></B>  -Superior Test one 
<B><font color = 'blue'> .</font></B>  -superiorone@gmail.com
<B><font color = 'blue'> .</font></B>  -twoqw
<B><font color = 'blue'> .</font></B>  -2022-10-28
<B><font color = 'blue'> .</font></B>  -Absent
<B><font color = 'blue'> .</font></B>  -Absent
<B><font color = 'blue'> .</font></B>  -undefined
<B><font color = 'blue'> .</font></B>  -Bangalore
<B><font color = 'blue'> .</font></B>  -Testing
<B><font color = 'blue'> .</font></B>  -Absent
<B><font color = 'blue'> .</font></B>  -Absent
<B><font color = 'blue'> .</font></B>  -Absent
<B><font color = 'blue'> .</font></B>  -Absent
<B><font color = 'blue'> .</font></B>  -Absent
<B><font color = 'blue'> .</font></B>  -Absent
<B><font color = 'blue'> .</font></B>  -Absent
<B><font color = 'blue'> .</font></B>  -Absent
<B><font color = 'blue'> .</font></B>  -Absent
<B><font color = 'blue'> .</font></B>  -Absent
<B><font color = 'blue'> .</font></B>  -Absent
<B><font color = 'blue'> .</font></B>  -test testw 
<B><font color = 'blue'> .</font></B>  -test@mac.in
<B><font color = 'blue'> .</font></B>  -aaf123
<B><font color = 'blue'> .</font></B>  -2022-10-28
<B><font color = 'blue'> .</font></B>  -Absent
<B><font color = 'blue'> .</font></B>  -Absent
<B><font color = 'blue'> .</font></B>  -undefined
<B><font color = 'blue'> .</font></B>  -Bangalore
<B><font color = 'blue'> .</font></B>  -Php
<B><font color = 'blue'> .</font></B>  -Absent
<B><font color = 'blue'> .</font></B>  -Absent
<B><font color = 'blue'> .</font></B>  -Absent
<B><font color = 'blue'> .</font></B>  -Absent
<B><font color = 'blue'> .</font></B>  -Absent
<B><font color = 'blue'> .</font></B>  -Absent
<B><font color = 'blue'> .</font></B>  -Absent
<B><font color = 'blue'> .</font></B>  -Absent
<B><font color = 'blue'> .</font></B>  -Absent
<B><font color = 'blue'> .</font></B>  -Absent
<B><font color = 'blue'> .</font></B>  -Absent
<B><font color = 'blue'> .</font></B>  -sam eer 
<B><font color = 'blue'> .</font></B>  -sam@rf.in
<B><font color = 'blue'> .</font></B>  -WSAERT2Q34E
<B><font color = 'blue'> .</font></B>  -2022-10-28
<B><font color = 'blue'> .</font></B>  -Absent
<B><font color = 'blue'> .</font></B>  -Absent
<B><font color = 'blue'> .</font></B>  -undefined
<B><font color = 'blue'> .</font></B>  -Bangalore
<B><font color = 'blue'> .</font></B>  -Testing
<B><font color = 'blue'> .</font></B>  -Absent
<B><font color = 'blue'> .</font></B>  -Absent
<B><font color = 'blue'> .</font></B>  -Absent
<B><font color = 'blue'> .</font></B>  -Absent
<B><font color = 'blue'> .</font></B>  -Absent
<B><font color = 'blue'> .</font></B>  -Absent
<B><font color = 'blue'> .</font></B>  -Absent
<B><font color = 'blue'> .</font></B>  -Absent
<B><font color = 'blue'> .</font></B>  -Absent
<B><font color = 'blue'> .</font></B>  -Absent
<B><font color = 'blue'> .</font></B>  -Absent
<B><font color = 'blue'> .</font></B>  -sithu kalluru 
<B><font color = 'blue'> .</font></B>  -sitaramireddy@globussoft.in
<B><font color = 'blue'> .</font></B>  -code12
<B><font color = 'blue'> .</font></B>  -2022-10-28
<B><font color = 'blue'> .</font></B>  -Absent
<B><font color = 'blue'> .</font></B>  -Absent
<B><font color = 'blue'> .</font></B>  -undefined
<B><font color = 'blue'> .</font></B>  -Bangalore
<B><font color = 'blue'> .</font></B>  -Testing
<B><font color = 'blue'> .</font></B>  -Absent
<B><font color = 'blue'> .</font></B>  -Absent
<B><font color = 'blue'> .</font></B>  -Absent
<B><font color = 'blue'> .</font></B>  -Absent
<B><font color = 'blue'> .</font></B>  -Absent
<B><font color = 'blue'> .</font></B>  -Absent
<B><font color = 'blue'> .</font></B>  -Absent
<B><font color = 'blue'> .</font></B>  -Absent
<B><font color = 'blue'> .</font></B>  -Absent
<B><font color = 'blue'> .</font></B>  -Absent
<B><font color = 'blue'> .</font></B>  -Absent
<B><font color = 'blue'> .</font></B>  -test123 abcd 
<B><font color = 'blue'> .</font></B>  -s@gmail.com
<B><font color = 'blue'> .</font></B>  -code123z
<B><font color = 'blue'> .</font></B>  -2022-10-28
<B><font color = 'blue'> .</font></B>  -Absent
<B><font color = 'blue'> .</font></B>  -Absent
<B><font color = 'blue'> .</font></B>  -undefined
<B><font color = 'blue'> .</font></B>  -Bangalore
<B><font color = 'blue'> .</font></B>  -Testing
<B><font color = 'blue'> .</font></B>  -Absent
<B><font color = 'blue'> .</font></B>  -Absent
<B><font color = 'blue'> .</font></B>  -Absent
<B><font color = 'blue'> .</font></B>  -Absent
<B><font color = 'blue'> .</font></B>  -Absent
<B><font color = 'blue'> .</font></B>  -Absent
<B><font color = 'blue'> .</font></B>  -Absent
<B><font color = 'blue'> .</font></B>  -Absent
<B><font color = 'blue'> .</font></B>  -Absent
<B><font color = 'blue'> .</font></B>  -Absent
<B><font color = 'blue'> .</font></B>  -Absent
<B><font color = 'blue'> .</font></B>  -testing test 
<B><font color = 'blue'> .</font></B>  -aarshajoyson1601@gmail.com
<B><font color = 'blue'> .</font></B>  -glb0008
<B><font color = 'blue'> .</font></B>  -2022-10-28
<B><font color = 'blue'> .</font></B>  -Absent
<B><font color = 'blue'> .</font></B>  -Absent
<B><font color = 'blue'> .</font></B>  -undefined
<B><font color = 'blue'> .</font></B>  -Bangalore
<B><font color = 'blue'> .</font></B>  -Php
<B><font color = 'blue'> .</font></B>  -Absent
<B><font color = 'blue'> .</font></B>  -Absent
<B><font color = 'blue'> .</font></B>  -Absent
<B><font color = 'blue'> .</font></B>  -Absent
<B><font color = 'blue'> .</font></B>  -Absent
<B><font color = 'blue'> .</font></B>  -Absent
<B><font color = 'blue'> .</font></B>  -Absent
<B><font color = 'blue'> .</font></B>  -Absent
<B><font color = 'blue'> .</font></B>  -Absent
<B><font color = 'blue'> .</font></B>  -Absent
<B><font color = 'blue'> .</font></B>  -Absent
<B><font color = 'blue'> .</font></B>  -Automation CodeeeAuto 
<B><font color = 'blue'> .</font></B>  -skabcdef7@gmail.com
<B><font color = 'blue'> .</font></B>  -Emp-Abzcde-1234522
<B><font color = 'blue'> .</font></B>  -2022-10-28
<B><font color = 'blue'> .</font></B>  -Absent
<B><font color = 'blue'> .</font></B>  -Absent
<B><font color = 'blue'> .</font></B>  -undefined
<B><font color = 'blue'> .</font></B>  -Bangalore
<B><font color = 'blue'> .</font></B>  -Testing
<B><font color = 'blue'> .</font></B>  -Absent
<B><font color = 'blue'> .</font></B>  -Absent
<B><font color = 'blue'> .</font></B>  -Absent
<B><font color = 'blue'> .</font></B>  -Absent
<B><font color = 'blue'> .</font></B>  -Absent
<B><font color = 'blue'> .</font></B>  -Absent
<B><font color = 'blue'> .</font></B>  -Absent
<B><font color = 'blue'> .</font></B>  -Absent
<B><font color = 'blue'> .</font></B>  -Absent
<B><font color = 'blue'> .</font></B>  -Absent
<B><font color = 'blue'> .</font></B>  -Absent
<B><font color = 'blue'> .</font></B>  -piyush dfgsfg 
<B><font color = 'blue'> .</font></B>  -jos@gmail.com
<B><font color = 'blue'> .</font></B>  -sdgff
<B><font color = 'blue'> .</font></B>  -2022-10-28
<B><font color = 'blue'> .</font></B>  -Absent
<B><font color = 'blue'> .</font></B>  -Absent
<B><font color = 'blue'> .</font></B>  -undefined
<B><font color = 'blue'> .</font></B>  -Bangalore
<B><font color = 'blue'> .</font></B>  -Testing
<B><font color = 'blue'> .</font></B>  -Absent
<B><font color = 'blue'> .</font></B>  -Absent
<B><font color = 'blue'> .</font></B>  -Absent
<B><font color = 'blue'> .</font></B>  -Absent
<B><font color = 'blue'> .</font></B>  -Absent
<B><font color = 'blue'> .</font></B>  -Absent
<B><font color = 'blue'> .</font></B>  -Absent
<B><font color = 'blue'> .</font></B>  -Absent
<B><font color = 'blue'> .</font></B>  -Absent
<B><font color = 'blue'> .</font></B>  -Absent
<B><font color = 'blue'> .</font></B>  -Absent
<B><font color = 'blue'> .</font></B>  -Aryan raj 
<B><font color = 'blue'> .</font></B>  -alex@gmail.com
<B><font color = 'blue'> .</font></B>  -126
<B><font color = 'blue'> .</font></B>  -2022-10-28
<B><font color = 'blue'> .</font></B>  -Absent
<B><font color = 'blue'> .</font></B>  -Absent
<B><font color = 'blue'> .</font></B>  -undefined
<B><font color = 'blue'> .</font></B>  -Bangalore
<B><font color = 'blue'> .</font></B>  -Testing
<B><font color = 'blue'> .</font></B>  -Absent
<B><font color = 'blue'> .</font></B>  -Absent
<B><font color = 'blue'> .</font></B>  -Absent
<B><font color = 'blue'> .</font></B>  -Absent
<B><font color = 'blue'> .</font></B>  -Absent
<B><font color = 'blue'> .</font></B>  -Absent
<B><font color = 'blue'> .</font></B>  -Absent
<B><font color = 'blue'> .</font></B>  -Absent
<B><font color = 'blue'> .</font></B>  -Absent
<B><font color = 'blue'> .</font></B>  -Absent
<B><font color = 'blue'> .</font></B>  -Absent
<B><font color = 'blue'> .</font></B>  -Automation CodeeeAuto 
<B><font color = 'blue'> .</font></B>  -skabcdef38@gmail.com
<B><font color = 'blue'> .</font></B>  -Emp-Abzcde-123457
<B><font color = 'blue'> .</font></B>  -2022-10-28
<B><font color = 'blue'> .</font></B>  -Absent
<B><font color = 'blue'> .</font></B>  -Absent
<B><font color = 'blue'> .</font></B>  -undefined
<B><font color = 'blue'> .</font></B>  -Bangalore
<B><font color = 'blue'> .</font></B>  -Testing
<B><font color = 'blue'> .</font></B>  -Absent
<B><font color = 'blue'> .</font></B>  -Absent
<B><font color = 'blue'> .</font></B>  -Absent
<B><font color = 'blue'> .</font></B>  -Absent
<B><font color = 'blue'> .</font></B>  -Absent
<B><font color = 'blue'> .</font></B>  -Absent
<B><font color = 'blue'> .</font></B>  -Absent
<B><font color = 'blue'> .</font></B>  -Absent
<B><font color = 'blue'> .</font></B>  -Absent
<B><font color = 'blue'> .</font></B>  -Absent
<B><font color = 'blue'> .</font></B>  -Absent
<B><font color = 'blue'> .</font></B>  -Automation CodeeeAuto 
<B><font color = 'blue'> .</font></B>  -skabcdef33@gmail.com
<B><font color = 'blue'> .</font></B>  -Emp-Abzcde-1234557
<B><font color = 'blue'> .</font></B>  -2022-10-28
<B><font color = 'blue'> .</font></B>  -Absent
<B><font color = 'blue'> .</font></B>  -Absent
<B><font color = 'blue'> .</font></B>  -undefined
<B><font color = 'blue'> .</font></B>  -Bangalore
<B><font color = 'blue'> .</font></B>  -Testing
<B><font color = 'blue'> .</font></B>  -Absent
<B><font color = 'blue'> .</font></B>  -Absent
<B><font color = 'blue'> .</font></B>  -Absent
<B><font color = 'blue'> .</font></B>  -Absent
<B><font color = 'blue'> .</font></B>  -Absent
<B><font color = 'blue'> .</font></B>  -Absent
<B><font color = 'blue'> .</font></B>  -Absent
<B><font color = 'blue'> .</font></B>  -Absent
<B><font color = 'blue'> .</font></B>  -Absent
<B><font color = 'blue'> .</font></B>  -Absent
<B><font color = 'blue'> .</font></B>  -Absent
<B><font color = 'blue'> .</font></B>  -D Surya Prabhakar 
<B><font color = 'blue'> .</font></B>  -surya1@gmail.com
<B><font color = 'blue'> .</font></B>  -EM010
<B><font color = 'blue'> .</font></B>  -2022-10-28
<B><font color = 'blue'> .</font></B>  -Absent
<B><font color = 'blue'> .</font></B>  -Absent
<B><font color = 'blue'> .</font></B>  -undefined
<B><font color = 'blue'> .</font></B>  -bengaluru
<B><font color = 'blue'> .</font></B>  -Testing
<B><font color = 'blue'> .</font></B>  -Absent
<B><font color = 'blue'> .</font></B>  -Absent
<B><font color = 'blue'> .</font></B>  -Absent
<B><font color = 'blue'> .</font></B>  -Absent
<B><font color = 'blue'> .</font></B>  -Absent
<B><font color = 'blue'> .</font></B>  -Absent
<B><font color = 'blue'> .</font></B>  -Absent
<B><font color = 'blue'> .</font></B>  -Absent
<B><font color = 'blue'> .</font></B>  -Absent
<B><font color = 'blue'> .</font></B>  -Absent
<B><font color = 'blue'> .</font></B>  -Absent
<B><font color = 'blue'> .</font></B>  -R o       hit Sharma 
<B><font color = 'blue'> .</font></B>  -rahulrajt5613928@gmail.com
<B><font color = 'blue'> .</font></B>  -67645
<B><font color = 'blue'> .</font></B>  -2022-10-28
<B><font color = 'blue'> .</font></B>  -Absent
<B><font color = 'blue'> .</font></B>  -Absent
<B><font color = 'blue'> .</font></B>  -undefined
<B><font color = 'blue'> .</font></B>  -bengaluru
<B><font color = 'blue'> .</font></B>  -Testing
<B><font color = 'blue'> .</font></B>  -Absent
<B><font color = 'blue'> .</font></B>  -Absent
<B><font color = 'blue'> .</font></B>  -Absent
<B><font color = 'blue'> .</font></B>  -Absent
<B><font color = 'blue'> .</font></B>  -Absent
<B><font color = 'blue'> .</font></B>  -Absent
<B><font color = 'blue'> .</font></B>  -Absent
<B><font color = 'blue'> .</font></B>  -Absent
<B><font color = 'blue'> .</font></B>  -Absent
<B><font color = 'blue'> .</font></B>  -Absent
<B><font color = 'blue'> .</font></B>  -Absent
<B><font color = 'blue'> .</font></B>  -ni test 
<B><font color = 'blue'> .</font></B>  -nitest12@gmail.com
<B><font color = 'blue'> .</font></B>  -GLB678
<B><font color = 'blue'> .</font></B>  -2022-10-28
<B><font color = 'blue'> .</font></B>  -Absent
<B><font color = 'blue'> .</font></B>  -Absent
<B><font color = 'blue'> .</font></B>  -undefined
<B><font color = 'blue'> .</font></B>  -bengaluru
<B><font color = 'blue'> .</font></B>  -Testing
<B><font color = 'blue'> .</font></B>  -Absent
<B><font color = 'blue'> .</font></B>  -Absent
<B><font color = 'blue'> .</font></B>  -Absent
<B><font color = 'blue'> .</font></B>  -Absent
<B><font color = 'blue'> .</font></B>  -Absent
<B><font color = 'blue'> .</font></B>  -Absent
<B><font color = 'blue'> .</font></B>  -Absent
<B><font color = 'blue'> .</font></B>  -Absent
<B><font color = 'blue'> .</font></B>  -Absent
<B><font color = 'blue'> .</font></B>  -Absent
<B><font color = 'blue'> .</font></B>  -Absent
<B><font color = 'blue'> .</font></B>  -one test 
<B><font color = 'blue'> .</font></B>  -testone1234@gmail.com
<B><font color = 'blue'> .</font></B>  -0110
<B><font color = 'blue'> .</font></B>  -2022-10-28
<B><font color = 'blue'> .</font></B>  -Absent
<B><font color = 'blue'> .</font></B>  -Absent
<B><font color = 'blue'> .</font></B>  -undefined
<B><font color = 'blue'> .</font></B>  -bengaluru
<B><font color = 'blue'> .</font></B>  -Testing
<B><font color = 'blue'> .</font></B>  -Absent
<B><font color = 'blue'> .</font></B>  -Absent
<B><font color = 'blue'> .</font></B>  -Absent
<B><font color = 'blue'> .</font></B>  -Absent
<B><font color = 'blue'> .</font></B>  -Absent
<B><font color = 'blue'> .</font></B>  -Absent
<B><font color = 'blue'> .</font></B>  -Absent
<B><font color = 'blue'> .</font></B>  -Absent
<B><font color = 'blue'> .</font></B>  -Absent
<B><font color = 'blue'> .</font></B>  -Absent
<B><font color = 'blue'> .</font></B>  -Absent
<B><font color = 'blue'> .</font></B>  -GLB-BLR-010-PC - GLB-BLR-010 
<B><font color = 'blue'> .</font></B>  -abcd@yuksdgus
<B><font color = 'blue'> .</font></B>  -GLB-BLR-010
<B><font color = 'blue'> .</font></B>  -2022-10-28
<B><font color = 'blue'> .</font></B>  -Absent
<B><font color = 'blue'> .</font></B>  -Absent
<B><font color = 'blue'> .</font></B>  -undefined
<B><font color = 'blue'> .</font></B>  -bengaluru
<B><font color = 'blue'> .</font></B>  -Testing
<B><font color = 'blue'> .</font></B>  -Absent
<B><font color = 'blue'> .</font></B>  -Absent
<B><font color = 'blue'> .</font></B>  -Absent
<B><font color = 'blue'> .</font></B>  -Absent
<B><font color = 'blue'> .</font></B>  -Absent
<B><font color = 'blue'> .</font></B>  -Absent
<B><font color = 'blue'> .</font></B>  -Absent
<B><font color = 'blue'> .</font></B>  -Absent
<B><font color = 'blue'> .</font></B>  -Absent
<B><font color = 'blue'> .</font></B>  -Absent
<B><font color = 'blue'> .</font></B>  -Absent
<B><font color = 'blue'> .</font></B>  -surya kk 
<B><font color = 'blue'> .</font></B>  -123@gmail.com
<B><font color = 'blue'> .</font></B>  -mmmmm
<B><font color = 'blue'> .</font></B>  -2022-10-28
<B><font color = 'blue'> .</font></B>  -Absent
<B><font color = 'blue'> .</font></B>  -Absent
<B><font color = 'blue'> .</font></B>  -undefined
<B><font color = 'blue'> .</font></B>  -Tamilnadu
<B><font color = 'blue'> .</font></B>  -Test and Dev
<B><font color = 'blue'> .</font></B>  -Absent
<B><font color = 'blue'> .</font></B>  -Absent
<B><font color = 'blue'> .</font></B>  -Absent
<B><font color = 'blue'> .</font></B>  -Absent
<B><font color = 'blue'> .</font></B>  -Absent
<B><font color = 'blue'> .</font></B>  -Absent
<B><font color = 'blue'> .</font></B>  -Absent
<B><font color = 'blue'> .</font></B>  -Absent
<B><font color = 'blue'> .</font></B>  -Absent
<B><font color = 'blue'> .</font></B>  -Absent
<B><font color = 'blue'> .</font></B>  -Absent
<B><font color = 'blue'> .</font></B>  -sai kk 
<B><font color = 'blue'> .</font></B>  -saikk19876@gmail.com
<B><font color = 'blue'> .</font></B>  -20221019
<B><font color = 'blue'> .</font></B>  -2022-10-28
<B><font color = 'blue'> .</font></B>  -Absent
<B><font color = 'blue'> .</font></B>  -Absent
<B><font color = 'blue'> .</font></B>  -undefined
<B><font color = 'blue'> .</font></B>  -Tamilnadu
<B><font color = 'blue'> .</font></B>  -Test and Dev
<B><font color = 'blue'> .</font></B>  -Absent
<B><font color = 'blue'> .</font></B>  -Absent
<B><font color = 'blue'> .</font></B>  -Absent
<B><font color = 'blue'> .</font></B>  -Absent
<B><font color = 'blue'> .</font></B>  -Absent
<B><font color = 'blue'> .</font></B>  -Absent
<B><font color = 'blue'> .</font></B>  -Absent
<B><font color = 'blue'> .</font></B>  -Absent
<B><font color = 'blue'> .</font></B>  -Absent
<B><font color = 'blue'> .</font></B>  -Absent
<B><font color = 'blue'> .</font></B>  -Absent
<B><font color = 'blue'> .</font></B>  -ajeethemp test 
<B><font color = 'blue'> .</font></B>  -ajeethemp@gmail.com
<B><font color = 'blue'> .</font></B>  -A01
<B><font color = 'blue'> .</font></B>  -2022-10-28
<B><font color = 'blue'> .</font></B>  -Absent
<B><font color = 'blue'> .</font></B>  -Absent
<B><font color = 'blue'> .</font></B>  -undefined
<B><font color = 'blue'> .</font></B>  -Tamilnadu
<B><font color = 'blue'> .</font></B>  -Test and Dev
<B><font color = 'blue'> .</font></B>  -Absent
<B><font color = 'blue'> .</font></B>  -Absent
<B><font color = 'blue'> .</font></B>  -Absent
<B><font color = 'blue'> .</font></B>  -Absent
<B><font color = 'blue'> .</font></B>  -Absent
<B><font color = 'blue'> .</font></B>  -Absent
<B><font color = 'blue'> .</font></B>  -Absent
<B><font color = 'blue'> .</font></B>  -Absent
<B><font color = 'blue'> .</font></B>  -Absent
<B><font color = 'blue'> .</font></B>  -Absent
<B><font color = 'blue'> .</font></B>  -Absent
<B><font color = 'blue'> .</font></B>  -test user two 
<B><font color = 'blue'> .</font></B>  -testuser@two.io
<B><font color = 'blue'> .</font></B>  -GSLL-327
<B><font color = 'blue'> .</font></B>  -2022-10-28
<B><font color = 'blue'> .</font></B>  -Absent
<B><font color = 'blue'> .</font></B>  -Absent
<B><font color = 'blue'> .</font></B>  -undefined
<B><font color = 'blue'> .</font></B>  -Tamilnadu
<B><font color = 'blue'> .</font></B>  -Test and Dev
<B><font color = 'blue'> .</font></B>  -Absent
<B><font color = 'blue'> .</font></B>  -Absent
<B><font color = 'blue'> .</font></B>  -Absent
<B><font color = 'blue'> .</font></B>  -Absent
<B><font color = 'blue'> .</font></B>  -Absent
<B><font color = 'blue'> .</font></B>  -Absent
<B><font color = 'blue'> .</font></B>  -Absent
<B><font color = 'blue'> .</font></B>  -Absent
<B><font color = 'blue'> .</font></B>  -Absent
<B><font color = 'blue'> .</font></B>  -Absent
<B><font color = 'blue'> .</font></B>  -Absent
<B><font color = 'blue'> .</font></B>  -Himanshu Kumar 
<B><font color = 'blue'> .</font></B>  -himanshu1@gmail.com
<B><font color = 'blue'> .</font></B>  -EM011
<B><font color = 'blue'> .</font></B>  -2022-10-28
<B><font color = 'blue'> .</font></B>  -Absent
<B><font color = 'blue'> .</font></B>  -Absent
<B><font color = 'blue'> .</font></B>  -undefined
<B><font color = 'blue'> .</font></B>  -bagalkot
<B><font color = 'blue'> .</font></B>  -manual testing
<B><font color = 'blue'> .</font></B>  -Absent
<B><font color = 'blue'> .</font></B>  -Absent
<B><font color = 'blue'> .</font></B>  -Absent
<B><font color = 'blue'> .</font></B>  -Absent
<B><font color = 'blue'> .</font></B>  -Absent
<B><font color = 'blue'> .</font></B>  -Absent
<B><font color = 'blue'> .</font></B>  -Absent
<B><font color = 'blue'> .</font></B>  -Absent
<B><font color = 'blue'> .</font></B>  -Absent
<B><font color = 'blue'> .</font></B>  -Absent
<B><font color = 'blue'> .</font></B>  -Absent
<B><font color = 'blue'> .</font></B>  -dxgfdxg gssdg 
<B><font color = 'blue'> .</font></B>  -sdgsg@dgksodkg.in
<B><font color = 'blue'> .</font></B>  -asfda343443
<B><font color = 'blue'> .</font></B>  -2022-10-28
<B><font color = 'blue'> .</font></B>  -Absent
<B><font color = 'blue'> .</font></B>  -Absent
<B><font color = 'blue'> .</font></B>  -undefined
<B><font color = 'blue'> .</font></B>  -Bhilai
<B><font color = 'blue'> .</font></B>  -Php
<B><font color = 'blue'> .</font></B>  -Absent
<B><font color = 'blue'> .</font></B>  -Absent
<B><font color = 'blue'> .</font></B>  -Absent
<B><font color = 'blue'> .</font></B>  -Absent
<B><font color = 'blue'> .</font></B>  -Absent
<B><font color = 'blue'> .</font></B>  -Absent
<B><font color = 'blue'> .</font></B>  -Absent
<B><font color = 'blue'> .</font></B>  -Absent
<B><font color = 'blue'> .</font></B>  -Absent
<B><font color = 'blue'> .</font></B>  -Absent
<B><font color = 'blue'> .</font></B>  -Absent
<B><font color = 'blue'> .</font></B>  -Guest User 
<B><font color = 'blue'> .</font></B>  -guestuser@gmail.com
<B><font color = 'blue'> .</font></B>  -GLB-777
<B><font color = 'blue'> .</font></B>  -2022-10-28
<B><font color = 'blue'> .</font></B>  -Absent
<B><font color = 'blue'> .</font></B>  -Absent
<B><font color = 'blue'> .</font></B>  -undefined
<B><font color = 'blue'> .</font></B>  -Bhilai
<B><font color = 'blue'> .</font></B>  -Php
<B><font color = 'blue'> .</font></B>  -Absent
<B><font color = 'blue'> .</font></B>  -Absent
<B><font color = 'blue'> .</font></B>  -Absent
<B><font color = 'blue'> .</font></B>  -Absent
<B><font color = 'blue'> .</font></B>  -Absent
<B><font color = 'blue'> .</font></B>  -Absent
<B><font color = 'blue'> .</font></B>  -Absent
<B><font color = 'blue'> .</font></B>  -Absent
<B><font color = 'blue'> .</font></B>  -Absent
<B><font color = 'blue'> .</font></B>  -Absent
<B><font color = 'blue'> .</font></B>  -Absent
<B><font color = 'blue'> .</font></B>  -Test msc 
<B><font color = 'blue'> .</font></B>  -test123@gmail.com
<B><font color = 'blue'> .</font></B>  -12254
<B><font color = 'blue'> .</font></B>  -2022-10-27
<B><font color = 'blue'> .</font></B>  -27-10-2022 16:07:00
<B><font color = 'blue'> .</font></B>  -27-10-2022 16:49:00
<B><font color = 'blue'> .</font></B>  -GLB-124-PC
<B><font color = 'blue'> .</font></B>  -Bangalore
<B><font color = 'blue'> .</font></B>  -Testing
<B><font color = 'blue'> .</font></B>  -00:42:00
<B><font color = 'blue'> .</font></B>  -00:00:00
<B><font color = 'blue'> .</font></B>  -00:00:00
<B><font color = 'blue'> .</font></B>  -00:00:00
<B><font color = 'blue'> .</font></B>  -00:00:00
<B><font color = 'blue'> .</font></B>  -00:00:00
<B><font color = 'blue'> .</font></B>  -00:00:00
<B><font color = 'blue'> .</font></B>  -00:42:00
<B><font color = 'blue'> .</font></B>  -0.00%
<B><font color = 'blue'> .</font></B>  --480:00
<B><font color = 'blue'> .</font></B>  -0.00
<B><font color = 'blue'> .</font></B>  -D Surya Prabhakar 
<B><font color = 'blue'> .</font></B>  -surya1@gmail.com
<B><font color = 'blue'> .</font></B>  -EM010
<B><font color = 'blue'> .</font></B>  -2022-10-27
<B><font color = 'blue'> .</font></B>  -27-10-2022 00:00:00
<B><font color = 'blue'> .</font></B>  -27-10-2022 00:01:23
<B><font color = 'blue'> .</font></B>  -GLB-110-PC
<B><font color = 'blue'> .</font></B>  -bengaluru
<B><font color = 'blue'> .</font></B>  -Testing
<B><font color = 'blue'> .</font></B>  -00:01:23
<B><font color = 'blue'> .</font></B>  -00:00:00
<B><font color = 'blue'> .</font></B>  -00:00:00
<B><font color = 'blue'> .</font></B>  -00:00:00
<B><font color = 'blue'> .</font></B>  -00:00:00
<B><font color = 'blue'> .</font></B>  -00:00:00
<B><font color = 'blue'> .</font></B>  -00:00:00
<B><font color = 'blue'> .</font></B>  -00:01:23
<B><font color = 'blue'> .</font></B>  -0.00%
<B><font color = 'blue'> .</font></B>  --480:00
<B><font color = 'blue'> .</font></B>  -0.00
<B><font color = 'blue'> .</font></B>  -adg ckj 
<B><font color = 'blue'> .</font></B>  -adcs@1234
<B><font color = 'blue'> .</font></B>  -583
<B><font color = 'blue'> .</font></B>  -2022-10-27
<B><font color = 'blue'> .</font></B>  -27-10-2022 04:18:50
<B><font color = 'blue'> .</font></B>  -27-10-2022 04:21:50
<B><font color = 'blue'> .</font></B>  -GLB-193-PC
<B><font color = 'blue'> .</font></B>  -Bangalore
<B><font color = 'blue'> .</font></B>  -Testing
<B><font color = 'blue'> .</font></B>  -00:03:00
<B><font color = 'blue'> .</font></B>  -00:00:00
<B><font color = 'blue'> .</font></B>  -00:00:00
<B><font color = 'blue'> .</font></B>  -00:00:00
<B><font color = 'blue'> .</font></B>  -00:00:00
<B><font color = 'blue'> .</font></B>  -00:00:00
<B><font color = 'blue'> .</font></B>  -00:00:00
<B><font color = 'blue'> .</font></B>  -00:03:00
<B><font color = 'blue'> .</font></B>  -0.00%
<B><font color = 'blue'> .</font></B>  --480:00
<B><font color = 'blue'> .</font></B>  -0.00
<B><font color = 'blue'> .</font></B>  -dominic toretto 
<B><font color = 'blue'> .</font></B>  -dom.toretto737@gmail.com
<B><font color = 'blue'> .</font></B>  -EMP011
<B><font color = 'blue'> .</font></B>  -2022-10-27
<B><font color = 'blue'> .</font></B>  -27-10-2022 16:53:09
<B><font color = 'blue'> .</font></B>  -28-10-2022 00:00:00
<B><font color = 'blue'> .</font></B>  -GLB-110-PC
<B><font color = 'blue'> .</font></B>  -Bangalore
<B><font color = 'blue'> .</font></B>  -Testing
<B><font color = 'blue'> .</font></B>  -07:06:51
<B><font color = 'blue'> .</font></B>  -00:00:00
<B><font color = 'blue'> .</font></B>  -00:00:00
<B><font color = 'blue'> .</font></B>  -00:00:00
<B><font color = 'blue'> .</font></B>  -00:00:00
<B><font color = 'blue'> .</font></B>  -00:00:00
<B><font color = 'blue'> .</font></B>  -00:00:00
<B><font color = 'blue'> .</font></B>  -07:06:51
<B><font color = 'blue'> .</font></B>  -0.00%
<B><font color = 'blue'> .</font></B>  --480:00
<B><font color = 'blue'> .</font></B>  -0.00
<B><font color = 'blue'> .</font></B>  -Virat kohli 
<B><font color = 'blue'> .</font></B>  -rahukbgdxgsf@gmail.com
<B><font color = 'blue'> .</font></B>  -65332
<B><font color = 'blue'> .</font></B>  -2022-10-27
<B><font color = 'blue'> .</font></B>  -Absent
<B><font color = 'blue'> .</font></B>  -Absent
<B><font color = 'blue'> .</font></B>  -undefined
<B><font color = 'blue'> .</font></B>  -Default
<B><font color = 'blue'> .</font></B>  -Default
<B><font color = 'blue'> .</font></B>  -Absent
<B><font color = 'blue'> .</font></B>  -Absent
<B><font color = 'blue'> .</font></B>  -Absent
<B><font color = 'blue'> .</font></B>  -Absent
<B><font color = 'blue'> .</font></B>  -Absent
<B><font color = 'blue'> .</font></B>  -Absent
<B><font color = 'blue'> .</font></B>  -Absent
<B><font color = 'blue'> .</font></B>  -Absent
<B><font color = 'blue'> .</font></B>  -Absent
<B><font color = 'blue'> .</font></B>  -Absent
<B><font color = 'blue'> .</font></B>  -Absent
<B><font color = 'blue'> .</font></B>  -sadas kadkasdj 
<B><font color = 'blue'> .</font></B>  -dsa@eqe
<B><font color = 'blue'> .</font></B>  -emp129666
<B><font color = 'blue'> .</font></B>  -2022-10-27
<B><font color = 'blue'> .</font></B>  -Absent
<B><font color = 'blue'> .</font></B>  -Absent
<B><font color = 'blue'> .</font></B>  -undefined
<B><font color = 'blue'> .</font></B>  -Default
<B><font color = 'blue'> .</font></B>  -Default
<B><font color = 'blue'> .</font></B>  -Absent
<B><font color = 'blue'> .</font></B>  -Absent
<B><font color = 'blue'> .</font></B>  -Absent
<B><font color = 'blue'> .</font></B>  -Absent
<B><font color = 'blue'> .</font></B>  -Absent
<B><font color = 'blue'> .</font></B>  -Absent
<B><font color = 'blue'> .</font></B>  -Absent
<B><font color = 'blue'> .</font></B>  -Absent
<B><font color = 'blue'> .</font></B>  -Absent
<B><font color = 'blue'> .</font></B>  -Absent
<B><font color = 'blue'> .</font></B>  -Absent
<B><font color = 'blue'> .</font></B>  -New Test 
<B><font color = 'blue'> .</font></B>  -newtest@gmail.com
<B><font color = 'blue'> .</font></B>  -ewer334443
<B><font color = 'blue'> .</font></B>  -2022-10-27
<B><font color = 'blue'> .</font></B>  -Absent
<B><font color = 'blue'> .</font></B>  -Absent
<B><font color = 'blue'> .</font></B>  -undefined
<B><font color = 'blue'> .</font></B>  -Default
<B><font color = 'blue'> .</font></B>  -Default
<B><font color = 'blue'> .</font></B>  -Absent
<B><font color = 'blue'> .</font></B>  -Absent
<B><font color = 'blue'> .</font></B>  -Absent
<B><font color = 'blue'> .</font></B>  -Absent
<B><font color = 'blue'> .</font></B>  -Absent
<B><font color = 'blue'> .</font></B>  -Absent
<B><font color = 'blue'> .</font></B>  -Absent
<B><font color = 'blue'> .</font></B>  -Absent
<B><font color = 'blue'> .</font></B>  -Absent
<B><font color = 'blue'> .</font></B>  -Absent
<B><font color = 'blue'> .</font></B>  -Absent
<B><font color = 'blue'> .</font></B>  -dshcdb uidsbf 
<B><font color = 'blue'> .</font></B>  -dvbvdb@yahoo.com
<B><font color = 'blue'> .</font></B>  -435454
<B><font color = 'blue'> .</font></B>  -2022-10-27
<B><font color = 'blue'> .</font></B>  -Absent
<B><font color = 'blue'> .</font></B>  -Absent
<B><font color = 'blue'> .</font></B>  -undefined
<B><font color = 'blue'> .</font></B>  -Default
<B><font color = 'blue'> .</font></B>  -Default
<B><font color = 'blue'> .</font></B>  -Absent
<B><font color = 'blue'> .</font></B>  -Absent
<B><font color = 'blue'> .</font></B>  -Absent
<B><font color = 'blue'> .</font></B>  -Absent
<B><font color = 'blue'> .</font></B>  -Absent
<B><font color = 'blue'> .</font></B>  -Absent
<B><font color = 'blue'> .</font></B>  -Absent
<B><font color = 'blue'> .</font></B>  -Absent
<B><font color = 'blue'> .</font></B>  -Absent
<B><font color = 'blue'> .</font></B>  -Absent
<B><font color = 'blue'> .</font></B>  -Absent
<B><font color = 'blue'> .</font></B>  -try last 
<B><font color = 'blue'> .</font></B>  -try@gmail.com
<B><font color = 'blue'> .</font></B>  -1225455
<B><font color = 'blue'> .</font></B>  -2022-10-27
<B><font color = 'blue'> .</font></B>  -Absent
<B><font color = 'blue'> .</font></B>  -Absent
<B><font color = 'blue'> .</font></B>  -undefined
<B><font color = 'blue'> .</font></B>  -Default
<B><font color = 'blue'> .</font></B>  -Default
<B><font color = 'blue'> .</font></B>  -Absent
<B><font color = 'blue'> .</font></B>  -Absent
<B><font color = 'blue'> .</font></B>  -Absent
<B><font color = 'blue'> .</font></B>  -Absent
<B><font color = 'blue'> .</font></B>  -Absent
<B><font color = 'blue'> .</font></B>  -Absent
<B><font color = 'blue'> .</font></B>  -Absent
<B><font color = 'blue'> .</font></B>  -Absent
<B><font color = 'blue'> .</font></B>  -Absent
<B><font color = 'blue'> .</font></B>  -Absent
<B><font color = 'blue'> .</font></B>  -Absent
<B><font color = 'blue'> .</font></B>  -vdjvdb yusvdvbbh 
<B><font color = 'blue'> .</font></B>  -dvhbfdh@gmail.com
<B><font color = 'blue'> .</font></B>  -wq534342
<B><font color = 'blue'> .</font></B>  -2022-10-27
<B><font color = 'blue'> .</font></B>  -Absent
<B><font color = 'blue'> .</font></B>  -Absent
<B><font color = 'blue'> .</font></B>  -undefined
<B><font color = 'blue'> .</font></B>  -Default
<B><font color = 'blue'> .</font></B>  -Default
<B><font color = 'blue'> .</font></B>  -Absent
<B><font color = 'blue'> .</font></B>  -Absent
<B><font color = 'blue'> .</font></B>  -Absent
<B><font color = 'blue'> .</font></B>  -Absent
<B><font color = 'blue'> .</font></B>  -Absent
<B><font color = 'blue'> .</font></B>  -Absent
<B><font color = 'blue'> .</font></B>  -Absent
<B><font color = 'blue'> .</font></B>  -Absent
<B><font color = 'blue'> .</font></B>  -Absent
<B><font color = 'blue'> .</font></B>  -Absent
<B><font color = 'blue'> .</font></B>  -Absent
<B><font color = 'blue'> .</font></B>  -Mail Test user 
<B><font color = 'blue'> .</font></B>  -maintest@user.io
<B><font color = 'blue'> .</font></B>  -GLB-1223888
<B><font color = 'blue'> .</font></B>  -2022-10-27
<B><font color = 'blue'> .</font></B>  -Absent
<B><font color = 'blue'> .</font></B>  -Absent
<B><font color = 'blue'> .</font></B>  -undefined
<B><font color = 'blue'> .</font></B>  -Default
<B><font color = 'blue'> .</font></B>  -Default
<B><font color = 'blue'> .</font></B>  -Absent
<B><font color = 'blue'> .</font></B>  -Absent
<B><font color = 'blue'> .</font></B>  -Absent
<B><font color = 'blue'> .</font></B>  -Absent
<B><font color = 'blue'> .</font></B>  -Absent
<B><font color = 'blue'> .</font></B>  -Absent
<B><font color = 'blue'> .</font></B>  -Absent
<B><font color = 'blue'> .</font></B>  -Absent
<B><font color = 'blue'> .</font></B>  -Absent
<B><font color = 'blue'> .</font></B>  -Absent
<B><font color = 'blue'> .</font></B>  -Absent
<B><font color = 'blue'> .</font></B>  -Update Check 
<B><font color = 'blue'> .</font></B>  -updates@gmail.com
<B><font color = 'blue'> .</font></B>  -emp543
<B><font color = 'blue'> .</font></B>  -2022-10-27
<B><font color = 'blue'> .</font></B>  -Absent
<B><font color = 'blue'> .</font></B>  -Absent
<B><font color = 'blue'> .</font></B>  -undefined
<B><font color = 'blue'> .</font></B>  -Default
<B><font color = 'blue'> .</font></B>  -Default
<B><font color = 'blue'> .</font></B>  -Absent
<B><font color = 'blue'> .</font></B>  -Absent
<B><font color = 'blue'> .</font></B>  -Absent
<B><font color = 'blue'> .</font></B>  -Absent
<B><font color = 'blue'> .</font></B>  -Absent
<B><font color = 'blue'> .</font></B>  -Absent
<B><font color = 'blue'> .</font></B>  -Absent
<B><font color = 'blue'> .</font></B>  -Absent
<B><font color = 'blue'> .</font></B>  -Absent
<B><font color = 'blue'> .</font></B>  -Absent
<B><font color = 'blue'> .</font></B>  -Absent
<B><font color = 'blue'> .</font></B>  -test manager 
<B><font color = 'blue'> .</font></B>  -manageremp@gmail.com
<B><font color = 'blue'> .</font></B>  -glb020
<B><font color = 'blue'> .</font></B>  -2022-10-27
<B><font color = 'blue'> .</font></B>  -Absent
<B><font color = 'blue'> .</font></B>  -Absent
<B><font color = 'blue'> .</font></B>  -undefined
<B><font color = 'blue'> .</font></B>  -Default
<B><font color = 'blue'> .</font></B>  -Default
<B><font color = 'blue'> .</font></B>  -Absent
<B><font color = 'blue'> .</font></B>  -Absent
<B><font color = 'blue'> .</font></B>  -Absent
<B><font color = 'blue'> .</font></B>  -Absent
<B><font color = 'blue'> .</font></B>  -Absent
<B><font color = 'blue'> .</font></B>  -Absent
<B><font color = 'blue'> .</font></B>  -Absent
<B><font color = 'blue'> .</font></B>  -Absent
<B><font color = 'blue'> .</font></B>  -Absent
<B><font color = 'blue'> .</font></B>  -Absent
<B><font color = 'blue'> .</font></B>  -Absent
<B><font color = 'blue'> .</font></B>  -DESKTOP-PJJHB19 - GLB-BLR-002OjUpRD2 
<B><font color = 'blue'> .</font></B>  --
<B><font color = 'blue'> .</font></B>  -GLB-BLR-002OjUpRD2
<B><font color = 'blue'> .</font></B>  -2022-10-27
<B><font color = 'blue'> .</font></B>  -Absent
<B><font color = 'blue'> .</font></B>  -Absent
<B><font color = 'blue'> .</font></B>  -undefined
<B><font color = 'blue'> .</font></B>  -Default
<B><font color = 'blue'> .</font></B>  -Default
<B><font color = 'blue'> .</font></B>  -Absent
<B><font color = 'blue'> .</font></B>  -Absent
<B><font color = 'blue'> .</font></B>  -Absent
<B><font color = 'blue'> .</font></B>  -Absent
<B><font color = 'blue'> .</font></B>  -Absent
<B><font color = 'blue'> .</font></B>  -Absent
<B><font color = 'blue'> .</font></B>  -Absent
<B><font color = 'blue'> .</font></B>  -Absent
<B><font color = 'blue'> .</font></B>  -Absent
<B><font color = 'blue'> .</font></B>  -Absent
<B><font color = 'blue'> .</font></B>  -Absent
<B><font color = 'blue'> .</font></B>  -Usb Test 
<B><font color = 'blue'> .</font></B>  -usbtest123@gmail.com
<B><font color = 'blue'> .</font></B>  -emp0097
<B><font color = 'blue'> .</font></B>  -2022-10-27
<B><font color = 'blue'> .</font></B>  -Absent
<B><font color = 'blue'> .</font></B>  -Absent
<B><font color = 'blue'> .</font></B>  -undefined
<B><font color = 'blue'> .</font></B>  -Default
<B><font color = 'blue'> .</font></B>  -Default
<B><font color = 'blue'> .</font></B>  -Absent
<B><font color = 'blue'> .</font></B>  -Absent
<B><font color = 'blue'> .</font></B>  -Absent
<B><font color = 'blue'> .</font></B>  -Absent
<B><font color = 'blue'> .</font></B>  -Absent
<B><font color = 'blue'> .</font></B>  -Absent
<B><font color = 'blue'> .</font></B>  -Absent
<B><font color = 'blue'> .</font></B>  -Absent
<B><font color = 'blue'> .</font></B>  -Absent
<B><font color = 'blue'> .</font></B>  -Absent
<B><font color = 'blue'> .</font></B>  -Absent
<B><font color = 'blue'> .</font></B>  -SS Keystrokes 
<B><font color = 'blue'> .</font></B>  -sskey@gmail.com
<B><font color = 'blue'> .</font></B>  -emp98y
<B><font color = 'blue'> .</font></B>  -2022-10-27
<B><font color = 'blue'> .</font></B>  -Absent
<B><font color = 'blue'> .</font></B>  -Absent
<B><font color = 'blue'> .</font></B>  -undefined
<B><font color = 'blue'> .</font></B>  -Default
<B><font color = 'blue'> .</font></B>  -Default
<B><font color = 'blue'> .</font></B>  -Absent
<B><font color = 'blue'> .</font></B>  -Absent
<B><font color = 'blue'> .</font></B>  -Absent
<B><font color = 'blue'> .</font></B>  -Absent
<B><font color = 'blue'> .</font></B>  -Absent
<B><font color = 'blue'> .</font></B>  -Absent
<B><font color = 'blue'> .</font></B>  -Absent
<B><font color = 'blue'> .</font></B>  -Absent
<B><font color = 'blue'> .</font></B>  -Absent
<B><font color = 'blue'> .</font></B>  -Absent
<B><font color = 'blue'> .</font></B>  -Absent
<B><font color = 'blue'> .</font></B>  -shivammmmmmmmmmmmmmmmmmmm Kumar 
<B><font color = 'blue'> .</font></B>  -kgfyash545@gmail.com
<B><font color = 'blue'> .</font></B>  -hsakhdjk414
<B><font color = 'blue'> .</font></B>  -2022-10-27
<B><font color = 'blue'> .</font></B>  -Absent
<B><font color = 'blue'> .</font></B>  -Absent
<B><font color = 'blue'> .</font></B>  -undefined
<B><font color = 'blue'> .</font></B>  -Default
<B><font color = 'blue'> .</font></B>  -Default
<B><font color = 'blue'> .</font></B>  -Absent
<B><font color = 'blue'> .</font></B>  -Absent
<B><font color = 'blue'> .</font></B>  -Absent
<B><font color = 'blue'> .</font></B>  -Absent
<B><font color = 'blue'> .</font></B>  -Absent
<B><font color = 'blue'> .</font></B>  -Absent
<B><font color = 'blue'> .</font></B>  -Absent
<B><font color = 'blue'> .</font></B>  -Absent
<B><font color = 'blue'> .</font></B>  -Absent
<B><font color = 'blue'> .</font></B>  -Absent
<B><font color = 'blue'> .</font></B>  -Absent
<B><font color = 'blue'> .</font></B>  -Abhishek Four tf test 
<B><font color = 'blue'> .</font></B>  -abhishekfourtf@mail.com
<B><font color = 'blue'> .</font></B>  -HLIKSJ98
<B><font color = 'blue'> .</font></B>  -2022-10-27
<B><font color = 'blue'> .</font></B>  -Absent
<B><font color = 'blue'> .</font></B>  -Absent
<B><font color = 'blue'> .</font></B>  -undefined
<B><font color = 'blue'> .</font></B>  -Default
<B><font color = 'blue'> .</font></B>  -Default
<B><font color = 'blue'> .</font></B>  -Absent
<B><font color = 'blue'> .</font></B>  -Absent
<B><font color = 'blue'> .</font></B>  -Absent
<B><font color = 'blue'> .</font></B>  -Absent
<B><font color = 'blue'> .</font></B>  -Absent
<B><font color = 'blue'> .</font></B>  -Absent
<B><font color = 'blue'> .</font></B>  -Absent
<B><font color = 'blue'> .</font></B>  -Absent
<B><font color = 'blue'> .</font></B>  -Absent
<B><font color = 'blue'> .</font></B>  -Absent
<B><font color = 'blue'> .</font></B>  -Absent
<B><font color = 'blue'> .</font></B>  -new dev user 
<B><font color = 'blue'> .</font></B>  -new@dev.user
<B><font color = 'blue'> .</font></B>  -fdfsfsd
<B><font color = 'blue'> .</font></B>  -2022-10-27
<B><font color = 'blue'> .</font></B>  -Absent
<B><font color = 'blue'> .</font></B>  -Absent
<B><font color = 'blue'> .</font></B>  -undefined
<B><font color = 'blue'> .</font></B>  -Default
<B><font color = 'blue'> .</font></B>  -Default
<B><font color = 'blue'> .</font></B>  -Absent
<B><font color = 'blue'> .</font></B>  -Absent
<B><font color = 'blue'> .</font></B>  -Absent
<B><font color = 'blue'> .</font></B>  -Absent
<B><font color = 'blue'> .</font></B>  -Absent
<B><font color = 'blue'> .</font></B>  -Absent
<B><font color = 'blue'> .</font></B>  -Absent
<B><font color = 'blue'> .</font></B>  -Absent
<B><font color = 'blue'> .</font></B>  -Absent
<B><font color = 'blue'> .</font></B>  -Absent
<B><font color = 'blue'> .</font></B>  -Absent
<B><font color = 'blue'> .</font></B>  -aaaaaaaaaa aaaaaaaaa 
<B><font color = 'blue'> .</font></B>  -mmmm@gmail.com
<B><font color = 'blue'> .</font></B>  -80765s
<B><font color = 'blue'> .</font></B>  -2022-10-27
<B><font color = 'blue'> .</font></B>  -Absent
<B><font color = 'blue'> .</font></B>  -Absent
<B><font color = 'blue'> .</font></B>  -undefined
<B><font color = 'blue'> .</font></B>  -Bangalore
<B><font color = 'blue'> .</font></B>  -Testing
<B><font color = 'blue'> .</font></B>  -Absent
<B><font color = 'blue'> .</font></B>  -Absent
<B><font color = 'blue'> .</font></B>  -Absent
<B><font color = 'blue'> .</font></B>  -Absent
<B><font color = 'blue'> .</font></B>  -Absent
<B><font color = 'blue'> .</font></B>  -Absent
<B><font color = 'blue'> .</font></B>  -Absent
<B><font color = 'blue'> .</font></B>  -Absent
<B><font color = 'blue'> .</font></B>  -Absent
<B><font color = 'blue'> .</font></B>  -Absent
<B><font color = 'blue'> .</font></B>  -Absent
<B><font color = 'blue'> .</font></B>  -sumesh test 
<B><font color = 'blue'> .</font></B>  -sumesh@mail.com
<B><font color = 'blue'> .</font></B>  -fdgfdgf
<B><font color = 'blue'> .</font></B>  -2022-10-27
<B><font color = 'blue'> .</font></B>  -Absent
<B><font color = 'blue'> .</font></B>  -Absent
<B><font color = 'blue'> .</font></B>  -undefined
<B><font color = 'blue'> .</font></B>  -Bangalore
<B><font color = 'blue'> .</font></B>  -Testing
<B><font color = 'blue'> .</font></B>  -Absent
<B><font color = 'blue'> .</font></B>  -Absent
<B><font color = 'blue'> .</font></B>  -Absent
<B><font color = 'blue'> .</font></B>  -Absent
<B><font color = 'blue'> .</font></B>  -Absent
<B><font color = 'blue'> .</font></B>  -Absent
<B><font color = 'blue'> .</font></B>  -Absent
<B><font color = 'blue'> .</font></B>  -Absent
<B><font color = 'blue'> .</font></B>  -Absent
<B><font color = 'blue'> .</font></B>  -Absent
<B><font color = 'blue'> .</font></B>  -Absent
<B><font color = 'blue'> .</font></B>  -deffdfds vscsc 
<B><font color = 'blue'> .</font></B>  -cscsdw123@gmail.com
<B><font color = 'blue'> .</font></B>  -1234512
<B><font color = 'blue'> .</font></B>  -2022-10-27
<B><font color = 'blue'> .</font></B>  -Absent
<B><font color = 'blue'> .</font></B>  -Absent
<B><font color = 'blue'> .</font></B>  -undefined
<B><font color = 'blue'> .</font></B>  -Bangalore
<B><font color = 'blue'> .</font></B>  -Testing
<B><font color = 'blue'> .</font></B>  -Absent
<B><font color = 'blue'> .</font></B>  -Absent
<B><font color = 'blue'> .</font></B>  -Absent
<B><font color = 'blue'> .</font></B>  -Absent
<B><font color = 'blue'> .</font></B>  -Absent
<B><font color = 'blue'> .</font></B>  -Absent
<B><font color = 'blue'> .</font></B>  -Absent
<B><font color = 'blue'> .</font></B>  -Absent
<B><font color = 'blue'> .</font></B>  -Absent
<B><font color = 'blue'> .</font></B>  -Absent
<B><font color = 'blue'> .</font></B>  -Absent
<B><font color = 'blue'> .</font></B>  -test testtt 
<B><font color = 'blue'> .</font></B>  -abcd@gmail.com
<B><font color = 'blue'> .</font></B>  -GLB55
<B><font color = 'blue'> .</font></B>  -2022-10-27
<B><font color = 'blue'> .</font></B>  -Absent
<B><font color = 'blue'> .</font></B>  -Absent
<B><font color = 'blue'> .</font></B>  -undefined
<B><font color = 'blue'> .</font></B>  -Bangalore
<B><font color = 'blue'> .</font></B>  -Testing
<B><font color = 'blue'> .</font></B>  -Absent
<B><font color = 'blue'> .</font></B>  -Absent
<B><font color = 'blue'> .</font></B>  -Absent
<B><font color = 'blue'> .</font></B>  -Absent
<B><font color = 'blue'> .</font></B>  -Absent
<B><font color = 'blue'> .</font></B>  -Absent
<B><font color = 'blue'> .</font></B>  -Absent
<B><font color = 'blue'> .</font></B>  -Absent
<B><font color = 'blue'> .</font></B>  -Absent
<B><font color = 'blue'> .</font></B>  -Absent
<B><font color = 'blue'> .</font></B>  -Absent
<B><font color = 'blue'> .</font></B>  -Abhishe tt 
<B><font color = 'blue'> .</font></B>  -ab@ab.com
<B><font color = 'blue'> .</font></B>  -GKD567
<B><font color = 'blue'> .</font></B>  -2022-10-27
<B><font color = 'blue'> .</font></B>  -Absent
<B><font color = 'blue'> .</font></B>  -Absent
<B><font color = 'blue'> .</font></B>  -undefined
<B><font color = 'blue'> .</font></B>  -Bangalore
<B><font color = 'blue'> .</font></B>  -Testing
<B><font color = 'blue'> .</font></B>  -Absent
<B><font color = 'blue'> .</font></B>  -Absent
<B><font color = 'blue'> .</font></B>  -Absent
<B><font color = 'blue'> .</font></B>  -Absent
<B><font color = 'blue'> .</font></B>  -Absent
<B><font color = 'blue'> .</font></B>  -Absent
<B><font color = 'blue'> .</font></B>  -Absent
<B><font color = 'blue'> .</font></B>  -Absent
<B><font color = 'blue'> .</font></B>  -Absent
<B><font color = 'blue'> .</font></B>  -Absent
<B><font color = 'blue'> .</font></B>  -Absent
<B><font color = 'blue'> .</font></B>  -test nonadmin 
<B><font color = 'blue'> .</font></B>  -testnonadmin@gmail.com
<B><font color = 'blue'> .</font></B>  -GLB026
<B><font color = 'blue'> .</font></B>  -2022-10-27
<B><font color = 'blue'> .</font></B>  -Absent
<B><font color = 'blue'> .</font></B>  -Absent
<B><font color = 'blue'> .</font></B>  -undefined
<B><font color = 'blue'> .</font></B>  -Bangalore
<B><font color = 'blue'> .</font></B>  -Php
<B><font color = 'blue'> .</font></B>  -Absent
<B><font color = 'blue'> .</font></B>  -Absent
<B><font color = 'blue'> .</font></B>  -Absent
<B><font color = 'blue'> .</font></B>  -Absent
<B><font color = 'blue'> .</font></B>  -Absent
<B><font color = 'blue'> .</font></B>  -Absent
<B><font color = 'blue'> .</font></B>  -Absent
<B><font color = 'blue'> .</font></B>  -Absent
<B><font color = 'blue'> .</font></B>  -Absent
<B><font color = 'blue'> .</font></B>  -Absent
<B><font color = 'blue'> .</font></B>  -Absent
<B><font color = 'blue'> .</font></B>  -Abhishek Test 
<B><font color = 'blue'> .</font></B>  -abhishektrest@glb.in
<B><font color = 'blue'> .</font></B>  -rN7tvEiDPGNi4fD
<B><font color = 'blue'> .</font></B>  -2022-10-27
<B><font color = 'blue'> .</font></B>  -Absent
<B><font color = 'blue'> .</font></B>  -Absent
<B><font color = 'blue'> .</font></B>  -undefined
<B><font color = 'blue'> .</font></B>  -Bangalore
<B><font color = 'blue'> .</font></B>  -Php
<B><font color = 'blue'> .</font></B>  -Absent
<B><font color = 'blue'> .</font></B>  -Absent
<B><font color = 'blue'> .</font></B>  -Absent
<B><font color = 'blue'> .</font></B>  -Absent
<B><font color = 'blue'> .</font></B>  -Absent
<B><font color = 'blue'> .</font></B>  -Absent
<B><font color = 'blue'> .</font></B>  -Absent
<B><font color = 'blue'> .</font></B>  -Absent
<B><font color = 'blue'> .</font></B>  -Absent
<B><font color = 'blue'> .</font></B>  -Absent
<B><font color = 'blue'> .</font></B>  -Absent
<B><font color = 'blue'> .</font></B>  -Superior Test one 
<B><font color = 'blue'> .</font></B>  -superiorone@gmail.com
<B><font color = 'blue'> .</font></B>  -twoqw
<B><font color = 'blue'> .</font></B>  -2022-10-27
<B><font color = 'blue'> .</font></B>  -Absent
<B><font color = 'blue'> .</font></B>  -Absent
<B><font color = 'blue'> .</font></B>  -undefined
<B><font color = 'blue'> .</font></B>  -Bangalore
<B><font color = 'blue'> .</font></B>  -Testing
<B><font color = 'blue'> .</font></B>  -Absent
<B><font color = 'blue'> .</font></B>  -Absent
<B><font color = 'blue'> .</font></B>  -Absent
<B><font color = 'blue'> .</font></B>  -Absent
<B><font color = 'blue'> .</font></B>  -Absent
<B><font color = 'blue'> .</font></B>  -Absent
<B><font color = 'blue'> .</font></B>  -Absent
<B><font color = 'blue'> .</font></B>  -Absent
<B><font color = 'blue'> .</font></B>  -Absent
<B><font color = 'blue'> .</font></B>  -Absent
<B><font color = 'blue'> .</font></B>  -Absent
<B><font color = 'blue'> .</font></B>  -test testw 
<B><font color = 'blue'> .</font></B>  -test@mac.in
<B><font color = 'blue'> .</font></B>  -aaf123
<B><font color = 'blue'> .</font></B>  -2022-10-27
<B><font color = 'blue'> .</font></B>  -Absent
<B><font color = 'blue'> .</font></B>  -Absent
<B><font color = 'blue'> .</font></B>  -undefined
<B><font color = 'blue'> .</font></B>  -Bangalore
<B><font color = 'blue'> .</font></B>  -Php
<B><font color = 'blue'> .</font></B>  -Absent
<B><font color = 'blue'> .</font></B>  -Absent
<B><font color = 'blue'> .</font></B>  -Absent
<B><font color = 'blue'> .</font></B>  -Absent
<B><font color = 'blue'> .</font></B>  -Absent
<B><font color = 'blue'> .</font></B>  -Absent
<B><font color = 'blue'> .</font></B>  -Absent
<B><font color = 'blue'> .</font></B>  -Absent
<B><font color = 'blue'> .</font></B>  -Absent
<B><font color = 'blue'> .</font></B>  -Absent
<B><font color = 'blue'> .</font></B>  -Absent
<B><font color = 'blue'> .</font></B>  -sam eer 
<B><font color = 'blue'> .</font></B>  -sam@rf.in
<B><font color = 'blue'> .</font></B>  -WSAERT2Q34E
<B><font color = 'blue'> .</font></B>  -2022-10-27
<B><font color = 'blue'> .</font></B>  -Absent
<B><font color = 'blue'> .</font></B>  -Absent
<B><font color = 'blue'> .</font></B>  -undefined
<B><font color = 'blue'> .</font></B>  -Bangalore
<B><font color = 'blue'> .</font></B>  -Testing
<B><font color = 'blue'> .</font></B>  -Absent
<B><font color = 'blue'> .</font></B>  -Absent
<B><font color = 'blue'> .</font></B>  -Absent
<B><font color = 'blue'> .</font></B>  -Absent
<B><font color = 'blue'> .</font></B>  -Absent
<B><font color = 'blue'> .</font></B>  -Absent
<B><font color = 'blue'> .</font></B>  -Absent
<B><font color = 'blue'> .</font></B>  -Absent
<B><font color = 'blue'> .</font></B>  -Absent
<B><font color = 'blue'> .</font></B>  -Absent
<B><font color = 'blue'> .</font></B>  -Absent
<B><font color = 'blue'> .</font></B>  -Test test 
<B><font color = 'blue'> .</font></B>  -sarikajain@gmail.com
<B><font color = 'blue'> .</font></B>  -E-101
<B><font color = 'blue'> .</font></B>  -2022-10-27
<B><font color = 'blue'> .</font></B>  -Absent
<B><font color = 'blue'> .</font></B>  -Absent
<B><font color = 'blue'> .</font></B>  -undefined
<B><font color = 'blue'> .</font></B>  -Bangalore
<B><font color = 'blue'> .</font></B>  -Testing
<B><font color = 'blue'> .</font></B>  -Absent
<B><font color = 'blue'> .</font></B>  -Absent
<B><font color = 'blue'> .</font></B>  -Absent
<B><font color = 'blue'> .</font></B>  -Absent
<B><font color = 'blue'> .</font></B>  -Absent
<B><font color = 'blue'> .</font></B>  -Absent
<B><font color = 'blue'> .</font></B>  -Absent
<B><font color = 'blue'> .</font></B>  -Absent
<B><font color = 'blue'> .</font></B>  -Absent
<B><font color = 'blue'> .</font></B>  -Absent
<B><font color = 'blue'> .</font></B>  -Absent
<B><font color = 'blue'> .</font></B>  -sithu kalluru 
<B><font color = 'blue'> .</font></B>  -sitaramireddy@globussoft.in
<B><font color = 'blue'> .</font></B>  -code12
<B><font color = 'blue'> .</font></B>  -2022-10-27
<B><font color = 'blue'> .</font></B>  -Absent
<B><font color = 'blue'> .</font></B>  -Absent
<B><font color = 'blue'> .</font></B>  -undefined
<B><font color = 'blue'> .</font></B>  -Bangalore
<B><font color = 'blue'> .</font></B>  -Testing
<B><font color = 'blue'> .</font></B>  -Absent
<B><font color = 'blue'> .</font></B>  -Absent
<B><font color = 'blue'> .</font></B>  -Absent
<B><font color = 'blue'> .</font></B>  -Absent
<B><font color = 'blue'> .</font></B>  -Absent
<B><font color = 'blue'> .</font></B>  -Absent
<B><font color = 'blue'> .</font></B>  -Absent
<B><font color = 'blue'> .</font></B>  -Absent
<B><font color = 'blue'> .</font></B>  -Absent
<B><font color = 'blue'> .</font></B>  -Absent
<B><font color = 'blue'> .</font></B>  -Absent
<B><font color = 'blue'> .</font></B>  -test123 abcd 
<B><font color = 'blue'> .</font></B>  -s@gmail.com
<B><font color = 'blue'> .</font></B>  -code123z
<B><font color = 'blue'> .</font></B>  -2022-10-27
<B><font color = 'blue'> .</font></B>  -Absent
<B><font color = 'blue'> .</font></B>  -Absent
<B><font color = 'blue'> .</font></B>  -undefined
<B><font color = 'blue'> .</font></B>  -Bangalore
<B><font color = 'blue'> .</font></B>  -Testing
<B><font color = 'blue'> .</font></B>  -Absent
<B><font color = 'blue'> .</font></B>  -Absent
<B><font color = 'blue'> .</font></B>  -Absent
<B><font color = 'blue'> .</font></B>  -Absent
<B><font color = 'blue'> .</font></B>  -Absent
<B><font color = 'blue'> .</font></B>  -Absent
<B><font color = 'blue'> .</font></B>  -Absent
<B><font color = 'blue'> .</font></B>  -Absent
<B><font color = 'blue'> .</font></B>  -Absent
<B><font color = 'blue'> .</font></B>  -Absent
<B><font color = 'blue'> .</font></B>  -Absent
<B><font color = 'blue'> .</font></B>  -testing test 
<B><font color = 'blue'> .</font></B>  -aarshajoyson1601@gmail.com
<B><font color = 'blue'> .</font></B>  -glb0008
<B><font color = 'blue'> .</font></B>  -2022-10-27
<B><font color = 'blue'> .</font></B>  -Absent
<B><font color = 'blue'> .</font></B>  -Absent
<B><font color = 'blue'> .</font></B>  -undefined
<B><font color = 'blue'> .</font></B>  -Bangalore
<B><font color = 'blue'> .</font></B>  -Php
<B><font color = 'blue'> .</font></B>  -Absent
<B><font color = 'blue'> .</font></B>  -Absent
<B><font color = 'blue'> .</font></B>  -Absent
<B><font color = 'blue'> .</font></B>  -Absent
<B><font color = 'blue'> .</font></B>  -Absent
<B><font color = 'blue'> .</font></B>  -Absent
<B><font color = 'blue'> .</font></B>  -Absent
<B><font color = 'blue'> .</font></B>  -Absent
<B><font color = 'blue'> .</font></B>  -Absent
<B><font color = 'blue'> .</font></B>  -Absent
<B><font color = 'blue'> .</font></B>  -Absent
<B><font color = 'blue'> .</font></B>  -Automation CodeeeAuto 
<B><font color = 'blue'> .</font></B>  -skabcdef7@gmail.com
<B><font color = 'blue'> .</font></B>  -Emp-Abzcde-1234522
<B><font color = 'blue'> .</font></B>  -2022-10-27
<B><font color = 'blue'> .</font></B>  -Absent
<B><font color = 'blue'> .</font></B>  -Absent
<B><font color = 'blue'> .</font></B>  -undefined
<B><font color = 'blue'> .</font></B>  -Bangalore
<B><font color = 'blue'> .</font></B>  -Testing
<B><font color = 'blue'> .</font></B>  -Absent
<B><font color = 'blue'> .</font></B>  -Absent
<B><font color = 'blue'> .</font></B>  -Absent
<B><font color = 'blue'> .</font></B>  -Absent
<B><font color = 'blue'> .</font></B>  -Absent
<B><font color = 'blue'> .</font></B>  -Absent
<B><font color = 'blue'> .</font></B>  -Absent
<B><font color = 'blue'> .</font></B>  -Absent
<B><font color = 'blue'> .</font></B>  -Absent
<B><font color = 'blue'> .</font></B>  -Absent
<B><font color = 'blue'> .</font></B>  -Absent
<B><font color = 'blue'> .</font></B>  -piyush dfgsfg 
<B><font color = 'blue'> .</font></B>  -jos@gmail.com
<B><font color = 'blue'> .</font></B>  -sdgff
<B><font color = 'blue'> .</font></B>  -2022-10-27
<B><font color = 'blue'> .</font></B>  -Absent
<B><font color = 'blue'> .</font></B>  -Absent
<B><font color = 'blue'> .</font></B>  -undefined
<B><font color = 'blue'> .</font></B>  -Bangalore
<B><font color = 'blue'> .</font></B>  -Testing
<B><font color = 'blue'> .</font></B>  -Absent
<B><font color = 'blue'> .</font></B>  -Absent
<B><font color = 'blue'> .</font></B>  -Absent
<B><font color = 'blue'> .</font></B>  -Absent
<B><font color = 'blue'> .</font></B>  -Absent
<B><font color = 'blue'> .</font></B>  -Absent
<B><font color = 'blue'> .</font></B>  -Absent
<B><font color = 'blue'> .</font></B>  -Absent
<B><font color = 'blue'> .</font></B>  -Absent
<B><font color = 'blue'> .</font></B>  -Absent
<B><font color = 'blue'> .</font></B>  -Absent
<B><font color = 'blue'> .</font></B>  -Aryan raj 
<B><font color = 'blue'> .</font></B>  -alex@gmail.com
<B><font color = 'blue'> .</font></B>  -126
<B><font color = 'blue'> .</font></B>  -2022-10-27
<B><font color = 'blue'> .</font></B>  -Absent
<B><font color = 'blue'> .</font></B>  -Absent
<B><font color = 'blue'> .</font></B>  -undefined
<B><font color = 'blue'> .</font></B>  -Bangalore
<B><font color = 'blue'> .</font></B>  -Testing
<B><font color = 'blue'> .</font></B>  -Absent
<B><font color = 'blue'> .</font></B>  -Absent
<B><font color = 'blue'> .</font></B>  -Absent
<B><font color = 'blue'> .</font></B>  -Absent
<B><font color = 'blue'> .</font></B>  -Absent
<B><font color = 'blue'> .</font></B>  -Absent
<B><font color = 'blue'> .</font></B>  -Absent
<B><font color = 'blue'> .</font></B>  -Absent
<B><font color = 'blue'> .</font></B>  -Absent
<B><font color = 'blue'> .</font></B>  -Absent
<B><font color = 'blue'> .</font></B>  -Absent
<B><font color = 'blue'> .</font></B>  -Automation CodeeeAuto 
<B><font color = 'blue'> .</font></B>  -skabcdef38@gmail.com
<B><font color = 'blue'> .</font></B>  -Emp-Abzcde-123457
<B><font color = 'blue'> .</font></B>  -2022-10-27
<B><font color = 'blue'> .</font></B>  -Absent
<B><font color = 'blue'> .</font></B>  -Absent
<B><font color = 'blue'> .</font></B>  -undefined
<B><font color = 'blue'> .</font></B>  -Bangalore
<B><font color = 'blue'> .</font></B>  -Testing
<B><font color = 'blue'> .</font></B>  -Absent
<B><font color = 'blue'> .</font></B>  -Absent
<B><font color = 'blue'> .</font></B>  -Absent
<B><font color = 'blue'> .</font></B>  -Absent
<B><font color = 'blue'> .</font></B>  -Absent
<B><font color = 'blue'> .</font></B>  -Absent
<B><font color = 'blue'> .</font></B>  -Absent
<B><font color = 'blue'> .</font></B>  -Absent
<B><font color = 'blue'> .</font></B>  -Absent
<B><font color = 'blue'> .</font></B>  -Absent
<B><font color = 'blue'> .</font></B>  -Absent
<B><font color = 'blue'> .</font></B>  -Automation CodeeeAuto 
<B><font color = 'blue'> .</font></B>  -skabcdef33@gmail.com
<B><font color = 'blue'> .</font></B>  -Emp-Abzcde-1234557
<B><font color = 'blue'> .</font></B>  -2022-10-27
<B><font color = 'blue'> .</font></B>  -Absent
<B><font color = 'blue'> .</font></B>  -Absent
<B><font color = 'blue'> .</font></B>  -undefined
<B><font color = 'blue'> .</font></B>  -Bangalore
<B><font color = 'blue'> .</font></B>  -Testing
<B><font color = 'blue'> .</font></B>  -Absent
<B><font color = 'blue'> .</font></B>  -Absent
<B><font color = 'blue'> .</font></B>  -Absent
<B><font color = 'blue'> .</font></B>  -Absent
<B><font color = 'blue'> .</font></B>  -Absent
<B><font color = 'blue'> .</font></B>  -Absent
<B><font color = 'blue'> .</font></B>  -Absent
<B><font color = 'blue'> .</font></B>  -Absent
<B><font color = 'blue'> .</font></B>  -Absent
<B><font color = 'blue'> .</font></B>  -Absent
<B><font color = 'blue'> .</font></B>  -Absent
<B><font color = 'blue'> .</font></B>  -R o       hit Sharma 
<B><font color = 'blue'> .</font></B>  -rahulrajt5613928@gmail.com
<B><font color = 'blue'> .</font></B>  -67645
<B><font color = 'blue'> .</font></B>  -2022-10-27
<B><font color = 'blue'> .</font></B>  -Absent
<B><font color = 'blue'> .</font></B>  -Absent
<B><font color = 'blue'> .</font></B>  -undefined
<B><font color = 'blue'> .</font></B>  -bengaluru
<B><font color = 'blue'> .</font></B>  -Testing
<B><font color = 'blue'> .</font></B>  -Absent
<B><font color = 'blue'> .</font></B>  -Absent
<B><font color = 'blue'> .</font></B>  -Absent
<B><font color = 'blue'> .</font></B>  -Absent
<B><font color = 'blue'> .</font></B>  -Absent
<B><font color = 'blue'> .</font></B>  -Absent
<B><font color = 'blue'> .</font></B>  -Absent
<B><font color = 'blue'> .</font></B>  -Absent
<B><font color = 'blue'> .</font></B>  -Absent
<B><font color = 'blue'> .</font></B>  -Absent
<B><font color = 'blue'> .</font></B>  -Absent
<B><font color = 'blue'> .</font></B>  -ni test 
<B><font color = 'blue'> .</font></B>  -nitest12@gmail.com
<B><font color = 'blue'> .</font></B>  -GLB678
<B><font color = 'blue'> .</font></B>  -2022-10-27
<B><font color = 'blue'> .</font></B>  -Absent
<B><font color = 'blue'> .</font></B>  -Absent
<B><font color = 'blue'> .</font></B>  -undefined
<B><font color = 'blue'> .</font></B>  -bengaluru
<B><font color = 'blue'> .</font></B>  -Testing
<B><font color = 'blue'> .</font></B>  -Absent
<B><font color = 'blue'> .</font></B>  -Absent
<B><font color = 'blue'> .</font></B>  -Absent
<B><font color = 'blue'> .</font></B>  -Absent
<B><font color = 'blue'> .</font></B>  -Absent
<B><font color = 'blue'> .</font></B>  -Absent
<B><font color = 'blue'> .</font></B>  -Absent
<B><font color = 'blue'> .</font></B>  -Absent
<B><font color = 'blue'> .</font></B>  -Absent
<B><font color = 'blue'> .</font></B>  -Absent
<B><font color = 'blue'> .</font></B>  -Absent
<B><font color = 'blue'> .</font></B>  -one test 
<B><font color = 'blue'> .</font></B>  -testone1234@gmail.com
<B><font color = 'blue'> .</font></B>  -0110
<B><font color = 'blue'> .</font></B>  -2022-10-27
<B><font color = 'blue'> .</font></B>  -Absent
<B><font color = 'blue'> .</font></B>  -Absent
<B><font color = 'blue'> .</font></B>  -undefined
<B><font color = 'blue'> .</font></B>  -bengaluru
<B><font color = 'blue'> .</font></B>  -Testing
<B><font color = 'blue'> .</font></B>  -Absent
<B><font color = 'blue'> .</font></B>  -Absent
<B><font color = 'blue'> .</font></B>  -Absent
<B><font color = 'blue'> .</font></B>  -Absent
<B><font color = 'blue'> .</font></B>  -Absent
<B><font color = 'blue'> .</font></B>  -Absent
<B><font color = 'blue'> .</font></B>  -Absent
<B><font color = 'blue'> .</font></B>  -Absent
<B><font color = 'blue'> .</font></B>  -Absent
<B><font color = 'blue'> .</font></B>  -Absent
<B><font color = 'blue'> .</font></B>  -Absent
<B><font color = 'blue'> .</font></B>  -GLB-BLR-010-PC - GLB-BLR-010 
<B><font color = 'blue'> .</font></B>  -abcd@yuksdgus
<B><font color = 'blue'> .</font></B>  -GLB-BLR-010
<B><font color = 'blue'> .</font></B>  -2022-10-27
<B><font color = 'blue'> .</font></B>  -Absent
<B><font color = 'blue'> .</font></B>  -Absent
<B><font color = 'blue'> .</font></B>  -undefined
<B><font color = 'blue'> .</font></B>  -bengaluru
<B><font color = 'blue'> .</font></B>  -Testing
<B><font color = 'blue'> .</font></B>  -Absent
<B><font color = 'blue'> .</font></B>  -Absent
<B><font color = 'blue'> .</font></B>  -Absent
<B><font color = 'blue'> .</font></B>  -Absent
<B><font color = 'blue'> .</font></B>  -Absent
<B><font color = 'blue'> .</font></B>  -Absent
<B><font color = 'blue'> .</font></B>  -Absent
<B><font color = 'blue'> .</font></B>  -Absent
<B><font color = 'blue'> .</font></B>  -Absent
<B><font color = 'blue'> .</font></B>  -Absent
<B><font color = 'blue'> .</font></B>  -Absent
<B><font color = 'blue'> .</font></B>  -surya kk 
<B><font color = 'blue'> .</font></B>  -123@gmail.com
<B><font color = 'blue'> .</font></B>  -mmmmm
<B><font color = 'blue'> .</font></B>  -2022-10-27
<B><font color = 'blue'> .</font></B>  -Absent
<B><font color = 'blue'> .</font></B>  -Absent
<B><font color = 'blue'> .</font></B>  -undefined
<B><font color = 'blue'> .</font></B>  -Tamilnadu
<B><font color = 'blue'> .</font></B>  -Test and Dev
<B><font color = 'blue'> .</font></B>  -Absent
<B><font color = 'blue'> .</font></B>  -Absent
<B><font color = 'blue'> .</font></B>  -Absent
<B><font color = 'blue'> .</font></B>  -Absent
<B><font color = 'blue'> .</font></B>  -Absent
<B><font color = 'blue'> .</font></B>  -Absent
<B><font color = 'blue'> .</font></B>  -Absent
<B><font color = 'blue'> .</font></B>  -Absent
<B><font color = 'blue'> .</font></B>  -Absent
<B><font color = 'blue'> .</font></B>  -Absent
<B><font color = 'blue'> .</font></B>  -Absent
<B><font color = 'blue'> .</font></B>  -sai kk 
<B><font color = 'blue'> .</font></B>  -saikk19876@gmail.com
<B><font color = 'blue'> .</font></B>  -20221019
<B><font color = 'blue'> .</font></B>  -2022-10-27
<B><font color = 'blue'> .</font></B>  -Absent
<B><font color = 'blue'> .</font></B>  -Absent
<B><font color = 'blue'> .</font></B>  -undefined
<B><font color = 'blue'> .</font></B>  -Tamilnadu
<B><font color = 'blue'> .</font></B>  -Test and Dev
<B><font color = 'blue'> .</font></B>  -Absent
<B><font color = 'blue'> .</font></B>  -Absent
<B><font color = 'blue'> .</font></B>  -Absent
<B><font color = 'blue'> .</font></B>  -Absent
<B><font color = 'blue'> .</font></B>  -Absent
<B><font color = 'blue'> .</font></B>  -Absent
<B><font color = 'blue'> .</font></B>  -Absent
<B><font color = 'blue'> .</font></B>  -Absent
<B><font color = 'blue'> .</font></B>  -Absent
<B><font color = 'blue'> .</font></B>  -Absent
<B><font color = 'blue'> .</font></B>  -Absent
<B><font color = 'blue'> .</font></B>  -ajeethemp test 
<B><font color = 'blue'> .</font></B>  -ajeethemp@gmail.com
<B><font color = 'blue'> .</font></B>  -A01
<B><font color = 'blue'> .</font></B>  -2022-10-27
<B><font color = 'blue'> .</font></B>  -Absent
<B><font color = 'blue'> .</font></B>  -Absent
<B><font color = 'blue'> .</font></B>  -undefined
<B><font color = 'blue'> .</font></B>  -Tamilnadu
<B><font color = 'blue'> .</font></B>  -Test and Dev
<B><font color = 'blue'> .</font></B>  -Absent
<B><font color = 'blue'> .</font></B>  -Absent
<B><font color = 'blue'> .</font></B>  -Absent
<B><font color = 'blue'> .</font></B>  -Absent
<B><font color = 'blue'> .</font></B>  -Absent
<B><font color = 'blue'> .</font></B>  -Absent
<B><font color = 'blue'> .</font></B>  -Absent
<B><font color = 'blue'> .</font></B>  -Absent
<B><font color = 'blue'> .</font></B>  -Absent
<B><font color = 'blue'> .</font></B>  -Absent
<B><font color = 'blue'> .</font></B>  -Absent
<B><font color = 'blue'> .</font></B>  -test user two 
<B><font color = 'blue'> .</font></B>  -testuser@two.io
<B><font color = 'blue'> .</font></B>  -GSLL-327
<B><font color = 'blue'> .</font></B>  -2022-10-27
<B><font color = 'blue'> .</font></B>  -Absent
<B><font color = 'blue'> .</font></B>  -Absent
<B><font color = 'blue'> .</font></B>  -undefined
<B><font color = 'blue'> .</font></B>  -Tamilnadu
<B><font color = 'blue'> .</font></B>  -Test and Dev
<B><font color = 'blue'> .</font></B>  -Absent
<B><font color = 'blue'> .</font></B>  -Absent
<B><font color = 'blue'> .</font></B>  -Absent
<B><font color = 'blue'> .</font></B>  -Absent
<B><font color = 'blue'> .</font></B>  -Absent
<B><font color = 'blue'> .</font></B>  -Absent
<B><font color = 'blue'> .</font></B>  -Absent
<B><font color = 'blue'> .</font></B>  -Absent
<B><font color = 'blue'> .</font></B>  -Absent
<B><font color = 'blue'> .</font></B>  -Absent
<B><font color = 'blue'> .</font></B>  -Absent
<B><font color = 'blue'> .</font></B>  -Himanshu Kumar 
<B><font color = 'blue'> .</font></B>  -himanshu1@gmail.com
<B><font color = 'blue'> .</font></B>  -EM011
<B><font color = 'blue'> .</font></B>  -2022-10-27
<B><font color = 'blue'> .</font></B>  -Absent
<B><font color = 'blue'> .</font></B>  -Absent
<B><font color = 'blue'> .</font></B>  -undefined
<B><font color = 'blue'> .</font></B>  -bagalkot
<B><font color = 'blue'> .</font></B>  -manual testing
<B><font color = 'blue'> .</font></B>  -Absent
<B><font color = 'blue'> .</font></B>  -Absent
<B><font color = 'blue'> .</font></B>  -Absent
<B><font color = 'blue'> .</font></B>  -Absent
<B><font color = 'blue'> .</font></B>  -Absent
<B><font color = 'blue'> .</font></B>  -Absent
<B><font color = 'blue'> .</font></B>  -Absent
<B><font color = 'blue'> .</font></B>  -Absent
<B><font color = 'blue'> .</font></B>  -Absent
<B><font color = 'blue'> .</font></B>  -Absent
<B><font color = 'blue'> .</font></B>  -Absent
<B><font color = 'blue'> .</font></B>  -dxgfdxg gssdg 
<B><font color = 'blue'> .</font></B>  -sdgsg@dgksodkg.in
<B><font color = 'blue'> .</font></B>  -asfda343443
<B><font color = 'blue'> .</font></B>  -2022-10-27
<B><font color = 'blue'> .</font></B>  -Absent
<B><font color = 'blue'> .</font></B>  -Absent
<B><font color = 'blue'> .</font></B>  -undefined
<B><font color = 'blue'> .</font></B>  -Bhilai
<B><font color = 'blue'> .</font></B>  -Php
<B><font color = 'blue'> .</font></B>  -Absent
<B><font color = 'blue'> .</font></B>  -Absent
<B><font color = 'blue'> .</font></B>  -Absent
<B><font color = 'blue'> .</font></B>  -Absent
<B><font color = 'blue'> .</font></B>  -Absent
<B><font color = 'blue'> .</font></B>  -Absent
<B><font color = 'blue'> .</font></B>  -Absent
<B><font color = 'blue'> .</font></B>  -Absent
<B><font color = 'blue'> .</font></B>  -Absent
<B><font color = 'blue'> .</font></B>  -Absent
<B><font color = 'blue'> .</font></B>  -Absent
<B><font color = 'blue'> .</font></B>  -Guest User 
<B><font color = 'blue'> .</font></B>  -guestuser@gmail.com
<B><font color = 'blue'> .</font></B>  -GLB-777
<B><font color = 'blue'> .</font></B>  -2022-10-27
<B><font color = 'blue'> .</font></B>  -Absent
<B><font color = 'blue'> .</font></B>  -Absent
<B><font color = 'blue'> .</font></B>  -undefined
<B><font color = 'blue'> .</font></B>  -Bhilai
<B><font color = 'blue'> .</font></B>  -Php
<B><font color = 'blue'> .</font></B>  -Absent
<B><font color = 'blue'> .</font></B>  -Absent
<B><font color = 'blue'> .</font></B>  -Absent
<B><font color = 'blue'> .</font></B>  -Absent
<B><font color = 'blue'> .</font></B>  -Absent
<B><font color = 'blue'> .</font></B>  -Absent
<B><font color = 'blue'> .</font></B>  -Absent
<B><font color = 'blue'> .</font></B>  -Absent
<B><font color = 'blue'> .</font></B>  -Absent
<B><font color = 'blue'> .</font></B>  -Absent
<B><font color = 'blue'> .</font></B>  -Absent
<B><font color = 'blue'> .</font></B>  -sumesh test 
<B><font color = 'blue'> .</font></B>  -sumesh@mail.com
<B><font color = 'blue'> .</font></B>  -fdgfdgf
<B><font color = 'blue'> .</font></B>  -2022-10-26
<B><font color = 'blue'> .</font></B>  -26-10-2022 16:05:19
<B><font color = 'blue'> .</font></B>  -26-10-2022 16:08:19
<B><font color = 'blue'> .</font></B>  -GLB-124-PC
<B><font color = 'blue'> .</font></B>  -Bangalore
<B><font color = 'blue'> .</font></B>  -Testing
<B><font color = 'blue'> .</font></B>  -00:03:00
<B><font color = 'blue'> .</font></B>  -00:00:00
<B><font color = 'blue'> .</font></B>  -00:00:00
<B><font color = 'blue'> .</font></B>  -00:00:00
<B><font color = 'blue'> .</font></B>  -00:00:00
<B><font color = 'blue'> .</font></B>  -00:00:00
<B><font color = 'blue'> .</font></B>  -00:00:00
<B><font color = 'blue'> .</font></B>  -00:03:00
<B><font color = 'blue'> .</font></B>  -0.00%
<B><font color = 'blue'> .</font></B>  --480:00
<B><font color = 'blue'> .</font></B>  -0.00
<B><font color = 'blue'> .</font></B>  -D Surya Prabhakar 
<B><font color = 'blue'> .</font></B>  -surya1@gmail.com
<B><font color = 'blue'> .</font></B>  -EM010
<B><font color = 'blue'> .</font></B>  -2022-10-26
<B><font color = 'blue'> .</font></B>  -26-10-2022 16:16:23
<B><font color = 'blue'> .</font></B>  -27-10-2022 00:00:00
<B><font color = 'blue'> .</font></B>  -GLB-110-PC
<B><font color = 'blue'> .</font></B>  -bengaluru
<B><font color = 'blue'> .</font></B>  -Testing
<B><font color = 'blue'> .</font></B>  -07:43:37
<B><font color = 'blue'> .</font></B>  -00:00:00
<B><font color = 'blue'> .</font></B>  -00:00:00
<B><font color = 'blue'> .</font></B>  -00:00:00
<B><font color = 'blue'> .</font></B>  -00:00:00
<B><font color = 'blue'> .</font></B>  -00:00:00
<B><font color = 'blue'> .</font></B>  -00:00:00
<B><font color = 'blue'> .</font></B>  -07:43:37
<B><font color = 'blue'> .</font></B>  -0.00%
<B><font color = 'blue'> .</font></B>  --480:00
<B><font color = 'blue'> .</font></B>  -0.00
<B><font color = 'blue'> .</font></B>  -Virat kohli 
<B><font color = 'blue'> .</font></B>  -rahukbgdxgsf@gmail.com
<B><font color = 'blue'> .</font></B>  -65332
<B><font color = 'blue'> .</font></B>  -2022-10-26
<B><font color = 'blue'> .</font></B>  -26-10-2022 17:01:39
<B><font color = 'blue'> .</font></B>  -26-10-2022 18:13:39
<B><font color = 'blue'> .</font></B>  -GLB-124-PC
<B><font color = 'blue'> .</font></B>  -Default
<B><font color = 'blue'> .</font></B>  -Default
<B><font color = 'blue'> .</font></B>  -01:12:00
<B><font color = 'blue'> .</font></B>  -00:00:00
<B><font color = 'blue'> .</font></B>  -00:00:00
<B><font color = 'blue'> .</font></B>  -00:00:00
<B><font color = 'blue'> .</font></B>  -00:00:00
<B><font color = 'blue'> .</font></B>  -00:00:00
<B><font color = 'blue'> .</font></B>  -00:00:00
<B><font color = 'blue'> .</font></B>  -01:12:00
<B><font color = 'blue'> .</font></B>  -0.00%
<B><font color = 'blue'> .</font></B>  --480:00
<B><font color = 'blue'> .</font></B>  -0.00
<B><font color = 'blue'> .</font></B>  -sadas kadkasdj 
<B><font color = 'blue'> .</font></B>  -dsa@eqe
<B><font color = 'blue'> .</font></B>  -emp129666
<B><font color = 'blue'> .</font></B>  -2022-10-26
<B><font color = 'blue'> .</font></B>  -Absent
<B><font color = 'blue'> .</font></B>  -Absent
<B><font color = 'blue'> .</font></B>  -undefined
<B><font color = 'blue'> .</font></B>  -Default
<B><font color = 'blue'> .</font></B>  -Default
<B><font color = 'blue'> .</font></B>  -Absent
<B><font color = 'blue'> .</font></B>  -Absent
<B><font color = 'blue'> .</font></B>  -Absent
<B><font color = 'blue'> .</font></B>  -Absent
<B><font color = 'blue'> .</font></B>  -Absent
<B><font color = 'blue'> .</font></B>  -Absent
<B><font color = 'blue'> .</font></B>  -Absent
<B><font color = 'blue'> .</font></B>  -Absent
<B><font color = 'blue'> .</font></B>  -Absent
<B><font color = 'blue'> .</font></B>  -Absent
<B><font color = 'blue'> .</font></B>  -Absent
<B><font color = 'blue'> .</font></B>  -New Test 
<B><font color = 'blue'> .</font></B>  -newtest@gmail.com
<B><font color = 'blue'> .</font></B>  -ewer334443
<B><font color = 'blue'> .</font></B>  -2022-10-26
<B><font color = 'blue'> .</font></B>  -Absent
<B><font color = 'blue'> .</font></B>  -Absent
<B><font color = 'blue'> .</font></B>  -undefined
<B><font color = 'blue'> .</font></B>  -Default
<B><font color = 'blue'> .</font></B>  -Default
<B><font color = 'blue'> .</font></B>  -Absent
<B><font color = 'blue'> .</font></B>  -Absent
<B><font color = 'blue'> .</font></B>  -Absent
<B><font color = 'blue'> .</font></B>  -Absent
<B><font color = 'blue'> .</font></B>  -Absent
<B><font color = 'blue'> .</font></B>  -Absent
<B><font color = 'blue'> .</font></B>  -Absent
<B><font color = 'blue'> .</font></B>  -Absent
<B><font color = 'blue'> .</font></B>  -Absent
<B><font color = 'blue'> .</font></B>  -Absent
<B><font color = 'blue'> .</font></B>  -Absent
<B><font color = 'blue'> .</font></B>  -dshcdb uidsbf 
<B><font color = 'blue'> .</font></B>  -dvbvdb@yahoo.com
<B><font color = 'blue'> .</font></B>  -435454
<B><font color = 'blue'> .</font></B>  -2022-10-26
<B><font color = 'blue'> .</font></B>  -Absent
<B><font color = 'blue'> .</font></B>  -Absent
<B><font color = 'blue'> .</font></B>  -undefined
<B><font color = 'blue'> .</font></B>  -Default
<B><font color = 'blue'> .</font></B>  -Default
<B><font color = 'blue'> .</font></B>  -Absent
<B><font color = 'blue'> .</font></B>  -Absent
<B><font color = 'blue'> .</font></B>  -Absent
<B><font color = 'blue'> .</font></B>  -Absent
<B><font color = 'blue'> .</font></B>  -Absent
<B><font color = 'blue'> .</font></B>  -Absent
<B><font color = 'blue'> .</font></B>  -Absent
<B><font color = 'blue'> .</font></B>  -Absent
<B><font color = 'blue'> .</font></B>  -Absent
<B><font color = 'blue'> .</font></B>  -Absent
<B><font color = 'blue'> .</font></B>  -Absent
<B><font color = 'blue'> .</font></B>  -try last 
<B><font color = 'blue'> .</font></B>  -try@gmail.com
<B><font color = 'blue'> .</font></B>  -1225455
<B><font color = 'blue'> .</font></B>  -2022-10-26
<B><font color = 'blue'> .</font></B>  -Absent
<B><font color = 'blue'> .</font></B>  -Absent
<B><font color = 'blue'> .</font></B>  -undefined
<B><font color = 'blue'> .</font></B>  -Default
<B><font color = 'blue'> .</font></B>  -Default
<B><font color = 'blue'> .</font></B>  -Absent
<B><font color = 'blue'> .</font></B>  -Absent
<B><font color = 'blue'> .</font></B>  -Absent
<B><font color = 'blue'> .</font></B>  -Absent
<B><font color = 'blue'> .</font></B>  -Absent
<B><font color = 'blue'> .</font></B>  -Absent
<B><font color = 'blue'> .</font></B>  -Absent
<B><font color = 'blue'> .</font></B>  -Absent
<B><font color = 'blue'> .</font></B>  -Absent
<B><font color = 'blue'> .</font></B>  -Absent
<B><font color = 'blue'> .</font></B>  -Absent
<B><font color = 'blue'> .</font></B>  -vdjvdb yusvdvbbh 
<B><font color = 'blue'> .</font></B>  -dvhbfdh@gmail.com
<B><font color = 'blue'> .</font></B>  -wq534342
<B><font color = 'blue'> .</font></B>  -2022-10-26
<B><font color = 'blue'> .</font></B>  -Absent
<B><font color = 'blue'> .</font></B>  -Absent
<B><font color = 'blue'> .</font></B>  -undefined
<B><font color = 'blue'> .</font></B>  -Default
<B><font color = 'blue'> .</font></B>  -Default
<B><font color = 'blue'> .</font></B>  -Absent
<B><font color = 'blue'> .</font></B>  -Absent
<B><font color = 'blue'> .</font></B>  -Absent
<B><font color = 'blue'> .</font></B>  -Absent
<B><font color = 'blue'> .</font></B>  -Absent
<B><font color = 'blue'> .</font></B>  -Absent
<B><font color = 'blue'> .</font></B>  -Absent
<B><font color = 'blue'> .</font></B>  -Absent
<B><font color = 'blue'> .</font></B>  -Absent
<B><font color = 'blue'> .</font></B>  -Absent
<B><font color = 'blue'> .</font></B>  -Absent
<B><font color = 'blue'> .</font></B>  -Mail Test user 
<B><font color = 'blue'> .</font></B>  -maintest@user.io
<B><font color = 'blue'> .</font></B>  -GLB-1223888
<B><font color = 'blue'> .</font></B>  -2022-10-26
<B><font color = 'blue'> .</font></B>  -Absent
<B><font color = 'blue'> .</font></B>  -Absent
<B><font color = 'blue'> .</font></B>  -undefined
<B><font color = 'blue'> .</font></B>  -Default
<B><font color = 'blue'> .</font></B>  -Default
<B><font color = 'blue'> .</font></B>  -Absent
<B><font color = 'blue'> .</font></B>  -Absent
<B><font color = 'blue'> .</font></B>  -Absent
<B><font color = 'blue'> .</font></B>  -Absent
<B><font color = 'blue'> .</font></B>  -Absent
<B><font color = 'blue'> .</font></B>  -Absent
<B><font color = 'blue'> .</font></B>  -Absent
<B><font color = 'blue'> .</font></B>  -Absent
<B><font color = 'blue'> .</font></B>  -Absent
<B><font color = 'blue'> .</font></B>  -Absent
<B><font color = 'blue'> .</font></B>  -Absent
<B><font color = 'blue'> .</font></B>  -Update Check 
<B><font color = 'blue'> .</font></B>  -updates@gmail.com
<B><font color = 'blue'> .</font></B>  -emp543
<B><font color = 'blue'> .</font></B>  -2022-10-26
<B><font color = 'blue'> .</font></B>  -Absent
<B><font color = 'blue'> .</font></B>  -Absent
<B><font color = 'blue'> .</font></B>  -undefined
<B><font color = 'blue'> .</font></B>  -Default
<B><font color = 'blue'> .</font></B>  -Default
<B><font color = 'blue'> .</font></B>  -Absent
<B><font color = 'blue'> .</font></B>  -Absent
<B><font color = 'blue'> .</font></B>  -Absent
<B><font color = 'blue'> .</font></B>  -Absent
<B><font color = 'blue'> .</font></B>  -Absent
<B><font color = 'blue'> .</font></B>  -Absent
<B><font color = 'blue'> .</font></B>  -Absent
<B><font color = 'blue'> .</font></B>  -Absent
<B><font color = 'blue'> .</font></B>  -Absent
<B><font color = 'blue'> .</font></B>  -Absent
<B><font color = 'blue'> .</font></B>  -Absent
<B><font color = 'blue'> .</font></B>  -test manager 
<B><font color = 'blue'> .</font></B>  -manageremp@gmail.com
<B><font color = 'blue'> .</font></B>  -glb020
<B><font color = 'blue'> .</font></B>  -2022-10-26
<B><font color = 'blue'> .</font></B>  -Absent
<B><font color = 'blue'> .</font></B>  -Absent
<B><font color = 'blue'> .</font></B>  -undefined
<B><font color = 'blue'> .</font></B>  -Default
<B><font color = 'blue'> .</font></B>  -Default
<B><font color = 'blue'> .</font></B>  -Absent
<B><font color = 'blue'> .</font></B>  -Absent
<B><font color = 'blue'> .</font></B>  -Absent
<B><font color = 'blue'> .</font></B>  -Absent
<B><font color = 'blue'> .</font></B>  -Absent
<B><font color = 'blue'> .</font></B>  -Absent
<B><font color = 'blue'> .</font></B>  -Absent
<B><font color = 'blue'> .</font></B>  -Absent
<B><font color = 'blue'> .</font></B>  -Absent
<B><font color = 'blue'> .</font></B>  -Absent
<B><font color = 'blue'> .</font></B>  -Absent
<B><font color = 'blue'> .</font></B>  -DESKTOP-PJJHB19 - GLB-BLR-002OjUpRD2 
<B><font color = 'blue'> .</font></B>  --
<B><font color = 'blue'> .</font></B>  -GLB-BLR-002OjUpRD2
<B><font color = 'blue'> .</font></B>  -2022-10-26
<B><font color = 'blue'> .</font></B>  -Absent
<B><font color = 'blue'> .</font></B>  -Absent
<B><font color = 'blue'> .</font></B>  -undefined
<B><font color = 'blue'> .</font></B>  -Default
<B><font color = 'blue'> .</font></B>  -Default
<B><font color = 'blue'> .</font></B>  -Absent
<B><font color = 'blue'> .</font></B>  -Absent
<B><font color = 'blue'> .</font></B>  -Absent
<B><font color = 'blue'> .</font></B>  -Absent
<B><font color = 'blue'> .</font></B>  -Absent
<B><font color = 'blue'> .</font></B>  -Absent
<B><font color = 'blue'> .</font></B>  -Absent
<B><font color = 'blue'> .</font></B>  -Absent
<B><font color = 'blue'> .</font></B>  -Absent
<B><font color = 'blue'> .</font></B>  -Absent
<B><font color = 'blue'> .</font></B>  -Absent
<B><font color = 'blue'> .</font></B>  -Usb Test 
<B><font color = 'blue'> .</font></B>  -usbtest123@gmail.com
<B><font color = 'blue'> .</font></B>  -emp0097
<B><font color = 'blue'> .</font></B>  -2022-10-26
<B><font color = 'blue'> .</font></B>  -Absent
<B><font color = 'blue'> .</font></B>  -Absent
<B><font color = 'blue'> .</font></B>  -undefined
<B><font color = 'blue'> .</font></B>  -Default
<B><font color = 'blue'> .</font></B>  -Default
<B><font color = 'blue'> .</font></B>  -Absent
<B><font color = 'blue'> .</font></B>  -Absent
<B><font color = 'blue'> .</font></B>  -Absent
<B><font color = 'blue'> .</font></B>  -Absent
<B><font color = 'blue'> .</font></B>  -Absent
<B><font color = 'blue'> .</font></B>  -Absent
<B><font color = 'blue'> .</font></B>  -Absent
<B><font color = 'blue'> .</font></B>  -Absent
<B><font color = 'blue'> .</font></B>  -Absent
<B><font color = 'blue'> .</font></B>  -Absent
<B><font color = 'blue'> .</font></B>  -Absent
<B><font color = 'blue'> .</font></B>  -SS Keystrokes 
<B><font color = 'blue'> .</font></B>  -sskey@gmail.com
<B><font color = 'blue'> .</font></B>  -emp98y
<B><font color = 'blue'> .</font></B>  -2022-10-26
<B><font color = 'blue'> .</font></B>  -Absent
<B><font color = 'blue'> .</font></B>  -Absent
<B><font color = 'blue'> .</font></B>  -undefined
<B><font color = 'blue'> .</font></B>  -Default
<B><font color = 'blue'> .</font></B>  -Default
<B><font color = 'blue'> .</font></B>  -Absent
<B><font color = 'blue'> .</font></B>  -Absent
<B><font color = 'blue'> .</font></B>  -Absent
<B><font color = 'blue'> .</font></B>  -Absent
<B><font color = 'blue'> .</font></B>  -Absent
<B><font color = 'blue'> .</font></B>  -Absent
<B><font color = 'blue'> .</font></B>  -Absent
<B><font color = 'blue'> .</font></B>  -Absent
<B><font color = 'blue'> .</font></B>  -Absent
<B><font color = 'blue'> .</font></B>  -Absent
<B><font color = 'blue'> .</font></B>  -Absent
<B><font color = 'blue'> .</font></B>  -shivammmmmmmmmmmmmmmmmmmm Kumar 
<B><font color = 'blue'> .</font></B>  -kgfyash545@gmail.com
<B><font color = 'blue'> .</font></B>  -hsakhdjk414
<B><font color = 'blue'> .</font></B>  -2022-10-26
<B><font color = 'blue'> .</font></B>  -Absent
<B><font color = 'blue'> .</font></B>  -Absent
<B><font color = 'blue'> .</font></B>  -undefined
<B><font color = 'blue'> .</font></B>  -Default
<B><font color = 'blue'> .</font></B>  -Default
<B><font color = 'blue'> .</font></B>  -Absent
<B><font color = 'blue'> .</font></B>  -Absent
<B><font color = 'blue'> .</font></B>  -Absent
<B><font color = 'blue'> .</font></B>  -Absent
<B><font color = 'blue'> .</font></B>  -Absent
<B><font color = 'blue'> .</font></B>  -Absent
<B><font color = 'blue'> .</font></B>  -Absent
<B><font color = 'blue'> .</font></B>  -Absent
<B><font color = 'blue'> .</font></B>  -Absent
<B><font color = 'blue'> .</font></B>  -Absent
<B><font color = 'blue'> .</font></B>  -Absent
<B><font color = 'blue'> .</font></B>  -Abhishek Four tf test 
<B><font color = 'blue'> .</font></B>  -abhishekfourtf@mail.com
<B><font color = 'blue'> .</font></B>  -HLIKSJ98
<B><font color = 'blue'> .</font></B>  -2022-10-26
<B><font color = 'blue'> .</font></B>  -Absent
<B><font color = 'blue'> .</font></B>  -Absent
<B><font color = 'blue'> .</font></B>  -undefined
<B><font color = 'blue'> .</font></B>  -Default
<B><font color = 'blue'> .</font></B>  -Default
<B><font color = 'blue'> .</font></B>  -Absent
<B><font color = 'blue'> .</font></B>  -Absent
<B><font color = 'blue'> .</font></B>  -Absent
<B><font color = 'blue'> .</font></B>  -Absent
<B><font color = 'blue'> .</font></B>  -Absent
<B><font color = 'blue'> .</font></B>  -Absent
<B><font color = 'blue'> .</font></B>  -Absent
<B><font color = 'blue'> .</font></B>  -Absent
<B><font color = 'blue'> .</font></B>  -Absent
<B><font color = 'blue'> .</font></B>  -Absent
<B><font color = 'blue'> .</font></B>  -Absent
<B><font color = 'blue'> .</font></B>  -new dev user 
<B><font color = 'blue'> .</font></B>  -new@dev.user
<B><font color = 'blue'> .</font></B>  -fdfsfsd
<B><font color = 'blue'> .</font></B>  -2022-10-26
<B><font color = 'blue'> .</font></B>  -Absent
<B><font color = 'blue'> .</font></B>  -Absent
<B><font color = 'blue'> .</font></B>  -undefined
<B><font color = 'blue'> .</font></B>  -Default
<B><font color = 'blue'> .</font></B>  -Default
<B><font color = 'blue'> .</font></B>  -Absent
<B><font color = 'blue'> .</font></B>  -Absent
<B><font color = 'blue'> .</font></B>  -Absent
<B><font color = 'blue'> .</font></B>  -Absent
<B><font color = 'blue'> .</font></B>  -Absent
<B><font color = 'blue'> .</font></B>  -Absent
<B><font color = 'blue'> .</font></B>  -Absent
<B><font color = 'blue'> .</font></B>  -Absent
<B><font color = 'blue'> .</font></B>  -Absent
<B><font color = 'blue'> .</font></B>  -Absent
<B><font color = 'blue'> .</font></B>  -Absent
<B><font color = 'blue'> .</font></B>  -aaaaaaaaaa aaaaaaaaa 
<B><font color = 'blue'> .</font></B>  -mmmm@gmail.com
<B><font color = 'blue'> .</font></B>  -80765s
<B><font color = 'blue'> .</font></B>  -2022-10-26
<B><font color = 'blue'> .</font></B>  -Absent
<B><font color = 'blue'> .</font></B>  -Absent
<B><font color = 'blue'> .</font></B>  -undefined
<B><font color = 'blue'> .</font></B>  -Bangalore
<B><font color = 'blue'> .</font></B>  -Testing
<B><font color = 'blue'> .</font></B>  -Absent
<B><font color = 'blue'> .</font></B>  -Absent
<B><font color = 'blue'> .</font></B>  -Absent
<B><font color = 'blue'> .</font></B>  -Absent
<B><font color = 'blue'> .</font></B>  -Absent
<B><font color = 'blue'> .</font></B>  -Absent
<B><font color = 'blue'> .</font></B>  -Absent
<B><font color = 'blue'> .</font></B>  -Absent
<B><font color = 'blue'> .</font></B>  -Absent
<B><font color = 'blue'> .</font></B>  -Absent
<B><font color = 'blue'> .</font></B>  -Absent
<B><font color = 'blue'> .</font></B>  -Test msc 
<B><font color = 'blue'> .</font></B>  -test123@gmail.com
<B><font color = 'blue'> .</font></B>  -12254
<B><font color = 'blue'> .</font></B>  -2022-10-26
<B><font color = 'blue'> .</font></B>  -Absent
<B><font color = 'blue'> .</font></B>  -Absent
<B><font color = 'blue'> .</font></B>  -undefined
<B><font color = 'blue'> .</font></B>  -Bangalore
<B><font color = 'blue'> .</font></B>  -Testing
<B><font color = 'blue'> .</font></B>  -Absent
<B><font color = 'blue'> .</font></B>  -Absent
<B><font color = 'blue'> .</font></B>  -Absent
<B><font color = 'blue'> .</font></B>  -Absent
<B><font color = 'blue'> .</font></B>  -Absent
<B><font color = 'blue'> .</font></B>  -Absent
<B><font color = 'blue'> .</font></B>  -Absent
<B><font color = 'blue'> .</font></B>  -Absent
<B><font color = 'blue'> .</font></B>  -Absent
<B><font color = 'blue'> .</font></B>  -Absent
<B><font color = 'blue'> .</font></B>  -Absent
<B><font color = 'blue'> .</font></B>  -deffdfds vscsc 
<B><font color = 'blue'> .</font></B>  -cscsdw123@gmail.com
<B><font color = 'blue'> .</font></B>  -1234512
<B><font color = 'blue'> .</font></B>  -2022-10-26
<B><font color = 'blue'> .</font></B>  -Absent
<B><font color = 'blue'> .</font></B>  -Absent
<B><font color = 'blue'> .</font></B>  -undefined
<B><font color = 'blue'> .</font></B>  -Bangalore
<B><font color = 'blue'> .</font></B>  -Testing
<B><font color = 'blue'> .</font></B>  -Absent
<B><font color = 'blue'> .</font></B>  -Absent
<B><font color = 'blue'> .</font></B>  -Absent
<B><font color = 'blue'> .</font></B>  -Absent
<B><font color = 'blue'> .</font></B>  -Absent
<B><font color = 'blue'> .</font></B>  -Absent
<B><font color = 'blue'> .</font></B>  -Absent
<B><font color = 'blue'> .</font></B>  -Absent
<B><font color = 'blue'> .</font></B>  -Absent
<B><font color = 'blue'> .</font></B>  -Absent
<B><font color = 'blue'> .</font></B>  -Absent
<B><font color = 'blue'> .</font></B>  -test testtt 
<B><font color = 'blue'> .</font></B>  -abcd@gmail.com
<B><font color = 'blue'> .</font></B>  -GLB55
<B><font color = 'blue'> .</font></B>  -2022-10-26
<B><font color = 'blue'> .</font></B>  -Absent
<B><font color = 'blue'> .</font></B>  -Absent
<B><font color = 'blue'> .</font></B>  -undefined
<B><font color = 'blue'> .</font></B>  -Bangalore
<B><font color = 'blue'> .</font></B>  -Testing
<B><font color = 'blue'> .</font></B>  -Absent
<B><font color = 'blue'> .</font></B>  -Absent
<B><font color = 'blue'> .</font></B>  -Absent
<B><font color = 'blue'> .</font></B>  -Absent
<B><font color = 'blue'> .</font></B>  -Absent
<B><font color = 'blue'> .</font></B>  -Absent
<B><font color = 'blue'> .</font></B>  -Absent
<B><font color = 'blue'> .</font></B>  -Absent
<B><font color = 'blue'> .</font></B>  -Absent
<B><font color = 'blue'> .</font></B>  -Absent
<B><font color = 'blue'> .</font></B>  -Absent
<B><font color = 'blue'> .</font></B>  -Abhishe tt 
<B><font color = 'blue'> .</font></B>  -ab@ab.com
<B><font color = 'blue'> .</font></B>  -GKD567
<B><font color = 'blue'> .</font></B>  -2022-10-26
<B><font color = 'blue'> .</font></B>  -Absent
<B><font color = 'blue'> .</font></B>  -Absent
<B><font color = 'blue'> .</font></B>  -undefined
<B><font color = 'blue'> .</font></B>  -Bangalore
<B><font color = 'blue'> .</font></B>  -Testing
<B><font color = 'blue'> .</font></B>  -Absent
<B><font color = 'blue'> .</font></B>  -Absent
<B><font color = 'blue'> .</font></B>  -Absent
<B><font color = 'blue'> .</font></B>  -Absent
<B><font color = 'blue'> .</font></B>  -Absent
<B><font color = 'blue'> .</font></B>  -Absent
<B><font color = 'blue'> .</font></B>  -Absent
<B><font color = 'blue'> .</font></B>  -Absent
<B><font color = 'blue'> .</font></B>  -Absent
<B><font color = 'blue'> .</font></B>  -Absent
<B><font color = 'blue'> .</font></B>  -Absent
<B><font color = 'blue'> .</font></B>  -test nonadmin 
<B><font color = 'blue'> .</font></B>  -testnonadmin@gmail.com
<B><font color = 'blue'> .</font></B>  -GLB026
<B><font color = 'blue'> .</font></B>  -2022-10-26
<B><font color = 'blue'> .</font></B>  -Absent
<B><font color = 'blue'> .</font></B>  -Absent
<B><font color = 'blue'> .</font></B>  -undefined
<B><font color = 'blue'> .</font></B>  -Bangalore
<B><font color = 'blue'> .</font></B>  -Php
<B><font color = 'blue'> .</font></B>  -Absent
<B><font color = 'blue'> .</font></B>  -Absent
<B><font color = 'blue'> .</font></B>  -Absent
<B><font color = 'blue'> .</font></B>  -Absent
<B><font color = 'blue'> .</font></B>  -Absent
<B><font color = 'blue'> .</font></B>  -Absent
<B><font color = 'blue'> .</font></B>  -Absent
<B><font color = 'blue'> .</font></B>  -Absent
<B><font color = 'blue'> .</font></B>  -Absent
<B><font color = 'blue'> .</font></B>  -Absent
<B><font color = 'blue'> .</font></B>  -Absent
<B><font color = 'blue'> .</font></B>  -adg ckj 
<B><font color = 'blue'> .</font></B>  -adcs@1234
<B><font color = 'blue'> .</font></B>  -583
<B><font color = 'blue'> .</font></B>  -2022-10-26
<B><font color = 'blue'> .</font></B>  -Absent
<B><font color = 'blue'> .</font></B>  -Absent
<B><font color = 'blue'> .</font></B>  -undefined
<B><font color = 'blue'> .</font></B>  -Bangalore
<B><font color = 'blue'> .</font></B>  -Testing
<B><font color = 'blue'> .</font></B>  -Absent
<B><font color = 'blue'> .</font></B>  -Absent
<B><font color = 'blue'> .</font></B>  -Absent
<B><font color = 'blue'> .</font></B>  -Absent
<B><font color = 'blue'> .</font></B>  -Absent
<B><font color = 'blue'> .</font></B>  -Absent
<B><font color = 'blue'> .</font></B>  -Absent
<B><font color = 'blue'> .</font></B>  -Absent
<B><font color = 'blue'> .</font></B>  -Absent
<B><font color = 'blue'> .</font></B>  -Absent
<B><font color = 'blue'> .</font></B>  -Absent
<B><font color = 'blue'> .</font></B>  -dominic toretto 
<B><font color = 'blue'> .</font></B>  -dom.toretto737@gmail.com
<B><font color = 'blue'> .</font></B>  -EMP011
<B><font color = 'blue'> .</font></B>  -2022-10-26
<B><font color = 'blue'> .</font></B>  -Absent
<B><font color = 'blue'> .</font></B>  -Absent
<B><font color = 'blue'> .</font></B>  -undefined
<B><font color = 'blue'> .</font></B>  -Bangalore
<B><font color = 'blue'> .</font></B>  -Testing
<B><font color = 'blue'> .</font></B>  -Absent
<B><font color = 'blue'> .</font></B>  -Absent
<B><font color = 'blue'> .</font></B>  -Absent
<B><font color = 'blue'> .</font></B>  -Absent
<B><font color = 'blue'> .</font></B>  -Absent
<B><font color = 'blue'> .</font></B>  -Absent
<B><font color = 'blue'> .</font></B>  -Absent
<B><font color = 'blue'> .</font></B>  -Absent
<B><font color = 'blue'> .</font></B>  -Absent
<B><font color = 'blue'> .</font></B>  -Absent
<B><font color = 'blue'> .</font></B>  -Absent
<B><font color = 'blue'> .</font></B>  -Abhishek Test 
<B><font color = 'blue'> .</font></B>  -abhishektrest@glb.in
<B><font color = 'blue'> .</font></B>  -rN7tvEiDPGNi4fD
<B><font color = 'blue'> .</font></B>  -2022-10-26
<B><font color = 'blue'> .</font></B>  -Absent
<B><font color = 'blue'> .</font></B>  -Absent
<B><font color = 'blue'> .</font></B>  -undefined
<B><font color = 'blue'> .</font></B>  -Bangalore
<B><font color = 'blue'> .</font></B>  -Php
<B><font color = 'blue'> .</font></B>  -Absent
<B><font color = 'blue'> .</font></B>  -Absent
<B><font color = 'blue'> .</font></B>  -Absent
<B><font color = 'blue'> .</font></B>  -Absent
<B><font color = 'blue'> .</font></B>  -Absent
<B><font color = 'blue'> .</font></B>  -Absent
<B><font color = 'blue'> .</font></B>  -Absent
<B><font color = 'blue'> .</font></B>  -Absent
<B><font color = 'blue'> .</font></B>  -Absent
<B><font color = 'blue'> .</font></B>  -Absent
<B><font color = 'blue'> .</font></B>  -Absent
<B><font color = 'blue'> .</font></B>  -Superior Test one 
<B><font color = 'blue'> .</font></B>  -superiorone@gmail.com
<B><font color = 'blue'> .</font></B>  -twoqw
<B><font color = 'blue'> .</font></B>  -2022-10-26
<B><font color = 'blue'> .</font></B>  -Absent
<B><font color = 'blue'> .</font></B>  -Absent
<B><font color = 'blue'> .</font></B>  -undefined
<B><font color = 'blue'> .</font></B>  -Bangalore
<B><font color = 'blue'> .</font></B>  -Testing
<B><font color = 'blue'> .</font></B>  -Absent
<B><font color = 'blue'> .</font></B>  -Absent
<B><font color = 'blue'> .</font></B>  -Absent
<B><font color = 'blue'> .</font></B>  -Absent
<B><font color = 'blue'> .</font></B>  -Absent
<B><font color = 'blue'> .</font></B>  -Absent
<B><font color = 'blue'> .</font></B>  -Absent
<B><font color = 'blue'> .</font></B>  -Absent
<B><font color = 'blue'> .</font></B>  -Absent
<B><font color = 'blue'> .</font></B>  -Absent
<B><font color = 'blue'> .</font></B>  -Absent
<B><font color = 'blue'> .</font></B>  -test testw 
<B><font color = 'blue'> .</font></B>  -test@mac.in
<B><font color = 'blue'> .</font></B>  -aaf123
<B><font color = 'blue'> .</font></B>  -2022-10-26
<B><font color = 'blue'> .</font></B>  -Absent
<B><font color = 'blue'> .</font></B>  -Absent
<B><font color = 'blue'> .</font></B>  -undefined
<B><font color = 'blue'> .</font></B>  -Bangalore
<B><font color = 'blue'> .</font></B>  -Php
<B><font color = 'blue'> .</font></B>  -Absent
<B><font color = 'blue'> .</font></B>  -Absent
<B><font color = 'blue'> .</font></B>  -Absent
<B><font color = 'blue'> .</font></B>  -Absent
<B><font color = 'blue'> .</font></B>  -Absent
<B><font color = 'blue'> .</font></B>  -Absent
<B><font color = 'blue'> .</font></B>  -Absent
<B><font color = 'blue'> .</font></B>  -Absent
<B><font color = 'blue'> .</font></B>  -Absent
<B><font color = 'blue'> .</font></B>  -Absent
<B><font color = 'blue'> .</font></B>  -Absent
<B><font color = 'blue'> .</font></B>  -sam eer 
<B><font color = 'blue'> .</font></B>  -sam@rf.in
<B><font color = 'blue'> .</font></B>  -WSAERT2Q34E
<B><font color = 'blue'> .</font></B>  -2022-10-26
<B><font color = 'blue'> .</font></B>  -Absent
<B><font color = 'blue'> .</font></B>  -Absent
<B><font color = 'blue'> .</font></B>  -undefined
<B><font color = 'blue'> .</font></B>  -Bangalore
<B><font color = 'blue'> .</font></B>  -Testing
<B><font color = 'blue'> .</font></B>  -Absent
<B><font color = 'blue'> .</font></B>  -Absent
<B><font color = 'blue'> .</font></B>  -Absent
<B><font color = 'blue'> .</font></B>  -Absent
<B><font color = 'blue'> .</font></B>  -Absent
<B><font color = 'blue'> .</font></B>  -Absent
<B><font color = 'blue'> .</font></B>  -Absent
<B><font color = 'blue'> .</font></B>  -Absent
<B><font color = 'blue'> .</font></B>  -Absent
<B><font color = 'blue'> .</font></B>  -Absent
<B><font color = 'blue'> .</font></B>  -Absent
<B><font color = 'blue'> .</font></B>  -Test test 
<B><font color = 'blue'> .</font></B>  -sarikajain@gmail.com
<B><font color = 'blue'> .</font></B>  -E-101
<B><font color = 'blue'> .</font></B>  -2022-10-26
<B><font color = 'blue'> .</font></B>  -Absent
<B><font color = 'blue'> .</font></B>  -Absent
<B><font color = 'blue'> .</font></B>  -undefined
<B><font color = 'blue'> .</font></B>  -Bangalore
<B><font color = 'blue'> .</font></B>  -Testing
<B><font color = 'blue'> .</font></B>  -Absent
<B><font color = 'blue'> .</font></B>  -Absent
<B><font color = 'blue'> .</font></B>  -Absent
<B><font color = 'blue'> .</font></B>  -Absent
<B><font color = 'blue'> .</font></B>  -Absent
<B><font color = 'blue'> .</font></B>  -Absent
<B><font color = 'blue'> .</font></B>  -Absent
<B><font color = 'blue'> .</font></B>  -Absent
<B><font color = 'blue'> .</font></B>  -Absent
<B><font color = 'blue'> .</font></B>  -Absent
<B><font color = 'blue'> .</font></B>  -Absent
<B><font color = 'blue'> .</font></B>  -sithu kalluru 
<B><font color = 'blue'> .</font></B>  -sitaramireddy@globussoft.in
<B><font color = 'blue'> .</font></B>  -code12
<B><font color = 'blue'> .</font></B>  -2022-10-26
<B><font color = 'blue'> .</font></B>  -Absent
<B><font color = 'blue'> .</font></B>  -Absent
<B><font color = 'blue'> .</font></B>  -undefined
<B><font color = 'blue'> .</font></B>  -Bangalore
<B><font color = 'blue'> .</font></B>  -Testing
<B><font color = 'blue'> .</font></B>  -Absent
<B><font color = 'blue'> .</font></B>  -Absent
<B><font color = 'blue'> .</font></B>  -Absent
<B><font color = 'blue'> .</font></B>  -Absent
<B><font color = 'blue'> .</font></B>  -Absent
<B><font color = 'blue'> .</font></B>  -Absent
<B><font color = 'blue'> .</font></B>  -Absent
<B><font color = 'blue'> .</font></B>  -Absent
<B><font color = 'blue'> .</font></B>  -Absent
<B><font color = 'blue'> .</font></B>  -Absent
<B><font color = 'blue'> .</font></B>  -Absent
<B><font color = 'blue'> .</font></B>  -test123 abcd 
<B><font color = 'blue'> .</font></B>  -s@gmail.com
<B><font color = 'blue'> .</font></B>  -code123z
<B><font color = 'blue'> .</font></B>  -2022-10-26
<B><font color = 'blue'> .</font></B>  -Absent
<B><font color = 'blue'> .</font></B>  -Absent
<B><font color = 'blue'> .</font></B>  -undefined
<B><font color = 'blue'> .</font></B>  -Bangalore
<B><font color = 'blue'> .</font></B>  -Testing
<B><font color = 'blue'> .</font></B>  -Absent
<B><font color = 'blue'> .</font></B>  -Absent
<B><font color = 'blue'> .</font></B>  -Absent
<B><font color = 'blue'> .</font></B>  -Absent
<B><font color = 'blue'> .</font></B>  -Absent
<B><font color = 'blue'> .</font></B>  -Absent
<B><font color = 'blue'> .</font></B>  -Absent
<B><font color = 'blue'> .</font></B>  -Absent
<B><font color = 'blue'> .</font></B>  -Absent
<B><font color = 'blue'> .</font></B>  -Absent
<B><font color = 'blue'> .</font></B>  -Absent
<B><font color = 'blue'> .</font></B>  -testing test 
<B><font color = 'blue'> .</font></B>  -aarshajoyson1601@gmail.com
<B><font color = 'blue'> .</font></B>  -glb0008
<B><font color = 'blue'> .</font></B>  -2022-10-26
<B><font color = 'blue'> .</font></B>  -Absent
<B><font color = 'blue'> .</font></B>  -Absent
<B><font color = 'blue'> .</font></B>  -undefined
<B><font color = 'blue'> .</font></B>  -Bangalore
<B><font color = 'blue'> .</font></B>  -Php
<B><font color = 'blue'> .</font></B>  -Absent
<B><font color = 'blue'> .</font></B>  -Absent
<B><font color = 'blue'> .</font></B>  -Absent
<B><font color = 'blue'> .</font></B>  -Absent
<B><font color = 'blue'> .</font></B>  -Absent
<B><font color = 'blue'> .</font></B>  -Absent
<B><font color = 'blue'> .</font></B>  -Absent
<B><font color = 'blue'> .</font></B>  -Absent
<B><font color = 'blue'> .</font></B>  -Absent
<B><font color = 'blue'> .</font></B>  -Absent
<B><font color = 'blue'> .</font></B>  -Absent
<B><font color = 'blue'> .</font></B>  -Automation CodeeeAuto 
<B><font color = 'blue'> .</font></B>  -skabcdef7@gmail.com
<B><font color = 'blue'> .</font></B>  -Emp-Abzcde-1234522
<B><font color = 'blue'> .</font></B>  -2022-10-26
<B><font color = 'blue'> .</font></B>  -Absent
<B><font color = 'blue'> .</font></B>  -Absent
<B><font color = 'blue'> .</font></B>  -undefined
<B><font color = 'blue'> .</font></B>  -Bangalore
<B><font color = 'blue'> .</font></B>  -Testing
<B><font color = 'blue'> .</font></B>  -Absent
<B><font color = 'blue'> .</font></B>  -Absent
<B><font color = 'blue'> .</font></B>  -Absent
<B><font color = 'blue'> .</font></B>  -Absent
<B><font color = 'blue'> .</font></B>  -Absent
<B><font color = 'blue'> .</font></B>  -Absent
<B><font color = 'blue'> .</font></B>  -Absent
<B><font color = 'blue'> .</font></B>  -Absent
<B><font color = 'blue'> .</font></B>  -Absent
<B><font color = 'blue'> .</font></B>  -Absent
<B><font color = 'blue'> .</font></B>  -Absent
<B><font color = 'blue'> .</font></B>  -piyush dfgsfg 
<B><font color = 'blue'> .</font></B>  -jos@gmail.com
<B><font color = 'blue'> .</font></B>  -sdgff
<B><font color = 'blue'> .</font></B>  -2022-10-26
<B><font color = 'blue'> .</font></B>  -Absent
<B><font color = 'blue'> .</font></B>  -Absent
<B><font color = 'blue'> .</font></B>  -undefined
<B><font color = 'blue'> .</font></B>  -Bangalore
<B><font color = 'blue'> .</font></B>  -Testing
<B><font color = 'blue'> .</font></B>  -Absent
<B><font color = 'blue'> .</font></B>  -Absent
<B><font color = 'blue'> .</font></B>  -Absent
<B><font color = 'blue'> .</font></B>  -Absent
<B><font color = 'blue'> .</font></B>  -Absent
<B><font color = 'blue'> .</font></B>  -Absent
<B><font color = 'blue'> .</font></B>  -Absent
<B><font color = 'blue'> .</font></B>  -Absent
<B><font color = 'blue'> .</font></B>  -Absent
<B><font color = 'blue'> .</font></B>  -Absent
<B><font color = 'blue'> .</font></B>  -Absent
<B><font color = 'blue'> .</font></B>  -Aryan raj 
<B><font color = 'blue'> .</font></B>  -alex@gmail.com
<B><font color = 'blue'> .</font></B>  -126
<B><font color = 'blue'> .</font></B>  -2022-10-26
<B><font color = 'blue'> .</font></B>  -Absent
<B><font color = 'blue'> .</font></B>  -Absent
<B><font color = 'blue'> .</font></B>  -undefined
<B><font color = 'blue'> .</font></B>  -Bangalore
<B><font color = 'blue'> .</font></B>  -Testing
<B><font color = 'blue'> .</font></B>  -Absent
<B><font color = 'blue'> .</font></B>  -Absent
<B><font color = 'blue'> .</font></B>  -Absent
<B><font color = 'blue'> .</font></B>  -Absent
<B><font color = 'blue'> .</font></B>  -Absent
<B><font color = 'blue'> .</font></B>  -Absent
<B><font color = 'blue'> .</font></B>  -Absent
<B><font color = 'blue'> .</font></B>  -Absent
<B><font color = 'blue'> .</font></B>  -Absent
<B><font color = 'blue'> .</font></B>  -Absent
<B><font color = 'blue'> .</font></B>  -Absent
<B><font color = 'blue'> .</font></B>  -Automation CodeeeAuto 
<B><font color = 'blue'> .</font></B>  -skabcdef38@gmail.com
<B><font color = 'blue'> .</font></B>  -Emp-Abzcde-123457
<B><font color = 'blue'> .</font></B>  -2022-10-26
<B><font color = 'blue'> .</font></B>  -Absent
<B><font color = 'blue'> .</font></B>  -Absent
<B><font color = 'blue'> .</font></B>  -undefined
<B><font color = 'blue'> .</font></B>  -Bangalore
<B><font color = 'blue'> .</font></B>  -Testing
<B><font color = 'blue'> .</font></B>  -Absent
<B><font color = 'blue'> .</font></B>  -Absent
<B><font color = 'blue'> .</font></B>  -Absent
<B><font color = 'blue'> .</font></B>  -Absent
<B><font color = 'blue'> .</font></B>  -Absent
<B><font color = 'blue'> .</font></B>  -Absent
<B><font color = 'blue'> .</font></B>  -Absent
<B><font color = 'blue'> .</font></B>  -Absent
<B><font color = 'blue'> .</font></B>  -Absent
<B><font color = 'blue'> .</font></B>  -Absent
<B><font color = 'blue'> .</font></B>  -Absent
<B><font color = 'blue'> .</font></B>  -Automation CodeeeAuto 
<B><font color = 'blue'> .</font></B>  -skabcdef33@gmail.com
<B><font color = 'blue'> .</font></B>  -Emp-Abzcde-1234557
<B><font color = 'blue'> .</font></B>  -2022-10-26
<B><font color = 'blue'> .</font></B>  -Absent
<B><font color = 'blue'> .</font></B>  -Absent
<B><font color = 'blue'> .</font></B>  -undefined
<B><font color = 'blue'> .</font></B>  -Bangalore
<B><font color = 'blue'> .</font></B>  -Testing
<B><font color = 'blue'> .</font></B>  -Absent
<B><font color = 'blue'> .</font></B>  -Absent
<B><font color = 'blue'> .</font></B>  -Absent
<B><font color = 'blue'> .</font></B>  -Absent
<B><font color = 'blue'> .</font></B>  -Absent
<B><font color = 'blue'> .</font></B>  -Absent
<B><font color = 'blue'> .</font></B>  -Absent
<B><font color = 'blue'> .</font></B>  -Absent
<B><font color = 'blue'> .</font></B>  -Absent
<B><font color = 'blue'> .</font></B>  -Absent
<B><font color = 'blue'> .</font></B>  -Absent
<B><font color = 'blue'> .</font></B>  -R o       hit Sharma 
<B><font color = 'blue'> .</font></B>  -rahulrajt5613928@gmail.com
<B><font color = 'blue'> .</font></B>  -67645
<B><font color = 'blue'> .</font></B>  -2022-10-26
<B><font color = 'blue'> .</font></B>  -Absent
<B><font color = 'blue'> .</font></B>  -Absent
<B><font color = 'blue'> .</font></B>  -undefined
<B><font color = 'blue'> .</font></B>  -bengaluru
<B><font color = 'blue'> .</font></B>  -Testing
<B><font color = 'blue'> .</font></B>  -Absent
<B><font color = 'blue'> .</font></B>  -Absent
<B><font color = 'blue'> .</font></B>  -Absent
<B><font color = 'blue'> .</font></B>  -Absent
<B><font color = 'blue'> .</font></B>  -Absent
<B><font color = 'blue'> .</font></B>  -Absent
<B><font color = 'blue'> .</font></B>  -Absent
<B><font color = 'blue'> .</font></B>  -Absent
<B><font color = 'blue'> .</font></B>  -Absent
<B><font color = 'blue'> .</font></B>  -Absent
<B><font color = 'blue'> .</font></B>  -Absent
<B><font color = 'blue'> .</font></B>  -ni test 
<B><font color = 'blue'> .</font></B>  -nitest12@gmail.com
<B><font color = 'blue'> .</font></B>  -GLB678
<B><font color = 'blue'> .</font></B>  -2022-10-26
<B><font color = 'blue'> .</font></B>  -Absent
<B><font color = 'blue'> .</font></B>  -Absent
<B><font color = 'blue'> .</font></B>  -undefined
<B><font color = 'blue'> .</font></B>  -bengaluru
<B><font color = 'blue'> .</font></B>  -Testing
<B><font color = 'blue'> .</font></B>  -Absent
<B><font color = 'blue'> .</font></B>  -Absent
<B><font color = 'blue'> .</font></B>  -Absent
<B><font color = 'blue'> .</font></B>  -Absent
<B><font color = 'blue'> .</font></B>  -Absent
<B><font color = 'blue'> .</font></B>  -Absent
<B><font color = 'blue'> .</font></B>  -Absent
<B><font color = 'blue'> .</font></B>  -Absent
<B><font color = 'blue'> .</font></B>  -Absent
<B><font color = 'blue'> .</font></B>  -Absent
<B><font color = 'blue'> .</font></B>  -Absent
<B><font color = 'blue'> .</font></B>  -one test 
<B><font color = 'blue'> .</font></B>  -testone1234@gmail.com
<B><font color = 'blue'> .</font></B>  -0110
<B><font color = 'blue'> .</font></B>  -2022-10-26
<B><font color = 'blue'> .</font></B>  -Absent
<B><font color = 'blue'> .</font></B>  -Absent
<B><font color = 'blue'> .</font></B>  -undefined
<B><font color = 'blue'> .</font></B>  -bengaluru
<B><font color = 'blue'> .</font></B>  -Testing
<B><font color = 'blue'> .</font></B>  -Absent
<B><font color = 'blue'> .</font></B>  -Absent
<B><font color = 'blue'> .</font></B>  -Absent
<B><font color = 'blue'> .</font></B>  -Absent
<B><font color = 'blue'> .</font></B>  -Absent
<B><font color = 'blue'> .</font></B>  -Absent
<B><font color = 'blue'> .</font></B>  -Absent
<B><font color = 'blue'> .</font></B>  -Absent
<B><font color = 'blue'> .</font></B>  -Absent
<B><font color = 'blue'> .</font></B>  -Absent
<B><font color = 'blue'> .</font></B>  -Absent
<B><font color = 'blue'> .</font></B>  -GLB-BLR-010-PC - GLB-BLR-010 
<B><font color = 'blue'> .</font></B>  -abcd@yuksdgus
<B><font color = 'blue'> .</font></B>  -GLB-BLR-010
<B><font color = 'blue'> .</font></B>  -2022-10-26
<B><font color = 'blue'> .</font></B>  -Absent
<B><font color = 'blue'> .</font></B>  -Absent
<B><font color = 'blue'> .</font></B>  -undefined
<B><font color = 'blue'> .</font></B>  -bengaluru
<B><font color = 'blue'> .</font></B>  -Testing
<B><font color = 'blue'> .</font></B>  -Absent
<B><font color = 'blue'> .</font></B>  -Absent
<B><font color = 'blue'> .</font></B>  -Absent
<B><font color = 'blue'> .</font></B>  -Absent
<B><font color = 'blue'> .</font></B>  -Absent
<B><font color = 'blue'> .</font></B>  -Absent
<B><font color = 'blue'> .</font></B>  -Absent
<B><font color = 'blue'> .</font></B>  -Absent
<B><font color = 'blue'> .</font></B>  -Absent
<B><font color = 'blue'> .</font></B>  -Absent
<B><font color = 'blue'> .</font></B>  -Absent
<B><font color = 'blue'> .</font></B>  -surya kk 
<B><font color = 'blue'> .</font></B>  -123@gmail.com
<B><font color = 'blue'> .</font></B>  -mmmmm
<B><font color = 'blue'> .</font></B>  -2022-10-26
<B><font color = 'blue'> .</font></B>  -Absent
<B><font color = 'blue'> .</font></B>  -Absent
<B><font color = 'blue'> .</font></B>  -undefined
<B><font color = 'blue'> .</font></B>  -Tamilnadu
<B><font color = 'blue'> .</font></B>  -Test and Dev
<B><font color = 'blue'> .</font></B>  -Absent
<B><font color = 'blue'> .</font></B>  -Absent
<B><font color = 'blue'> .</font></B>  -Absent
<B><font color = 'blue'> .</font></B>  -Absent
<B><font color = 'blue'> .</font></B>  -Absent
<B><font color = 'blue'> .</font></B>  -Absent
<B><font color = 'blue'> .</font></B>  -Absent
<B><font color = 'blue'> .</font></B>  -Absent
<B><font color = 'blue'> .</font></B>  -Absent
<B><font color = 'blue'> .</font></B>  -Absent
<B><font color = 'blue'> .</font></B>  -Absent
<B><font color = 'blue'> .</font></B>  -sai kk 
<B><font color = 'blue'> .</font></B>  -saikk19876@gmail.com
<B><font color = 'blue'> .</font></B>  -20221019
<B><font color = 'blue'> .</font></B>  -2022-10-26
<B><font color = 'blue'> .</font></B>  -Absent
<B><font color = 'blue'> .</font></B>  -Absent
<B><font color = 'blue'> .</font></B>  -undefined
<B><font color = 'blue'> .</font></B>  -Tamilnadu
<B><font color = 'blue'> .</font></B>  -Test and Dev
<B><font color = 'blue'> .</font></B>  -Absent
<B><font color = 'blue'> .</font></B>  -Absent
<B><font color = 'blue'> .</font></B>  -Absent
<B><font color = 'blue'> .</font></B>  -Absent
<B><font color = 'blue'> .</font></B>  -Absent
<B><font color = 'blue'> .</font></B>  -Absent
<B><font color = 'blue'> .</font></B>  -Absent
<B><font color = 'blue'> .</font></B>  -Absent
<B><font color = 'blue'> .</font></B>  -Absent
<B><font color = 'blue'> .</font></B>  -Absent
<B><font color = 'blue'> .</font></B>  -Absent
<B><font color = 'blue'> .</font></B>  -ajeethemp test 
<B><font color = 'blue'> .</font></B>  -ajeethemp@gmail.com
<B><font color = 'blue'> .</font></B>  -A01
<B><font color = 'blue'> .</font></B>  -2022-10-26
<B><font color = 'blue'> .</font></B>  -Absent
<B><font color = 'blue'> .</font></B>  -Absent
<B><font color = 'blue'> .</font></B>  -undefined
<B><font color = 'blue'> .</font></B>  -Tamilnadu
<B><font color = 'blue'> .</font></B>  -Test and Dev
<B><font color = 'blue'> .</font></B>  -Absent
<B><font color = 'blue'> .</font></B>  -Absent
<B><font color = 'blue'> .</font></B>  -Absent
<B><font color = 'blue'> .</font></B>  -Absent
<B><font color = 'blue'> .</font></B>  -Absent
<B><font color = 'blue'> .</font></B>  -Absent
<B><font color = 'blue'> .</font></B>  -Absent
<B><font color = 'blue'> .</font></B>  -Absent
<B><font color = 'blue'> .</font></B>  -Absent
<B><font color = 'blue'> .</font></B>  -Absent
<B><font color = 'blue'> .</font></B>  -Absent
<B><font color = 'blue'> .</font></B>  -test user two 
<B><font color = 'blue'> .</font></B>  -testuser@two.io
<B><font color = 'blue'> .</font></B>  -GSLL-327
<B><font color = 'blue'> .</font></B>  -2022-10-26
<B><font color = 'blue'> .</font></B>  -Absent
<B><font color = 'blue'> .</font></B>  -Absent
<B><font color = 'blue'> .</font></B>  -undefined
<B><font color = 'blue'> .</font></B>  -Tamilnadu
<B><font color = 'blue'> .</font></B>  -Test and Dev
<B><font color = 'blue'> .</font></B>  -Absent
<B><font color = 'blue'> .</font></B>  -Absent
<B><font color = 'blue'> .</font></B>  -Absent
<B><font color = 'blue'> .</font></B>  -Absent
<B><font color = 'blue'> .</font></B>  -Absent
<B><font color = 'blue'> .</font></B>  -Absent
<B><font color = 'blue'> .</font></B>  -Absent
<B><font color = 'blue'> .</font></B>  -Absent
<B><font color = 'blue'> .</font></B>  -Absent
<B><font color = 'blue'> .</font></B>  -Absent
<B><font color = 'blue'> .</font></B>  -Absent
<B><font color = 'blue'> .</font></B>  -Himanshu Kumar 
<B><font color = 'blue'> .</font></B>  -himanshu1@gmail.com
<B><font color = 'blue'> .</font></B>  -EM011
<B><font color = 'blue'> .</font></B>  -2022-10-26
<B><font color = 'blue'> .</font></B>  -Absent
<B><font color = 'blue'> .</font></B>  -Absent
<B><font color = 'blue'> .</font></B>  -undefined
<B><font color = 'blue'> .</font></B>  -bagalkot
<B><font color = 'blue'> .</font></B>  -manual testing
<B><font color = 'blue'> .</font></B>  -Absent
<B><font color = 'blue'> .</font></B>  -Absent
<B><font color = 'blue'> .</font></B>  -Absent
<B><font color = 'blue'> .</font></B>  -Absent
<B><font color = 'blue'> .</font></B>  -Absent
<B><font color = 'blue'> .</font></B>  -Absent
<B><font color = 'blue'> .</font></B>  -Absent
<B><font color = 'blue'> .</font></B>  -Absent
<B><font color = 'blue'> .</font></B>  -Absent
<B><font color = 'blue'> .</font></B>  -Absent
<B><font color = 'blue'> .</font></B>  -Absent
<B><font color = 'blue'> .</font></B>  -dxgfdxg gssdg 
<B><font color = 'blue'> .</font></B>  -sdgsg@dgksodkg.in
<B><font color = 'blue'> .</font></B>  -asfda343443
<B><font color = 'blue'> .</font></B>  -2022-10-26
<B><font color = 'blue'> .</font></B>  -Absent
<B><font color = 'blue'> .</font></B>  -Absent
<B><font color = 'blue'> .</font></B>  -undefined
<B><font color = 'blue'> .</font></B>  -Bhilai
<B><font color = 'blue'> .</font></B>  -Php
<B><font color = 'blue'> .</font></B>  -Absent
<B><font color = 'blue'> .</font></B>  -Absent
<B><font color = 'blue'> .</font></B>  -Absent
<B><font color = 'blue'> .</font></B>  -Absent
<B><font color = 'blue'> .</font></B>  -Absent
<B><font color = 'blue'> .</font></B>  -Absent
<B><font color = 'blue'> .</font></B>  -Absent
<B><font color = 'blue'> .</font></B>  -Absent
<B><font color = 'blue'> .</font></B>  -Absent
<B><font color = 'blue'> .</font></B>  -Absent
<B><font color = 'blue'> .</font></B>  -Absent
<B><font color = 'blue'> .</font></B>  -Guest User 
<B><font color = 'blue'> .</font></B>  -guestuser@gmail.com
<B><font color = 'blue'> .</font></B>  -GLB-777
<B><font color = 'blue'> .</font></B>  -2022-10-26
<B><font color = 'blue'> .</font></B>  -Absent
<B><font color = 'blue'> .</font></B>  -Absent
<B><font color = 'blue'> .</font></B>  -undefined
<B><font color = 'blue'> .</font></B>  -Bhilai
<B><font color = 'blue'> .</font></B>  -Php
<B><font color = 'blue'> .</font></B>  -Absent
<B><font color = 'blue'> .</font></B>  -Absent
<B><font color = 'blue'> .</font></B>  -Absent
<B><font color = 'blue'> .</font></B>  -Absent
<B><font color = 'blue'> .</font></B>  -Absent
<B><font color = 'blue'> .</font></B>  -Absent
<B><font color = 'blue'> .</font></B>  -Absent
<B><font color = 'blue'> .</font></B>  -Absent
<B><font color = 'blue'> .</font></B>  -Absent
<B><font color = 'blue'> .</font></B>  -Absent
<B><font color = 'blue'> .</font></B>  -Absent
<B><font color = 'blue'> .</font></B>  -Virat kohli 
<B><font color = 'blue'> .</font></B>  -rahukbgdxgsf@gmail.com
<B><font color = 'blue'> .</font></B>  -65332
<B><font color = 'blue'> .</font></B>  -2022-10-25
<B><font color = 'blue'> .</font></B>  -Absent
<B><font color = 'blue'> .</font></B>  -Absent
<B><font color = 'blue'> .</font></B>  -undefined
<B><font color = 'blue'> .</font></B>  -Default
<B><font color = 'blue'> .</font></B>  -Default
<B><font color = 'blue'> .</font></B>  -Absent
<B><font color = 'blue'> .</font></B>  -Absent
<B><font color = 'blue'> .</font></B>  -Absent
<B><font color = 'blue'> .</font></B>  -Absent
<B><font color = 'blue'> .</font></B>  -Absent
<B><font color = 'blue'> .</font></B>  -Absent
<B><font color = 'blue'> .</font></B>  -Absent
<B><font color = 'blue'> .</font></B>  -Absent
<B><font color = 'blue'> .</font></B>  -Absent
<B><font color = 'blue'> .</font></B>  -Absent
<B><font color = 'blue'> .</font></B>  -Absent
<B><font color = 'blue'> .</font></B>  -sadas kadkasdj 
<B><font color = 'blue'> .</font></B>  -dsa@eqe
<B><font color = 'blue'> .</font></B>  -emp129666
<B><font color = 'blue'> .</font></B>  -2022-10-25
<B><font color = 'blue'> .</font></B>  -Absent
<B><font color = 'blue'> .</font></B>  -Absent
<B><font color = 'blue'> .</font></B>  -undefined
<B><font color = 'blue'> .</font></B>  -Default
<B><font color = 'blue'> .</font></B>  -Default
<B><font color = 'blue'> .</font></B>  -Absent
<B><font color = 'blue'> .</font></B>  -Absent
<B><font color = 'blue'> .</font></B>  -Absent
<B><font color = 'blue'> .</font></B>  -Absent
<B><font color = 'blue'> .</font></B>  -Absent
<B><font color = 'blue'> .</font></B>  -Absent
<B><font color = 'blue'> .</font></B>  -Absent
<B><font color = 'blue'> .</font></B>  -Absent
<B><font color = 'blue'> .</font></B>  -Absent
<B><font color = 'blue'> .</font></B>  -Absent
<B><font color = 'blue'> .</font></B>  -Absent
<B><font color = 'blue'> .</font></B>  -New Test 
<B><font color = 'blue'> .</font></B>  -newtest@gmail.com
<B><font color = 'blue'> .</font></B>  -ewer334443
<B><font color = 'blue'> .</font></B>  -2022-10-25
<B><font color = 'blue'> .</font></B>  -Absent
<B><font color = 'blue'> .</font></B>  -Absent
<B><font color = 'blue'> .</font></B>  -undefined
<B><font color = 'blue'> .</font></B>  -Default
<B><font color = 'blue'> .</font></B>  -Default
<B><font color = 'blue'> .</font></B>  -Absent
<B><font color = 'blue'> .</font></B>  -Absent
<B><font color = 'blue'> .</font></B>  -Absent
<B><font color = 'blue'> .</font></B>  -Absent
<B><font color = 'blue'> .</font></B>  -Absent
<B><font color = 'blue'> .</font></B>  -Absent
<B><font color = 'blue'> .</font></B>  -Absent
<B><font color = 'blue'> .</font></B>  -Absent
<B><font color = 'blue'> .</font></B>  -Absent
<B><font color = 'blue'> .</font></B>  -Absent
<B><font color = 'blue'> .</font></B>  -Absent
<B><font color = 'blue'> .</font></B>  -dshcdb uidsbf 
<B><font color = 'blue'> .</font></B>  -dvbvdb@yahoo.com
<B><font color = 'blue'> .</font></B>  -435454
<B><font color = 'blue'> .</font></B>  -2022-10-25
<B><font color = 'blue'> .</font></B>  -Absent
<B><font color = 'blue'> .</font></B>  -Absent
<B><font color = 'blue'> .</font></B>  -undefined
<B><font color = 'blue'> .</font></B>  -Default
<B><font color = 'blue'> .</font></B>  -Default
<B><font color = 'blue'> .</font></B>  -Absent
<B><font color = 'blue'> .</font></B>  -Absent
<B><font color = 'blue'> .</font></B>  -Absent
<B><font color = 'blue'> .</font></B>  -Absent
<B><font color = 'blue'> .</font></B>  -Absent
<B><font color = 'blue'> .</font></B>  -Absent
<B><font color = 'blue'> .</font></B>  -Absent
<B><font color = 'blue'> .</font></B>  -Absent
<B><font color = 'blue'> .</font></B>  -Absent
<B><font color = 'blue'> .</font></B>  -Absent
<B><font color = 'blue'> .</font></B>  -Absent
<B><font color = 'blue'> .</font></B>  -try last 
<B><font color = 'blue'> .</font></B>  -try@gmail.com
<B><font color = 'blue'> .</font></B>  -1225455
<B><font color = 'blue'> .</font></B>  -2022-10-25
<B><font color = 'blue'> .</font></B>  -Absent
<B><font color = 'blue'> .</font></B>  -Absent
<B><font color = 'blue'> .</font></B>  -undefined
<B><font color = 'blue'> .</font></B>  -Default
<B><font color = 'blue'> .</font></B>  -Default
<B><font color = 'blue'> .</font></B>  -Absent
<B><font color = 'blue'> .</font></B>  -Absent
<B><font color = 'blue'> .</font></B>  -Absent
<B><font color = 'blue'> .</font></B>  -Absent
<B><font color = 'blue'> .</font></B>  -Absent
<B><font color = 'blue'> .</font></B>  -Absent
<B><font color = 'blue'> .</font></B>  -Absent
<B><font color = 'blue'> .</font></B>  -Absent
<B><font color = 'blue'> .</font></B>  -Absent
<B><font color = 'blue'> .</font></B>  -Absent
<B><font color = 'blue'> .</font></B>  -Absent
<B><font color = 'blue'> .</font></B>  -vdjvdb yusvdvbbh 
<B><font color = 'blue'> .</font></B>  -dvhbfdh@gmail.com
<B><font color = 'blue'> .</font></B>  -wq534342
<B><font color = 'blue'> .</font></B>  -2022-10-25
<B><font color = 'blue'> .</font></B>  -Absent
<B><font color = 'blue'> .</font></B>  -Absent
<B><font color = 'blue'> .</font></B>  -undefined
<B><font color = 'blue'> .</font></B>  -Default
<B><font color = 'blue'> .</font></B>  -Default
<B><font color = 'blue'> .</font></B>  -Absent
<B><font color = 'blue'> .</font></B>  -Absent
<B><font color = 'blue'> .</font></B>  -Absent
<B><font color = 'blue'> .</font></B>  -Absent
<B><font color = 'blue'> .</font></B>  -Absent
<B><font color = 'blue'> .</font></B>  -Absent
<B><font color = 'blue'> .</font></B>  -Absent
<B><font color = 'blue'> .</font></B>  -Absent
<B><font color = 'blue'> .</font></B>  -Absent
<B><font color = 'blue'> .</font></B>  -Absent
<B><font color = 'blue'> .</font></B>  -Absent
<B><font color = 'blue'> .</font></B>  -Mail Test user 
<B><font color = 'blue'> .</font></B>  -maintest@user.io
<B><font color = 'blue'> .</font></B>  -GLB-1223888
<B><font color = 'blue'> .</font></B>  -2022-10-25
<B><font color = 'blue'> .</font></B>  -Absent
<B><font color = 'blue'> .</font></B>  -Absent
<B><font color = 'blue'> .</font></B>  -undefined
<B><font color = 'blue'> .</font></B>  -Default
<B><font color = 'blue'> .</font></B>  -Default
<B><font color = 'blue'> .</font></B>  -Absent
<B><font color = 'blue'> .</font></B>  -Absent
<B><font color = 'blue'> .</font></B>  -Absent
<B><font color = 'blue'> .</font></B>  -Absent
<B><font color = 'blue'> .</font></B>  -Absent
<B><font color = 'blue'> .</font></B>  -Absent
<B><font color = 'blue'> .</font></B>  -Absent
<B><font color = 'blue'> .</font></B>  -Absent
<B><font color = 'blue'> .</font></B>  -Absent
<B><font color = 'blue'> .</font></B>  -Absent
<B><font color = 'blue'> .</font></B>  -Absent
<B><font color = 'blue'> .</font></B>  -Update Check 
<B><font color = 'blue'> .</font></B>  -updates@gmail.com
<B><font color = 'blue'> .</font></B>  -emp543
<B><font color = 'blue'> .</font></B>  -2022-10-25
<B><font color = 'blue'> .</font></B>  -Absent
<B><font color = 'blue'> .</font></B>  -Absent
<B><font color = 'blue'> .</font></B>  -undefined
<B><font color = 'blue'> .</font></B>  -Default
<B><font color = 'blue'> .</font></B>  -Default
<B><font color = 'blue'> .</font></B>  -Absent
<B><font color = 'blue'> .</font></B>  -Absent
<B><font color = 'blue'> .</font></B>  -Absent
<B><font color = 'blue'> .</font></B>  -Absent
<B><font color = 'blue'> .</font></B>  -Absent
<B><font color = 'blue'> .</font></B>  -Absent
<B><font color = 'blue'> .</font></B>  -Absent
<B><font color = 'blue'> .</font></B>  -Absent
<B><font color = 'blue'> .</font></B>  -Absent
<B><font color = 'blue'> .</font></B>  -Absent
<B><font color = 'blue'> .</font></B>  -Absent
<B><font color = 'blue'> .</font></B>  -test manager 
<B><font color = 'blue'> .</font></B>  -manageremp@gmail.com
<B><font color = 'blue'> .</font></B>  -glb020
<B><font color = 'blue'> .</font></B>  -2022-10-25
<B><font color = 'blue'> .</font></B>  -Absent
<B><font color = 'blue'> .</font></B>  -Absent
<B><font color = 'blue'> .</font></B>  -undefined
<B><font color = 'blue'> .</font></B>  -Default
<B><font color = 'blue'> .</font></B>  -Default
<B><font color = 'blue'> .</font></B>  -Absent
<B><font color = 'blue'> .</font></B>  -Absent
<B><font color = 'blue'> .</font></B>  -Absent
<B><font color = 'blue'> .</font></B>  -Absent
<B><font color = 'blue'> .</font></B>  -Absent
<B><font color = 'blue'> .</font></B>  -Absent
<B><font color = 'blue'> .</font></B>  -Absent
<B><font color = 'blue'> .</font></B>  -Absent
<B><font color = 'blue'> .</font></B>  -Absent
<B><font color = 'blue'> .</font></B>  -Absent
<B><font color = 'blue'> .</font></B>  -Absent
<B><font color = 'blue'> .</font></B>  -DESKTOP-PJJHB19 - GLB-BLR-002OjUpRD2 
<B><font color = 'blue'> .</font></B>  --
<B><font color = 'blue'> .</font></B>  -GLB-BLR-002OjUpRD2
<B><font color = 'blue'> .</font></B>  -2022-10-25
<B><font color = 'blue'> .</font></B>  -Absent
<B><font color = 'blue'> .</font></B>  -Absent
<B><font color = 'blue'> .</font></B>  -undefined
<B><font color = 'blue'> .</font></B>  -Default
<B><font color = 'blue'> .</font></B>  -Default
<B><font color = 'blue'> .</font></B>  -Absent
<B><font color = 'blue'> .</font></B>  -Absent
<B><font color = 'blue'> .</font></B>  -Absent
<B><font color = 'blue'> .</font></B>  -Absent
<B><font color = 'blue'> .</font></B>  -Absent
<B><font color = 'blue'> .</font></B>  -Absent
<B><font color = 'blue'> .</font></B>  -Absent
<B><font color = 'blue'> .</font></B>  -Absent
<B><font color = 'blue'> .</font></B>  -Absent
<B><font color = 'blue'> .</font></B>  -Absent
<B><font color = 'blue'> .</font></B>  -Absent
<B><font color = 'blue'> .</font></B>  -Usb Test 
<B><font color = 'blue'> .</font></B>  -usbtest123@gmail.com
<B><font color = 'blue'> .</font></B>  -emp0097
<B><font color = 'blue'> .</font></B>  -2022-10-25
<B><font color = 'blue'> .</font></B>  -Absent
<B><font color = 'blue'> .</font></B>  -Absent
<B><font color = 'blue'> .</font></B>  -undefined
<B><font color = 'blue'> .</font></B>  -Default
<B><font color = 'blue'> .</font></B>  -Default
<B><font color = 'blue'> .</font></B>  -Absent
<B><font color = 'blue'> .</font></B>  -Absent
<B><font color = 'blue'> .</font></B>  -Absent
<B><font color = 'blue'> .</font></B>  -Absent
<B><font color = 'blue'> .</font></B>  -Absent
<B><font color = 'blue'> .</font></B>  -Absent
<B><font color = 'blue'> .</font></B>  -Absent
<B><font color = 'blue'> .</font></B>  -Absent
<B><font color = 'blue'> .</font></B>  -Absent
<B><font color = 'blue'> .</font></B>  -Absent
<B><font color = 'blue'> .</font></B>  -Absent
<B><font color = 'blue'> .</font></B>  -SS Keystrokes 
<B><font color = 'blue'> .</font></B>  -sskey@gmail.com
<B><font color = 'blue'> .</font></B>  -emp98y
<B><font color = 'blue'> .</font></B>  -2022-10-25
<B><font color = 'blue'> .</font></B>  -Absent
<B><font color = 'blue'> .</font></B>  -Absent
<B><font color = 'blue'> .</font></B>  -undefined
<B><font color = 'blue'> .</font></B>  -Default
<B><font color = 'blue'> .</font></B>  -Default
<B><font color = 'blue'> .</font></B>  -Absent
<B><font color = 'blue'> .</font></B>  -Absent
<B><font color = 'blue'> .</font></B>  -Absent
<B><font color = 'blue'> .</font></B>  -Absent
<B><font color = 'blue'> .</font></B>  -Absent
<B><font color = 'blue'> .</font></B>  -Absent
<B><font color = 'blue'> .</font></B>  -Absent
<B><font color = 'blue'> .</font></B>  -Absent
<B><font color = 'blue'> .</font></B>  -Absent
<B><font color = 'blue'> .</font></B>  -Absent
<B><font color = 'blue'> .</font></B>  -Absent
<B><font color = 'blue'> .</font></B>  -shivammmmmmmmmmmmmmmmmmmm Kumar 
<B><font color = 'blue'> .</font></B>  -kgfyash545@gmail.com
<B><font color = 'blue'> .</font></B>  -hsakhdjk414
<B><font color = 'blue'> .</font></B>  -2022-10-25
<B><font color = 'blue'> .</font></B>  -Absent
<B><font color = 'blue'> .</font></B>  -Absent
<B><font color = 'blue'> .</font></B>  -undefined
<B><font color = 'blue'> .</font></B>  -Default
<B><font color = 'blue'> .</font></B>  -Default
<B><font color = 'blue'> .</font></B>  -Absent
<B><font color = 'blue'> .</font></B>  -Absent
<B><font color = 'blue'> .</font></B>  -Absent
<B><font color = 'blue'> .</font></B>  -Absent
<B><font color = 'blue'> .</font></B>  -Absent
<B><font color = 'blue'> .</font></B>  -Absent
<B><font color = 'blue'> .</font></B>  -Absent
<B><font color = 'blue'> .</font></B>  -Absent
<B><font color = 'blue'> .</font></B>  -Absent
<B><font color = 'blue'> .</font></B>  -Absent
<B><font color = 'blue'> .</font></B>  -Absent
<B><font color = 'blue'> .</font></B>  -Abhishek Four tf test 
<B><font color = 'blue'> .</font></B>  -abhishekfourtf@mail.com
<B><font color = 'blue'> .</font></B>  -HLIKSJ98
<B><font color = 'blue'> .</font></B>  -2022-10-25
<B><font color = 'blue'> .</font></B>  -Absent
<B><font color = 'blue'> .</font></B>  -Absent
<B><font color = 'blue'> .</font></B>  -undefined
<B><font color = 'blue'> .</font></B>  -Default
<B><font color = 'blue'> .</font></B>  -Default
<B><font color = 'blue'> .</font></B>  -Absent
<B><font color = 'blue'> .</font></B>  -Absent
<B><font color = 'blue'> .</font></B>  -Absent
<B><font color = 'blue'> .</font></B>  -Absent
<B><font color = 'blue'> .</font></B>  -Absent
<B><font color = 'blue'> .</font></B>  -Absent
<B><font color = 'blue'> .</font></B>  -Absent
<B><font color = 'blue'> .</font></B>  -Absent
<B><font color = 'blue'> .</font></B>  -Absent
<B><font color = 'blue'> .</font></B>  -Absent
<B><font color = 'blue'> .</font></B>  -Absent
<B><font color = 'blue'> .</font></B>  -new dev user 
<B><font color = 'blue'> .</font></B>  -new@dev.user
<B><font color = 'blue'> .</font></B>  -fdfsfsd
<B><font color = 'blue'> .</font></B>  -2022-10-25
<B><font color = 'blue'> .</font></B>  -Absent
<B><font color = 'blue'> .</font></B>  -Absent
<B><font color = 'blue'> .</font></B>  -undefined
<B><font color = 'blue'> .</font></B>  -Default
<B><font color = 'blue'> .</font></B>  -Default
<B><font color = 'blue'> .</font></B>  -Absent
<B><font color = 'blue'> .</font></B>  -Absent
<B><font color = 'blue'> .</font></B>  -Absent
<B><font color = 'blue'> .</font></B>  -Absent
<B><font color = 'blue'> .</font></B>  -Absent
<B><font color = 'blue'> .</font></B>  -Absent
<B><font color = 'blue'> .</font></B>  -Absent
<B><font color = 'blue'> .</font></B>  -Absent
<B><font color = 'blue'> .</font></B>  -Absent
<B><font color = 'blue'> .</font></B>  -Absent
<B><font color = 'blue'> .</font></B>  -Absent
<B><font color = 'blue'> .</font></B>  -aaaaaaaaaa aaaaaaaaa 
<B><font color = 'blue'> .</font></B>  -mmmm@gmail.com
<B><font color = 'blue'> .</font></B>  -80765s
<B><font color = 'blue'> .</font></B>  -2022-10-25
<B><font color = 'blue'> .</font></B>  -Absent
<B><font color = 'blue'> .</font></B>  -Absent
<B><font color = 'blue'> .</font></B>  -undefined
<B><font color = 'blue'> .</font></B>  -Bangalore
<B><font color = 'blue'> .</font></B>  -Testing
<B><font color = 'blue'> .</font></B>  -Absent
<B><font color = 'blue'> .</font></B>  -Absent
<B><font color = 'blue'> .</font></B>  -Absent
<B><font color = 'blue'> .</font></B>  -Absent
<B><font color = 'blue'> .</font></B>  -Absent
<B><font color = 'blue'> .</font></B>  -Absent
<B><font color = 'blue'> .</font></B>  -Absent
<B><font color = 'blue'> .</font></B>  -Absent
<B><font color = 'blue'> .</font></B>  -Absent
<B><font color = 'blue'> .</font></B>  -Absent
<B><font color = 'blue'> .</font></B>  -Absent
<B><font color = 'blue'> .</font></B>  -sumesh test 
<B><font color = 'blue'> .</font></B>  -sumesh@mail.com
<B><font color = 'blue'> .</font></B>  -fdgfdgf
<B><font color = 'blue'> .</font></B>  -2022-10-25
<B><font color = 'blue'> .</font></B>  -Absent
<B><font color = 'blue'> .</font></B>  -Absent
<B><font color = 'blue'> .</font></B>  -undefined
<B><font color = 'blue'> .</font></B>  -Bangalore
<B><font color = 'blue'> .</font></B>  -Testing
<B><font color = 'blue'> .</font></B>  -Absent
<B><font color = 'blue'> .</font></B>  -Absent
<B><font color = 'blue'> .</font></B>  -Absent
<B><font color = 'blue'> .</font></B>  -Absent
<B><font color = 'blue'> .</font></B>  -Absent
<B><font color = 'blue'> .</font></B>  -Absent
<B><font color = 'blue'> .</font></B>  -Absent
<B><font color = 'blue'> .</font></B>  -Absent
<B><font color = 'blue'> .</font></B>  -Absent
<B><font color = 'blue'> .</font></B>  -Absent
<B><font color = 'blue'> .</font></B>  -Absent
<B><font color = 'blue'> .</font></B>  -Test msc 
<B><font color = 'blue'> .</font></B>  -test123@gmail.com
<B><font color = 'blue'> .</font></B>  -12254
<B><font color = 'blue'> .</font></B>  -2022-10-25
<B><font color = 'blue'> .</font></B>  -Absent
<B><font color = 'blue'> .</font></B>  -Absent
<B><font color = 'blue'> .</font></B>  -undefined
<B><font color = 'blue'> .</font></B>  -Bangalore
<B><font color = 'blue'> .</font></B>  -Testing
<B><font color = 'blue'> .</font></B>  -Absent
<B><font color = 'blue'> .</font></B>  -Absent
<B><font color = 'blue'> .</font></B>  -Absent
<B><font color = 'blue'> .</font></B>  -Absent
<B><font color = 'blue'> .</font></B>  -Absent
<B><font color = 'blue'> .</font></B>  -Absent
<B><font color = 'blue'> .</font></B>  -Absent
<B><font color = 'blue'> .</font></B>  -Absent
<B><font color = 'blue'> .</font></B>  -Absent
<B><font color = 'blue'> .</font></B>  -Absent
<B><font color = 'blue'> .</font></B>  -Absent
<B><font color = 'blue'> .</font></B>  -deffdfds vscsc 
<B><font color = 'blue'> .</font></B>  -cscsdw123@gmail.com
<B><font color = 'blue'> .</font></B>  -1234512
<B><font color = 'blue'> .</font></B>  -2022-10-25
<B><font color = 'blue'> .</font></B>  -Absent
<B><font color = 'blue'> .</font></B>  -Absent
<B><font color = 'blue'> .</font></B>  -undefined
<B><font color = 'blue'> .</font></B>  -Bangalore
<B><font color = 'blue'> .</font></B>  -Testing
<B><font color = 'blue'> .</font></B>  -Absent
<B><font color = 'blue'> .</font></B>  -Absent
<B><font color = 'blue'> .</font></B>  -Absent
<B><font color = 'blue'> .</font></B>  -Absent
<B><font color = 'blue'> .</font></B>  -Absent
<B><font color = 'blue'> .</font></B>  -Absent
<B><font color = 'blue'> .</font></B>  -Absent
<B><font color = 'blue'> .</font></B>  -Absent
<B><font color = 'blue'> .</font></B>  -Absent
<B><font color = 'blue'> .</font></B>  -Absent
<B><font color = 'blue'> .</font></B>  -Absent
<B><font color = 'blue'> .</font></B>  -test testtt 
<B><font color = 'blue'> .</font></B>  -abcd@gmail.com
<B><font color = 'blue'> .</font></B>  -GLB55
<B><font color = 'blue'> .</font></B>  -2022-10-25
<B><font color = 'blue'> .</font></B>  -Absent
<B><font color = 'blue'> .</font></B>  -Absent
<B><font color = 'blue'> .</font></B>  -undefined
<B><font color = 'blue'> .</font></B>  -Bangalore
<B><font color = 'blue'> .</font></B>  -Testing
<B><font color = 'blue'> .</font></B>  -Absent
<B><font color = 'blue'> .</font></B>  -Absent
<B><font color = 'blue'> .</font></B>  -Absent
<B><font color = 'blue'> .</font></B>  -Absent
<B><font color = 'blue'> .</font></B>  -Absent
<B><font color = 'blue'> .</font></B>  -Absent
<B><font color = 'blue'> .</font></B>  -Absent
<B><font color = 'blue'> .</font></B>  -Absent
<B><font color = 'blue'> .</font></B>  -Absent
<B><font color = 'blue'> .</font></B>  -Absent
<B><font color = 'blue'> .</font></B>  -Absent
<B><font color = 'blue'> .</font></B>  -Abhishe tt 
<B><font color = 'blue'> .</font></B>  -ab@ab.com
<B><font color = 'blue'> .</font></B>  -GKD567
<B><font color = 'blue'> .</font></B>  -2022-10-25
<B><font color = 'blue'> .</font></B>  -Absent
<B><font color = 'blue'> .</font></B>  -Absent
<B><font color = 'blue'> .</font></B>  -undefined
<B><font color = 'blue'> .</font></B>  -Bangalore
<B><font color = 'blue'> .</font></B>  -Testing
<B><font color = 'blue'> .</font></B>  -Absent
<B><font color = 'blue'> .</font></B>  -Absent
<B><font color = 'blue'> .</font></B>  -Absent
<B><font color = 'blue'> .</font></B>  -Absent
<B><font color = 'blue'> .</font></B>  -Absent
<B><font color = 'blue'> .</font></B>  -Absent
<B><font color = 'blue'> .</font></B>  -Absent
<B><font color = 'blue'> .</font></B>  -Absent
<B><font color = 'blue'> .</font></B>  -Absent
<B><font color = 'blue'> .</font></B>  -Absent
<B><font color = 'blue'> .</font></B>  -Absent
<B><font color = 'blue'> .</font></B>  -test nonadmin 
<B><font color = 'blue'> .</font></B>  -testnonadmin@gmail.com
<B><font color = 'blue'> .</font></B>  -GLB026
<B><font color = 'blue'> .</font></B>  -2022-10-25
<B><font color = 'blue'> .</font></B>  -Absent
<B><font color = 'blue'> .</font></B>  -Absent
<B><font color = 'blue'> .</font></B>  -undefined
<B><font color = 'blue'> .</font></B>  -Bangalore
<B><font color = 'blue'> .</font></B>  -Php
<B><font color = 'blue'> .</font></B>  -Absent
<B><font color = 'blue'> .</font></B>  -Absent
<B><font color = 'blue'> .</font></B>  -Absent
<B><font color = 'blue'> .</font></B>  -Absent
<B><font color = 'blue'> .</font></B>  -Absent
<B><font color = 'blue'> .</font></B>  -Absent
<B><font color = 'blue'> .</font></B>  -Absent
<B><font color = 'blue'> .</font></B>  -Absent
<B><font color = 'blue'> .</font></B>  -Absent
<B><font color = 'blue'> .</font></B>  -Absent
<B><font color = 'blue'> .</font></B>  -Absent
<B><font color = 'blue'> .</font></B>  -adg ckj 
<B><font color = 'blue'> .</font></B>  -adcs@1234
<B><font color = 'blue'> .</font></B>  -583
<B><font color = 'blue'> .</font></B>  -2022-10-25
<B><font color = 'blue'> .</font></B>  -Absent
<B><font color = 'blue'> .</font></B>  -Absent
<B><font color = 'blue'> .</font></B>  -undefined
<B><font color = 'blue'> .</font></B>  -Bangalore
<B><font color = 'blue'> .</font></B>  -Testing
<B><font color = 'blue'> .</font></B>  -Absent
<B><font color = 'blue'> .</font></B>  -Absent
<B><font color = 'blue'> .</font></B>  -Absent
<B><font color = 'blue'> .</font></B>  -Absent
<B><font color = 'blue'> .</font></B>  -Absent
<B><font color = 'blue'> .</font></B>  -Absent
<B><font color = 'blue'> .</font></B>  -Absent
<B><font color = 'blue'> .</font></B>  -Absent
<B><font color = 'blue'> .</font></B>  -Absent
<B><font color = 'blue'> .</font></B>  -Absent
<B><font color = 'blue'> .</font></B>  -Absent
<B><font color = 'blue'> .</font></B>  -dominic toretto 
<B><font color = 'blue'> .</font></B>  -dom.toretto737@gmail.com
<B><font color = 'blue'> .</font></B>  -EMP011
<B><font color = 'blue'> .</font></B>  -2022-10-25
<B><font color = 'blue'> .</font></B>  -Absent
<B><font color = 'blue'> .</font></B>  -Absent
<B><font color = 'blue'> .</font></B>  -undefined
<B><font color = 'blue'> .</font></B>  -Bangalore
<B><font color = 'blue'> .</font></B>  -Testing
<B><font color = 'blue'> .</font></B>  -Absent
<B><font color = 'blue'> .</font></B>  -Absent
<B><font color = 'blue'> .</font></B>  -Absent
<B><font color = 'blue'> .</font></B>  -Absent
<B><font color = 'blue'> .</font></B>  -Absent
<B><font color = 'blue'> .</font></B>  -Absent
<B><font color = 'blue'> .</font></B>  -Absent
<B><font color = 'blue'> .</font></B>  -Absent
<B><font color = 'blue'> .</font></B>  -Absent
<B><font color = 'blue'> .</font></B>  -Absent
<B><font color = 'blue'> .</font></B>  -Absent
<B><font color = 'blue'> .</font></B>  -Abhishek Test 
<B><font color = 'blue'> .</font></B>  -abhishektrest@glb.in
<B><font color = 'blue'> .</font></B>  -rN7tvEiDPGNi4fD
<B><font color = 'blue'> .</font></B>  -2022-10-25
<B><font color = 'blue'> .</font></B>  -Absent
<B><font color = 'blue'> .</font></B>  -Absent
<B><font color = 'blue'> .</font></B>  -undefined
<B><font color = 'blue'> .</font></B>  -Bangalore
<B><font color = 'blue'> .</font></B>  -Php
<B><font color = 'blue'> .</font></B>  -Absent
<B><font color = 'blue'> .</font></B>  -Absent
<B><font color = 'blue'> .</font></B>  -Absent
<B><font color = 'blue'> .</font></B>  -Absent
<B><font color = 'blue'> .</font></B>  -Absent
<B><font color = 'blue'> .</font></B>  -Absent
<B><font color = 'blue'> .</font></B>  -Absent
<B><font color = 'blue'> .</font></B>  -Absent
<B><font color = 'blue'> .</font></B>  -Absent
<B><font color = 'blue'> .</font></B>  -Absent
<B><font color = 'blue'> .</font></B>  -Absent
<B><font color = 'blue'> .</font></B>  -Superior Test one 
<B><font color = 'blue'> .</font></B>  -superiorone@gmail.com
<B><font color = 'blue'> .</font></B>  -twoqw
<B><font color = 'blue'> .</font></B>  -2022-10-25
<B><font color = 'blue'> .</font></B>  -Absent
<B><font color = 'blue'> .</font></B>  -Absent
<B><font color = 'blue'> .</font></B>  -undefined
<B><font color = 'blue'> .</font></B>  -Bangalore
<B><font color = 'blue'> .</font></B>  -Testing
<B><font color = 'blue'> .</font></B>  -Absent
<B><font color = 'blue'> .</font></B>  -Absent
<B><font color = 'blue'> .</font></B>  -Absent
<B><font color = 'blue'> .</font></B>  -Absent
<B><font color = 'blue'> .</font></B>  -Absent
<B><font color = 'blue'> .</font></B>  -Absent
<B><font color = 'blue'> .</font></B>  -Absent
<B><font color = 'blue'> .</font></B>  -Absent
<B><font color = 'blue'> .</font></B>  -Absent
<B><font color = 'blue'> .</font></B>  -Absent
<B><font color = 'blue'> .</font></B>  -Absent
<B><font color = 'blue'> .</font></B>  -test testw 
<B><font color = 'blue'> .</font></B>  -test@mac.in
<B><font color = 'blue'> .</font></B>  -aaf123
<B><font color = 'blue'> .</font></B>  -2022-10-25
<B><font color = 'blue'> .</font></B>  -Absent
<B><font color = 'blue'> .</font></B>  -Absent
<B><font color = 'blue'> .</font></B>  -undefined
<B><font color = 'blue'> .</font></B>  -Bangalore
<B><font color = 'blue'> .</font></B>  -Php
<B><font color = 'blue'> .</font></B>  -Absent
<B><font color = 'blue'> .</font></B>  -Absent
<B><font color = 'blue'> .</font></B>  -Absent
<B><font color = 'blue'> .</font></B>  -Absent
<B><font color = 'blue'> .</font></B>  -Absent
<B><font color = 'blue'> .</font></B>  -Absent
<B><font color = 'blue'> .</font></B>  -Absent
<B><font color = 'blue'> .</font></B>  -Absent
<B><font color = 'blue'> .</font></B>  -Absent
<B><font color = 'blue'> .</font></B>  -Absent
<B><font color = 'blue'> .</font></B>  -Absent
<B><font color = 'blue'> .</font></B>  -sam eer 
<B><font color = 'blue'> .</font></B>  -sam@rf.in
<B><font color = 'blue'> .</font></B>  -WSAERT2Q34E
<B><font color = 'blue'> .</font></B>  -2022-10-25
<B><font color = 'blue'> .</font></B>  -Absent
<B><font color = 'blue'> .</font></B>  -Absent
<B><font color = 'blue'> .</font></B>  -undefined
<B><font color = 'blue'> .</font></B>  -Bangalore
<B><font color = 'blue'> .</font></B>  -Testing
<B><font color = 'blue'> .</font></B>  -Absent
<B><font color = 'blue'> .</font></B>  -Absent
<B><font color = 'blue'> .</font></B>  -Absent
<B><font color = 'blue'> .</font></B>  -Absent
<B><font color = 'blue'> .</font></B>  -Absent
<B><font color = 'blue'> .</font></B>  -Absent
<B><font color = 'blue'> .</font></B>  -Absent
<B><font color = 'blue'> .</font></B>  -Absent
<B><font color = 'blue'> .</font></B>  -Absent
<B><font color = 'blue'> .</font></B>  -Absent
<B><font color = 'blue'> .</font></B>  -Absent
<B><font color = 'blue'> .</font></B>  -Test test 
<B><font color = 'blue'> .</font></B>  -sarikajain@gmail.com
<B><font color = 'blue'> .</font></B>  -E-101
<B><font color = 'blue'> .</font></B>  -2022-10-25
<B><font color = 'blue'> .</font></B>  -Absent
<B><font color = 'blue'> .</font></B>  -Absent
<B><font color = 'blue'> .</font></B>  -undefined
<B><font color = 'blue'> .</font></B>  -Bangalore
<B><font color = 'blue'> .</font></B>  -Testing
<B><font color = 'blue'> .</font></B>  -Absent
<B><font color = 'blue'> .</font></B>  -Absent
<B><font color = 'blue'> .</font></B>  -Absent
<B><font color = 'blue'> .</font></B>  -Absent
<B><font color = 'blue'> .</font></B>  -Absent
<B><font color = 'blue'> .</font></B>  -Absent
<B><font color = 'blue'> .</font></B>  -Absent
<B><font color = 'blue'> .</font></B>  -Absent
<B><font color = 'blue'> .</font></B>  -Absent
<B><font color = 'blue'> .</font></B>  -Absent
<B><font color = 'blue'> .</font></B>  -Absent
<B><font color = 'blue'> .</font></B>  -sithu kalluru 
<B><font color = 'blue'> .</font></B>  -sitaramireddy@globussoft.in
<B><font color = 'blue'> .</font></B>  -code12
<B><font color = 'blue'> .</font></B>  -2022-10-25
<B><font color = 'blue'> .</font></B>  -Absent
<B><font color = 'blue'> .</font></B>  -Absent
<B><font color = 'blue'> .</font></B>  -undefined
<B><font color = 'blue'> .</font></B>  -Bangalore
<B><font color = 'blue'> .</font></B>  -Testing
<B><font color = 'blue'> .</font></B>  -Absent
<B><font color = 'blue'> .</font></B>  -Absent
<B><font color = 'blue'> .</font></B>  -Absent
<B><font color = 'blue'> .</font></B>  -Absent
<B><font color = 'blue'> .</font></B>  -Absent
<B><font color = 'blue'> .</font></B>  -Absent
<B><font color = 'blue'> .</font></B>  -Absent
<B><font color = 'blue'> .</font></B>  -Absent
<B><font color = 'blue'> .</font></B>  -Absent
<B><font color = 'blue'> .</font></B>  -Absent
<B><font color = 'blue'> .</font></B>  -Absent
<B><font color = 'blue'> .</font></B>  -test123 abcd 
<B><font color = 'blue'> .</font></B>  -s@gmail.com
<B><font color = 'blue'> .</font></B>  -code123z
<B><font color = 'blue'> .</font></B>  -2022-10-25
<B><font color = 'blue'> .</font></B>  -Absent
<B><font color = 'blue'> .</font></B>  -Absent
<B><font color = 'blue'> .</font></B>  -undefined
<B><font color = 'blue'> .</font></B>  -Bangalore
<B><font color = 'blue'> .</font></B>  -Testing
<B><font color = 'blue'> .</font></B>  -Absent
<B><font color = 'blue'> .</font></B>  -Absent
<B><font color = 'blue'> .</font></B>  -Absent
<B><font color = 'blue'> .</font></B>  -Absent
<B><font color = 'blue'> .</font></B>  -Absent
<B><font color = 'blue'> .</font></B>  -Absent
<B><font color = 'blue'> .</font></B>  -Absent
<B><font color = 'blue'> .</font></B>  -Absent
<B><font color = 'blue'> .</font></B>  -Absent
<B><font color = 'blue'> .</font></B>  -Absent
<B><font color = 'blue'> .</font></B>  -Absent
<B><font color = 'blue'> .</font></B>  -testing test 
<B><font color = 'blue'> .</font></B>  -aarshajoyson1601@gmail.com
<B><font color = 'blue'> .</font></B>  -glb0008
<B><font color = 'blue'> .</font></B>  -2022-10-25
<B><font color = 'blue'> .</font></B>  -Absent
<B><font color = 'blue'> .</font></B>  -Absent
<B><font color = 'blue'> .</font></B>  -undefined
<B><font color = 'blue'> .</font></B>  -Bangalore
<B><font color = 'blue'> .</font></B>  -Php
<B><font color = 'blue'> .</font></B>  -Absent
<B><font color = 'blue'> .</font></B>  -Absent
<B><font color = 'blue'> .</font></B>  -Absent
<B><font color = 'blue'> .</font></B>  -Absent
<B><font color = 'blue'> .</font></B>  -Absent
<B><font color = 'blue'> .</font></B>  -Absent
<B><font color = 'blue'> .</font></B>  -Absent
<B><font color = 'blue'> .</font></B>  -Absent
<B><font color = 'blue'> .</font></B>  -Absent
<B><font color = 'blue'> .</font></B>  -Absent
<B><font color = 'blue'> .</font></B>  -Absent
<B><font color = 'blue'> .</font></B>  -Automation CodeeeAuto 
<B><font color = 'blue'> .</font></B>  -skabcdef7@gmail.com
<B><font color = 'blue'> .</font></B>  -Emp-Abzcde-1234522
<B><font color = 'blue'> .</font></B>  -2022-10-25
<B><font color = 'blue'> .</font></B>  -Absent
<B><font color = 'blue'> .</font></B>  -Absent
<B><font color = 'blue'> .</font></B>  -undefined
<B><font color = 'blue'> .</font></B>  -Bangalore
<B><font color = 'blue'> .</font></B>  -Testing
<B><font color = 'blue'> .</font></B>  -Absent
<B><font color = 'blue'> .</font></B>  -Absent
<B><font color = 'blue'> .</font></B>  -Absent
<B><font color = 'blue'> .</font></B>  -Absent
<B><font color = 'blue'> .</font></B>  -Absent
<B><font color = 'blue'> .</font></B>  -Absent
<B><font color = 'blue'> .</font></B>  -Absent
<B><font color = 'blue'> .</font></B>  -Absent
<B><font color = 'blue'> .</font></B>  -Absent
<B><font color = 'blue'> .</font></B>  -Absent
<B><font color = 'blue'> .</font></B>  -Absent
<B><font color = 'blue'> .</font></B>  -piyush dfgsfg 
<B><font color = 'blue'> .</font></B>  -jos@gmail.com
<B><font color = 'blue'> .</font></B>  -sdgff
<B><font color = 'blue'> .</font></B>  -2022-10-25
<B><font color = 'blue'> .</font></B>  -Absent
<B><font color = 'blue'> .</font></B>  -Absent
<B><font color = 'blue'> .</font></B>  -undefined
<B><font color = 'blue'> .</font></B>  -Bangalore
<B><font color = 'blue'> .</font></B>  -Testing
<B><font color = 'blue'> .</font></B>  -Absent
<B><font color = 'blue'> .</font></B>  -Absent
<B><font color = 'blue'> .</font></B>  -Absent
<B><font color = 'blue'> .</font></B>  -Absent
<B><font color = 'blue'> .</font></B>  -Absent
<B><font color = 'blue'> .</font></B>  -Absent
<B><font color = 'blue'> .</font></B>  -Absent
<B><font color = 'blue'> .</font></B>  -Absent
<B><font color = 'blue'> .</font></B>  -Absent
<B><font color = 'blue'> .</font></B>  -Absent
<B><font color = 'blue'> .</font></B>  -Absent
<B><font color = 'blue'> .</font></B>  -Aryan raj 
<B><font color = 'blue'> .</font></B>  -alex@gmail.com
<B><font color = 'blue'> .</font></B>  -126
<B><font color = 'blue'> .</font></B>  -2022-10-25
<B><font color = 'blue'> .</font></B>  -Absent
<B><font color = 'blue'> .</font></B>  -Absent
<B><font color = 'blue'> .</font></B>  -undefined
<B><font color = 'blue'> .</font></B>  -Bangalore
<B><font color = 'blue'> .</font></B>  -Testing
<B><font color = 'blue'> .</font></B>  -Absent
<B><font color = 'blue'> .</font></B>  -Absent
<B><font color = 'blue'> .</font></B>  -Absent
<B><font color = 'blue'> .</font></B>  -Absent
<B><font color = 'blue'> .</font></B>  -Absent
<B><font color = 'blue'> .</font></B>  -Absent
<B><font color = 'blue'> .</font></B>  -Absent
<B><font color = 'blue'> .</font></B>  -Absent
<B><font color = 'blue'> .</font></B>  -Absent
<B><font color = 'blue'> .</font></B>  -Absent
<B><font color = 'blue'> .</font></B>  -Absent
<B><font color = 'blue'> .</font></B>  -Automation CodeeeAuto 
<B><font color = 'blue'> .</font></B>  -skabcdef38@gmail.com
<B><font color = 'blue'> .</font></B>  -Emp-Abzcde-123457
<B><font color = 'blue'> .</font></B>  -2022-10-25
<B><font color = 'blue'> .</font></B>  -Absent
<B><font color = 'blue'> .</font></B>  -Absent
<B><font color = 'blue'> .</font></B>  -undefined
<B><font color = 'blue'> .</font></B>  -Bangalore
<B><font color = 'blue'> .</font></B>  -Testing
<B><font color = 'blue'> .</font></B>  -Absent
<B><font color = 'blue'> .</font></B>  -Absent
<B><font color = 'blue'> .</font></B>  -Absent
<B><font color = 'blue'> .</font></B>  -Absent
<B><font color = 'blue'> .</font></B>  -Absent
<B><font color = 'blue'> .</font></B>  -Absent
<B><font color = 'blue'> .</font></B>  -Absent
<B><font color = 'blue'> .</font></B>  -Absent
<B><font color = 'blue'> .</font></B>  -Absent
<B><font color = 'blue'> .</font></B>  -Absent
<B><font color = 'blue'> .</font></B>  -Absent
<B><font color = 'blue'> .</font></B>  -Automation CodeeeAuto 
<B><font color = 'blue'> .</font></B>  -skabcdef33@gmail.com
<B><font color = 'blue'> .</font></B>  -Emp-Abzcde-1234557
<B><font color = 'blue'> .</font></B>  -2022-10-25
<B><font color = 'blue'> .</font></B>  -Absent
<B><font color = 'blue'> .</font></B>  -Absent
<B><font color = 'blue'> .</font></B>  -undefined
<B><font color = 'blue'> .</font></B>  -Bangalore
<B><font color = 'blue'> .</font></B>  -Testing
<B><font color = 'blue'> .</font></B>  -Absent
<B><font color = 'blue'> .</font></B>  -Absent
<B><font color = 'blue'> .</font></B>  -Absent
<B><font color = 'blue'> .</font></B>  -Absent
<B><font color = 'blue'> .</font></B>  -Absent
<B><font color = 'blue'> .</font></B>  -Absent
<B><font color = 'blue'> .</font></B>  -Absent
<B><font color = 'blue'> .</font></B>  -Absent
<B><font color = 'blue'> .</font></B>  -Absent
<B><font color = 'blue'> .</font></B>  -Absent
<B><font color = 'blue'> .</font></B>  -Absent
<B><font color = 'blue'> .</font></B>  -D Surya Prabhakar 
<B><font color = 'blue'> .</font></B>  -surya1@gmail.com
<B><font color = 'blue'> .</font></B>  -EM010
<B><font color = 'blue'> .</font></B>  -2022-10-25
<B><font color = 'blue'> .</font></B>  -Absent
<B><font color = 'blue'> .</font></B>  -Absent
<B><font color = 'blue'> .</font></B>  -undefined
<B><font color = 'blue'> .</font></B>  -bengaluru
<B><font color = 'blue'> .</font></B>  -Testing
<B><font color = 'blue'> .</font></B>  -Absent
<B><font color = 'blue'> .</font></B>  -Absent
<B><font color = 'blue'> .</font></B>  -Absent
<B><font color = 'blue'> .</font></B>  -Absent
<B><font color = 'blue'> .</font></B>  -Absent
<B><font color = 'blue'> .</font></B>  -Absent
<B><font color = 'blue'> .</font></B>  -Absent
<B><font color = 'blue'> .</font></B>  -Absent
<B><font color = 'blue'> .</font></B>  -Absent
<B><font color = 'blue'> .</font></B>  -Absent
<B><font color = 'blue'> .</font></B>  -Absent
<B><font color = 'blue'> .</font></B>  -R o       hit Sharma 
<B><font color = 'blue'> .</font></B>  -rahulrajt5613928@gmail.com
<B><font color = 'blue'> .</font></B>  -67645
<B><font color = 'blue'> .</font></B>  -2022-10-25
<B><font color = 'blue'> .</font></B>  -Absent
<B><font color = 'blue'> .</font></B>  -Absent
<B><font color = 'blue'> .</font></B>  -undefined
<B><font color = 'blue'> .</font></B>  -bengaluru
<B><font color = 'blue'> .</font></B>  -Testing
<B><font color = 'blue'> .</font></B>  -Absent
<B><font color = 'blue'> .</font></B>  -Absent
<B><font color = 'blue'> .</font></B>  -Absent
<B><font color = 'blue'> .</font></B>  -Absent
<B><font color = 'blue'> .</font></B>  -Absent
<B><font color = 'blue'> .</font></B>  -Absent
<B><font color = 'blue'> .</font></B>  -Absent
<B><font color = 'blue'> .</font></B>  -Absent
<B><font color = 'blue'> .</font></B>  -Absent
<B><font color = 'blue'> .</font></B>  -Absent
<B><font color = 'blue'> .</font></B>  -Absent
<B><font color = 'blue'> .</font></B>  -ni test 
<B><font color = 'blue'> .</font></B>  -nitest12@gmail.com
<B><font color = 'blue'> .</font></B>  -GLB678
<B><font color = 'blue'> .</font></B>  -2022-10-25
<B><font color = 'blue'> .</font></B>  -Absent
<B><font color = 'blue'> .</font></B>  -Absent
<B><font color = 'blue'> .</font></B>  -undefined
<B><font color = 'blue'> .</font></B>  -bengaluru
<B><font color = 'blue'> .</font></B>  -Testing
<B><font color = 'blue'> .</font></B>  -Absent
<B><font color = 'blue'> .</font></B>  -Absent
<B><font color = 'blue'> .</font></B>  -Absent
<B><font color = 'blue'> .</font></B>  -Absent
<B><font color = 'blue'> .</font></B>  -Absent
<B><font color = 'blue'> .</font></B>  -Absent
<B><font color = 'blue'> .</font></B>  -Absent
<B><font color = 'blue'> .</font></B>  -Absent
<B><font color = 'blue'> .</font></B>  -Absent
<B><font color = 'blue'> .</font></B>  -Absent
<B><font color = 'blue'> .</font></B>  -Absent
<B><font color = 'blue'> .</font></B>  -one test 
<B><font color = 'blue'> .</font></B>  -testone1234@gmail.com
<B><font color = 'blue'> .</font></B>  -0110
<B><font color = 'blue'> .</font></B>  -2022-10-25
<B><font color = 'blue'> .</font></B>  -Absent
<B><font color = 'blue'> .</font></B>  -Absent
<B><font color = 'blue'> .</font></B>  -undefined
<B><font color = 'blue'> .</font></B>  -bengaluru
<B><font color = 'blue'> .</font></B>  -Testing
<B><font color = 'blue'> .</font></B>  -Absent
<B><font color = 'blue'> .</font></B>  -Absent
<B><font color = 'blue'> .</font></B>  -Absent
<B><font color = 'blue'> .</font></B>  -Absent
<B><font color = 'blue'> .</font></B>  -Absent
<B><font color = 'blue'> .</font></B>  -Absent
<B><font color = 'blue'> .</font></B>  -Absent
<B><font color = 'blue'> .</font></B>  -Absent
<B><font color = 'blue'> .</font></B>  -Absent
<B><font color = 'blue'> .</font></B>  -Absent
<B><font color = 'blue'> .</font></B>  -Absent
<B><font color = 'blue'> .</font></B>  -GLB-BLR-010-PC - GLB-BLR-010 
<B><font color = 'blue'> .</font></B>  -abcd@yuksdgus
<B><font color = 'blue'> .</font></B>  -GLB-BLR-010
<B><font color = 'blue'> .</font></B>  -2022-10-25
<B><font color = 'blue'> .</font></B>  -Absent
<B><font color = 'blue'> .</font></B>  -Absent
<B><font color = 'blue'> .</font></B>  -undefined
<B><font color = 'blue'> .</font></B>  -bengaluru
<B><font color = 'blue'> .</font></B>  -Testing
<B><font color = 'blue'> .</font></B>  -Absent
<B><font color = 'blue'> .</font></B>  -Absent
<B><font color = 'blue'> .</font></B>  -Absent
<B><font color = 'blue'> .</font></B>  -Absent
<B><font color = 'blue'> .</font></B>  -Absent
<B><font color = 'blue'> .</font></B>  -Absent
<B><font color = 'blue'> .</font></B>  -Absent
<B><font color = 'blue'> .</font></B>  -Absent
<B><font color = 'blue'> .</font></B>  -Absent
<B><font color = 'blue'> .</font></B>  -Absent
<B><font color = 'blue'> .</font></B>  -Absent
<B><font color = 'blue'> .</font></B>  -surya kk 
<B><font color = 'blue'> .</font></B>  -123@gmail.com
<B><font color = 'blue'> .</font></B>  -mmmmm
<B><font color = 'blue'> .</font></B>  -2022-10-25
<B><font color = 'blue'> .</font></B>  -Absent
<B><font color = 'blue'> .</font></B>  -Absent
<B><font color = 'blue'> .</font></B>  -undefined
<B><font color = 'blue'> .</font></B>  -Tamilnadu
<B><font color = 'blue'> .</font></B>  -Test and Dev
<B><font color = 'blue'> .</font></B>  -Absent
<B><font color = 'blue'> .</font></B>  -Absent
<B><font color = 'blue'> .</font></B>  -Absent
<B><font color = 'blue'> .</font></B>  -Absent
<B><font color = 'blue'> .</font></B>  -Absent
<B><font color = 'blue'> .</font></B>  -Absent
<B><font color = 'blue'> .</font></B>  -Absent
<B><font color = 'blue'> .</font></B>  -Absent
<B><font color = 'blue'> .</font></B>  -Absent
<B><font color = 'blue'> .</font></B>  -Absent
<B><font color = 'blue'> .</font></B>  -Absent
<B><font color = 'blue'> .</font></B>  -sai kk 
<B><font color = 'blue'> .</font></B>  -saikk19876@gmail.com
<B><font color = 'blue'> .</font></B>  -20221019
<B><font color = 'blue'> .</font></B>  -2022-10-25
<B><font color = 'blue'> .</font></B>  -Absent
<B><font color = 'blue'> .</font></B>  -Absent
<B><font color = 'blue'> .</font></B>  -undefined
<B><font color = 'blue'> .</font></B>  -Tamilnadu
<B><font color = 'blue'> .</font></B>  -Test and Dev
<B><font color = 'blue'> .</font></B>  -Absent
<B><font color = 'blue'> .</font></B>  -Absent
<B><font color = 'blue'> .</font></B>  -Absent
<B><font color = 'blue'> .</font></B>  -Absent
<B><font color = 'blue'> .</font></B>  -Absent
<B><font color = 'blue'> .</font></B>  -Absent
<B><font color = 'blue'> .</font></B>  -Absent
<B><font color = 'blue'> .</font></B>  -Absent
<B><font color = 'blue'> .</font></B>  -Absent
<B><font color = 'blue'> .</font></B>  -Absent
<B><font color = 'blue'> .</font></B>  -Absent
<B><font color = 'blue'> .</font></B>  -ajeethemp test 
<B><font color = 'blue'> .</font></B>  -ajeethemp@gmail.com
<B><font color = 'blue'> .</font></B>  -A01
<B><font color = 'blue'> .</font></B>  -2022-10-25
<B><font color = 'blue'> .</font></B>  -Absent
<B><font color = 'blue'> .</font></B>  -Absent
<B><font color = 'blue'> .</font></B>  -undefined
<B><font color = 'blue'> .</font></B>  -Tamilnadu
<B><font color = 'blue'> .</font></B>  -Test and Dev
<B><font color = 'blue'> .</font></B>  -Absent
<B><font color = 'blue'> .</font></B>  -Absent
<B><font color = 'blue'> .</font></B>  -Absent
<B><font color = 'blue'> .</font></B>  -Absent
<B><font color = 'blue'> .</font></B>  -Absent
<B><font color = 'blue'> .</font></B>  -Absent
<B><font color = 'blue'> .</font></B>  -Absent
<B><font color = 'blue'> .</font></B>  -Absent
<B><font color = 'blue'> .</font></B>  -Absent
<B><font color = 'blue'> .</font></B>  -Absent
<B><font color = 'blue'> .</font></B>  -Absent
<B><font color = 'blue'> .</font></B>  -test user two 
<B><font color = 'blue'> .</font></B>  -testuser@two.io
<B><font color = 'blue'> .</font></B>  -GSLL-327
<B><font color = 'blue'> .</font></B>  -2022-10-25
<B><font color = 'blue'> .</font></B>  -Absent
<B><font color = 'blue'> .</font></B>  -Absent
<B><font color = 'blue'> .</font></B>  -undefined
<B><font color = 'blue'> .</font></B>  -Tamilnadu
<B><font color = 'blue'> .</font></B>  -Test and Dev
<B><font color = 'blue'> .</font></B>  -Absent
<B><font color = 'blue'> .</font></B>  -Absent
<B><font color = 'blue'> .</font></B>  -Absent
<B><font color = 'blue'> .</font></B>  -Absent
<B><font color = 'blue'> .</font></B>  -Absent
<B><font color = 'blue'> .</font></B>  -Absent
<B><font color = 'blue'> .</font></B>  -Absent
<B><font color = 'blue'> .</font></B>  -Absent
<B><font color = 'blue'> .</font></B>  -Absent
<B><font color = 'blue'> .</font></B>  -Absent
<B><font color = 'blue'> .</font></B>  -Absent
<B><font color = 'blue'> .</font></B>  -Himanshu Kumar 
<B><font color = 'blue'> .</font></B>  -himanshu1@gmail.com
<B><font color = 'blue'> .</font></B>  -EM011
<B><font color = 'blue'> .</font></B>  -2022-10-25
<B><font color = 'blue'> .</font></B>  -Absent
<B><font color = 'blue'> .</font></B>  -Absent
<B><font color = 'blue'> .</font></B>  -undefined
<B><font color = 'blue'> .</font></B>  -bagalkot
<B><font color = 'blue'> .</font></B>  -manual testing
<B><font color = 'blue'> .</font></B>  -Absent
<B><font color = 'blue'> .</font></B>  -Absent
<B><font color = 'blue'> .</font></B>  -Absent
<B><font color = 'blue'> .</font></B>  -Absent
<B><font color = 'blue'> .</font></B>  -Absent
<B><font color = 'blue'> .</font></B>  -Absent
<B><font color = 'blue'> .</font></B>  -Absent
<B><font color = 'blue'> .</font></B>  -Absent
<B><font color = 'blue'> .</font></B>  -Absent
<B><font color = 'blue'> .</font></B>  -Absent
<B><font color = 'blue'> .</font></B>  -Absent
<B><font color = 'blue'> .</font></B>  -dxgfdxg gssdg 
<B><font color = 'blue'> .</font></B>  -sdgsg@dgksodkg.in
<B><font color = 'blue'> .</font></B>  -asfda343443
<B><font color = 'blue'> .</font></B>  -2022-10-25
<B><font color = 'blue'> .</font></B>  -Absent
<B><font color = 'blue'> .</font></B>  -Absent
<B><font color = 'blue'> .</font></B>  -undefined
<B><font color = 'blue'> .</font></B>  -Bhilai
<B><font color = 'blue'> .</font></B>  -Php
<B><font color = 'blue'> .</font></B>  -Absent
<B><font color = 'blue'> .</font></B>  -Absent
<B><font color = 'blue'> .</font></B>  -Absent
<B><font color = 'blue'> .</font></B>  -Absent
<B><font color = 'blue'> .</font></B>  -Absent
<B><font color = 'blue'> .</font></B>  -Absent
<B><font color = 'blue'> .</font></B>  -Absent
<B><font color = 'blue'> .</font></B>  -Absent
<B><font color = 'blue'> .</font></B>  -Absent
<B><font color = 'blue'> .</font></B>  -Absent
<B><font color = 'blue'> .</font></B>  -Absent
<B><font color = 'blue'> .</font></B>  -Guest User 
<B><font color = 'blue'> .</font></B>  -guestuser@gmail.com
<B><font color = 'blue'> .</font></B>  -GLB-777
<B><font color = 'blue'> .</font></B>  -2022-10-25
<B><font color = 'blue'> .</font></B>  -Absent
<B><font color = 'blue'> .</font></B>  -Absent
<B><font color = 'blue'> .</font></B>  -undefined
<B><font color = 'blue'> .</font></B>  -Bhilai
<B><font color = 'blue'> .</font></B>  -Php
<B><font color = 'blue'> .</font></B>  -Absent
<B><font color = 'blue'> .</font></B>  -Absent
<B><font color = 'blue'> .</font></B>  -Absent
<B><font color = 'blue'> .</font></B>  -Absent
<B><font color = 'blue'> .</font></B>  -Absent
<B><font color = 'blue'> .</font></B>  -Absent
<B><font color = 'blue'> .</font></B>  -Absent
<B><font color = 'blue'> .</font></B>  -Absent
<B><font color = 'blue'> .</font></B>  -Absent
<B><font color = 'blue'> .</font></B>  -Absent
<B><font color = 'blue'> .</font></B>  -Absent
<B><font color = 'blue'> .</font></B>  -Virat kohli 
<B><font color = 'blue'> .</font></B>  -rahukbgdxgsf@gmail.com
<B><font color = 'blue'> .</font></B>  -65332
<B><font color = 'blue'> .</font></B>  -2022-10-24
<B><font color = 'blue'> .</font></B>  -Absent
<B><font color = 'blue'> .</font></B>  -Absent
<B><font color = 'blue'> .</font></B>  -undefined
<B><font color = 'blue'> .</font></B>  -Default
<B><font color = 'blue'> .</font></B>  -Default
<B><font color = 'blue'> .</font></B>  -Absent
<B><font color = 'blue'> .</font></B>  -Absent
<B><font color = 'blue'> .</font></B>  -Absent
<B><font color = 'blue'> .</font></B>  -Absent
<B><font color = 'blue'> .</font></B>  -Absent
<B><font color = 'blue'> .</font></B>  -Absent
<B><font color = 'blue'> .</font></B>  -Absent
<B><font color = 'blue'> .</font></B>  -Absent
<B><font color = 'blue'> .</font></B>  -Absent
<B><font color = 'blue'> .</font></B>  -Absent
<B><font color = 'blue'> .</font></B>  -Absent
<B><font color = 'blue'> .</font></B>  -sadas kadkasdj 
<B><font color = 'blue'> .</font></B>  -dsa@eqe
<B><font color = 'blue'> .</font></B>  -emp129666
<B><font color = 'blue'> .</font></B>  -2022-10-24
<B><font color = 'blue'> .</font></B>  -Absent
<B><font color = 'blue'> .</font></B>  -Absent
<B><font color = 'blue'> .</font></B>  -undefined
<B><font color = 'blue'> .</font></B>  -Default
<B><font color = 'blue'> .</font></B>  -Default
<B><font color = 'blue'> .</font></B>  -Absent
<B><font color = 'blue'> .</font></B>  -Absent
<B><font color = 'blue'> .</font></B>  -Absent
<B><font color = 'blue'> .</font></B>  -Absent
<B><font color = 'blue'> .</font></B>  -Absent
<B><font color = 'blue'> .</font></B>  -Absent
<B><font color = 'blue'> .</font></B>  -Absent
<B><font color = 'blue'> .</font></B>  -Absent
<B><font color = 'blue'> .</font></B>  -Absent
<B><font color = 'blue'> .</font></B>  -Absent
<B><font color = 'blue'> .</font></B>  -Absent
<B><font color = 'blue'> .</font></B>  -New Test 
<B><font color = 'blue'> .</font></B>  -newtest@gmail.com
<B><font color = 'blue'> .</font></B>  -ewer334443
<B><font color = 'blue'> .</font></B>  -2022-10-24
<B><font color = 'blue'> .</font></B>  -Absent
<B><font color = 'blue'> .</font></B>  -Absent
<B><font color = 'blue'> .</font></B>  -undefined
<B><font color = 'blue'> .</font></B>  -Default
<B><font color = 'blue'> .</font></B>  -Default
<B><font color = 'blue'> .</font></B>  -Absent
<B><font color = 'blue'> .</font></B>  -Absent
<B><font color = 'blue'> .</font></B>  -Absent
<B><font color = 'blue'> .</font></B>  -Absent
<B><font color = 'blue'> .</font></B>  -Absent
<B><font color = 'blue'> .</font></B>  -Absent
<B><font color = 'blue'> .</font></B>  -Absent
<B><font color = 'blue'> .</font></B>  -Absent
<B><font color = 'blue'> .</font></B>  -Absent
<B><font color = 'blue'> .</font></B>  -Absent
<B><font color = 'blue'> .</font></B>  -Absent
<B><font color = 'blue'> .</font></B>  -dshcdb uidsbf 
<B><font color = 'blue'> .</font></B>  -dvbvdb@yahoo.com
<B><font color = 'blue'> .</font></B>  -435454
<B><font color = 'blue'> .</font></B>  -2022-10-24
<B><font color = 'blue'> .</font></B>  -Absent
<B><font color = 'blue'> .</font></B>  -Absent
<B><font color = 'blue'> .</font></B>  -undefined
<B><font color = 'blue'> .</font></B>  -Default
<B><font color = 'blue'> .</font></B>  -Default
<B><font color = 'blue'> .</font></B>  -Absent
<B><font color = 'blue'> .</font></B>  -Absent
<B><font color = 'blue'> .</font></B>  -Absent
<B><font color = 'blue'> .</font></B>  -Absent
<B><font color = 'blue'> .</font></B>  -Absent
<B><font color = 'blue'> .</font></B>  -Absent
<B><font color = 'blue'> .</font></B>  -Absent
<B><font color = 'blue'> .</font></B>  -Absent
<B><font color = 'blue'> .</font></B>  -Absent
<B><font color = 'blue'> .</font></B>  -Absent
<B><font color = 'blue'> .</font></B>  -Absent
<B><font color = 'blue'> .</font></B>  -try last 
<B><font color = 'blue'> .</font></B>  -try@gmail.com
<B><font color = 'blue'> .</font></B>  -1225455
<B><font color = 'blue'> .</font></B>  -2022-10-24
<B><font color = 'blue'> .</font></B>  -Absent
<B><font color = 'blue'> .</font></B>  -Absent
<B><font color = 'blue'> .</font></B>  -undefined
<B><font color = 'blue'> .</font></B>  -Default
<B><font color = 'blue'> .</font></B>  -Default
<B><font color = 'blue'> .</font></B>  -Absent
<B><font color = 'blue'> .</font></B>  -Absent
<B><font color = 'blue'> .</font></B>  -Absent
<B><font color = 'blue'> .</font></B>  -Absent
<B><font color = 'blue'> .</font></B>  -Absent
<B><font color = 'blue'> .</font></B>  -Absent
<B><font color = 'blue'> .</font></B>  -Absent
<B><font color = 'blue'> .</font></B>  -Absent
<B><font color = 'blue'> .</font></B>  -Absent
<B><font color = 'blue'> .</font></B>  -Absent
<B><font color = 'blue'> .</font></B>  -Absent
<B><font color = 'blue'> .</font></B>  -vdjvdb yusvdvbbh 
<B><font color = 'blue'> .</font></B>  -dvhbfdh@gmail.com
<B><font color = 'blue'> .</font></B>  -wq534342
<B><font color = 'blue'> .</font></B>  -2022-10-24
<B><font color = 'blue'> .</font></B>  -Absent
<B><font color = 'blue'> .</font></B>  -Absent
<B><font color = 'blue'> .</font></B>  -undefined
<B><font color = 'blue'> .</font></B>  -Default
<B><font color = 'blue'> .</font></B>  -Default
<B><font color = 'blue'> .</font></B>  -Absent
<B><font color = 'blue'> .</font></B>  -Absent
<B><font color = 'blue'> .</font></B>  -Absent
<B><font color = 'blue'> .</font></B>  -Absent
<B><font color = 'blue'> .</font></B>  -Absent
<B><font color = 'blue'> .</font></B>  -Absent
<B><font color = 'blue'> .</font></B>  -Absent
<B><font color = 'blue'> .</font></B>  -Absent
<B><font color = 'blue'> .</font></B>  -Absent
<B><font color = 'blue'> .</font></B>  -Absent
<B><font color = 'blue'> .</font></B>  -Absent
<B><font color = 'blue'> .</font></B>  -Mail Test user 
<B><font color = 'blue'> .</font></B>  -maintest@user.io
<B><font color = 'blue'> .</font></B>  -GLB-1223888
<B><font color = 'blue'> .</font></B>  -2022-10-24
<B><font color = 'blue'> .</font></B>  -Absent
<B><font color = 'blue'> .</font></B>  -Absent
<B><font color = 'blue'> .</font></B>  -undefined
<B><font color = 'blue'> .</font></B>  -Default
<B><font color = 'blue'> .</font></B>  -Default
<B><font color = 'blue'> .</font></B>  -Absent
<B><font color = 'blue'> .</font></B>  -Absent
<B><font color = 'blue'> .</font></B>  -Absent
<B><font color = 'blue'> .</font></B>  -Absent
<B><font color = 'blue'> .</font></B>  -Absent
<B><font color = 'blue'> .</font></B>  -Absent
<B><font color = 'blue'> .</font></B>  -Absent
<B><font color = 'blue'> .</font></B>  -Absent
<B><font color = 'blue'> .</font></B>  -Absent
<B><font color = 'blue'> .</font></B>  -Absent
<B><font color = 'blue'> .</font></B>  -Absent
<B><font color = 'blue'> .</font></B>  -Update Check 
<B><font color = 'blue'> .</font></B>  -updates@gmail.com
<B><font color = 'blue'> .</font></B>  -emp543
<B><font color = 'blue'> .</font></B>  -2022-10-24
<B><font color = 'blue'> .</font></B>  -Absent
<B><font color = 'blue'> .</font></B>  -Absent
<B><font color = 'blue'> .</font></B>  -undefined
<B><font color = 'blue'> .</font></B>  -Default
<B><font color = 'blue'> .</font></B>  -Default
<B><font color = 'blue'> .</font></B>  -Absent
<B><font color = 'blue'> .</font></B>  -Absent
<B><font color = 'blue'> .</font></B>  -Absent
<B><font color = 'blue'> .</font></B>  -Absent
<B><font color = 'blue'> .</font></B>  -Absent
<B><font color = 'blue'> .</font></B>  -Absent
<B><font color = 'blue'> .</font></B>  -Absent
<B><font color = 'blue'> .</font></B>  -Absent
<B><font color = 'blue'> .</font></B>  -Absent
<B><font color = 'blue'> .</font></B>  -Absent
<B><font color = 'blue'> .</font></B>  -Absent
<B><font color = 'blue'> .</font></B>  -test manager 
<B><font color = 'blue'> .</font></B>  -manageremp@gmail.com
<B><font color = 'blue'> .</font></B>  -glb020
<B><font color = 'blue'> .</font></B>  -2022-10-24
<B><font color = 'blue'> .</font></B>  -Absent
<B><font color = 'blue'> .</font></B>  -Absent
<B><font color = 'blue'> .</font></B>  -undefined
<B><font color = 'blue'> .</font></B>  -Default
<B><font color = 'blue'> .</font></B>  -Default
<B><font color = 'blue'> .</font></B>  -Absent
<B><font color = 'blue'> .</font></B>  -Absent
<B><font color = 'blue'> .</font></B>  -Absent
<B><font color = 'blue'> .</font></B>  -Absent
<B><font color = 'blue'> .</font></B>  -Absent
<B><font color = 'blue'> .</font></B>  -Absent
<B><font color = 'blue'> .</font></B>  -Absent
<B><font color = 'blue'> .</font></B>  -Absent
<B><font color = 'blue'> .</font></B>  -Absent
<B><font color = 'blue'> .</font></B>  -Absent
<B><font color = 'blue'> .</font></B>  -Absent
<B><font color = 'blue'> .</font></B>  -DESKTOP-PJJHB19 - GLB-BLR-002OjUpRD2 
<B><font color = 'blue'> .</font></B>  --
<B><font color = 'blue'> .</font></B>  -GLB-BLR-002OjUpRD2
<B><font color = 'blue'> .</font></B>  -2022-10-24
<B><font color = 'blue'> .</font></B>  -Absent
<B><font color = 'blue'> .</font></B>  -Absent
<B><font color = 'blue'> .</font></B>  -undefined
<B><font color = 'blue'> .</font></B>  -Default
<B><font color = 'blue'> .</font></B>  -Default
<B><font color = 'blue'> .</font></B>  -Absent
<B><font color = 'blue'> .</font></B>  -Absent
<B><font color = 'blue'> .</font></B>  -Absent
<B><font color = 'blue'> .</font></B>  -Absent
<B><font color = 'blue'> .</font></B>  -Absent
<B><font color = 'blue'> .</font></B>  -Absent
<B><font color = 'blue'> .</font></B>  -Absent
<B><font color = 'blue'> .</font></B>  -Absent
<B><font color = 'blue'> .</font></B>  -Absent
<B><font color = 'blue'> .</font></B>  -Absent
<B><font color = 'blue'> .</font></B>  -Absent
<B><font color = 'blue'> .</font></B>  -Usb Test 
<B><font color = 'blue'> .</font></B>  -usbtest123@gmail.com
<B><font color = 'blue'> .</font></B>  -emp0097
<B><font color = 'blue'> .</font></B>  -2022-10-24
<B><font color = 'blue'> .</font></B>  -Absent
<B><font color = 'blue'> .</font></B>  -Absent
<B><font color = 'blue'> .</font></B>  -undefined
<B><font color = 'blue'> .</font></B>  -Default
<B><font color = 'blue'> .</font></B>  -Default
<B><font color = 'blue'> .</font></B>  -Absent
<B><font color = 'blue'> .</font></B>  -Absent
<B><font color = 'blue'> .</font></B>  -Absent
<B><font color = 'blue'> .</font></B>  -Absent
<B><font color = 'blue'> .</font></B>  -Absent
<B><font color = 'blue'> .</font></B>  -Absent
<B><font color = 'blue'> .</font></B>  -Absent
<B><font color = 'blue'> .</font></B>  -Absent
<B><font color = 'blue'> .</font></B>  -Absent
<B><font color = 'blue'> .</font></B>  -Absent
<B><font color = 'blue'> .</font></B>  -Absent
<B><font color = 'blue'> .</font></B>  -SS Keystrokes 
<B><font color = 'blue'> .</font></B>  -sskey@gmail.com
<B><font color = 'blue'> .</font></B>  -emp98y
<B><font color = 'blue'> .</font></B>  -2022-10-24
<B><font color = 'blue'> .</font></B>  -Absent
<B><font color = 'blue'> .</font></B>  -Absent
<B><font color = 'blue'> .</font></B>  -undefined
<B><font color = 'blue'> .</font></B>  -Default
<B><font color = 'blue'> .</font></B>  -Default
<B><font color = 'blue'> .</font></B>  -Absent
<B><font color = 'blue'> .</font></B>  -Absent
<B><font color = 'blue'> .</font></B>  -Absent
<B><font color = 'blue'> .</font></B>  -Absent
<B><font color = 'blue'> .</font></B>  -Absent
<B><font color = 'blue'> .</font></B>  -Absent
<B><font color = 'blue'> .</font></B>  -Absent
<B><font color = 'blue'> .</font></B>  -Absent
<B><font color = 'blue'> .</font></B>  -Absent
<B><font color = 'blue'> .</font></B>  -Absent
<B><font color = 'blue'> .</font></B>  -Absent
<B><font color = 'blue'> .</font></B>  -shivammmmmmmmmmmmmmmmmmmm Kumar 
<B><font color = 'blue'> .</font></B>  -kgfyash545@gmail.com
<B><font color = 'blue'> .</font></B>  -hsakhdjk414
<B><font color = 'blue'> .</font></B>  -2022-10-24
<B><font color = 'blue'> .</font></B>  -Absent
<B><font color = 'blue'> .</font></B>  -Absent
<B><font color = 'blue'> .</font></B>  -undefined
<B><font color = 'blue'> .</font></B>  -Default
<B><font color = 'blue'> .</font></B>  -Default
<B><font color = 'blue'> .</font></B>  -Absent
<B><font color = 'blue'> .</font></B>  -Absent
<B><font color = 'blue'> .</font></B>  -Absent
<B><font color = 'blue'> .</font></B>  -Absent
<B><font color = 'blue'> .</font></B>  -Absent
<B><font color = 'blue'> .</font></B>  -Absent
<B><font color = 'blue'> .</font></B>  -Absent
<B><font color = 'blue'> .</font></B>  -Absent
<B><font color = 'blue'> .</font></B>  -Absent
<B><font color = 'blue'> .</font></B>  -Absent
<B><font color = 'blue'> .</font></B>  -Absent
<B><font color = 'blue'> .</font></B>  -Abhishek Four tf test 
<B><font color = 'blue'> .</font></B>  -abhishekfourtf@mail.com
<B><font color = 'blue'> .</font></B>  -HLIKSJ98
<B><font color = 'blue'> .</font></B>  -2022-10-24
<B><font color = 'blue'> .</font></B>  -Absent
<B><font color = 'blue'> .</font></B>  -Absent
<B><font color = 'blue'> .</font></B>  -undefined
<B><font color = 'blue'> .</font></B>  -Default
<B><font color = 'blue'> .</font></B>  -Default
<B><font color = 'blue'> .</font></B>  -Absent
<B><font color = 'blue'> .</font></B>  -Absent
<B><font color = 'blue'> .</font></B>  -Absent
<B><font color = 'blue'> .</font></B>  -Absent
<B><font color = 'blue'> .</font></B>  -Absent
<B><font color = 'blue'> .</font></B>  -Absent
<B><font color = 'blue'> .</font></B>  -Absent
<B><font color = 'blue'> .</font></B>  -Absent
<B><font color = 'blue'> .</font></B>  -Absent
<B><font color = 'blue'> .</font></B>  -Absent
<B><font color = 'blue'> .</font></B>  -Absent
<B><font color = 'blue'> .</font></B>  -new dev user 
<B><font color = 'blue'> .</font></B>  -new@dev.user
<B><font color = 'blue'> .</font></B>  -fdfsfsd
<B><font color = 'blue'> .</font></B>  -2022-10-24
<B><font color = 'blue'> .</font></B>  -Absent
<B><font color = 'blue'> .</font></B>  -Absent
<B><font color = 'blue'> .</font></B>  -undefined
<B><font color = 'blue'> .</font></B>  -Default
<B><font color = 'blue'> .</font></B>  -Default
<B><font color = 'blue'> .</font></B>  -Absent
<B><font color = 'blue'> .</font></B>  -Absent
<B><font color = 'blue'> .</font></B>  -Absent
<B><font color = 'blue'> .</font></B>  -Absent
<B><font color = 'blue'> .</font></B>  -Absent
<B><font color = 'blue'> .</font></B>  -Absent
<B><font color = 'blue'> .</font></B>  -Absent
<B><font color = 'blue'> .</font></B>  -Absent
<B><font color = 'blue'> .</font></B>  -Absent
<B><font color = 'blue'> .</font></B>  -Absent
<B><font color = 'blue'> .</font></B>  -Absent
<B><font color = 'blue'> .</font></B>  -aaaaaaaaaa aaaaaaaaa 
<B><font color = 'blue'> .</font></B>  -mmmm@gmail.com
<B><font color = 'blue'> .</font></B>  -80765s
<B><font color = 'blue'> .</font></B>  -2022-10-24
<B><font color = 'blue'> .</font></B>  -Absent
<B><font color = 'blue'> .</font></B>  -Absent
<B><font color = 'blue'> .</font></B>  -undefined
<B><font color = 'blue'> .</font></B>  -Bangalore
<B><font color = 'blue'> .</font></B>  -Testing
<B><font color = 'blue'> .</font></B>  -Absent
<B><font color = 'blue'> .</font></B>  -Absent
<B><font color = 'blue'> .</font></B>  -Absent
<B><font color = 'blue'> .</font></B>  -Absent
<B><font color = 'blue'> .</font></B>  -Absent
<B><font color = 'blue'> .</font></B>  -Absent
<B><font color = 'blue'> .</font></B>  -Absent
<B><font color = 'blue'> .</font></B>  -Absent
<B><font color = 'blue'> .</font></B>  -Absent
<B><font color = 'blue'> .</font></B>  -Absent
<B><font color = 'blue'> .</font></B>  -Absent
<B><font color = 'blue'> .</font></B>  -sumesh test 
<B><font color = 'blue'> .</font></B>  -sumesh@mail.com
<B><font color = 'blue'> .</font></B>  -fdgfdgf
<B><font color = 'blue'> .</font></B>  -2022-10-24
<B><font color = 'blue'> .</font></B>  -Absent
<B><font color = 'blue'> .</font></B>  -Absent
<B><font color = 'blue'> .</font></B>  -undefined
<B><font color = 'blue'> .</font></B>  -Bangalore
<B><font color = 'blue'> .</font></B>  -Testing
<B><font color = 'blue'> .</font></B>  -Absent
<B><font color = 'blue'> .</font></B>  -Absent
<B><font color = 'blue'> .</font></B>  -Absent
<B><font color = 'blue'> .</font></B>  -Absent
<B><font color = 'blue'> .</font></B>  -Absent
<B><font color = 'blue'> .</font></B>  -Absent
<B><font color = 'blue'> .</font></B>  -Absent
<B><font color = 'blue'> .</font></B>  -Absent
<B><font color = 'blue'> .</font></B>  -Absent
<B><font color = 'blue'> .</font></B>  -Absent
<B><font color = 'blue'> .</font></B>  -Absent
<B><font color = 'blue'> .</font></B>  -Test msc 
<B><font color = 'blue'> .</font></B>  -test123@gmail.com
<B><font color = 'blue'> .</font></B>  -12254
<B><font color = 'blue'> .</font></B>  -2022-10-24
<B><font color = 'blue'> .</font></B>  -Absent
<B><font color = 'blue'> .</font></B>  -Absent
<B><font color = 'blue'> .</font></B>  -undefined
<B><font color = 'blue'> .</font></B>  -Bangalore
<B><font color = 'blue'> .</font></B>  -Testing
<B><font color = 'blue'> .</font></B>  -Absent
<B><font color = 'blue'> .</font></B>  -Absent
<B><font color = 'blue'> .</font></B>  -Absent
<B><font color = 'blue'> .</font></B>  -Absent
<B><font color = 'blue'> .</font></B>  -Absent
<B><font color = 'blue'> .</font></B>  -Absent
<B><font color = 'blue'> .</font></B>  -Absent
<B><font color = 'blue'> .</font></B>  -Absent
<B><font color = 'blue'> .</font></B>  -Absent
<B><font color = 'blue'> .</font></B>  -Absent
<B><font color = 'blue'> .</font></B>  -Absent
<B><font color = 'blue'> .</font></B>  -deffdfds vscsc 
<B><font color = 'blue'> .</font></B>  -cscsdw123@gmail.com
<B><font color = 'blue'> .</font></B>  -1234512
<B><font color = 'blue'> .</font></B>  -2022-10-24
<B><font color = 'blue'> .</font></B>  -Absent
<B><font color = 'blue'> .</font></B>  -Absent
<B><font color = 'blue'> .</font></B>  -undefined
<B><font color = 'blue'> .</font></B>  -Bangalore
<B><font color = 'blue'> .</font></B>  -Testing
<B><font color = 'blue'> .</font></B>  -Absent
<B><font color = 'blue'> .</font></B>  -Absent
<B><font color = 'blue'> .</font></B>  -Absent
<B><font color = 'blue'> .</font></B>  -Absent
<B><font color = 'blue'> .</font></B>  -Absent
<B><font color = 'blue'> .</font></B>  -Absent
<B><font color = 'blue'> .</font></B>  -Absent
<B><font color = 'blue'> .</font></B>  -Absent
<B><font color = 'blue'> .</font></B>  -Absent
<B><font color = 'blue'> .</font></B>  -Absent
<B><font color = 'blue'> .</font></B>  -Absent
<B><font color = 'blue'> .</font></B>  -test testtt 
<B><font color = 'blue'> .</font></B>  -abcd@gmail.com
<B><font color = 'blue'> .</font></B>  -GLB55
<B><font color = 'blue'> .</font></B>  -2022-10-24
<B><font color = 'blue'> .</font></B>  -Absent
<B><font color = 'blue'> .</font></B>  -Absent
<B><font color = 'blue'> .</font></B>  -undefined
<B><font color = 'blue'> .</font></B>  -Bangalore
<B><font color = 'blue'> .</font></B>  -Testing
<B><font color = 'blue'> .</font></B>  -Absent
<B><font color = 'blue'> .</font></B>  -Absent
<B><font color = 'blue'> .</font></B>  -Absent
<B><font color = 'blue'> .</font></B>  -Absent
<B><font color = 'blue'> .</font></B>  -Absent
<B><font color = 'blue'> .</font></B>  -Absent
<B><font color = 'blue'> .</font></B>  -Absent
<B><font color = 'blue'> .</font></B>  -Absent
<B><font color = 'blue'> .</font></B>  -Absent
<B><font color = 'blue'> .</font></B>  -Absent
<B><font color = 'blue'> .</font></B>  -Absent
<B><font color = 'blue'> .</font></B>  -Abhishe tt 
<B><font color = 'blue'> .</font></B>  -ab@ab.com
<B><font color = 'blue'> .</font></B>  -GKD567
<B><font color = 'blue'> .</font></B>  -2022-10-24
<B><font color = 'blue'> .</font></B>  -Absent
<B><font color = 'blue'> .</font></B>  -Absent
<B><font color = 'blue'> .</font></B>  -undefined
<B><font color = 'blue'> .</font></B>  -Bangalore
<B><font color = 'blue'> .</font></B>  -Testing
<B><font color = 'blue'> .</font></B>  -Absent
<B><font color = 'blue'> .</font></B>  -Absent
<B><font color = 'blue'> .</font></B>  -Absent
<B><font color = 'blue'> .</font></B>  -Absent
<B><font color = 'blue'> .</font></B>  -Absent
<B><font color = 'blue'> .</font></B>  -Absent
<B><font color = 'blue'> .</font></B>  -Absent
<B><font color = 'blue'> .</font></B>  -Absent
<B><font color = 'blue'> .</font></B>  -Absent
<B><font color = 'blue'> .</font></B>  -Absent
<B><font color = 'blue'> .</font></B>  -Absent
<B><font color = 'blue'> .</font></B>  -test nonadmin 
<B><font color = 'blue'> .</font></B>  -testnonadmin@gmail.com
<B><font color = 'blue'> .</font></B>  -GLB026
<B><font color = 'blue'> .</font></B>  -2022-10-24
<B><font color = 'blue'> .</font></B>  -Absent
<B><font color = 'blue'> .</font></B>  -Absent
<B><font color = 'blue'> .</font></B>  -undefined
<B><font color = 'blue'> .</font></B>  -Bangalore
<B><font color = 'blue'> .</font></B>  -Php
<B><font color = 'blue'> .</font></B>  -Absent
<B><font color = 'blue'> .</font></B>  -Absent
<B><font color = 'blue'> .</font></B>  -Absent
<B><font color = 'blue'> .</font></B>  -Absent
<B><font color = 'blue'> .</font></B>  -Absent
<B><font color = 'blue'> .</font></B>  -Absent
<B><font color = 'blue'> .</font></B>  -Absent
<B><font color = 'blue'> .</font></B>  -Absent
<B><font color = 'blue'> .</font></B>  -Absent
<B><font color = 'blue'> .</font></B>  -Absent
<B><font color = 'blue'> .</font></B>  -Absent
<B><font color = 'blue'> .</font></B>  -adg ckj 
<B><font color = 'blue'> .</font></B>  -adcs@1234
<B><font color = 'blue'> .</font></B>  -583
<B><font color = 'blue'> .</font></B>  -2022-10-24
<B><font color = 'blue'> .</font></B>  -Absent
<B><font color = 'blue'> .</font></B>  -Absent
<B><font color = 'blue'> .</font></B>  -undefined
<B><font color = 'blue'> .</font></B>  -Bangalore
<B><font color = 'blue'> .</font></B>  -Testing
<B><font color = 'blue'> .</font></B>  -Absent
<B><font color = 'blue'> .</font></B>  -Absent
<B><font color = 'blue'> .</font></B>  -Absent
<B><font color = 'blue'> .</font></B>  -Absent
<B><font color = 'blue'> .</font></B>  -Absent
<B><font color = 'blue'> .</font></B>  -Absent
<B><font color = 'blue'> .</font></B>  -Absent
<B><font color = 'blue'> .</font></B>  -Absent
<B><font color = 'blue'> .</font></B>  -Absent
<B><font color = 'blue'> .</font></B>  -Absent
<B><font color = 'blue'> .</font></B>  -Absent
<B><font color = 'blue'> .</font></B>  -dominic toretto 
<B><font color = 'blue'> .</font></B>  -dom.toretto737@gmail.com
<B><font color = 'blue'> .</font></B>  -EMP011
<B><font color = 'blue'> .</font></B>  -2022-10-24
<B><font color = 'blue'> .</font></B>  -Absent
<B><font color = 'blue'> .</font></B>  -Absent
<B><font color = 'blue'> .</font></B>  -undefined
<B><font color = 'blue'> .</font></B>  -Bangalore
<B><font color = 'blue'> .</font></B>  -Testing
<B><font color = 'blue'> .</font></B>  -Absent
<B><font color = 'blue'> .</font></B>  -Absent
<B><font color = 'blue'> .</font></B>  -Absent
<B><font color = 'blue'> .</font></B>  -Absent
<B><font color = 'blue'> .</font></B>  -Absent
<B><font color = 'blue'> .</font></B>  -Absent
<B><font color = 'blue'> .</font></B>  -Absent
<B><font color = 'blue'> .</font></B>  -Absent
<B><font color = 'blue'> .</font></B>  -Absent
<B><font color = 'blue'> .</font></B>  -Absent
<B><font color = 'blue'> .</font></B>  -Absent
<B><font color = 'blue'> .</font></B>  -Abhishek Test 
<B><font color = 'blue'> .</font></B>  -abhishektrest@glb.in
<B><font color = 'blue'> .</font></B>  -rN7tvEiDPGNi4fD
<B><font color = 'blue'> .</font></B>  -2022-10-24
<B><font color = 'blue'> .</font></B>  -Absent
<B><font color = 'blue'> .</font></B>  -Absent
<B><font color = 'blue'> .</font></B>  -undefined
<B><font color = 'blue'> .</font></B>  -Bangalore
<B><font color = 'blue'> .</font></B>  -Php
<B><font color = 'blue'> .</font></B>  -Absent
<B><font color = 'blue'> .</font></B>  -Absent
<B><font color = 'blue'> .</font></B>  -Absent
<B><font color = 'blue'> .</font></B>  -Absent
<B><font color = 'blue'> .</font></B>  -Absent
<B><font color = 'blue'> .</font></B>  -Absent
<B><font color = 'blue'> .</font></B>  -Absent
<B><font color = 'blue'> .</font></B>  -Absent
<B><font color = 'blue'> .</font></B>  -Absent
<B><font color = 'blue'> .</font></B>  -Absent
<B><font color = 'blue'> .</font></B>  -Absent
<B><font color = 'blue'> .</font></B>  -Superior Test one 
<B><font color = 'blue'> .</font></B>  -superiorone@gmail.com
<B><font color = 'blue'> .</font></B>  -twoqw
<B><font color = 'blue'> .</font></B>  -2022-10-24
<B><font color = 'blue'> .</font></B>  -Absent
<B><font color = 'blue'> .</font></B>  -Absent
<B><font color = 'blue'> .</font></B>  -undefined
<B><font color = 'blue'> .</font></B>  -Bangalore
<B><font color = 'blue'> .</font></B>  -Testing
<B><font color = 'blue'> .</font></B>  -Absent
<B><font color = 'blue'> .</font></B>  -Absent
<B><font color = 'blue'> .</font></B>  -Absent
<B><font color = 'blue'> .</font></B>  -Absent
<B><font color = 'blue'> .</font></B>  -Absent
<B><font color = 'blue'> .</font></B>  -Absent
<B><font color = 'blue'> .</font></B>  -Absent
<B><font color = 'blue'> .</font></B>  -Absent
<B><font color = 'blue'> .</font></B>  -Absent
<B><font color = 'blue'> .</font></B>  -Absent
<B><font color = 'blue'> .</font></B>  -Absent
<B><font color = 'blue'> .</font></B>  -test testw 
<B><font color = 'blue'> .</font></B>  -test@mac.in
<B><font color = 'blue'> .</font></B>  -aaf123
<B><font color = 'blue'> .</font></B>  -2022-10-24
<B><font color = 'blue'> .</font></B>  -Absent
<B><font color = 'blue'> .</font></B>  -Absent
<B><font color = 'blue'> .</font></B>  -undefined
<B><font color = 'blue'> .</font></B>  -Bangalore
<B><font color = 'blue'> .</font></B>  -Php
<B><font color = 'blue'> .</font></B>  -Absent
<B><font color = 'blue'> .</font></B>  -Absent
<B><font color = 'blue'> .</font></B>  -Absent
<B><font color = 'blue'> .</font></B>  -Absent
<B><font color = 'blue'> .</font></B>  -Absent
<B><font color = 'blue'> .</font></B>  -Absent
<B><font color = 'blue'> .</font></B>  -Absent
<B><font color = 'blue'> .</font></B>  -Absent
<B><font color = 'blue'> .</font></B>  -Absent
<B><font color = 'blue'> .</font></B>  -Absent
<B><font color = 'blue'> .</font></B>  -Absent
<B><font color = 'blue'> .</font></B>  -sam eer 
<B><font color = 'blue'> .</font></B>  -sam@rf.in
<B><font color = 'blue'> .</font></B>  -WSAERT2Q34E
<B><font color = 'blue'> .</font></B>  -2022-10-24
<B><font color = 'blue'> .</font></B>  -Absent
<B><font color = 'blue'> .</font></B>  -Absent
<B><font color = 'blue'> .</font></B>  -undefined
<B><font color = 'blue'> .</font></B>  -Bangalore
<B><font color = 'blue'> .</font></B>  -Testing
<B><font color = 'blue'> .</font></B>  -Absent
<B><font color = 'blue'> .</font></B>  -Absent
<B><font color = 'blue'> .</font></B>  -Absent
<B><font color = 'blue'> .</font></B>  -Absent
<B><font color = 'blue'> .</font></B>  -Absent
<B><font color = 'blue'> .</font></B>  -Absent
<B><font color = 'blue'> .</font></B>  -Absent
<B><font color = 'blue'> .</font></B>  -Absent
<B><font color = 'blue'> .</font></B>  -Absent
<B><font color = 'blue'> .</font></B>  -Absent
<B><font color = 'blue'> .</font></B>  -Absent
<B><font color = 'blue'> .</font></B>  -Test test 
<B><font color = 'blue'> .</font></B>  -sarikajain@gmail.com
<B><font color = 'blue'> .</font></B>  -E-101
<B><font color = 'blue'> .</font></B>  -2022-10-24
<B><font color = 'blue'> .</font></B>  -Absent
<B><font color = 'blue'> .</font></B>  -Absent
<B><font color = 'blue'> .</font></B>  -undefined
<B><font color = 'blue'> .</font></B>  -Bangalore
<B><font color = 'blue'> .</font></B>  -Testing
<B><font color = 'blue'> .</font></B>  -Absent
<B><font color = 'blue'> .</font></B>  -Absent
<B><font color = 'blue'> .</font></B>  -Absent
<B><font color = 'blue'> .</font></B>  -Absent
<B><font color = 'blue'> .</font></B>  -Absent
<B><font color = 'blue'> .</font></B>  -Absent
<B><font color = 'blue'> .</font></B>  -Absent
<B><font color = 'blue'> .</font></B>  -Absent
<B><font color = 'blue'> .</font></B>  -Absent
<B><font color = 'blue'> .</font></B>  -Absent
<B><font color = 'blue'> .</font></B>  -Absent
<B><font color = 'blue'> .</font></B>  -sithu kalluru 
<B><font color = 'blue'> .</font></B>  -sitaramireddy@globussoft.in
<B><font color = 'blue'> .</font></B>  -code12
<B><font color = 'blue'> .</font></B>  -2022-10-24
<B><font color = 'blue'> .</font></B>  -Absent
<B><font color = 'blue'> .</font></B>  -Absent
<B><font color = 'blue'> .</font></B>  -undefined
<B><font color = 'blue'> .</font></B>  -Bangalore
<B><font color = 'blue'> .</font></B>  -Testing
<B><font color = 'blue'> .</font></B>  -Absent
<B><font color = 'blue'> .</font></B>  -Absent
<B><font color = 'blue'> .</font></B>  -Absent
<B><font color = 'blue'> .</font></B>  -Absent
<B><font color = 'blue'> .</font></B>  -Absent
<B><font color = 'blue'> .</font></B>  -Absent
<B><font color = 'blue'> .</font></B>  -Absent
<B><font color = 'blue'> .</font></B>  -Absent
<B><font color = 'blue'> .</font></B>  -Absent
<B><font color = 'blue'> .</font></B>  -Absent
<B><font color = 'blue'> .</font></B>  -Absent
<B><font color = 'blue'> .</font></B>  -test123 abcd 
<B><font color = 'blue'> .</font></B>  -s@gmail.com
<B><font color = 'blue'> .</font></B>  -code123z
<B><font color = 'blue'> .</font></B>  -2022-10-24
<B><font color = 'blue'> .</font></B>  -Absent
<B><font color = 'blue'> .</font></B>  -Absent
<B><font color = 'blue'> .</font></B>  -undefined
<B><font color = 'blue'> .</font></B>  -Bangalore
<B><font color = 'blue'> .</font></B>  -Testing
<B><font color = 'blue'> .</font></B>  -Absent
<B><font color = 'blue'> .</font></B>  -Absent
<B><font color = 'blue'> .</font></B>  -Absent
<B><font color = 'blue'> .</font></B>  -Absent
<B><font color = 'blue'> .</font></B>  -Absent
<B><font color = 'blue'> .</font></B>  -Absent
<B><font color = 'blue'> .</font></B>  -Absent
<B><font color = 'blue'> .</font></B>  -Absent
<B><font color = 'blue'> .</font></B>  -Absent
<B><font color = 'blue'> .</font></B>  -Absent
<B><font color = 'blue'> .</font></B>  -Absent
<B><font color = 'blue'> .</font></B>  -testing test 
<B><font color = 'blue'> .</font></B>  -aarshajoyson1601@gmail.com
<B><font color = 'blue'> .</font></B>  -glb0008
<B><font color = 'blue'> .</font></B>  -2022-10-24
<B><font color = 'blue'> .</font></B>  -Absent
<B><font color = 'blue'> .</font></B>  -Absent
<B><font color = 'blue'> .</font></B>  -undefined
<B><font color = 'blue'> .</font></B>  -Bangalore
<B><font color = 'blue'> .</font></B>  -Php
<B><font color = 'blue'> .</font></B>  -Absent
<B><font color = 'blue'> .</font></B>  -Absent
<B><font color = 'blue'> .</font></B>  -Absent
<B><font color = 'blue'> .</font></B>  -Absent
<B><font color = 'blue'> .</font></B>  -Absent
<B><font color = 'blue'> .</font></B>  -Absent
<B><font color = 'blue'> .</font></B>  -Absent
<B><font color = 'blue'> .</font></B>  -Absent
<B><font color = 'blue'> .</font></B>  -Absent
<B><font color = 'blue'> .</font></B>  -Absent
<B><font color = 'blue'> .</font></B>  -Absent
<B><font color = 'blue'> .</font></B>  -Automation CodeeeAuto 
<B><font color = 'blue'> .</font></B>  -skabcdef7@gmail.com
<B><font color = 'blue'> .</font></B>  -Emp-Abzcde-1234522
<B><font color = 'blue'> .</font></B>  -2022-10-24
<B><font color = 'blue'> .</font></B>  -Absent
<B><font color = 'blue'> .</font></B>  -Absent
<B><font color = 'blue'> .</font></B>  -undefined
<B><font color = 'blue'> .</font></B>  -Bangalore
<B><font color = 'blue'> .</font></B>  -Testing
<B><font color = 'blue'> .</font></B>  -Absent
<B><font color = 'blue'> .</font></B>  -Absent
<B><font color = 'blue'> .</font></B>  -Absent
<B><font color = 'blue'> .</font></B>  -Absent
<B><font color = 'blue'> .</font></B>  -Absent
<B><font color = 'blue'> .</font></B>  -Absent
<B><font color = 'blue'> .</font></B>  -Absent
<B><font color = 'blue'> .</font></B>  -Absent
<B><font color = 'blue'> .</font></B>  -Absent
<B><font color = 'blue'> .</font></B>  -Absent
<B><font color = 'blue'> .</font></B>  -Absent
<B><font color = 'blue'> .</font></B>  -piyush dfgsfg 
<B><font color = 'blue'> .</font></B>  -jos@gmail.com
<B><font color = 'blue'> .</font></B>  -sdgff
<B><font color = 'blue'> .</font></B>  -2022-10-24
<B><font color = 'blue'> .</font></B>  -Absent
<B><font color = 'blue'> .</font></B>  -Absent
<B><font color = 'blue'> .</font></B>  -undefined
<B><font color = 'blue'> .</font></B>  -Bangalore
<B><font color = 'blue'> .</font></B>  -Testing
<B><font color = 'blue'> .</font></B>  -Absent
<B><font color = 'blue'> .</font></B>  -Absent
<B><font color = 'blue'> .</font></B>  -Absent
<B><font color = 'blue'> .</font></B>  -Absent
<B><font color = 'blue'> .</font></B>  -Absent
<B><font color = 'blue'> .</font></B>  -Absent
<B><font color = 'blue'> .</font></B>  -Absent
<B><font color = 'blue'> .</font></B>  -Absent
<B><font color = 'blue'> .</font></B>  -Absent
<B><font color = 'blue'> .</font></B>  -Absent
<B><font color = 'blue'> .</font></B>  -Absent
<B><font color = 'blue'> .</font></B>  -Aryan raj 
<B><font color = 'blue'> .</font></B>  -alex@gmail.com
<B><font color = 'blue'> .</font></B>  -126
<B><font color = 'blue'> .</font></B>  -2022-10-24
<B><font color = 'blue'> .</font></B>  -Absent
<B><font color = 'blue'> .</font></B>  -Absent
<B><font color = 'blue'> .</font></B>  -undefined
<B><font color = 'blue'> .</font></B>  -Bangalore
<B><font color = 'blue'> .</font></B>  -Testing
<B><font color = 'blue'> .</font></B>  -Absent
<B><font color = 'blue'> .</font></B>  -Absent
<B><font color = 'blue'> .</font></B>  -Absent
<B><font color = 'blue'> .</font></B>  -Absent
<B><font color = 'blue'> .</font></B>  -Absent
<B><font color = 'blue'> .</font></B>  -Absent
<B><font color = 'blue'> .</font></B>  -Absent
<B><font color = 'blue'> .</font></B>  -Absent
<B><font color = 'blue'> .</font></B>  -Absent
<B><font color = 'blue'> .</font></B>  -Absent
<B><font color = 'blue'> .</font></B>  -Absent
<B><font color = 'blue'> .</font></B>  -Automation CodeeeAuto 
<B><font color = 'blue'> .</font></B>  -skabcdef38@gmail.com
<B><font color = 'blue'> .</font></B>  -Emp-Abzcde-123457
<B><font color = 'blue'> .</font></B>  -2022-10-24
<B><font color = 'blue'> .</font></B>  -Absent
<B><font color = 'blue'> .</font></B>  -Absent
<B><font color = 'blue'> .</font></B>  -undefined
<B><font color = 'blue'> .</font></B>  -Bangalore
<B><font color = 'blue'> .</font></B>  -Testing
<B><font color = 'blue'> .</font></B>  -Absent
<B><font color = 'blue'> .</font></B>  -Absent
<B><font color = 'blue'> .</font></B>  -Absent
<B><font color = 'blue'> .</font></B>  -Absent
<B><font color = 'blue'> .</font></B>  -Absent
<B><font color = 'blue'> .</font></B>  -Absent
<B><font color = 'blue'> .</font></B>  -Absent
<B><font color = 'blue'> .</font></B>  -Absent
<B><font color = 'blue'> .</font></B>  -Absent
<B><font color = 'blue'> .</font></B>  -Absent
<B><font color = 'blue'> .</font></B>  -Absent
<B><font color = 'blue'> .</font></B>  -Automation CodeeeAuto 
<B><font color = 'blue'> .</font></B>  -skabcdef33@gmail.com
<B><font color = 'blue'> .</font></B>  -Emp-Abzcde-1234557
<B><font color = 'blue'> .</font></B>  -2022-10-24
<B><font color = 'blue'> .</font></B>  -Absent
<B><font color = 'blue'> .</font></B>  -Absent
<B><font color = 'blue'> .</font></B>  -undefined
<B><font color = 'blue'> .</font></B>  -Bangalore
<B><font color = 'blue'> .</font></B>  -Testing
<B><font color = 'blue'> .</font></B>  -Absent
<B><font color = 'blue'> .</font></B>  -Absent
<B><font color = 'blue'> .</font></B>  -Absent
<B><font color = 'blue'> .</font></B>  -Absent
<B><font color = 'blue'> .</font></B>  -Absent
<B><font color = 'blue'> .</font></B>  -Absent
<B><font color = 'blue'> .</font></B>  -Absent
<B><font color = 'blue'> .</font></B>  -Absent
<B><font color = 'blue'> .</font></B>  -Absent
<B><font color = 'blue'> .</font></B>  -Absent
<B><font color = 'blue'> .</font></B>  -Absent
<B><font color = 'blue'> .</font></B>  -D Surya Prabhakar 
<B><font color = 'blue'> .</font></B>  -surya1@gmail.com
<B><font color = 'blue'> .</font></B>  -EM010
<B><font color = 'blue'> .</font></B>  -2022-10-24
<B><font color = 'blue'> .</font></B>  -Absent
<B><font color = 'blue'> .</font></B>  -Absent
<B><font color = 'blue'> .</font></B>  -undefined
<B><font color = 'blue'> .</font></B>  -bengaluru
<B><font color = 'blue'> .</font></B>  -Testing
<B><font color = 'blue'> .</font></B>  -Absent
<B><font color = 'blue'> .</font></B>  -Absent
<B><font color = 'blue'> .</font></B>  -Absent
<B><font color = 'blue'> .</font></B>  -Absent
<B><font color = 'blue'> .</font></B>  -Absent
<B><font color = 'blue'> .</font></B>  -Absent
<B><font color = 'blue'> .</font></B>  -Absent
<B><font color = 'blue'> .</font></B>  -Absent
<B><font color = 'blue'> .</font></B>  -Absent
<B><font color = 'blue'> .</font></B>  -Absent
<B><font color = 'blue'> .</font></B>  -Absent
<B><font color = 'blue'> .</font></B>  -R o       hit Sharma 
<B><font color = 'blue'> .</font></B>  -rahulrajt5613928@gmail.com
<B><font color = 'blue'> .</font></B>  -67645
<B><font color = 'blue'> .</font></B>  -2022-10-24
<B><font color = 'blue'> .</font></B>  -Absent
<B><font color = 'blue'> .</font></B>  -Absent
<B><font color = 'blue'> .</font></B>  -undefined
<B><font color = 'blue'> .</font></B>  -bengaluru
<B><font color = 'blue'> .</font></B>  -Testing
<B><font color = 'blue'> .</font></B>  -Absent
<B><font color = 'blue'> .</font></B>  -Absent
<B><font color = 'blue'> .</font></B>  -Absent
<B><font color = 'blue'> .</font></B>  -Absent
<B><font color = 'blue'> .</font></B>  -Absent
<B><font color = 'blue'> .</font></B>  -Absent
<B><font color = 'blue'> .</font></B>  -Absent
<B><font color = 'blue'> .</font></B>  -Absent
<B><font color = 'blue'> .</font></B>  -Absent
<B><font color = 'blue'> .</font></B>  -Absent
<B><font color = 'blue'> .</font></B>  -Absent
<B><font color = 'blue'> .</font></B>  -ni test 
<B><font color = 'blue'> .</font></B>  -nitest12@gmail.com
<B><font color = 'blue'> .</font></B>  -GLB678
<B><font color = 'blue'> .</font></B>  -2022-10-24
<B><font color = 'blue'> .</font></B>  -Absent
<B><font color = 'blue'> .</font></B>  -Absent
<B><font color = 'blue'> .</font></B>  -undefined
<B><font color = 'blue'> .</font></B>  -bengaluru
<B><font color = 'blue'> .</font></B>  -Testing
<B><font color = 'blue'> .</font></B>  -Absent
<B><font color = 'blue'> .</font></B>  -Absent
<B><font color = 'blue'> .</font></B>  -Absent
<B><font color = 'blue'> .</font></B>  -Absent
<B><font color = 'blue'> .</font></B>  -Absent
<B><font color = 'blue'> .</font></B>  -Absent
<B><font color = 'blue'> .</font></B>  -Absent
<B><font color = 'blue'> .</font></B>  -Absent
<B><font color = 'blue'> .</font></B>  -Absent
<B><font color = 'blue'> .</font></B>  -Absent
<B><font color = 'blue'> .</font></B>  -Absent
<B><font color = 'blue'> .</font></B>  -one test 
<B><font color = 'blue'> .</font></B>  -testone1234@gmail.com
<B><font color = 'blue'> .</font></B>  -0110
<B><font color = 'blue'> .</font></B>  -2022-10-24
<B><font color = 'blue'> .</font></B>  -Absent
<B><font color = 'blue'> .</font></B>  -Absent
<B><font color = 'blue'> .</font></B>  -undefined
<B><font color = 'blue'> .</font></B>  -bengaluru
<B><font color = 'blue'> .</font></B>  -Testing
<B><font color = 'blue'> .</font></B>  -Absent
<B><font color = 'blue'> .</font></B>  -Absent
<B><font color = 'blue'> .</font></B>  -Absent
<B><font color = 'blue'> .</font></B>  -Absent
<B><font color = 'blue'> .</font></B>  -Absent
<B><font color = 'blue'> .</font></B>  -Absent
<B><font color = 'blue'> .</font></B>  -Absent
<B><font color = 'blue'> .</font></B>  -Absent
<B><font color = 'blue'> .</font></B>  -Absent
<B><font color = 'blue'> .</font></B>  -Absent
<B><font color = 'blue'> .</font></B>  -Absent
<B><font color = 'blue'> .</font></B>  -GLB-BLR-010-PC - GLB-BLR-010 
<B><font color = 'blue'> .</font></B>  -abcd@yuksdgus
<B><font color = 'blue'> .</font></B>  -GLB-BLR-010
<B><font color = 'blue'> .</font></B>  -2022-10-24
<B><font color = 'blue'> .</font></B>  -Absent
<B><font color = 'blue'> .</font></B>  -Absent
<B><font color = 'blue'> .</font></B>  -undefined
<B><font color = 'blue'> .</font></B>  -bengaluru
<B><font color = 'blue'> .</font></B>  -Testing
<B><font color = 'blue'> .</font></B>  -Absent
<B><font color = 'blue'> .</font></B>  -Absent
<B><font color = 'blue'> .</font></B>  -Absent
<B><font color = 'blue'> .</font></B>  -Absent
<B><font color = 'blue'> .</font></B>  -Absent
<B><font color = 'blue'> .</font></B>  -Absent
<B><font color = 'blue'> .</font></B>  -Absent
<B><font color = 'blue'> .</font></B>  -Absent
<B><font color = 'blue'> .</font></B>  -Absent
<B><font color = 'blue'> .</font></B>  -Absent
<B><font color = 'blue'> .</font></B>  -Absent
<B><font color = 'blue'> .</font></B>  -surya kk 
<B><font color = 'blue'> .</font></B>  -123@gmail.com
<B><font color = 'blue'> .</font></B>  -mmmmm
<B><font color = 'blue'> .</font></B>  -2022-10-24
<B><font color = 'blue'> .</font></B>  -Absent
<B><font color = 'blue'> .</font></B>  -Absent
<B><font color = 'blue'> .</font></B>  -undefined
<B><font color = 'blue'> .</font></B>  -Tamilnadu
<B><font color = 'blue'> .</font></B>  -Test and Dev
<B><font color = 'blue'> .</font></B>  -Absent
<B><font color = 'blue'> .</font></B>  -Absent
<B><font color = 'blue'> .</font></B>  -Absent
<B><font color = 'blue'> .</font></B>  -Absent
<B><font color = 'blue'> .</font></B>  -Absent
<B><font color = 'blue'> .</font></B>  -Absent
<B><font color = 'blue'> .</font></B>  -Absent
<B><font color = 'blue'> .</font></B>  -Absent
<B><font color = 'blue'> .</font></B>  -Absent
<B><font color = 'blue'> .</font></B>  -Absent
<B><font color = 'blue'> .</font></B>  -Absent
<B><font color = 'blue'> .</font></B>  -sai kk 
<B><font color = 'blue'> .</font></B>  -saikk19876@gmail.com
<B><font color = 'blue'> .</font></B>  -20221019
<B><font color = 'blue'> .</font></B>  -2022-10-24
<B><font color = 'blue'> .</font></B>  -Absent
<B><font color = 'blue'> .</font></B>  -Absent
<B><font color = 'blue'> .</font></B>  -undefined
<B><font color = 'blue'> .</font></B>  -Tamilnadu
<B><font color = 'blue'> .</font></B>  -Test and Dev
<B><font color = 'blue'> .</font></B>  -Absent
<B><font color = 'blue'> .</font></B>  -Absent
<B><font color = 'blue'> .</font></B>  -Absent
<B><font color = 'blue'> .</font></B>  -Absent
<B><font color = 'blue'> .</font></B>  -Absent
<B><font color = 'blue'> .</font></B>  -Absent
<B><font color = 'blue'> .</font></B>  -Absent
<B><font color = 'blue'> .</font></B>  -Absent
<B><font color = 'blue'> .</font></B>  -Absent
<B><font color = 'blue'> .</font></B>  -Absent
<B><font color = 'blue'> .</font></B>  -Absent
<B><font color = 'blue'> .</font></B>  -ajeethemp test 
<B><font color = 'blue'> .</font></B>  -ajeethemp@gmail.com
<B><font color = 'blue'> .</font></B>  -A01
<B><font color = 'blue'> .</font></B>  -2022-10-24
<B><font color = 'blue'> .</font></B>  -Absent
<B><font color = 'blue'> .</font></B>  -Absent
<B><font color = 'blue'> .</font></B>  -undefined
<B><font color = 'blue'> .</font></B>  -Tamilnadu
<B><font color = 'blue'> .</font></B>  -Test and Dev
<B><font color = 'blue'> .</font></B>  -Absent
<B><font color = 'blue'> .</font></B>  -Absent
<B><font color = 'blue'> .</font></B>  -Absent
<B><font color = 'blue'> .</font></B>  -Absent
<B><font color = 'blue'> .</font></B>  -Absent
<B><font color = 'blue'> .</font></B>  -Absent
<B><font color = 'blue'> .</font></B>  -Absent
<B><font color = 'blue'> .</font></B>  -Absent
<B><font color = 'blue'> .</font></B>  -Absent
<B><font color = 'blue'> .</font></B>  -Absent
<B><font color = 'blue'> .</font></B>  -Absent
<B><font color = 'blue'> .</font></B>  -test user two 
<B><font color = 'blue'> .</font></B>  -testuser@two.io
<B><font color = 'blue'> .</font></B>  -GSLL-327
<B><font color = 'blue'> .</font></B>  -2022-10-24
<B><font color = 'blue'> .</font></B>  -Absent
<B><font color = 'blue'> .</font></B>  -Absent
<B><font color = 'blue'> .</font></B>  -undefined
<B><font color = 'blue'> .</font></B>  -Tamilnadu
<B><font color = 'blue'> .</font></B>  -Test and Dev
<B><font color = 'blue'> .</font></B>  -Absent
<B><font color = 'blue'> .</font></B>  -Absent
<B><font color = 'blue'> .</font></B>  -Absent
<B><font color = 'blue'> .</font></B>  -Absent
<B><font color = 'blue'> .</font></B>  -Absent
<B><font color = 'blue'> .</font></B>  -Absent
<B><font color = 'blue'> .</font></B>  -Absent
<B><font color = 'blue'> .</font></B>  -Absent
<B><font color = 'blue'> .</font></B>  -Absent
<B><font color = 'blue'> .</font></B>  -Absent
<B><font color = 'blue'> .</font></B>  -Absent
<B><font color = 'blue'> .</font></B>  -Himanshu Kumar 
<B><font color = 'blue'> .</font></B>  -himanshu1@gmail.com
<B><font color = 'blue'> .</font></B>  -EM011
<B><font color = 'blue'> .</font></B>  -2022-10-24
<B><font color = 'blue'> .</font></B>  -Absent
<B><font color = 'blue'> .</font></B>  -Absent
<B><font color = 'blue'> .</font></B>  -undefined
<B><font color = 'blue'> .</font></B>  -bagalkot
<B><font color = 'blue'> .</font></B>  -manual testing
<B><font color = 'blue'> .</font></B>  -Absent
<B><font color = 'blue'> .</font></B>  -Absent
<B><font color = 'blue'> .</font></B>  -Absent
<B><font color = 'blue'> .</font></B>  -Absent
<B><font color = 'blue'> .</font></B>  -Absent
<B><font color = 'blue'> .</font></B>  -Absent
<B><font color = 'blue'> .</font></B>  -Absent
<B><font color = 'blue'> .</font></B>  -Absent
<B><font color = 'blue'> .</font></B>  -Absent
<B><font color = 'blue'> .</font></B>  -Absent
<B><font color = 'blue'> .</font></B>  -Absent
<B><font color = 'blue'> .</font></B>  -dxgfdxg gssdg 
<B><font color = 'blue'> .</font></B>  -sdgsg@dgksodkg.in
<B><font color = 'blue'> .</font></B>  -asfda343443
<B><font color = 'blue'> .</font></B>  -2022-10-24
<B><font color = 'blue'> .</font></B>  -Absent
<B><font color = 'blue'> .</font></B>  -Absent
<B><font color = 'blue'> .</font></B>  -undefined
<B><font color = 'blue'> .</font></B>  -Bhilai
<B><font color = 'blue'> .</font></B>  -Php
<B><font color = 'blue'> .</font></B>  -Absent
<B><font color = 'blue'> .</font></B>  -Absent
<B><font color = 'blue'> .</font></B>  -Absent
<B><font color = 'blue'> .</font></B>  -Absent
<B><font color = 'blue'> .</font></B>  -Absent
<B><font color = 'blue'> .</font></B>  -Absent
<B><font color = 'blue'> .</font></B>  -Absent
<B><font color = 'blue'> .</font></B>  -Absent
<B><font color = 'blue'> .</font></B>  -Absent
<B><font color = 'blue'> .</font></B>  -Absent
<B><font color = 'blue'> .</font></B>  -Absent
<B><font color = 'blue'> .</font></B>  -Guest User 
<B><font color = 'blue'> .</font></B>  -guestuser@gmail.com
<B><font color = 'blue'> .</font></B>  -GLB-777
<B><font color = 'blue'> .</font></B>  -2022-10-24
<B><font color = 'blue'> .</font></B>  -Absent
<B><font color = 'blue'> .</font></B>  -Absent
<B><font color = 'blue'> .</font></B>  -undefined
<B><font color = 'blue'> .</font></B>  -Bhilai
<B><font color = 'blue'> .</font></B>  -Php
<B><font color = 'blue'> .</font></B>  -Absent
<B><font color = 'blue'> .</font></B>  -Absent
<B><font color = 'blue'> .</font></B>  -Absent
<B><font color = 'blue'> .</font></B>  -Absent
<B><font color = 'blue'> .</font></B>  -Absent
<B><font color = 'blue'> .</font></B>  -Absent
<B><font color = 'blue'> .</font></B>  -Absent
<B><font color = 'blue'> .</font></B>  -Absent
<B><font color = 'blue'> .</font></B>  -Absent
<B><font color = 'blue'> .</font></B>  -Absent
<B><font color = 'blue'> .</font></B>  -Absent
<B><font color = 'blue'> .</font></B>  -Virat kohli 
<B><font color = 'blue'> .</font></B>  -rahukbgdxgsf@gmail.com
<B><font color = 'blue'> .</font></B>  -65332
<B><font color = 'blue'> .</font></B>  -2022-10-23
<B><font color = 'blue'> .</font></B>  -Absent
<B><font color = 'blue'> .</font></B>  -Absent
<B><font color = 'blue'> .</font></B>  -undefined
<B><font color = 'blue'> .</font></B>  -Default
<B><font color = 'blue'> .</font></B>  -Default
<B><font color = 'blue'> .</font></B>  -Absent
<B><font color = 'blue'> .</font></B>  -Absent
<B><font color = 'blue'> .</font></B>  -Absent
<B><font color = 'blue'> .</font></B>  -Absent
<B><font color = 'blue'> .</font></B>  -Absent
<B><font color = 'blue'> .</font></B>  -Absent
<B><font color = 'blue'> .</font></B>  -Absent
<B><font color = 'blue'> .</font></B>  -Absent
<B><font color = 'blue'> .</font></B>  -Absent
<B><font color = 'blue'> .</font></B>  -Absent
<B><font color = 'blue'> .</font></B>  -Absent
<B><font color = 'blue'> .</font></B>  -sadas kadkasdj 
<B><font color = 'blue'> .</font></B>  -dsa@eqe
<B><font color = 'blue'> .</font></B>  -emp129666
<B><font color = 'blue'> .</font></B>  -2022-10-23
<B><font color = 'blue'> .</font></B>  -Absent
<B><font color = 'blue'> .</font></B>  -Absent
<B><font color = 'blue'> .</font></B>  -undefined
<B><font color = 'blue'> .</font></B>  -Default
<B><font color = 'blue'> .</font></B>  -Default
<B><font color = 'blue'> .</font></B>  -Absent
<B><font color = 'blue'> .</font></B>  -Absent
<B><font color = 'blue'> .</font></B>  -Absent
<B><font color = 'blue'> .</font></B>  -Absent
<B><font color = 'blue'> .</font></B>  -Absent
<B><font color = 'blue'> .</font></B>  -Absent
<B><font color = 'blue'> .</font></B>  -Absent
<B><font color = 'blue'> .</font></B>  -Absent
<B><font color = 'blue'> .</font></B>  -Absent
<B><font color = 'blue'> .</font></B>  -Absent
<B><font color = 'blue'> .</font></B>  -Absent
<B><font color = 'blue'> .</font></B>  -New Test 
<B><font color = 'blue'> .</font></B>  -newtest@gmail.com
<B><font color = 'blue'> .</font></B>  -ewer334443
<B><font color = 'blue'> .</font></B>  -2022-10-23
<B><font color = 'blue'> .</font></B>  -Absent
<B><font color = 'blue'> .</font></B>  -Absent
<B><font color = 'blue'> .</font></B>  -undefined
<B><font color = 'blue'> .</font></B>  -Default
<B><font color = 'blue'> .</font></B>  -Default
<B><font color = 'blue'> .</font></B>  -Absent
<B><font color = 'blue'> .</font></B>  -Absent
<B><font color = 'blue'> .</font></B>  -Absent
<B><font color = 'blue'> .</font></B>  -Absent
<B><font color = 'blue'> .</font></B>  -Absent
<B><font color = 'blue'> .</font></B>  -Absent
<B><font color = 'blue'> .</font></B>  -Absent
<B><font color = 'blue'> .</font></B>  -Absent
<B><font color = 'blue'> .</font></B>  -Absent
<B><font color = 'blue'> .</font></B>  -Absent
<B><font color = 'blue'> .</font></B>  -Absent
<B><font color = 'blue'> .</font></B>  -dshcdb uidsbf 
<B><font color = 'blue'> .</font></B>  -dvbvdb@yahoo.com
<B><font color = 'blue'> .</font></B>  -435454
<B><font color = 'blue'> .</font></B>  -2022-10-23
<B><font color = 'blue'> .</font></B>  -Absent
<B><font color = 'blue'> .</font></B>  -Absent
<B><font color = 'blue'> .</font></B>  -undefined
<B><font color = 'blue'> .</font></B>  -Default
<B><font color = 'blue'> .</font></B>  -Default
<B><font color = 'blue'> .</font></B>  -Absent
<B><font color = 'blue'> .</font></B>  -Absent
<B><font color = 'blue'> .</font></B>  -Absent
<B><font color = 'blue'> .</font></B>  -Absent
<B><font color = 'blue'> .</font></B>  -Absent
<B><font color = 'blue'> .</font></B>  -Absent
<B><font color = 'blue'> .</font></B>  -Absent
<B><font color = 'blue'> .</font></B>  -Absent
<B><font color = 'blue'> .</font></B>  -Absent
<B><font color = 'blue'> .</font></B>  -Absent
<B><font color = 'blue'> .</font></B>  -Absent
<B><font color = 'blue'> .</font></B>  -try last 
<B><font color = 'blue'> .</font></B>  -try@gmail.com
<B><font color = 'blue'> .</font></B>  -1225455
<B><font color = 'blue'> .</font></B>  -2022-10-23
<B><font color = 'blue'> .</font></B>  -Absent
<B><font color = 'blue'> .</font></B>  -Absent
<B><font color = 'blue'> .</font></B>  -undefined
<B><font color = 'blue'> .</font></B>  -Default
<B><font color = 'blue'> .</font></B>  -Default
<B><font color = 'blue'> .</font></B>  -Absent
<B><font color = 'blue'> .</font></B>  -Absent
<B><font color = 'blue'> .</font></B>  -Absent
<B><font color = 'blue'> .</font></B>  -Absent
<B><font color = 'blue'> .</font></B>  -Absent
<B><font color = 'blue'> .</font></B>  -Absent
<B><font color = 'blue'> .</font></B>  -Absent
<B><font color = 'blue'> .</font></B>  -Absent
<B><font color = 'blue'> .</font></B>  -Absent
<B><font color = 'blue'> .</font></B>  -Absent
<B><font color = 'blue'> .</font></B>  -Absent
<B><font color = 'blue'> .</font></B>  -vdjvdb yusvdvbbh 
<B><font color = 'blue'> .</font></B>  -dvhbfdh@gmail.com
<B><font color = 'blue'> .</font></B>  -wq534342
<B><font color = 'blue'> .</font></B>  -2022-10-23
<B><font color = 'blue'> .</font></B>  -Absent
<B><font color = 'blue'> .</font></B>  -Absent
<B><font color = 'blue'> .</font></B>  -undefined
<B><font color = 'blue'> .</font></B>  -Default
<B><font color = 'blue'> .</font></B>  -Default
<B><font color = 'blue'> .</font></B>  -Absent
<B><font color = 'blue'> .</font></B>  -Absent
<B><font color = 'blue'> .</font></B>  -Absent
<B><font color = 'blue'> .</font></B>  -Absent
<B><font color = 'blue'> .</font></B>  -Absent
<B><font color = 'blue'> .</font></B>  -Absent
<B><font color = 'blue'> .</font></B>  -Absent
<B><font color = 'blue'> .</font></B>  -Absent
<B><font color = 'blue'> .</font></B>  -Absent
<B><font color = 'blue'> .</font></B>  -Absent
<B><font color = 'blue'> .</font></B>  -Absent
<B><font color = 'blue'> .</font></B>  -Mail Test user 
<B><font color = 'blue'> .</font></B>  -maintest@user.io
<B><font color = 'blue'> .</font></B>  -GLB-1223888
<B><font color = 'blue'> .</font></B>  -2022-10-23
<B><font color = 'blue'> .</font></B>  -Absent
<B><font color = 'blue'> .</font></B>  -Absent
<B><font color = 'blue'> .</font></B>  -undefined
<B><font color = 'blue'> .</font></B>  -Default
<B><font color = 'blue'> .</font></B>  -Default
<B><font color = 'blue'> .</font></B>  -Absent
<B><font color = 'blue'> .</font></B>  -Absent
<B><font color = 'blue'> .</font></B>  -Absent
<B><font color = 'blue'> .</font></B>  -Absent
<B><font color = 'blue'> .</font></B>  -Absent
<B><font color = 'blue'> .</font></B>  -Absent
<B><font color = 'blue'> .</font></B>  -Absent
<B><font color = 'blue'> .</font></B>  -Absent
<B><font color = 'blue'> .</font></B>  -Absent
<B><font color = 'blue'> .</font></B>  -Absent
<B><font color = 'blue'> .</font></B>  -Absent
<B><font color = 'blue'> .</font></B>  -Update Check 
<B><font color = 'blue'> .</font></B>  -updates@gmail.com
<B><font color = 'blue'> .</font></B>  -emp543
<B><font color = 'blue'> .</font></B>  -2022-10-23
<B><font color = 'blue'> .</font></B>  -Absent
<B><font color = 'blue'> .</font></B>  -Absent
<B><font color = 'blue'> .</font></B>  -undefined
<B><font color = 'blue'> .</font></B>  -Default
<B><font color = 'blue'> .</font></B>  -Default
<B><font color = 'blue'> .</font></B>  -Absent
<B><font color = 'blue'> .</font></B>  -Absent
<B><font color = 'blue'> .</font></B>  -Absent
<B><font color = 'blue'> .</font></B>  -Absent
<B><font color = 'blue'> .</font></B>  -Absent
<B><font color = 'blue'> .</font></B>  -Absent
<B><font color = 'blue'> .</font></B>  -Absent
<B><font color = 'blue'> .</font></B>  -Absent
<B><font color = 'blue'> .</font></B>  -Absent
<B><font color = 'blue'> .</font></B>  -Absent
<B><font color = 'blue'> .</font></B>  -Absent
<B><font color = 'blue'> .</font></B>  -test manager 
<B><font color = 'blue'> .</font></B>  -manageremp@gmail.com
<B><font color = 'blue'> .</font></B>  -glb020
<B><font color = 'blue'> .</font></B>  -2022-10-23
<B><font color = 'blue'> .</font></B>  -Absent
<B><font color = 'blue'> .</font></B>  -Absent
<B><font color = 'blue'> .</font></B>  -undefined
<B><font color = 'blue'> .</font></B>  -Default
<B><font color = 'blue'> .</font></B>  -Default
<B><font color = 'blue'> .</font></B>  -Absent
<B><font color = 'blue'> .</font></B>  -Absent
<B><font color = 'blue'> .</font></B>  -Absent
<B><font color = 'blue'> .</font></B>  -Absent
<B><font color = 'blue'> .</font></B>  -Absent
<B><font color = 'blue'> .</font></B>  -Absent
<B><font color = 'blue'> .</font></B>  -Absent
<B><font color = 'blue'> .</font></B>  -Absent
<B><font color = 'blue'> .</font></B>  -Absent
<B><font color = 'blue'> .</font></B>  -Absent
<B><font color = 'blue'> .</font></B>  -Absent
<B><font color = 'blue'> .</font></B>  -DESKTOP-PJJHB19 - GLB-BLR-002OjUpRD2 
<B><font color = 'blue'> .</font></B>  --
<B><font color = 'blue'> .</font></B>  -GLB-BLR-002OjUpRD2
<B><font color = 'blue'> .</font></B>  -2022-10-23
<B><font color = 'blue'> .</font></B>  -Absent
<B><font color = 'blue'> .</font></B>  -Absent
<B><font color = 'blue'> .</font></B>  -undefined
<B><font color = 'blue'> .</font></B>  -Default
<B><font color = 'blue'> .</font></B>  -Default
<B><font color = 'blue'> .</font></B>  -Absent
<B><font color = 'blue'> .</font></B>  -Absent
<B><font color = 'blue'> .</font></B>  -Absent
<B><font color = 'blue'> .</font></B>  -Absent
<B><font color = 'blue'> .</font></B>  -Absent
<B><font color = 'blue'> .</font></B>  -Absent
<B><font color = 'blue'> .</font></B>  -Absent
<B><font color = 'blue'> .</font></B>  -Absent
<B><font color = 'blue'> .</font></B>  -Absent
<B><font color = 'blue'> .</font></B>  -Absent
<B><font color = 'blue'> .</font></B>  -Absent
<B><font color = 'blue'> .</font></B>  -Usb Test 
<B><font color = 'blue'> .</font></B>  -usbtest123@gmail.com
<B><font color = 'blue'> .</font></B>  -emp0097
<B><font color = 'blue'> .</font></B>  -2022-10-23
<B><font color = 'blue'> .</font></B>  -Absent
<B><font color = 'blue'> .</font></B>  -Absent
<B><font color = 'blue'> .</font></B>  -undefined
<B><font color = 'blue'> .</font></B>  -Default
<B><font color = 'blue'> .</font></B>  -Default
<B><font color = 'blue'> .</font></B>  -Absent
<B><font color = 'blue'> .</font></B>  -Absent
<B><font color = 'blue'> .</font></B>  -Absent
<B><font color = 'blue'> .</font></B>  -Absent
<B><font color = 'blue'> .</font></B>  -Absent
<B><font color = 'blue'> .</font></B>  -Absent
<B><font color = 'blue'> .</font></B>  -Absent
<B><font color = 'blue'> .</font></B>  -Absent
<B><font color = 'blue'> .</font></B>  -Absent
<B><font color = 'blue'> .</font></B>  -Absent
<B><font color = 'blue'> .</font></B>  -Absent
<B><font color = 'blue'> .</font></B>  -SS Keystrokes 
<B><font color = 'blue'> .</font></B>  -sskey@gmail.com
<B><font color = 'blue'> .</font></B>  -emp98y
<B><font color = 'blue'> .</font></B>  -2022-10-23
<B><font color = 'blue'> .</font></B>  -Absent
<B><font color = 'blue'> .</font></B>  -Absent
<B><font color = 'blue'> .</font></B>  -undefined
<B><font color = 'blue'> .</font></B>  -Default
<B><font color = 'blue'> .</font></B>  -Default
<B><font color = 'blue'> .</font></B>  -Absent
<B><font color = 'blue'> .</font></B>  -Absent
<B><font color = 'blue'> .</font></B>  -Absent
<B><font color = 'blue'> .</font></B>  -Absent
<B><font color = 'blue'> .</font></B>  -Absent
<B><font color = 'blue'> .</font></B>  -Absent
<B><font color = 'blue'> .</font></B>  -Absent
<B><font color = 'blue'> .</font></B>  -Absent
<B><font color = 'blue'> .</font></B>  -Absent
<B><font color = 'blue'> .</font></B>  -Absent
<B><font color = 'blue'> .</font></B>  -Absent
<B><font color = 'blue'> .</font></B>  -shivammmmmmmmmmmmmmmmmmmm Kumar 
<B><font color = 'blue'> .</font></B>  -kgfyash545@gmail.com
<B><font color = 'blue'> .</font></B>  -hsakhdjk414
<B><font color = 'blue'> .</font></B>  -2022-10-23
<B><font color = 'blue'> .</font></B>  -Absent
<B><font color = 'blue'> .</font></B>  -Absent
<B><font color = 'blue'> .</font></B>  -undefined
<B><font color = 'blue'> .</font></B>  -Default
<B><font color = 'blue'> .</font></B>  -Default
<B><font color = 'blue'> .</font></B>  -Absent
<B><font color = 'blue'> .</font></B>  -Absent
<B><font color = 'blue'> .</font></B>  -Absent
<B><font color = 'blue'> .</font></B>  -Absent
<B><font color = 'blue'> .</font></B>  -Absent
<B><font color = 'blue'> .</font></B>  -Absent
<B><font color = 'blue'> .</font></B>  -Absent
<B><font color = 'blue'> .</font></B>  -Absent
<B><font color = 'blue'> .</font></B>  -Absent
<B><font color = 'blue'> .</font></B>  -Absent
<B><font color = 'blue'> .</font></B>  -Absent
<B><font color = 'blue'> .</font></B>  -Abhishek Four tf test 
<B><font color = 'blue'> .</font></B>  -abhishekfourtf@mail.com
<B><font color = 'blue'> .</font></B>  -HLIKSJ98
<B><font color = 'blue'> .</font></B>  -2022-10-23
<B><font color = 'blue'> .</font></B>  -Absent
<B><font color = 'blue'> .</font></B>  -Absent
<B><font color = 'blue'> .</font></B>  -undefined
<B><font color = 'blue'> .</font></B>  -Default
<B><font color = 'blue'> .</font></B>  -Default
<B><font color = 'blue'> .</font></B>  -Absent
<B><font color = 'blue'> .</font></B>  -Absent
<B><font color = 'blue'> .</font></B>  -Absent
<B><font color = 'blue'> .</font></B>  -Absent
<B><font color = 'blue'> .</font></B>  -Absent
<B><font color = 'blue'> .</font></B>  -Absent
<B><font color = 'blue'> .</font></B>  -Absent
<B><font color = 'blue'> .</font></B>  -Absent
<B><font color = 'blue'> .</font></B>  -Absent
<B><font color = 'blue'> .</font></B>  -Absent
<B><font color = 'blue'> .</font></B>  -Absent
<B><font color = 'blue'> .</font></B>  -new dev user 
<B><font color = 'blue'> .</font></B>  -new@dev.user
<B><font color = 'blue'> .</font></B>  -fdfsfsd
<B><font color = 'blue'> .</font></B>  -2022-10-23
<B><font color = 'blue'> .</font></B>  -Absent
<B><font color = 'blue'> .</font></B>  -Absent
<B><font color = 'blue'> .</font></B>  -undefined
<B><font color = 'blue'> .</font></B>  -Default
<B><font color = 'blue'> .</font></B>  -Default
<B><font color = 'blue'> .</font></B>  -Absent
<B><font color = 'blue'> .</font></B>  -Absent
<B><font color = 'blue'> .</font></B>  -Absent
<B><font color = 'blue'> .</font></B>  -Absent
<B><font color = 'blue'> .</font></B>  -Absent
<B><font color = 'blue'> .</font></B>  -Absent
<B><font color = 'blue'> .</font></B>  -Absent
<B><font color = 'blue'> .</font></B>  -Absent
<B><font color = 'blue'> .</font></B>  -Absent
<B><font color = 'blue'> .</font></B>  -Absent
<B><font color = 'blue'> .</font></B>  -Absent
<B><font color = 'blue'> .</font></B>  -aaaaaaaaaa aaaaaaaaa 
<B><font color = 'blue'> .</font></B>  -mmmm@gmail.com
<B><font color = 'blue'> .</font></B>  -80765s
<B><font color = 'blue'> .</font></B>  -2022-10-23
<B><font color = 'blue'> .</font></B>  -Absent
<B><font color = 'blue'> .</font></B>  -Absent
<B><font color = 'blue'> .</font></B>  -undefined
<B><font color = 'blue'> .</font></B>  -Bangalore
<B><font color = 'blue'> .</font></B>  -Testing
<B><font color = 'blue'> .</font></B>  -Absent
<B><font color = 'blue'> .</font></B>  -Absent
<B><font color = 'blue'> .</font></B>  -Absent
<B><font color = 'blue'> .</font></B>  -Absent
<B><font color = 'blue'> .</font></B>  -Absent
<B><font color = 'blue'> .</font></B>  -Absent
<B><font color = 'blue'> .</font></B>  -Absent
<B><font color = 'blue'> .</font></B>  -Absent
<B><font color = 'blue'> .</font></B>  -Absent
<B><font color = 'blue'> .</font></B>  -Absent
<B><font color = 'blue'> .</font></B>  -Absent
<B><font color = 'blue'> .</font></B>  -sumesh test 
<B><font color = 'blue'> .</font></B>  -sumesh@mail.com
<B><font color = 'blue'> .</font></B>  -fdgfdgf
<B><font color = 'blue'> .</font></B>  -2022-10-23
<B><font color = 'blue'> .</font></B>  -Absent
<B><font color = 'blue'> .</font></B>  -Absent
<B><font color = 'blue'> .</font></B>  -undefined
<B><font color = 'blue'> .</font></B>  -Bangalore
<B><font color = 'blue'> .</font></B>  -Testing
<B><font color = 'blue'> .</font></B>  -Absent
<B><font color = 'blue'> .</font></B>  -Absent
<B><font color = 'blue'> .</font></B>  -Absent
<B><font color = 'blue'> .</font></B>  -Absent
<B><font color = 'blue'> .</font></B>  -Absent
<B><font color = 'blue'> .</font></B>  -Absent
<B><font color = 'blue'> .</font></B>  -Absent
<B><font color = 'blue'> .</font></B>  -Absent
<B><font color = 'blue'> .</font></B>  -Absent
<B><font color = 'blue'> .</font></B>  -Absent
<B><font color = 'blue'> .</font></B>  -Absent
<B><font color = 'blue'> .</font></B>  -Test msc 
<B><font color = 'blue'> .</font></B>  -test123@gmail.com
<B><font color = 'blue'> .</font></B>  -12254
<B><font color = 'blue'> .</font></B>  -2022-10-23
<B><font color = 'blue'> .</font></B>  -Absent
<B><font color = 'blue'> .</font></B>  -Absent
<B><font color = 'blue'> .</font></B>  -undefined
<B><font color = 'blue'> .</font></B>  -Bangalore
<B><font color = 'blue'> .</font></B>  -Testing
<B><font color = 'blue'> .</font></B>  -Absent
<B><font color = 'blue'> .</font></B>  -Absent
<B><font color = 'blue'> .</font></B>  -Absent
<B><font color = 'blue'> .</font></B>  -Absent
<B><font color = 'blue'> .</font></B>  -Absent
<B><font color = 'blue'> .</font></B>  -Absent
<B><font color = 'blue'> .</font></B>  -Absent
<B><font color = 'blue'> .</font></B>  -Absent
<B><font color = 'blue'> .</font></B>  -Absent
<B><font color = 'blue'> .</font></B>  -Absent
<B><font color = 'blue'> .</font></B>  -Absent
<B><font color = 'blue'> .</font></B>  -deffdfds vscsc 
<B><font color = 'blue'> .</font></B>  -cscsdw123@gmail.com
<B><font color = 'blue'> .</font></B>  -1234512
<B><font color = 'blue'> .</font></B>  -2022-10-23
<B><font color = 'blue'> .</font></B>  -Absent
<B><font color = 'blue'> .</font></B>  -Absent
<B><font color = 'blue'> .</font></B>  -undefined
<B><font color = 'blue'> .</font></B>  -Bangalore
<B><font color = 'blue'> .</font></B>  -Testing
<B><font color = 'blue'> .</font></B>  -Absent
<B><font color = 'blue'> .</font></B>  -Absent
<B><font color = 'blue'> .</font></B>  -Absent
<B><font color = 'blue'> .</font></B>  -Absent
<B><font color = 'blue'> .</font></B>  -Absent
<B><font color = 'blue'> .</font></B>  -Absent
<B><font color = 'blue'> .</font></B>  -Absent
<B><font color = 'blue'> .</font></B>  -Absent
<B><font color = 'blue'> .</font></B>  -Absent
<B><font color = 'blue'> .</font></B>  -Absent
<B><font color = 'blue'> .</font></B>  -Absent
<B><font color = 'blue'> .</font></B>  -test testtt 
<B><font color = 'blue'> .</font></B>  -abcd@gmail.com
<B><font color = 'blue'> .</font></B>  -GLB55
<B><font color = 'blue'> .</font></B>  -2022-10-23
<B><font color = 'blue'> .</font></B>  -Absent
<B><font color = 'blue'> .</font></B>  -Absent
<B><font color = 'blue'> .</font></B>  -undefined
<B><font color = 'blue'> .</font></B>  -Bangalore
<B><font color = 'blue'> .</font></B>  -Testing
<B><font color = 'blue'> .</font></B>  -Absent
<B><font color = 'blue'> .</font></B>  -Absent
<B><font color = 'blue'> .</font></B>  -Absent
<B><font color = 'blue'> .</font></B>  -Absent
<B><font color = 'blue'> .</font></B>  -Absent
<B><font color = 'blue'> .</font></B>  -Absent
<B><font color = 'blue'> .</font></B>  -Absent
<B><font color = 'blue'> .</font></B>  -Absent
<B><font color = 'blue'> .</font></B>  -Absent
<B><font color = 'blue'> .</font></B>  -Absent
<B><font color = 'blue'> .</font></B>  -Absent
<B><font color = 'blue'> .</font></B>  -Abhishe tt 
<B><font color = 'blue'> .</font></B>  -ab@ab.com
<B><font color = 'blue'> .</font></B>  -GKD567
<B><font color = 'blue'> .</font></B>  -2022-10-23
<B><font color = 'blue'> .</font></B>  -Absent
<B><font color = 'blue'> .</font></B>  -Absent
<B><font color = 'blue'> .</font></B>  -undefined
<B><font color = 'blue'> .</font></B>  -Bangalore
<B><font color = 'blue'> .</font></B>  -Testing
<B><font color = 'blue'> .</font></B>  -Absent
<B><font color = 'blue'> .</font></B>  -Absent
<B><font color = 'blue'> .</font></B>  -Absent
<B><font color = 'blue'> .</font></B>  -Absent
<B><font color = 'blue'> .</font></B>  -Absent
<B><font color = 'blue'> .</font></B>  -Absent
<B><font color = 'blue'> .</font></B>  -Absent
<B><font color = 'blue'> .</font></B>  -Absent
<B><font color = 'blue'> .</font></B>  -Absent
<B><font color = 'blue'> .</font></B>  -Absent
<B><font color = 'blue'> .</font></B>  -Absent
<B><font color = 'blue'> .</font></B>  -test nonadmin 
<B><font color = 'blue'> .</font></B>  -testnonadmin@gmail.com
<B><font color = 'blue'> .</font></B>  -GLB026
<B><font color = 'blue'> .</font></B>  -2022-10-23
<B><font color = 'blue'> .</font></B>  -Absent
<B><font color = 'blue'> .</font></B>  -Absent
<B><font color = 'blue'> .</font></B>  -undefined
<B><font color = 'blue'> .</font></B>  -Bangalore
<B><font color = 'blue'> .</font></B>  -Php
<B><font color = 'blue'> .</font></B>  -Absent
<B><font color = 'blue'> .</font></B>  -Absent
<B><font color = 'blue'> .</font></B>  -Absent
<B><font color = 'blue'> .</font></B>  -Absent
<B><font color = 'blue'> .</font></B>  -Absent
<B><font color = 'blue'> .</font></B>  -Absent
<B><font color = 'blue'> .</font></B>  -Absent
<B><font color = 'blue'> .</font></B>  -Absent
<B><font color = 'blue'> .</font></B>  -Absent
<B><font color = 'blue'> .</font></B>  -Absent
<B><font color = 'blue'> .</font></B>  -Absent
<B><font color = 'blue'> .</font></B>  -adg ckj 
<B><font color = 'blue'> .</font></B>  -adcs@1234
<B><font color = 'blue'> .</font></B>  -583
<B><font color = 'blue'> .</font></B>  -2022-10-23
<B><font color = 'blue'> .</font></B>  -Absent
<B><font color = 'blue'> .</font></B>  -Absent
<B><font color = 'blue'> .</font></B>  -undefined
<B><font color = 'blue'> .</font></B>  -Bangalore
<B><font color = 'blue'> .</font></B>  -Testing
<B><font color = 'blue'> .</font></B>  -Absent
<B><font color = 'blue'> .</font></B>  -Absent
<B><font color = 'blue'> .</font></B>  -Absent
<B><font color = 'blue'> .</font></B>  -Absent
<B><font color = 'blue'> .</font></B>  -Absent
<B><font color = 'blue'> .</font></B>  -Absent
<B><font color = 'blue'> .</font></B>  -Absent
<B><font color = 'blue'> .</font></B>  -Absent
<B><font color = 'blue'> .</font></B>  -Absent
<B><font color = 'blue'> .</font></B>  -Absent
<B><font color = 'blue'> .</font></B>  -Absent
<B><font color = 'blue'> .</font></B>  -dominic toretto 
<B><font color = 'blue'> .</font></B>  -dom.toretto737@gmail.com
<B><font color = 'blue'> .</font></B>  -EMP011
<B><font color = 'blue'> .</font></B>  -2022-10-23
<B><font color = 'blue'> .</font></B>  -Absent
<B><font color = 'blue'> .</font></B>  -Absent
<B><font color = 'blue'> .</font></B>  -undefined
<B><font color = 'blue'> .</font></B>  -Bangalore
<B><font color = 'blue'> .</font></B>  -Testing
<B><font color = 'blue'> .</font></B>  -Absent
<B><font color = 'blue'> .</font></B>  -Absent
<B><font color = 'blue'> .</font></B>  -Absent
<B><font color = 'blue'> .</font></B>  -Absent
<B><font color = 'blue'> .</font></B>  -Absent
<B><font color = 'blue'> .</font></B>  -Absent
<B><font color = 'blue'> .</font></B>  -Absent
<B><font color = 'blue'> .</font></B>  -Absent
<B><font color = 'blue'> .</font></B>  -Absent
<B><font color = 'blue'> .</font></B>  -Absent
<B><font color = 'blue'> .</font></B>  -Absent
<B><font color = 'blue'> .</font></B>  -Abhishek Test 
<B><font color = 'blue'> .</font></B>  -abhishektrest@glb.in
<B><font color = 'blue'> .</font></B>  -rN7tvEiDPGNi4fD
<B><font color = 'blue'> .</font></B>  -2022-10-23
<B><font color = 'blue'> .</font></B>  -Absent
<B><font color = 'blue'> .</font></B>  -Absent
<B><font color = 'blue'> .</font></B>  -undefined
<B><font color = 'blue'> .</font></B>  -Bangalore
<B><font color = 'blue'> .</font></B>  -Php
<B><font color = 'blue'> .</font></B>  -Absent
<B><font color = 'blue'> .</font></B>  -Absent
<B><font color = 'blue'> .</font></B>  -Absent
<B><font color = 'blue'> .</font></B>  -Absent
<B><font color = 'blue'> .</font></B>  -Absent
<B><font color = 'blue'> .</font></B>  -Absent
<B><font color = 'blue'> .</font></B>  -Absent
<B><font color = 'blue'> .</font></B>  -Absent
<B><font color = 'blue'> .</font></B>  -Absent
<B><font color = 'blue'> .</font></B>  -Absent
<B><font color = 'blue'> .</font></B>  -Absent
<B><font color = 'blue'> .</font></B>  -Superior Test one 
<B><font color = 'blue'> .</font></B>  -superiorone@gmail.com
<B><font color = 'blue'> .</font></B>  -twoqw
<B><font color = 'blue'> .</font></B>  -2022-10-23
<B><font color = 'blue'> .</font></B>  -Absent
<B><font color = 'blue'> .</font></B>  -Absent
<B><font color = 'blue'> .</font></B>  -undefined
<B><font color = 'blue'> .</font></B>  -Bangalore
<B><font color = 'blue'> .</font></B>  -Testing
<B><font color = 'blue'> .</font></B>  -Absent
<B><font color = 'blue'> .</font></B>  -Absent
<B><font color = 'blue'> .</font></B>  -Absent
<B><font color = 'blue'> .</font></B>  -Absent
<B><font color = 'blue'> .</font></B>  -Absent
<B><font color = 'blue'> .</font></B>  -Absent
<B><font color = 'blue'> .</font></B>  -Absent
<B><font color = 'blue'> .</font></B>  -Absent
<B><font color = 'blue'> .</font></B>  -Absent
<B><font color = 'blue'> .</font></B>  -Absent
<B><font color = 'blue'> .</font></B>  -Absent
<B><font color = 'blue'> .</font></B>  -test testw 
<B><font color = 'blue'> .</font></B>  -test@mac.in
<B><font color = 'blue'> .</font></B>  -aaf123
<B><font color = 'blue'> .</font></B>  -2022-10-23
<B><font color = 'blue'> .</font></B>  -Absent
<B><font color = 'blue'> .</font></B>  -Absent
<B><font color = 'blue'> .</font></B>  -undefined
<B><font color = 'blue'> .</font></B>  -Bangalore
<B><font color = 'blue'> .</font></B>  -Php
<B><font color = 'blue'> .</font></B>  -Absent
<B><font color = 'blue'> .</font></B>  -Absent
<B><font color = 'blue'> .</font></B>  -Absent
<B><font color = 'blue'> .</font></B>  -Absent
<B><font color = 'blue'> .</font></B>  -Absent
<B><font color = 'blue'> .</font></B>  -Absent
<B><font color = 'blue'> .</font></B>  -Absent
<B><font color = 'blue'> .</font></B>  -Absent
<B><font color = 'blue'> .</font></B>  -Absent
<B><font color = 'blue'> .</font></B>  -Absent
<B><font color = 'blue'> .</font></B>  -Absent
<B><font color = 'blue'> .</font></B>  -sam eer 
<B><font color = 'blue'> .</font></B>  -sam@rf.in
<B><font color = 'blue'> .</font></B>  -WSAERT2Q34E
<B><font color = 'blue'> .</font></B>  -2022-10-23
<B><font color = 'blue'> .</font></B>  -Absent
<B><font color = 'blue'> .</font></B>  -Absent
<B><font color = 'blue'> .</font></B>  -undefined
<B><font color = 'blue'> .</font></B>  -Bangalore
<B><font color = 'blue'> .</font></B>  -Testing
<B><font color = 'blue'> .</font></B>  -Absent
<B><font color = 'blue'> .</font></B>  -Absent
<B><font color = 'blue'> .</font></B>  -Absent
<B><font color = 'blue'> .</font></B>  -Absent
<B><font color = 'blue'> .</font></B>  -Absent
<B><font color = 'blue'> .</font></B>  -Absent
<B><font color = 'blue'> .</font></B>  -Absent
<B><font color = 'blue'> .</font></B>  -Absent
<B><font color = 'blue'> .</font></B>  -Absent
<B><font color = 'blue'> .</font></B>  -Absent
<B><font color = 'blue'> .</font></B>  -Absent
<B><font color = 'blue'> .</font></B>  -Test test 
<B><font color = 'blue'> .</font></B>  -sarikajain@gmail.com
<B><font color = 'blue'> .</font></B>  -E-101
<B><font color = 'blue'> .</font></B>  -2022-10-23
<B><font color = 'blue'> .</font></B>  -Absent
<B><font color = 'blue'> .</font></B>  -Absent
<B><font color = 'blue'> .</font></B>  -undefined
<B><font color = 'blue'> .</font></B>  -Bangalore
<B><font color = 'blue'> .</font></B>  -Testing
<B><font color = 'blue'> .</font></B>  -Absent
<B><font color = 'blue'> .</font></B>  -Absent
<B><font color = 'blue'> .</font></B>  -Absent
<B><font color = 'blue'> .</font></B>  -Absent
<B><font color = 'blue'> .</font></B>  -Absent
<B><font color = 'blue'> .</font></B>  -Absent
<B><font color = 'blue'> .</font></B>  -Absent
<B><font color = 'blue'> .</font></B>  -Absent
<B><font color = 'blue'> .</font></B>  -Absent
<B><font color = 'blue'> .</font></B>  -Absent
<B><font color = 'blue'> .</font></B>  -Absent
<B><font color = 'blue'> .</font></B>  -sithu kalluru 
<B><font color = 'blue'> .</font></B>  -sitaramireddy@globussoft.in
<B><font color = 'blue'> .</font></B>  -code12
<B><font color = 'blue'> .</font></B>  -2022-10-23
<B><font color = 'blue'> .</font></B>  -Absent
<B><font color = 'blue'> .</font></B>  -Absent
<B><font color = 'blue'> .</font></B>  -undefined
<B><font color = 'blue'> .</font></B>  -Bangalore
<B><font color = 'blue'> .</font></B>  -Testing
<B><font color = 'blue'> .</font></B>  -Absent
<B><font color = 'blue'> .</font></B>  -Absent
<B><font color = 'blue'> .</font></B>  -Absent
<B><font color = 'blue'> .</font></B>  -Absent
<B><font color = 'blue'> .</font></B>  -Absent
<B><font color = 'blue'> .</font></B>  -Absent
<B><font color = 'blue'> .</font></B>  -Absent
<B><font color = 'blue'> .</font></B>  -Absent
<B><font color = 'blue'> .</font></B>  -Absent
<B><font color = 'blue'> .</font></B>  -Absent
<B><font color = 'blue'> .</font></B>  -Absent
<B><font color = 'blue'> .</font></B>  -test123 abcd 
<B><font color = 'blue'> .</font></B>  -s@gmail.com
<B><font color = 'blue'> .</font></B>  -code123z
<B><font color = 'blue'> .</font></B>  -2022-10-23
<B><font color = 'blue'> .</font></B>  -Absent
<B><font color = 'blue'> .</font></B>  -Absent
<B><font color = 'blue'> .</font></B>  -undefined
<B><font color = 'blue'> .</font></B>  -Bangalore
<B><font color = 'blue'> .</font></B>  -Testing
<B><font color = 'blue'> .</font></B>  -Absent
<B><font color = 'blue'> .</font></B>  -Absent
<B><font color = 'blue'> .</font></B>  -Absent
<B><font color = 'blue'> .</font></B>  -Absent
<B><font color = 'blue'> .</font></B>  -Absent
<B><font color = 'blue'> .</font></B>  -Absent
<B><font color = 'blue'> .</font></B>  -Absent
<B><font color = 'blue'> .</font></B>  -Absent
<B><font color = 'blue'> .</font></B>  -Absent
<B><font color = 'blue'> .</font></B>  -Absent
<B><font color = 'blue'> .</font></B>  -Absent
<B><font color = 'blue'> .</font></B>  -testing test 
<B><font color = 'blue'> .</font></B>  -aarshajoyson1601@gmail.com
<B><font color = 'blue'> .</font></B>  -glb0008
<B><font color = 'blue'> .</font></B>  -2022-10-23
<B><font color = 'blue'> .</font></B>  -Absent
<B><font color = 'blue'> .</font></B>  -Absent
<B><font color = 'blue'> .</font></B>  -undefined
<B><font color = 'blue'> .</font></B>  -Bangalore
<B><font color = 'blue'> .</font></B>  -Php
<B><font color = 'blue'> .</font></B>  -Absent
<B><font color = 'blue'> .</font></B>  -Absent
<B><font color = 'blue'> .</font></B>  -Absent
<B><font color = 'blue'> .</font></B>  -Absent
<B><font color = 'blue'> .</font></B>  -Absent
<B><font color = 'blue'> .</font></B>  -Absent
<B><font color = 'blue'> .</font></B>  -Absent
<B><font color = 'blue'> .</font></B>  -Absent
<B><font color = 'blue'> .</font></B>  -Absent
<B><font color = 'blue'> .</font></B>  -Absent
<B><font color = 'blue'> .</font></B>  -Absent
<B><font color = 'blue'> .</font></B>  -Automation CodeeeAuto 
<B><font color = 'blue'> .</font></B>  -skabcdef7@gmail.com
<B><font color = 'blue'> .</font></B>  -Emp-Abzcde-1234522
<B><font color = 'blue'> .</font></B>  -2022-10-23
<B><font color = 'blue'> .</font></B>  -Absent
<B><font color = 'blue'> .</font></B>  -Absent
<B><font color = 'blue'> .</font></B>  -undefined
<B><font color = 'blue'> .</font></B>  -Bangalore
<B><font color = 'blue'> .</font></B>  -Testing
<B><font color = 'blue'> .</font></B>  -Absent
<B><font color = 'blue'> .</font></B>  -Absent
<B><font color = 'blue'> .</font></B>  -Absent
<B><font color = 'blue'> .</font></B>  -Absent
<B><font color = 'blue'> .</font></B>  -Absent
<B><font color = 'blue'> .</font></B>  -Absent
<B><font color = 'blue'> .</font></B>  -Absent
<B><font color = 'blue'> .</font></B>  -Absent
<B><font color = 'blue'> .</font></B>  -Absent
<B><font color = 'blue'> .</font></B>  -Absent
<B><font color = 'blue'> .</font></B>  -Absent
<B><font color = 'blue'> .</font></B>  -piyush dfgsfg 
<B><font color = 'blue'> .</font></B>  -jos@gmail.com
<B><font color = 'blue'> .</font></B>  -sdgff
<B><font color = 'blue'> .</font></B>  -2022-10-23
<B><font color = 'blue'> .</font></B>  -Absent
<B><font color = 'blue'> .</font></B>  -Absent
<B><font color = 'blue'> .</font></B>  -undefined
<B><font color = 'blue'> .</font></B>  -Bangalore
<B><font color = 'blue'> .</font></B>  -Testing
<B><font color = 'blue'> .</font></B>  -Absent
<B><font color = 'blue'> .</font></B>  -Absent
<B><font color = 'blue'> .</font></B>  -Absent
<B><font color = 'blue'> .</font></B>  -Absent
<B><font color = 'blue'> .</font></B>  -Absent
<B><font color = 'blue'> .</font></B>  -Absent
<B><font color = 'blue'> .</font></B>  -Absent
<B><font color = 'blue'> .</font></B>  -Absent
<B><font color = 'blue'> .</font></B>  -Absent
<B><font color = 'blue'> .</font></B>  -Absent
<B><font color = 'blue'> .</font></B>  -Absent
<B><font color = 'blue'> .</font></B>  -Aryan raj 
<B><font color = 'blue'> .</font></B>  -alex@gmail.com
<B><font color = 'blue'> .</font></B>  -126
<B><font color = 'blue'> .</font></B>  -2022-10-23
<B><font color = 'blue'> .</font></B>  -Absent
<B><font color = 'blue'> .</font></B>  -Absent
<B><font color = 'blue'> .</font></B>  -undefined
<B><font color = 'blue'> .</font></B>  -Bangalore
<B><font color = 'blue'> .</font></B>  -Testing
<B><font color = 'blue'> .</font></B>  -Absent
<B><font color = 'blue'> .</font></B>  -Absent
<B><font color = 'blue'> .</font></B>  -Absent
<B><font color = 'blue'> .</font></B>  -Absent
<B><font color = 'blue'> .</font></B>  -Absent
<B><font color = 'blue'> .</font></B>  -Absent
<B><font color = 'blue'> .</font></B>  -Absent
<B><font color = 'blue'> .</font></B>  -Absent
<B><font color = 'blue'> .</font></B>  -Absent
<B><font color = 'blue'> .</font></B>  -Absent
<B><font color = 'blue'> .</font></B>  -Absent
<B><font color = 'blue'> .</font></B>  -Automation CodeeeAuto 
<B><font color = 'blue'> .</font></B>  -skabcdef38@gmail.com
<B><font color = 'blue'> .</font></B>  -Emp-Abzcde-123457
<B><font color = 'blue'> .</font></B>  -2022-10-23
<B><font color = 'blue'> .</font></B>  -Absent
<B><font color = 'blue'> .</font></B>  -Absent
<B><font color = 'blue'> .</font></B>  -undefined
<B><font color = 'blue'> .</font></B>  -Bangalore
<B><font color = 'blue'> .</font></B>  -Testing
<B><font color = 'blue'> .</font></B>  -Absent
<B><font color = 'blue'> .</font></B>  -Absent
<B><font color = 'blue'> .</font></B>  -Absent
<B><font color = 'blue'> .</font></B>  -Absent
<B><font color = 'blue'> .</font></B>  -Absent
<B><font color = 'blue'> .</font></B>  -Absent
<B><font color = 'blue'> .</font></B>  -Absent
<B><font color = 'blue'> .</font></B>  -Absent
<B><font color = 'blue'> .</font></B>  -Absent
<B><font color = 'blue'> .</font></B>  -Absent
<B><font color = 'blue'> .</font></B>  -Absent
<B><font color = 'blue'> .</font></B>  -Automation CodeeeAuto 
<B><font color = 'blue'> .</font></B>  -skabcdef33@gmail.com
<B><font color = 'blue'> .</font></B>  -Emp-Abzcde-1234557
<B><font color = 'blue'> .</font></B>  -2022-10-23
<B><font color = 'blue'> .</font></B>  -Absent
<B><font color = 'blue'> .</font></B>  -Absent
<B><font color = 'blue'> .</font></B>  -undefined
<B><font color = 'blue'> .</font></B>  -Bangalore
<B><font color = 'blue'> .</font></B>  -Testing
<B><font color = 'blue'> .</font></B>  -Absent
<B><font color = 'blue'> .</font></B>  -Absent
<B><font color = 'blue'> .</font></B>  -Absent
<B><font color = 'blue'> .</font></B>  -Absent
<B><font color = 'blue'> .</font></B>  -Absent
<B><font color = 'blue'> .</font></B>  -Absent
<B><font color = 'blue'> .</font></B>  -Absent
<B><font color = 'blue'> .</font></B>  -Absent
<B><font color = 'blue'> .</font></B>  -Absent
<B><font color = 'blue'> .</font></B>  -Absent
<B><font color = 'blue'> .</font></B>  -Absent
<B><font color = 'blue'> .</font></B>  -D Surya Prabhakar 
<B><font color = 'blue'> .</font></B>  -surya1@gmail.com
<B><font color = 'blue'> .</font></B>  -EM010
<B><font color = 'blue'> .</font></B>  -2022-10-23
<B><font color = 'blue'> .</font></B>  -Absent
<B><font color = 'blue'> .</font></B>  -Absent
<B><font color = 'blue'> .</font></B>  -undefined
<B><font color = 'blue'> .</font></B>  -bengaluru
<B><font color = 'blue'> .</font></B>  -Testing
<B><font color = 'blue'> .</font></B>  -Absent
<B><font color = 'blue'> .</font></B>  -Absent
<B><font color = 'blue'> .</font></B>  -Absent
<B><font color = 'blue'> .</font></B>  -Absent
<B><font color = 'blue'> .</font></B>  -Absent
<B><font color = 'blue'> .</font></B>  -Absent
<B><font color = 'blue'> .</font></B>  -Absent
<B><font color = 'blue'> .</font></B>  -Absent
<B><font color = 'blue'> .</font></B>  -Absent
<B><font color = 'blue'> .</font></B>  -Absent
<B><font color = 'blue'> .</font></B>  -Absent
<B><font color = 'blue'> .</font></B>  -R o       hit Sharma 
<B><font color = 'blue'> .</font></B>  -rahulrajt5613928@gmail.com
<B><font color = 'blue'> .</font></B>  -67645
<B><font color = 'blue'> .</font></B>  -2022-10-23
<B><font color = 'blue'> .</font></B>  -Absent
<B><font color = 'blue'> .</font></B>  -Absent
<B><font color = 'blue'> .</font></B>  -undefined
<B><font color = 'blue'> .</font></B>  -bengaluru
<B><font color = 'blue'> .</font></B>  -Testing
<B><font color = 'blue'> .</font></B>  -Absent
<B><font color = 'blue'> .</font></B>  -Absent
<B><font color = 'blue'> .</font></B>  -Absent
<B><font color = 'blue'> .</font></B>  -Absent
<B><font color = 'blue'> .</font></B>  -Absent
<B><font color = 'blue'> .</font></B>  -Absent
<B><font color = 'blue'> .</font></B>  -Absent
<B><font color = 'blue'> .</font></B>  -Absent
<B><font color = 'blue'> .</font></B>  -Absent
<B><font color = 'blue'> .</font></B>  -Absent
<B><font color = 'blue'> .</font></B>  -Absent
<B><font color = 'blue'> .</font></B>  -ni test 
<B><font color = 'blue'> .</font></B>  -nitest12@gmail.com
<B><font color = 'blue'> .</font></B>  -GLB678
<B><font color = 'blue'> .</font></B>  -2022-10-23
<B><font color = 'blue'> .</font></B>  -Absent
<B><font color = 'blue'> .</font></B>  -Absent
<B><font color = 'blue'> .</font></B>  -undefined
<B><font color = 'blue'> .</font></B>  -bengaluru
<B><font color = 'blue'> .</font></B>  -Testing
<B><font color = 'blue'> .</font></B>  -Absent
<B><font color = 'blue'> .</font></B>  -Absent
<B><font color = 'blue'> .</font></B>  -Absent
<B><font color = 'blue'> .</font></B>  -Absent
<B><font color = 'blue'> .</font></B>  -Absent
<B><font color = 'blue'> .</font></B>  -Absent
<B><font color = 'blue'> .</font></B>  -Absent
<B><font color = 'blue'> .</font></B>  -Absent
<B><font color = 'blue'> .</font></B>  -Absent
<B><font color = 'blue'> .</font></B>  -Absent
<B><font color = 'blue'> .</font></B>  -Absent
<B><font color = 'blue'> .</font></B>  -one test 
<B><font color = 'blue'> .</font></B>  -testone1234@gmail.com
<B><font color = 'blue'> .</font></B>  -0110
<B><font color = 'blue'> .</font></B>  -2022-10-23
<B><font color = 'blue'> .</font></B>  -Absent
<B><font color = 'blue'> .</font></B>  -Absent
<B><font color = 'blue'> .</font></B>  -undefined
<B><font color = 'blue'> .</font></B>  -bengaluru
<B><font color = 'blue'> .</font></B>  -Testing
<B><font color = 'blue'> .</font></B>  -Absent
<B><font color = 'blue'> .</font></B>  -Absent
<B><font color = 'blue'> .</font></B>  -Absent
<B><font color = 'blue'> .</font></B>  -Absent
<B><font color = 'blue'> .</font></B>  -Absent
<B><font color = 'blue'> .</font></B>  -Absent
<B><font color = 'blue'> .</font></B>  -Absent
<B><font color = 'blue'> .</font></B>  -Absent
<B><font color = 'blue'> .</font></B>  -Absent
<B><font color = 'blue'> .</font></B>  -Absent
<B><font color = 'blue'> .</font></B>  -Absent
<B><font color = 'blue'> .</font></B>  -GLB-BLR-010-PC - GLB-BLR-010 
<B><font color = 'blue'> .</font></B>  -abcd@yuksdgus
<B><font color = 'blue'> .</font></B>  -GLB-BLR-010
<B><font color = 'blue'> .</font></B>  -2022-10-23
<B><font color = 'blue'> .</font></B>  -Absent
<B><font color = 'blue'> .</font></B>  -Absent
<B><font color = 'blue'> .</font></B>  -undefined
<B><font color = 'blue'> .</font></B>  -bengaluru
<B><font color = 'blue'> .</font></B>  -Testing
<B><font color = 'blue'> .</font></B>  -Absent
<B><font color = 'blue'> .</font></B>  -Absent
<B><font color = 'blue'> .</font></B>  -Absent
<B><font color = 'blue'> .</font></B>  -Absent
<B><font color = 'blue'> .</font></B>  -Absent
<B><font color = 'blue'> .</font></B>  -Absent
<B><font color = 'blue'> .</font></B>  -Absent
<B><font color = 'blue'> .</font></B>  -Absent
<B><font color = 'blue'> .</font></B>  -Absent
<B><font color = 'blue'> .</font></B>  -Absent
<B><font color = 'blue'> .</font></B>  -Absent
<B><font color = 'blue'> .</font></B>  -surya kk 
<B><font color = 'blue'> .</font></B>  -123@gmail.com
<B><font color = 'blue'> .</font></B>  -mmmmm
<B><font color = 'blue'> .</font></B>  -2022-10-23
<B><font color = 'blue'> .</font></B>  -Absent
<B><font color = 'blue'> .</font></B>  -Absent
<B><font color = 'blue'> .</font></B>  -undefined
<B><font color = 'blue'> .</font></B>  -Tamilnadu
<B><font color = 'blue'> .</font></B>  -Test and Dev
<B><font color = 'blue'> .</font></B>  -Absent
<B><font color = 'blue'> .</font></B>  -Absent
<B><font color = 'blue'> .</font></B>  -Absent
<B><font color = 'blue'> .</font></B>  -Absent
<B><font color = 'blue'> .</font></B>  -Absent
<B><font color = 'blue'> .</font></B>  -Absent
<B><font color = 'blue'> .</font></B>  -Absent
<B><font color = 'blue'> .</font></B>  -Absent
<B><font color = 'blue'> .</font></B>  -Absent
<B><font color = 'blue'> .</font></B>  -Absent
<B><font color = 'blue'> .</font></B>  -Absent
<B><font color = 'blue'> .</font></B>  -sai kk 
<B><font color = 'blue'> .</font></B>  -saikk19876@gmail.com
<B><font color = 'blue'> .</font></B>  -20221019
<B><font color = 'blue'> .</font></B>  -2022-10-23
<B><font color = 'blue'> .</font></B>  -Absent
<B><font color = 'blue'> .</font></B>  -Absent
<B><font color = 'blue'> .</font></B>  -undefined
<B><font color = 'blue'> .</font></B>  -Tamilnadu
<B><font color = 'blue'> .</font></B>  -Test and Dev
<B><font color = 'blue'> .</font></B>  -Absent
<B><font color = 'blue'> .</font></B>  -Absent
<B><font color = 'blue'> .</font></B>  -Absent
<B><font color = 'blue'> .</font></B>  -Absent
<B><font color = 'blue'> .</font></B>  -Absent
<B><font color = 'blue'> .</font></B>  -Absent
<B><font color = 'blue'> .</font></B>  -Absent
<B><font color = 'blue'> .</font></B>  -Absent
<B><font color = 'blue'> .</font></B>  -Absent
<B><font color = 'blue'> .</font></B>  -Absent
<B><font color = 'blue'> .</font></B>  -Absent
<B><font color = 'blue'> .</font></B>  -ajeethemp test 
<B><font color = 'blue'> .</font></B>  -ajeethemp@gmail.com
<B><font color = 'blue'> .</font></B>  -A01
<B><font color = 'blue'> .</font></B>  -2022-10-23
<B><font color = 'blue'> .</font></B>  -Absent
<B><font color = 'blue'> .</font></B>  -Absent
<B><font color = 'blue'> .</font></B>  -undefined
<B><font color = 'blue'> .</font></B>  -Tamilnadu
<B><font color = 'blue'> .</font></B>  -Test and Dev
<B><font color = 'blue'> .</font></B>  -Absent
<B><font color = 'blue'> .</font></B>  -Absent
<B><font color = 'blue'> .</font></B>  -Absent
<B><font color = 'blue'> .</font></B>  -Absent
<B><font color = 'blue'> .</font></B>  -Absent
<B><font color = 'blue'> .</font></B>  -Absent
<B><font color = 'blue'> .</font></B>  -Absent
<B><font color = 'blue'> .</font></B>  -Absent
<B><font color = 'blue'> .</font></B>  -Absent
<B><font color = 'blue'> .</font></B>  -Absent
<B><font color = 'blue'> .</font></B>  -Absent
<B><font color = 'blue'> .</font></B>  -test user two 
<B><font color = 'blue'> .</font></B>  -testuser@two.io
<B><font color = 'blue'> .</font></B>  -GSLL-327
<B><font color = 'blue'> .</font></B>  -2022-10-23
<B><font color = 'blue'> .</font></B>  -Absent
<B><font color = 'blue'> .</font></B>  -Absent
<B><font color = 'blue'> .</font></B>  -undefined
<B><font color = 'blue'> .</font></B>  -Tamilnadu
<B><font color = 'blue'> .</font></B>  -Test and Dev
<B><font color = 'blue'> .</font></B>  -Absent
<B><font color = 'blue'> .</font></B>  -Absent
<B><font color = 'blue'> .</font></B>  -Absent
<B><font color = 'blue'> .</font></B>  -Absent
<B><font color = 'blue'> .</font></B>  -Absent
<B><font color = 'blue'> .</font></B>  -Absent
<B><font color = 'blue'> .</font></B>  -Absent
<B><font color = 'blue'> .</font></B>  -Absent
<B><font color = 'blue'> .</font></B>  -Absent
<B><font color = 'blue'> .</font></B>  -Absent
<B><font color = 'blue'> .</font></B>  -Absent
<B><font color = 'blue'> .</font></B>  -Himanshu Kumar 
<B><font color = 'blue'> .</font></B>  -himanshu1@gmail.com
<B><font color = 'blue'> .</font></B>  -EM011
<B><font color = 'blue'> .</font></B>  -2022-10-23
<B><font color = 'blue'> .</font></B>  -Absent
<B><font color = 'blue'> .</font></B>  -Absent
<B><font color = 'blue'> .</font></B>  -undefined
<B><font color = 'blue'> .</font></B>  -bagalkot
<B><font color = 'blue'> .</font></B>  -manual testing
<B><font color = 'blue'> .</font></B>  -Absent
<B><font color = 'blue'> .</font></B>  -Absent
<B><font color = 'blue'> .</font></B>  -Absent
<B><font color = 'blue'> .</font></B>  -Absent
<B><font color = 'blue'> .</font></B>  -Absent
<B><font color = 'blue'> .</font></B>  -Absent
<B><font color = 'blue'> .</font></B>  -Absent
<B><font color = 'blue'> .</font></B>  -Absent
<B><font color = 'blue'> .</font></B>  -Absent
<B><font color = 'blue'> .</font></B>  -Absent
<B><font color = 'blue'> .</font></B>  -Absent
<B><font color = 'blue'> .</font></B>  -dxgfdxg gssdg 
<B><font color = 'blue'> .</font></B>  -sdgsg@dgksodkg.in
<B><font color = 'blue'> .</font></B>  -asfda343443
<B><font color = 'blue'> .</font></B>  -2022-10-23
<B><font color = 'blue'> .</font></B>  -Absent
<B><font color = 'blue'> .</font></B>  -Absent
<B><font color = 'blue'> .</font></B>  -undefined
<B><font color = 'blue'> .</font></B>  -Bhilai
<B><font color = 'blue'> .</font></B>  -Php
<B><font color = 'blue'> .</font></B>  -Absent
<B><font color = 'blue'> .</font></B>  -Absent
<B><font color = 'blue'> .</font></B>  -Absent
<B><font color = 'blue'> .</font></B>  -Absent
<B><font color = 'blue'> .</font></B>  -Absent
<B><font color = 'blue'> .</font></B>  -Absent
<B><font color = 'blue'> .</font></B>  -Absent
<B><font color = 'blue'> .</font></B>  -Absent
<B><font color = 'blue'> .</font></B>  -Absent
<B><font color = 'blue'> .</font></B>  -Absent
<B><font color = 'blue'> .</font></B>  -Absent
<B><font color = 'blue'> .</font></B>  -Guest User 
<B><font color = 'blue'> .</font></B>  -guestuser@gmail.com
<B><font color = 'blue'> .</font></B>  -GLB-777
<B><font color = 'blue'> .</font></B>  -2022-10-23
<B><font color = 'blue'> .</font></B>  -Absent
<B><font color = 'blue'> .</font></B>  -Absent
<B><font color = 'blue'> .</font></B>  -undefined
<B><font color = 'blue'> .</font></B>  -Bhilai
<B><font color = 'blue'> .</font></B>  -Php
<B><font color = 'blue'> .</font></B>  -Absent
<B><font color = 'blue'> .</font></B>  -Absent
<B><font color = 'blue'> .</font></B>  -Absent
<B><font color = 'blue'> .</font></B>  -Absent
<B><font color = 'blue'> .</font></B>  -Absent
<B><font color = 'blue'> .</font></B>  -Absent
<B><font color = 'blue'> .</font></B>  -Absent
<B><font color = 'blue'> .</font></B>  -Absent
<B><font color = 'blue'> .</font></B>  -Absent
<B><font color = 'blue'> .</font></B>  -Absent
<B><font color = 'blue'> .</font></B>  -Absent
<B><font color = 'blue'> .</font></B>  -Virat kohli 
<B><font color = 'blue'> .</font></B>  -rahukbgdxgsf@gmail.com
<B><font color = 'blue'> .</font></B>  -65332
<B><font color = 'blue'> .</font></B>  -2022-10-22
<B><font color = 'blue'> .</font></B>  -Absent
<B><font color = 'blue'> .</font></B>  -Absent
<B><font color = 'blue'> .</font></B>  -undefined
<B><font color = 'blue'> .</font></B>  -Default
<B><font color = 'blue'> .</font></B>  -Default
<B><font color = 'blue'> .</font></B>  -Absent
<B><font color = 'blue'> .</font></B>  -Absent
<B><font color = 'blue'> .</font></B>  -Absent
<B><font color = 'blue'> .</font></B>  -Absent
<B><font color = 'blue'> .</font></B>  -Absent
<B><font color = 'blue'> .</font></B>  -Absent
<B><font color = 'blue'> .</font></B>  -Absent
<B><font color = 'blue'> .</font></B>  -Absent
<B><font color = 'blue'> .</font></B>  -Absent
<B><font color = 'blue'> .</font></B>  -Absent
<B><font color = 'blue'> .</font></B>  -Absent
<B><font color = 'blue'> .</font></B>  -sadas kadkasdj 
<B><font color = 'blue'> .</font></B>  -dsa@eqe
<B><font color = 'blue'> .</font></B>  -emp129666
<B><font color = 'blue'> .</font></B>  -2022-10-22
<B><font color = 'blue'> .</font></B>  -Absent
<B><font color = 'blue'> .</font></B>  -Absent
<B><font color = 'blue'> .</font></B>  -undefined
<B><font color = 'blue'> .</font></B>  -Default
<B><font color = 'blue'> .</font></B>  -Default
<B><font color = 'blue'> .</font></B>  -Absent
<B><font color = 'blue'> .</font></B>  -Absent
<B><font color = 'blue'> .</font></B>  -Absent
<B><font color = 'blue'> .</font></B>  -Absent
<B><font color = 'blue'> .</font></B>  -Absent
<B><font color = 'blue'> .</font></B>  -Absent
<B><font color = 'blue'> .</font></B>  -Absent
<B><font color = 'blue'> .</font></B>  -Absent
<B><font color = 'blue'> .</font></B>  -Absent
<B><font color = 'blue'> .</font></B>  -Absent
<B><font color = 'blue'> .</font></B>  -Absent
<B><font color = 'blue'> .</font></B>  -New Test 
<B><font color = 'blue'> .</font></B>  -newtest@gmail.com
<B><font color = 'blue'> .</font></B>  -ewer334443
<B><font color = 'blue'> .</font></B>  -2022-10-22
<B><font color = 'blue'> .</font></B>  -Absent
<B><font color = 'blue'> .</font></B>  -Absent
<B><font color = 'blue'> .</font></B>  -undefined
<B><font color = 'blue'> .</font></B>  -Default
<B><font color = 'blue'> .</font></B>  -Default
<B><font color = 'blue'> .</font></B>  -Absent
<B><font color = 'blue'> .</font></B>  -Absent
<B><font color = 'blue'> .</font></B>  -Absent
<B><font color = 'blue'> .</font></B>  -Absent
<B><font color = 'blue'> .</font></B>  -Absent
<B><font color = 'blue'> .</font></B>  -Absent
<B><font color = 'blue'> .</font></B>  -Absent
<B><font color = 'blue'> .</font></B>  -Absent
<B><font color = 'blue'> .</font></B>  -Absent
<B><font color = 'blue'> .</font></B>  -Absent
<B><font color = 'blue'> .</font></B>  -Absent
<B><font color = 'blue'> .</font></B>  -dshcdb uidsbf 
<B><font color = 'blue'> .</font></B>  -dvbvdb@yahoo.com
<B><font color = 'blue'> .</font></B>  -435454
<B><font color = 'blue'> .</font></B>  -2022-10-22
<B><font color = 'blue'> .</font></B>  -Absent
<B><font color = 'blue'> .</font></B>  -Absent
<B><font color = 'blue'> .</font></B>  -undefined
<B><font color = 'blue'> .</font></B>  -Default
<B><font color = 'blue'> .</font></B>  -Default
<B><font color = 'blue'> .</font></B>  -Absent
<B><font color = 'blue'> .</font></B>  -Absent
<B><font color = 'blue'> .</font></B>  -Absent
<B><font color = 'blue'> .</font></B>  -Absent
<B><font color = 'blue'> .</font></B>  -Absent
<B><font color = 'blue'> .</font></B>  -Absent
<B><font color = 'blue'> .</font></B>  -Absent
<B><font color = 'blue'> .</font></B>  -Absent
<B><font color = 'blue'> .</font></B>  -Absent
<B><font color = 'blue'> .</font></B>  -Absent
<B><font color = 'blue'> .</font></B>  -Absent
<B><font color = 'blue'> .</font></B>  -try last 
<B><font color = 'blue'> .</font></B>  -try@gmail.com
<B><font color = 'blue'> .</font></B>  -1225455
<B><font color = 'blue'> .</font></B>  -2022-10-22
<B><font color = 'blue'> .</font></B>  -Absent
<B><font color = 'blue'> .</font></B>  -Absent
<B><font color = 'blue'> .</font></B>  -undefined
<B><font color = 'blue'> .</font></B>  -Default
<B><font color = 'blue'> .</font></B>  -Default
<B><font color = 'blue'> .</font></B>  -Absent
<B><font color = 'blue'> .</font></B>  -Absent
<B><font color = 'blue'> .</font></B>  -Absent
<B><font color = 'blue'> .</font></B>  -Absent
<B><font color = 'blue'> .</font></B>  -Absent
<B><font color = 'blue'> .</font></B>  -Absent
<B><font color = 'blue'> .</font></B>  -Absent
<B><font color = 'blue'> .</font></B>  -Absent
<B><font color = 'blue'> .</font></B>  -Absent
<B><font color = 'blue'> .</font></B>  -Absent
<B><font color = 'blue'> .</font></B>  -Absent
<B><font color = 'blue'> .</font></B>  -vdjvdb yusvdvbbh 
<B><font color = 'blue'> .</font></B>  -dvhbfdh@gmail.com
<B><font color = 'blue'> .</font></B>  -wq534342
<B><font color = 'blue'> .</font></B>  -2022-10-22
<B><font color = 'blue'> .</font></B>  -Absent
<B><font color = 'blue'> .</font></B>  -Absent
<B><font color = 'blue'> .</font></B>  -undefined
<B><font color = 'blue'> .</font></B>  -Default
<B><font color = 'blue'> .</font></B>  -Default
<B><font color = 'blue'> .</font></B>  -Absent
<B><font color = 'blue'> .</font></B>  -Absent
<B><font color = 'blue'> .</font></B>  -Absent
<B><font color = 'blue'> .</font></B>  -Absent
<B><font color = 'blue'> .</font></B>  -Absent
<B><font color = 'blue'> .</font></B>  -Absent
<B><font color = 'blue'> .</font></B>  -Absent
<B><font color = 'blue'> .</font></B>  -Absent
<B><font color = 'blue'> .</font></B>  -Absent
<B><font color = 'blue'> .</font></B>  -Absent
<B><font color = 'blue'> .</font></B>  -Absent
<B><font color = 'blue'> .</font></B>  -Mail Test user 
<B><font color = 'blue'> .</font></B>  -maintest@user.io
<B><font color = 'blue'> .</font></B>  -GLB-1223888
<B><font color = 'blue'> .</font></B>  -2022-10-22
<B><font color = 'blue'> .</font></B>  -Absent
<B><font color = 'blue'> .</font></B>  -Absent
<B><font color = 'blue'> .</font></B>  -undefined
<B><font color = 'blue'> .</font></B>  -Default
<B><font color = 'blue'> .</font></B>  -Default
<B><font color = 'blue'> .</font></B>  -Absent
<B><font color = 'blue'> .</font></B>  -Absent
<B><font color = 'blue'> .</font></B>  -Absent
<B><font color = 'blue'> .</font></B>  -Absent
<B><font color = 'blue'> .</font></B>  -Absent
<B><font color = 'blue'> .</font></B>  -Absent
<B><font color = 'blue'> .</font></B>  -Absent
<B><font color = 'blue'> .</font></B>  -Absent
<B><font color = 'blue'> .</font></B>  -Absent
<B><font color = 'blue'> .</font></B>  -Absent
<B><font color = 'blue'> .</font></B>  -Absent
<B><font color = 'blue'> .</font></B>  -Update Check 
<B><font color = 'blue'> .</font></B>  -updates@gmail.com
<B><font color = 'blue'> .</font></B>  -emp543
<B><font color = 'blue'> .</font></B>  -2022-10-22
<B><font color = 'blue'> .</font></B>  -Absent
<B><font color = 'blue'> .</font></B>  -Absent
<B><font color = 'blue'> .</font></B>  -undefined
<B><font color = 'blue'> .</font></B>  -Default
<B><font color = 'blue'> .</font></B>  -Default
<B><font color = 'blue'> .</font></B>  -Absent
<B><font color = 'blue'> .</font></B>  -Absent
<B><font color = 'blue'> .</font></B>  -Absent
<B><font color = 'blue'> .</font></B>  -Absent
<B><font color = 'blue'> .</font></B>  -Absent
<B><font color = 'blue'> .</font></B>  -Absent
<B><font color = 'blue'> .</font></B>  -Absent
<B><font color = 'blue'> .</font></B>  -Absent
<B><font color = 'blue'> .</font></B>  -Absent
<B><font color = 'blue'> .</font></B>  -Absent
<B><font color = 'blue'> .</font></B>  -Absent
<B><font color = 'blue'> .</font></B>  -test manager 
<B><font color = 'blue'> .</font></B>  -manageremp@gmail.com
<B><font color = 'blue'> .</font></B>  -glb020
<B><font color = 'blue'> .</font></B>  -2022-10-22
<B><font color = 'blue'> .</font></B>  -Absent
<B><font color = 'blue'> .</font></B>  -Absent
<B><font color = 'blue'> .</font></B>  -undefined
<B><font color = 'blue'> .</font></B>  -Default
<B><font color = 'blue'> .</font></B>  -Default
<B><font color = 'blue'> .</font></B>  -Absent
<B><font color = 'blue'> .</font></B>  -Absent
<B><font color = 'blue'> .</font></B>  -Absent
<B><font color = 'blue'> .</font></B>  -Absent
<B><font color = 'blue'> .</font></B>  -Absent
<B><font color = 'blue'> .</font></B>  -Absent
<B><font color = 'blue'> .</font></B>  -Absent
<B><font color = 'blue'> .</font></B>  -Absent
<B><font color = 'blue'> .</font></B>  -Absent
<B><font color = 'blue'> .</font></B>  -Absent
<B><font color = 'blue'> .</font></B>  -Absent
<B><font color = 'blue'> .</font></B>  -DESKTOP-PJJHB19 - GLB-BLR-002OjUpRD2 
<B><font color = 'blue'> .</font></B>  --
<B><font color = 'blue'> .</font></B>  -GLB-BLR-002OjUpRD2
<B><font color = 'blue'> .</font></B>  -2022-10-22
<B><font color = 'blue'> .</font></B>  -Absent
<B><font color = 'blue'> .</font></B>  -Absent
<B><font color = 'blue'> .</font></B>  -undefined
<B><font color = 'blue'> .</font></B>  -Default
<B><font color = 'blue'> .</font></B>  -Default
<B><font color = 'blue'> .</font></B>  -Absent
<B><font color = 'blue'> .</font></B>  -Absent
<B><font color = 'blue'> .</font></B>  -Absent
<B><font color = 'blue'> .</font></B>  -Absent
<B><font color = 'blue'> .</font></B>  -Absent
<B><font color = 'blue'> .</font></B>  -Absent
<B><font color = 'blue'> .</font></B>  -Absent
<B><font color = 'blue'> .</font></B>  -Absent
<B><font color = 'blue'> .</font></B>  -Absent
<B><font color = 'blue'> .</font></B>  -Absent
<B><font color = 'blue'> .</font></B>  -Absent
<B><font color = 'blue'> .</font></B>  -Usb Test 
<B><font color = 'blue'> .</font></B>  -usbtest123@gmail.com
<B><font color = 'blue'> .</font></B>  -emp0097
<B><font color = 'blue'> .</font></B>  -2022-10-22
<B><font color = 'blue'> .</font></B>  -Absent
<B><font color = 'blue'> .</font></B>  -Absent
<B><font color = 'blue'> .</font></B>  -undefined
<B><font color = 'blue'> .</font></B>  -Default
<B><font color = 'blue'> .</font></B>  -Default
<B><font color = 'blue'> .</font></B>  -Absent
<B><font color = 'blue'> .</font></B>  -Absent
<B><font color = 'blue'> .</font></B>  -Absent
<B><font color = 'blue'> .</font></B>  -Absent
<B><font color = 'blue'> .</font></B>  -Absent
<B><font color = 'blue'> .</font></B>  -Absent
<B><font color = 'blue'> .</font></B>  -Absent
<B><font color = 'blue'> .</font></B>  -Absent
<B><font color = 'blue'> .</font></B>  -Absent
<B><font color = 'blue'> .</font></B>  -Absent
<B><font color = 'blue'> .</font></B>  -Absent
<B><font color = 'blue'> .</font></B>  -SS Keystrokes 
<B><font color = 'blue'> .</font></B>  -sskey@gmail.com
<B><font color = 'blue'> .</font></B>  -emp98y
<B><font color = 'blue'> .</font></B>  -2022-10-22
<B><font color = 'blue'> .</font></B>  -Absent
<B><font color = 'blue'> .</font></B>  -Absent
<B><font color = 'blue'> .</font></B>  -undefined
<B><font color = 'blue'> .</font></B>  -Default
<B><font color = 'blue'> .</font></B>  -Default
<B><font color = 'blue'> .</font></B>  -Absent
<B><font color = 'blue'> .</font></B>  -Absent
<B><font color = 'blue'> .</font></B>  -Absent
<B><font color = 'blue'> .</font></B>  -Absent
<B><font color = 'blue'> .</font></B>  -Absent
<B><font color = 'blue'> .</font></B>  -Absent
<B><font color = 'blue'> .</font></B>  -Absent
<B><font color = 'blue'> .</font></B>  -Absent
<B><font color = 'blue'> .</font></B>  -Absent
<B><font color = 'blue'> .</font></B>  -Absent
<B><font color = 'blue'> .</font></B>  -Absent
<B><font color = 'blue'> .</font></B>  -shivammmmmmmmmmmmmmmmmmmm Kumar 
<B><font color = 'blue'> .</font></B>  -kgfyash545@gmail.com
<B><font color = 'blue'> .</font></B>  -hsakhdjk414
<B><font color = 'blue'> .</font></B>  -2022-10-22
<B><font color = 'blue'> .</font></B>  -Absent
<B><font color = 'blue'> .</font></B>  -Absent
<B><font color = 'blue'> .</font></B>  -undefined
<B><font color = 'blue'> .</font></B>  -Default
<B><font color = 'blue'> .</font></B>  -Default
<B><font color = 'blue'> .</font></B>  -Absent
<B><font color = 'blue'> .</font></B>  -Absent
<B><font color = 'blue'> .</font></B>  -Absent
<B><font color = 'blue'> .</font></B>  -Absent
<B><font color = 'blue'> .</font></B>  -Absent
<B><font color = 'blue'> .</font></B>  -Absent
<B><font color = 'blue'> .</font></B>  -Absent
<B><font color = 'blue'> .</font></B>  -Absent
<B><font color = 'blue'> .</font></B>  -Absent
<B><font color = 'blue'> .</font></B>  -Absent
<B><font color = 'blue'> .</font></B>  -Absent
<B><font color = 'blue'> .</font></B>  -Abhishek Four tf test 
<B><font color = 'blue'> .</font></B>  -abhishekfourtf@mail.com
<B><font color = 'blue'> .</font></B>  -HLIKSJ98
<B><font color = 'blue'> .</font></B>  -2022-10-22
<B><font color = 'blue'> .</font></B>  -Absent
<B><font color = 'blue'> .</font></B>  -Absent
<B><font color = 'blue'> .</font></B>  -undefined
<B><font color = 'blue'> .</font></B>  -Default
<B><font color = 'blue'> .</font></B>  -Default
<B><font color = 'blue'> .</font></B>  -Absent
<B><font color = 'blue'> .</font></B>  -Absent
<B><font color = 'blue'> .</font></B>  -Absent
<B><font color = 'blue'> .</font></B>  -Absent
<B><font color = 'blue'> .</font></B>  -Absent
<B><font color = 'blue'> .</font></B>  -Absent
<B><font color = 'blue'> .</font></B>  -Absent
<B><font color = 'blue'> .</font></B>  -Absent
<B><font color = 'blue'> .</font></B>  -Absent
<B><font color = 'blue'> .</font></B>  -Absent
<B><font color = 'blue'> .</font></B>  -Absent
<B><font color = 'blue'> .</font></B>  -new dev user 
<B><font color = 'blue'> .</font></B>  -new@dev.user
<B><font color = 'blue'> .</font></B>  -fdfsfsd
<B><font color = 'blue'> .</font></B>  -2022-10-22
<B><font color = 'blue'> .</font></B>  -Absent
<B><font color = 'blue'> .</font></B>  -Absent
<B><font color = 'blue'> .</font></B>  -undefined
<B><font color = 'blue'> .</font></B>  -Default
<B><font color = 'blue'> .</font></B>  -Default
<B><font color = 'blue'> .</font></B>  -Absent
<B><font color = 'blue'> .</font></B>  -Absent
<B><font color = 'blue'> .</font></B>  -Absent
<B><font color = 'blue'> .</font></B>  -Absent
<B><font color = 'blue'> .</font></B>  -Absent
<B><font color = 'blue'> .</font></B>  -Absent
<B><font color = 'blue'> .</font></B>  -Absent
<B><font color = 'blue'> .</font></B>  -Absent
<B><font color = 'blue'> .</font></B>  -Absent
<B><font color = 'blue'> .</font></B>  -Absent
<B><font color = 'blue'> .</font></B>  -Absent
<B><font color = 'blue'> .</font></B>  -aaaaaaaaaa aaaaaaaaa 
<B><font color = 'blue'> .</font></B>  -mmmm@gmail.com
<B><font color = 'blue'> .</font></B>  -80765s
<B><font color = 'blue'> .</font></B>  -2022-10-22
<B><font color = 'blue'> .</font></B>  -Absent
<B><font color = 'blue'> .</font></B>  -Absent
<B><font color = 'blue'> .</font></B>  -undefined
<B><font color = 'blue'> .</font></B>  -Bangalore
<B><font color = 'blue'> .</font></B>  -Testing
<B><font color = 'blue'> .</font></B>  -Absent
<B><font color = 'blue'> .</font></B>  -Absent
<B><font color = 'blue'> .</font></B>  -Absent
<B><font color = 'blue'> .</font></B>  -Absent
<B><font color = 'blue'> .</font></B>  -Absent
<B><font color = 'blue'> .</font></B>  -Absent
<B><font color = 'blue'> .</font></B>  -Absent
<B><font color = 'blue'> .</font></B>  -Absent
<B><font color = 'blue'> .</font></B>  -Absent
<B><font color = 'blue'> .</font></B>  -Absent
<B><font color = 'blue'> .</font></B>  -Absent
<B><font color = 'blue'> .</font></B>  -sumesh test 
<B><font color = 'blue'> .</font></B>  -sumesh@mail.com
<B><font color = 'blue'> .</font></B>  -fdgfdgf
<B><font color = 'blue'> .</font></B>  -2022-10-22
<B><font color = 'blue'> .</font></B>  -Absent
<B><font color = 'blue'> .</font></B>  -Absent
<B><font color = 'blue'> .</font></B>  -undefined
<B><font color = 'blue'> .</font></B>  -Bangalore
<B><font color = 'blue'> .</font></B>  -Testing
<B><font color = 'blue'> .</font></B>  -Absent
<B><font color = 'blue'> .</font></B>  -Absent
<B><font color = 'blue'> .</font></B>  -Absent
<B><font color = 'blue'> .</font></B>  -Absent
<B><font color = 'blue'> .</font></B>  -Absent
<B><font color = 'blue'> .</font></B>  -Absent
<B><font color = 'blue'> .</font></B>  -Absent
<B><font color = 'blue'> .</font></B>  -Absent
<B><font color = 'blue'> .</font></B>  -Absent
<B><font color = 'blue'> .</font></B>  -Absent
<B><font color = 'blue'> .</font></B>  -Absent
<B><font color = 'blue'> .</font></B>  -Test msc 
<B><font color = 'blue'> .</font></B>  -test123@gmail.com
<B><font color = 'blue'> .</font></B>  -12254
<B><font color = 'blue'> .</font></B>  -2022-10-22
<B><font color = 'blue'> .</font></B>  -Absent
<B><font color = 'blue'> .</font></B>  -Absent
<B><font color = 'blue'> .</font></B>  -undefined
<B><font color = 'blue'> .</font></B>  -Bangalore
<B><font color = 'blue'> .</font></B>  -Testing
<B><font color = 'blue'> .</font></B>  -Absent
<B><font color = 'blue'> .</font></B>  -Absent
<B><font color = 'blue'> .</font></B>  -Absent
<B><font color = 'blue'> .</font></B>  -Absent
<B><font color = 'blue'> .</font></B>  -Absent
<B><font color = 'blue'> .</font></B>  -Absent
<B><font color = 'blue'> .</font></B>  -Absent
<B><font color = 'blue'> .</font></B>  -Absent
<B><font color = 'blue'> .</font></B>  -Absent
<B><font color = 'blue'> .</font></B>  -Absent
<B><font color = 'blue'> .</font></B>  -Absent
<B><font color = 'blue'> .</font></B>  -deffdfds vscsc 
<B><font color = 'blue'> .</font></B>  -cscsdw123@gmail.com
<B><font color = 'blue'> .</font></B>  -1234512
<B><font color = 'blue'> .</font></B>  -2022-10-22
<B><font color = 'blue'> .</font></B>  -Absent
<B><font color = 'blue'> .</font></B>  -Absent
<B><font color = 'blue'> .</font></B>  -undefined
<B><font color = 'blue'> .</font></B>  -Bangalore
<B><font color = 'blue'> .</font></B>  -Testing
<B><font color = 'blue'> .</font></B>  -Absent
<B><font color = 'blue'> .</font></B>  -Absent
<B><font color = 'blue'> .</font></B>  -Absent
<B><font color = 'blue'> .</font></B>  -Absent
<B><font color = 'blue'> .</font></B>  -Absent
<B><font color = 'blue'> .</font></B>  -Absent
<B><font color = 'blue'> .</font></B>  -Absent
<B><font color = 'blue'> .</font></B>  -Absent
<B><font color = 'blue'> .</font></B>  -Absent
<B><font color = 'blue'> .</font></B>  -Absent
<B><font color = 'blue'> .</font></B>  -Absent
<B><font color = 'blue'> .</font></B>  -test testtt 
<B><font color = 'blue'> .</font></B>  -abcd@gmail.com
<B><font color = 'blue'> .</font></B>  -GLB55
<B><font color = 'blue'> .</font></B>  -2022-10-22
<B><font color = 'blue'> .</font></B>  -Absent
<B><font color = 'blue'> .</font></B>  -Absent
<B><font color = 'blue'> .</font></B>  -undefined
<B><font color = 'blue'> .</font></B>  -Bangalore
<B><font color = 'blue'> .</font></B>  -Testing
<B><font color = 'blue'> .</font></B>  -Absent
<B><font color = 'blue'> .</font></B>  -Absent
<B><font color = 'blue'> .</font></B>  -Absent
<B><font color = 'blue'> .</font></B>  -Absent
<B><font color = 'blue'> .</font></B>  -Absent
<B><font color = 'blue'> .</font></B>  -Absent
<B><font color = 'blue'> .</font></B>  -Absent
<B><font color = 'blue'> .</font></B>  -Absent
<B><font color = 'blue'> .</font></B>  -Absent
<B><font color = 'blue'> .</font></B>  -Absent
<B><font color = 'blue'> .</font></B>  -Absent
<B><font color = 'blue'> .</font></B>  -Abhishe tt 
<B><font color = 'blue'> .</font></B>  -ab@ab.com
<B><font color = 'blue'> .</font></B>  -GKD567
<B><font color = 'blue'> .</font></B>  -2022-10-22
<B><font color = 'blue'> .</font></B>  -Absent
<B><font color = 'blue'> .</font></B>  -Absent
<B><font color = 'blue'> .</font></B>  -undefined
<B><font color = 'blue'> .</font></B>  -Bangalore
<B><font color = 'blue'> .</font></B>  -Testing
<B><font color = 'blue'> .</font></B>  -Absent
<B><font color = 'blue'> .</font></B>  -Absent
<B><font color = 'blue'> .</font></B>  -Absent
<B><font color = 'blue'> .</font></B>  -Absent
<B><font color = 'blue'> .</font></B>  -Absent
<B><font color = 'blue'> .</font></B>  -Absent
<B><font color = 'blue'> .</font></B>  -Absent
<B><font color = 'blue'> .</font></B>  -Absent
<B><font color = 'blue'> .</font></B>  -Absent
<B><font color = 'blue'> .</font></B>  -Absent
<B><font color = 'blue'> .</font></B>  -Absent
<B><font color = 'blue'> .</font></B>  -test nonadmin 
<B><font color = 'blue'> .</font></B>  -testnonadmin@gmail.com
<B><font color = 'blue'> .</font></B>  -GLB026
<B><font color = 'blue'> .</font></B>  -2022-10-22
<B><font color = 'blue'> .</font></B>  -Absent
<B><font color = 'blue'> .</font></B>  -Absent
<B><font color = 'blue'> .</font></B>  -undefined
<B><font color = 'blue'> .</font></B>  -Bangalore
<B><font color = 'blue'> .</font></B>  -Php
<B><font color = 'blue'> .</font></B>  -Absent
<B><font color = 'blue'> .</font></B>  -Absent
<B><font color = 'blue'> .</font></B>  -Absent
<B><font color = 'blue'> .</font></B>  -Absent
<B><font color = 'blue'> .</font></B>  -Absent
<B><font color = 'blue'> .</font></B>  -Absent
<B><font color = 'blue'> .</font></B>  -Absent
<B><font color = 'blue'> .</font></B>  -Absent
<B><font color = 'blue'> .</font></B>  -Absent
<B><font color = 'blue'> .</font></B>  -Absent
<B><font color = 'blue'> .</font></B>  -Absent
<B><font color = 'blue'> .</font></B>  -adg ckj 
<B><font color = 'blue'> .</font></B>  -adcs@1234
<B><font color = 'blue'> .</font></B>  -583
<B><font color = 'blue'> .</font></B>  -2022-10-22
<B><font color = 'blue'> .</font></B>  -Absent
<B><font color = 'blue'> .</font></B>  -Absent
<B><font color = 'blue'> .</font></B>  -undefined
<B><font color = 'blue'> .</font></B>  -Bangalore
<B><font color = 'blue'> .</font></B>  -Testing
<B><font color = 'blue'> .</font></B>  -Absent
<B><font color = 'blue'> .</font></B>  -Absent
<B><font color = 'blue'> .</font></B>  -Absent
<B><font color = 'blue'> .</font></B>  -Absent
<B><font color = 'blue'> .</font></B>  -Absent
<B><font color = 'blue'> .</font></B>  -Absent
<B><font color = 'blue'> .</font></B>  -Absent
<B><font color = 'blue'> .</font></B>  -Absent
<B><font color = 'blue'> .</font></B>  -Absent
<B><font color = 'blue'> .</font></B>  -Absent
<B><font color = 'blue'> .</font></B>  -Absent
<B><font color = 'blue'> .</font></B>  -dominic toretto 
<B><font color = 'blue'> .</font></B>  -dom.toretto737@gmail.com
<B><font color = 'blue'> .</font></B>  -EMP011
<B><font color = 'blue'> .</font></B>  -2022-10-22
<B><font color = 'blue'> .</font></B>  -Absent
<B><font color = 'blue'> .</font></B>  -Absent
<B><font color = 'blue'> .</font></B>  -undefined
<B><font color = 'blue'> .</font></B>  -Bangalore
<B><font color = 'blue'> .</font></B>  -Testing
<B><font color = 'blue'> .</font></B>  -Absent
<B><font color = 'blue'> .</font></B>  -Absent
<B><font color = 'blue'> .</font></B>  -Absent
<B><font color = 'blue'> .</font></B>  -Absent
<B><font color = 'blue'> .</font></B>  -Absent
<B><font color = 'blue'> .</font></B>  -Absent
<B><font color = 'blue'> .</font></B>  -Absent
<B><font color = 'blue'> .</font></B>  -Absent
<B><font color = 'blue'> .</font></B>  -Absent
<B><font color = 'blue'> .</font></B>  -Absent
<B><font color = 'blue'> .</font></B>  -Absent
<B><font color = 'blue'> .</font></B>  -Abhishek Test 
<B><font color = 'blue'> .</font></B>  -abhishektrest@glb.in
<B><font color = 'blue'> .</font></B>  -rN7tvEiDPGNi4fD
<B><font color = 'blue'> .</font></B>  -2022-10-22
<B><font color = 'blue'> .</font></B>  -Absent
<B><font color = 'blue'> .</font></B>  -Absent
<B><font color = 'blue'> .</font></B>  -undefined
<B><font color = 'blue'> .</font></B>  -Bangalore
<B><font color = 'blue'> .</font></B>  -Php
<B><font color = 'blue'> .</font></B>  -Absent
<B><font color = 'blue'> .</font></B>  -Absent
<B><font color = 'blue'> .</font></B>  -Absent
<B><font color = 'blue'> .</font></B>  -Absent
<B><font color = 'blue'> .</font></B>  -Absent
<B><font color = 'blue'> .</font></B>  -Absent
<B><font color = 'blue'> .</font></B>  -Absent
<B><font color = 'blue'> .</font></B>  -Absent
<B><font color = 'blue'> .</font></B>  -Absent
<B><font color = 'blue'> .</font></B>  -Absent
<B><font color = 'blue'> .</font></B>  -Absent
<B><font color = 'blue'> .</font></B>  -Superior Test one 
<B><font color = 'blue'> .</font></B>  -superiorone@gmail.com
<B><font color = 'blue'> .</font></B>  -twoqw
<B><font color = 'blue'> .</font></B>  -2022-10-22
<B><font color = 'blue'> .</font></B>  -Absent
<B><font color = 'blue'> .</font></B>  -Absent
<B><font color = 'blue'> .</font></B>  -undefined
<B><font color = 'blue'> .</font></B>  -Bangalore
<B><font color = 'blue'> .</font></B>  -Testing
<B><font color = 'blue'> .</font></B>  -Absent
<B><font color = 'blue'> .</font></B>  -Absent
<B><font color = 'blue'> .</font></B>  -Absent
<B><font color = 'blue'> .</font></B>  -Absent
<B><font color = 'blue'> .</font></B>  -Absent
<B><font color = 'blue'> .</font></B>  -Absent
<B><font color = 'blue'> .</font></B>  -Absent
<B><font color = 'blue'> .</font></B>  -Absent
<B><font color = 'blue'> .</font></B>  -Absent
<B><font color = 'blue'> .</font></B>  -Absent
<B><font color = 'blue'> .</font></B>  -Absent
<B><font color = 'blue'> .</font></B>  -test testw 
<B><font color = 'blue'> .</font></B>  -test@mac.in
<B><font color = 'blue'> .</font></B>  -aaf123
<B><font color = 'blue'> .</font></B>  -2022-10-22
<B><font color = 'blue'> .</font></B>  -Absent
<B><font color = 'blue'> .</font></B>  -Absent
<B><font color = 'blue'> .</font></B>  -undefined
<B><font color = 'blue'> .</font></B>  -Bangalore
<B><font color = 'blue'> .</font></B>  -Php
<B><font color = 'blue'> .</font></B>  -Absent
<B><font color = 'blue'> .</font></B>  -Absent
<B><font color = 'blue'> .</font></B>  -Absent
<B><font color = 'blue'> .</font></B>  -Absent
<B><font color = 'blue'> .</font></B>  -Absent
<B><font color = 'blue'> .</font></B>  -Absent
<B><font color = 'blue'> .</font></B>  -Absent
<B><font color = 'blue'> .</font></B>  -Absent
<B><font color = 'blue'> .</font></B>  -Absent
<B><font color = 'blue'> .</font></B>  -Absent
<B><font color = 'blue'> .</font></B>  -Absent
<B><font color = 'blue'> .</font></B>  -sam eer 
<B><font color = 'blue'> .</font></B>  -sam@rf.in
<B><font color = 'blue'> .</font></B>  -WSAERT2Q34E
<B><font color = 'blue'> .</font></B>  -2022-10-22
<B><font color = 'blue'> .</font></B>  -Absent
<B><font color = 'blue'> .</font></B>  -Absent
<B><font color = 'blue'> .</font></B>  -undefined
<B><font color = 'blue'> .</font></B>  -Bangalore
<B><font color = 'blue'> .</font></B>  -Testing
<B><font color = 'blue'> .</font></B>  -Absent
<B><font color = 'blue'> .</font></B>  -Absent
<B><font color = 'blue'> .</font></B>  -Absent
<B><font color = 'blue'> .</font></B>  -Absent
<B><font color = 'blue'> .</font></B>  -Absent
<B><font color = 'blue'> .</font></B>  -Absent
<B><font color = 'blue'> .</font></B>  -Absent
<B><font color = 'blue'> .</font></B>  -Absent
<B><font color = 'blue'> .</font></B>  -Absent
<B><font color = 'blue'> .</font></B>  -Absent
<B><font color = 'blue'> .</font></B>  -Absent
<B><font color = 'blue'> .</font></B>  -Test test 
<B><font color = 'blue'> .</font></B>  -sarikajain@gmail.com
<B><font color = 'blue'> .</font></B>  -E-101
<B><font color = 'blue'> .</font></B>  -2022-10-22
<B><font color = 'blue'> .</font></B>  -Absent
<B><font color = 'blue'> .</font></B>  -Absent
<B><font color = 'blue'> .</font></B>  -undefined
<B><font color = 'blue'> .</font></B>  -Bangalore
<B><font color = 'blue'> .</font></B>  -Testing
<B><font color = 'blue'> .</font></B>  -Absent
<B><font color = 'blue'> .</font></B>  -Absent
<B><font color = 'blue'> .</font></B>  -Absent
<B><font color = 'blue'> .</font></B>  -Absent
<B><font color = 'blue'> .</font></B>  -Absent
<B><font color = 'blue'> .</font></B>  -Absent
<B><font color = 'blue'> .</font></B>  -Absent
<B><font color = 'blue'> .</font></B>  -Absent
<B><font color = 'blue'> .</font></B>  -Absent
<B><font color = 'blue'> .</font></B>  -Absent
<B><font color = 'blue'> .</font></B>  -Absent
<B><font color = 'blue'> .</font></B>  -sithu kalluru 
<B><font color = 'blue'> .</font></B>  -sitaramireddy@globussoft.in
<B><font color = 'blue'> .</font></B>  -code12
<B><font color = 'blue'> .</font></B>  -2022-10-22
<B><font color = 'blue'> .</font></B>  -Absent
<B><font color = 'blue'> .</font></B>  -Absent
<B><font color = 'blue'> .</font></B>  -undefined
<B><font color = 'blue'> .</font></B>  -Bangalore
<B><font color = 'blue'> .</font></B>  -Testing
<B><font color = 'blue'> .</font></B>  -Absent
<B><font color = 'blue'> .</font></B>  -Absent
<B><font color = 'blue'> .</font></B>  -Absent
<B><font color = 'blue'> .</font></B>  -Absent
<B><font color = 'blue'> .</font></B>  -Absent
<B><font color = 'blue'> .</font></B>  -Absent
<B><font color = 'blue'> .</font></B>  -Absent
<B><font color = 'blue'> .</font></B>  -Absent
<B><font color = 'blue'> .</font></B>  -Absent
<B><font color = 'blue'> .</font></B>  -Absent
<B><font color = 'blue'> .</font></B>  -Absent
<B><font color = 'blue'> .</font></B>  -test123 abcd 
<B><font color = 'blue'> .</font></B>  -s@gmail.com
<B><font color = 'blue'> .</font></B>  -code123z
<B><font color = 'blue'> .</font></B>  -2022-10-22
<B><font color = 'blue'> .</font></B>  -Absent
<B><font color = 'blue'> .</font></B>  -Absent
<B><font color = 'blue'> .</font></B>  -undefined
<B><font color = 'blue'> .</font></B>  -Bangalore
<B><font color = 'blue'> .</font></B>  -Testing
<B><font color = 'blue'> .</font></B>  -Absent
<B><font color = 'blue'> .</font></B>  -Absent
<B><font color = 'blue'> .</font></B>  -Absent
<B><font color = 'blue'> .</font></B>  -Absent
<B><font color = 'blue'> .</font></B>  -Absent
<B><font color = 'blue'> .</font></B>  -Absent
<B><font color = 'blue'> .</font></B>  -Absent
<B><font color = 'blue'> .</font></B>  -Absent
<B><font color = 'blue'> .</font></B>  -Absent
<B><font color = 'blue'> .</font></B>  -Absent
<B><font color = 'blue'> .</font></B>  -Absent
<B><font color = 'blue'> .</font></B>  -testing test 
<B><font color = 'blue'> .</font></B>  -aarshajoyson1601@gmail.com
<B><font color = 'blue'> .</font></B>  -glb0008
<B><font color = 'blue'> .</font></B>  -2022-10-22
<B><font color = 'blue'> .</font></B>  -Absent
<B><font color = 'blue'> .</font></B>  -Absent
<B><font color = 'blue'> .</font></B>  -undefined
<B><font color = 'blue'> .</font></B>  -Bangalore
<B><font color = 'blue'> .</font></B>  -Php
<B><font color = 'blue'> .</font></B>  -Absent
<B><font color = 'blue'> .</font></B>  -Absent
<B><font color = 'blue'> .</font></B>  -Absent
<B><font color = 'blue'> .</font></B>  -Absent
<B><font color = 'blue'> .</font></B>  -Absent
<B><font color = 'blue'> .</font></B>  -Absent
<B><font color = 'blue'> .</font></B>  -Absent
<B><font color = 'blue'> .</font></B>  -Absent
<B><font color = 'blue'> .</font></B>  -Absent
<B><font color = 'blue'> .</font></B>  -Absent
<B><font color = 'blue'> .</font></B>  -Absent
<B><font color = 'blue'> .</font></B>  -Automation CodeeeAuto 
<B><font color = 'blue'> .</font></B>  -skabcdef7@gmail.com
<B><font color = 'blue'> .</font></B>  -Emp-Abzcde-1234522
<B><font color = 'blue'> .</font></B>  -2022-10-22
<B><font color = 'blue'> .</font></B>  -Absent
<B><font color = 'blue'> .</font></B>  -Absent
<B><font color = 'blue'> .</font></B>  -undefined
<B><font color = 'blue'> .</font></B>  -Bangalore
<B><font color = 'blue'> .</font></B>  -Testing
<B><font color = 'blue'> .</font></B>  -Absent
<B><font color = 'blue'> .</font></B>  -Absent
<B><font color = 'blue'> .</font></B>  -Absent
<B><font color = 'blue'> .</font></B>  -Absent
<B><font color = 'blue'> .</font></B>  -Absent
<B><font color = 'blue'> .</font></B>  -Absent
<B><font color = 'blue'> .</font></B>  -Absent
<B><font color = 'blue'> .</font></B>  -Absent
<B><font color = 'blue'> .</font></B>  -Absent
<B><font color = 'blue'> .</font></B>  -Absent
<B><font color = 'blue'> .</font></B>  -Absent
<B><font color = 'blue'> .</font></B>  -piyush dfgsfg 
<B><font color = 'blue'> .</font></B>  -jos@gmail.com
<B><font color = 'blue'> .</font></B>  -sdgff
<B><font color = 'blue'> .</font></B>  -2022-10-22
<B><font color = 'blue'> .</font></B>  -Absent
<B><font color = 'blue'> .</font></B>  -Absent
<B><font color = 'blue'> .</font></B>  -undefined
<B><font color = 'blue'> .</font></B>  -Bangalore
<B><font color = 'blue'> .</font></B>  -Testing
<B><font color = 'blue'> .</font></B>  -Absent
<B><font color = 'blue'> .</font></B>  -Absent
<B><font color = 'blue'> .</font></B>  -Absent
<B><font color = 'blue'> .</font></B>  -Absent
<B><font color = 'blue'> .</font></B>  -Absent
<B><font color = 'blue'> .</font></B>  -Absent
<B><font color = 'blue'> .</font></B>  -Absent
<B><font color = 'blue'> .</font></B>  -Absent
<B><font color = 'blue'> .</font></B>  -Absent
<B><font color = 'blue'> .</font></B>  -Absent
<B><font color = 'blue'> .</font></B>  -Absent
<B><font color = 'blue'> .</font></B>  -Aryan raj 
<B><font color = 'blue'> .</font></B>  -alex@gmail.com
<B><font color = 'blue'> .</font></B>  -126
<B><font color = 'blue'> .</font></B>  -2022-10-22
<B><font color = 'blue'> .</font></B>  -Absent
<B><font color = 'blue'> .</font></B>  -Absent
<B><font color = 'blue'> .</font></B>  -undefined
<B><font color = 'blue'> .</font></B>  -Bangalore
<B><font color = 'blue'> .</font></B>  -Testing
<B><font color = 'blue'> .</font></B>  -Absent
<B><font color = 'blue'> .</font></B>  -Absent
<B><font color = 'blue'> .</font></B>  -Absent
<B><font color = 'blue'> .</font></B>  -Absent
<B><font color = 'blue'> .</font></B>  -Absent
<B><font color = 'blue'> .</font></B>  -Absent
<B><font color = 'blue'> .</font></B>  -Absent
<B><font color = 'blue'> .</font></B>  -Absent
<B><font color = 'blue'> .</font></B>  -Absent
<B><font color = 'blue'> .</font></B>  -Absent
<B><font color = 'blue'> .</font></B>  -Absent
<B><font color = 'blue'> .</font></B>  -Automation CodeeeAuto 
<B><font color = 'blue'> .</font></B>  -skabcdef38@gmail.com
<B><font color = 'blue'> .</font></B>  -Emp-Abzcde-123457
<B><font color = 'blue'> .</font></B>  -2022-10-22
<B><font color = 'blue'> .</font></B>  -Absent
<B><font color = 'blue'> .</font></B>  -Absent
<B><font color = 'blue'> .</font></B>  -undefined
<B><font color = 'blue'> .</font></B>  -Bangalore
<B><font color = 'blue'> .</font></B>  -Testing
<B><font color = 'blue'> .</font></B>  -Absent
<B><font color = 'blue'> .</font></B>  -Absent
<B><font color = 'blue'> .</font></B>  -Absent
<B><font color = 'blue'> .</font></B>  -Absent
<B><font color = 'blue'> .</font></B>  -Absent
<B><font color = 'blue'> .</font></B>  -Absent
<B><font color = 'blue'> .</font></B>  -Absent
<B><font color = 'blue'> .</font></B>  -Absent
<B><font color = 'blue'> .</font></B>  -Absent
<B><font color = 'blue'> .</font></B>  -Absent
<B><font color = 'blue'> .</font></B>  -Absent
<B><font color = 'blue'> .</font></B>  -Automation CodeeeAuto 
<B><font color = 'blue'> .</font></B>  -skabcdef33@gmail.com
<B><font color = 'blue'> .</font></B>  -Emp-Abzcde-1234557
<B><font color = 'blue'> .</font></B>  -2022-10-22
<B><font color = 'blue'> .</font></B>  -Absent
<B><font color = 'blue'> .</font></B>  -Absent
<B><font color = 'blue'> .</font></B>  -undefined
<B><font color = 'blue'> .</font></B>  -Bangalore
<B><font color = 'blue'> .</font></B>  -Testing
<B><font color = 'blue'> .</font></B>  -Absent
<B><font color = 'blue'> .</font></B>  -Absent
<B><font color = 'blue'> .</font></B>  -Absent
<B><font color = 'blue'> .</font></B>  -Absent
<B><font color = 'blue'> .</font></B>  -Absent
<B><font color = 'blue'> .</font></B>  -Absent
<B><font color = 'blue'> .</font></B>  -Absent
<B><font color = 'blue'> .</font></B>  -Absent
<B><font color = 'blue'> .</font></B>  -Absent
<B><font color = 'blue'> .</font></B>  -Absent
<B><font color = 'blue'> .</font></B>  -Absent
<B><font color = 'blue'> .</font></B>  -D Surya Prabhakar 
<B><font color = 'blue'> .</font></B>  -surya1@gmail.com
<B><font color = 'blue'> .</font></B>  -EM010
<B><font color = 'blue'> .</font></B>  -2022-10-22
<B><font color = 'blue'> .</font></B>  -Absent
<B><font color = 'blue'> .</font></B>  -Absent
<B><font color = 'blue'> .</font></B>  -undefined
<B><font color = 'blue'> .</font></B>  -bengaluru
<B><font color = 'blue'> .</font></B>  -Testing
<B><font color = 'blue'> .</font></B>  -Absent
<B><font color = 'blue'> .</font></B>  -Absent
<B><font color = 'blue'> .</font></B>  -Absent
<B><font color = 'blue'> .</font></B>  -Absent
<B><font color = 'blue'> .</font></B>  -Absent
<B><font color = 'blue'> .</font></B>  -Absent
<B><font color = 'blue'> .</font></B>  -Absent
<B><font color = 'blue'> .</font></B>  -Absent
<B><font color = 'blue'> .</font></B>  -Absent
<B><font color = 'blue'> .</font></B>  -Absent
<B><font color = 'blue'> .</font></B>  -Absent
<B><font color = 'blue'> .</font></B>  -R o       hit Sharma 
<B><font color = 'blue'> .</font></B>  -rahulrajt5613928@gmail.com
<B><font color = 'blue'> .</font></B>  -67645
<B><font color = 'blue'> .</font></B>  -2022-10-22
<B><font color = 'blue'> .</font></B>  -Absent
<B><font color = 'blue'> .</font></B>  -Absent
<B><font color = 'blue'> .</font></B>  -undefined
<B><font color = 'blue'> .</font></B>  -bengaluru
<B><font color = 'blue'> .</font></B>  -Testing
<B><font color = 'blue'> .</font></B>  -Absent
<B><font color = 'blue'> .</font></B>  -Absent
<B><font color = 'blue'> .</font></B>  -Absent
<B><font color = 'blue'> .</font></B>  -Absent
<B><font color = 'blue'> .</font></B>  -Absent
<B><font color = 'blue'> .</font></B>  -Absent
<B><font color = 'blue'> .</font></B>  -Absent
<B><font color = 'blue'> .</font></B>  -Absent
<B><font color = 'blue'> .</font></B>  -Absent
<B><font color = 'blue'> .</font></B>  -Absent
<B><font color = 'blue'> .</font></B>  -Absent
<B><font color = 'blue'> .</font></B>  -ni test 
<B><font color = 'blue'> .</font></B>  -nitest12@gmail.com
<B><font color = 'blue'> .</font></B>  -GLB678
<B><font color = 'blue'> .</font></B>  -2022-10-22
<B><font color = 'blue'> .</font></B>  -Absent
<B><font color = 'blue'> .</font></B>  -Absent
<B><font color = 'blue'> .</font></B>  -undefined
<B><font color = 'blue'> .</font></B>  -bengaluru
<B><font color = 'blue'> .</font></B>  -Testing
<B><font color = 'blue'> .</font></B>  -Absent
<B><font color = 'blue'> .</font></B>  -Absent
<B><font color = 'blue'> .</font></B>  -Absent
<B><font color = 'blue'> .</font></B>  -Absent
<B><font color = 'blue'> .</font></B>  -Absent
<B><font color = 'blue'> .</font></B>  -Absent
<B><font color = 'blue'> .</font></B>  -Absent
<B><font color = 'blue'> .</font></B>  -Absent
<B><font color = 'blue'> .</font></B>  -Absent
<B><font color = 'blue'> .</font></B>  -Absent
<B><font color = 'blue'> .</font></B>  -Absent
<B><font color = 'blue'> .</font></B>  -one test 
<B><font color = 'blue'> .</font></B>  -testone1234@gmail.com
<B><font color = 'blue'> .</font></B>  -0110
<B><font color = 'blue'> .</font></B>  -2022-10-22
<B><font color = 'blue'> .</font></B>  -Absent
<B><font color = 'blue'> .</font></B>  -Absent
<B><font color = 'blue'> .</font></B>  -undefined
<B><font color = 'blue'> .</font></B>  -bengaluru
<B><font color = 'blue'> .</font></B>  -Testing
<B><font color = 'blue'> .</font></B>  -Absent
<B><font color = 'blue'> .</font></B>  -Absent
<B><font color = 'blue'> .</font></B>  -Absent
<B><font color = 'blue'> .</font></B>  -Absent
<B><font color = 'blue'> .</font></B>  -Absent
<B><font color = 'blue'> .</font></B>  -Absent
<B><font color = 'blue'> .</font></B>  -Absent
<B><font color = 'blue'> .</font></B>  -Absent
<B><font color = 'blue'> .</font></B>  -Absent
<B><font color = 'blue'> .</font></B>  -Absent
<B><font color = 'blue'> .</font></B>  -Absent
<B><font color = 'blue'> .</font></B>  -GLB-BLR-010-PC - GLB-BLR-010 
<B><font color = 'blue'> .</font></B>  -abcd@yuksdgus
<B><font color = 'blue'> .</font></B>  -GLB-BLR-010
<B><font color = 'blue'> .</font></B>  -2022-10-22
<B><font color = 'blue'> .</font></B>  -Absent
<B><font color = 'blue'> .</font></B>  -Absent
<B><font color = 'blue'> .</font></B>  -undefined
<B><font color = 'blue'> .</font></B>  -bengaluru
<B><font color = 'blue'> .</font></B>  -Testing
<B><font color = 'blue'> .</font></B>  -Absent
<B><font color = 'blue'> .</font></B>  -Absent
<B><font color = 'blue'> .</font></B>  -Absent
<B><font color = 'blue'> .</font></B>  -Absent
<B><font color = 'blue'> .</font></B>  -Absent
<B><font color = 'blue'> .</font></B>  -Absent
<B><font color = 'blue'> .</font></B>  -Absent
<B><font color = 'blue'> .</font></B>  -Absent
<B><font color = 'blue'> .</font></B>  -Absent
<B><font color = 'blue'> .</font></B>  -Absent
<B><font color = 'blue'> .</font></B>  -Absent
<B><font color = 'blue'> .</font></B>  -surya kk 
<B><font color = 'blue'> .</font></B>  -123@gmail.com
<B><font color = 'blue'> .</font></B>  -mmmmm
<B><font color = 'blue'> .</font></B>  -2022-10-22
<B><font color = 'blue'> .</font></B>  -Absent
<B><font color = 'blue'> .</font></B>  -Absent
<B><font color = 'blue'> .</font></B>  -undefined
<B><font color = 'blue'> .</font></B>  -Tamilnadu
<B><font color = 'blue'> .</font></B>  -Test and Dev
<B><font color = 'blue'> .</font></B>  -Absent
<B><font color = 'blue'> .</font></B>  -Absent
<B><font color = 'blue'> .</font></B>  -Absent
<B><font color = 'blue'> .</font></B>  -Absent
<B><font color = 'blue'> .</font></B>  -Absent
<B><font color = 'blue'> .</font></B>  -Absent
<B><font color = 'blue'> .</font></B>  -Absent
<B><font color = 'blue'> .</font></B>  -Absent
<B><font color = 'blue'> .</font></B>  -Absent
<B><font color = 'blue'> .</font></B>  -Absent
<B><font color = 'blue'> .</font></B>  -Absent
<B><font color = 'blue'> .</font></B>  -sai kk 
<B><font color = 'blue'> .</font></B>  -saikk19876@gmail.com
<B><font color = 'blue'> .</font></B>  -20221019
<B><font color = 'blue'> .</font></B>  -2022-10-22
<B><font color = 'blue'> .</font></B>  -Absent
<B><font color = 'blue'> .</font></B>  -Absent
<B><font color = 'blue'> .</font></B>  -undefined
<B><font color = 'blue'> .</font></B>  -Tamilnadu
<B><font color = 'blue'> .</font></B>  -Test and Dev
<B><font color = 'blue'> .</font></B>  -Absent
<B><font color = 'blue'> .</font></B>  -Absent
<B><font color = 'blue'> .</font></B>  -Absent
<B><font color = 'blue'> .</font></B>  -Absent
<B><font color = 'blue'> .</font></B>  -Absent
<B><font color = 'blue'> .</font></B>  -Absent
<B><font color = 'blue'> .</font></B>  -Absent
<B><font color = 'blue'> .</font></B>  -Absent
<B><font color = 'blue'> .</font></B>  -Absent
<B><font color = 'blue'> .</font></B>  -Absent
<B><font color = 'blue'> .</font></B>  -Absent
<B><font color = 'blue'> .</font></B>  -ajeethemp test 
<B><font color = 'blue'> .</font></B>  -ajeethemp@gmail.com
<B><font color = 'blue'> .</font></B>  -A01
<B><font color = 'blue'> .</font></B>  -2022-10-22
<B><font color = 'blue'> .</font></B>  -Absent
<B><font color = 'blue'> .</font></B>  -Absent
<B><font color = 'blue'> .</font></B>  -undefined
<B><font color = 'blue'> .</font></B>  -Tamilnadu
<B><font color = 'blue'> .</font></B>  -Test and Dev
<B><font color = 'blue'> .</font></B>  -Absent
<B><font color = 'blue'> .</font></B>  -Absent
<B><font color = 'blue'> .</font></B>  -Absent
<B><font color = 'blue'> .</font></B>  -Absent
<B><font color = 'blue'> .</font></B>  -Absent
<B><font color = 'blue'> .</font></B>  -Absent
<B><font color = 'blue'> .</font></B>  -Absent
<B><font color = 'blue'> .</font></B>  -Absent
<B><font color = 'blue'> .</font></B>  -Absent
<B><font color = 'blue'> .</font></B>  -Absent
<B><font color = 'blue'> .</font></B>  -Absent
<B><font color = 'blue'> .</font></B>  -test user two 
<B><font color = 'blue'> .</font></B>  -testuser@two.io
<B><font color = 'blue'> .</font></B>  -GSLL-327
<B><font color = 'blue'> .</font></B>  -2022-10-22
<B><font color = 'blue'> .</font></B>  -Absent
<B><font color = 'blue'> .</font></B>  -Absent
<B><font color = 'blue'> .</font></B>  -undefined
<B><font color = 'blue'> .</font></B>  -Tamilnadu
<B><font color = 'blue'> .</font></B>  -Test and Dev
<B><font color = 'blue'> .</font></B>  -Absent
<B><font color = 'blue'> .</font></B>  -Absent
<B><font color = 'blue'> .</font></B>  -Absent
<B><font color = 'blue'> .</font></B>  -Absent
<B><font color = 'blue'> .</font></B>  -Absent
<B><font color = 'blue'> .</font></B>  -Absent
<B><font color = 'blue'> .</font></B>  -Absent
<B><font color = 'blue'> .</font></B>  -Absent
<B><font color = 'blue'> .</font></B>  -Absent
<B><font color = 'blue'> .</font></B>  -Absent
<B><font color = 'blue'> .</font></B>  -Absent
<B><font color = 'blue'> .</font></B>  -Himanshu Kumar 
<B><font color = 'blue'> .</font></B>  -himanshu1@gmail.com
<B><font color = 'blue'> .</font></B>  -EM011
<B><font color = 'blue'> .</font></B>  -2022-10-22
<B><font color = 'blue'> .</font></B>  -Absent
<B><font color = 'blue'> .</font></B>  -Absent
<B><font color = 'blue'> .</font></B>  -undefined
<B><font color = 'blue'> .</font></B>  -bagalkot
<B><font color = 'blue'> .</font></B>  -manual testing
<B><font color = 'blue'> .</font></B>  -Absent
<B><font color = 'blue'> .</font></B>  -Absent
<B><font color = 'blue'> .</font></B>  -Absent
<B><font color = 'blue'> .</font></B>  -Absent
<B><font color = 'blue'> .</font></B>  -Absent
<B><font color = 'blue'> .</font></B>  -Absent
<B><font color = 'blue'> .</font></B>  -Absent
<B><font color = 'blue'> .</font></B>  -Absent
<B><font color = 'blue'> .</font></B>  -Absent
<B><font color = 'blue'> .</font></B>  -Absent
<B><font color = 'blue'> .</font></B>  -Absent
<B><font color = 'blue'> .</font></B>  -dxgfdxg gssdg 
<B><font color = 'blue'> .</font></B>  -sdgsg@dgksodkg.in
<B><font color = 'blue'> .</font></B>  -asfda343443
<B><font color = 'blue'> .</font></B>  -2022-10-22
<B><font color = 'blue'> .</font></B>  -Absent
<B><font color = 'blue'> .</font></B>  -Absent
<B><font color = 'blue'> .</font></B>  -undefined
<B><font color = 'blue'> .</font></B>  -Bhilai
<B><font color = 'blue'> .</font></B>  -Php
<B><font color = 'blue'> .</font></B>  -Absent
<B><font color = 'blue'> .</font></B>  -Absent
<B><font color = 'blue'> .</font></B>  -Absent
<B><font color = 'blue'> .</font></B>  -Absent
<B><font color = 'blue'> .</font></B>  -Absent
<B><font color = 'blue'> .</font></B>  -Absent
<B><font color = 'blue'> .</font></B>  -Absent
<B><font color = 'blue'> .</font></B>  -Absent
<B><font color = 'blue'> .</font></B>  -Absent
<B><font color = 'blue'> .</font></B>  -Absent
<B><font color = 'blue'> .</font></B>  -Absent
<B><font color = 'blue'> .</font></B>  -Guest User 
<B><font color = 'blue'> .</font></B>  -guestuser@gmail.com
<B><font color = 'blue'> .</font></B>  -GLB-777
<B><font color = 'blue'> .</font></B>  -2022-10-22
<B><font color = 'blue'> .</font></B>  -Absent
<B><font color = 'blue'> .</font></B>  -Absent
<B><font color = 'blue'> .</font></B>  -undefined
<B><font color = 'blue'> .</font></B>  -Bhilai
<B><font color = 'blue'> .</font></B>  -Php
<B><font color = 'blue'> .</font></B>  -Absent
<B><font color = 'blue'> .</font></B>  -Absent
<B><font color = 'blue'> .</font></B>  -Absent
<B><font color = 'blue'> .</font></B>  -Absent
<B><font color = 'blue'> .</font></B>  -Absent
<B><font color = 'blue'> .</font></B>  -Absent
<B><font color = 'blue'> .</font></B>  -Absent
<B><font color = 'blue'> .</font></B>  -Absent
<B><font color = 'blue'> .</font></B>  -Absent
<B><font color = 'blue'> .</font></B>  -Absent
<B><font color = 'blue'> .</font></B>  -Absent
<B><font color = 'blue'> .</font></B>  -Virat kohli 
<B><font color = 'blue'> .</font></B>  -rahukbgdxgsf@gmail.com
<B><font color = 'blue'> .</font></B>  -65332
<B><font color = 'blue'> .</font></B>  -2022-10-21
<B><font color = 'blue'> .</font></B>  -21-10-2022 00:00:53
<B><font color = 'blue'> .</font></B>  -21-10-2022 00:03:53
<B><font color = 'blue'> .</font></B>  -GLB-124-PC
<B><font color = 'blue'> .</font></B>  -Default
<B><font color = 'blue'> .</font></B>  -Default
<B><font color = 'blue'> .</font></B>  -00:03:00
<B><font color = 'blue'> .</font></B>  -00:00:00
<B><font color = 'blue'> .</font></B>  -00:00:00
<B><font color = 'blue'> .</font></B>  -00:00:00
<B><font color = 'blue'> .</font></B>  -00:00:00
<B><font color = 'blue'> .</font></B>  -00:00:00
<B><font color = 'blue'> .</font></B>  -00:00:00
<B><font color = 'blue'> .</font></B>  -00:03:00
<B><font color = 'blue'> .</font></B>  -0.00%
<B><font color = 'blue'> .</font></B>  --480:00
<B><font color = 'blue'> .</font></B>  -0.00
<B><font color = 'blue'> .</font></B>  -ajeethemp test 
<B><font color = 'blue'> .</font></B>  -ajeethemp@gmail.com
<B><font color = 'blue'> .</font></B>  -A01
<B><font color = 'blue'> .</font></B>  -2022-10-21
<B><font color = 'blue'> .</font></B>  -21-10-2022 07:31:15
<B><font color = 'blue'> .</font></B>  -21-10-2022 08:43:15
<B><font color = 'blue'> .</font></B>  -GLB-193-PC
<B><font color = 'blue'> .</font></B>  -Tamilnadu
<B><font color = 'blue'> .</font></B>  -Test and Dev
<B><font color = 'blue'> .</font></B>  -01:12:00
<B><font color = 'blue'> .</font></B>  -00:00:00
<B><font color = 'blue'> .</font></B>  -00:00:00
<B><font color = 'blue'> .</font></B>  -00:00:00
<B><font color = 'blue'> .</font></B>  -00:00:00
<B><font color = 'blue'> .</font></B>  -00:00:00
<B><font color = 'blue'> .</font></B>  -00:00:00
<B><font color = 'blue'> .</font></B>  -01:12:00
<B><font color = 'blue'> .</font></B>  -0.00%
<B><font color = 'blue'> .</font></B>  --480:00
<B><font color = 'blue'> .</font></B>  -0.00
<B><font color = 'blue'> .</font></B>  -sadas kadkasdj 
<B><font color = 'blue'> .</font></B>  -dsa@eqe
<B><font color = 'blue'> .</font></B>  -emp129666
<B><font color = 'blue'> .</font></B>  -2022-10-21
<B><font color = 'blue'> .</font></B>  -Absent
<B><font color = 'blue'> .</font></B>  -Absent
<B><font color = 'blue'> .</font></B>  -undefined
<B><font color = 'blue'> .</font></B>  -Default
<B><font color = 'blue'> .</font></B>  -Default
<B><font color = 'blue'> .</font></B>  -Absent
<B><font color = 'blue'> .</font></B>  -Absent
<B><font color = 'blue'> .</font></B>  -Absent
<B><font color = 'blue'> .</font></B>  -Absent
<B><font color = 'blue'> .</font></B>  -Absent
<B><font color = 'blue'> .</font></B>  -Absent
<B><font color = 'blue'> .</font></B>  -Absent
<B><font color = 'blue'> .</font></B>  -Absent
<B><font color = 'blue'> .</font></B>  -Absent
<B><font color = 'blue'> .</font></B>  -Absent
<B><font color = 'blue'> .</font></B>  -Absent
<B><font color = 'blue'> .</font></B>  -New Test 
<B><font color = 'blue'> .</font></B>  -newtest@gmail.com
<B><font color = 'blue'> .</font></B>  -ewer334443
<B><font color = 'blue'> .</font></B>  -2022-10-21
<B><font color = 'blue'> .</font></B>  -Absent
<B><font color = 'blue'> .</font></B>  -Absent
<B><font color = 'blue'> .</font></B>  -undefined
<B><font color = 'blue'> .</font></B>  -Default
<B><font color = 'blue'> .</font></B>  -Default
<B><font color = 'blue'> .</font></B>  -Absent
<B><font color = 'blue'> .</font></B>  -Absent
<B><font color = 'blue'> .</font></B>  -Absent
<B><font color = 'blue'> .</font></B>  -Absent
<B><font color = 'blue'> .</font></B>  -Absent
<B><font color = 'blue'> .</font></B>  -Absent
<B><font color = 'blue'> .</font></B>  -Absent
<B><font color = 'blue'> .</font></B>  -Absent
<B><font color = 'blue'> .</font></B>  -Absent
<B><font color = 'blue'> .</font></B>  -Absent
<B><font color = 'blue'> .</font></B>  -Absent
<B><font color = 'blue'> .</font></B>  -dshcdb uidsbf 
<B><font color = 'blue'> .</font></B>  -dvbvdb@yahoo.com
<B><font color = 'blue'> .</font></B>  -435454
<B><font color = 'blue'> .</font></B>  -2022-10-21
<B><font color = 'blue'> .</font></B>  -Absent
<B><font color = 'blue'> .</font></B>  -Absent
<B><font color = 'blue'> .</font></B>  -undefined
<B><font color = 'blue'> .</font></B>  -Default
<B><font color = 'blue'> .</font></B>  -Default
<B><font color = 'blue'> .</font></B>  -Absent
<B><font color = 'blue'> .</font></B>  -Absent
<B><font color = 'blue'> .</font></B>  -Absent
<B><font color = 'blue'> .</font></B>  -Absent
<B><font color = 'blue'> .</font></B>  -Absent
<B><font color = 'blue'> .</font></B>  -Absent
<B><font color = 'blue'> .</font></B>  -Absent
<B><font color = 'blue'> .</font></B>  -Absent
<B><font color = 'blue'> .</font></B>  -Absent
<B><font color = 'blue'> .</font></B>  -Absent
<B><font color = 'blue'> .</font></B>  -Absent
<B><font color = 'blue'> .</font></B>  -try last 
<B><font color = 'blue'> .</font></B>  -try@gmail.com
<B><font color = 'blue'> .</font></B>  -1225455
<B><font color = 'blue'> .</font></B>  -2022-10-21
<B><font color = 'blue'> .</font></B>  -Absent
<B><font color = 'blue'> .</font></B>  -Absent
<B><font color = 'blue'> .</font></B>  -undefined
<B><font color = 'blue'> .</font></B>  -Default
<B><font color = 'blue'> .</font></B>  -Default
<B><font color = 'blue'> .</font></B>  -Absent
<B><font color = 'blue'> .</font></B>  -Absent
<B><font color = 'blue'> .</font></B>  -Absent
<B><font color = 'blue'> .</font></B>  -Absent
<B><font color = 'blue'> .</font></B>  -Absent
<B><font color = 'blue'> .</font></B>  -Absent
<B><font color = 'blue'> .</font></B>  -Absent
<B><font color = 'blue'> .</font></B>  -Absent
<B><font color = 'blue'> .</font></B>  -Absent
<B><font color = 'blue'> .</font></B>  -Absent
<B><font color = 'blue'> .</font></B>  -Absent
<B><font color = 'blue'> .</font></B>  -vdjvdb yusvdvbbh 
<B><font color = 'blue'> .</font></B>  -dvhbfdh@gmail.com
<B><font color = 'blue'> .</font></B>  -wq534342
<B><font color = 'blue'> .</font></B>  -2022-10-21
<B><font color = 'blue'> .</font></B>  -Absent
<B><font color = 'blue'> .</font></B>  -Absent
<B><font color = 'blue'> .</font></B>  -undefined
<B><font color = 'blue'> .</font></B>  -Default
<B><font color = 'blue'> .</font></B>  -Default
<B><font color = 'blue'> .</font></B>  -Absent
<B><font color = 'blue'> .</font></B>  -Absent
<B><font color = 'blue'> .</font></B>  -Absent
<B><font color = 'blue'> .</font></B>  -Absent
<B><font color = 'blue'> .</font></B>  -Absent
<B><font color = 'blue'> .</font></B>  -Absent
<B><font color = 'blue'> .</font></B>  -Absent
<B><font color = 'blue'> .</font></B>  -Absent
<B><font color = 'blue'> .</font></B>  -Absent
<B><font color = 'blue'> .</font></B>  -Absent
<B><font color = 'blue'> .</font></B>  -Absent
<B><font color = 'blue'> .</font></B>  -Mail Test user 
<B><font color = 'blue'> .</font></B>  -maintest@user.io
<B><font color = 'blue'> .</font></B>  -GLB-1223888
<B><font color = 'blue'> .</font></B>  -2022-10-21
<B><font color = 'blue'> .</font></B>  -Absent
<B><font color = 'blue'> .</font></B>  -Absent
<B><font color = 'blue'> .</font></B>  -undefined
<B><font color = 'blue'> .</font></B>  -Default
<B><font color = 'blue'> .</font></B>  -Default
<B><font color = 'blue'> .</font></B>  -Absent
<B><font color = 'blue'> .</font></B>  -Absent
<B><font color = 'blue'> .</font></B>  -Absent
<B><font color = 'blue'> .</font></B>  -Absent
<B><font color = 'blue'> .</font></B>  -Absent
<B><font color = 'blue'> .</font></B>  -Absent
<B><font color = 'blue'> .</font></B>  -Absent
<B><font color = 'blue'> .</font></B>  -Absent
<B><font color = 'blue'> .</font></B>  -Absent
<B><font color = 'blue'> .</font></B>  -Absent
<B><font color = 'blue'> .</font></B>  -Absent
<B><font color = 'blue'> .</font></B>  -Update Check 
<B><font color = 'blue'> .</font></B>  -updates@gmail.com
<B><font color = 'blue'> .</font></B>  -emp543
<B><font color = 'blue'> .</font></B>  -2022-10-21
<B><font color = 'blue'> .</font></B>  -Absent
<B><font color = 'blue'> .</font></B>  -Absent
<B><font color = 'blue'> .</font></B>  -undefined
<B><font color = 'blue'> .</font></B>  -Default
<B><font color = 'blue'> .</font></B>  -Default
<B><font color = 'blue'> .</font></B>  -Absent
<B><font color = 'blue'> .</font></B>  -Absent
<B><font color = 'blue'> .</font></B>  -Absent
<B><font color = 'blue'> .</font></B>  -Absent
<B><font color = 'blue'> .</font></B>  -Absent
<B><font color = 'blue'> .</font></B>  -Absent
<B><font color = 'blue'> .</font></B>  -Absent
<B><font color = 'blue'> .</font></B>  -Absent
<B><font color = 'blue'> .</font></B>  -Absent
<B><font color = 'blue'> .</font></B>  -Absent
<B><font color = 'blue'> .</font></B>  -Absent
<B><font color = 'blue'> .</font></B>  -test manager 
<B><font color = 'blue'> .</font></B>  -manageremp@gmail.com
<B><font color = 'blue'> .</font></B>  -glb020
<B><font color = 'blue'> .</font></B>  -2022-10-21
<B><font color = 'blue'> .</font></B>  -Absent
<B><font color = 'blue'> .</font></B>  -Absent
<B><font color = 'blue'> .</font></B>  -undefined
<B><font color = 'blue'> .</font></B>  -Default
<B><font color = 'blue'> .</font></B>  -Default
<B><font color = 'blue'> .</font></B>  -Absent
<B><font color = 'blue'> .</font></B>  -Absent
<B><font color = 'blue'> .</font></B>  -Absent
<B><font color = 'blue'> .</font></B>  -Absent
<B><font color = 'blue'> .</font></B>  -Absent
<B><font color = 'blue'> .</font></B>  -Absent
<B><font color = 'blue'> .</font></B>  -Absent
<B><font color = 'blue'> .</font></B>  -Absent
<B><font color = 'blue'> .</font></B>  -Absent
<B><font color = 'blue'> .</font></B>  -Absent
<B><font color = 'blue'> .</font></B>  -Absent
<B><font color = 'blue'> .</font></B>  -DESKTOP-PJJHB19 - GLB-BLR-002OjUpRD2 
<B><font color = 'blue'> .</font></B>  --
<B><font color = 'blue'> .</font></B>  -GLB-BLR-002OjUpRD2
<B><font color = 'blue'> .</font></B>  -2022-10-21
<B><font color = 'blue'> .</font></B>  -Absent
<B><font color = 'blue'> .</font></B>  -Absent
<B><font color = 'blue'> .</font></B>  -undefined
<B><font color = 'blue'> .</font></B>  -Default
<B><font color = 'blue'> .</font></B>  -Default
<B><font color = 'blue'> .</font></B>  -Absent
<B><font color = 'blue'> .</font></B>  -Absent
<B><font color = 'blue'> .</font></B>  -Absent
<B><font color = 'blue'> .</font></B>  -Absent
<B><font color = 'blue'> .</font></B>  -Absent
<B><font color = 'blue'> .</font></B>  -Absent
<B><font color = 'blue'> .</font></B>  -Absent
<B><font color = 'blue'> .</font></B>  -Absent
<B><font color = 'blue'> .</font></B>  -Absent
<B><font color = 'blue'> .</font></B>  -Absent
<B><font color = 'blue'> .</font></B>  -Absent
<B><font color = 'blue'> .</font></B>  -Usb Test 
<B><font color = 'blue'> .</font></B>  -usbtest123@gmail.com
<B><font color = 'blue'> .</font></B>  -emp0097
<B><font color = 'blue'> .</font></B>  -2022-10-21
<B><font color = 'blue'> .</font></B>  -Absent
<B><font color = 'blue'> .</font></B>  -Absent
<B><font color = 'blue'> .</font></B>  -undefined
<B><font color = 'blue'> .</font></B>  -Default
<B><font color = 'blue'> .</font></B>  -Default
<B><font color = 'blue'> .</font></B>  -Absent
<B><font color = 'blue'> .</font></B>  -Absent
<B><font color = 'blue'> .</font></B>  -Absent
<B><font color = 'blue'> .</font></B>  -Absent
<B><font color = 'blue'> .</font></B>  -Absent
<B><font color = 'blue'> .</font></B>  -Absent
<B><font color = 'blue'> .</font></B>  -Absent
<B><font color = 'blue'> .</font></B>  -Absent
<B><font color = 'blue'> .</font></B>  -Absent
<B><font color = 'blue'> .</font></B>  -Absent
<B><font color = 'blue'> .</font></B>  -Absent
<B><font color = 'blue'> .</font></B>  -SS Keystrokes 
<B><font color = 'blue'> .</font></B>  -sskey@gmail.com
<B><font color = 'blue'> .</font></B>  -emp98y
<B><font color = 'blue'> .</font></B>  -2022-10-21
<B><font color = 'blue'> .</font></B>  -Absent
<B><font color = 'blue'> .</font></B>  -Absent
<B><font color = 'blue'> .</font></B>  -undefined
<B><font color = 'blue'> .</font></B>  -Default
<B><font color = 'blue'> .</font></B>  -Default
<B><font color = 'blue'> .</font></B>  -Absent
<B><font color = 'blue'> .</font></B>  -Absent
<B><font color = 'blue'> .</font></B>  -Absent
<B><font color = 'blue'> .</font></B>  -Absent
<B><font color = 'blue'> .</font></B>  -Absent
<B><font color = 'blue'> .</font></B>  -Absent
<B><font color = 'blue'> .</font></B>  -Absent
<B><font color = 'blue'> .</font></B>  -Absent
<B><font color = 'blue'> .</font></B>  -Absent
<B><font color = 'blue'> .</font></B>  -Absent
<B><font color = 'blue'> .</font></B>  -Absent
<B><font color = 'blue'> .</font></B>  -shivammmmmmmmmmmmmmmmmmmm Kumar 
<B><font color = 'blue'> .</font></B>  -kgfyash545@gmail.com
<B><font color = 'blue'> .</font></B>  -hsakhdjk414
<B><font color = 'blue'> .</font></B>  -2022-10-21
<B><font color = 'blue'> .</font></B>  -Absent
<B><font color = 'blue'> .</font></B>  -Absent
<B><font color = 'blue'> .</font></B>  -undefined
<B><font color = 'blue'> .</font></B>  -Default
<B><font color = 'blue'> .</font></B>  -Default
<B><font color = 'blue'> .</font></B>  -Absent
<B><font color = 'blue'> .</font></B>  -Absent
<B><font color = 'blue'> .</font></B>  -Absent
<B><font color = 'blue'> .</font></B>  -Absent
<B><font color = 'blue'> .</font></B>  -Absent
<B><font color = 'blue'> .</font></B>  -Absent
<B><font color = 'blue'> .</font></B>  -Absent
<B><font color = 'blue'> .</font></B>  -Absent
<B><font color = 'blue'> .</font></B>  -Absent
<B><font color = 'blue'> .</font></B>  -Absent
<B><font color = 'blue'> .</font></B>  -Absent
<B><font color = 'blue'> .</font></B>  -Abhishek Four tf test 
<B><font color = 'blue'> .</font></B>  -abhishekfourtf@mail.com
<B><font color = 'blue'> .</font></B>  -HLIKSJ98
<B><font color = 'blue'> .</font></B>  -2022-10-21
<B><font color = 'blue'> .</font></B>  -Absent
<B><font color = 'blue'> .</font></B>  -Absent
<B><font color = 'blue'> .</font></B>  -undefined
<B><font color = 'blue'> .</font></B>  -Default
<B><font color = 'blue'> .</font></B>  -Default
<B><font color = 'blue'> .</font></B>  -Absent
<B><font color = 'blue'> .</font></B>  -Absent
<B><font color = 'blue'> .</font></B>  -Absent
<B><font color = 'blue'> .</font></B>  -Absent
<B><font color = 'blue'> .</font></B>  -Absent
<B><font color = 'blue'> .</font></B>  -Absent
<B><font color = 'blue'> .</font></B>  -Absent
<B><font color = 'blue'> .</font></B>  -Absent
<B><font color = 'blue'> .</font></B>  -Absent
<B><font color = 'blue'> .</font></B>  -Absent
<B><font color = 'blue'> .</font></B>  -Absent
<B><font color = 'blue'> .</font></B>  -new dev user 
<B><font color = 'blue'> .</font></B>  -new@dev.user
<B><font color = 'blue'> .</font></B>  -fdfsfsd
<B><font color = 'blue'> .</font></B>  -2022-10-21
<B><font color = 'blue'> .</font></B>  -Absent
<B><font color = 'blue'> .</font></B>  -Absent
<B><font color = 'blue'> .</font></B>  -undefined
<B><font color = 'blue'> .</font></B>  -Default
<B><font color = 'blue'> .</font></B>  -Default
<B><font color = 'blue'> .</font></B>  -Absent
<B><font color = 'blue'> .</font></B>  -Absent
<B><font color = 'blue'> .</font></B>  -Absent
<B><font color = 'blue'> .</font></B>  -Absent
<B><font color = 'blue'> .</font></B>  -Absent
<B><font color = 'blue'> .</font></B>  -Absent
<B><font color = 'blue'> .</font></B>  -Absent
<B><font color = 'blue'> .</font></B>  -Absent
<B><font color = 'blue'> .</font></B>  -Absent
<B><font color = 'blue'> .</font></B>  -Absent
<B><font color = 'blue'> .</font></B>  -Absent
<B><font color = 'blue'> .</font></B>  -aaaaaaaaaa aaaaaaaaa 
<B><font color = 'blue'> .</font></B>  -mmmm@gmail.com
<B><font color = 'blue'> .</font></B>  -80765s
<B><font color = 'blue'> .</font></B>  -2022-10-21
<B><font color = 'blue'> .</font></B>  -Absent
<B><font color = 'blue'> .</font></B>  -Absent
<B><font color = 'blue'> .</font></B>  -undefined
<B><font color = 'blue'> .</font></B>  -Bangalore
<B><font color = 'blue'> .</font></B>  -Testing
<B><font color = 'blue'> .</font></B>  -Absent
<B><font color = 'blue'> .</font></B>  -Absent
<B><font color = 'blue'> .</font></B>  -Absent
<B><font color = 'blue'> .</font></B>  -Absent
<B><font color = 'blue'> .</font></B>  -Absent
<B><font color = 'blue'> .</font></B>  -Absent
<B><font color = 'blue'> .</font></B>  -Absent
<B><font color = 'blue'> .</font></B>  -Absent
<B><font color = 'blue'> .</font></B>  -Absent
<B><font color = 'blue'> .</font></B>  -Absent
<B><font color = 'blue'> .</font></B>  -Absent
<B><font color = 'blue'> .</font></B>  -sumesh test 
<B><font color = 'blue'> .</font></B>  -sumesh@mail.com
<B><font color = 'blue'> .</font></B>  -fdgfdgf
<B><font color = 'blue'> .</font></B>  -2022-10-21
<B><font color = 'blue'> .</font></B>  -Absent
<B><font color = 'blue'> .</font></B>  -Absent
<B><font color = 'blue'> .</font></B>  -undefined
<B><font color = 'blue'> .</font></B>  -Bangalore
<B><font color = 'blue'> .</font></B>  -Testing
<B><font color = 'blue'> .</font></B>  -Absent
<B><font color = 'blue'> .</font></B>  -Absent
<B><font color = 'blue'> .</font></B>  -Absent
<B><font color = 'blue'> .</font></B>  -Absent
<B><font color = 'blue'> .</font></B>  -Absent
<B><font color = 'blue'> .</font></B>  -Absent
<B><font color = 'blue'> .</font></B>  -Absent
<B><font color = 'blue'> .</font></B>  -Absent
<B><font color = 'blue'> .</font></B>  -Absent
<B><font color = 'blue'> .</font></B>  -Absent
<B><font color = 'blue'> .</font></B>  -Absent
<B><font color = 'blue'> .</font></B>  -Test msc 
<B><font color = 'blue'> .</font></B>  -test123@gmail.com
<B><font color = 'blue'> .</font></B>  -12254
<B><font color = 'blue'> .</font></B>  -2022-10-21
<B><font color = 'blue'> .</font></B>  -Absent
<B><font color = 'blue'> .</font></B>  -Absent
<B><font color = 'blue'> .</font></B>  -undefined
<B><font color = 'blue'> .</font></B>  -Bangalore
<B><font color = 'blue'> .</font></B>  -Testing
<B><font color = 'blue'> .</font></B>  -Absent
<B><font color = 'blue'> .</font></B>  -Absent
<B><font color = 'blue'> .</font></B>  -Absent
<B><font color = 'blue'> .</font></B>  -Absent
<B><font color = 'blue'> .</font></B>  -Absent
<B><font color = 'blue'> .</font></B>  -Absent
<B><font color = 'blue'> .</font></B>  -Absent
<B><font color = 'blue'> .</font></B>  -Absent
<B><font color = 'blue'> .</font></B>  -Absent
<B><font color = 'blue'> .</font></B>  -Absent
<B><font color = 'blue'> .</font></B>  -Absent
<B><font color = 'blue'> .</font></B>  -deffdfds vscsc 
<B><font color = 'blue'> .</font></B>  -cscsdw123@gmail.com
<B><font color = 'blue'> .</font></B>  -1234512
<B><font color = 'blue'> .</font></B>  -2022-10-21
<B><font color = 'blue'> .</font></B>  -Absent
<B><font color = 'blue'> .</font></B>  -Absent
<B><font color = 'blue'> .</font></B>  -undefined
<B><font color = 'blue'> .</font></B>  -Bangalore
<B><font color = 'blue'> .</font></B>  -Testing
<B><font color = 'blue'> .</font></B>  -Absent
<B><font color = 'blue'> .</font></B>  -Absent
<B><font color = 'blue'> .</font></B>  -Absent
<B><font color = 'blue'> .</font></B>  -Absent
<B><font color = 'blue'> .</font></B>  -Absent
<B><font color = 'blue'> .</font></B>  -Absent
<B><font color = 'blue'> .</font></B>  -Absent
<B><font color = 'blue'> .</font></B>  -Absent
<B><font color = 'blue'> .</font></B>  -Absent
<B><font color = 'blue'> .</font></B>  -Absent
<B><font color = 'blue'> .</font></B>  -Absent
<B><font color = 'blue'> .</font></B>  -test testtt 
<B><font color = 'blue'> .</font></B>  -abcd@gmail.com
<B><font color = 'blue'> .</font></B>  -GLB55
<B><font color = 'blue'> .</font></B>  -2022-10-21
<B><font color = 'blue'> .</font></B>  -Absent
<B><font color = 'blue'> .</font></B>  -Absent
<B><font color = 'blue'> .</font></B>  -undefined
<B><font color = 'blue'> .</font></B>  -Bangalore
<B><font color = 'blue'> .</font></B>  -Testing
<B><font color = 'blue'> .</font></B>  -Absent
<B><font color = 'blue'> .</font></B>  -Absent
<B><font color = 'blue'> .</font></B>  -Absent
<B><font color = 'blue'> .</font></B>  -Absent
<B><font color = 'blue'> .</font></B>  -Absent
<B><font color = 'blue'> .</font></B>  -Absent
<B><font color = 'blue'> .</font></B>  -Absent
<B><font color = 'blue'> .</font></B>  -Absent
<B><font color = 'blue'> .</font></B>  -Absent
<B><font color = 'blue'> .</font></B>  -Absent
<B><font color = 'blue'> .</font></B>  -Absent
<B><font color = 'blue'> .</font></B>  -Abhishe tt 
<B><font color = 'blue'> .</font></B>  -ab@ab.com
<B><font color = 'blue'> .</font></B>  -GKD567
<B><font color = 'blue'> .</font></B>  -2022-10-21
<B><font color = 'blue'> .</font></B>  -Absent
<B><font color = 'blue'> .</font></B>  -Absent
<B><font color = 'blue'> .</font></B>  -undefined
<B><font color = 'blue'> .</font></B>  -Bangalore
<B><font color = 'blue'> .</font></B>  -Testing
<B><font color = 'blue'> .</font></B>  -Absent
<B><font color = 'blue'> .</font></B>  -Absent
<B><font color = 'blue'> .</font></B>  -Absent
<B><font color = 'blue'> .</font></B>  -Absent
<B><font color = 'blue'> .</font></B>  -Absent
<B><font color = 'blue'> .</font></B>  -Absent
<B><font color = 'blue'> .</font></B>  -Absent
<B><font color = 'blue'> .</font></B>  -Absent
<B><font color = 'blue'> .</font></B>  -Absent
<B><font color = 'blue'> .</font></B>  -Absent
<B><font color = 'blue'> .</font></B>  -Absent
<B><font color = 'blue'> .</font></B>  -test nonadmin 
<B><font color = 'blue'> .</font></B>  -testnonadmin@gmail.com
<B><font color = 'blue'> .</font></B>  -GLB026
<B><font color = 'blue'> .</font></B>  -2022-10-21
<B><font color = 'blue'> .</font></B>  -Absent
<B><font color = 'blue'> .</font></B>  -Absent
<B><font color = 'blue'> .</font></B>  -undefined
<B><font color = 'blue'> .</font></B>  -Bangalore
<B><font color = 'blue'> .</font></B>  -Php
<B><font color = 'blue'> .</font></B>  -Absent
<B><font color = 'blue'> .</font></B>  -Absent
<B><font color = 'blue'> .</font></B>  -Absent
<B><font color = 'blue'> .</font></B>  -Absent
<B><font color = 'blue'> .</font></B>  -Absent
<B><font color = 'blue'> .</font></B>  -Absent
<B><font color = 'blue'> .</font></B>  -Absent
<B><font color = 'blue'> .</font></B>  -Absent
<B><font color = 'blue'> .</font></B>  -Absent
<B><font color = 'blue'> .</font></B>  -Absent
<B><font color = 'blue'> .</font></B>  -Absent
<B><font color = 'blue'> .</font></B>  -adg ckj 
<B><font color = 'blue'> .</font></B>  -adcs@1234
<B><font color = 'blue'> .</font></B>  -583
<B><font color = 'blue'> .</font></B>  -2022-10-21
<B><font color = 'blue'> .</font></B>  -Absent
<B><font color = 'blue'> .</font></B>  -Absent
<B><font color = 'blue'> .</font></B>  -undefined
<B><font color = 'blue'> .</font></B>  -Bangalore
<B><font color = 'blue'> .</font></B>  -Testing
<B><font color = 'blue'> .</font></B>  -Absent
<B><font color = 'blue'> .</font></B>  -Absent
<B><font color = 'blue'> .</font></B>  -Absent
<B><font color = 'blue'> .</font></B>  -Absent
<B><font color = 'blue'> .</font></B>  -Absent
<B><font color = 'blue'> .</font></B>  -Absent
<B><font color = 'blue'> .</font></B>  -Absent
<B><font color = 'blue'> .</font></B>  -Absent
<B><font color = 'blue'> .</font></B>  -Absent
<B><font color = 'blue'> .</font></B>  -Absent
<B><font color = 'blue'> .</font></B>  -Absent
<B><font color = 'blue'> .</font></B>  -dominic toretto 
<B><font color = 'blue'> .</font></B>  -dom.toretto737@gmail.com
<B><font color = 'blue'> .</font></B>  -EMP011
<B><font color = 'blue'> .</font></B>  -2022-10-21
<B><font color = 'blue'> .</font></B>  -Absent
<B><font color = 'blue'> .</font></B>  -Absent
<B><font color = 'blue'> .</font></B>  -undefined
<B><font color = 'blue'> .</font></B>  -Bangalore
<B><font color = 'blue'> .</font></B>  -Testing
<B><font color = 'blue'> .</font></B>  -Absent
<B><font color = 'blue'> .</font></B>  -Absent
<B><font color = 'blue'> .</font></B>  -Absent
<B><font color = 'blue'> .</font></B>  -Absent
<B><font color = 'blue'> .</font></B>  -Absent
<B><font color = 'blue'> .</font></B>  -Absent
<B><font color = 'blue'> .</font></B>  -Absent
<B><font color = 'blue'> .</font></B>  -Absent
<B><font color = 'blue'> .</font></B>  -Absent
<B><font color = 'blue'> .</font></B>  -Absent
<B><font color = 'blue'> .</font></B>  -Absent
<B><font color = 'blue'> .</font></B>  -Abhishek Test 
<B><font color = 'blue'> .</font></B>  -abhishektrest@glb.in
<B><font color = 'blue'> .</font></B>  -rN7tvEiDPGNi4fD
<B><font color = 'blue'> .</font></B>  -2022-10-21
<B><font color = 'blue'> .</font></B>  -Absent
<B><font color = 'blue'> .</font></B>  -Absent
<B><font color = 'blue'> .</font></B>  -undefined
<B><font color = 'blue'> .</font></B>  -Bangalore
<B><font color = 'blue'> .</font></B>  -Php
<B><font color = 'blue'> .</font></B>  -Absent
<B><font color = 'blue'> .</font></B>  -Absent
<B><font color = 'blue'> .</font></B>  -Absent
<B><font color = 'blue'> .</font></B>  -Absent
<B><font color = 'blue'> .</font></B>  -Absent
<B><font color = 'blue'> .</font></B>  -Absent
<B><font color = 'blue'> .</font></B>  -Absent
<B><font color = 'blue'> .</font></B>  -Absent
<B><font color = 'blue'> .</font></B>  -Absent
<B><font color = 'blue'> .</font></B>  -Absent
<B><font color = 'blue'> .</font></B>  -Absent
<B><font color = 'blue'> .</font></B>  -Superior Test one 
<B><font color = 'blue'> .</font></B>  -superiorone@gmail.com
<B><font color = 'blue'> .</font></B>  -twoqw
<B><font color = 'blue'> .</font></B>  -2022-10-21
<B><font color = 'blue'> .</font></B>  -Absent
<B><font color = 'blue'> .</font></B>  -Absent
<B><font color = 'blue'> .</font></B>  -undefined
<B><font color = 'blue'> .</font></B>  -Bangalore
<B><font color = 'blue'> .</font></B>  -Testing
<B><font color = 'blue'> .</font></B>  -Absent
<B><font color = 'blue'> .</font></B>  -Absent
<B><font color = 'blue'> .</font></B>  -Absent
<B><font color = 'blue'> .</font></B>  -Absent
<B><font color = 'blue'> .</font></B>  -Absent
<B><font color = 'blue'> .</font></B>  -Absent
<B><font color = 'blue'> .</font></B>  -Absent
<B><font color = 'blue'> .</font></B>  -Absent
<B><font color = 'blue'> .</font></B>  -Absent
<B><font color = 'blue'> .</font></B>  -Absent
<B><font color = 'blue'> .</font></B>  -Absent
<B><font color = 'blue'> .</font></B>  -test testw 
<B><font color = 'blue'> .</font></B>  -test@mac.in
<B><font color = 'blue'> .</font></B>  -aaf123
<B><font color = 'blue'> .</font></B>  -2022-10-21
<B><font color = 'blue'> .</font></B>  -Absent
<B><font color = 'blue'> .</font></B>  -Absent
<B><font color = 'blue'> .</font></B>  -undefined
<B><font color = 'blue'> .</font></B>  -Bangalore
<B><font color = 'blue'> .</font></B>  -Php
<B><font color = 'blue'> .</font></B>  -Absent
<B><font color = 'blue'> .</font></B>  -Absent
<B><font color = 'blue'> .</font></B>  -Absent
<B><font color = 'blue'> .</font></B>  -Absent
<B><font color = 'blue'> .</font></B>  -Absent
<B><font color = 'blue'> .</font></B>  -Absent
<B><font color = 'blue'> .</font></B>  -Absent
<B><font color = 'blue'> .</font></B>  -Absent
<B><font color = 'blue'> .</font></B>  -Absent
<B><font color = 'blue'> .</font></B>  -Absent
<B><font color = 'blue'> .</font></B>  -Absent
<B><font color = 'blue'> .</font></B>  -sam eer 
<B><font color = 'blue'> .</font></B>  -sam@rf.in
<B><font color = 'blue'> .</font></B>  -WSAERT2Q34E
<B><font color = 'blue'> .</font></B>  -2022-10-21
<B><font color = 'blue'> .</font></B>  -Absent
<B><font color = 'blue'> .</font></B>  -Absent
<B><font color = 'blue'> .</font></B>  -undefined
<B><font color = 'blue'> .</font></B>  -Bangalore
<B><font color = 'blue'> .</font></B>  -Testing
<B><font color = 'blue'> .</font></B>  -Absent
<B><font color = 'blue'> .</font></B>  -Absent
<B><font color = 'blue'> .</font></B>  -Absent
<B><font color = 'blue'> .</font></B>  -Absent
<B><font color = 'blue'> .</font></B>  -Absent
<B><font color = 'blue'> .</font></B>  -Absent
<B><font color = 'blue'> .</font></B>  -Absent
<B><font color = 'blue'> .</font></B>  -Absent
<B><font color = 'blue'> .</font></B>  -Absent
<B><font color = 'blue'> .</font></B>  -Absent
<B><font color = 'blue'> .</font></B>  -Absent
<B><font color = 'blue'> .</font></B>  -Test test 
<B><font color = 'blue'> .</font></B>  -sarikajain@gmail.com
<B><font color = 'blue'> .</font></B>  -E-101
<B><font color = 'blue'> .</font></B>  -2022-10-21
<B><font color = 'blue'> .</font></B>  -Absent
<B><font color = 'blue'> .</font></B>  -Absent
<B><font color = 'blue'> .</font></B>  -undefined
<B><font color = 'blue'> .</font></B>  -Bangalore
<B><font color = 'blue'> .</font></B>  -Testing
<B><font color = 'blue'> .</font></B>  -Absent
<B><font color = 'blue'> .</font></B>  -Absent
<B><font color = 'blue'> .</font></B>  -Absent
<B><font color = 'blue'> .</font></B>  -Absent
<B><font color = 'blue'> .</font></B>  -Absent
<B><font color = 'blue'> .</font></B>  -Absent
<B><font color = 'blue'> .</font></B>  -Absent
<B><font color = 'blue'> .</font></B>  -Absent
<B><font color = 'blue'> .</font></B>  -Absent
<B><font color = 'blue'> .</font></B>  -Absent
<B><font color = 'blue'> .</font></B>  -Absent
<B><font color = 'blue'> .</font></B>  -sithu kalluru 
<B><font color = 'blue'> .</font></B>  -sitaramireddy@globussoft.in
<B><font color = 'blue'> .</font></B>  -code12
<B><font color = 'blue'> .</font></B>  -2022-10-21
<B><font color = 'blue'> .</font></B>  -Absent
<B><font color = 'blue'> .</font></B>  -Absent
<B><font color = 'blue'> .</font></B>  -undefined
<B><font color = 'blue'> .</font></B>  -Bangalore
<B><font color = 'blue'> .</font></B>  -Testing
<B><font color = 'blue'> .</font></B>  -Absent
<B><font color = 'blue'> .</font></B>  -Absent
<B><font color = 'blue'> .</font></B>  -Absent
<B><font color = 'blue'> .</font></B>  -Absent
<B><font color = 'blue'> .</font></B>  -Absent
<B><font color = 'blue'> .</font></B>  -Absent
<B><font color = 'blue'> .</font></B>  -Absent
<B><font color = 'blue'> .</font></B>  -Absent
<B><font color = 'blue'> .</font></B>  -Absent
<B><font color = 'blue'> .</font></B>  -Absent
<B><font color = 'blue'> .</font></B>  -Absent
<B><font color = 'blue'> .</font></B>  -test123 abcd 
<B><font color = 'blue'> .</font></B>  -s@gmail.com
<B><font color = 'blue'> .</font></B>  -code123z
<B><font color = 'blue'> .</font></B>  -2022-10-21
<B><font color = 'blue'> .</font></B>  -Absent
<B><font color = 'blue'> .</font></B>  -Absent
<B><font color = 'blue'> .</font></B>  -undefined
<B><font color = 'blue'> .</font></B>  -Bangalore
<B><font color = 'blue'> .</font></B>  -Testing
<B><font color = 'blue'> .</font></B>  -Absent
<B><font color = 'blue'> .</font></B>  -Absent
<B><font color = 'blue'> .</font></B>  -Absent
<B><font color = 'blue'> .</font></B>  -Absent
<B><font color = 'blue'> .</font></B>  -Absent
<B><font color = 'blue'> .</font></B>  -Absent
<B><font color = 'blue'> .</font></B>  -Absent
<B><font color = 'blue'> .</font></B>  -Absent
<B><font color = 'blue'> .</font></B>  -Absent
<B><font color = 'blue'> .</font></B>  -Absent
<B><font color = 'blue'> .</font></B>  -Absent
<B><font color = 'blue'> .</font></B>  -testing test 
<B><font color = 'blue'> .</font></B>  -aarshajoyson1601@gmail.com
<B><font color = 'blue'> .</font></B>  -glb0008
<B><font color = 'blue'> .</font></B>  -2022-10-21
<B><font color = 'blue'> .</font></B>  -Absent
<B><font color = 'blue'> .</font></B>  -Absent
<B><font color = 'blue'> .</font></B>  -undefined
<B><font color = 'blue'> .</font></B>  -Bangalore
<B><font color = 'blue'> .</font></B>  -Php
<B><font color = 'blue'> .</font></B>  -Absent
<B><font color = 'blue'> .</font></B>  -Absent
<B><font color = 'blue'> .</font></B>  -Absent
<B><font color = 'blue'> .</font></B>  -Absent
<B><font color = 'blue'> .</font></B>  -Absent
<B><font color = 'blue'> .</font></B>  -Absent
<B><font color = 'blue'> .</font></B>  -Absent
<B><font color = 'blue'> .</font></B>  -Absent
<B><font color = 'blue'> .</font></B>  -Absent
<B><font color = 'blue'> .</font></B>  -Absent
<B><font color = 'blue'> .</font></B>  -Absent
<B><font color = 'blue'> .</font></B>  -Automation CodeeeAuto 
<B><font color = 'blue'> .</font></B>  -skabcdef7@gmail.com
<B><font color = 'blue'> .</font></B>  -Emp-Abzcde-1234522
<B><font color = 'blue'> .</font></B>  -2022-10-21
<B><font color = 'blue'> .</font></B>  -Absent
<B><font color = 'blue'> .</font></B>  -Absent
<B><font color = 'blue'> .</font></B>  -undefined
<B><font color = 'blue'> .</font></B>  -Bangalore
<B><font color = 'blue'> .</font></B>  -Testing
<B><font color = 'blue'> .</font></B>  -Absent
<B><font color = 'blue'> .</font></B>  -Absent
<B><font color = 'blue'> .</font></B>  -Absent
<B><font color = 'blue'> .</font></B>  -Absent
<B><font color = 'blue'> .</font></B>  -Absent
<B><font color = 'blue'> .</font></B>  -Absent
<B><font color = 'blue'> .</font></B>  -Absent
<B><font color = 'blue'> .</font></B>  -Absent
<B><font color = 'blue'> .</font></B>  -Absent
<B><font color = 'blue'> .</font></B>  -Absent
<B><font color = 'blue'> .</font></B>  -Absent
<B><font color = 'blue'> .</font></B>  -piyush dfgsfg 
<B><font color = 'blue'> .</font></B>  -jos@gmail.com
<B><font color = 'blue'> .</font></B>  -sdgff
<B><font color = 'blue'> .</font></B>  -2022-10-21
<B><font color = 'blue'> .</font></B>  -Absent
<B><font color = 'blue'> .</font></B>  -Absent
<B><font color = 'blue'> .</font></B>  -undefined
<B><font color = 'blue'> .</font></B>  -Bangalore
<B><font color = 'blue'> .</font></B>  -Testing
<B><font color = 'blue'> .</font></B>  -Absent
<B><font color = 'blue'> .</font></B>  -Absent
<B><font color = 'blue'> .</font></B>  -Absent
<B><font color = 'blue'> .</font></B>  -Absent
<B><font color = 'blue'> .</font></B>  -Absent
<B><font color = 'blue'> .</font></B>  -Absent
<B><font color = 'blue'> .</font></B>  -Absent
<B><font color = 'blue'> .</font></B>  -Absent
<B><font color = 'blue'> .</font></B>  -Absent
<B><font color = 'blue'> .</font></B>  -Absent
<B><font color = 'blue'> .</font></B>  -Absent
<B><font color = 'blue'> .</font></B>  -Aryan raj 
<B><font color = 'blue'> .</font></B>  -alex@gmail.com
<B><font color = 'blue'> .</font></B>  -126
<B><font color = 'blue'> .</font></B>  -2022-10-21
<B><font color = 'blue'> .</font></B>  -Absent
<B><font color = 'blue'> .</font></B>  -Absent
<B><font color = 'blue'> .</font></B>  -undefined
<B><font color = 'blue'> .</font></B>  -Bangalore
<B><font color = 'blue'> .</font></B>  -Testing
<B><font color = 'blue'> .</font></B>  -Absent
<B><font color = 'blue'> .</font></B>  -Absent
<B><font color = 'blue'> .</font></B>  -Absent
<B><font color = 'blue'> .</font></B>  -Absent
<B><font color = 'blue'> .</font></B>  -Absent
<B><font color = 'blue'> .</font></B>  -Absent
<B><font color = 'blue'> .</font></B>  -Absent
<B><font color = 'blue'> .</font></B>  -Absent
<B><font color = 'blue'> .</font></B>  -Absent
<B><font color = 'blue'> .</font></B>  -Absent
<B><font color = 'blue'> .</font></B>  -Absent
<B><font color = 'blue'> .</font></B>  -Automation CodeeeAuto 
<B><font color = 'blue'> .</font></B>  -skabcdef38@gmail.com
<B><font color = 'blue'> .</font></B>  -Emp-Abzcde-123457
<B><font color = 'blue'> .</font></B>  -2022-10-21
<B><font color = 'blue'> .</font></B>  -Absent
<B><font color = 'blue'> .</font></B>  -Absent
<B><font color = 'blue'> .</font></B>  -undefined
<B><font color = 'blue'> .</font></B>  -Bangalore
<B><font color = 'blue'> .</font></B>  -Testing
<B><font color = 'blue'> .</font></B>  -Absent
<B><font color = 'blue'> .</font></B>  -Absent
<B><font color = 'blue'> .</font></B>  -Absent
<B><font color = 'blue'> .</font></B>  -Absent
<B><font color = 'blue'> .</font></B>  -Absent
<B><font color = 'blue'> .</font></B>  -Absent
<B><font color = 'blue'> .</font></B>  -Absent
<B><font color = 'blue'> .</font></B>  -Absent
<B><font color = 'blue'> .</font></B>  -Absent
<B><font color = 'blue'> .</font></B>  -Absent
<B><font color = 'blue'> .</font></B>  -Absent
<B><font color = 'blue'> .</font></B>  -Automation CodeeeAuto 
<B><font color = 'blue'> .</font></B>  -skabcdef33@gmail.com
<B><font color = 'blue'> .</font></B>  -Emp-Abzcde-1234557
<B><font color = 'blue'> .</font></B>  -2022-10-21
<B><font color = 'blue'> .</font></B>  -Absent
<B><font color = 'blue'> .</font></B>  -Absent
<B><font color = 'blue'> .</font></B>  -undefined
<B><font color = 'blue'> .</font></B>  -Bangalore
<B><font color = 'blue'> .</font></B>  -Testing
<B><font color = 'blue'> .</font></B>  -Absent
<B><font color = 'blue'> .</font></B>  -Absent
<B><font color = 'blue'> .</font></B>  -Absent
<B><font color = 'blue'> .</font></B>  -Absent
<B><font color = 'blue'> .</font></B>  -Absent
<B><font color = 'blue'> .</font></B>  -Absent
<B><font color = 'blue'> .</font></B>  -Absent
<B><font color = 'blue'> .</font></B>  -Absent
<B><font color = 'blue'> .</font></B>  -Absent
<B><font color = 'blue'> .</font></B>  -Absent
<B><font color = 'blue'> .</font></B>  -Absent
<B><font color = 'blue'> .</font></B>  -D Surya Prabhakar 
<B><font color = 'blue'> .</font></B>  -surya1@gmail.com
<B><font color = 'blue'> .</font></B>  -EM010
<B><font color = 'blue'> .</font></B>  -2022-10-21
<B><font color = 'blue'> .</font></B>  -Absent
<B><font color = 'blue'> .</font></B>  -Absent
<B><font color = 'blue'> .</font></B>  -undefined
<B><font color = 'blue'> .</font></B>  -bengaluru
<B><font color = 'blue'> .</font></B>  -Testing
<B><font color = 'blue'> .</font></B>  -Absent
<B><font color = 'blue'> .</font></B>  -Absent
<B><font color = 'blue'> .</font></B>  -Absent
<B><font color = 'blue'> .</font></B>  -Absent
<B><font color = 'blue'> .</font></B>  -Absent
<B><font color = 'blue'> .</font></B>  -Absent
<B><font color = 'blue'> .</font></B>  -Absent
<B><font color = 'blue'> .</font></B>  -Absent
<B><font color = 'blue'> .</font></B>  -Absent
<B><font color = 'blue'> .</font></B>  -Absent
<B><font color = 'blue'> .</font></B>  -Absent
<B><font color = 'blue'> .</font></B>  -R o       hit Sharma 
<B><font color = 'blue'> .</font></B>  -rahulrajt5613928@gmail.com
<B><font color = 'blue'> .</font></B>  -67645
<B><font color = 'blue'> .</font></B>  -2022-10-21
<B><font color = 'blue'> .</font></B>  -Absent
<B><font color = 'blue'> .</font></B>  -Absent
<B><font color = 'blue'> .</font></B>  -undefined
<B><font color = 'blue'> .</font></B>  -bengaluru
<B><font color = 'blue'> .</font></B>  -Testing
<B><font color = 'blue'> .</font></B>  -Absent
<B><font color = 'blue'> .</font></B>  -Absent
<B><font color = 'blue'> .</font></B>  -Absent
<B><font color = 'blue'> .</font></B>  -Absent
<B><font color = 'blue'> .</font></B>  -Absent
<B><font color = 'blue'> .</font></B>  -Absent
<B><font color = 'blue'> .</font></B>  -Absent
<B><font color = 'blue'> .</font></B>  -Absent
<B><font color = 'blue'> .</font></B>  -Absent
<B><font color = 'blue'> .</font></B>  -Absent
<B><font color = 'blue'> .</font></B>  -Absent
<B><font color = 'blue'> .</font></B>  -ni test 
<B><font color = 'blue'> .</font></B>  -nitest12@gmail.com
<B><font color = 'blue'> .</font></B>  -GLB678
<B><font color = 'blue'> .</font></B>  -2022-10-21
<B><font color = 'blue'> .</font></B>  -Absent
<B><font color = 'blue'> .</font></B>  -Absent
<B><font color = 'blue'> .</font></B>  -undefined
<B><font color = 'blue'> .</font></B>  -bengaluru
<B><font color = 'blue'> .</font></B>  -Testing
<B><font color = 'blue'> .</font></B>  -Absent
<B><font color = 'blue'> .</font></B>  -Absent
<B><font color = 'blue'> .</font></B>  -Absent
<B><font color = 'blue'> .</font></B>  -Absent
<B><font color = 'blue'> .</font></B>  -Absent
<B><font color = 'blue'> .</font></B>  -Absent
<B><font color = 'blue'> .</font></B>  -Absent
<B><font color = 'blue'> .</font></B>  -Absent
<B><font color = 'blue'> .</font></B>  -Absent
<B><font color = 'blue'> .</font></B>  -Absent
<B><font color = 'blue'> .</font></B>  -Absent
<B><font color = 'blue'> .</font></B>  -one test 
<B><font color = 'blue'> .</font></B>  -testone1234@gmail.com
<B><font color = 'blue'> .</font></B>  -0110
<B><font color = 'blue'> .</font></B>  -2022-10-21
<B><font color = 'blue'> .</font></B>  -Absent
<B><font color = 'blue'> .</font></B>  -Absent
<B><font color = 'blue'> .</font></B>  -undefined
<B><font color = 'blue'> .</font></B>  -bengaluru
<B><font color = 'blue'> .</font></B>  -Testing
<B><font color = 'blue'> .</font></B>  -Absent
<B><font color = 'blue'> .</font></B>  -Absent
<B><font color = 'blue'> .</font></B>  -Absent
<B><font color = 'blue'> .</font></B>  -Absent
<B><font color = 'blue'> .</font></B>  -Absent
<B><font color = 'blue'> .</font></B>  -Absent
<B><font color = 'blue'> .</font></B>  -Absent
<B><font color = 'blue'> .</font></B>  -Absent
<B><font color = 'blue'> .</font></B>  -Absent
<B><font color = 'blue'> .</font></B>  -Absent
<B><font color = 'blue'> .</font></B>  -Absent
<B><font color = 'blue'> .</font></B>  -GLB-BLR-010-PC - GLB-BLR-010 
<B><font color = 'blue'> .</font></B>  -abcd@yuksdgus
<B><font color = 'blue'> .</font></B>  -GLB-BLR-010
<B><font color = 'blue'> .</font></B>  -2022-10-21
<B><font color = 'blue'> .</font></B>  -Absent
<B><font color = 'blue'> .</font></B>  -Absent
<B><font color = 'blue'> .</font></B>  -undefined
<B><font color = 'blue'> .</font></B>  -bengaluru
<B><font color = 'blue'> .</font></B>  -Testing
<B><font color = 'blue'> .</font></B>  -Absent
<B><font color = 'blue'> .</font></B>  -Absent
<B><font color = 'blue'> .</font></B>  -Absent
<B><font color = 'blue'> .</font></B>  -Absent
<B><font color = 'blue'> .</font></B>  -Absent
<B><font color = 'blue'> .</font></B>  -Absent
<B><font color = 'blue'> .</font></B>  -Absent
<B><font color = 'blue'> .</font></B>  -Absent
<B><font color = 'blue'> .</font></B>  -Absent
<B><font color = 'blue'> .</font></B>  -Absent
<B><font color = 'blue'> .</font></B>  -Absent
<B><font color = 'blue'> .</font></B>  -surya kk 
<B><font color = 'blue'> .</font></B>  -123@gmail.com
<B><font color = 'blue'> .</font></B>  -mmmmm
<B><font color = 'blue'> .</font></B>  -2022-10-21
<B><font color = 'blue'> .</font></B>  -Absent
<B><font color = 'blue'> .</font></B>  -Absent
<B><font color = 'blue'> .</font></B>  -undefined
<B><font color = 'blue'> .</font></B>  -Tamilnadu
<B><font color = 'blue'> .</font></B>  -Test and Dev
<B><font color = 'blue'> .</font></B>  -Absent
<B><font color = 'blue'> .</font></B>  -Absent
<B><font color = 'blue'> .</font></B>  -Absent
<B><font color = 'blue'> .</font></B>  -Absent
<B><font color = 'blue'> .</font></B>  -Absent
<B><font color = 'blue'> .</font></B>  -Absent
<B><font color = 'blue'> .</font></B>  -Absent
<B><font color = 'blue'> .</font></B>  -Absent
<B><font color = 'blue'> .</font></B>  -Absent
<B><font color = 'blue'> .</font></B>  -Absent
<B><font color = 'blue'> .</font></B>  -Absent
<B><font color = 'blue'> .</font></B>  -sai kk 
<B><font color = 'blue'> .</font></B>  -saikk19876@gmail.com
<B><font color = 'blue'> .</font></B>  -20221019
<B><font color = 'blue'> .</font></B>  -2022-10-21
<B><font color = 'blue'> .</font></B>  -Absent
<B><font color = 'blue'> .</font></B>  -Absent
<B><font color = 'blue'> .</font></B>  -undefined
<B><font color = 'blue'> .</font></B>  -Tamilnadu
<B><font color = 'blue'> .</font></B>  -Test and Dev
<B><font color = 'blue'> .</font></B>  -Absent
<B><font color = 'blue'> .</font></B>  -Absent
<B><font color = 'blue'> .</font></B>  -Absent
<B><font color = 'blue'> .</font></B>  -Absent
<B><font color = 'blue'> .</font></B>  -Absent
<B><font color = 'blue'> .</font></B>  -Absent
<B><font color = 'blue'> .</font></B>  -Absent
<B><font color = 'blue'> .</font></B>  -Absent
<B><font color = 'blue'> .</font></B>  -Absent
<B><font color = 'blue'> .</font></B>  -Absent
<B><font color = 'blue'> .</font></B>  -Absent
<B><font color = 'blue'> .</font></B>  -test user two 
<B><font color = 'blue'> .</font></B>  -testuser@two.io
<B><font color = 'blue'> .</font></B>  -GSLL-327
<B><font color = 'blue'> .</font></B>  -2022-10-21
<B><font color = 'blue'> .</font></B>  -Absent
<B><font color = 'blue'> .</font></B>  -Absent
<B><font color = 'blue'> .</font></B>  -undefined
<B><font color = 'blue'> .</font></B>  -Tamilnadu
<B><font color = 'blue'> .</font></B>  -Test and Dev
<B><font color = 'blue'> .</font></B>  -Absent
<B><font color = 'blue'> .</font></B>  -Absent
<B><font color = 'blue'> .</font></B>  -Absent
<B><font color = 'blue'> .</font></B>  -Absent
<B><font color = 'blue'> .</font></B>  -Absent
<B><font color = 'blue'> .</font></B>  -Absent
<B><font color = 'blue'> .</font></B>  -Absent
<B><font color = 'blue'> .</font></B>  -Absent
<B><font color = 'blue'> .</font></B>  -Absent
<B><font color = 'blue'> .</font></B>  -Absent
<B><font color = 'blue'> .</font></B>  -Absent
<B><font color = 'blue'> .</font></B>  -Himanshu Kumar 
<B><font color = 'blue'> .</font></B>  -himanshu1@gmail.com
<B><font color = 'blue'> .</font></B>  -EM011
<B><font color = 'blue'> .</font></B>  -2022-10-21
<B><font color = 'blue'> .</font></B>  -Absent
<B><font color = 'blue'> .</font></B>  -Absent
<B><font color = 'blue'> .</font></B>  -undefined
<B><font color = 'blue'> .</font></B>  -bagalkot
<B><font color = 'blue'> .</font></B>  -manual testing
<B><font color = 'blue'> .</font></B>  -Absent
<B><font color = 'blue'> .</font></B>  -Absent
<B><font color = 'blue'> .</font></B>  -Absent
<B><font color = 'blue'> .</font></B>  -Absent
<B><font color = 'blue'> .</font></B>  -Absent
<B><font color = 'blue'> .</font></B>  -Absent
<B><font color = 'blue'> .</font></B>  -Absent
<B><font color = 'blue'> .</font></B>  -Absent
<B><font color = 'blue'> .</font></B>  -Absent
<B><font color = 'blue'> .</font></B>  -Absent
<B><font color = 'blue'> .</font></B>  -Absent
<B><font color = 'blue'> .</font></B>  -dxgfdxg gssdg 
<B><font color = 'blue'> .</font></B>  -sdgsg@dgksodkg.in
<B><font color = 'blue'> .</font></B>  -asfda343443
<B><font color = 'blue'> .</font></B>  -2022-10-21
<B><font color = 'blue'> .</font></B>  -Absent
<B><font color = 'blue'> .</font></B>  -Absent
<B><font color = 'blue'> .</font></B>  -undefined
<B><font color = 'blue'> .</font></B>  -Bhilai
<B><font color = 'blue'> .</font></B>  -Php
<B><font color = 'blue'> .</font></B>  -Absent
<B><font color = 'blue'> .</font></B>  -Absent
<B><font color = 'blue'> .</font></B>  -Absent
<B><font color = 'blue'> .</font></B>  -Absent
<B><font color = 'blue'> .</font></B>  -Absent
<B><font color = 'blue'> .</font></B>  -Absent
<B><font color = 'blue'> .</font></B>  -Absent
<B><font color = 'blue'> .</font></B>  -Absent
<B><font color = 'blue'> .</font></B>  -Absent
<B><font color = 'blue'> .</font></B>  -Absent
<B><font color = 'blue'> .</font></B>  -Absent
<B><font color = 'blue'> .</font></B>  -Guest User 
<B><font color = 'blue'> .</font></B>  -guestuser@gmail.com
<B><font color = 'blue'> .</font></B>  -GLB-777
<B><font color = 'blue'> .</font></B>  -2022-10-21
<B><font color = 'blue'> .</font></B>  -Absent
<B><font color = 'blue'> .</font></B>  -Absent
<B><font color = 'blue'> .</font></B>  -undefined
<B><font color = 'blue'> .</font></B>  -Bhilai
<B><font color = 'blue'> .</font></B>  -Php
<B><font color = 'blue'> .</font></B>  -Absent
<B><font color = 'blue'> .</font></B>  -Absent
<B><font color = 'blue'> .</font></B>  -Absent
<B><font color = 'blue'> .</font></B>  -Absent
<B><font color = 'blue'> .</font></B>  -Absent
<B><font color = 'blue'> .</font></B>  -Absent
<B><font color = 'blue'> .</font></B>  -Absent
<B><font color = 'blue'> .</font></B>  -Absent
<B><font color = 'blue'> .</font></B>  -Absent
<B><font color = 'blue'> .</font></B>  -Absent
<B><font color = 'blue'> .</font></B>  -Absent
<B><font color = 'blue'> .</font></B>  -Virat kohli 
<B><font color = 'blue'> .</font></B>  -rahukbgdxgsf@gmail.com
<B><font color = 'blue'> .</font></B>  -65332
<B><font color = 'blue'> .</font></B>  -2022-10-20
<B><font color = 'blue'> .</font></B>  -20-10-2022 04:14:42
<B><font color = 'blue'> .</font></B>  -20-10-2022 04:17:42
<B><font color = 'blue'> .</font></B>  -GLB-124-PC
<B><font color = 'blue'> .</font></B>  -Default
<B><font color = 'blue'> .</font></B>  -Default
<B><font color = 'blue'> .</font></B>  -00:03:00
<B><font color = 'blue'> .</font></B>  -00:00:00
<B><font color = 'blue'> .</font></B>  -00:00:00
<B><font color = 'blue'> .</font></B>  -00:00:00
<B><font color = 'blue'> .</font></B>  -00:00:00
<B><font color = 'blue'> .</font></B>  -00:00:00
<B><font color = 'blue'> .</font></B>  -00:00:00
<B><font color = 'blue'> .</font></B>  -00:03:00
<B><font color = 'blue'> .</font></B>  -0.00%
<B><font color = 'blue'> .</font></B>  --480:00
<B><font color = 'blue'> .</font></B>  -0.00
<B><font color = 'blue'> .</font></B>  -ajeethemp test 
<B><font color = 'blue'> .</font></B>  -ajeethemp@gmail.com
<B><font color = 'blue'> .</font></B>  -A01
<B><font color = 'blue'> .</font></B>  -2022-10-20
<B><font color = 'blue'> .</font></B>  -20-10-2022 07:12:40
<B><font color = 'blue'> .</font></B>  -20-10-2022 10:00:10
<B><font color = 'blue'> .</font></B>  -GLB-193-PC
<B><font color = 'blue'> .</font></B>  -Tamilnadu
<B><font color = 'blue'> .</font></B>  -Test and Dev
<B><font color = 'blue'> .</font></B>  -02:47:30
<B><font color = 'blue'> .</font></B>  -00:00:00
<B><font color = 'blue'> .</font></B>  -00:00:00
<B><font color = 'blue'> .</font></B>  -00:00:00
<B><font color = 'blue'> .</font></B>  -00:00:00
<B><font color = 'blue'> .</font></B>  -00:00:00
<B><font color = 'blue'> .</font></B>  -00:00:00
<B><font color = 'blue'> .</font></B>  -02:47:30
<B><font color = 'blue'> .</font></B>  -0.00%
<B><font color = 'blue'> .</font></B>  --480:00
<B><font color = 'blue'> .</font></B>  -0.00
<B><font color = 'blue'> .</font></B>  -sumesh test 
<B><font color = 'blue'> .</font></B>  -sumesh@mail.com
<B><font color = 'blue'> .</font></B>  -fdgfdgf
<B><font color = 'blue'> .</font></B>  -2022-10-20
<B><font color = 'blue'> .</font></B>  -20-10-2022 03:32:47
<B><font color = 'blue'> .</font></B>  -20-10-2022 03:35:47
<B><font color = 'blue'> .</font></B>  -GLB-124-PC
<B><font color = 'blue'> .</font></B>  -Bangalore
<B><font color = 'blue'> .</font></B>  -Testing
<B><font color = 'blue'> .</font></B>  -00:03:00
<B><font color = 'blue'> .</font></B>  -00:00:00
<B><font color = 'blue'> .</font></B>  -00:00:00
<B><font color = 'blue'> .</font></B>  -00:00:00
<B><font color = 'blue'> .</font></B>  -00:00:00
<B><font color = 'blue'> .</font></B>  -00:00:00
<B><font color = 'blue'> .</font></B>  -00:00:00
<B><font color = 'blue'> .</font></B>  -00:03:00
<B><font color = 'blue'> .</font></B>  -0.00%
<B><font color = 'blue'> .</font></B>  --480:00
<B><font color = 'blue'> .</font></B>  -0.00
<B><font color = 'blue'> .</font></B>  -Himanshu Kumar 
<B><font color = 'blue'> .</font></B>  -himanshu1@gmail.com
<B><font color = 'blue'> .</font></B>  -EM011
<B><font color = 'blue'> .</font></B>  -2022-10-20
<B><font color = 'blue'> .</font></B>  -20-10-2022 00:01:32
<B><font color = 'blue'> .</font></B>  -20-10-2022 00:04:32
<B><font color = 'blue'> .</font></B>  -GLB-181
<B><font color = 'blue'> .</font></B>  -bagalkot
<B><font color = 'blue'> .</font></B>  -manual testing
<B><font color = 'blue'> .</font></B>  -00:03:00
<B><font color = 'blue'> .</font></B>  -00:00:00
<B><font color = 'blue'> .</font></B>  -00:00:00
<B><font color = 'blue'> .</font></B>  -00:00:00
<B><font color = 'blue'> .</font></B>  -00:00:00
<B><font color = 'blue'> .</font></B>  -00:00:00
<B><font color = 'blue'> .</font></B>  -00:00:00
<B><font color = 'blue'> .</font></B>  -00:03:00
<B><font color = 'blue'> .</font></B>  -0.00%
<B><font color = 'blue'> .</font></B>  --480:00
<B><font color = 'blue'> .</font></B>  -0.00
<B><font color = 'blue'> .</font></B>  -sadas kadkasdj 
<B><font color = 'blue'> .</font></B>  -dsa@eqe
<B><font color = 'blue'> .</font></B>  -emp129666
<B><font color = 'blue'> .</font></B>  -2022-10-20
<B><font color = 'blue'> .</font></B>  -Absent
<B><font color = 'blue'> .</font></B>  -Absent
<B><font color = 'blue'> .</font></B>  -undefined
<B><font color = 'blue'> .</font></B>  -Default
<B><font color = 'blue'> .</font></B>  -Default
<B><font color = 'blue'> .</font></B>  -Absent
<B><font color = 'blue'> .</font></B>  -Absent
<B><font color = 'blue'> .</font></B>  -Absent
<B><font color = 'blue'> .</font></B>  -Absent
<B><font color = 'blue'> .</font></B>  -Absent
<B><font color = 'blue'> .</font></B>  -Absent
<B><font color = 'blue'> .</font></B>  -Absent
<B><font color = 'blue'> .</font></B>  -Absent
<B><font color = 'blue'> .</font></B>  -Absent
<B><font color = 'blue'> .</font></B>  -Absent
<B><font color = 'blue'> .</font></B>  -Absent
<B><font color = 'blue'> .</font></B>  -New Test 
<B><font color = 'blue'> .</font></B>  -newtest@gmail.com
<B><font color = 'blue'> .</font></B>  -ewer334443
<B><font color = 'blue'> .</font></B>  -2022-10-20
<B><font color = 'blue'> .</font></B>  -Absent
<B><font color = 'blue'> .</font></B>  -Absent
<B><font color = 'blue'> .</font></B>  -undefined
<B><font color = 'blue'> .</font></B>  -Default
<B><font color = 'blue'> .</font></B>  -Default
<B><font color = 'blue'> .</font></B>  -Absent
<B><font color = 'blue'> .</font></B>  -Absent
<B><font color = 'blue'> .</font></B>  -Absent
<B><font color = 'blue'> .</font></B>  -Absent
<B><font color = 'blue'> .</font></B>  -Absent
<B><font color = 'blue'> .</font></B>  -Absent
<B><font color = 'blue'> .</font></B>  -Absent
<B><font color = 'blue'> .</font></B>  -Absent
<B><font color = 'blue'> .</font></B>  -Absent
<B><font color = 'blue'> .</font></B>  -Absent
<B><font color = 'blue'> .</font></B>  -Absent
<B><font color = 'blue'> .</font></B>  -dshcdb uidsbf 
<B><font color = 'blue'> .</font></B>  -dvbvdb@yahoo.com
<B><font color = 'blue'> .</font></B>  -435454
<B><font color = 'blue'> .</font></B>  -2022-10-20
<B><font color = 'blue'> .</font></B>  -Absent
<B><font color = 'blue'> .</font></B>  -Absent
<B><font color = 'blue'> .</font></B>  -undefined
<B><font color = 'blue'> .</font></B>  -Default
<B><font color = 'blue'> .</font></B>  -Default
<B><font color = 'blue'> .</font></B>  -Absent
<B><font color = 'blue'> .</font></B>  -Absent
<B><font color = 'blue'> .</font></B>  -Absent
<B><font color = 'blue'> .</font></B>  -Absent
<B><font color = 'blue'> .</font></B>  -Absent
<B><font color = 'blue'> .</font></B>  -Absent
<B><font color = 'blue'> .</font></B>  -Absent
<B><font color = 'blue'> .</font></B>  -Absent
<B><font color = 'blue'> .</font></B>  -Absent
<B><font color = 'blue'> .</font></B>  -Absent
<B><font color = 'blue'> .</font></B>  -Absent
<B><font color = 'blue'> .</font></B>  -try last 
<B><font color = 'blue'> .</font></B>  -try@gmail.com
<B><font color = 'blue'> .</font></B>  -1225455
<B><font color = 'blue'> .</font></B>  -2022-10-20
<B><font color = 'blue'> .</font></B>  -Absent
<B><font color = 'blue'> .</font></B>  -Absent
<B><font color = 'blue'> .</font></B>  -undefined
<B><font color = 'blue'> .</font></B>  -Default
<B><font color = 'blue'> .</font></B>  -Default
<B><font color = 'blue'> .</font></B>  -Absent
<B><font color = 'blue'> .</font></B>  -Absent
<B><font color = 'blue'> .</font></B>  -Absent
<B><font color = 'blue'> .</font></B>  -Absent
<B><font color = 'blue'> .</font></B>  -Absent
<B><font color = 'blue'> .</font></B>  -Absent
<B><font color = 'blue'> .</font></B>  -Absent
<B><font color = 'blue'> .</font></B>  -Absent
<B><font color = 'blue'> .</font></B>  -Absent
<B><font color = 'blue'> .</font></B>  -Absent
<B><font color = 'blue'> .</font></B>  -Absent
<B><font color = 'blue'> .</font></B>  -vdjvdb yusvdvbbh 
<B><font color = 'blue'> .</font></B>  -dvhbfdh@gmail.com
<B><font color = 'blue'> .</font></B>  -wq534342
<B><font color = 'blue'> .</font></B>  -2022-10-20
<B><font color = 'blue'> .</font></B>  -Absent
<B><font color = 'blue'> .</font></B>  -Absent
<B><font color = 'blue'> .</font></B>  -undefined
<B><font color = 'blue'> .</font></B>  -Default
<B><font color = 'blue'> .</font></B>  -Default
<B><font color = 'blue'> .</font></B>  -Absent
<B><font color = 'blue'> .</font></B>  -Absent
<B><font color = 'blue'> .</font></B>  -Absent
<B><font color = 'blue'> .</font></B>  -Absent
<B><font color = 'blue'> .</font></B>  -Absent
<B><font color = 'blue'> .</font></B>  -Absent
<B><font color = 'blue'> .</font></B>  -Absent
<B><font color = 'blue'> .</font></B>  -Absent
<B><font color = 'blue'> .</font></B>  -Absent
<B><font color = 'blue'> .</font></B>  -Absent
<B><font color = 'blue'> .</font></B>  -Absent
<B><font color = 'blue'> .</font></B>  -Mail Test user 
<B><font color = 'blue'> .</font></B>  -maintest@user.io
<B><font color = 'blue'> .</font></B>  -GLB-1223888
<B><font color = 'blue'> .</font></B>  -2022-10-20
<B><font color = 'blue'> .</font></B>  -Absent
<B><font color = 'blue'> .</font></B>  -Absent
<B><font color = 'blue'> .</font></B>  -undefined
<B><font color = 'blue'> .</font></B>  -Default
<B><font color = 'blue'> .</font></B>  -Default
<B><font color = 'blue'> .</font></B>  -Absent
<B><font color = 'blue'> .</font></B>  -Absent
<B><font color = 'blue'> .</font></B>  -Absent
<B><font color = 'blue'> .</font></B>  -Absent
<B><font color = 'blue'> .</font></B>  -Absent
<B><font color = 'blue'> .</font></B>  -Absent
<B><font color = 'blue'> .</font></B>  -Absent
<B><font color = 'blue'> .</font></B>  -Absent
<B><font color = 'blue'> .</font></B>  -Absent
<B><font color = 'blue'> .</font></B>  -Absent
<B><font color = 'blue'> .</font></B>  -Absent
<B><font color = 'blue'> .</font></B>  -Update Check 
<B><font color = 'blue'> .</font></B>  -updates@gmail.com
<B><font color = 'blue'> .</font></B>  -emp543
<B><font color = 'blue'> .</font></B>  -2022-10-20
<B><font color = 'blue'> .</font></B>  -Absent
<B><font color = 'blue'> .</font></B>  -Absent
<B><font color = 'blue'> .</font></B>  -undefined
<B><font color = 'blue'> .</font></B>  -Default
<B><font color = 'blue'> .</font></B>  -Default
<B><font color = 'blue'> .</font></B>  -Absent
<B><font color = 'blue'> .</font></B>  -Absent
<B><font color = 'blue'> .</font></B>  -Absent
<B><font color = 'blue'> .</font></B>  -Absent
<B><font color = 'blue'> .</font></B>  -Absent
<B><font color = 'blue'> .</font></B>  -Absent
<B><font color = 'blue'> .</font></B>  -Absent
<B><font color = 'blue'> .</font></B>  -Absent
<B><font color = 'blue'> .</font></B>  -Absent
<B><font color = 'blue'> .</font></B>  -Absent
<B><font color = 'blue'> .</font></B>  -Absent
<B><font color = 'blue'> .</font></B>  -test manager 
<B><font color = 'blue'> .</font></B>  -manageremp@gmail.com
<B><font color = 'blue'> .</font></B>  -glb020
<B><font color = 'blue'> .</font></B>  -2022-10-20
<B><font color = 'blue'> .</font></B>  -Absent
<B><font color = 'blue'> .</font></B>  -Absent
<B><font color = 'blue'> .</font></B>  -undefined
<B><font color = 'blue'> .</font></B>  -Default
<B><font color = 'blue'> .</font></B>  -Default
<B><font color = 'blue'> .</font></B>  -Absent
<B><font color = 'blue'> .</font></B>  -Absent
<B><font color = 'blue'> .</font></B>  -Absent
<B><font color = 'blue'> .</font></B>  -Absent
<B><font color = 'blue'> .</font></B>  -Absent
<B><font color = 'blue'> .</font></B>  -Absent
<B><font color = 'blue'> .</font></B>  -Absent
<B><font color = 'blue'> .</font></B>  -Absent
<B><font color = 'blue'> .</font></B>  -Absent
<B><font color = 'blue'> .</font></B>  -Absent
<B><font color = 'blue'> .</font></B>  -Absent
<B><font color = 'blue'> .</font></B>  -DESKTOP-PJJHB19 - GLB-BLR-002OjUpRD2 
<B><font color = 'blue'> .</font></B>  --
<B><font color = 'blue'> .</font></B>  -GLB-BLR-002OjUpRD2
<B><font color = 'blue'> .</font></B>  -2022-10-20
<B><font color = 'blue'> .</font></B>  -Absent
<B><font color = 'blue'> .</font></B>  -Absent
<B><font color = 'blue'> .</font></B>  -undefined
<B><font color = 'blue'> .</font></B>  -Default
<B><font color = 'blue'> .</font></B>  -Default
<B><font color = 'blue'> .</font></B>  -Absent
<B><font color = 'blue'> .</font></B>  -Absent
<B><font color = 'blue'> .</font></B>  -Absent
<B><font color = 'blue'> .</font></B>  -Absent
<B><font color = 'blue'> .</font></B>  -Absent
<B><font color = 'blue'> .</font></B>  -Absent
<B><font color = 'blue'> .</font></B>  -Absent
<B><font color = 'blue'> .</font></B>  -Absent
<B><font color = 'blue'> .</font></B>  -Absent
<B><font color = 'blue'> .</font></B>  -Absent
<B><font color = 'blue'> .</font></B>  -Absent
<B><font color = 'blue'> .</font></B>  -Usb Test 
<B><font color = 'blue'> .</font></B>  -usbtest123@gmail.com
<B><font color = 'blue'> .</font></B>  -emp0097
<B><font color = 'blue'> .</font></B>  -2022-10-20
<B><font color = 'blue'> .</font></B>  -Absent
<B><font color = 'blue'> .</font></B>  -Absent
<B><font color = 'blue'> .</font></B>  -undefined
<B><font color = 'blue'> .</font></B>  -Default
<B><font color = 'blue'> .</font></B>  -Default
<B><font color = 'blue'> .</font></B>  -Absent
<B><font color = 'blue'> .</font></B>  -Absent
<B><font color = 'blue'> .</font></B>  -Absent
<B><font color = 'blue'> .</font></B>  -Absent
<B><font color = 'blue'> .</font></B>  -Absent
<B><font color = 'blue'> .</font></B>  -Absent
<B><font color = 'blue'> .</font></B>  -Absent
<B><font color = 'blue'> .</font></B>  -Absent
<B><font color = 'blue'> .</font></B>  -Absent
<B><font color = 'blue'> .</font></B>  -Absent
<B><font color = 'blue'> .</font></B>  -Absent
<B><font color = 'blue'> .</font></B>  -SS Keystrokes 
<B><font color = 'blue'> .</font></B>  -sskey@gmail.com
<B><font color = 'blue'> .</font></B>  -emp98y
<B><font color = 'blue'> .</font></B>  -2022-10-20
<B><font color = 'blue'> .</font></B>  -Absent
<B><font color = 'blue'> .</font></B>  -Absent
<B><font color = 'blue'> .</font></B>  -undefined
<B><font color = 'blue'> .</font></B>  -Default
<B><font color = 'blue'> .</font></B>  -Default
<B><font color = 'blue'> .</font></B>  -Absent
<B><font color = 'blue'> .</font></B>  -Absent
<B><font color = 'blue'> .</font></B>  -Absent
<B><font color = 'blue'> .</font></B>  -Absent
<B><font color = 'blue'> .</font></B>  -Absent
<B><font color = 'blue'> .</font></B>  -Absent
<B><font color = 'blue'> .</font></B>  -Absent
<B><font color = 'blue'> .</font></B>  -Absent
<B><font color = 'blue'> .</font></B>  -Absent
<B><font color = 'blue'> .</font></B>  -Absent
<B><font color = 'blue'> .</font></B>  -Absent
<B><font color = 'blue'> .</font></B>  -shivammmmmmmmmmmmmmmmmmmm Kumar 
<B><font color = 'blue'> .</font></B>  -kgfyash545@gmail.com
<B><font color = 'blue'> .</font></B>  -hsakhdjk414
<B><font color = 'blue'> .</font></B>  -2022-10-20
<B><font color = 'blue'> .</font></B>  -Absent
<B><font color = 'blue'> .</font></B>  -Absent
<B><font color = 'blue'> .</font></B>  -undefined
<B><font color = 'blue'> .</font></B>  -Default
<B><font color = 'blue'> .</font></B>  -Default
<B><font color = 'blue'> .</font></B>  -Absent
<B><font color = 'blue'> .</font></B>  -Absent
<B><font color = 'blue'> .</font></B>  -Absent
<B><font color = 'blue'> .</font></B>  -Absent
<B><font color = 'blue'> .</font></B>  -Absent
<B><font color = 'blue'> .</font></B>  -Absent
<B><font color = 'blue'> .</font></B>  -Absent
<B><font color = 'blue'> .</font></B>  -Absent
<B><font color = 'blue'> .</font></B>  -Absent
<B><font color = 'blue'> .</font></B>  -Absent
<B><font color = 'blue'> .</font></B>  -Absent
<B><font color = 'blue'> .</font></B>  -Abhishek Four tf test 
<B><font color = 'blue'> .</font></B>  -abhishekfourtf@mail.com
<B><font color = 'blue'> .</font></B>  -HLIKSJ98
<B><font color = 'blue'> .</font></B>  -2022-10-20
<B><font color = 'blue'> .</font></B>  -Absent
<B><font color = 'blue'> .</font></B>  -Absent
<B><font color = 'blue'> .</font></B>  -undefined
<B><font color = 'blue'> .</font></B>  -Default
<B><font color = 'blue'> .</font></B>  -Default
<B><font color = 'blue'> .</font></B>  -Absent
<B><font color = 'blue'> .</font></B>  -Absent
<B><font color = 'blue'> .</font></B>  -Absent
<B><font color = 'blue'> .</font></B>  -Absent
<B><font color = 'blue'> .</font></B>  -Absent
<B><font color = 'blue'> .</font></B>  -Absent
<B><font color = 'blue'> .</font></B>  -Absent
<B><font color = 'blue'> .</font></B>  -Absent
<B><font color = 'blue'> .</font></B>  -Absent
<B><font color = 'blue'> .</font></B>  -Absent
<B><font color = 'blue'> .</font></B>  -Absent
<B><font color = 'blue'> .</font></B>  -new dev user 
<B><font color = 'blue'> .</font></B>  -new@dev.user
<B><font color = 'blue'> .</font></B>  -fdfsfsd
<B><font color = 'blue'> .</font></B>  -2022-10-20
<B><font color = 'blue'> .</font></B>  -Absent
<B><font color = 'blue'> .</font></B>  -Absent
<B><font color = 'blue'> .</font></B>  -undefined
<B><font color = 'blue'> .</font></B>  -Default
<B><font color = 'blue'> .</font></B>  -Default
<B><font color = 'blue'> .</font></B>  -Absent
<B><font color = 'blue'> .</font></B>  -Absent
<B><font color = 'blue'> .</font></B>  -Absent
<B><font color = 'blue'> .</font></B>  -Absent
<B><font color = 'blue'> .</font></B>  -Absent
<B><font color = 'blue'> .</font></B>  -Absent
<B><font color = 'blue'> .</font></B>  -Absent
<B><font color = 'blue'> .</font></B>  -Absent
<B><font color = 'blue'> .</font></B>  -Absent
<B><font color = 'blue'> .</font></B>  -Absent
<B><font color = 'blue'> .</font></B>  -Absent
<B><font color = 'blue'> .</font></B>  -aaaaaaaaaa aaaaaaaaa 
<B><font color = 'blue'> .</font></B>  -mmmm@gmail.com
<B><font color = 'blue'> .</font></B>  -80765s
<B><font color = 'blue'> .</font></B>  -2022-10-20
<B><font color = 'blue'> .</font></B>  -Absent
<B><font color = 'blue'> .</font></B>  -Absent
<B><font color = 'blue'> .</font></B>  -undefined
<B><font color = 'blue'> .</font></B>  -Bangalore
<B><font color = 'blue'> .</font></B>  -Testing
<B><font color = 'blue'> .</font></B>  -Absent
<B><font color = 'blue'> .</font></B>  -Absent
<B><font color = 'blue'> .</font></B>  -Absent
<B><font color = 'blue'> .</font></B>  -Absent
<B><font color = 'blue'> .</font></B>  -Absent
<B><font color = 'blue'> .</font></B>  -Absent
<B><font color = 'blue'> .</font></B>  -Absent
<B><font color = 'blue'> .</font></B>  -Absent
<B><font color = 'blue'> .</font></B>  -Absent
<B><font color = 'blue'> .</font></B>  -Absent
<B><font color = 'blue'> .</font></B>  -Absent
<B><font color = 'blue'> .</font></B>  -Test msc 
<B><font color = 'blue'> .</font></B>  -test123@gmail.com
<B><font color = 'blue'> .</font></B>  -12254
<B><font color = 'blue'> .</font></B>  -2022-10-20
<B><font color = 'blue'> .</font></B>  -Absent
<B><font color = 'blue'> .</font></B>  -Absent
<B><font color = 'blue'> .</font></B>  -undefined
<B><font color = 'blue'> .</font></B>  -Bangalore
<B><font color = 'blue'> .</font></B>  -Testing
<B><font color = 'blue'> .</font></B>  -Absent
<B><font color = 'blue'> .</font></B>  -Absent
<B><font color = 'blue'> .</font></B>  -Absent
<B><font color = 'blue'> .</font></B>  -Absent
<B><font color = 'blue'> .</font></B>  -Absent
<B><font color = 'blue'> .</font></B>  -Absent
<B><font color = 'blue'> .</font></B>  -Absent
<B><font color = 'blue'> .</font></B>  -Absent
<B><font color = 'blue'> .</font></B>  -Absent
<B><font color = 'blue'> .</font></B>  -Absent
<B><font color = 'blue'> .</font></B>  -Absent
<B><font color = 'blue'> .</font></B>  -deffdfds vscsc 
<B><font color = 'blue'> .</font></B>  -cscsdw123@gmail.com
<B><font color = 'blue'> .</font></B>  -1234512
<B><font color = 'blue'> .</font></B>  -2022-10-20
<B><font color = 'blue'> .</font></B>  -Absent
<B><font color = 'blue'> .</font></B>  -Absent
<B><font color = 'blue'> .</font></B>  -undefined
<B><font color = 'blue'> .</font></B>  -Bangalore
<B><font color = 'blue'> .</font></B>  -Testing
<B><font color = 'blue'> .</font></B>  -Absent
<B><font color = 'blue'> .</font></B>  -Absent
<B><font color = 'blue'> .</font></B>  -Absent
<B><font color = 'blue'> .</font></B>  -Absent
<B><font color = 'blue'> .</font></B>  -Absent
<B><font color = 'blue'> .</font></B>  -Absent
<B><font color = 'blue'> .</font></B>  -Absent
<B><font color = 'blue'> .</font></B>  -Absent
<B><font color = 'blue'> .</font></B>  -Absent
<B><font color = 'blue'> .</font></B>  -Absent
<B><font color = 'blue'> .</font></B>  -Absent
<B><font color = 'blue'> .</font></B>  -test testtt 
<B><font color = 'blue'> .</font></B>  -abcd@gmail.com
<B><font color = 'blue'> .</font></B>  -GLB55
<B><font color = 'blue'> .</font></B>  -2022-10-20
<B><font color = 'blue'> .</font></B>  -Absent
<B><font color = 'blue'> .</font></B>  -Absent
<B><font color = 'blue'> .</font></B>  -undefined
<B><font color = 'blue'> .</font></B>  -Bangalore
<B><font color = 'blue'> .</font></B>  -Testing
<B><font color = 'blue'> .</font></B>  -Absent
<B><font color = 'blue'> .</font></B>  -Absent
<B><font color = 'blue'> .</font></B>  -Absent
<B><font color = 'blue'> .</font></B>  -Absent
<B><font color = 'blue'> .</font></B>  -Absent
<B><font color = 'blue'> .</font></B>  -Absent
<B><font color = 'blue'> .</font></B>  -Absent
<B><font color = 'blue'> .</font></B>  -Absent
<B><font color = 'blue'> .</font></B>  -Absent
<B><font color = 'blue'> .</font></B>  -Absent
<B><font color = 'blue'> .</font></B>  -Absent
<B><font color = 'blue'> .</font></B>  -Abhishe tt 
<B><font color = 'blue'> .</font></B>  -ab@ab.com
<B><font color = 'blue'> .</font></B>  -GKD567
<B><font color = 'blue'> .</font></B>  -2022-10-20
<B><font color = 'blue'> .</font></B>  -Absent
<B><font color = 'blue'> .</font></B>  -Absent
<B><font color = 'blue'> .</font></B>  -undefined
<B><font color = 'blue'> .</font></B>  -Bangalore
<B><font color = 'blue'> .</font></B>  -Testing
<B><font color = 'blue'> .</font></B>  -Absent
<B><font color = 'blue'> .</font></B>  -Absent
<B><font color = 'blue'> .</font></B>  -Absent
<B><font color = 'blue'> .</font></B>  -Absent
<B><font color = 'blue'> .</font></B>  -Absent
<B><font color = 'blue'> .</font></B>  -Absent
<B><font color = 'blue'> .</font></B>  -Absent
<B><font color = 'blue'> .</font></B>  -Absent
<B><font color = 'blue'> .</font></B>  -Absent
<B><font color = 'blue'> .</font></B>  -Absent
<B><font color = 'blue'> .</font></B>  -Absent
<B><font color = 'blue'> .</font></B>  -test nonadmin 
<B><font color = 'blue'> .</font></B>  -testnonadmin@gmail.com
<B><font color = 'blue'> .</font></B>  -GLB026
<B><font color = 'blue'> .</font></B>  -2022-10-20
<B><font color = 'blue'> .</font></B>  -Absent
<B><font color = 'blue'> .</font></B>  -Absent
<B><font color = 'blue'> .</font></B>  -undefined
<B><font color = 'blue'> .</font></B>  -Bangalore
<B><font color = 'blue'> .</font></B>  -Php
<B><font color = 'blue'> .</font></B>  -Absent
<B><font color = 'blue'> .</font></B>  -Absent
<B><font color = 'blue'> .</font></B>  -Absent
<B><font color = 'blue'> .</font></B>  -Absent
<B><font color = 'blue'> .</font></B>  -Absent
<B><font color = 'blue'> .</font></B>  -Absent
<B><font color = 'blue'> .</font></B>  -Absent
<B><font color = 'blue'> .</font></B>  -Absent
<B><font color = 'blue'> .</font></B>  -Absent
<B><font color = 'blue'> .</font></B>  -Absent
<B><font color = 'blue'> .</font></B>  -Absent
<B><font color = 'blue'> .</font></B>  -adg ckj 
<B><font color = 'blue'> .</font></B>  -adcs@1234
<B><font color = 'blue'> .</font></B>  -583
<B><font color = 'blue'> .</font></B>  -2022-10-20
<B><font color = 'blue'> .</font></B>  -Absent
<B><font color = 'blue'> .</font></B>  -Absent
<B><font color = 'blue'> .</font></B>  -undefined
<B><font color = 'blue'> .</font></B>  -Bangalore
<B><font color = 'blue'> .</font></B>  -Testing
<B><font color = 'blue'> .</font></B>  -Absent
<B><font color = 'blue'> .</font></B>  -Absent
<B><font color = 'blue'> .</font></B>  -Absent
<B><font color = 'blue'> .</font></B>  -Absent
<B><font color = 'blue'> .</font></B>  -Absent
<B><font color = 'blue'> .</font></B>  -Absent
<B><font color = 'blue'> .</font></B>  -Absent
<B><font color = 'blue'> .</font></B>  -Absent
<B><font color = 'blue'> .</font></B>  -Absent
<B><font color = 'blue'> .</font></B>  -Absent
<B><font color = 'blue'> .</font></B>  -Absent
<B><font color = 'blue'> .</font></B>  -dominic toretto 
<B><font color = 'blue'> .</font></B>  -dom.toretto737@gmail.com
<B><font color = 'blue'> .</font></B>  -EMP011
<B><font color = 'blue'> .</font></B>  -2022-10-20
<B><font color = 'blue'> .</font></B>  -Absent
<B><font color = 'blue'> .</font></B>  -Absent
<B><font color = 'blue'> .</font></B>  -undefined
<B><font color = 'blue'> .</font></B>  -Bangalore
<B><font color = 'blue'> .</font></B>  -Testing
<B><font color = 'blue'> .</font></B>  -Absent
<B><font color = 'blue'> .</font></B>  -Absent
<B><font color = 'blue'> .</font></B>  -Absent
<B><font color = 'blue'> .</font></B>  -Absent
<B><font color = 'blue'> .</font></B>  -Absent
<B><font color = 'blue'> .</font></B>  -Absent
<B><font color = 'blue'> .</font></B>  -Absent
<B><font color = 'blue'> .</font></B>  -Absent
<B><font color = 'blue'> .</font></B>  -Absent
<B><font color = 'blue'> .</font></B>  -Absent
<B><font color = 'blue'> .</font></B>  -Absent
<B><font color = 'blue'> .</font></B>  -Abhishek Test 
<B><font color = 'blue'> .</font></B>  -abhishektrest@glb.in
<B><font color = 'blue'> .</font></B>  -rN7tvEiDPGNi4fD
<B><font color = 'blue'> .</font></B>  -2022-10-20
<B><font color = 'blue'> .</font></B>  -Absent
<B><font color = 'blue'> .</font></B>  -Absent
<B><font color = 'blue'> .</font></B>  -undefined
<B><font color = 'blue'> .</font></B>  -Bangalore
<B><font color = 'blue'> .</font></B>  -Php
<B><font color = 'blue'> .</font></B>  -Absent
<B><font color = 'blue'> .</font></B>  -Absent
<B><font color = 'blue'> .</font></B>  -Absent
<B><font color = 'blue'> .</font></B>  -Absent
<B><font color = 'blue'> .</font></B>  -Absent
<B><font color = 'blue'> .</font></B>  -Absent
<B><font color = 'blue'> .</font></B>  -Absent
<B><font color = 'blue'> .</font></B>  -Absent
<B><font color = 'blue'> .</font></B>  -Absent
<B><font color = 'blue'> .</font></B>  -Absent
<B><font color = 'blue'> .</font></B>  -Absent
<B><font color = 'blue'> .</font></B>  -Superior Test one 
<B><font color = 'blue'> .</font></B>  -superiorone@gmail.com
<B><font color = 'blue'> .</font></B>  -twoqw
<B><font color = 'blue'> .</font></B>  -2022-10-20
<B><font color = 'blue'> .</font></B>  -Absent
<B><font color = 'blue'> .</font></B>  -Absent
<B><font color = 'blue'> .</font></B>  -undefined
<B><font color = 'blue'> .</font></B>  -Bangalore
<B><font color = 'blue'> .</font></B>  -Testing
<B><font color = 'blue'> .</font></B>  -Absent
<B><font color = 'blue'> .</font></B>  -Absent
<B><font color = 'blue'> .</font></B>  -Absent
<B><font color = 'blue'> .</font></B>  -Absent
<B><font color = 'blue'> .</font></B>  -Absent
<B><font color = 'blue'> .</font></B>  -Absent
<B><font color = 'blue'> .</font></B>  -Absent
<B><font color = 'blue'> .</font></B>  -Absent
<B><font color = 'blue'> .</font></B>  -Absent
<B><font color = 'blue'> .</font></B>  -Absent
<B><font color = 'blue'> .</font></B>  -Absent
<B><font color = 'blue'> .</font></B>  -test testw 
<B><font color = 'blue'> .</font></B>  -test@mac.in
<B><font color = 'blue'> .</font></B>  -aaf123
<B><font color = 'blue'> .</font></B>  -2022-10-20
<B><font color = 'blue'> .</font></B>  -Absent
<B><font color = 'blue'> .</font></B>  -Absent
<B><font color = 'blue'> .</font></B>  -undefined
<B><font color = 'blue'> .</font></B>  -Bangalore
<B><font color = 'blue'> .</font></B>  -Php
<B><font color = 'blue'> .</font></B>  -Absent
<B><font color = 'blue'> .</font></B>  -Absent
<B><font color = 'blue'> .</font></B>  -Absent
<B><font color = 'blue'> .</font></B>  -Absent
<B><font color = 'blue'> .</font></B>  -Absent
<B><font color = 'blue'> .</font></B>  -Absent
<B><font color = 'blue'> .</font></B>  -Absent
<B><font color = 'blue'> .</font></B>  -Absent
<B><font color = 'blue'> .</font></B>  -Absent
<B><font color = 'blue'> .</font></B>  -Absent
<B><font color = 'blue'> .</font></B>  -Absent
<B><font color = 'blue'> .</font></B>  -sam eer 
<B><font color = 'blue'> .</font></B>  -sam@rf.in
<B><font color = 'blue'> .</font></B>  -WSAERT2Q34E
<B><font color = 'blue'> .</font></B>  -2022-10-20
<B><font color = 'blue'> .</font></B>  -Absent
<B><font color = 'blue'> .</font></B>  -Absent
<B><font color = 'blue'> .</font></B>  -undefined
<B><font color = 'blue'> .</font></B>  -Bangalore
<B><font color = 'blue'> .</font></B>  -Testing
<B><font color = 'blue'> .</font></B>  -Absent
<B><font color = 'blue'> .</font></B>  -Absent
<B><font color = 'blue'> .</font></B>  -Absent
<B><font color = 'blue'> .</font></B>  -Absent
<B><font color = 'blue'> .</font></B>  -Absent
<B><font color = 'blue'> .</font></B>  -Absent
<B><font color = 'blue'> .</font></B>  -Absent
<B><font color = 'blue'> .</font></B>  -Absent
<B><font color = 'blue'> .</font></B>  -Absent
<B><font color = 'blue'> .</font></B>  -Absent
<B><font color = 'blue'> .</font></B>  -Absent
<B><font color = 'blue'> .</font></B>  -Test test 
<B><font color = 'blue'> .</font></B>  -sarikajain@gmail.com
<B><font color = 'blue'> .</font></B>  -E-101
<B><font color = 'blue'> .</font></B>  -2022-10-20
<B><font color = 'blue'> .</font></B>  -Absent
<B><font color = 'blue'> .</font></B>  -Absent
<B><font color = 'blue'> .</font></B>  -undefined
<B><font color = 'blue'> .</font></B>  -Bangalore
<B><font color = 'blue'> .</font></B>  -Testing
<B><font color = 'blue'> .</font></B>  -Absent
<B><font color = 'blue'> .</font></B>  -Absent
<B><font color = 'blue'> .</font></B>  -Absent
<B><font color = 'blue'> .</font></B>  -Absent
<B><font color = 'blue'> .</font></B>  -Absent
<B><font color = 'blue'> .</font></B>  -Absent
<B><font color = 'blue'> .</font></B>  -Absent
<B><font color = 'blue'> .</font></B>  -Absent
<B><font color = 'blue'> .</font></B>  -Absent
<B><font color = 'blue'> .</font></B>  -Absent
<B><font color = 'blue'> .</font></B>  -Absent
<B><font color = 'blue'> .</font></B>  -sithu kalluru 
<B><font color = 'blue'> .</font></B>  -sitaramireddy@globussoft.in
<B><font color = 'blue'> .</font></B>  -code12
<B><font color = 'blue'> .</font></B>  -2022-10-20
<B><font color = 'blue'> .</font></B>  -Absent
<B><font color = 'blue'> .</font></B>  -Absent
<B><font color = 'blue'> .</font></B>  -undefined
<B><font color = 'blue'> .</font></B>  -Bangalore
<B><font color = 'blue'> .</font></B>  -Testing
<B><font color = 'blue'> .</font></B>  -Absent
<B><font color = 'blue'> .</font></B>  -Absent
<B><font color = 'blue'> .</font></B>  -Absent
<B><font color = 'blue'> .</font></B>  -Absent
<B><font color = 'blue'> .</font></B>  -Absent
<B><font color = 'blue'> .</font></B>  -Absent
<B><font color = 'blue'> .</font></B>  -Absent
<B><font color = 'blue'> .</font></B>  -Absent
<B><font color = 'blue'> .</font></B>  -Absent
<B><font color = 'blue'> .</font></B>  -Absent
<B><font color = 'blue'> .</font></B>  -Absent
<B><font color = 'blue'> .</font></B>  -test123 abcd 
<B><font color = 'blue'> .</font></B>  -s@gmail.com
<B><font color = 'blue'> .</font></B>  -code123z
<B><font color = 'blue'> .</font></B>  -2022-10-20
<B><font color = 'blue'> .</font></B>  -Absent
<B><font color = 'blue'> .</font></B>  -Absent
<B><font color = 'blue'> .</font></B>  -undefined
<B><font color = 'blue'> .</font></B>  -Bangalore
<B><font color = 'blue'> .</font></B>  -Testing
<B><font color = 'blue'> .</font></B>  -Absent
<B><font color = 'blue'> .</font></B>  -Absent
<B><font color = 'blue'> .</font></B>  -Absent
<B><font color = 'blue'> .</font></B>  -Absent
<B><font color = 'blue'> .</font></B>  -Absent
<B><font color = 'blue'> .</font></B>  -Absent
<B><font color = 'blue'> .</font></B>  -Absent
<B><font color = 'blue'> .</font></B>  -Absent
<B><font color = 'blue'> .</font></B>  -Absent
<B><font color = 'blue'> .</font></B>  -Absent
<B><font color = 'blue'> .</font></B>  -Absent
<B><font color = 'blue'> .</font></B>  -testing test 
<B><font color = 'blue'> .</font></B>  -aarshajoyson1601@gmail.com
<B><font color = 'blue'> .</font></B>  -glb0008
<B><font color = 'blue'> .</font></B>  -2022-10-20
<B><font color = 'blue'> .</font></B>  -Absent
<B><font color = 'blue'> .</font></B>  -Absent
<B><font color = 'blue'> .</font></B>  -undefined
<B><font color = 'blue'> .</font></B>  -Bangalore
<B><font color = 'blue'> .</font></B>  -Php
<B><font color = 'blue'> .</font></B>  -Absent
<B><font color = 'blue'> .</font></B>  -Absent
<B><font color = 'blue'> .</font></B>  -Absent
<B><font color = 'blue'> .</font></B>  -Absent
<B><font color = 'blue'> .</font></B>  -Absent
<B><font color = 'blue'> .</font></B>  -Absent
<B><font color = 'blue'> .</font></B>  -Absent
<B><font color = 'blue'> .</font></B>  -Absent
<B><font color = 'blue'> .</font></B>  -Absent
<B><font color = 'blue'> .</font></B>  -Absent
<B><font color = 'blue'> .</font></B>  -Absent
<B><font color = 'blue'> .</font></B>  -Automation CodeeeAuto 
<B><font color = 'blue'> .</font></B>  -skabcdef7@gmail.com
<B><font color = 'blue'> .</font></B>  -Emp-Abzcde-1234522
<B><font color = 'blue'> .</font></B>  -2022-10-20
<B><font color = 'blue'> .</font></B>  -Absent
<B><font color = 'blue'> .</font></B>  -Absent
<B><font color = 'blue'> .</font></B>  -undefined
<B><font color = 'blue'> .</font></B>  -Bangalore
<B><font color = 'blue'> .</font></B>  -Testing
<B><font color = 'blue'> .</font></B>  -Absent
<B><font color = 'blue'> .</font></B>  -Absent
<B><font color = 'blue'> .</font></B>  -Absent
<B><font color = 'blue'> .</font></B>  -Absent
<B><font color = 'blue'> .</font></B>  -Absent
<B><font color = 'blue'> .</font></B>  -Absent
<B><font color = 'blue'> .</font></B>  -Absent
<B><font color = 'blue'> .</font></B>  -Absent
<B><font color = 'blue'> .</font></B>  -Absent
<B><font color = 'blue'> .</font></B>  -Absent
<B><font color = 'blue'> .</font></B>  -Absent
<B><font color = 'blue'> .</font></B>  -piyush dfgsfg 
<B><font color = 'blue'> .</font></B>  -jos@gmail.com
<B><font color = 'blue'> .</font></B>  -sdgff
<B><font color = 'blue'> .</font></B>  -2022-10-20
<B><font color = 'blue'> .</font></B>  -Absent
<B><font color = 'blue'> .</font></B>  -Absent
<B><font color = 'blue'> .</font></B>  -undefined
<B><font color = 'blue'> .</font></B>  -Bangalore
<B><font color = 'blue'> .</font></B>  -Testing
<B><font color = 'blue'> .</font></B>  -Absent
<B><font color = 'blue'> .</font></B>  -Absent
<B><font color = 'blue'> .</font></B>  -Absent
<B><font color = 'blue'> .</font></B>  -Absent
<B><font color = 'blue'> .</font></B>  -Absent
<B><font color = 'blue'> .</font></B>  -Absent
<B><font color = 'blue'> .</font></B>  -Absent
<B><font color = 'blue'> .</font></B>  -Absent
<B><font color = 'blue'> .</font></B>  -Absent
<B><font color = 'blue'> .</font></B>  -Absent
<B><font color = 'blue'> .</font></B>  -Absent
<B><font color = 'blue'> .</font></B>  -Aryan raj 
<B><font color = 'blue'> .</font></B>  -alex@gmail.com
<B><font color = 'blue'> .</font></B>  -126
<B><font color = 'blue'> .</font></B>  -2022-10-20
<B><font color = 'blue'> .</font></B>  -Absent
<B><font color = 'blue'> .</font></B>  -Absent
<B><font color = 'blue'> .</font></B>  -undefined
<B><font color = 'blue'> .</font></B>  -Bangalore
<B><font color = 'blue'> .</font></B>  -Testing
<B><font color = 'blue'> .</font></B>  -Absent
<B><font color = 'blue'> .</font></B>  -Absent
<B><font color = 'blue'> .</font></B>  -Absent
<B><font color = 'blue'> .</font></B>  -Absent
<B><font color = 'blue'> .</font></B>  -Absent
<B><font color = 'blue'> .</font></B>  -Absent
<B><font color = 'blue'> .</font></B>  -Absent
<B><font color = 'blue'> .</font></B>  -Absent
<B><font color = 'blue'> .</font></B>  -Absent
<B><font color = 'blue'> .</font></B>  -Absent
<B><font color = 'blue'> .</font></B>  -Absent
<B><font color = 'blue'> .</font></B>  -Automation CodeeeAuto 
<B><font color = 'blue'> .</font></B>  -skabcdef38@gmail.com
<B><font color = 'blue'> .</font></B>  -Emp-Abzcde-123457
<B><font color = 'blue'> .</font></B>  -2022-10-20
<B><font color = 'blue'> .</font></B>  -Absent
<B><font color = 'blue'> .</font></B>  -Absent
<B><font color = 'blue'> .</font></B>  -undefined
<B><font color = 'blue'> .</font></B>  -Bangalore
<B><font color = 'blue'> .</font></B>  -Testing
<B><font color = 'blue'> .</font></B>  -Absent
<B><font color = 'blue'> .</font></B>  -Absent
<B><font color = 'blue'> .</font></B>  -Absent
<B><font color = 'blue'> .</font></B>  -Absent
<B><font color = 'blue'> .</font></B>  -Absent
<B><font color = 'blue'> .</font></B>  -Absent
<B><font color = 'blue'> .</font></B>  -Absent
<B><font color = 'blue'> .</font></B>  -Absent
<B><font color = 'blue'> .</font></B>  -Absent
<B><font color = 'blue'> .</font></B>  -Absent
<B><font color = 'blue'> .</font></B>  -Absent
<B><font color = 'blue'> .</font></B>  -Automation CodeeeAuto 
<B><font color = 'blue'> .</font></B>  -skabcdef33@gmail.com
<B><font color = 'blue'> .</font></B>  -Emp-Abzcde-1234557
<B><font color = 'blue'> .</font></B>  -2022-10-20
<B><font color = 'blue'> .</font></B>  -Absent
<B><font color = 'blue'> .</font></B>  -Absent
<B><font color = 'blue'> .</font></B>  -undefined
<B><font color = 'blue'> .</font></B>  -Bangalore
<B><font color = 'blue'> .</font></B>  -Testing
<B><font color = 'blue'> .</font></B>  -Absent
<B><font color = 'blue'> .</font></B>  -Absent
<B><font color = 'blue'> .</font></B>  -Absent
<B><font color = 'blue'> .</font></B>  -Absent
<B><font color = 'blue'> .</font></B>  -Absent
<B><font color = 'blue'> .</font></B>  -Absent
<B><font color = 'blue'> .</font></B>  -Absent
<B><font color = 'blue'> .</font></B>  -Absent
<B><font color = 'blue'> .</font></B>  -Absent
<B><font color = 'blue'> .</font></B>  -Absent
<B><font color = 'blue'> .</font></B>  -Absent
<B><font color = 'blue'> .</font></B>  -D Surya Prabhakar 
<B><font color = 'blue'> .</font></B>  -surya1@gmail.com
<B><font color = 'blue'> .</font></B>  -EM010
<B><font color = 'blue'> .</font></B>  -2022-10-20
<B><font color = 'blue'> .</font></B>  -Absent
<B><font color = 'blue'> .</font></B>  -Absent
<B><font color = 'blue'> .</font></B>  -undefined
<B><font color = 'blue'> .</font></B>  -bengaluru
<B><font color = 'blue'> .</font></B>  -Testing
<B><font color = 'blue'> .</font></B>  -Absent
<B><font color = 'blue'> .</font></B>  -Absent
<B><font color = 'blue'> .</font></B>  -Absent
<B><font color = 'blue'> .</font></B>  -Absent
<B><font color = 'blue'> .</font></B>  -Absent
<B><font color = 'blue'> .</font></B>  -Absent
<B><font color = 'blue'> .</font></B>  -Absent
<B><font color = 'blue'> .</font></B>  -Absent
<B><font color = 'blue'> .</font></B>  -Absent
<B><font color = 'blue'> .</font></B>  -Absent
<B><font color = 'blue'> .</font></B>  -Absent
<B><font color = 'blue'> .</font></B>  -R o       hit Sharma 
<B><font color = 'blue'> .</font></B>  -rahulrajt5613928@gmail.com
<B><font color = 'blue'> .</font></B>  -67645
<B><font color = 'blue'> .</font></B>  -2022-10-20
<B><font color = 'blue'> .</font></B>  -Absent
<B><font color = 'blue'> .</font></B>  -Absent
<B><font color = 'blue'> .</font></B>  -undefined
<B><font color = 'blue'> .</font></B>  -bengaluru
<B><font color = 'blue'> .</font></B>  -Testing
<B><font color = 'blue'> .</font></B>  -Absent
<B><font color = 'blue'> .</font></B>  -Absent
<B><font color = 'blue'> .</font></B>  -Absent
<B><font color = 'blue'> .</font></B>  -Absent
<B><font color = 'blue'> .</font></B>  -Absent
<B><font color = 'blue'> .</font></B>  -Absent
<B><font color = 'blue'> .</font></B>  -Absent
<B><font color = 'blue'> .</font></B>  -Absent
<B><font color = 'blue'> .</font></B>  -Absent
<B><font color = 'blue'> .</font></B>  -Absent
<B><font color = 'blue'> .</font></B>  -Absent
<B><font color = 'blue'> .</font></B>  -ni test 
<B><font color = 'blue'> .</font></B>  -nitest12@gmail.com
<B><font color = 'blue'> .</font></B>  -GLB678
<B><font color = 'blue'> .</font></B>  -2022-10-20
<B><font color = 'blue'> .</font></B>  -Absent
<B><font color = 'blue'> .</font></B>  -Absent
<B><font color = 'blue'> .</font></B>  -undefined
<B><font color = 'blue'> .</font></B>  -bengaluru
<B><font color = 'blue'> .</font></B>  -Testing
<B><font color = 'blue'> .</font></B>  -Absent
<B><font color = 'blue'> .</font></B>  -Absent
<B><font color = 'blue'> .</font></B>  -Absent
<B><font color = 'blue'> .</font></B>  -Absent
<B><font color = 'blue'> .</font></B>  -Absent
<B><font color = 'blue'> .</font></B>  -Absent
<B><font color = 'blue'> .</font></B>  -Absent
<B><font color = 'blue'> .</font></B>  -Absent
<B><font color = 'blue'> .</font></B>  -Absent
<B><font color = 'blue'> .</font></B>  -Absent
<B><font color = 'blue'> .</font></B>  -Absent
<B><font color = 'blue'> .</font></B>  -one test 
<B><font color = 'blue'> .</font></B>  -testone1234@gmail.com
<B><font color = 'blue'> .</font></B>  -0110
<B><font color = 'blue'> .</font></B>  -2022-10-20
<B><font color = 'blue'> .</font></B>  -Absent
<B><font color = 'blue'> .</font></B>  -Absent
<B><font color = 'blue'> .</font></B>  -undefined
<B><font color = 'blue'> .</font></B>  -bengaluru
<B><font color = 'blue'> .</font></B>  -Testing
<B><font color = 'blue'> .</font></B>  -Absent
<B><font color = 'blue'> .</font></B>  -Absent
<B><font color = 'blue'> .</font></B>  -Absent
<B><font color = 'blue'> .</font></B>  -Absent
<B><font color = 'blue'> .</font></B>  -Absent
<B><font color = 'blue'> .</font></B>  -Absent
<B><font color = 'blue'> .</font></B>  -Absent
<B><font color = 'blue'> .</font></B>  -Absent
<B><font color = 'blue'> .</font></B>  -Absent
<B><font color = 'blue'> .</font></B>  -Absent
<B><font color = 'blue'> .</font></B>  -Absent
<B><font color = 'blue'> .</font></B>  -GLB-BLR-010-PC - GLB-BLR-010 
<B><font color = 'blue'> .</font></B>  -abcd@yuksdgus
<B><font color = 'blue'> .</font></B>  -GLB-BLR-010
<B><font color = 'blue'> .</font></B>  -2022-10-20
<B><font color = 'blue'> .</font></B>  -Absent
<B><font color = 'blue'> .</font></B>  -Absent
<B><font color = 'blue'> .</font></B>  -undefined
<B><font color = 'blue'> .</font></B>  -bengaluru
<B><font color = 'blue'> .</font></B>  -Testing
<B><font color = 'blue'> .</font></B>  -Absent
<B><font color = 'blue'> .</font></B>  -Absent
<B><font color = 'blue'> .</font></B>  -Absent
<B><font color = 'blue'> .</font></B>  -Absent
<B><font color = 'blue'> .</font></B>  -Absent
<B><font color = 'blue'> .</font></B>  -Absent
<B><font color = 'blue'> .</font></B>  -Absent
<B><font color = 'blue'> .</font></B>  -Absent
<B><font color = 'blue'> .</font></B>  -Absent
<B><font color = 'blue'> .</font></B>  -Absent
<B><font color = 'blue'> .</font></B>  -Absent
<B><font color = 'blue'> .</font></B>  -surya kk 
<B><font color = 'blue'> .</font></B>  -123@gmail.com
<B><font color = 'blue'> .</font></B>  -mmmmm
<B><font color = 'blue'> .</font></B>  -2022-10-20
<B><font color = 'blue'> .</font></B>  -Absent
<B><font color = 'blue'> .</font></B>  -Absent
<B><font color = 'blue'> .</font></B>  -undefined
<B><font color = 'blue'> .</font></B>  -Tamilnadu
<B><font color = 'blue'> .</font></B>  -Test and Dev
<B><font color = 'blue'> .</font></B>  -Absent
<B><font color = 'blue'> .</font></B>  -Absent
<B><font color = 'blue'> .</font></B>  -Absent
<B><font color = 'blue'> .</font></B>  -Absent
<B><font color = 'blue'> .</font></B>  -Absent
<B><font color = 'blue'> .</font></B>  -Absent
<B><font color = 'blue'> .</font></B>  -Absent
<B><font color = 'blue'> .</font></B>  -Absent
<B><font color = 'blue'> .</font></B>  -Absent
<B><font color = 'blue'> .</font></B>  -Absent
<B><font color = 'blue'> .</font></B>  -Absent
<B><font color = 'blue'> .</font></B>  -sai kk 
<B><font color = 'blue'> .</font></B>  -saikk19876@gmail.com
<B><font color = 'blue'> .</font></B>  -20221019
<B><font color = 'blue'> .</font></B>  -2022-10-20
<B><font color = 'blue'> .</font></B>  -Absent
<B><font color = 'blue'> .</font></B>  -Absent
<B><font color = 'blue'> .</font></B>  -undefined
<B><font color = 'blue'> .</font></B>  -Tamilnadu
<B><font color = 'blue'> .</font></B>  -Test and Dev
<B><font color = 'blue'> .</font></B>  -Absent
<B><font color = 'blue'> .</font></B>  -Absent
<B><font color = 'blue'> .</font></B>  -Absent
<B><font color = 'blue'> .</font></B>  -Absent
<B><font color = 'blue'> .</font></B>  -Absent
<B><font color = 'blue'> .</font></B>  -Absent
<B><font color = 'blue'> .</font></B>  -Absent
<B><font color = 'blue'> .</font></B>  -Absent
<B><font color = 'blue'> .</font></B>  -Absent
<B><font color = 'blue'> .</font></B>  -Absent
<B><font color = 'blue'> .</font></B>  -Absent
<B><font color = 'blue'> .</font></B>  -test user two 
<B><font color = 'blue'> .</font></B>  -testuser@two.io
<B><font color = 'blue'> .</font></B>  -GSLL-327
<B><font color = 'blue'> .</font></B>  -2022-10-20
<B><font color = 'blue'> .</font></B>  -Absent
<B><font color = 'blue'> .</font></B>  -Absent
<B><font color = 'blue'> .</font></B>  -undefined
<B><font color = 'blue'> .</font></B>  -Tamilnadu
<B><font color = 'blue'> .</font></B>  -Test and Dev
<B><font color = 'blue'> .</font></B>  -Absent
<B><font color = 'blue'> .</font></B>  -Absent
<B><font color = 'blue'> .</font></B>  -Absent
<B><font color = 'blue'> .</font></B>  -Absent
<B><font color = 'blue'> .</font></B>  -Absent
<B><font color = 'blue'> .</font></B>  -Absent
<B><font color = 'blue'> .</font></B>  -Absent
<B><font color = 'blue'> .</font></B>  -Absent
<B><font color = 'blue'> .</font></B>  -Absent
<B><font color = 'blue'> .</font></B>  -Absent
<B><font color = 'blue'> .</font></B>  -Absent
<B><font color = 'blue'> .</font></B>  -dxgfdxg gssdg 
<B><font color = 'blue'> .</font></B>  -sdgsg@dgksodkg.in
<B><font color = 'blue'> .</font></B>  -asfda343443
<B><font color = 'blue'> .</font></B>  -2022-10-20
<B><font color = 'blue'> .</font></B>  -Absent
<B><font color = 'blue'> .</font></B>  -Absent
<B><font color = 'blue'> .</font></B>  -undefined
<B><font color = 'blue'> .</font></B>  -Bhilai
<B><font color = 'blue'> .</font></B>  -Php
<B><font color = 'blue'> .</font></B>  -Absent
<B><font color = 'blue'> .</font></B>  -Absent
<B><font color = 'blue'> .</font></B>  -Absent
<B><font color = 'blue'> .</font></B>  -Absent
<B><font color = 'blue'> .</font></B>  -Absent
<B><font color = 'blue'> .</font></B>  -Absent
<B><font color = 'blue'> .</font></B>  -Absent
<B><font color = 'blue'> .</font></B>  -Absent
<B><font color = 'blue'> .</font></B>  -Absent
<B><font color = 'blue'> .</font></B>  -Absent
<B><font color = 'blue'> .</font></B>  -Absent
<B><font color = 'blue'> .</font></B>  -Guest User 
<B><font color = 'blue'> .</font></B>  -guestuser@gmail.com
<B><font color = 'blue'> .</font></B>  -GLB-777
<B><font color = 'blue'> .</font></B>  -2022-10-20
<B><font color = 'blue'> .</font></B>  -Absent
<B><font color = 'blue'> .</font></B>  -Absent
<B><font color = 'blue'> .</font></B>  -undefined
<B><font color = 'blue'> .</font></B>  -Bhilai
<B><font color = 'blue'> .</font></B>  -Php
<B><font color = 'blue'> .</font></B>  -Absent
<B><font color = 'blue'> .</font></B>  -Absent
<B><font color = 'blue'> .</font></B>  -Absent
<B><font color = 'blue'> .</font></B>  -Absent
<B><font color = 'blue'> .</font></B>  -Absent
<B><font color = 'blue'> .</font></B>  -Absent
<B><font color = 'blue'> .</font></B>  -Absent
<B><font color = 'blue'> .</font></B>  -Absent
<B><font color = 'blue'> .</font></B>  -Absent
<B><font color = 'blue'> .</font></B>  -Absent
<B><font color = 'blue'> .</font></B>  -Absent
<B><font color = 'blue'> .</font></B>  -Himanshu Kumar 
<B><font color = 'blue'> .</font></B>  -himanshu1@gmail.com
<B><font color = 'blue'> .</font></B>  -EM011
<B><font color = 'blue'> .</font></B>  -2022-10-19
<B><font color = 'blue'> .</font></B>  -19-10-2022 00:00:00
<B><font color = 'blue'> .</font></B>  -19-10-2022 00:01:31
<B><font color = 'blue'> .</font></B>  -GLB-181
<B><font color = 'blue'> .</font></B>  -bagalkot
<B><font color = 'blue'> .</font></B>  -manual testing
<B><font color = 'blue'> .</font></B>  -00:01:31
<B><font color = 'blue'> .</font></B>  -00:00:00
<B><font color = 'blue'> .</font></B>  -00:00:00
<B><font color = 'blue'> .</font></B>  -00:00:00
<B><font color = 'blue'> .</font></B>  -00:00:00
<B><font color = 'blue'> .</font></B>  -00:00:00
<B><font color = 'blue'> .</font></B>  -00:00:00
<B><font color = 'blue'> .</font></B>  -00:01:31
<B><font color = 'blue'> .</font></B>  -0.00%
<B><font color = 'blue'> .</font></B>  --480:00
<B><font color = 'blue'> .</font></B>  -0.00
<B><font color = 'blue'> .</font></B>  -R o       hit Sharma 
<B><font color = 'blue'> .</font></B>  -rahulrajt5613928@gmail.com
<B><font color = 'blue'> .</font></B>  -67645
<B><font color = 'blue'> .</font></B>  -2022-10-19
<B><font color = 'blue'> .</font></B>  -19-10-2022 04:34:42
<B><font color = 'blue'> .</font></B>  -19-10-2022 04:37:42
<B><font color = 'blue'> .</font></B>  -GLB-193-PC
<B><font color = 'blue'> .</font></B>  -bengaluru
<B><font color = 'blue'> .</font></B>  -Testing
<B><font color = 'blue'> .</font></B>  -00:03:00
<B><font color = 'blue'> .</font></B>  -00:00:00
<B><font color = 'blue'> .</font></B>  -00:00:00
<B><font color = 'blue'> .</font></B>  -00:00:00
<B><font color = 'blue'> .</font></B>  -00:00:00
<B><font color = 'blue'> .</font></B>  -00:00:00
<B><font color = 'blue'> .</font></B>  -00:00:00
<B><font color = 'blue'> .</font></B>  -00:03:00
<B><font color = 'blue'> .</font></B>  -0.00%
<B><font color = 'blue'> .</font></B>  --480:00
<B><font color = 'blue'> .</font></B>  -0.00
<B><font color = 'blue'> .</font></B>  -Virat kohli 
<B><font color = 'blue'> .</font></B>  -rahukbgdxgsf@gmail.com
<B><font color = 'blue'> .</font></B>  -65332
<B><font color = 'blue'> .</font></B>  -2022-10-19
<B><font color = 'blue'> .</font></B>  -Absent
<B><font color = 'blue'> .</font></B>  -Absent
<B><font color = 'blue'> .</font></B>  -undefined
<B><font color = 'blue'> .</font></B>  -Default
<B><font color = 'blue'> .</font></B>  -Default
<B><font color = 'blue'> .</font></B>  -Absent
<B><font color = 'blue'> .</font></B>  -Absent
<B><font color = 'blue'> .</font></B>  -Absent
<B><font color = 'blue'> .</font></B>  -Absent
<B><font color = 'blue'> .</font></B>  -Absent
<B><font color = 'blue'> .</font></B>  -Absent
<B><font color = 'blue'> .</font></B>  -Absent
<B><font color = 'blue'> .</font></B>  -Absent
<B><font color = 'blue'> .</font></B>  -Absent
<B><font color = 'blue'> .</font></B>  -Absent
<B><font color = 'blue'> .</font></B>  -Absent
<B><font color = 'blue'> .</font></B>  -sadas kadkasdj 
<B><font color = 'blue'> .</font></B>  -dsa@eqe
<B><font color = 'blue'> .</font></B>  -emp129666
<B><font color = 'blue'> .</font></B>  -2022-10-19
<B><font color = 'blue'> .</font></B>  -Absent
<B><font color = 'blue'> .</font></B>  -Absent
<B><font color = 'blue'> .</font></B>  -undefined
<B><font color = 'blue'> .</font></B>  -Default
<B><font color = 'blue'> .</font></B>  -Default
<B><font color = 'blue'> .</font></B>  -Absent
<B><font color = 'blue'> .</font></B>  -Absent
<B><font color = 'blue'> .</font></B>  -Absent
<B><font color = 'blue'> .</font></B>  -Absent
<B><font color = 'blue'> .</font></B>  -Absent
<B><font color = 'blue'> .</font></B>  -Absent
<B><font color = 'blue'> .</font></B>  -Absent
<B><font color = 'blue'> .</font></B>  -Absent
<B><font color = 'blue'> .</font></B>  -Absent
<B><font color = 'blue'> .</font></B>  -Absent
<B><font color = 'blue'> .</font></B>  -Absent
<B><font color = 'blue'> .</font></B>  -New Test 
<B><font color = 'blue'> .</font></B>  -newtest@gmail.com
<B><font color = 'blue'> .</font></B>  -ewer334443
<B><font color = 'blue'> .</font></B>  -2022-10-19
<B><font color = 'blue'> .</font></B>  -Absent
<B><font color = 'blue'> .</font></B>  -Absent
<B><font color = 'blue'> .</font></B>  -undefined
<B><font color = 'blue'> .</font></B>  -Default
<B><font color = 'blue'> .</font></B>  -Default
<B><font color = 'blue'> .</font></B>  -Absent
<B><font color = 'blue'> .</font></B>  -Absent
<B><font color = 'blue'> .</font></B>  -Absent
<B><font color = 'blue'> .</font></B>  -Absent
<B><font color = 'blue'> .</font></B>  -Absent
<B><font color = 'blue'> .</font></B>  -Absent
<B><font color = 'blue'> .</font></B>  -Absent
<B><font color = 'blue'> .</font></B>  -Absent
<B><font color = 'blue'> .</font></B>  -Absent
<B><font color = 'blue'> .</font></B>  -Absent
<B><font color = 'blue'> .</font></B>  -Absent
<B><font color = 'blue'> .</font></B>  -dshcdb uidsbf 
<B><font color = 'blue'> .</font></B>  -dvbvdb@yahoo.com
<B><font color = 'blue'> .</font></B>  -435454
<B><font color = 'blue'> .</font></B>  -2022-10-19
<B><font color = 'blue'> .</font></B>  -Absent
<B><font color = 'blue'> .</font></B>  -Absent
<B><font color = 'blue'> .</font></B>  -undefined
<B><font color = 'blue'> .</font></B>  -Default
<B><font color = 'blue'> .</font></B>  -Default
<B><font color = 'blue'> .</font></B>  -Absent
<B><font color = 'blue'> .</font></B>  -Absent
<B><font color = 'blue'> .</font></B>  -Absent
<B><font color = 'blue'> .</font></B>  -Absent
<B><font color = 'blue'> .</font></B>  -Absent
<B><font color = 'blue'> .</font></B>  -Absent
<B><font color = 'blue'> .</font></B>  -Absent
<B><font color = 'blue'> .</font></B>  -Absent
<B><font color = 'blue'> .</font></B>  -Absent
<B><font color = 'blue'> .</font></B>  -Absent
<B><font color = 'blue'> .</font></B>  -Absent
<B><font color = 'blue'> .</font></B>  -try last 
<B><font color = 'blue'> .</font></B>  -try@gmail.com
<B><font color = 'blue'> .</font></B>  -1225455
<B><font color = 'blue'> .</font></B>  -2022-10-19
<B><font color = 'blue'> .</font></B>  -Absent
<B><font color = 'blue'> .</font></B>  -Absent
<B><font color = 'blue'> .</font></B>  -undefined
<B><font color = 'blue'> .</font></B>  -Default
<B><font color = 'blue'> .</font></B>  -Default
<B><font color = 'blue'> .</font></B>  -Absent
<B><font color = 'blue'> .</font></B>  -Absent
<B><font color = 'blue'> .</font></B>  -Absent
<B><font color = 'blue'> .</font></B>  -Absent
<B><font color = 'blue'> .</font></B>  -Absent
<B><font color = 'blue'> .</font></B>  -Absent
<B><font color = 'blue'> .</font></B>  -Absent
<B><font color = 'blue'> .</font></B>  -Absent
<B><font color = 'blue'> .</font></B>  -Absent
<B><font color = 'blue'> .</font></B>  -Absent
<B><font color = 'blue'> .</font></B>  -Absent
<B><font color = 'blue'> .</font></B>  -vdjvdb yusvdvbbh 
<B><font color = 'blue'> .</font></B>  -dvhbfdh@gmail.com
<B><font color = 'blue'> .</font></B>  -wq534342
<B><font color = 'blue'> .</font></B>  -2022-10-19
<B><font color = 'blue'> .</font></B>  -Absent
<B><font color = 'blue'> .</font></B>  -Absent
<B><font color = 'blue'> .</font></B>  -undefined
<B><font color = 'blue'> .</font></B>  -Default
<B><font color = 'blue'> .</font></B>  -Default
<B><font color = 'blue'> .</font></B>  -Absent
<B><font color = 'blue'> .</font></B>  -Absent
<B><font color = 'blue'> .</font></B>  -Absent
<B><font color = 'blue'> .</font></B>  -Absent
<B><font color = 'blue'> .</font></B>  -Absent
<B><font color = 'blue'> .</font></B>  -Absent
<B><font color = 'blue'> .</font></B>  -Absent
<B><font color = 'blue'> .</font></B>  -Absent
<B><font color = 'blue'> .</font></B>  -Absent
<B><font color = 'blue'> .</font></B>  -Absent
<B><font color = 'blue'> .</font></B>  -Absent
<B><font color = 'blue'> .</font></B>  -Mail Test user 
<B><font color = 'blue'> .</font></B>  -maintest@user.io
<B><font color = 'blue'> .</font></B>  -GLB-1223888
<B><font color = 'blue'> .</font></B>  -2022-10-19
<B><font color = 'blue'> .</font></B>  -Absent
<B><font color = 'blue'> .</font></B>  -Absent
<B><font color = 'blue'> .</font></B>  -undefined
<B><font color = 'blue'> .</font></B>  -Default
<B><font color = 'blue'> .</font></B>  -Default
<B><font color = 'blue'> .</font></B>  -Absent
<B><font color = 'blue'> .</font></B>  -Absent
<B><font color = 'blue'> .</font></B>  -Absent
<B><font color = 'blue'> .</font></B>  -Absent
<B><font color = 'blue'> .</font></B>  -Absent
<B><font color = 'blue'> .</font></B>  -Absent
<B><font color = 'blue'> .</font></B>  -Absent
<B><font color = 'blue'> .</font></B>  -Absent
<B><font color = 'blue'> .</font></B>  -Absent
<B><font color = 'blue'> .</font></B>  -Absent
<B><font color = 'blue'> .</font></B>  -Absent
<B><font color = 'blue'> .</font></B>  -Update Check 
<B><font color = 'blue'> .</font></B>  -updates@gmail.com
<B><font color = 'blue'> .</font></B>  -emp543
<B><font color = 'blue'> .</font></B>  -2022-10-19
<B><font color = 'blue'> .</font></B>  -Absent
<B><font color = 'blue'> .</font></B>  -Absent
<B><font color = 'blue'> .</font></B>  -undefined
<B><font color = 'blue'> .</font></B>  -Default
<B><font color = 'blue'> .</font></B>  -Default
<B><font color = 'blue'> .</font></B>  -Absent
<B><font color = 'blue'> .</font></B>  -Absent
<B><font color = 'blue'> .</font></B>  -Absent
<B><font color = 'blue'> .</font></B>  -Absent
<B><font color = 'blue'> .</font></B>  -Absent
<B><font color = 'blue'> .</font></B>  -Absent
<B><font color = 'blue'> .</font></B>  -Absent
<B><font color = 'blue'> .</font></B>  -Absent
<B><font color = 'blue'> .</font></B>  -Absent
<B><font color = 'blue'> .</font></B>  -Absent
<B><font color = 'blue'> .</font></B>  -Absent
<B><font color = 'blue'> .</font></B>  -test manager 
<B><font color = 'blue'> .</font></B>  -manageremp@gmail.com
<B><font color = 'blue'> .</font></B>  -glb020
<B><font color = 'blue'> .</font></B>  -2022-10-19
<B><font color = 'blue'> .</font></B>  -Absent
<B><font color = 'blue'> .</font></B>  -Absent
<B><font color = 'blue'> .</font></B>  -undefined
<B><font color = 'blue'> .</font></B>  -Default
<B><font color = 'blue'> .</font></B>  -Default
<B><font color = 'blue'> .</font></B>  -Absent
<B><font color = 'blue'> .</font></B>  -Absent
<B><font color = 'blue'> .</font></B>  -Absent
<B><font color = 'blue'> .</font></B>  -Absent
<B><font color = 'blue'> .</font></B>  -Absent
<B><font color = 'blue'> .</font></B>  -Absent
<B><font color = 'blue'> .</font></B>  -Absent
<B><font color = 'blue'> .</font></B>  -Absent
<B><font color = 'blue'> .</font></B>  -Absent
<B><font color = 'blue'> .</font></B>  -Absent
<B><font color = 'blue'> .</font></B>  -Absent
<B><font color = 'blue'> .</font></B>  -DESKTOP-PJJHB19 - GLB-BLR-002OjUpRD2 
<B><font color = 'blue'> .</font></B>  --
<B><font color = 'blue'> .</font></B>  -GLB-BLR-002OjUpRD2
<B><font color = 'blue'> .</font></B>  -2022-10-19
<B><font color = 'blue'> .</font></B>  -Absent
<B><font color = 'blue'> .</font></B>  -Absent
<B><font color = 'blue'> .</font></B>  -undefined
<B><font color = 'blue'> .</font></B>  -Default
<B><font color = 'blue'> .</font></B>  -Default
<B><font color = 'blue'> .</font></B>  -Absent
<B><font color = 'blue'> .</font></B>  -Absent
<B><font color = 'blue'> .</font></B>  -Absent
<B><font color = 'blue'> .</font></B>  -Absent
<B><font color = 'blue'> .</font></B>  -Absent
<B><font color = 'blue'> .</font></B>  -Absent
<B><font color = 'blue'> .</font></B>  -Absent
<B><font color = 'blue'> .</font></B>  -Absent
<B><font color = 'blue'> .</font></B>  -Absent
<B><font color = 'blue'> .</font></B>  -Absent
<B><font color = 'blue'> .</font></B>  -Absent
<B><font color = 'blue'> .</font></B>  -Usb Test 
<B><font color = 'blue'> .</font></B>  -usbtest123@gmail.com
<B><font color = 'blue'> .</font></B>  -emp0097
<B><font color = 'blue'> .</font></B>  -2022-10-19
<B><font color = 'blue'> .</font></B>  -Absent
<B><font color = 'blue'> .</font></B>  -Absent
<B><font color = 'blue'> .</font></B>  -undefined
<B><font color = 'blue'> .</font></B>  -Default
<B><font color = 'blue'> .</font></B>  -Default
<B><font color = 'blue'> .</font></B>  -Absent
<B><font color = 'blue'> .</font></B>  -Absent
<B><font color = 'blue'> .</font></B>  -Absent
<B><font color = 'blue'> .</font></B>  -Absent
<B><font color = 'blue'> .</font></B>  -Absent
<B><font color = 'blue'> .</font></B>  -Absent
<B><font color = 'blue'> .</font></B>  -Absent
<B><font color = 'blue'> .</font></B>  -Absent
<B><font color = 'blue'> .</font></B>  -Absent
<B><font color = 'blue'> .</font></B>  -Absent
<B><font color = 'blue'> .</font></B>  -Absent
<B><font color = 'blue'> .</font></B>  -SS Keystrokes 
<B><font color = 'blue'> .</font></B>  -sskey@gmail.com
<B><font color = 'blue'> .</font></B>  -emp98y
<B><font color = 'blue'> .</font></B>  -2022-10-19
<B><font color = 'blue'> .</font></B>  -Absent
<B><font color = 'blue'> .</font></B>  -Absent
<B><font color = 'blue'> .</font></B>  -undefined
<B><font color = 'blue'> .</font></B>  -Default
<B><font color = 'blue'> .</font></B>  -Default
<B><font color = 'blue'> .</font></B>  -Absent
<B><font color = 'blue'> .</font></B>  -Absent
<B><font color = 'blue'> .</font></B>  -Absent
<B><font color = 'blue'> .</font></B>  -Absent
<B><font color = 'blue'> .</font></B>  -Absent
<B><font color = 'blue'> .</font></B>  -Absent
<B><font color = 'blue'> .</font></B>  -Absent
<B><font color = 'blue'> .</font></B>  -Absent
<B><font color = 'blue'> .</font></B>  -Absent
<B><font color = 'blue'> .</font></B>  -Absent
<B><font color = 'blue'> .</font></B>  -Absent
<B><font color = 'blue'> .</font></B>  -shivammmmmmmmmmmmmmmmmmmm Kumar 
<B><font color = 'blue'> .</font></B>  -kgfyash545@gmail.com
<B><font color = 'blue'> .</font></B>  -hsakhdjk414
<B><font color = 'blue'> .</font></B>  -2022-10-19
<B><font color = 'blue'> .</font></B>  -Absent
<B><font color = 'blue'> .</font></B>  -Absent
<B><font color = 'blue'> .</font></B>  -undefined
<B><font color = 'blue'> .</font></B>  -Default
<B><font color = 'blue'> .</font></B>  -Default
<B><font color = 'blue'> .</font></B>  -Absent
<B><font color = 'blue'> .</font></B>  -Absent
<B><font color = 'blue'> .</font></B>  -Absent
<B><font color = 'blue'> .</font></B>  -Absent
<B><font color = 'blue'> .</font></B>  -Absent
<B><font color = 'blue'> .</font></B>  -Absent
<B><font color = 'blue'> .</font></B>  -Absent
<B><font color = 'blue'> .</font></B>  -Absent
<B><font color = 'blue'> .</font></B>  -Absent
<B><font color = 'blue'> .</font></B>  -Absent
<B><font color = 'blue'> .</font></B>  -Absent
<B><font color = 'blue'> .</font></B>  -Abhishek Four tf test 
<B><font color = 'blue'> .</font></B>  -abhishekfourtf@mail.com
<B><font color = 'blue'> .</font></B>  -HLIKSJ98
<B><font color = 'blue'> .</font></B>  -2022-10-19
<B><font color = 'blue'> .</font></B>  -Absent
<B><font color = 'blue'> .</font></B>  -Absent
<B><font color = 'blue'> .</font></B>  -undefined
<B><font color = 'blue'> .</font></B>  -Default
<B><font color = 'blue'> .</font></B>  -Default
<B><font color = 'blue'> .</font></B>  -Absent
<B><font color = 'blue'> .</font></B>  -Absent
<B><font color = 'blue'> .</font></B>  -Absent
<B><font color = 'blue'> .</font></B>  -Absent
<B><font color = 'blue'> .</font></B>  -Absent
<B><font color = 'blue'> .</font></B>  -Absent
<B><font color = 'blue'> .</font></B>  -Absent
<B><font color = 'blue'> .</font></B>  -Absent
<B><font color = 'blue'> .</font></B>  -Absent
<B><font color = 'blue'> .</font></B>  -Absent
<B><font color = 'blue'> .</font></B>  -Absent
<B><font color = 'blue'> .</font></B>  -new dev user 
<B><font color = 'blue'> .</font></B>  -new@dev.user
<B><font color = 'blue'> .</font></B>  -fdfsfsd
<B><font color = 'blue'> .</font></B>  -2022-10-19
<B><font color = 'blue'> .</font></B>  -Absent
<B><font color = 'blue'> .</font></B>  -Absent
<B><font color = 'blue'> .</font></B>  -undefined
<B><font color = 'blue'> .</font></B>  -Default
<B><font color = 'blue'> .</font></B>  -Default
<B><font color = 'blue'> .</font></B>  -Absent
<B><font color = 'blue'> .</font></B>  -Absent
<B><font color = 'blue'> .</font></B>  -Absent
<B><font color = 'blue'> .</font></B>  -Absent
<B><font color = 'blue'> .</font></B>  -Absent
<B><font color = 'blue'> .</font></B>  -Absent
<B><font color = 'blue'> .</font></B>  -Absent
<B><font color = 'blue'> .</font></B>  -Absent
<B><font color = 'blue'> .</font></B>  -Absent
<B><font color = 'blue'> .</font></B>  -Absent
<B><font color = 'blue'> .</font></B>  -Absent
<B><font color = 'blue'> .</font></B>  -aaaaaaaaaa aaaaaaaaa 
<B><font color = 'blue'> .</font></B>  -mmmm@gmail.com
<B><font color = 'blue'> .</font></B>  -80765s
<B><font color = 'blue'> .</font></B>  -2022-10-19
<B><font color = 'blue'> .</font></B>  -Absent
<B><font color = 'blue'> .</font></B>  -Absent
<B><font color = 'blue'> .</font></B>  -undefined
<B><font color = 'blue'> .</font></B>  -Bangalore
<B><font color = 'blue'> .</font></B>  -Testing
<B><font color = 'blue'> .</font></B>  -Absent
<B><font color = 'blue'> .</font></B>  -Absent
<B><font color = 'blue'> .</font></B>  -Absent
<B><font color = 'blue'> .</font></B>  -Absent
<B><font color = 'blue'> .</font></B>  -Absent
<B><font color = 'blue'> .</font></B>  -Absent
<B><font color = 'blue'> .</font></B>  -Absent
<B><font color = 'blue'> .</font></B>  -Absent
<B><font color = 'blue'> .</font></B>  -Absent
<B><font color = 'blue'> .</font></B>  -Absent
<B><font color = 'blue'> .</font></B>  -Absent
<B><font color = 'blue'> .</font></B>  -sumesh test 
<B><font color = 'blue'> .</font></B>  -sumesh@mail.com
<B><font color = 'blue'> .</font></B>  -fdgfdgf
<B><font color = 'blue'> .</font></B>  -2022-10-19
<B><font color = 'blue'> .</font></B>  -Absent
<B><font color = 'blue'> .</font></B>  -Absent
<B><font color = 'blue'> .</font></B>  -undefined
<B><font color = 'blue'> .</font></B>  -Bangalore
<B><font color = 'blue'> .</font></B>  -Testing
<B><font color = 'blue'> .</font></B>  -Absent
<B><font color = 'blue'> .</font></B>  -Absent
<B><font color = 'blue'> .</font></B>  -Absent
<B><font color = 'blue'> .</font></B>  -Absent
<B><font color = 'blue'> .</font></B>  -Absent
<B><font color = 'blue'> .</font></B>  -Absent
<B><font color = 'blue'> .</font></B>  -Absent
<B><font color = 'blue'> .</font></B>  -Absent
<B><font color = 'blue'> .</font></B>  -Absent
<B><font color = 'blue'> .</font></B>  -Absent
<B><font color = 'blue'> .</font></B>  -Absent
<B><font color = 'blue'> .</font></B>  -Test msc 
<B><font color = 'blue'> .</font></B>  -test123@gmail.com
<B><font color = 'blue'> .</font></B>  -12254
<B><font color = 'blue'> .</font></B>  -2022-10-19
<B><font color = 'blue'> .</font></B>  -Absent
<B><font color = 'blue'> .</font></B>  -Absent
<B><font color = 'blue'> .</font></B>  -undefined
<B><font color = 'blue'> .</font></B>  -Bangalore
<B><font color = 'blue'> .</font></B>  -Testing
<B><font color = 'blue'> .</font></B>  -Absent
<B><font color = 'blue'> .</font></B>  -Absent
<B><font color = 'blue'> .</font></B>  -Absent
<B><font color = 'blue'> .</font></B>  -Absent
<B><font color = 'blue'> .</font></B>  -Absent
<B><font color = 'blue'> .</font></B>  -Absent
<B><font color = 'blue'> .</font></B>  -Absent
<B><font color = 'blue'> .</font></B>  -Absent
<B><font color = 'blue'> .</font></B>  -Absent
<B><font color = 'blue'> .</font></B>  -Absent
<B><font color = 'blue'> .</font></B>  -Absent
<B><font color = 'blue'> .</font></B>  -deffdfds vscsc 
<B><font color = 'blue'> .</font></B>  -cscsdw123@gmail.com
<B><font color = 'blue'> .</font></B>  -1234512
<B><font color = 'blue'> .</font></B>  -2022-10-19
<B><font color = 'blue'> .</font></B>  -Absent
<B><font color = 'blue'> .</font></B>  -Absent
<B><font color = 'blue'> .</font></B>  -undefined
<B><font color = 'blue'> .</font></B>  -Bangalore
<B><font color = 'blue'> .</font></B>  -Testing
<B><font color = 'blue'> .</font></B>  -Absent
<B><font color = 'blue'> .</font></B>  -Absent
<B><font color = 'blue'> .</font></B>  -Absent
<B><font color = 'blue'> .</font></B>  -Absent
<B><font color = 'blue'> .</font></B>  -Absent
<B><font color = 'blue'> .</font></B>  -Absent
<B><font color = 'blue'> .</font></B>  -Absent
<B><font color = 'blue'> .</font></B>  -Absent
<B><font color = 'blue'> .</font></B>  -Absent
<B><font color = 'blue'> .</font></B>  -Absent
<B><font color = 'blue'> .</font></B>  -Absent
<B><font color = 'blue'> .</font></B>  -test testtt 
<B><font color = 'blue'> .</font></B>  -abcd@gmail.com
<B><font color = 'blue'> .</font></B>  -GLB55
<B><font color = 'blue'> .</font></B>  -2022-10-19
<B><font color = 'blue'> .</font></B>  -Absent
<B><font color = 'blue'> .</font></B>  -Absent
<B><font color = 'blue'> .</font></B>  -undefined
<B><font color = 'blue'> .</font></B>  -Bangalore
<B><font color = 'blue'> .</font></B>  -Testing
<B><font color = 'blue'> .</font></B>  -Absent
<B><font color = 'blue'> .</font></B>  -Absent
<B><font color = 'blue'> .</font></B>  -Absent
<B><font color = 'blue'> .</font></B>  -Absent
<B><font color = 'blue'> .</font></B>  -Absent
<B><font color = 'blue'> .</font></B>  -Absent
<B><font color = 'blue'> .</font></B>  -Absent
<B><font color = 'blue'> .</font></B>  -Absent
<B><font color = 'blue'> .</font></B>  -Absent
<B><font color = 'blue'> .</font></B>  -Absent
<B><font color = 'blue'> .</font></B>  -Absent
<B><font color = 'blue'> .</font></B>  -Abhishe tt 
<B><font color = 'blue'> .</font></B>  -ab@ab.com
<B><font color = 'blue'> .</font></B>  -GKD567
<B><font color = 'blue'> .</font></B>  -2022-10-19
<B><font color = 'blue'> .</font></B>  -Absent
<B><font color = 'blue'> .</font></B>  -Absent
<B><font color = 'blue'> .</font></B>  -undefined
<B><font color = 'blue'> .</font></B>  -Bangalore
<B><font color = 'blue'> .</font></B>  -Testing
<B><font color = 'blue'> .</font></B>  -Absent
<B><font color = 'blue'> .</font></B>  -Absent
<B><font color = 'blue'> .</font></B>  -Absent
<B><font color = 'blue'> .</font></B>  -Absent
<B><font color = 'blue'> .</font></B>  -Absent
<B><font color = 'blue'> .</font></B>  -Absent
<B><font color = 'blue'> .</font></B>  -Absent
<B><font color = 'blue'> .</font></B>  -Absent
<B><font color = 'blue'> .</font></B>  -Absent
<B><font color = 'blue'> .</font></B>  -Absent
<B><font color = 'blue'> .</font></B>  -Absent
<B><font color = 'blue'> .</font></B>  -test nonadmin 
<B><font color = 'blue'> .</font></B>  -testnonadmin@gmail.com
<B><font color = 'blue'> .</font></B>  -GLB026
<B><font color = 'blue'> .</font></B>  -2022-10-19
<B><font color = 'blue'> .</font></B>  -Absent
<B><font color = 'blue'> .</font></B>  -Absent
<B><font color = 'blue'> .</font></B>  -undefined
<B><font color = 'blue'> .</font></B>  -Bangalore
<B><font color = 'blue'> .</font></B>  -Php
<B><font color = 'blue'> .</font></B>  -Absent
<B><font color = 'blue'> .</font></B>  -Absent
<B><font color = 'blue'> .</font></B>  -Absent
<B><font color = 'blue'> .</font></B>  -Absent
<B><font color = 'blue'> .</font></B>  -Absent
<B><font color = 'blue'> .</font></B>  -Absent
<B><font color = 'blue'> .</font></B>  -Absent
<B><font color = 'blue'> .</font></B>  -Absent
<B><font color = 'blue'> .</font></B>  -Absent
<B><font color = 'blue'> .</font></B>  -Absent
<B><font color = 'blue'> .</font></B>  -Absent
<B><font color = 'blue'> .</font></B>  -adg ckj 
<B><font color = 'blue'> .</font></B>  -adcs@1234
<B><font color = 'blue'> .</font></B>  -583
<B><font color = 'blue'> .</font></B>  -2022-10-19
<B><font color = 'blue'> .</font></B>  -Absent
<B><font color = 'blue'> .</font></B>  -Absent
<B><font color = 'blue'> .</font></B>  -undefined
<B><font color = 'blue'> .</font></B>  -Bangalore
<B><font color = 'blue'> .</font></B>  -Testing
<B><font color = 'blue'> .</font></B>  -Absent
<B><font color = 'blue'> .</font></B>  -Absent
<B><font color = 'blue'> .</font></B>  -Absent
<B><font color = 'blue'> .</font></B>  -Absent
<B><font color = 'blue'> .</font></B>  -Absent
<B><font color = 'blue'> .</font></B>  -Absent
<B><font color = 'blue'> .</font></B>  -Absent
<B><font color = 'blue'> .</font></B>  -Absent
<B><font color = 'blue'> .</font></B>  -Absent
<B><font color = 'blue'> .</font></B>  -Absent
<B><font color = 'blue'> .</font></B>  -Absent
<B><font color = 'blue'> .</font></B>  -dominic toretto 
<B><font color = 'blue'> .</font></B>  -dom.toretto737@gmail.com
<B><font color = 'blue'> .</font></B>  -EMP011
<B><font color = 'blue'> .</font></B>  -2022-10-19
<B><font color = 'blue'> .</font></B>  -Absent
<B><font color = 'blue'> .</font></B>  -Absent
<B><font color = 'blue'> .</font></B>  -undefined
<B><font color = 'blue'> .</font></B>  -Bangalore
<B><font color = 'blue'> .</font></B>  -Testing
<B><font color = 'blue'> .</font></B>  -Absent
<B><font color = 'blue'> .</font></B>  -Absent
<B><font color = 'blue'> .</font></B>  -Absent
<B><font color = 'blue'> .</font></B>  -Absent
<B><font color = 'blue'> .</font></B>  -Absent
<B><font color = 'blue'> .</font></B>  -Absent
<B><font color = 'blue'> .</font></B>  -Absent
<B><font color = 'blue'> .</font></B>  -Absent
<B><font color = 'blue'> .</font></B>  -Absent
<B><font color = 'blue'> .</font></B>  -Absent
<B><font color = 'blue'> .</font></B>  -Absent
<B><font color = 'blue'> .</font></B>  -Abhishek Test 
<B><font color = 'blue'> .</font></B>  -abhishektrest@glb.in
<B><font color = 'blue'> .</font></B>  -rN7tvEiDPGNi4fD
<B><font color = 'blue'> .</font></B>  -2022-10-19
<B><font color = 'blue'> .</font></B>  -Absent
<B><font color = 'blue'> .</font></B>  -Absent
<B><font color = 'blue'> .</font></B>  -undefined
<B><font color = 'blue'> .</font></B>  -Bangalore
<B><font color = 'blue'> .</font></B>  -Php
<B><font color = 'blue'> .</font></B>  -Absent
<B><font color = 'blue'> .</font></B>  -Absent
<B><font color = 'blue'> .</font></B>  -Absent
<B><font color = 'blue'> .</font></B>  -Absent
<B><font color = 'blue'> .</font></B>  -Absent
<B><font color = 'blue'> .</font></B>  -Absent
<B><font color = 'blue'> .</font></B>  -Absent
<B><font color = 'blue'> .</font></B>  -Absent
<B><font color = 'blue'> .</font></B>  -Absent
<B><font color = 'blue'> .</font></B>  -Absent
<B><font color = 'blue'> .</font></B>  -Absent
<B><font color = 'blue'> .</font></B>  -Superior Test one 
<B><font color = 'blue'> .</font></B>  -superiorone@gmail.com
<B><font color = 'blue'> .</font></B>  -twoqw
<B><font color = 'blue'> .</font></B>  -2022-10-19
<B><font color = 'blue'> .</font></B>  -Absent
<B><font color = 'blue'> .</font></B>  -Absent
<B><font color = 'blue'> .</font></B>  -undefined
<B><font color = 'blue'> .</font></B>  -Bangalore
<B><font color = 'blue'> .</font></B>  -Testing
<B><font color = 'blue'> .</font></B>  -Absent
<B><font color = 'blue'> .</font></B>  -Absent
<B><font color = 'blue'> .</font></B>  -Absent
<B><font color = 'blue'> .</font></B>  -Absent
<B><font color = 'blue'> .</font></B>  -Absent
<B><font color = 'blue'> .</font></B>  -Absent
<B><font color = 'blue'> .</font></B>  -Absent
<B><font color = 'blue'> .</font></B>  -Absent
<B><font color = 'blue'> .</font></B>  -Absent
<B><font color = 'blue'> .</font></B>  -Absent
<B><font color = 'blue'> .</font></B>  -Absent
<B><font color = 'blue'> .</font></B>  -test testw 
<B><font color = 'blue'> .</font></B>  -test@mac.in
<B><font color = 'blue'> .</font></B>  -aaf123
<B><font color = 'blue'> .</font></B>  -2022-10-19
<B><font color = 'blue'> .</font></B>  -Absent
<B><font color = 'blue'> .</font></B>  -Absent
<B><font color = 'blue'> .</font></B>  -undefined
<B><font color = 'blue'> .</font></B>  -Bangalore
<B><font color = 'blue'> .</font></B>  -Php
<B><font color = 'blue'> .</font></B>  -Absent
<B><font color = 'blue'> .</font></B>  -Absent
<B><font color = 'blue'> .</font></B>  -Absent
<B><font color = 'blue'> .</font></B>  -Absent
<B><font color = 'blue'> .</font></B>  -Absent
<B><font color = 'blue'> .</font></B>  -Absent
<B><font color = 'blue'> .</font></B>  -Absent
<B><font color = 'blue'> .</font></B>  -Absent
<B><font color = 'blue'> .</font></B>  -Absent
<B><font color = 'blue'> .</font></B>  -Absent
<B><font color = 'blue'> .</font></B>  -Absent
<B><font color = 'blue'> .</font></B>  -sam eer 
<B><font color = 'blue'> .</font></B>  -sam@rf.in
<B><font color = 'blue'> .</font></B>  -WSAERT2Q34E
<B><font color = 'blue'> .</font></B>  -2022-10-19
<B><font color = 'blue'> .</font></B>  -Absent
<B><font color = 'blue'> .</font></B>  -Absent
<B><font color = 'blue'> .</font></B>  -undefined
<B><font color = 'blue'> .</font></B>  -Bangalore
<B><font color = 'blue'> .</font></B>  -Testing
<B><font color = 'blue'> .</font></B>  -Absent
<B><font color = 'blue'> .</font></B>  -Absent
<B><font color = 'blue'> .</font></B>  -Absent
<B><font color = 'blue'> .</font></B>  -Absent
<B><font color = 'blue'> .</font></B>  -Absent
<B><font color = 'blue'> .</font></B>  -Absent
<B><font color = 'blue'> .</font></B>  -Absent
<B><font color = 'blue'> .</font></B>  -Absent
<B><font color = 'blue'> .</font></B>  -Absent
<B><font color = 'blue'> .</font></B>  -Absent
<B><font color = 'blue'> .</font></B>  -Absent
<B><font color = 'blue'> .</font></B>  -Test test 
<B><font color = 'blue'> .</font></B>  -sarikajain@gmail.com
<B><font color = 'blue'> .</font></B>  -E-101
<B><font color = 'blue'> .</font></B>  -2022-10-19
<B><font color = 'blue'> .</font></B>  -Absent
<B><font color = 'blue'> .</font></B>  -Absent
<B><font color = 'blue'> .</font></B>  -undefined
<B><font color = 'blue'> .</font></B>  -Bangalore
<B><font color = 'blue'> .</font></B>  -Testing
<B><font color = 'blue'> .</font></B>  -Absent
<B><font color = 'blue'> .</font></B>  -Absent
<B><font color = 'blue'> .</font></B>  -Absent
<B><font color = 'blue'> .</font></B>  -Absent
<B><font color = 'blue'> .</font></B>  -Absent
<B><font color = 'blue'> .</font></B>  -Absent
<B><font color = 'blue'> .</font></B>  -Absent
<B><font color = 'blue'> .</font></B>  -Absent
<B><font color = 'blue'> .</font></B>  -Absent
<B><font color = 'blue'> .</font></B>  -Absent
<B><font color = 'blue'> .</font></B>  -Absent
<B><font color = 'blue'> .</font></B>  -sithu kalluru 
<B><font color = 'blue'> .</font></B>  -sitaramireddy@globussoft.in
<B><font color = 'blue'> .</font></B>  -code12
<B><font color = 'blue'> .</font></B>  -2022-10-19
<B><font color = 'blue'> .</font></B>  -Absent
<B><font color = 'blue'> .</font></B>  -Absent
<B><font color = 'blue'> .</font></B>  -undefined
<B><font color = 'blue'> .</font></B>  -Bangalore
<B><font color = 'blue'> .</font></B>  -Testing
<B><font color = 'blue'> .</font></B>  -Absent
<B><font color = 'blue'> .</font></B>  -Absent
<B><font color = 'blue'> .</font></B>  -Absent
<B><font color = 'blue'> .</font></B>  -Absent
<B><font color = 'blue'> .</font></B>  -Absent
<B><font color = 'blue'> .</font></B>  -Absent
<B><font color = 'blue'> .</font></B>  -Absent
<B><font color = 'blue'> .</font></B>  -Absent
<B><font color = 'blue'> .</font></B>  -Absent
<B><font color = 'blue'> .</font></B>  -Absent
<B><font color = 'blue'> .</font></B>  -Absent
<B><font color = 'blue'> .</font></B>  -test123 abcd 
<B><font color = 'blue'> .</font></B>  -s@gmail.com
<B><font color = 'blue'> .</font></B>  -code123z
<B><font color = 'blue'> .</font></B>  -2022-10-19
<B><font color = 'blue'> .</font></B>  -Absent
<B><font color = 'blue'> .</font></B>  -Absent
<B><font color = 'blue'> .</font></B>  -undefined
<B><font color = 'blue'> .</font></B>  -Bangalore
<B><font color = 'blue'> .</font></B>  -Testing
<B><font color = 'blue'> .</font></B>  -Absent
<B><font color = 'blue'> .</font></B>  -Absent
<B><font color = 'blue'> .</font></B>  -Absent
<B><font color = 'blue'> .</font></B>  -Absent
<B><font color = 'blue'> .</font></B>  -Absent
<B><font color = 'blue'> .</font></B>  -Absent
<B><font color = 'blue'> .</font></B>  -Absent
<B><font color = 'blue'> .</font></B>  -Absent
<B><font color = 'blue'> .</font></B>  -Absent
<B><font color = 'blue'> .</font></B>  -Absent
<B><font color = 'blue'> .</font></B>  -Absent
<B><font color = 'blue'> .</font></B>  -testing test 
<B><font color = 'blue'> .</font></B>  -aarshajoyson1601@gmail.com
<B><font color = 'blue'> .</font></B>  -glb0008
<B><font color = 'blue'> .</font></B>  -2022-10-19
<B><font color = 'blue'> .</font></B>  -Absent
<B><font color = 'blue'> .</font></B>  -Absent
<B><font color = 'blue'> .</font></B>  -undefined
<B><font color = 'blue'> .</font></B>  -Bangalore
<B><font color = 'blue'> .</font></B>  -Php
<B><font color = 'blue'> .</font></B>  -Absent
<B><font color = 'blue'> .</font></B>  -Absent
<B><font color = 'blue'> .</font></B>  -Absent
<B><font color = 'blue'> .</font></B>  -Absent
<B><font color = 'blue'> .</font></B>  -Absent
<B><font color = 'blue'> .</font></B>  -Absent
<B><font color = 'blue'> .</font></B>  -Absent
<B><font color = 'blue'> .</font></B>  -Absent
<B><font color = 'blue'> .</font></B>  -Absent
<B><font color = 'blue'> .</font></B>  -Absent
<B><font color = 'blue'> .</font></B>  -Absent
<B><font color = 'blue'> .</font></B>  -Automation CodeeeAuto 
<B><font color = 'blue'> .</font></B>  -skabcdef7@gmail.com
<B><font color = 'blue'> .</font></B>  -Emp-Abzcde-1234522
<B><font color = 'blue'> .</font></B>  -2022-10-19
<B><font color = 'blue'> .</font></B>  -Absent
<B><font color = 'blue'> .</font></B>  -Absent
<B><font color = 'blue'> .</font></B>  -undefined
<B><font color = 'blue'> .</font></B>  -Bangalore
<B><font color = 'blue'> .</font></B>  -Testing
<B><font color = 'blue'> .</font></B>  -Absent
<B><font color = 'blue'> .</font></B>  -Absent
<B><font color = 'blue'> .</font></B>  -Absent
<B><font color = 'blue'> .</font></B>  -Absent
<B><font color = 'blue'> .</font></B>  -Absent
<B><font color = 'blue'> .</font></B>  -Absent
<B><font color = 'blue'> .</font></B>  -Absent
<B><font color = 'blue'> .</font></B>  -Absent
<B><font color = 'blue'> .</font></B>  -Absent
<B><font color = 'blue'> .</font></B>  -Absent
<B><font color = 'blue'> .</font></B>  -Absent
<B><font color = 'blue'> .</font></B>  -piyush dfgsfg 
<B><font color = 'blue'> .</font></B>  -jos@gmail.com
<B><font color = 'blue'> .</font></B>  -sdgff
<B><font color = 'blue'> .</font></B>  -2022-10-19
<B><font color = 'blue'> .</font></B>  -Absent
<B><font color = 'blue'> .</font></B>  -Absent
<B><font color = 'blue'> .</font></B>  -undefined
<B><font color = 'blue'> .</font></B>  -Bangalore
<B><font color = 'blue'> .</font></B>  -Testing
<B><font color = 'blue'> .</font></B>  -Absent
<B><font color = 'blue'> .</font></B>  -Absent
<B><font color = 'blue'> .</font></B>  -Absent
<B><font color = 'blue'> .</font></B>  -Absent
<B><font color = 'blue'> .</font></B>  -Absent
<B><font color = 'blue'> .</font></B>  -Absent
<B><font color = 'blue'> .</font></B>  -Absent
<B><font color = 'blue'> .</font></B>  -Absent
<B><font color = 'blue'> .</font></B>  -Absent
<B><font color = 'blue'> .</font></B>  -Absent
<B><font color = 'blue'> .</font></B>  -Absent
<B><font color = 'blue'> .</font></B>  -Aryan raj 
<B><font color = 'blue'> .</font></B>  -alex@gmail.com
<B><font color = 'blue'> .</font></B>  -126
<B><font color = 'blue'> .</font></B>  -2022-10-19
<B><font color = 'blue'> .</font></B>  -Absent
<B><font color = 'blue'> .</font></B>  -Absent
<B><font color = 'blue'> .</font></B>  -undefined
<B><font color = 'blue'> .</font></B>  -Bangalore
<B><font color = 'blue'> .</font></B>  -Testing
<B><font color = 'blue'> .</font></B>  -Absent
<B><font color = 'blue'> .</font></B>  -Absent
<B><font color = 'blue'> .</font></B>  -Absent
<B><font color = 'blue'> .</font></B>  -Absent
<B><font color = 'blue'> .</font></B>  -Absent
<B><font color = 'blue'> .</font></B>  -Absent
<B><font color = 'blue'> .</font></B>  -Absent
<B><font color = 'blue'> .</font></B>  -Absent
<B><font color = 'blue'> .</font></B>  -Absent
<B><font color = 'blue'> .</font></B>  -Absent
<B><font color = 'blue'> .</font></B>  -Absent
<B><font color = 'blue'> .</font></B>  -Automation CodeeeAuto 
<B><font color = 'blue'> .</font></B>  -skabcdef38@gmail.com
<B><font color = 'blue'> .</font></B>  -Emp-Abzcde-123457
<B><font color = 'blue'> .</font></B>  -2022-10-19
<B><font color = 'blue'> .</font></B>  -Absent
<B><font color = 'blue'> .</font></B>  -Absent
<B><font color = 'blue'> .</font></B>  -undefined
<B><font color = 'blue'> .</font></B>  -Bangalore
<B><font color = 'blue'> .</font></B>  -Testing
<B><font color = 'blue'> .</font></B>  -Absent
<B><font color = 'blue'> .</font></B>  -Absent
<B><font color = 'blue'> .</font></B>  -Absent
<B><font color = 'blue'> .</font></B>  -Absent
<B><font color = 'blue'> .</font></B>  -Absent
<B><font color = 'blue'> .</font></B>  -Absent
<B><font color = 'blue'> .</font></B>  -Absent
<B><font color = 'blue'> .</font></B>  -Absent
<B><font color = 'blue'> .</font></B>  -Absent
<B><font color = 'blue'> .</font></B>  -Absent
<B><font color = 'blue'> .</font></B>  -Absent
<B><font color = 'blue'> .</font></B>  -Automation CodeeeAuto 
<B><font color = 'blue'> .</font></B>  -skabcdef33@gmail.com
<B><font color = 'blue'> .</font></B>  -Emp-Abzcde-1234557
<B><font color = 'blue'> .</font></B>  -2022-10-19
<B><font color = 'blue'> .</font></B>  -Absent
<B><font color = 'blue'> .</font></B>  -Absent
<B><font color = 'blue'> .</font></B>  -undefined
<B><font color = 'blue'> .</font></B>  -Bangalore
<B><font color = 'blue'> .</font></B>  -Testing
<B><font color = 'blue'> .</font></B>  -Absent
<B><font color = 'blue'> .</font></B>  -Absent
<B><font color = 'blue'> .</font></B>  -Absent
<B><font color = 'blue'> .</font></B>  -Absent
<B><font color = 'blue'> .</font></B>  -Absent
<B><font color = 'blue'> .</font></B>  -Absent
<B><font color = 'blue'> .</font></B>  -Absent
<B><font color = 'blue'> .</font></B>  -Absent
<B><font color = 'blue'> .</font></B>  -Absent
<B><font color = 'blue'> .</font></B>  -Absent
<B><font color = 'blue'> .</font></B>  -Absent
<B><font color = 'blue'> .</font></B>  -D Surya Prabhakar 
<B><font color = 'blue'> .</font></B>  -surya1@gmail.com
<B><font color = 'blue'> .</font></B>  -EM010
<B><font color = 'blue'> .</font></B>  -2022-10-19
<B><font color = 'blue'> .</font></B>  -Absent
<B><font color = 'blue'> .</font></B>  -Absent
<B><font color = 'blue'> .</font></B>  -undefined
<B><font color = 'blue'> .</font></B>  -bengaluru
<B><font color = 'blue'> .</font></B>  -Testing
<B><font color = 'blue'> .</font></B>  -Absent
<B><font color = 'blue'> .</font></B>  -Absent
<B><font color = 'blue'> .</font></B>  -Absent
<B><font color = 'blue'> .</font></B>  -Absent
<B><font color = 'blue'> .</font></B>  -Absent
<B><font color = 'blue'> .</font></B>  -Absent
<B><font color = 'blue'> .</font></B>  -Absent
<B><font color = 'blue'> .</font></B>  -Absent
<B><font color = 'blue'> .</font></B>  -Absent
<B><font color = 'blue'> .</font></B>  -Absent
<B><font color = 'blue'> .</font></B>  -Absent
<B><font color = 'blue'> .</font></B>  -ni test 
<B><font color = 'blue'> .</font></B>  -nitest12@gmail.com
<B><font color = 'blue'> .</font></B>  -GLB678
<B><font color = 'blue'> .</font></B>  -2022-10-19
<B><font color = 'blue'> .</font></B>  -Absent
<B><font color = 'blue'> .</font></B>  -Absent
<B><font color = 'blue'> .</font></B>  -undefined
<B><font color = 'blue'> .</font></B>  -bengaluru
<B><font color = 'blue'> .</font></B>  -Testing
<B><font color = 'blue'> .</font></B>  -Absent
<B><font color = 'blue'> .</font></B>  -Absent
<B><font color = 'blue'> .</font></B>  -Absent
<B><font color = 'blue'> .</font></B>  -Absent
<B><font color = 'blue'> .</font></B>  -Absent
<B><font color = 'blue'> .</font></B>  -Absent
<B><font color = 'blue'> .</font></B>  -Absent
<B><font color = 'blue'> .</font></B>  -Absent
<B><font color = 'blue'> .</font></B>  -Absent
<B><font color = 'blue'> .</font></B>  -Absent
<B><font color = 'blue'> .</font></B>  -Absent
<B><font color = 'blue'> .</font></B>  -one test 
<B><font color = 'blue'> .</font></B>  -testone1234@gmail.com
<B><font color = 'blue'> .</font></B>  -0110
<B><font color = 'blue'> .</font></B>  -2022-10-19
<B><font color = 'blue'> .</font></B>  -Absent
<B><font color = 'blue'> .</font></B>  -Absent
<B><font color = 'blue'> .</font></B>  -undefined
<B><font color = 'blue'> .</font></B>  -bengaluru
<B><font color = 'blue'> .</font></B>  -Testing
<B><font color = 'blue'> .</font></B>  -Absent
<B><font color = 'blue'> .</font></B>  -Absent
<B><font color = 'blue'> .</font></B>  -Absent
<B><font color = 'blue'> .</font></B>  -Absent
<B><font color = 'blue'> .</font></B>  -Absent
<B><font color = 'blue'> .</font></B>  -Absent
<B><font color = 'blue'> .</font></B>  -Absent
<B><font color = 'blue'> .</font></B>  -Absent
<B><font color = 'blue'> .</font></B>  -Absent
<B><font color = 'blue'> .</font></B>  -Absent
<B><font color = 'blue'> .</font></B>  -Absent
<B><font color = 'blue'> .</font></B>  -GLB-BLR-010-PC - GLB-BLR-010 
<B><font color = 'blue'> .</font></B>  -abcd@yuksdgus
<B><font color = 'blue'> .</font></B>  -GLB-BLR-010
<B><font color = 'blue'> .</font></B>  -2022-10-19
<B><font color = 'blue'> .</font></B>  -Absent
<B><font color = 'blue'> .</font></B>  -Absent
<B><font color = 'blue'> .</font></B>  -undefined
<B><font color = 'blue'> .</font></B>  -bengaluru
<B><font color = 'blue'> .</font></B>  -Testing
<B><font color = 'blue'> .</font></B>  -Absent
<B><font color = 'blue'> .</font></B>  -Absent
<B><font color = 'blue'> .</font></B>  -Absent
<B><font color = 'blue'> .</font></B>  -Absent
<B><font color = 'blue'> .</font></B>  -Absent
<B><font color = 'blue'> .</font></B>  -Absent
<B><font color = 'blue'> .</font></B>  -Absent
<B><font color = 'blue'> .</font></B>  -Absent
<B><font color = 'blue'> .</font></B>  -Absent
<B><font color = 'blue'> .</font></B>  -Absent
<B><font color = 'blue'> .</font></B>  -Absent
<B><font color = 'blue'> .</font></B>  -surya kk 
<B><font color = 'blue'> .</font></B>  -123@gmail.com
<B><font color = 'blue'> .</font></B>  -mmmmm
<B><font color = 'blue'> .</font></B>  -2022-10-19
<B><font color = 'blue'> .</font></B>  -Absent
<B><font color = 'blue'> .</font></B>  -Absent
<B><font color = 'blue'> .</font></B>  -undefined
<B><font color = 'blue'> .</font></B>  -Tamilnadu
<B><font color = 'blue'> .</font></B>  -Test and Dev
<B><font color = 'blue'> .</font></B>  -Absent
<B><font color = 'blue'> .</font></B>  -Absent
<B><font color = 'blue'> .</font></B>  -Absent
<B><font color = 'blue'> .</font></B>  -Absent
<B><font color = 'blue'> .</font></B>  -Absent
<B><font color = 'blue'> .</font></B>  -Absent
<B><font color = 'blue'> .</font></B>  -Absent
<B><font color = 'blue'> .</font></B>  -Absent
<B><font color = 'blue'> .</font></B>  -Absent
<B><font color = 'blue'> .</font></B>  -Absent
<B><font color = 'blue'> .</font></B>  -Absent
<B><font color = 'blue'> .</font></B>  -sai kk 
<B><font color = 'blue'> .</font></B>  -saikk19876@gmail.com
<B><font color = 'blue'> .</font></B>  -20221019
<B><font color = 'blue'> .</font></B>  -2022-10-19
<B><font color = 'blue'> .</font></B>  -Absent
<B><font color = 'blue'> .</font></B>  -Absent
<B><font color = 'blue'> .</font></B>  -undefined
<B><font color = 'blue'> .</font></B>  -Tamilnadu
<B><font color = 'blue'> .</font></B>  -Test and Dev
<B><font color = 'blue'> .</font></B>  -Absent
<B><font color = 'blue'> .</font></B>  -Absent
<B><font color = 'blue'> .</font></B>  -Absent
<B><font color = 'blue'> .</font></B>  -Absent
<B><font color = 'blue'> .</font></B>  -Absent
<B><font color = 'blue'> .</font></B>  -Absent
<B><font color = 'blue'> .</font></B>  -Absent
<B><font color = 'blue'> .</font></B>  -Absent
<B><font color = 'blue'> .</font></B>  -Absent
<B><font color = 'blue'> .</font></B>  -Absent
<B><font color = 'blue'> .</font></B>  -Absent
<B><font color = 'blue'> .</font></B>  -ajeethemp test 
<B><font color = 'blue'> .</font></B>  -ajeethemp@gmail.com
<B><font color = 'blue'> .</font></B>  -A01
<B><font color = 'blue'> .</font></B>  -2022-10-19
<B><font color = 'blue'> .</font></B>  -Absent
<B><font color = 'blue'> .</font></B>  -Absent
<B><font color = 'blue'> .</font></B>  -undefined
<B><font color = 'blue'> .</font></B>  -Tamilnadu
<B><font color = 'blue'> .</font></B>  -Test and Dev
<B><font color = 'blue'> .</font></B>  -Absent
<B><font color = 'blue'> .</font></B>  -Absent
<B><font color = 'blue'> .</font></B>  -Absent
<B><font color = 'blue'> .</font></B>  -Absent
<B><font color = 'blue'> .</font></B>  -Absent
<B><font color = 'blue'> .</font></B>  -Absent
<B><font color = 'blue'> .</font></B>  -Absent
<B><font color = 'blue'> .</font></B>  -Absent
<B><font color = 'blue'> .</font></B>  -Absent
<B><font color = 'blue'> .</font></B>  -Absent
<B><font color = 'blue'> .</font></B>  -Absent
<B><font color = 'blue'> .</font></B>  -test user two 
<B><font color = 'blue'> .</font></B>  -testuser@two.io
<B><font color = 'blue'> .</font></B>  -GSLL-327
<B><font color = 'blue'> .</font></B>  -2022-10-19
<B><font color = 'blue'> .</font></B>  -Absent
<B><font color = 'blue'> .</font></B>  -Absent
<B><font color = 'blue'> .</font></B>  -undefined
<B><font color = 'blue'> .</font></B>  -Tamilnadu
<B><font color = 'blue'> .</font></B>  -Test and Dev
<B><font color = 'blue'> .</font></B>  -Absent
<B><font color = 'blue'> .</font></B>  -Absent
<B><font color = 'blue'> .</font></B>  -Absent
<B><font color = 'blue'> .</font></B>  -Absent
<B><font color = 'blue'> .</font></B>  -Absent
<B><font color = 'blue'> .</font></B>  -Absent
<B><font color = 'blue'> .</font></B>  -Absent
<B><font color = 'blue'> .</font></B>  -Absent
<B><font color = 'blue'> .</font></B>  -Absent
<B><font color = 'blue'> .</font></B>  -Absent
<B><font color = 'blue'> .</font></B>  -Absent
<B><font color = 'blue'> .</font></B>  -dxgfdxg gssdg 
<B><font color = 'blue'> .</font></B>  -sdgsg@dgksodkg.in
<B><font color = 'blue'> .</font></B>  -asfda343443
<B><font color = 'blue'> .</font></B>  -2022-10-19
<B><font color = 'blue'> .</font></B>  -Absent
<B><font color = 'blue'> .</font></B>  -Absent
<B><font color = 'blue'> .</font></B>  -undefined
<B><font color = 'blue'> .</font></B>  -Bhilai
<B><font color = 'blue'> .</font></B>  -Php
<B><font color = 'blue'> .</font></B>  -Absent
<B><font color = 'blue'> .</font></B>  -Absent
<B><font color = 'blue'> .</font></B>  -Absent
<B><font color = 'blue'> .</font></B>  -Absent
<B><font color = 'blue'> .</font></B>  -Absent
<B><font color = 'blue'> .</font></B>  -Absent
<B><font color = 'blue'> .</font></B>  -Absent
<B><font color = 'blue'> .</font></B>  -Absent
<B><font color = 'blue'> .</font></B>  -Absent
<B><font color = 'blue'> .</font></B>  -Absent
<B><font color = 'blue'> .</font></B>  -Absent
<B><font color = 'blue'> .</font></B>  -Guest User 
<B><font color = 'blue'> .</font></B>  -guestuser@gmail.com
<B><font color = 'blue'> .</font></B>  -GLB-777
<B><font color = 'blue'> .</font></B>  -2022-10-19
<B><font color = 'blue'> .</font></B>  -Absent
<B><font color = 'blue'> .</font></B>  -Absent
<B><font color = 'blue'> .</font></B>  -undefined
<B><font color = 'blue'> .</font></B>  -Bhilai
<B><font color = 'blue'> .</font></B>  -Php
<B><font color = 'blue'> .</font></B>  -Absent
<B><font color = 'blue'> .</font></B>  -Absent
<B><font color = 'blue'> .</font></B>  -Absent
<B><font color = 'blue'> .</font></B>  -Absent
<B><font color = 'blue'> .</font></B>  -Absent
<B><font color = 'blue'> .</font></B>  -Absent
<B><font color = 'blue'> .</font></B>  -Absent
<B><font color = 'blue'> .</font></B>  -Absent
<B><font color = 'blue'> .</font></B>  -Absent
<B><font color = 'blue'> .</font></B>  -Absent
<B><font color = 'blue'> .</font></B>  -Absent
<B><font color = 'blue'> .</font></B>  -sumesh test 
<B><font color = 'blue'> .</font></B>  -sumesh@mail.com
<B><font color = 'blue'> .</font></B>  -fdgfdgf
<B><font color = 'blue'> .</font></B>  -2022-10-18
<B><font color = 'blue'> .</font></B>  -18-10-2022 15:15:19
<B><font color = 'blue'> .</font></B>  -18-10-2022 16:12:19
<B><font color = 'blue'> .</font></B>  -GLB-124-PC
<B><font color = 'blue'> .</font></B>  -Bangalore
<B><font color = 'blue'> .</font></B>  -Testing
<B><font color = 'blue'> .</font></B>  -00:57:00
<B><font color = 'blue'> .</font></B>  -00:00:00
<B><font color = 'blue'> .</font></B>  -00:00:00
<B><font color = 'blue'> .</font></B>  -00:00:00
<B><font color = 'blue'> .</font></B>  -00:00:00
<B><font color = 'blue'> .</font></B>  -00:00:00
<B><font color = 'blue'> .</font></B>  -00:00:00
<B><font color = 'blue'> .</font></B>  -00:57:00
<B><font color = 'blue'> .</font></B>  -0.00%
<B><font color = 'blue'> .</font></B>  --480:00
<B><font color = 'blue'> .</font></B>  -0.00
<B><font color = 'blue'> .</font></B>  -Himanshu Kumar 
<B><font color = 'blue'> .</font></B>  -himanshu1@gmail.com
<B><font color = 'blue'> .</font></B>  -EM011
<B><font color = 'blue'> .</font></B>  -2022-10-18
<B><font color = 'blue'> .</font></B>  -18-10-2022 19:37:31
<B><font color = 'blue'> .</font></B>  -19-10-2022 00:00:00
<B><font color = 'blue'> .</font></B>  -GLB-181
<B><font color = 'blue'> .</font></B>  -bagalkot
<B><font color = 'blue'> .</font></B>  -manual testing
<B><font color = 'blue'> .</font></B>  -04:22:29
<B><font color = 'blue'> .</font></B>  -00:00:00
<B><font color = 'blue'> .</font></B>  -00:00:00
<B><font color = 'blue'> .</font></B>  -00:00:00
<B><font color = 'blue'> .</font></B>  -00:00:00
<B><font color = 'blue'> .</font></B>  -00:00:00
<B><font color = 'blue'> .</font></B>  -00:00:00
<B><font color = 'blue'> .</font></B>  -04:22:29
<B><font color = 'blue'> .</font></B>  -0.00%
<B><font color = 'blue'> .</font></B>  --480:00
<B><font color = 'blue'> .</font></B>  -0.00
<B><font color = 'blue'> .</font></B>  -Virat kohli 
<B><font color = 'blue'> .</font></B>  -rahukbgdxgsf@gmail.com
<B><font color = 'blue'> .</font></B>  -65332
<B><font color = 'blue'> .</font></B>  -2022-10-18
<B><font color = 'blue'> .</font></B>  -Absent
<B><font color = 'blue'> .</font></B>  -Absent
<B><font color = 'blue'> .</font></B>  -undefined
<B><font color = 'blue'> .</font></B>  -Default
<B><font color = 'blue'> .</font></B>  -Default
<B><font color = 'blue'> .</font></B>  -Absent
<B><font color = 'blue'> .</font></B>  -Absent
<B><font color = 'blue'> .</font></B>  -Absent
<B><font color = 'blue'> .</font></B>  -Absent
<B><font color = 'blue'> .</font></B>  -Absent
<B><font color = 'blue'> .</font></B>  -Absent
<B><font color = 'blue'> .</font></B>  -Absent
<B><font color = 'blue'> .</font></B>  -Absent
<B><font color = 'blue'> .</font></B>  -Absent
<B><font color = 'blue'> .</font></B>  -Absent
<B><font color = 'blue'> .</font></B>  -Absent
<B><font color = 'blue'> .</font></B>  -sadas kadkasdj 
<B><font color = 'blue'> .</font></B>  -dsa@eqe
<B><font color = 'blue'> .</font></B>  -emp129666
<B><font color = 'blue'> .</font></B>  -2022-10-18
<B><font color = 'blue'> .</font></B>  -Absent
<B><font color = 'blue'> .</font></B>  -Absent
<B><font color = 'blue'> .</font></B>  -undefined
<B><font color = 'blue'> .</font></B>  -Default
<B><font color = 'blue'> .</font></B>  -Default
<B><font color = 'blue'> .</font></B>  -Absent
<B><font color = 'blue'> .</font></B>  -Absent
<B><font color = 'blue'> .</font></B>  -Absent
<B><font color = 'blue'> .</font></B>  -Absent
<B><font color = 'blue'> .</font></B>  -Absent
<B><font color = 'blue'> .</font></B>  -Absent
<B><font color = 'blue'> .</font></B>  -Absent
<B><font color = 'blue'> .</font></B>  -Absent
<B><font color = 'blue'> .</font></B>  -Absent
<B><font color = 'blue'> .</font></B>  -Absent
<B><font color = 'blue'> .</font></B>  -Absent
<B><font color = 'blue'> .</font></B>  -New Test 
<B><font color = 'blue'> .</font></B>  -newtest@gmail.com
<B><font color = 'blue'> .</font></B>  -ewer334443
<B><font color = 'blue'> .</font></B>  -2022-10-18
<B><font color = 'blue'> .</font></B>  -Absent
<B><font color = 'blue'> .</font></B>  -Absent
<B><font color = 'blue'> .</font></B>  -undefined
<B><font color = 'blue'> .</font></B>  -Default
<B><font color = 'blue'> .</font></B>  -Default
<B><font color = 'blue'> .</font></B>  -Absent
<B><font color = 'blue'> .</font></B>  -Absent
<B><font color = 'blue'> .</font></B>  -Absent
<B><font color = 'blue'> .</font></B>  -Absent
<B><font color = 'blue'> .</font></B>  -Absent
<B><font color = 'blue'> .</font></B>  -Absent
<B><font color = 'blue'> .</font></B>  -Absent
<B><font color = 'blue'> .</font></B>  -Absent
<B><font color = 'blue'> .</font></B>  -Absent
<B><font color = 'blue'> .</font></B>  -Absent
<B><font color = 'blue'> .</font></B>  -Absent
<B><font color = 'blue'> .</font></B>  -dshcdb uidsbf 
<B><font color = 'blue'> .</font></B>  -dvbvdb@yahoo.com
<B><font color = 'blue'> .</font></B>  -435454
<B><font color = 'blue'> .</font></B>  -2022-10-18
<B><font color = 'blue'> .</font></B>  -Absent
<B><font color = 'blue'> .</font></B>  -Absent
<B><font color = 'blue'> .</font></B>  -undefined
<B><font color = 'blue'> .</font></B>  -Default
<B><font color = 'blue'> .</font></B>  -Default
<B><font color = 'blue'> .</font></B>  -Absent
<B><font color = 'blue'> .</font></B>  -Absent
<B><font color = 'blue'> .</font></B>  -Absent
<B><font color = 'blue'> .</font></B>  -Absent
<B><font color = 'blue'> .</font></B>  -Absent
<B><font color = 'blue'> .</font></B>  -Absent
<B><font color = 'blue'> .</font></B>  -Absent
<B><font color = 'blue'> .</font></B>  -Absent
<B><font color = 'blue'> .</font></B>  -Absent
<B><font color = 'blue'> .</font></B>  -Absent
<B><font color = 'blue'> .</font></B>  -Absent
<B><font color = 'blue'> .</font></B>  -try last 
<B><font color = 'blue'> .</font></B>  -try@gmail.com
<B><font color = 'blue'> .</font></B>  -1225455
<B><font color = 'blue'> .</font></B>  -2022-10-18
<B><font color = 'blue'> .</font></B>  -Absent
<B><font color = 'blue'> .</font></B>  -Absent
<B><font color = 'blue'> .</font></B>  -undefined
<B><font color = 'blue'> .</font></B>  -Default
<B><font color = 'blue'> .</font></B>  -Default
<B><font color = 'blue'> .</font></B>  -Absent
<B><font color = 'blue'> .</font></B>  -Absent
<B><font color = 'blue'> .</font></B>  -Absent
<B><font color = 'blue'> .</font></B>  -Absent
<B><font color = 'blue'> .</font></B>  -Absent
<B><font color = 'blue'> .</font></B>  -Absent
<B><font color = 'blue'> .</font></B>  -Absent
<B><font color = 'blue'> .</font></B>  -Absent
<B><font color = 'blue'> .</font></B>  -Absent
<B><font color = 'blue'> .</font></B>  -Absent
<B><font color = 'blue'> .</font></B>  -Absent
<B><font color = 'blue'> .</font></B>  -vdjvdb yusvdvbbh 
<B><font color = 'blue'> .</font></B>  -dvhbfdh@gmail.com
<B><font color = 'blue'> .</font></B>  -wq534342
<B><font color = 'blue'> .</font></B>  -2022-10-18
<B><font color = 'blue'> .</font></B>  -Absent
<B><font color = 'blue'> .</font></B>  -Absent
<B><font color = 'blue'> .</font></B>  -undefined
<B><font color = 'blue'> .</font></B>  -Default
<B><font color = 'blue'> .</font></B>  -Default
<B><font color = 'blue'> .</font></B>  -Absent
<B><font color = 'blue'> .</font></B>  -Absent
<B><font color = 'blue'> .</font></B>  -Absent
<B><font color = 'blue'> .</font></B>  -Absent
<B><font color = 'blue'> .</font></B>  -Absent
<B><font color = 'blue'> .</font></B>  -Absent
<B><font color = 'blue'> .</font></B>  -Absent
<B><font color = 'blue'> .</font></B>  -Absent
<B><font color = 'blue'> .</font></B>  -Absent
<B><font color = 'blue'> .</font></B>  -Absent
<B><font color = 'blue'> .</font></B>  -Absent
<B><font color = 'blue'> .</font></B>  -Mail Test user 
<B><font color = 'blue'> .</font></B>  -maintest@user.io
<B><font color = 'blue'> .</font></B>  -GLB-1223888
<B><font color = 'blue'> .</font></B>  -2022-10-18
<B><font color = 'blue'> .</font></B>  -Absent
<B><font color = 'blue'> .</font></B>  -Absent
<B><font color = 'blue'> .</font></B>  -undefined
<B><font color = 'blue'> .</font></B>  -Default
<B><font color = 'blue'> .</font></B>  -Default
<B><font color = 'blue'> .</font></B>  -Absent
<B><font color = 'blue'> .</font></B>  -Absent
<B><font color = 'blue'> .</font></B>  -Absent
<B><font color = 'blue'> .</font></B>  -Absent
<B><font color = 'blue'> .</font></B>  -Absent
<B><font color = 'blue'> .</font></B>  -Absent
<B><font color = 'blue'> .</font></B>  -Absent
<B><font color = 'blue'> .</font></B>  -Absent
<B><font color = 'blue'> .</font></B>  -Absent
<B><font color = 'blue'> .</font></B>  -Absent
<B><font color = 'blue'> .</font></B>  -Absent
<B><font color = 'blue'> .</font></B>  -Update Check 
<B><font color = 'blue'> .</font></B>  -updates@gmail.com
<B><font color = 'blue'> .</font></B>  -emp543
<B><font color = 'blue'> .</font></B>  -2022-10-18
<B><font color = 'blue'> .</font></B>  -Absent
<B><font color = 'blue'> .</font></B>  -Absent
<B><font color = 'blue'> .</font></B>  -undefined
<B><font color = 'blue'> .</font></B>  -Default
<B><font color = 'blue'> .</font></B>  -Default
<B><font color = 'blue'> .</font></B>  -Absent
<B><font color = 'blue'> .</font></B>  -Absent
<B><font color = 'blue'> .</font></B>  -Absent
<B><font color = 'blue'> .</font></B>  -Absent
<B><font color = 'blue'> .</font></B>  -Absent
<B><font color = 'blue'> .</font></B>  -Absent
<B><font color = 'blue'> .</font></B>  -Absent
<B><font color = 'blue'> .</font></B>  -Absent
<B><font color = 'blue'> .</font></B>  -Absent
<B><font color = 'blue'> .</font></B>  -Absent
<B><font color = 'blue'> .</font></B>  -Absent
<B><font color = 'blue'> .</font></B>  -test manager 
<B><font color = 'blue'> .</font></B>  -manageremp@gmail.com
<B><font color = 'blue'> .</font></B>  -glb020
<B><font color = 'blue'> .</font></B>  -2022-10-18
<B><font color = 'blue'> .</font></B>  -Absent
<B><font color = 'blue'> .</font></B>  -Absent
<B><font color = 'blue'> .</font></B>  -undefined
<B><font color = 'blue'> .</font></B>  -Default
<B><font color = 'blue'> .</font></B>  -Default
<B><font color = 'blue'> .</font></B>  -Absent
<B><font color = 'blue'> .</font></B>  -Absent
<B><font color = 'blue'> .</font></B>  -Absent
<B><font color = 'blue'> .</font></B>  -Absent
<B><font color = 'blue'> .</font></B>  -Absent
<B><font color = 'blue'> .</font></B>  -Absent
<B><font color = 'blue'> .</font></B>  -Absent
<B><font color = 'blue'> .</font></B>  -Absent
<B><font color = 'blue'> .</font></B>  -Absent
<B><font color = 'blue'> .</font></B>  -Absent
<B><font color = 'blue'> .</font></B>  -Absent
<B><font color = 'blue'> .</font></B>  -DESKTOP-PJJHB19 - GLB-BLR-002OjUpRD2 
<B><font color = 'blue'> .</font></B>  --
<B><font color = 'blue'> .</font></B>  -GLB-BLR-002OjUpRD2
<B><font color = 'blue'> .</font></B>  -2022-10-18
<B><font color = 'blue'> .</font></B>  -Absent
<B><font color = 'blue'> .</font></B>  -Absent
<B><font color = 'blue'> .</font></B>  -undefined
<B><font color = 'blue'> .</font></B>  -Default
<B><font color = 'blue'> .</font></B>  -Default
<B><font color = 'blue'> .</font></B>  -Absent
<B><font color = 'blue'> .</font></B>  -Absent
<B><font color = 'blue'> .</font></B>  -Absent
<B><font color = 'blue'> .</font></B>  -Absent
<B><font color = 'blue'> .</font></B>  -Absent
<B><font color = 'blue'> .</font></B>  -Absent
<B><font color = 'blue'> .</font></B>  -Absent
<B><font color = 'blue'> .</font></B>  -Absent
<B><font color = 'blue'> .</font></B>  -Absent
<B><font color = 'blue'> .</font></B>  -Absent
<B><font color = 'blue'> .</font></B>  -Absent
<B><font color = 'blue'> .</font></B>  -Usb Test 
<B><font color = 'blue'> .</font></B>  -usbtest123@gmail.com
<B><font color = 'blue'> .</font></B>  -emp0097
<B><font color = 'blue'> .</font></B>  -2022-10-18
<B><font color = 'blue'> .</font></B>  -Absent
<B><font color = 'blue'> .</font></B>  -Absent
<B><font color = 'blue'> .</font></B>  -undefined
<B><font color = 'blue'> .</font></B>  -Default
<B><font color = 'blue'> .</font></B>  -Default
<B><font color = 'blue'> .</font></B>  -Absent
<B><font color = 'blue'> .</font></B>  -Absent
<B><font color = 'blue'> .</font></B>  -Absent
<B><font color = 'blue'> .</font></B>  -Absent
<B><font color = 'blue'> .</font></B>  -Absent
<B><font color = 'blue'> .</font></B>  -Absent
<B><font color = 'blue'> .</font></B>  -Absent
<B><font color = 'blue'> .</font></B>  -Absent
<B><font color = 'blue'> .</font></B>  -Absent
<B><font color = 'blue'> .</font></B>  -Absent
<B><font color = 'blue'> .</font></B>  -Absent
<B><font color = 'blue'> .</font></B>  -SS Keystrokes 
<B><font color = 'blue'> .</font></B>  -sskey@gmail.com
<B><font color = 'blue'> .</font></B>  -emp98y
<B><font color = 'blue'> .</font></B>  -2022-10-18
<B><font color = 'blue'> .</font></B>  -Absent
<B><font color = 'blue'> .</font></B>  -Absent
<B><font color = 'blue'> .</font></B>  -undefined
<B><font color = 'blue'> .</font></B>  -Default
<B><font color = 'blue'> .</font></B>  -Default
<B><font color = 'blue'> .</font></B>  -Absent
<B><font color = 'blue'> .</font></B>  -Absent
<B><font color = 'blue'> .</font></B>  -Absent
<B><font color = 'blue'> .</font></B>  -Absent
<B><font color = 'blue'> .</font></B>  -Absent
<B><font color = 'blue'> .</font></B>  -Absent
<B><font color = 'blue'> .</font></B>  -Absent
<B><font color = 'blue'> .</font></B>  -Absent
<B><font color = 'blue'> .</font></B>  -Absent
<B><font color = 'blue'> .</font></B>  -Absent
<B><font color = 'blue'> .</font></B>  -Absent
<B><font color = 'blue'> .</font></B>  -shivammmmmmmmmmmmmmmmmmmm Kumar 
<B><font color = 'blue'> .</font></B>  -kgfyash545@gmail.com
<B><font color = 'blue'> .</font></B>  -hsakhdjk414
<B><font color = 'blue'> .</font></B>  -2022-10-18
<B><font color = 'blue'> .</font></B>  -Absent
<B><font color = 'blue'> .</font></B>  -Absent
<B><font color = 'blue'> .</font></B>  -undefined
<B><font color = 'blue'> .</font></B>  -Default
<B><font color = 'blue'> .</font></B>  -Default
<B><font color = 'blue'> .</font></B>  -Absent
<B><font color = 'blue'> .</font></B>  -Absent
<B><font color = 'blue'> .</font></B>  -Absent
<B><font color = 'blue'> .</font></B>  -Absent
<B><font color = 'blue'> .</font></B>  -Absent
<B><font color = 'blue'> .</font></B>  -Absent
<B><font color = 'blue'> .</font></B>  -Absent
<B><font color = 'blue'> .</font></B>  -Absent
<B><font color = 'blue'> .</font></B>  -Absent
<B><font color = 'blue'> .</font></B>  -Absent
<B><font color = 'blue'> .</font></B>  -Absent
<B><font color = 'blue'> .</font></B>  -Abhishek Four tf test 
<B><font color = 'blue'> .</font></B>  -abhishekfourtf@mail.com
<B><font color = 'blue'> .</font></B>  -HLIKSJ98
<B><font color = 'blue'> .</font></B>  -2022-10-18
<B><font color = 'blue'> .</font></B>  -Absent
<B><font color = 'blue'> .</font></B>  -Absent
<B><font color = 'blue'> .</font></B>  -undefined
<B><font color = 'blue'> .</font></B>  -Default
<B><font color = 'blue'> .</font></B>  -Default
<B><font color = 'blue'> .</font></B>  -Absent
<B><font color = 'blue'> .</font></B>  -Absent
<B><font color = 'blue'> .</font></B>  -Absent
<B><font color = 'blue'> .</font></B>  -Absent
<B><font color = 'blue'> .</font></B>  -Absent
<B><font color = 'blue'> .</font></B>  -Absent
<B><font color = 'blue'> .</font></B>  -Absent
<B><font color = 'blue'> .</font></B>  -Absent
<B><font color = 'blue'> .</font></B>  -Absent
<B><font color = 'blue'> .</font></B>  -Absent
<B><font color = 'blue'> .</font></B>  -Absent
<B><font color = 'blue'> .</font></B>  -new dev user 
<B><font color = 'blue'> .</font></B>  -new@dev.user
<B><font color = 'blue'> .</font></B>  -fdfsfsd
<B><font color = 'blue'> .</font></B>  -2022-10-18
<B><font color = 'blue'> .</font></B>  -Absent
<B><font color = 'blue'> .</font></B>  -Absent
<B><font color = 'blue'> .</font></B>  -undefined
<B><font color = 'blue'> .</font></B>  -Default
<B><font color = 'blue'> .</font></B>  -Default
<B><font color = 'blue'> .</font></B>  -Absent
<B><font color = 'blue'> .</font></B>  -Absent
<B><font color = 'blue'> .</font></B>  -Absent
<B><font color = 'blue'> .</font></B>  -Absent
<B><font color = 'blue'> .</font></B>  -Absent
<B><font color = 'blue'> .</font></B>  -Absent
<B><font color = 'blue'> .</font></B>  -Absent
<B><font color = 'blue'> .</font></B>  -Absent
<B><font color = 'blue'> .</font></B>  -Absent
<B><font color = 'blue'> .</font></B>  -Absent
<B><font color = 'blue'> .</font></B>  -Absent
<B><font color = 'blue'> .</font></B>  -aaaaaaaaaa aaaaaaaaa 
<B><font color = 'blue'> .</font></B>  -mmmm@gmail.com
<B><font color = 'blue'> .</font></B>  -80765s
<B><font color = 'blue'> .</font></B>  -2022-10-18
<B><font color = 'blue'> .</font></B>  -Absent
<B><font color = 'blue'> .</font></B>  -Absent
<B><font color = 'blue'> .</font></B>  -undefined
<B><font color = 'blue'> .</font></B>  -Bangalore
<B><font color = 'blue'> .</font></B>  -Testing
<B><font color = 'blue'> .</font></B>  -Absent
<B><font color = 'blue'> .</font></B>  -Absent
<B><font color = 'blue'> .</font></B>  -Absent
<B><font color = 'blue'> .</font></B>  -Absent
<B><font color = 'blue'> .</font></B>  -Absent
<B><font color = 'blue'> .</font></B>  -Absent
<B><font color = 'blue'> .</font></B>  -Absent
<B><font color = 'blue'> .</font></B>  -Absent
<B><font color = 'blue'> .</font></B>  -Absent
<B><font color = 'blue'> .</font></B>  -Absent
<B><font color = 'blue'> .</font></B>  -Absent
<B><font color = 'blue'> .</font></B>  -Test msc 
<B><font color = 'blue'> .</font></B>  -test123@gmail.com
<B><font color = 'blue'> .</font></B>  -12254
<B><font color = 'blue'> .</font></B>  -2022-10-18
<B><font color = 'blue'> .</font></B>  -Absent
<B><font color = 'blue'> .</font></B>  -Absent
<B><font color = 'blue'> .</font></B>  -undefined
<B><font color = 'blue'> .</font></B>  -Bangalore
<B><font color = 'blue'> .</font></B>  -Testing
<B><font color = 'blue'> .</font></B>  -Absent
<B><font color = 'blue'> .</font></B>  -Absent
<B><font color = 'blue'> .</font></B>  -Absent
<B><font color = 'blue'> .</font></B>  -Absent
<B><font color = 'blue'> .</font></B>  -Absent
<B><font color = 'blue'> .</font></B>  -Absent
<B><font color = 'blue'> .</font></B>  -Absent
<B><font color = 'blue'> .</font></B>  -Absent
<B><font color = 'blue'> .</font></B>  -Absent
<B><font color = 'blue'> .</font></B>  -Absent
<B><font color = 'blue'> .</font></B>  -Absent
<B><font color = 'blue'> .</font></B>  -deffdfds vscsc 
<B><font color = 'blue'> .</font></B>  -cscsdw123@gmail.com
<B><font color = 'blue'> .</font></B>  -1234512
<B><font color = 'blue'> .</font></B>  -2022-10-18
<B><font color = 'blue'> .</font></B>  -Absent
<B><font color = 'blue'> .</font></B>  -Absent
<B><font color = 'blue'> .</font></B>  -undefined
<B><font color = 'blue'> .</font></B>  -Bangalore
<B><font color = 'blue'> .</font></B>  -Testing
<B><font color = 'blue'> .</font></B>  -Absent
<B><font color = 'blue'> .</font></B>  -Absent
<B><font color = 'blue'> .</font></B>  -Absent
<B><font color = 'blue'> .</font></B>  -Absent
<B><font color = 'blue'> .</font></B>  -Absent
<B><font color = 'blue'> .</font></B>  -Absent
<B><font color = 'blue'> .</font></B>  -Absent
<B><font color = 'blue'> .</font></B>  -Absent
<B><font color = 'blue'> .</font></B>  -Absent
<B><font color = 'blue'> .</font></B>  -Absent
<B><font color = 'blue'> .</font></B>  -Absent
<B><font color = 'blue'> .</font></B>  -test testtt 
<B><font color = 'blue'> .</font></B>  -abcd@gmail.com
<B><font color = 'blue'> .</font></B>  -GLB55
<B><font color = 'blue'> .</font></B>  -2022-10-18
<B><font color = 'blue'> .</font></B>  -Absent
<B><font color = 'blue'> .</font></B>  -Absent
<B><font color = 'blue'> .</font></B>  -undefined
<B><font color = 'blue'> .</font></B>  -Bangalore
<B><font color = 'blue'> .</font></B>  -Testing
<B><font color = 'blue'> .</font></B>  -Absent
<B><font color = 'blue'> .</font></B>  -Absent
<B><font color = 'blue'> .</font></B>  -Absent
<B><font color = 'blue'> .</font></B>  -Absent
<B><font color = 'blue'> .</font></B>  -Absent
<B><font color = 'blue'> .</font></B>  -Absent
<B><font color = 'blue'> .</font></B>  -Absent
<B><font color = 'blue'> .</font></B>  -Absent
<B><font color = 'blue'> .</font></B>  -Absent
<B><font color = 'blue'> .</font></B>  -Absent
<B><font color = 'blue'> .</font></B>  -Absent
<B><font color = 'blue'> .</font></B>  -Abhishe tt 
<B><font color = 'blue'> .</font></B>  -ab@ab.com
<B><font color = 'blue'> .</font></B>  -GKD567
<B><font color = 'blue'> .</font></B>  -2022-10-18
<B><font color = 'blue'> .</font></B>  -Absent
<B><font color = 'blue'> .</font></B>  -Absent
<B><font color = 'blue'> .</font></B>  -undefined
<B><font color = 'blue'> .</font></B>  -Bangalore
<B><font color = 'blue'> .</font></B>  -Testing
<B><font color = 'blue'> .</font></B>  -Absent
<B><font color = 'blue'> .</font></B>  -Absent
<B><font color = 'blue'> .</font></B>  -Absent
<B><font color = 'blue'> .</font></B>  -Absent
<B><font color = 'blue'> .</font></B>  -Absent
<B><font color = 'blue'> .</font></B>  -Absent
<B><font color = 'blue'> .</font></B>  -Absent
<B><font color = 'blue'> .</font></B>  -Absent
<B><font color = 'blue'> .</font></B>  -Absent
<B><font color = 'blue'> .</font></B>  -Absent
<B><font color = 'blue'> .</font></B>  -Absent
<B><font color = 'blue'> .</font></B>  -test nonadmin 
<B><font color = 'blue'> .</font></B>  -testnonadmin@gmail.com
<B><font color = 'blue'> .</font></B>  -GLB026
<B><font color = 'blue'> .</font></B>  -2022-10-18
<B><font color = 'blue'> .</font></B>  -Absent
<B><font color = 'blue'> .</font></B>  -Absent
<B><font color = 'blue'> .</font></B>  -undefined
<B><font color = 'blue'> .</font></B>  -Bangalore
<B><font color = 'blue'> .</font></B>  -Php
<B><font color = 'blue'> .</font></B>  -Absent
<B><font color = 'blue'> .</font></B>  -Absent
<B><font color = 'blue'> .</font></B>  -Absent
<B><font color = 'blue'> .</font></B>  -Absent
<B><font color = 'blue'> .</font></B>  -Absent
<B><font color = 'blue'> .</font></B>  -Absent
<B><font color = 'blue'> .</font></B>  -Absent
<B><font color = 'blue'> .</font></B>  -Absent
<B><font color = 'blue'> .</font></B>  -Absent
<B><font color = 'blue'> .</font></B>  -Absent
<B><font color = 'blue'> .</font></B>  -Absent
<B><font color = 'blue'> .</font></B>  -adg ckj 
<B><font color = 'blue'> .</font></B>  -adcs@1234
<B><font color = 'blue'> .</font></B>  -583
<B><font color = 'blue'> .</font></B>  -2022-10-18
<B><font color = 'blue'> .</font></B>  -Absent
<B><font color = 'blue'> .</font></B>  -Absent
<B><font color = 'blue'> .</font></B>  -undefined
<B><font color = 'blue'> .</font></B>  -Bangalore
<B><font color = 'blue'> .</font></B>  -Testing
<B><font color = 'blue'> .</font></B>  -Absent
<B><font color = 'blue'> .</font></B>  -Absent
<B><font color = 'blue'> .</font></B>  -Absent
<B><font color = 'blue'> .</font></B>  -Absent
<B><font color = 'blue'> .</font></B>  -Absent
<B><font color = 'blue'> .</font></B>  -Absent
<B><font color = 'blue'> .</font></B>  -Absent
<B><font color = 'blue'> .</font></B>  -Absent
<B><font color = 'blue'> .</font></B>  -Absent
<B><font color = 'blue'> .</font></B>  -Absent
<B><font color = 'blue'> .</font></B>  -Absent
<B><font color = 'blue'> .</font></B>  -dominic toretto 
<B><font color = 'blue'> .</font></B>  -dom.toretto737@gmail.com
<B><font color = 'blue'> .</font></B>  -EMP011
<B><font color = 'blue'> .</font></B>  -2022-10-18
<B><font color = 'blue'> .</font></B>  -Absent
<B><font color = 'blue'> .</font></B>  -Absent
<B><font color = 'blue'> .</font></B>  -undefined
<B><font color = 'blue'> .</font></B>  -Bangalore
<B><font color = 'blue'> .</font></B>  -Testing
<B><font color = 'blue'> .</font></B>  -Absent
<B><font color = 'blue'> .</font></B>  -Absent
<B><font color = 'blue'> .</font></B>  -Absent
<B><font color = 'blue'> .</font></B>  -Absent
<B><font color = 'blue'> .</font></B>  -Absent
<B><font color = 'blue'> .</font></B>  -Absent
<B><font color = 'blue'> .</font></B>  -Absent
<B><font color = 'blue'> .</font></B>  -Absent
<B><font color = 'blue'> .</font></B>  -Absent
<B><font color = 'blue'> .</font></B>  -Absent
<B><font color = 'blue'> .</font></B>  -Absent
<B><font color = 'blue'> .</font></B>  -Abhishek Test 
<B><font color = 'blue'> .</font></B>  -abhishektrest@glb.in
<B><font color = 'blue'> .</font></B>  -rN7tvEiDPGNi4fD
<B><font color = 'blue'> .</font></B>  -2022-10-18
<B><font color = 'blue'> .</font></B>  -Absent
<B><font color = 'blue'> .</font></B>  -Absent
<B><font color = 'blue'> .</font></B>  -undefined
<B><font color = 'blue'> .</font></B>  -Bangalore
<B><font color = 'blue'> .</font></B>  -Php
<B><font color = 'blue'> .</font></B>  -Absent
<B><font color = 'blue'> .</font></B>  -Absent
<B><font color = 'blue'> .</font></B>  -Absent
<B><font color = 'blue'> .</font></B>  -Absent
<B><font color = 'blue'> .</font></B>  -Absent
<B><font color = 'blue'> .</font></B>  -Absent
<B><font color = 'blue'> .</font></B>  -Absent
<B><font color = 'blue'> .</font></B>  -Absent
<B><font color = 'blue'> .</font></B>  -Absent
<B><font color = 'blue'> .</font></B>  -Absent
<B><font color = 'blue'> .</font></B>  -Absent
<B><font color = 'blue'> .</font></B>  -Superior Test one 
<B><font color = 'blue'> .</font></B>  -superiorone@gmail.com
<B><font color = 'blue'> .</font></B>  -twoqw
<B><font color = 'blue'> .</font></B>  -2022-10-18
<B><font color = 'blue'> .</font></B>  -Absent
<B><font color = 'blue'> .</font></B>  -Absent
<B><font color = 'blue'> .</font></B>  -undefined
<B><font color = 'blue'> .</font></B>  -Bangalore
<B><font color = 'blue'> .</font></B>  -Testing
<B><font color = 'blue'> .</font></B>  -Absent
<B><font color = 'blue'> .</font></B>  -Absent
<B><font color = 'blue'> .</font></B>  -Absent
<B><font color = 'blue'> .</font></B>  -Absent
<B><font color = 'blue'> .</font></B>  -Absent
<B><font color = 'blue'> .</font></B>  -Absent
<B><font color = 'blue'> .</font></B>  -Absent
<B><font color = 'blue'> .</font></B>  -Absent
<B><font color = 'blue'> .</font></B>  -Absent
<B><font color = 'blue'> .</font></B>  -Absent
<B><font color = 'blue'> .</font></B>  -Absent
<B><font color = 'blue'> .</font></B>  -test testw 
<B><font color = 'blue'> .</font></B>  -test@mac.in
<B><font color = 'blue'> .</font></B>  -aaf123
<B><font color = 'blue'> .</font></B>  -2022-10-18
<B><font color = 'blue'> .</font></B>  -Absent
<B><font color = 'blue'> .</font></B>  -Absent
<B><font color = 'blue'> .</font></B>  -undefined
<B><font color = 'blue'> .</font></B>  -Bangalore
<B><font color = 'blue'> .</font></B>  -Php
<B><font color = 'blue'> .</font></B>  -Absent
<B><font color = 'blue'> .</font></B>  -Absent
<B><font color = 'blue'> .</font></B>  -Absent
<B><font color = 'blue'> .</font></B>  -Absent
<B><font color = 'blue'> .</font></B>  -Absent
<B><font color = 'blue'> .</font></B>  -Absent
<B><font color = 'blue'> .</font></B>  -Absent
<B><font color = 'blue'> .</font></B>  -Absent
<B><font color = 'blue'> .</font></B>  -Absent
<B><font color = 'blue'> .</font></B>  -Absent
<B><font color = 'blue'> .</font></B>  -Absent
<B><font color = 'blue'> .</font></B>  -sam eer 
<B><font color = 'blue'> .</font></B>  -sam@rf.in
<B><font color = 'blue'> .</font></B>  -WSAERT2Q34E
<B><font color = 'blue'> .</font></B>  -2022-10-18
<B><font color = 'blue'> .</font></B>  -Absent
<B><font color = 'blue'> .</font></B>  -Absent
<B><font color = 'blue'> .</font></B>  -undefined
<B><font color = 'blue'> .</font></B>  -Bangalore
<B><font color = 'blue'> .</font></B>  -Testing
<B><font color = 'blue'> .</font></B>  -Absent
<B><font color = 'blue'> .</font></B>  -Absent
<B><font color = 'blue'> .</font></B>  -Absent
<B><font color = 'blue'> .</font></B>  -Absent
<B><font color = 'blue'> .</font></B>  -Absent
<B><font color = 'blue'> .</font></B>  -Absent
<B><font color = 'blue'> .</font></B>  -Absent
<B><font color = 'blue'> .</font></B>  -Absent
<B><font color = 'blue'> .</font></B>  -Absent
<B><font color = 'blue'> .</font></B>  -Absent
<B><font color = 'blue'> .</font></B>  -Absent
<B><font color = 'blue'> .</font></B>  -Test test 
<B><font color = 'blue'> .</font></B>  -sarikajain@gmail.com
<B><font color = 'blue'> .</font></B>  -E-101
<B><font color = 'blue'> .</font></B>  -2022-10-18
<B><font color = 'blue'> .</font></B>  -Absent
<B><font color = 'blue'> .</font></B>  -Absent
<B><font color = 'blue'> .</font></B>  -undefined
<B><font color = 'blue'> .</font></B>  -Bangalore
<B><font color = 'blue'> .</font></B>  -Testing
<B><font color = 'blue'> .</font></B>  -Absent
<B><font color = 'blue'> .</font></B>  -Absent
<B><font color = 'blue'> .</font></B>  -Absent
<B><font color = 'blue'> .</font></B>  -Absent
<B><font color = 'blue'> .</font></B>  -Absent
<B><font color = 'blue'> .</font></B>  -Absent
<B><font color = 'blue'> .</font></B>  -Absent
<B><font color = 'blue'> .</font></B>  -Absent
<B><font color = 'blue'> .</font></B>  -Absent
<B><font color = 'blue'> .</font></B>  -Absent
<B><font color = 'blue'> .</font></B>  -Absent
<B><font color = 'blue'> .</font></B>  -sithu kalluru 
<B><font color = 'blue'> .</font></B>  -sitaramireddy@globussoft.in
<B><font color = 'blue'> .</font></B>  -code12
<B><font color = 'blue'> .</font></B>  -2022-10-18
<B><font color = 'blue'> .</font></B>  -Absent
<B><font color = 'blue'> .</font></B>  -Absent
<B><font color = 'blue'> .</font></B>  -undefined
<B><font color = 'blue'> .</font></B>  -Bangalore
<B><font color = 'blue'> .</font></B>  -Testing
<B><font color = 'blue'> .</font></B>  -Absent
<B><font color = 'blue'> .</font></B>  -Absent
<B><font color = 'blue'> .</font></B>  -Absent
<B><font color = 'blue'> .</font></B>  -Absent
<B><font color = 'blue'> .</font></B>  -Absent
<B><font color = 'blue'> .</font></B>  -Absent
<B><font color = 'blue'> .</font></B>  -Absent
<B><font color = 'blue'> .</font></B>  -Absent
<B><font color = 'blue'> .</font></B>  -Absent
<B><font color = 'blue'> .</font></B>  -Absent
<B><font color = 'blue'> .</font></B>  -Absent
<B><font color = 'blue'> .</font></B>  -test123 abcd 
<B><font color = 'blue'> .</font></B>  -s@gmail.com
<B><font color = 'blue'> .</font></B>  -code123z
<B><font color = 'blue'> .</font></B>  -2022-10-18
<B><font color = 'blue'> .</font></B>  -Absent
<B><font color = 'blue'> .</font></B>  -Absent
<B><font color = 'blue'> .</font></B>  -undefined
<B><font color = 'blue'> .</font></B>  -Bangalore
<B><font color = 'blue'> .</font></B>  -Testing
<B><font color = 'blue'> .</font></B>  -Absent
<B><font color = 'blue'> .</font></B>  -Absent
<B><font color = 'blue'> .</font></B>  -Absent
<B><font color = 'blue'> .</font></B>  -Absent
<B><font color = 'blue'> .</font></B>  -Absent
<B><font color = 'blue'> .</font></B>  -Absent
<B><font color = 'blue'> .</font></B>  -Absent
<B><font color = 'blue'> .</font></B>  -Absent
<B><font color = 'blue'> .</font></B>  -Absent
<B><font color = 'blue'> .</font></B>  -Absent
<B><font color = 'blue'> .</font></B>  -Absent
<B><font color = 'blue'> .</font></B>  -testing test 
<B><font color = 'blue'> .</font></B>  -aarshajoyson1601@gmail.com
<B><font color = 'blue'> .</font></B>  -glb0008
<B><font color = 'blue'> .</font></B>  -2022-10-18
<B><font color = 'blue'> .</font></B>  -Absent
<B><font color = 'blue'> .</font></B>  -Absent
<B><font color = 'blue'> .</font></B>  -undefined
<B><font color = 'blue'> .</font></B>  -Bangalore
<B><font color = 'blue'> .</font></B>  -Php
<B><font color = 'blue'> .</font></B>  -Absent
<B><font color = 'blue'> .</font></B>  -Absent
<B><font color = 'blue'> .</font></B>  -Absent
<B><font color = 'blue'> .</font></B>  -Absent
<B><font color = 'blue'> .</font></B>  -Absent
<B><font color = 'blue'> .</font></B>  -Absent
<B><font color = 'blue'> .</font></B>  -Absent
<B><font color = 'blue'> .</font></B>  -Absent
<B><font color = 'blue'> .</font></B>  -Absent
<B><font color = 'blue'> .</font></B>  -Absent
<B><font color = 'blue'> .</font></B>  -Absent
<B><font color = 'blue'> .</font></B>  -Automation CodeeeAuto 
<B><font color = 'blue'> .</font></B>  -skabcdef7@gmail.com
<B><font color = 'blue'> .</font></B>  -Emp-Abzcde-1234522
<B><font color = 'blue'> .</font></B>  -2022-10-18
<B><font color = 'blue'> .</font></B>  -Absent
<B><font color = 'blue'> .</font></B>  -Absent
<B><font color = 'blue'> .</font></B>  -undefined
<B><font color = 'blue'> .</font></B>  -Bangalore
<B><font color = 'blue'> .</font></B>  -Testing
<B><font color = 'blue'> .</font></B>  -Absent
<B><font color = 'blue'> .</font></B>  -Absent
<B><font color = 'blue'> .</font></B>  -Absent
<B><font color = 'blue'> .</font></B>  -Absent
<B><font color = 'blue'> .</font></B>  -Absent
<B><font color = 'blue'> .</font></B>  -Absent
<B><font color = 'blue'> .</font></B>  -Absent
<B><font color = 'blue'> .</font></B>  -Absent
<B><font color = 'blue'> .</font></B>  -Absent
<B><font color = 'blue'> .</font></B>  -Absent
<B><font color = 'blue'> .</font></B>  -Absent
<B><font color = 'blue'> .</font></B>  -piyush dfgsfg 
<B><font color = 'blue'> .</font></B>  -jos@gmail.com
<B><font color = 'blue'> .</font></B>  -sdgff
<B><font color = 'blue'> .</font></B>  -2022-10-18
<B><font color = 'blue'> .</font></B>  -Absent
<B><font color = 'blue'> .</font></B>  -Absent
<B><font color = 'blue'> .</font></B>  -undefined
<B><font color = 'blue'> .</font></B>  -Bangalore
<B><font color = 'blue'> .</font></B>  -Testing
<B><font color = 'blue'> .</font></B>  -Absent
<B><font color = 'blue'> .</font></B>  -Absent
<B><font color = 'blue'> .</font></B>  -Absent
<B><font color = 'blue'> .</font></B>  -Absent
<B><font color = 'blue'> .</font></B>  -Absent
<B><font color = 'blue'> .</font></B>  -Absent
<B><font color = 'blue'> .</font></B>  -Absent
<B><font color = 'blue'> .</font></B>  -Absent
<B><font color = 'blue'> .</font></B>  -Absent
<B><font color = 'blue'> .</font></B>  -Absent
<B><font color = 'blue'> .</font></B>  -Absent
<B><font color = 'blue'> .</font></B>  -Aryan raj 
<B><font color = 'blue'> .</font></B>  -alex@gmail.com
<B><font color = 'blue'> .</font></B>  -126
<B><font color = 'blue'> .</font></B>  -2022-10-18
<B><font color = 'blue'> .</font></B>  -Absent
<B><font color = 'blue'> .</font></B>  -Absent
<B><font color = 'blue'> .</font></B>  -undefined
<B><font color = 'blue'> .</font></B>  -Bangalore
<B><font color = 'blue'> .</font></B>  -Testing
<B><font color = 'blue'> .</font></B>  -Absent
<B><font color = 'blue'> .</font></B>  -Absent
<B><font color = 'blue'> .</font></B>  -Absent
<B><font color = 'blue'> .</font></B>  -Absent
<B><font color = 'blue'> .</font></B>  -Absent
<B><font color = 'blue'> .</font></B>  -Absent
<B><font color = 'blue'> .</font></B>  -Absent
<B><font color = 'blue'> .</font></B>  -Absent
<B><font color = 'blue'> .</font></B>  -Absent
<B><font color = 'blue'> .</font></B>  -Absent
<B><font color = 'blue'> .</font></B>  -Absent
<B><font color = 'blue'> .</font></B>  -Automation CodeeeAuto 
<B><font color = 'blue'> .</font></B>  -skabcdef38@gmail.com
<B><font color = 'blue'> .</font></B>  -Emp-Abzcde-123457
<B><font color = 'blue'> .</font></B>  -2022-10-18
<B><font color = 'blue'> .</font></B>  -Absent
<B><font color = 'blue'> .</font></B>  -Absent
<B><font color = 'blue'> .</font></B>  -undefined
<B><font color = 'blue'> .</font></B>  -Bangalore
<B><font color = 'blue'> .</font></B>  -Testing
<B><font color = 'blue'> .</font></B>  -Absent
<B><font color = 'blue'> .</font></B>  -Absent
<B><font color = 'blue'> .</font></B>  -Absent
<B><font color = 'blue'> .</font></B>  -Absent
<B><font color = 'blue'> .</font></B>  -Absent
<B><font color = 'blue'> .</font></B>  -Absent
<B><font color = 'blue'> .</font></B>  -Absent
<B><font color = 'blue'> .</font></B>  -Absent
<B><font color = 'blue'> .</font></B>  -Absent
<B><font color = 'blue'> .</font></B>  -Absent
<B><font color = 'blue'> .</font></B>  -Absent
<B><font color = 'blue'> .</font></B>  -Automation CodeeeAuto 
<B><font color = 'blue'> .</font></B>  -skabcdef33@gmail.com
<B><font color = 'blue'> .</font></B>  -Emp-Abzcde-1234557
<B><font color = 'blue'> .</font></B>  -2022-10-18
<B><font color = 'blue'> .</font></B>  -Absent
<B><font color = 'blue'> .</font></B>  -Absent
<B><font color = 'blue'> .</font></B>  -undefined
<B><font color = 'blue'> .</font></B>  -Bangalore
<B><font color = 'blue'> .</font></B>  -Testing
<B><font color = 'blue'> .</font></B>  -Absent
<B><font color = 'blue'> .</font></B>  -Absent
<B><font color = 'blue'> .</font></B>  -Absent
<B><font color = 'blue'> .</font></B>  -Absent
<B><font color = 'blue'> .</font></B>  -Absent
<B><font color = 'blue'> .</font></B>  -Absent
<B><font color = 'blue'> .</font></B>  -Absent
<B><font color = 'blue'> .</font></B>  -Absent
<B><font color = 'blue'> .</font></B>  -Absent
<B><font color = 'blue'> .</font></B>  -Absent
<B><font color = 'blue'> .</font></B>  -Absent
<B><font color = 'blue'> .</font></B>  -D Surya Prabhakar 
<B><font color = 'blue'> .</font></B>  -surya1@gmail.com
<B><font color = 'blue'> .</font></B>  -EM010
<B><font color = 'blue'> .</font></B>  -2022-10-18
<B><font color = 'blue'> .</font></B>  -Absent
<B><font color = 'blue'> .</font></B>  -Absent
<B><font color = 'blue'> .</font></B>  -undefined
<B><font color = 'blue'> .</font></B>  -bengaluru
<B><font color = 'blue'> .</font></B>  -Testing
<B><font color = 'blue'> .</font></B>  -Absent
<B><font color = 'blue'> .</font></B>  -Absent
<B><font color = 'blue'> .</font></B>  -Absent
<B><font color = 'blue'> .</font></B>  -Absent
<B><font color = 'blue'> .</font></B>  -Absent
<B><font color = 'blue'> .</font></B>  -Absent
<B><font color = 'blue'> .</font></B>  -Absent
<B><font color = 'blue'> .</font></B>  -Absent
<B><font color = 'blue'> .</font></B>  -Absent
<B><font color = 'blue'> .</font></B>  -Absent
<B><font color = 'blue'> .</font></B>  -Absent
<B><font color = 'blue'> .</font></B>  -R o       hit Sharma 
<B><font color = 'blue'> .</font></B>  -rahulrajt5613928@gmail.com
<B><font color = 'blue'> .</font></B>  -67645
<B><font color = 'blue'> .</font></B>  -2022-10-18
<B><font color = 'blue'> .</font></B>  -Absent
<B><font color = 'blue'> .</font></B>  -Absent
<B><font color = 'blue'> .</font></B>  -undefined
<B><font color = 'blue'> .</font></B>  -bengaluru
<B><font color = 'blue'> .</font></B>  -Testing
<B><font color = 'blue'> .</font></B>  -Absent
<B><font color = 'blue'> .</font></B>  -Absent
<B><font color = 'blue'> .</font></B>  -Absent
<B><font color = 'blue'> .</font></B>  -Absent
<B><font color = 'blue'> .</font></B>  -Absent
<B><font color = 'blue'> .</font></B>  -Absent
<B><font color = 'blue'> .</font></B>  -Absent
<B><font color = 'blue'> .</font></B>  -Absent
<B><font color = 'blue'> .</font></B>  -Absent
<B><font color = 'blue'> .</font></B>  -Absent
<B><font color = 'blue'> .</font></B>  -Absent
<B><font color = 'blue'> .</font></B>  -ni test 
<B><font color = 'blue'> .</font></B>  -nitest12@gmail.com
<B><font color = 'blue'> .</font></B>  -GLB678
<B><font color = 'blue'> .</font></B>  -2022-10-18
<B><font color = 'blue'> .</font></B>  -Absent
<B><font color = 'blue'> .</font></B>  -Absent
<B><font color = 'blue'> .</font></B>  -undefined
<B><font color = 'blue'> .</font></B>  -bengaluru
<B><font color = 'blue'> .</font></B>  -Testing
<B><font color = 'blue'> .</font></B>  -Absent
<B><font color = 'blue'> .</font></B>  -Absent
<B><font color = 'blue'> .</font></B>  -Absent
<B><font color = 'blue'> .</font></B>  -Absent
<B><font color = 'blue'> .</font></B>  -Absent
<B><font color = 'blue'> .</font></B>  -Absent
<B><font color = 'blue'> .</font></B>  -Absent
<B><font color = 'blue'> .</font></B>  -Absent
<B><font color = 'blue'> .</font></B>  -Absent
<B><font color = 'blue'> .</font></B>  -Absent
<B><font color = 'blue'> .</font></B>  -Absent
<B><font color = 'blue'> .</font></B>  -one test 
<B><font color = 'blue'> .</font></B>  -testone1234@gmail.com
<B><font color = 'blue'> .</font></B>  -0110
<B><font color = 'blue'> .</font></B>  -2022-10-18
<B><font color = 'blue'> .</font></B>  -Absent
<B><font color = 'blue'> .</font></B>  -Absent
<B><font color = 'blue'> .</font></B>  -undefined
<B><font color = 'blue'> .</font></B>  -bengaluru
<B><font color = 'blue'> .</font></B>  -Testing
<B><font color = 'blue'> .</font></B>  -Absent
<B><font color = 'blue'> .</font></B>  -Absent
<B><font color = 'blue'> .</font></B>  -Absent
<B><font color = 'blue'> .</font></B>  -Absent
<B><font color = 'blue'> .</font></B>  -Absent
<B><font color = 'blue'> .</font></B>  -Absent
<B><font color = 'blue'> .</font></B>  -Absent
<B><font color = 'blue'> .</font></B>  -Absent
<B><font color = 'blue'> .</font></B>  -Absent
<B><font color = 'blue'> .</font></B>  -Absent
<B><font color = 'blue'> .</font></B>  -Absent
<B><font color = 'blue'> .</font></B>  -GLB-BLR-010-PC - GLB-BLR-010 
<B><font color = 'blue'> .</font></B>  -abcd@yuksdgus
<B><font color = 'blue'> .</font></B>  -GLB-BLR-010
<B><font color = 'blue'> .</font></B>  -2022-10-18
<B><font color = 'blue'> .</font></B>  -Absent
<B><font color = 'blue'> .</font></B>  -Absent
<B><font color = 'blue'> .</font></B>  -undefined
<B><font color = 'blue'> .</font></B>  -bengaluru
<B><font color = 'blue'> .</font></B>  -Testing
<B><font color = 'blue'> .</font></B>  -Absent
<B><font color = 'blue'> .</font></B>  -Absent
<B><font color = 'blue'> .</font></B>  -Absent
<B><font color = 'blue'> .</font></B>  -Absent
<B><font color = 'blue'> .</font></B>  -Absent
<B><font color = 'blue'> .</font></B>  -Absent
<B><font color = 'blue'> .</font></B>  -Absent
<B><font color = 'blue'> .</font></B>  -Absent
<B><font color = 'blue'> .</font></B>  -Absent
<B><font color = 'blue'> .</font></B>  -Absent
<B><font color = 'blue'> .</font></B>  -Absent
<B><font color = 'blue'> .</font></B>  -surya kk 
<B><font color = 'blue'> .</font></B>  -123@gmail.com
<B><font color = 'blue'> .</font></B>  -mmmmm
<B><font color = 'blue'> .</font></B>  -2022-10-18
<B><font color = 'blue'> .</font></B>  -Absent
<B><font color = 'blue'> .</font></B>  -Absent
<B><font color = 'blue'> .</font></B>  -undefined
<B><font color = 'blue'> .</font></B>  -Tamilnadu
<B><font color = 'blue'> .</font></B>  -Test and Dev
<B><font color = 'blue'> .</font></B>  -Absent
<B><font color = 'blue'> .</font></B>  -Absent
<B><font color = 'blue'> .</font></B>  -Absent
<B><font color = 'blue'> .</font></B>  -Absent
<B><font color = 'blue'> .</font></B>  -Absent
<B><font color = 'blue'> .</font></B>  -Absent
<B><font color = 'blue'> .</font></B>  -Absent
<B><font color = 'blue'> .</font></B>  -Absent
<B><font color = 'blue'> .</font></B>  -Absent
<B><font color = 'blue'> .</font></B>  -Absent
<B><font color = 'blue'> .</font></B>  -Absent
<B><font color = 'blue'> .</font></B>  -sai kk 
<B><font color = 'blue'> .</font></B>  -saikk19876@gmail.com
<B><font color = 'blue'> .</font></B>  -20221019
<B><font color = 'blue'> .</font></B>  -2022-10-18
<B><font color = 'blue'> .</font></B>  -Absent
<B><font color = 'blue'> .</font></B>  -Absent
<B><font color = 'blue'> .</font></B>  -undefined
<B><font color = 'blue'> .</font></B>  -Tamilnadu
<B><font color = 'blue'> .</font></B>  -Test and Dev
<B><font color = 'blue'> .</font></B>  -Absent
<B><font color = 'blue'> .</font></B>  -Absent
<B><font color = 'blue'> .</font></B>  -Absent
<B><font color = 'blue'> .</font></B>  -Absent
<B><font color = 'blue'> .</font></B>  -Absent
<B><font color = 'blue'> .</font></B>  -Absent
<B><font color = 'blue'> .</font></B>  -Absent
<B><font color = 'blue'> .</font></B>  -Absent
<B><font color = 'blue'> .</font></B>  -Absent
<B><font color = 'blue'> .</font></B>  -Absent
<B><font color = 'blue'> .</font></B>  -Absent
<B><font color = 'blue'> .</font></B>  -ajeethemp test 
<B><font color = 'blue'> .</font></B>  -ajeethemp@gmail.com
<B><font color = 'blue'> .</font></B>  -A01
<B><font color = 'blue'> .</font></B>  -2022-10-18
<B><font color = 'blue'> .</font></B>  -Absent
<B><font color = 'blue'> .</font></B>  -Absent
<B><font color = 'blue'> .</font></B>  -undefined
<B><font color = 'blue'> .</font></B>  -Tamilnadu
<B><font color = 'blue'> .</font></B>  -Test and Dev
<B><font color = 'blue'> .</font></B>  -Absent
<B><font color = 'blue'> .</font></B>  -Absent
<B><font color = 'blue'> .</font></B>  -Absent
<B><font color = 'blue'> .</font></B>  -Absent
<B><font color = 'blue'> .</font></B>  -Absent
<B><font color = 'blue'> .</font></B>  -Absent
<B><font color = 'blue'> .</font></B>  -Absent
<B><font color = 'blue'> .</font></B>  -Absent
<B><font color = 'blue'> .</font></B>  -Absent
<B><font color = 'blue'> .</font></B>  -Absent
<B><font color = 'blue'> .</font></B>  -Absent
<B><font color = 'blue'> .</font></B>  -test user two 
<B><font color = 'blue'> .</font></B>  -testuser@two.io
<B><font color = 'blue'> .</font></B>  -GSLL-327
<B><font color = 'blue'> .</font></B>  -2022-10-18
<B><font color = 'blue'> .</font></B>  -Absent
<B><font color = 'blue'> .</font></B>  -Absent
<B><font color = 'blue'> .</font></B>  -undefined
<B><font color = 'blue'> .</font></B>  -Tamilnadu
<B><font color = 'blue'> .</font></B>  -Test and Dev
<B><font color = 'blue'> .</font></B>  -Absent
<B><font color = 'blue'> .</font></B>  -Absent
<B><font color = 'blue'> .</font></B>  -Absent
<B><font color = 'blue'> .</font></B>  -Absent
<B><font color = 'blue'> .</font></B>  -Absent
<B><font color = 'blue'> .</font></B>  -Absent
<B><font color = 'blue'> .</font></B>  -Absent
<B><font color = 'blue'> .</font></B>  -Absent
<B><font color = 'blue'> .</font></B>  -Absent
<B><font color = 'blue'> .</font></B>  -Absent
<B><font color = 'blue'> .</font></B>  -Absent
<B><font color = 'blue'> .</font></B>  -dxgfdxg gssdg 
<B><font color = 'blue'> .</font></B>  -sdgsg@dgksodkg.in
<B><font color = 'blue'> .</font></B>  -asfda343443
<B><font color = 'blue'> .</font></B>  -2022-10-18
<B><font color = 'blue'> .</font></B>  -Absent
<B><font color = 'blue'> .</font></B>  -Absent
<B><font color = 'blue'> .</font></B>  -undefined
<B><font color = 'blue'> .</font></B>  -Bhilai
<B><font color = 'blue'> .</font></B>  -Php
<B><font color = 'blue'> .</font></B>  -Absent
<B><font color = 'blue'> .</font></B>  -Absent
<B><font color = 'blue'> .</font></B>  -Absent
<B><font color = 'blue'> .</font></B>  -Absent
<B><font color = 'blue'> .</font></B>  -Absent
<B><font color = 'blue'> .</font></B>  -Absent
<B><font color = 'blue'> .</font></B>  -Absent
<B><font color = 'blue'> .</font></B>  -Absent
<B><font color = 'blue'> .</font></B>  -Absent
<B><font color = 'blue'> .</font></B>  -Absent
<B><font color = 'blue'> .</font></B>  -Absent
<B><font color = 'blue'> .</font></B>  -Guest User 
<B><font color = 'blue'> .</font></B>  -guestuser@gmail.com
<B><font color = 'blue'> .</font></B>  -GLB-777
<B><font color = 'blue'> .</font></B>  -2022-10-18
<B><font color = 'blue'> .</font></B>  -Absent
<B><font color = 'blue'> .</font></B>  -Absent
<B><font color = 'blue'> .</font></B>  -undefined
<B><font color = 'blue'> .</font></B>  -Bhilai
<B><font color = 'blue'> .</font></B>  -Php
<B><font color = 'blue'> .</font></B>  -Absent
<B><font color = 'blue'> .</font></B>  -Absent
<B><font color = 'blue'> .</font></B>  -Absent
<B><font color = 'blue'> .</font></B>  -Absent
<B><font color = 'blue'> .</font></B>  -Absent
<B><font color = 'blue'> .</font></B>  -Absent
<B><font color = 'blue'> .</font></B>  -Absent
<B><font color = 'blue'> .</font></B>  -Absent
<B><font color = 'blue'> .</font></B>  -Absent
<B><font color = 'blue'> .</font></B>  -Absent
<B><font color = 'blue'> .</font></B>  -Absent]]>
  </system-out>
</testsuite> <!-- com.emp.testcases.AssignedListTest -->
