<?xml version="1.0" encoding="UTF-8"?>
<!-- Generated by org.testng.reporters.JUnitReportReporter -->
<testsuite hostname="LAPTOP-GF0QQ927" failures="0" tests="1" name="com.emp.testcases.EmployeeNotificationTest" time="26.910" errors="0" timestamp="2022-11-17T12:31:25 IST" skipped="0">
  <testcase classname="com.emp.testcases.EmployeeNotificationTest" name="EmployeeNotificationTest" time="26.910"/>
  <system-out>
    <![CDATA[<B><font color = 'blue'>Step1.</font></B> clicked on Employee Module and  Employee Notification Sub-Module 
<B><font color = 'blue'>Step2 .</font></B> clicked on Location Drop-down and Selected Any Location 
<B><font color = 'blue'>Step3.</font></B> clicked on Department Drop-down and Selected Any Department
<B><font color = 'blue'>Step4.</font></B> clicked on Employee Drop-down  
<B><font color = 'blue'>Step5.</font></B> clicked on Selected Any Employee
<B><font color = 'blue'>Step6.</font></B> clicked on Calendar and Selected Day's
<B><font color = 'blue'>Step7.</font></B> clicked on Last-month
<B><font color = 'blue'>Step8.</font></B> clicked on CSV Button
<B><font color = 'blue'>Step9.</font></B> clicked on PDF Button]]>
  </system-out>
</testsuite> <!-- com.emp.testcases.EmployeeNotificationTest -->
