<?xml version="1.0" encoding="UTF-8"?>
<!-- Generated by org.testng.reporters.JUnitReportReporter -->
<testsuite hostname="LAPTOP-GF0QQ927" failures="0" tests="1" name="com.emp.testcases.Alert_Policies_Test" time="27.874" errors="0" timestamp="2022-11-17T12:31:25 IST" skipped="0">
  <testcase classname="com.emp.testcases.Alert_Policies_Test" name="Alert_Policies_Test" time="27.874"/>
  <system-out>
    <![CDATA[<B><font color = 'blue'>Step1 .</font></B> clicked on Behavior Module and Selected  Alert Policies Sub-Module 
<B><font color = 'blue'>Step2 .</font></B> clicked on  Add_New_Alert Button
<B><font color = 'blue'>Step3 .</font></B> Clicked on  Rule Name Text Field and Entered Rule Name  
<B><font color = 'blue'>Step4 .</font></B>  Clicked on  Location Drop-Down and Selected Any Location
<B><font color = 'blue'>Step5 .</font></B> Selected  All_Locations option 
<B><font color = 'blue'>Step6 .</font></B> clicked on Department Drop-Down and Selected Any Department 
<B><font color = 'blue'>Step7 .</font></B> Selected   All_Departments  option
<B><font color = 'blue'>Step8 .</font></B> clicked on Emloyee Drop-Down and Select Any Employee
<B><font color = 'blue'>Step9 .</font></B> Clicked   on  What_trigger_The_rule Text  Field 
<B><font color = 'blue'>Step10 .</font></B> Writing  Any Note (passing  Data)
<B><font color = 'blue'>Step11 .</font></B> clicked on Whom-to-be-notified Drop-Down and Select Any option
<B><font color = 'blue'>Step12 .</font></B> clicked on Save_And_Launch_Button]]>
  </system-out>
</testsuite> <!-- com.emp.testcases.Alert_Policies_Test -->
