<?xml version="1.0" encoding="UTF-8"?>
<!-- Generated by org.testng.reporters.JUnitReportReporter -->
<testsuite hostname="DESKTOP-Q7KOQDL" failures="0" tests="1" name="com.emp.testcases.HrmsLeaveTypesTest" time="45.484" errors="0" timestamp="2022-08-11T13:39:20 IST" skipped="0">
  <testcase classname="com.emp.testcases.HrmsLeaveTypesTest" name="HrmsLeaveTypesTest" time="45.484"/>
  <system-out>
    <![CDATA[<B><font color = 'blue'>Step1 .</font></B> clicked on Hrms Button
<B><font color = 'blue'>Step2 .</font></B> clicked on  Attendance
<B><font color = 'blue'>Step3 .</font></B> clicked on  LeaveTypes
<B><font color = 'blue'>Step4 .</font></B> clicked on  AddnewLeaveTypes
<B><font color = 'blue'>Step5 .</font></B> clicked on  TypeofLeaves
<B><font color = 'blue'>Step6 .</font></B> clicked on  Numberofdays
<B><font color = 'blue'>Step7 .</font></B> clicked on  Duration_HalfyerlyRadioButton
<B><font color = 'blue'>Step8 .</font></B> clicked on  create_Button]]>
  </system-out>
</testsuite> <!-- com.emp.testcases.HrmsLeaveTypesTest -->
