<?xml version="1.0" encoding="UTF-8"?>
<!-- Generated by org.testng.reporters.JUnitReportReporter -->
<testsuite hostname="LAPTOP-GF0QQ927" failures="0" tests="1" name="com.emp.testcases.DashBoardTest" time="173.993" errors="0" timestamp="2022-09-08T11:02:00 IST" skipped="0">
  <testcase classname="com.emp.testcases.DashBoardTest" name="DashBoardTest" time="173.993"/>
  <system-out>
    <![CDATA[<B><font color = 'blue'>Step1 .</font></B> Clicked on TotalEnrollments 
<B><font color = 'blue'>Step2 .</font></B> Clicked on TotalEnrollments_csvButton 
<B><font color = 'blue'>Step3 .</font></B> Clicked on TotalEnrollments_CloseButtton 
<B><font color = 'blue'>Step4 .</font></B> Clicked on CurrentlyACtive 
<B><font color = 'blue'>Step5 .</font></B> Clicked on CurrentlyACtive_CsvButton 
<B><font color = 'blue'>Step6 .</font></B> Clicked on CurrentlyACtive_Close_Button 
<B><font color = 'blue'>Step7 .</font></B> Clicked on CurrentlyIdle 
<B><font color = 'blue'>Step8 .</font></B> Clicked on CurrentlyIdle_csv_Button 
<B><font color = 'blue'>Step9 .</font></B> Clicked on CurrentlyIdle_close_Button 
<B><font color = 'blue'>Step10 .</font></B> Clicked on Currently_Offline 
<B><font color = 'blue'>Step11 .</font></B> Clicked on Currently_offline_csv_Button 
<B><font color = 'blue'>Step12 .</font></B> Clicked on Currentlyoffline_close_Button 
<B><font color = 'blue'>Step13 .</font></B> Clicked on Absent_Users 
<B><font color = 'blue'>Step14 .</font></B> Clicked on Absent_Users_Generate_csvButton 
<B><font color = 'blue'>Step15 .</font></B> Clicked on Absent_Users_closeButton 
<B><font color = 'blue'>Step16 .</font></B> Clicked on Suspended_Users 
<B><font color = 'blue'>Step17 .</font></B> Clicked on Suspended_Users_csvButton 
<B><font color = 'blue'>Step18 .</font></B> Clicked on Suspende_Users_closeButton 
<B><font color = 'blue'>Step19 .</font></B> Clicked on Top10ProductiveEmployees_Locations 
<B><font color = 'blue'>Step20 .</font></B> Clicked on Top10ProductiveEmployees_Departments 
<B><font color = 'blue'>Step21 .</font></B> Clicked on Top10ProductiveEmployeesToday 
<B><font color = 'blue'>Step22 .</font></B> Clicked on Top10ProductiveEmployeesyesterday 
<B><font color = 'blue'>Step23 .</font></B> Clicked on Top10ProductiveEmployees_Thisweek 
<B><font color = 'blue'>Step24 .</font></B> Clicked on Top10NonProductiveEmployees_Location 
<B><font color = 'blue'>Step25 .</font></B> Clicked on Top10NonProductiveEmployees_Department 
<B><font color = 'blue'>Step26 .</font></B> Clicked on Top10NonProductiveEmployees_Today 
<B><font color = 'blue'>Step27 .</font></B> Clicked on Top10NonProductiveEmployees_Yesterday 
<B><font color = 'blue'>Step28 .</font></B> Clicked on Top10NonProductiveEmployees_Thisweek 
<B><font color = 'blue'>Step29 .</font></B> Clicked on Location_Performance_Productive 
<B><font color = 'blue'>Step30 .</font></B> Clicked on Location_Performance_Today 
<B><font color = 'blue'>Step31 .</font></B> Clicked on Location_Performance_Yesterday 
<B><font color = 'blue'>Step32 .</font></B> Clicked on Location_Performance_Thisweek 
<B><font color = 'blue'>Step33 .</font></B> Clicked on Department_Performance_Productive 
<B><font color = 'blue'>Step34 .</font></B> Clicked on Department_Performance_Today 
<B><font color = 'blue'>Step35 .</font></B> Clicked on Department_Performance_Yesterday 
<B><font color = 'blue'>Step36 .</font></B> Clicked on Department_Performance_Thisweek 
<B><font color = 'blue'>Step37 .</font></B> Clicked on Top10Websitesusages_Today 
<B><font color = 'blue'>Step38 .</font></B> Clicked on Top10Websitesusages_Yesterday 
<B><font color = 'blue'>Step39 .</font></B> Clicked on Top10Websitesusages_Thisweek 
<B><font color = 'blue'>Step40 .</font></B> Clicked on Top10Websitesusages_Viewdetails 
<B><font color = 'blue'>Step41 .</font></B> Clicked on Viewdetails_CloseButton 
<B><font color = 'blue'>Step42 .</font></B> Clicked on Top10_Application_Usage_Today 
<B><font color = 'blue'>Step43 .</font></B> Clicked on Top10_Application_Usage_Yesterday 
<B><font color = 'blue'>Step44 .</font></B> Clicked on Top10_Application_Usage_Thisweek 
<B><font color = 'blue'>Step45 .</font></B> Clicked on Top10_Application_Usage_viewdetails 
<B><font color = 'blue'>Step45 .</font></B> Clicked on Top10_Application_Usage_view_details_closebutton ]]>
  </system-out>
</testsuite> <!-- com.emp.testcases.DashBoardTest -->
