<?xml version="1.0" encoding="UTF-8"?>
<!-- Generated by org.testng.reporters.JUnitReportReporter -->
<testsuite hostname="SKALLURU-LP" failures="0" tests="1" name="com.orangehrm.testcases.Orange_Hrm_VerifyHomePage" time="10.619" errors="0" timestamp="2022-04-07T12:53:08 IST" skipped="0">
  <testcase classname="com.orangehrm.testcases.Orange_Hrm_VerifyHomePage" name="HomePage_test" time="10.619"/>
  <system-out/>
</testsuite> <!-- com.orangehrm.testcases.Orange_Hrm_VerifyHomePage -->
