<?xml version="1.0" encoding="UTF-8"?>
<!-- Generated by org.testng.reporters.JUnitReportReporter -->
<testsuite hostname="LAPTOP-GF0QQ927" failures="0" tests="1" name="com.emp.testcases.AlertsTest" time="27.186" errors="0" timestamp="2022-11-17T12:31:24 IST" skipped="0">
  <testcase classname="com.emp.testcases.AlertsTest" name="AlertsTest" time="27.186"/>
  <system-out>
    <![CDATA[<B><font color = 'blue'>Step1 .</font></B> clicked on Behavior Module and Selected Alerts Sub-Module 
<B><font color = 'blue'>Step2 .</font></B> clicked on RuleName Text Field & Entered Rule Name
<B><font color = 'blue'>Step3 .</font></B> clicked on Applies-to-Location 
<B><font color = 'blue'>Step4 .</font></B> Selected All Option 
<B><font color = 'blue'>Step5 .</font></B> clicked on Applies-to-Department
<B><font color = 'blue'>Step6 .</font></B> clicked on Applies-to-Employee
<B><font color = 'blue'>Step7 .</font></B> clicked on What-trigger-The-rule Drop-down and Slected Trigger option
<B><font color = 'blue'>Step8 .</font></B> Writing  Any Note (passing  Data)
<B><font color = 'blue'>Step9 .</font></B> Slected on Whom-to-be-notified
<B><font color = 'blue'>Step10 .</font></B> Selected on Any  Employee
<B><font color = 'blue'>Step11 .</font></B> clicked on Save-And-Launch]]>
  </system-out>
</testsuite> <!-- com.emp.testcases.AlertsTest -->
