<?xml version="1.0" encoding="UTF-8"?>
<!-- Generated by org.testng.reporters.JUnitReportReporter -->
<testsuite hostname="LAPTOP-GF0QQ927" failures="0" tests="1" name="com.emp.testcases.AutoEmailReportsTest" time="42.736" errors="0" timestamp="2022-11-17T12:31:24 IST" skipped="0">
  <testcase classname="com.emp.testcases.AutoEmailReportsTest" name="AutoEmailReportsTest" time="42.736"/>
  <system-out>
    <![CDATA[<B><font color = 'blue'>Step1 .</font></B> clicked on Reports Module and Selected  Autoemail-Reports Sub-Module 
<B><font color = 'blue'>Step2.</font></B> clicked on Show-Entries Drop-Down and Selected Any Value 
<B><font color = 'blue'>Step3.</font></B> clicked on Select-New-Report Button
<B><font color = 'blue'>Step4.</font></B>  Clecked on Report Name Text Field and  Entered Report Name 
<B><font color = 'blue'>Step5.</font></B> clicked on  Frequency_Daily_Radio Button
<B><font color = 'blue'>Step6.</font></B> Clicked on E-mail Text filed and  Entered E-mail 
<B><font color = 'blue'>Step7.</font></B> clicked on  I_want_to_recieve_email checkBox
<B><font color = 'blue'>Step8.</font></B> clicked on Productivity checkBox
<B><font color = 'blue'>Step9.</font></B> clicked on  PDF check-Box
<B><font color = 'blue'>Step10.</font></B> clicked on  CSV Check-Box
<B><font color = 'blue'>Step11.</font></B> clicked on organzation chek-Box
<B><font color = 'blue'>Step12.</font></B> clicked on Send_Test-mail Button 
<B><font color = 'blue'>Step13.</font></B> clicked on OK_Button
<B><font color = 'blue'>Step14.</font></B> clicked on  Save_Button
<B><font color = 'blue'>Step15.</font></B> clicked on  OK Conformation Button  ]]>
  </system-out>
</testsuite> <!-- com.emp.testcases.AutoEmailReportsTest -->
