<?xml version="1.0" encoding="UTF-8"?>
<!-- Generated by org.testng.reporters.JUnitReportReporter -->
<testsuite hostname="LAPTOP-GF0QQ927" failures="0" tests="1" name="com.emp.testcases.RolesAndPermissionTest" time="26.252" errors="0" timestamp="2022-11-17T12:31:24 IST" skipped="0">
  <testcase classname="com.emp.testcases.RolesAndPermissionTest" name="RolesAndPermissionTest" time="26.252"/>
  <system-out>
    <![CDATA[<B><font color = 'blue'>Step1 .</font></B> clicked on Settings Module and Selected  Roles-And-Permission Sub-module 
<B><font color = 'blue'>Step2 .</font></B> clicked on Add New-Role Button
<B><font color = 'blue'>Step3 .</font></B> clicked on Role-name Test Field and  Entered Role Name 
<B><font color = 'blue'>Step4 .</font></B> clicked on Location Drop-down and  Selected Location 
<B><font color = 'blue'>Step5 .</font></B> clicked on Department Drop-down and  Selected Department
<B><font color = 'blue'>Step6 .</font></B> clicked on save Button]]>
  </system-out>
</testsuite> <!-- com.emp.testcases.RolesAndPermissionTest -->
