<?xml version="1.0" encoding="UTF-8"?>
<!-- Generated by org.testng.reporters.JUnitReportReporter -->
<testsuite hostname="LAPTOP-GF0QQ927" failures="0" tests="1" name="com.emp.testcases.CreateProjectsTest" time="48.548" errors="0" timestamp="2022-11-18T17:08:51 IST" skipped="0">
  <testcase classname="com.emp.testcases.CreateProjectsTest" name="CreateProjectsTest" time="48.548"/>
  <system-out>
    <![CDATA[<B><font color = 'blue'>Step1.</font></B> clicked on add_project_button 
<B><font color = 'blue'>Step2.</font></B> clicked on Next_button
<B><font color = 'blue'>Step3.</font></B> clicked on Next_button
<B><font color = 'blue'>Step4.</font></B> Selected on manager
<B><font color = 'blue'>Step5.</font></B> Selected on member
<B><font color = 'blue'>Step6.</font></B> clicked on StartDate
<B><font color = 'blue'>Step7.</font></B> clicked on EndDate
<B><font color = 'blue'>Step8.</font></B> clicked on next_button
<B><font color = 'blue'>Step9.</font></B> Entered module name
<B><font color = 'blue'>Step10.</font></B> clicked on StartDate
<B><font color = 'blue'>Step11.</font></B> clicked on EndDate
<B><font color = 'blue'>Step12.</font></B> clicked on next_button
<B><font color = 'blue'>Step13.</font></B> Entered task name 
<B><font color = 'blue'>Step14.</font></B> Clicked Priority Drop--Down and Select Priority 
<B><font color = 'blue'>Step15.</font></B> clicked on StartDate
<B><font color = 'blue'>Step16.</font></B> clicked on EndDate
<B><font color = 'blue'>Step17.</font></B> clicked on save button]]>
  </system-out>
</testsuite> <!-- com.emp.testcases.CreateProjectsTest -->
