<?xml version="1.0" encoding="UTF-8"?>
<!-- Generated by org.testng.reporters.JUnitReportReporter -->
<testsuite hostname="LAPTOP-GF0QQ927" failures="0" tests="1" name="com.emp.testcases.HomePageTest" time="40.745" errors="0" timestamp="2022-09-07T18:18:42 IST" skipped="0">
  <testcase classname="com.emp.testcases.HomePageTest" name="HomepageDisplaytest" time="40.745"/>
  <system-out/>
</testsuite> <!-- com.emp.testcases.HomePageTest -->
