<?xml version="1.0" encoding="UTF-8"?>
<!-- Generated by org.testng.reporters.JUnitReportReporter -->
<testsuite hostname="LAPTOP-GF0QQ927" failures="0" tests="1" name="com.emp.testcases.EmployeeDetailsFilterTest" time="39.746" errors="0" timestamp="2022-11-17T12:31:25 IST" skipped="0">
  <testcase classname="com.emp.testcases.EmployeeDetailsFilterTest" name="EmployeeDetailsFilterTest" time="39.746"/>
  <system-out>
    <![CDATA[<B><font color = 'blue'>Step1 .</font></B> clicked on Employee Module and Selected  Employee_Details Sub-Module 
<B><font color = 'blue'>Step2 .</font></B> clicked on Employee Details filter
<B><font color = 'blue'>Step3 .</font></B> clicked on Employee_Details_filter Email Option 
<B><font color = 'blue'>Step4 .</font></B> clicked on Employee_Details_filter Location option
<B><font color = 'blue'>Step5 .</font></B> clicked on Employee_Details_filter Department option 
<B><font color = 'blue'>Step6 .</font></B> clicked on Employee_Details_filter Role Option 
<B><font color = 'blue'>Step7 .</font></B> clicked on Employee_Details_filter Empcode Option 
<B><font color = 'blue'>Step8 .</font></B> clicked on Employee_Details_filter Computer-name Option 
<B><font color = 'blue'>Step9.</font></B> clicked on Employee_Details_filter version Option ]]>
  </system-out>
</testsuite> <!-- com.emp.testcases.EmployeeDetailsFilterTest -->
