<?xml version="1.0" encoding="UTF-8"?>
<!-- Generated by org.testng.reporters.JUnitReportReporter -->
<testsuite hostname="DESKTOP-Q7KOQDL" failures="0" tests="1" name="com.emp.testcases.Employees_Select_Assign_WithCheck_with_manager_side" time="51.803" errors="0" timestamp="2022-09-19T10:36:57 IST" skipped="0">
  <testcase classname="com.emp.testcases.Employees_Select_Assign_WithCheck_with_manager_side" name="Employees_Select_Assign_With_Manager_Check_with_manager_side_" time="51.803"/>
  <system-out>
    <![CDATA[<B><font color = 'blue'>Step1.</font></B> clicked on employee
<B><font color = 'blue'>Step2.</font></B> clicked on Employee_Details
<B><font color = 'blue'>Step3.</font></B> Selected  one-employee
<B><font color = 'blue'>Step4.</font></B> Selected  Second-employee
<B><font color = 'blue'>Step5.</font></B> Selected  third-employee
<B><font color = 'blue'>Step6.</font></B> Selected  fourth_employee
<B><font color = 'blue'>Step7.</font></B> Clicked on Assign_manager-button
<B><font color = 'blue'>Step8.</font></B> Clicked on select_role
<B><font color = 'blue'>Step9.</font></B> Selected  manager
<B><font color = 'blue'>Step10.</font></B> Clicked on select_Employee-option
<B><font color = 'blue'>Step11.</font></B> Slelected  employee
<B><font color = 'blue'>Step12.</font></B> Clicked on assign-button
<B><font color = 'blue'>Step13.</font></B>  Switch to New TAB - Login With Manager
<B><font color = 'blue'>Step14.</font></B>  Manager-TL-Employee - log-page-URL 
<B><font color = 'blue'>Step15.</font></B> Entered the User-name
<B><font color = 'blue'>Step16.</font></B> Entered the password
<B><font color = 'blue'>Step17.</font></B> clicked on login_button
<B><font color = 'blue'>Step18.</font></B> clicked on  role_change-button
<B><font color = 'blue'>Step19.</font></B> Selected the Manager
<B><font color = 'blue'>Step20.</font></B> clicked on  employee_module
<B><font color = 'blue'>Step21.</font></B> clicked on  employee_Attendance]]>
  </system-out>
</testsuite> <!-- com.emp.testcases.Employees_Select_Assign_WithCheck_with_manager_side -->
