<?xml version="1.0" encoding="UTF-8"?>
<!-- Generated by org.testng.reporters.JUnitReportReporter -->
<testsuite hostname="LAPTOP-GF0QQ927" failures="0" tests="1" name="com.emp.testcases.ProductivityRulesTest" time="62.037" errors="0" timestamp="2022-11-17T12:31:24 IST" skipped="0">
  <testcase classname="com.emp.testcases.ProductivityRulesTest" name="ProductivityRulesTest" time="62.037"/>
  <system-out>
    <![CDATA[<B><font color = 'blue'>Step1 .</font></B> clicked on Settings Module and Selected  Productivity-Rules Sub-Module 
<B><font color = 'blue'>Step2 .</font></B> clicked on Activity_Button
<B><font color = 'blue'>Step3 .</font></B> clicked on Category_Button
<B><font color = 'blue'>Step4 .</font></B> clicked on SeeAll_Button
<B><font color = 'blue'>Step5 .</font></B> clicked on Global_Button
<B><font color = 'blue'>Step6 .</font></B> clicked on Custom_Button
<B><font color = 'blue'>Step7 .</font></B> clicked on New_Button
<B><font color = 'blue'>Step8 .</font></B> clicked on Addnew_Domain
<B><font color = 'blue'>Step9 .</font></B> clicked on Add_Domain_Link
<B><font color = 'blue'>Step10 .</font></B> clicked on Save_Button
<B><font color = 'blue'>Step11 .</font></B> clicked on Export_Button]]>
  </system-out>
</testsuite> <!-- com.emp.testcases.ProductivityRulesTest -->
