<?xml version="1.0" encoding="UTF-8"?>
<!-- Generated by org.testng.reporters.JUnitReportReporter -->
<testsuite hostname="LAPTOP-GF0QQ927" failures="0" tests="1" name="com.emp.testcases.ShiftManagementTest" time="29.553" errors="0" timestamp="2022-11-18T13:08:33 IST" skipped="0">
  <testcase classname="com.emp.testcases.ShiftManagementTest" name="ShiftManagementTest" time="29.553"/>
  <system-out>
    <![CDATA[<B><font color = 'blue'>Step1 .</font></B> clicked on Settings Module and Selected  Shift-Managemet Sub-Module 
<B><font color = 'blue'>Step2 .</font></B> clicked on Create-Shift Button 
<B><font color = 'blue'>Step3 .</font></B> clicked on Shift-Name Text field and Entered Shift Name 
<B><font color = 'blue'>Step4 .</font></B> clicked on Late-Login Time Set
<B><font color = 'blue'>Step5 .</font></B> clicked on Early-Login Time Set 
<B><font color = 'blue'>Step6 .</font></B> clicked on Select-color Radio Button
<B><font color = 'blue'>Step7 .</font></B> clicked on monday check Box option
<B><font color = 'blue'>Step8 .</font></B> clicked on Monday Start-Time
<B><font color = 'blue'>Step9 .</font></B> clicked on Monday End-Time
<B><font color = 'blue'>Step10 .</font></B> clicked on Save Button
<B><font color = 'blue'>Step11 .</font></B> clicked on ok_button]]>
  </system-out>
</testsuite> <!-- com.emp.testcases.ShiftManagementTest -->
