<?xml version="1.0" encoding="UTF-8"?>
<!-- Generated by org.testng.reporters.JUnitReportReporter -->
<testsuite hostname="LAPTOP-GF0QQ927" failures="0" tests="1" name="com.emp.testcases.ActivatingSuspendedEmployeesTest" time="30.146" errors="0" timestamp="2022-11-17T12:31:24 IST" skipped="0">
  <testcase classname="com.emp.testcases.ActivatingSuspendedEmployeesTest" name="EmployeeRoleUpdateTest" time="30.146"/>
  <system-out>
    <![CDATA[<B><font color = 'blue'>Step1 .</font></B> clicked on Employee Module and Selected Employee Details Sub-Module 
<B><font color = 'blue'>Step2 .</font></B> clicked on Suspended Employees Button
<B><font color = 'blue'>Step3 .</font></B> Selected  All Suspended Check Box
<B><font color = 'blue'>Step4 .</font></B> clicked on Active Button
<B><font color = 'blue'>Step5 .</font></B> Selected  Employees and Clicked on  Activated Employees Button ]]>
  </system-out>
</testsuite> <!-- com.emp.testcases.ActivatingSuspendedEmployeesTest -->
