<?xml version="1.0" encoding="UTF-8"?>
<!-- Generated by org.testng.reporters.JUnitReportReporter -->
<testsuite hostname="DESKTOP-Q7KOQDL" failures="0" tests="1" name="com.emp.testcases.HrmsSetupPayrollTest" time="26.197" errors="0" timestamp="2022-09-05T13:02:56 IST" skipped="0">
  <testcase classname="com.emp.testcases.HrmsSetupPayrollTest" name="HrmsSetupPayrollTest" time="26.197"/>
  <system-out>
    <![CDATA[<B><font color = 'blue'>Step1 .</font></B> clicked on Hrms Button
<B><font color = 'blue'>Step2 .</font></B> clicked on Payroll
<B><font color = 'blue'>Step3 .</font></B> clicked on SetupPayroll
<B><font color = 'blue'>Step4 .</font></B> clicked on PayrollSettings
<B><font color = 'blue'>Step4 .</font></B> clicked on DoesYourCompanyHavepf
<B><font color = 'blue'>Step5 .</font></B> clicked on EmployeeContribution
<B><font color = 'blue'>Step6 .</font></B> clicked on PayRoll_SaveButton]]>
  </system-out>
</testsuite> <!-- com.emp.testcases.HrmsSetupPayrollTest -->
