<?xml version="1.0" encoding="UTF-8"?>
<!-- Generated by org.testng.reporters.JUnitReportReporter -->
<testsuite hostname="DESKTOP-Q7KOQDL" failures="0" tests="1" name="com.emp.testcases.Employee_manually_checking_Check_in_Test" time="81.648" errors="0" timestamp="2022-09-16T17:48:56 IST" skipped="0">
  <testcase classname="com.emp.testcases.Employee_manually_checking_Check_in_Test" name="Employee_manually_check_in" time="81.648"/>
  <system-out>
    <![CDATA[<B><font color = 'blue'>Step1 .</font></B> clicked on Employee
<B><font color = 'blue'>Step2 .</font></B> clicked on EmployeeDetails
<B><font color = 'blue'>Step3 .</font></B> clicked on Show-Entries
<B><font color = 'blue'>Step4 .</font></B> clicked on employee_select
<B><font color = 'blue'>Step5 .</font></B> clicked on settings
<B><font color = 'blue'>Step6 .</font></B> clicked on enable
<B><font color = 'blue'>Step7 .</font></B> clicked on save-button
<B><font color = 'blue'>Step8.</font></B>  Switch to New TAB - Login With Manager
<B><font color = 'blue'>Step9.</font></B>  Manager-TL-Employee - log-page-URL 
<B><font color = 'blue'>Step10.</font></B> Entered the User-name
<B><font color = 'blue'>Step11.</font></B> Entered the password
<B><font color = 'blue'>Step12.</font></B> clicked on login_button
<B><font color = 'blue'>Step13.</font></B> clicked on  role_change-button
<B><font color = 'blue'>Step14.</font></B> Selected the employee
<B><font color = 'blue'>Step15 .</font></B> clicked on hrm
<B><font color = 'blue'>Step16 .</font></B> clicked on Attendance]]>
  </system-out>
</testsuite> <!-- com.emp.testcases.Employee_manually_checking_Check_in_Test -->
