<?xml version="1.0" encoding="UTF-8"?>
<!-- Generated by org.testng.reporters.JUnitReportReporter -->
<testsuite hostname="DESKTOP-Q7KOQDL" failures="0" tests="1" name="com.emp.testcases.EmployeeNotificationTest" time="32.226" errors="0" timestamp="2022-08-16T12:43:00 IST" skipped="0">
  <testcase classname="com.emp.testcases.EmployeeNotificationTest" name="EmployeeNotificationTest" time="32.226"/>
  <system-out>
    <![CDATA[<B><font color = 'blue'>Step1.</font></B> clicked on Employee Notification Tab
<B><font color = 'blue'>Step2 .</font></B> clicked on Select Location DropDown
<B><font color = 'blue'>Step3.</font></B> clicked on Department DropDown
<B><font color = 'blue'>Step4.</font></B> clicked on Allemployee DropDown
<B><font color = 'blue'>Step4.</font></B> clicked on Allemploye DropDown
<B><font color = 'blue'>Step5.</font></B> clicked on Date
<B><font color = 'blue'>Step5.</font></B> clicked on Lastmonth
<B><font color = 'blue'>Step6.</font></B> clicked on CSV Button
<B><font color = 'blue'>Step7.</font></B> clicked on PDF Button]]>
  </system-out>
</testsuite> <!-- com.emp.testcases.EmployeeNotificationTest -->
