<?xml version="1.0" encoding="UTF-8"?>
<!-- Generated by org.testng.reporters.JUnitReportReporter -->
<testsuite hostname="DESKTOP-Q7KOQDL" failures="0" tests="1" name="com.emp.testcases.EmployeeDetailsTest" time="20.898" errors="0" timestamp="2022-09-05T13:40:37 IST" skipped="0">
  <testcase classname="com.emp.testcases.EmployeeDetailsTest" name="EmployeeDetailsTest" time="20.898"/>
  <system-out>
    <![CDATA[<B><font color = 'blue'>Step1 .</font></B> clicked on EmployeeDetails
<B><font color = 'blue'>Step2 .</font></B> clicked on Active_Button
<B><font color = 'blue'>Step3 .</font></B> clicked on Suspended_Button
<B><font color = 'blue'>Step4 .</font></B> clicked on DeletedusersHistory_Button
<B><font color = 'blue'>Step5 .</font></B> clicked on close_Button]]>
  </system-out>
</testsuite> <!-- com.emp.testcases.EmployeeDetailsTest -->
