<?xml version="1.0" encoding="UTF-8"?>
<!-- Generated by org.testng.reporters.JUnitReportReporter -->
<testsuite hostname="DESKTOP-Q7KOQDL" failures="0" tests="1" name="com.emp.testcases.StorageTypeTest" time="37.888" errors="0" timestamp="2022-08-11T13:35:59 IST" skipped="0">
  <testcase classname="com.emp.testcases.StorageTypeTest" name="StorageTypeTest" time="37.888"/>
  <system-out>
    <![CDATA[<B><font color = 'blue'>Step1 .</font></B>Clicked on  StorageType Field 
<B><font color = 'blue'>Step2 .</font></B>Clicked on  Add_Storage_Button 
<B><font color = 'blue'>Step3 .</font></B>Clicked on  Select_Storagetype_Dropdown ]]>
  </system-out>
</testsuite> <!-- com.emp.testcases.StorageTypeTest -->
