<?xml version="1.0" encoding="UTF-8"?>
<!-- Generated by org.testng.reporters.JUnitReportReporter -->
<testsuite hostname="LAPTOP-GF0QQ927" failures="0" tests="1" name="com.emp.testcases.Dashboardtest7_Location_Performance_Checking_Test2" time="68.218" errors="0" timestamp="2022-11-18T17:45:34 IST" skipped="0">
  <testcase classname="com.emp.testcases.Dashboardtest7_Location_Performance_Checking_Test2" name="location_Performance_Checking_page_Test" time="68.218"/>
  <system-out>
    <![CDATA[<B><font color = 'blue'>Step1 .</font></B> Clicked on Location_Performance_Today Button
<B><font color = 'blue'>                    </font></B>  
<B><font color = 'green'> (a).Productive Employees Data </font></B>  
<B><font color = 'blue'>  </font></B>    Location--Time (Hours)
<B><font color = 'blue'>  </font></B>    Default--00:00:49 hrs (0.17%)
<B><font color = 'blue'>                    </font></B>  
<B><font color = 'red'> (b).Un-Productive Employees Data </font></B>  
<B><font color = 'blue'>  </font></B>    Location--Time (Hours)
<B><font color = 'blue'>  </font></B>    No data found !--null
<B><font color = 'blue'>                    </font></B>  
<B><font color = 'orange'> (c).Neutral Employees Data </font></B>  
<B><font color = 'blue'>  </font></B>    Location--Time (Hours)
<B><font color = 'blue'>  </font></B>    No data found !--null
<B><font color = 'blue'>                    </font></B>  
<B><font color = 'blue'>Step2 .</font></B> Clicked on Location_Performance_Yesterday Button
<B><font color = 'blue'>                    </font></B>  
<B><font color = 'green'> (a).Productive Employees Data </font></B>  
<B><font color = 'blue'>  </font></B>    Location--Time (Hours)
<B><font color = 'blue'>  </font></B>    Default--00:00:12 hrs (0.04%)
<B><font color = 'blue'>  </font></B>    Bhilai--00:00:12 hrs (0.04%)
<B><font color = 'blue'>                    </font></B>  
<B><font color = 'red'> (b).Un-Productive Employees Data </font></B>  
<B><font color = 'blue'>  </font></B>    Location--Time (Hours)
<B><font color = 'blue'>  </font></B>    No data found !--null
<B><font color = 'blue'>                    </font></B>  
<B><font color = 'orange'> (c).Neutral Employees Data </font></B>  
<B><font color = 'blue'>  </font></B>    Location--Time (Hours)
<B><font color = 'blue'>  </font></B>    No data found !--null
<B><font color = 'blue'>                    </font></B>  
<B><font color = 'blue'>Step3 .</font></B> Clicked on Location_Performance_Thisweek Button
<B><font color = 'blue'>                    </font></B>  
<B><font color = 'green'> (a).Productive Employees Data </font></B>  
<B><font color = 'blue'>  </font></B>    Location--Time (Hours)
<B><font color = 'blue'>  </font></B>    bengaluru--01:22:43 hrs (5.74%)
<B><font color = 'blue'>  </font></B>    Bhilai--01:22:43 hrs (5.74%)
<B><font color = 'blue'>  </font></B>    Bangalore--01:22:43 hrs (5.74%)
<B><font color = 'blue'>  </font></B>    Default--01:22:43 hrs (5.74%)
<B><font color = 'blue'>                    </font></B>  
<B><font color = 'red'> (b).Un-Productive Employees Data </font></B>  
<B><font color = 'blue'>  </font></B>    Location--Time (Hours)
<B><font color = 'blue'>  </font></B>    bengaluru--00:05:00 hrs (0.52%)
<B><font color = 'blue'>  </font></B>    Bangalore--00:05:00 hrs (0.52%)
<B><font color = 'blue'>                    </font></B>  
<B><font color = 'orange'> (c).Neutral Employees Data </font></B>  
<B><font color = 'blue'>  </font></B>    Location--Time (Hours)
<B><font color = 'blue'>  </font></B>    No data found !--null
<B><font color = 'blue'>                    </font></B>  ]]>
  </system-out>
</testsuite> <!-- com.emp.testcases.Dashboardtest7_Location_Performance_Checking_Test2 -->
