<?xml version="1.0" encoding="UTF-8"?>
<!-- Generated by org.testng.reporters.JUnitReportReporter -->
<testsuite hostname="LAPTOP-GF0QQ927" failures="0" tests="1" name="com.emp.testcases.Dashboardtest8_Department_Performance_Checking_Test" time="68.346" errors="0" timestamp="2022-11-18T17:45:34 IST" skipped="0">
  <testcase classname="com.emp.testcases.Dashboardtest8_Department_Performance_Checking_Test" name="Department_Performance_Checking_page_Test" time="68.346"/>
  <system-out>
    <![CDATA[<B><font color = 'blue'>Step1 .</font></B> Clicked on Department_Performance_Today Button
<B><font color = 'blue'>                    </font></B>  
<B><font color = 'green'> (a).Productive Department Performance Data </font></B>  
<B><font color = 'blue'>  </font></B>    Location--Time (Hours)
<B><font color = 'blue'>  </font></B>    Default--00:00:49 hrs (0.17%)
<B><font color = 'blue'>                    </font></B>  
<B><font color = 'red'> (b).Un-Productive Department Performance Data </font></B>  
<B><font color = 'blue'>  </font></B>    Location--Time (Hours)
<B><font color = 'blue'>  </font></B>    No data found !--null
<B><font color = 'blue'>                    </font></B>  
<B><font color = 'orange'> (c).Neutral Department_performance Data </font></B>  
<B><font color = 'blue'>  </font></B>    Location--Time (Hours)
<B><font color = 'blue'>  </font></B>    No data found !--null
<B><font color = 'blue'>                    </font></B>  
<B><font color = 'blue'>Step2 .</font></B> Clicked on Department_Performance_Yesterday Button
<B><font color = 'blue'>                    </font></B>  
<B><font color = 'green'> (a).Productive Department_Performance Data </font></B>  
<B><font color = 'blue'>  </font></B>    Location--Time (Hours)
<B><font color = 'blue'>  </font></B>    Default--00:00:12 hrs (0.04%)
<B><font color = 'blue'>  </font></B>    Php--00:00:12 hrs (0.04%)
<B><font color = 'blue'>                    </font></B>  
<B><font color = 'red'> (b).Un-Productive Department performance Data </font></B>  
<B><font color = 'blue'>  </font></B>    Location--Time (Hours)
<B><font color = 'blue'>  </font></B>    No data found !--null
<B><font color = 'blue'>                    </font></B>  
<B><font color = 'orange'> (c).Neutral Department_Performance Data </font></B>  
<B><font color = 'blue'>  </font></B>    Location--Time (Hours)
<B><font color = 'blue'>  </font></B>    No data found !--null
<B><font color = 'blue'>                    </font></B>  
<B><font color = 'blue'>Step3 .</font></B> Clicked on Department_Performance_Thisweek Button
<B><font color = 'blue'>                    </font></B>  
<B><font color = 'green'> (a).Productive Department_Performance Data </font></B>  
<B><font color = 'blue'>  </font></B>    Location--Time (Hours)
<B><font color = 'blue'>  </font></B>    Testing--01:22:43 hrs (5.74%)
<B><font color = 'blue'>  </font></B>    Php--01:22:43 hrs (5.74%)
<B><font color = 'blue'>  </font></B>    Default--01:22:43 hrs (5.74%)
<B><font color = 'blue'>                    </font></B>  
<B><font color = 'red'> (b).Un-Productive Department_Performance Data </font></B>  
<B><font color = 'blue'>  </font></B>    Location--Time (Hours)
<B><font color = 'blue'>  </font></B>    Testing--00:14:08 hrs (0.74%)
<B><font color = 'blue'>                    </font></B>  
<B><font color = 'orange'> (c).Neutral Department_Performance Data </font></B>  
<B><font color = 'blue'>  </font></B>    Location--Time (Hours)
<B><font color = 'blue'>  </font></B>    No data found !--null
<B><font color = 'blue'>                    </font></B>  ]]>
  </system-out>
</testsuite> <!-- com.emp.testcases.Dashboardtest8_Department_Performance_Checking_Test -->
