<?xml version="1.0" encoding="UTF-8"?>
<!-- Generated by org.testng.reporters.JUnitReportReporter -->
<testsuite hostname="LAPTOP-GF0QQ927" failures="0" tests="1" name="com.emp.testcases.SystemActivityLogsTest" time="54.614" errors="0" timestamp="2022-11-17T12:31:24 IST" skipped="0">
  <testcase classname="com.emp.testcases.SystemActivityLogsTest" name="SystemActivityLogsTest" time="54.614"/>
  <system-out>
    <![CDATA[<B><font color = 'blue'>Step1 .</font></B> clicked on Reports Module and Selected System-Activity-Logs Button 
<B><font color = 'blue'>Step2 .</font></B> clicked on Location Drop-down and  Selected Location 
<B><font color = 'blue'>Step3 .</font></B> clicked on Department Drop-down and Selected Department 
<B><font color = 'blue'>Step4 .</font></B> clicked on Employee Drop-down and Selected Any Employee
<B><font color = 'blue'>Step5 .</font></B> clicked on Calendar Drop-down and Selected Day's
<B><font color = 'blue'>Step6 .</font></B> clicked on Last-30-Days
<B><font color = 'blue'>Step7 .</font></B> clicked on Excel-Button
<B><font color = 'blue'>Step8 .</font></B> clicked on Pdf-Button]]>
  </system-out>
</testsuite> <!-- com.emp.testcases.SystemActivityLogsTest -->
