<?xml version="1.0" encoding="UTF-8"?>
<!-- Generated by org.testng.reporters.JUnitReportReporter -->
<testsuite hostname="LAPTOP-GF0QQ927" failures="0" tests="1" name="com.emp.testcases.EmployeeAttendanceTest" time="41.345" errors="0" timestamp="2022-11-17T12:31:24 IST" skipped="0">
  <testcase classname="com.emp.testcases.EmployeeAttendanceTest" name="EmployeeAttendanceTest" time="41.345"/>
  <system-out>
    <![CDATA[<B><font color = 'blue'>Step1 .</font></B> clicked on Employee Module and Selected  EmployeeAttendance Sub-Module
<B><font color = 'blue'>Step2 .</font></B> clicked on Show-Entries DropDown and Selected Number
<B><font color = 'blue'>Step3 .</font></B> clicked on Month-year DropDown and Selected Date
<B><font color = 'blue'>Step4 .</font></B> clicked on Location_DropDown and Select Any Location 
<B><font color = 'blue'>Step5.</font></B> clicked on Department_DropDown 
<B><font color = 'blue'>Step6.</font></B> clicked on Select_list Option (Check Box) 
<B><font color = 'blue'>Step7 .</font></B> clicked on Export Excel_Button
<B><font color = 'blue'>Step8 .</font></B> click on Employeename
<B><font color = 'blue'>Step9 .</font></B> clicked on productivity_Button
<B><font color = 'blue'>Step10 .</font></B> click on Timesheets_Button
<B><font color = 'blue'>Step11.</font></B> clicked on Screenshots_Button
<B><font color = 'blue'>Step12.</font></B> clicked on Webhistory_Button
<B><font color = 'blue'>Step13.</font></B> clicked on AppHistory_Button
<B><font color = 'blue'>Step14.</font></B> clicked on Keystrokes Button
<B><font color = 'blue'> .</font></B>  -Employee Name
<B><font color = 'blue'> .</font></B>  -Location
<B><font color = 'blue'> .</font></B>  -Department
<B><font color = 'blue'> .</font></B>  -Employee code
<B><font color = 'blue'> .</font></B>  -1.Tue
<B><font color = 'blue'> .</font></B>  -2.Wed
<B><font color = 'blue'> .</font></B>  -3.Thu
<B><font color = 'blue'> .</font></B>  -4.Fri
<B><font color = 'blue'> .</font></B>  -5.Sat
<B><font color = 'blue'> .</font></B>  -6.Sun
<B><font color = 'blue'> .</font></B>  -7.Mon
<B><font color = 'blue'> .</font></B>  -8.Tue
<B><font color = 'blue'> .</font></B>  -9.Wed
<B><font color = 'blue'> .</font></B>  -10.Thu
<B><font color = 'blue'> .</font></B>  -11.Fri
<B><font color = 'blue'> .</font></B>  -12.Sat
<B><font color = 'blue'> .</font></B>  -13.Sun
<B><font color = 'blue'> .</font></B>  -14.Mon
<B><font color = 'blue'> .</font></B>  -15.Tue
<B><font color = 'blue'> .</font></B>  -16.Wed
<B><font color = 'blue'> .</font></B>  -17.Thu
<B><font color = 'blue'> .</font></B>  -18.Fri
<B><font color = 'blue'> .</font></B>  -19.Sat
<B><font color = 'blue'> .</font></B>  -20.Sun
<B><font color = 'blue'> .</font></B>  -21.Mon
<B><font color = 'blue'> .</font></B>  -22.Tue
<B><font color = 'blue'> .</font></B>  -23.Wed
<B><font color = 'blue'> .</font></B>  -24.Thu
<B><font color = 'blue'> .</font></B>  -25.Fri
<B><font color = 'blue'> .</font></B>  -26.Sat
<B><font color = 'blue'> .</font></B>  -27.Sun
<B><font color = 'blue'> .</font></B>  -28.Mon
<B><font color = 'blue'> .</font></B>  -29.Tue
<B><font color = 'blue'> .</font></B>  -30.Wed
<B><font color = 'blue'> .</font></B>  -Present
<B><font color = 'blue'> .</font></B>  -Late
<B><font color = 'blue'> .</font></B>  -Half_leave
<B><font color = 'blue'> .</font></B>  -Absent
<B><font color = 'blue'> .</font></B>  -Overtime
<B><font color = 'blue'> .</font></B>  -Day-Off
<B><font color = 'blue'> .</font></B>  -Virat kohli
<B><font color = 'blue'> .</font></B>  -Default
<B><font color = 'blue'> .</font></B>  -Default
<B><font color = 'blue'> .</font></B>  -65332
<B><font color = 'blue'> .</font></B>  -P
<B><font color = 'blue'> .</font></B>  -A
<B><font color = 'blue'> .</font></B>  -P
<B><font color = 'blue'> .</font></B>  -P
<B><font color = 'blue'> .</font></B>  -A
<B><font color = 'blue'> .</font></B>  -A
<B><font color = 'blue'> .</font></B>  -P
<B><font color = 'blue'> .</font></B>  -A
<B><font color = 'blue'> .</font></B>  -A
<B><font color = 'blue'> .</font></B>  -A
<B><font color = 'blue'> .</font></B>  -A
<B><font color = 'blue'> .</font></B>  -A
<B><font color = 'blue'> .</font></B>  -A
<B><font color = 'blue'> .</font></B>  -A
<B><font color = 'blue'> .</font></B>  -A
<B><font color = 'blue'> .</font></B>  -A
<B><font color = 'blue'> .</font></B>  -A
<B><font color = 'blue'> .</font></B>  --
<B><font color = 'blue'> .</font></B>  --
<B><font color = 'blue'> .</font></B>  --
<B><font color = 'blue'> .</font></B>  --
<B><font color = 'blue'> .</font></B>  --
<B><font color = 'blue'> .</font></B>  --
<B><font color = 'blue'> .</font></B>  --
<B><font color = 'blue'> .</font></B>  --
<B><font color = 'blue'> .</font></B>  --
<B><font color = 'blue'> .</font></B>  --
<B><font color = 'blue'> .</font></B>  --
<B><font color = 'blue'> .</font></B>  --
<B><font color = 'blue'> .</font></B>  --
<B><font color = 'blue'> .</font></B>  -0
<B><font color = 'blue'> .</font></B>  -0
<B><font color = 'blue'> .</font></B>  -3
<B><font color = 'blue'> .</font></B>  -13
<B><font color = 'blue'> .</font></B>  -2
<B><font color = 'blue'> .</font></B>  -0
<B><font color = 'blue'> .</font></B>  -sadas kadkasdj
<B><font color = 'blue'> .</font></B>  -Default
<B><font color = 'blue'> .</font></B>  -Default
<B><font color = 'blue'> .</font></B>  -emp129666
<B><font color = 'blue'> .</font></B>  --
<B><font color = 'blue'> .</font></B>  --
<B><font color = 'blue'> .</font></B>  --
<B><font color = 'blue'> .</font></B>  --
<B><font color = 'blue'> .</font></B>  --
<B><font color = 'blue'> .</font></B>  --
<B><font color = 'blue'> .</font></B>  --
<B><font color = 'blue'> .</font></B>  --
<B><font color = 'blue'> .</font></B>  --
<B><font color = 'blue'> .</font></B>  --
<B><font color = 'blue'> .</font></B>  --
<B><font color = 'blue'> .</font></B>  --
<B><font color = 'blue'> .</font></B>  --
<B><font color = 'blue'> .</font></B>  --
<B><font color = 'blue'> .</font></B>  --
<B><font color = 'blue'> .</font></B>  --
<B><font color = 'blue'> .</font></B>  --
<B><font color = 'blue'> .</font></B>  --
<B><font color = 'blue'> .</font></B>  --
<B><font color = 'blue'> .</font></B>  --
<B><font color = 'blue'> .</font></B>  --
<B><font color = 'blue'> .</font></B>  --
<B><font color = 'blue'> .</font></B>  --
<B><font color = 'blue'> .</font></B>  --
<B><font color = 'blue'> .</font></B>  --
<B><font color = 'blue'> .</font></B>  --
<B><font color = 'blue'> .</font></B>  --
<B><font color = 'blue'> .</font></B>  --
<B><font color = 'blue'> .</font></B>  --
<B><font color = 'blue'> .</font></B>  --
<B><font color = 'blue'> .</font></B>  -0
<B><font color = 'blue'> .</font></B>  -0
<B><font color = 'blue'> .</font></B>  -0
<B><font color = 'blue'> .</font></B>  -0
<B><font color = 'blue'> .</font></B>  -0
<B><font color = 'blue'> .</font></B>  -0
<B><font color = 'blue'> .</font></B>  -New Test
<B><font color = 'blue'> .</font></B>  -Default
<B><font color = 'blue'> .</font></B>  -Default
<B><font color = 'blue'> .</font></B>  -ewer334443
<B><font color = 'blue'> .</font></B>  --
<B><font color = 'blue'> .</font></B>  --
<B><font color = 'blue'> .</font></B>  --
<B><font color = 'blue'> .</font></B>  --
<B><font color = 'blue'> .</font></B>  --
<B><font color = 'blue'> .</font></B>  --
<B><font color = 'blue'> .</font></B>  --
<B><font color = 'blue'> .</font></B>  --
<B><font color = 'blue'> .</font></B>  --
<B><font color = 'blue'> .</font></B>  --
<B><font color = 'blue'> .</font></B>  --
<B><font color = 'blue'> .</font></B>  --
<B><font color = 'blue'> .</font></B>  --
<B><font color = 'blue'> .</font></B>  --
<B><font color = 'blue'> .</font></B>  --
<B><font color = 'blue'> .</font></B>  --
<B><font color = 'blue'> .</font></B>  --
<B><font color = 'blue'> .</font></B>  --
<B><font color = 'blue'> .</font></B>  --
<B><font color = 'blue'> .</font></B>  --
<B><font color = 'blue'> .</font></B>  --
<B><font color = 'blue'> .</font></B>  --
<B><font color = 'blue'> .</font></B>  --
<B><font color = 'blue'> .</font></B>  --
<B><font color = 'blue'> .</font></B>  --
<B><font color = 'blue'> .</font></B>  --
<B><font color = 'blue'> .</font></B>  --
<B><font color = 'blue'> .</font></B>  --
<B><font color = 'blue'> .</font></B>  --
<B><font color = 'blue'> .</font></B>  --
<B><font color = 'blue'> .</font></B>  -0
<B><font color = 'blue'> .</font></B>  -0
<B><font color = 'blue'> .</font></B>  -0
<B><font color = 'blue'> .</font></B>  -0
<B><font color = 'blue'> .</font></B>  -0
<B><font color = 'blue'> .</font></B>  -0
<B><font color = 'blue'> .</font></B>  -dshcdb uidsbf
<B><font color = 'blue'> .</font></B>  -Default
<B><font color = 'blue'> .</font></B>  -Default
<B><font color = 'blue'> .</font></B>  -435454
<B><font color = 'blue'> .</font></B>  -A
<B><font color = 'blue'> .</font></B>  -A
<B><font color = 'blue'> .</font></B>  -A
<B><font color = 'blue'> .</font></B>  -A
<B><font color = 'blue'> .</font></B>  -D
<B><font color = 'blue'> .</font></B>  -D
<B><font color = 'blue'> .</font></B>  -A
<B><font color = 'blue'> .</font></B>  -A
<B><font color = 'blue'> .</font></B>  -A
<B><font color = 'blue'> .</font></B>  -A
<B><font color = 'blue'> .</font></B>  -A
<B><font color = 'blue'> .</font></B>  -D
<B><font color = 'blue'> .</font></B>  -D
<B><font color = 'blue'> .</font></B>  -A
<B><font color = 'blue'> .</font></B>  -A
<B><font color = 'blue'> .</font></B>  -A
<B><font color = 'blue'> .</font></B>  -A
<B><font color = 'blue'> .</font></B>  --
<B><font color = 'blue'> .</font></B>  -D
<B><font color = 'blue'> .</font></B>  -D
<B><font color = 'blue'> .</font></B>  --
<B><font color = 'blue'> .</font></B>  --
<B><font color = 'blue'> .</font></B>  --
<B><font color = 'blue'> .</font></B>  --
<B><font color = 'blue'> .</font></B>  --
<B><font color = 'blue'> .</font></B>  -D
<B><font color = 'blue'> .</font></B>  -D
<B><font color = 'blue'> .</font></B>  --
<B><font color = 'blue'> .</font></B>  --
<B><font color = 'blue'> .</font></B>  --
<B><font color = 'blue'> .</font></B>  -0
<B><font color = 'blue'> .</font></B>  -0
<B><font color = 'blue'> .</font></B>  -0
<B><font color = 'blue'> .</font></B>  -13
<B><font color = 'blue'> .</font></B>  -0
<B><font color = 'blue'> .</font></B>  -8
<B><font color = 'blue'> .</font></B>  -try last
<B><font color = 'blue'> .</font></B>  -Default
<B><font color = 'blue'> .</font></B>  -Default
<B><font color = 'blue'> .</font></B>  -1225455
<B><font color = 'blue'> .</font></B>  --
<B><font color = 'blue'> .</font></B>  --
<B><font color = 'blue'> .</font></B>  --
<B><font color = 'blue'> .</font></B>  --
<B><font color = 'blue'> .</font></B>  --
<B><font color = 'blue'> .</font></B>  --
<B><font color = 'blue'> .</font></B>  --
<B><font color = 'blue'> .</font></B>  --
<B><font color = 'blue'> .</font></B>  --
<B><font color = 'blue'> .</font></B>  --
<B><font color = 'blue'> .</font></B>  --
<B><font color = 'blue'> .</font></B>  --
<B><font color = 'blue'> .</font></B>  --
<B><font color = 'blue'> .</font></B>  --
<B><font color = 'blue'> .</font></B>  --
<B><font color = 'blue'> .</font></B>  --
<B><font color = 'blue'> .</font></B>  --
<B><font color = 'blue'> .</font></B>  --
<B><font color = 'blue'> .</font></B>  --
<B><font color = 'blue'> .</font></B>  --
<B><font color = 'blue'> .</font></B>  --
<B><font color = 'blue'> .</font></B>  --
<B><font color = 'blue'> .</font></B>  --
<B><font color = 'blue'> .</font></B>  --
<B><font color = 'blue'> .</font></B>  --
<B><font color = 'blue'> .</font></B>  --
<B><font color = 'blue'> .</font></B>  --
<B><font color = 'blue'> .</font></B>  --
<B><font color = 'blue'> .</font></B>  --
<B><font color = 'blue'> .</font></B>  --
<B><font color = 'blue'> .</font></B>  -0
<B><font color = 'blue'> .</font></B>  -0
<B><font color = 'blue'> .</font></B>  -0
<B><font color = 'blue'> .</font></B>  -0
<B><font color = 'blue'> .</font></B>  -0
<B><font color = 'blue'> .</font></B>  -0
<B><font color = 'blue'> .</font></B>  -vdjvdb yusvdvbbh
<B><font color = 'blue'> .</font></B>  -Default
<B><font color = 'blue'> .</font></B>  -Default
<B><font color = 'blue'> .</font></B>  -wq534342
<B><font color = 'blue'> .</font></B>  --
<B><font color = 'blue'> .</font></B>  --
<B><font color = 'blue'> .</font></B>  --
<B><font color = 'blue'> .</font></B>  --
<B><font color = 'blue'> .</font></B>  --
<B><font color = 'blue'> .</font></B>  --
<B><font color = 'blue'> .</font></B>  --
<B><font color = 'blue'> .</font></B>  --
<B><font color = 'blue'> .</font></B>  --
<B><font color = 'blue'> .</font></B>  --
<B><font color = 'blue'> .</font></B>  --
<B><font color = 'blue'> .</font></B>  --
<B><font color = 'blue'> .</font></B>  --
<B><font color = 'blue'> .</font></B>  --
<B><font color = 'blue'> .</font></B>  --
<B><font color = 'blue'> .</font></B>  --
<B><font color = 'blue'> .</font></B>  --
<B><font color = 'blue'> .</font></B>  --
<B><font color = 'blue'> .</font></B>  --
<B><font color = 'blue'> .</font></B>  --
<B><font color = 'blue'> .</font></B>  --
<B><font color = 'blue'> .</font></B>  --
<B><font color = 'blue'> .</font></B>  --
<B><font color = 'blue'> .</font></B>  --
<B><font color = 'blue'> .</font></B>  --
<B><font color = 'blue'> .</font></B>  --
<B><font color = 'blue'> .</font></B>  --
<B><font color = 'blue'> .</font></B>  --
<B><font color = 'blue'> .</font></B>  --
<B><font color = 'blue'> .</font></B>  --
<B><font color = 'blue'> .</font></B>  -0
<B><font color = 'blue'> .</font></B>  -0
<B><font color = 'blue'> .</font></B>  -0
<B><font color = 'blue'> .</font></B>  -0
<B><font color = 'blue'> .</font></B>  -0
<B><font color = 'blue'> .</font></B>  -0
<B><font color = 'blue'> .</font></B>  -Mail Test user
<B><font color = 'blue'> .</font></B>  -Default
<B><font color = 'blue'> .</font></B>  -Default
<B><font color = 'blue'> .</font></B>  -GLB-1223888
<B><font color = 'blue'> .</font></B>  --
<B><font color = 'blue'> .</font></B>  --
<B><font color = 'blue'> .</font></B>  --
<B><font color = 'blue'> .</font></B>  --
<B><font color = 'blue'> .</font></B>  --
<B><font color = 'blue'> .</font></B>  --
<B><font color = 'blue'> .</font></B>  --
<B><font color = 'blue'> .</font></B>  --
<B><font color = 'blue'> .</font></B>  --
<B><font color = 'blue'> .</font></B>  --
<B><font color = 'blue'> .</font></B>  --
<B><font color = 'blue'> .</font></B>  --
<B><font color = 'blue'> .</font></B>  --
<B><font color = 'blue'> .</font></B>  --
<B><font color = 'blue'> .</font></B>  --
<B><font color = 'blue'> .</font></B>  --
<B><font color = 'blue'> .</font></B>  --
<B><font color = 'blue'> .</font></B>  --
<B><font color = 'blue'> .</font></B>  --
<B><font color = 'blue'> .</font></B>  --
<B><font color = 'blue'> .</font></B>  --
<B><font color = 'blue'> .</font></B>  --
<B><font color = 'blue'> .</font></B>  --
<B><font color = 'blue'> .</font></B>  --
<B><font color = 'blue'> .</font></B>  --
<B><font color = 'blue'> .</font></B>  --
<B><font color = 'blue'> .</font></B>  --
<B><font color = 'blue'> .</font></B>  --
<B><font color = 'blue'> .</font></B>  --
<B><font color = 'blue'> .</font></B>  --
<B><font color = 'blue'> .</font></B>  -0
<B><font color = 'blue'> .</font></B>  -0
<B><font color = 'blue'> .</font></B>  -0
<B><font color = 'blue'> .</font></B>  -0
<B><font color = 'blue'> .</font></B>  -0
<B><font color = 'blue'> .</font></B>  -0
<B><font color = 'blue'> .</font></B>  -Update Check
<B><font color = 'blue'> .</font></B>  -Default
<B><font color = 'blue'> .</font></B>  -Default
<B><font color = 'blue'> .</font></B>  -emp543
<B><font color = 'blue'> .</font></B>  --
<B><font color = 'blue'> .</font></B>  --
<B><font color = 'blue'> .</font></B>  --
<B><font color = 'blue'> .</font></B>  --
<B><font color = 'blue'> .</font></B>  --
<B><font color = 'blue'> .</font></B>  --
<B><font color = 'blue'> .</font></B>  --
<B><font color = 'blue'> .</font></B>  --
<B><font color = 'blue'> .</font></B>  --
<B><font color = 'blue'> .</font></B>  --
<B><font color = 'blue'> .</font></B>  --
<B><font color = 'blue'> .</font></B>  --
<B><font color = 'blue'> .</font></B>  --
<B><font color = 'blue'> .</font></B>  --
<B><font color = 'blue'> .</font></B>  --
<B><font color = 'blue'> .</font></B>  --
<B><font color = 'blue'> .</font></B>  --
<B><font color = 'blue'> .</font></B>  --
<B><font color = 'blue'> .</font></B>  --
<B><font color = 'blue'> .</font></B>  --
<B><font color = 'blue'> .</font></B>  --
<B><font color = 'blue'> .</font></B>  --
<B><font color = 'blue'> .</font></B>  --
<B><font color = 'blue'> .</font></B>  --
<B><font color = 'blue'> .</font></B>  --
<B><font color = 'blue'> .</font></B>  --
<B><font color = 'blue'> .</font></B>  --
<B><font color = 'blue'> .</font></B>  --
<B><font color = 'blue'> .</font></B>  --
<B><font color = 'blue'> .</font></B>  --
<B><font color = 'blue'> .</font></B>  -0
<B><font color = 'blue'> .</font></B>  -0
<B><font color = 'blue'> .</font></B>  -0
<B><font color = 'blue'> .</font></B>  -0
<B><font color = 'blue'> .</font></B>  -0
<B><font color = 'blue'> .</font></B>  -0
<B><font color = 'blue'> .</font></B>  -test manager
<B><font color = 'blue'> .</font></B>  -Default
<B><font color = 'blue'> .</font></B>  -Default
<B><font color = 'blue'> .</font></B>  -glb020
<B><font color = 'blue'> .</font></B>  --
<B><font color = 'blue'> .</font></B>  --
<B><font color = 'blue'> .</font></B>  --
<B><font color = 'blue'> .</font></B>  --
<B><font color = 'blue'> .</font></B>  --
<B><font color = 'blue'> .</font></B>  --
<B><font color = 'blue'> .</font></B>  --
<B><font color = 'blue'> .</font></B>  --
<B><font color = 'blue'> .</font></B>  --
<B><font color = 'blue'> .</font></B>  --
<B><font color = 'blue'> .</font></B>  --
<B><font color = 'blue'> .</font></B>  --
<B><font color = 'blue'> .</font></B>  --
<B><font color = 'blue'> .</font></B>  --
<B><font color = 'blue'> .</font></B>  --
<B><font color = 'blue'> .</font></B>  --
<B><font color = 'blue'> .</font></B>  --
<B><font color = 'blue'> .</font></B>  --
<B><font color = 'blue'> .</font></B>  --
<B><font color = 'blue'> .</font></B>  --
<B><font color = 'blue'> .</font></B>  --
<B><font color = 'blue'> .</font></B>  --
<B><font color = 'blue'> .</font></B>  --
<B><font color = 'blue'> .</font></B>  --
<B><font color = 'blue'> .</font></B>  --
<B><font color = 'blue'> .</font></B>  --
<B><font color = 'blue'> .</font></B>  --
<B><font color = 'blue'> .</font></B>  --
<B><font color = 'blue'> .</font></B>  --
<B><font color = 'blue'> .</font></B>  --
<B><font color = 'blue'> .</font></B>  -0
<B><font color = 'blue'> .</font></B>  -0
<B><font color = 'blue'> .</font></B>  -0
<B><font color = 'blue'> .</font></B>  -0
<B><font color = 'blue'> .</font></B>  -0
<B><font color = 'blue'> .</font></B>  -0
<B><font color = 'blue'> .</font></B>  -DESKTOP-PJJHB19 - GLB-BLR-002OjUpRD2
<B><font color = 'blue'> .</font></B>  -Default
<B><font color = 'blue'> .</font></B>  -Default
<B><font color = 'blue'> .</font></B>  -GLB-BLR-002OjUpRD2
<B><font color = 'blue'> .</font></B>  --
<B><font color = 'blue'> .</font></B>  --
<B><font color = 'blue'> .</font></B>  --
<B><font color = 'blue'> .</font></B>  --
<B><font color = 'blue'> .</font></B>  --
<B><font color = 'blue'> .</font></B>  --
<B><font color = 'blue'> .</font></B>  --
<B><font color = 'blue'> .</font></B>  --
<B><font color = 'blue'> .</font></B>  --
<B><font color = 'blue'> .</font></B>  --
<B><font color = 'blue'> .</font></B>  --
<B><font color = 'blue'> .</font></B>  --
<B><font color = 'blue'> .</font></B>  --
<B><font color = 'blue'> .</font></B>  --
<B><font color = 'blue'> .</font></B>  --
<B><font color = 'blue'> .</font></B>  --
<B><font color = 'blue'> .</font></B>  --
<B><font color = 'blue'> .</font></B>  --
<B><font color = 'blue'> .</font></B>  --
<B><font color = 'blue'> .</font></B>  --
<B><font color = 'blue'> .</font></B>  --
<B><font color = 'blue'> .</font></B>  --
<B><font color = 'blue'> .</font></B>  --
<B><font color = 'blue'> .</font></B>  --
<B><font color = 'blue'> .</font></B>  --
<B><font color = 'blue'> .</font></B>  --
<B><font color = 'blue'> .</font></B>  --
<B><font color = 'blue'> .</font></B>  --
<B><font color = 'blue'> .</font></B>  --
<B><font color = 'blue'> .</font></B>  --
<B><font color = 'blue'> .</font></B>  -0
<B><font color = 'blue'> .</font></B>  -0
<B><font color = 'blue'> .</font></B>  -0
<B><font color = 'blue'> .</font></B>  -0
<B><font color = 'blue'> .</font></B>  -0
<B><font color = 'blue'> .</font></B>  -0
<B><font color = 'blue'> .</font></B>  -Usb Test
<B><font color = 'blue'> .</font></B>  -Default
<B><font color = 'blue'> .</font></B>  -Default
<B><font color = 'blue'> .</font></B>  -emp0097
<B><font color = 'blue'> .</font></B>  --
<B><font color = 'blue'> .</font></B>  --
<B><font color = 'blue'> .</font></B>  --
<B><font color = 'blue'> .</font></B>  --
<B><font color = 'blue'> .</font></B>  --
<B><font color = 'blue'> .</font></B>  --
<B><font color = 'blue'> .</font></B>  --
<B><font color = 'blue'> .</font></B>  --
<B><font color = 'blue'> .</font></B>  --
<B><font color = 'blue'> .</font></B>  --
<B><font color = 'blue'> .</font></B>  --
<B><font color = 'blue'> .</font></B>  --
<B><font color = 'blue'> .</font></B>  --
<B><font color = 'blue'> .</font></B>  --
<B><font color = 'blue'> .</font></B>  --
<B><font color = 'blue'> .</font></B>  --
<B><font color = 'blue'> .</font></B>  --
<B><font color = 'blue'> .</font></B>  --
<B><font color = 'blue'> .</font></B>  --
<B><font color = 'blue'> .</font></B>  --
<B><font color = 'blue'> .</font></B>  --
<B><font color = 'blue'> .</font></B>  --
<B><font color = 'blue'> .</font></B>  --
<B><font color = 'blue'> .</font></B>  --
<B><font color = 'blue'> .</font></B>  --
<B><font color = 'blue'> .</font></B>  --
<B><font color = 'blue'> .</font></B>  --
<B><font color = 'blue'> .</font></B>  --
<B><font color = 'blue'> .</font></B>  --
<B><font color = 'blue'> .</font></B>  --
<B><font color = 'blue'> .</font></B>  -0
<B><font color = 'blue'> .</font></B>  -0
<B><font color = 'blue'> .</font></B>  -0
<B><font color = 'blue'> .</font></B>  -0
<B><font color = 'blue'> .</font></B>  -0
<B><font color = 'blue'> .</font></B>  -0
<B><font color = 'blue'> .</font></B>  -SS Keystrokes
<B><font color = 'blue'> .</font></B>  -Default
<B><font color = 'blue'> .</font></B>  -Default
<B><font color = 'blue'> .</font></B>  -emp98y
<B><font color = 'blue'> .</font></B>  --
<B><font color = 'blue'> .</font></B>  --
<B><font color = 'blue'> .</font></B>  --
<B><font color = 'blue'> .</font></B>  --
<B><font color = 'blue'> .</font></B>  --
<B><font color = 'blue'> .</font></B>  --
<B><font color = 'blue'> .</font></B>  --
<B><font color = 'blue'> .</font></B>  --
<B><font color = 'blue'> .</font></B>  --
<B><font color = 'blue'> .</font></B>  --
<B><font color = 'blue'> .</font></B>  --
<B><font color = 'blue'> .</font></B>  --
<B><font color = 'blue'> .</font></B>  --
<B><font color = 'blue'> .</font></B>  --
<B><font color = 'blue'> .</font></B>  --
<B><font color = 'blue'> .</font></B>  --
<B><font color = 'blue'> .</font></B>  --
<B><font color = 'blue'> .</font></B>  --
<B><font color = 'blue'> .</font></B>  --
<B><font color = 'blue'> .</font></B>  --
<B><font color = 'blue'> .</font></B>  --
<B><font color = 'blue'> .</font></B>  --
<B><font color = 'blue'> .</font></B>  --
<B><font color = 'blue'> .</font></B>  --
<B><font color = 'blue'> .</font></B>  --
<B><font color = 'blue'> .</font></B>  --
<B><font color = 'blue'> .</font></B>  --
<B><font color = 'blue'> .</font></B>  --
<B><font color = 'blue'> .</font></B>  --
<B><font color = 'blue'> .</font></B>  --
<B><font color = 'blue'> .</font></B>  -0
<B><font color = 'blue'> .</font></B>  -0
<B><font color = 'blue'> .</font></B>  -0
<B><font color = 'blue'> .</font></B>  -0
<B><font color = 'blue'> .</font></B>  -0
<B><font color = 'blue'> .</font></B>  -0
<B><font color = 'blue'> .</font></B>  -shivammmmmmmmmmmmmmmmmmmm Kumar
<B><font color = 'blue'> .</font></B>  -Default
<B><font color = 'blue'> .</font></B>  -Default
<B><font color = 'blue'> .</font></B>  -hsakhdjk414
<B><font color = 'blue'> .</font></B>  --
<B><font color = 'blue'> .</font></B>  --
<B><font color = 'blue'> .</font></B>  --
<B><font color = 'blue'> .</font></B>  --
<B><font color = 'blue'> .</font></B>  --
<B><font color = 'blue'> .</font></B>  --
<B><font color = 'blue'> .</font></B>  --
<B><font color = 'blue'> .</font></B>  --
<B><font color = 'blue'> .</font></B>  --
<B><font color = 'blue'> .</font></B>  --
<B><font color = 'blue'> .</font></B>  --
<B><font color = 'blue'> .</font></B>  --
<B><font color = 'blue'> .</font></B>  --
<B><font color = 'blue'> .</font></B>  --
<B><font color = 'blue'> .</font></B>  --
<B><font color = 'blue'> .</font></B>  --
<B><font color = 'blue'> .</font></B>  --
<B><font color = 'blue'> .</font></B>  --
<B><font color = 'blue'> .</font></B>  --
<B><font color = 'blue'> .</font></B>  --
<B><font color = 'blue'> .</font></B>  --
<B><font color = 'blue'> .</font></B>  --
<B><font color = 'blue'> .</font></B>  --
<B><font color = 'blue'> .</font></B>  --
<B><font color = 'blue'> .</font></B>  --
<B><font color = 'blue'> .</font></B>  --
<B><font color = 'blue'> .</font></B>  --
<B><font color = 'blue'> .</font></B>  --
<B><font color = 'blue'> .</font></B>  --
<B><font color = 'blue'> .</font></B>  --
<B><font color = 'blue'> .</font></B>  -0
<B><font color = 'blue'> .</font></B>  -0
<B><font color = 'blue'> .</font></B>  -0
<B><font color = 'blue'> .</font></B>  -0
<B><font color = 'blue'> .</font></B>  -0
<B><font color = 'blue'> .</font></B>  -0
<B><font color = 'blue'> .</font></B>  -Abhishek Four tf test
<B><font color = 'blue'> .</font></B>  -Default
<B><font color = 'blue'> .</font></B>  -Default
<B><font color = 'blue'> .</font></B>  -HLIKSJ98
<B><font color = 'blue'> .</font></B>  --
<B><font color = 'blue'> .</font></B>  --
<B><font color = 'blue'> .</font></B>  --
<B><font color = 'blue'> .</font></B>  --
<B><font color = 'blue'> .</font></B>  --
<B><font color = 'blue'> .</font></B>  --
<B><font color = 'blue'> .</font></B>  --
<B><font color = 'blue'> .</font></B>  --
<B><font color = 'blue'> .</font></B>  --
<B><font color = 'blue'> .</font></B>  --
<B><font color = 'blue'> .</font></B>  --
<B><font color = 'blue'> .</font></B>  --
<B><font color = 'blue'> .</font></B>  --
<B><font color = 'blue'> .</font></B>  --
<B><font color = 'blue'> .</font></B>  --
<B><font color = 'blue'> .</font></B>  --
<B><font color = 'blue'> .</font></B>  --
<B><font color = 'blue'> .</font></B>  --
<B><font color = 'blue'> .</font></B>  --
<B><font color = 'blue'> .</font></B>  --
<B><font color = 'blue'> .</font></B>  --
<B><font color = 'blue'> .</font></B>  --
<B><font color = 'blue'> .</font></B>  --
<B><font color = 'blue'> .</font></B>  --
<B><font color = 'blue'> .</font></B>  --
<B><font color = 'blue'> .</font></B>  --
<B><font color = 'blue'> .</font></B>  --
<B><font color = 'blue'> .</font></B>  --
<B><font color = 'blue'> .</font></B>  --
<B><font color = 'blue'> .</font></B>  --
<B><font color = 'blue'> .</font></B>  -0
<B><font color = 'blue'> .</font></B>  -0
<B><font color = 'blue'> .</font></B>  -0
<B><font color = 'blue'> .</font></B>  -0
<B><font color = 'blue'> .</font></B>  -0
<B><font color = 'blue'> .</font></B>  -0
<B><font color = 'blue'> .</font></B>  -new dev user
<B><font color = 'blue'> .</font></B>  -Default
<B><font color = 'blue'> .</font></B>  -Default
<B><font color = 'blue'> .</font></B>  -fdfsfsd
<B><font color = 'blue'> .</font></B>  --
<B><font color = 'blue'> .</font></B>  --
<B><font color = 'blue'> .</font></B>  --
<B><font color = 'blue'> .</font></B>  --
<B><font color = 'blue'> .</font></B>  --
<B><font color = 'blue'> .</font></B>  --
<B><font color = 'blue'> .</font></B>  --
<B><font color = 'blue'> .</font></B>  --
<B><font color = 'blue'> .</font></B>  --
<B><font color = 'blue'> .</font></B>  --
<B><font color = 'blue'> .</font></B>  --
<B><font color = 'blue'> .</font></B>  --
<B><font color = 'blue'> .</font></B>  --
<B><font color = 'blue'> .</font></B>  --
<B><font color = 'blue'> .</font></B>  --
<B><font color = 'blue'> .</font></B>  --
<B><font color = 'blue'> .</font></B>  --
<B><font color = 'blue'> .</font></B>  --
<B><font color = 'blue'> .</font></B>  --
<B><font color = 'blue'> .</font></B>  --
<B><font color = 'blue'> .</font></B>  --
<B><font color = 'blue'> .</font></B>  --
<B><font color = 'blue'> .</font></B>  --
<B><font color = 'blue'> .</font></B>  --
<B><font color = 'blue'> .</font></B>  --
<B><font color = 'blue'> .</font></B>  --
<B><font color = 'blue'> .</font></B>  --
<B><font color = 'blue'> .</font></B>  --
<B><font color = 'blue'> .</font></B>  --
<B><font color = 'blue'> .</font></B>  --
<B><font color = 'blue'> .</font></B>  -0
<B><font color = 'blue'> .</font></B>  -0
<B><font color = 'blue'> .</font></B>  -0
<B><font color = 'blue'> .</font></B>  -0
<B><font color = 'blue'> .</font></B>  -0
<B><font color = 'blue'> .</font></B>  -0
<B><font color = 'blue'> .</font></B>  -aaaaaaaaaa aaaaaaaaa
<B><font color = 'blue'> .</font></B>  -Bangalore
<B><font color = 'blue'> .</font></B>  -Testing
<B><font color = 'blue'> .</font></B>  -80765s
<B><font color = 'blue'> .</font></B>  -D
<B><font color = 'blue'> .</font></B>  -D
<B><font color = 'blue'> .</font></B>  -A
<B><font color = 'blue'> .</font></B>  -D
<B><font color = 'blue'> .</font></B>  -A
<B><font color = 'blue'> .</font></B>  -A
<B><font color = 'blue'> .</font></B>  -A
<B><font color = 'blue'> .</font></B>  -D
<B><font color = 'blue'> .</font></B>  -D
<B><font color = 'blue'> .</font></B>  -A
<B><font color = 'blue'> .</font></B>  -D
<B><font color = 'blue'> .</font></B>  -A
<B><font color = 'blue'> .</font></B>  -A
<B><font color = 'blue'> .</font></B>  -A
<B><font color = 'blue'> .</font></B>  -D
<B><font color = 'blue'> .</font></B>  -D
<B><font color = 'blue'> .</font></B>  -A
<B><font color = 'blue'> .</font></B>  -D
<B><font color = 'blue'> .</font></B>  --
<B><font color = 'blue'> .</font></B>  --
<B><font color = 'blue'> .</font></B>  --
<B><font color = 'blue'> .</font></B>  -D
<B><font color = 'blue'> .</font></B>  -D
<B><font color = 'blue'> .</font></B>  --
<B><font color = 'blue'> .</font></B>  -D
<B><font color = 'blue'> .</font></B>  --
<B><font color = 'blue'> .</font></B>  --
<B><font color = 'blue'> .</font></B>  --
<B><font color = 'blue'> .</font></B>  -D
<B><font color = 'blue'> .</font></B>  -D
<B><font color = 'blue'> .</font></B>  -0
<B><font color = 'blue'> .</font></B>  -0
<B><font color = 'blue'> .</font></B>  -0
<B><font color = 'blue'> .</font></B>  -9
<B><font color = 'blue'> .</font></B>  -0
<B><font color = 'blue'> .</font></B>  -14
<B><font color = 'blue'> .</font></B>  -sumesh test
<B><font color = 'blue'> .</font></B>  -Bangalore
<B><font color = 'blue'> .</font></B>  -Testing
<B><font color = 'blue'> .</font></B>  -fdgfdgf
<B><font color = 'blue'> .</font></B>  --
<B><font color = 'blue'> .</font></B>  --
<B><font color = 'blue'> .</font></B>  --
<B><font color = 'blue'> .</font></B>  --
<B><font color = 'blue'> .</font></B>  --
<B><font color = 'blue'> .</font></B>  --
<B><font color = 'blue'> .</font></B>  --
<B><font color = 'blue'> .</font></B>  --
<B><font color = 'blue'> .</font></B>  --
<B><font color = 'blue'> .</font></B>  --
<B><font color = 'blue'> .</font></B>  --
<B><font color = 'blue'> .</font></B>  --
<B><font color = 'blue'> .</font></B>  --
<B><font color = 'blue'> .</font></B>  --
<B><font color = 'blue'> .</font></B>  --
<B><font color = 'blue'> .</font></B>  --
<B><font color = 'blue'> .</font></B>  --
<B><font color = 'blue'> .</font></B>  --
<B><font color = 'blue'> .</font></B>  --
<B><font color = 'blue'> .</font></B>  --
<B><font color = 'blue'> .</font></B>  --
<B><font color = 'blue'> .</font></B>  --
<B><font color = 'blue'> .</font></B>  --
<B><font color = 'blue'> .</font></B>  --
<B><font color = 'blue'> .</font></B>  --
<B><font color = 'blue'> .</font></B>  --
<B><font color = 'blue'> .</font></B>  --
<B><font color = 'blue'> .</font></B>  --
<B><font color = 'blue'> .</font></B>  --
<B><font color = 'blue'> .</font></B>  --
<B><font color = 'blue'> .</font></B>  -0
<B><font color = 'blue'> .</font></B>  -0
<B><font color = 'blue'> .</font></B>  -0
<B><font color = 'blue'> .</font></B>  -0
<B><font color = 'blue'> .</font></B>  -0
<B><font color = 'blue'> .</font></B>  -0
<B><font color = 'blue'> .</font></B>  -Test msc
<B><font color = 'blue'> .</font></B>  -Bangalore
<B><font color = 'blue'> .</font></B>  -Testing
<B><font color = 'blue'> .</font></B>  -12254
<B><font color = 'blue'> .</font></B>  --
<B><font color = 'blue'> .</font></B>  --
<B><font color = 'blue'> .</font></B>  --
<B><font color = 'blue'> .</font></B>  --
<B><font color = 'blue'> .</font></B>  --
<B><font color = 'blue'> .</font></B>  --
<B><font color = 'blue'> .</font></B>  --
<B><font color = 'blue'> .</font></B>  --
<B><font color = 'blue'> .</font></B>  --
<B><font color = 'blue'> .</font></B>  --
<B><font color = 'blue'> .</font></B>  --
<B><font color = 'blue'> .</font></B>  --
<B><font color = 'blue'> .</font></B>  --
<B><font color = 'blue'> .</font></B>  --
<B><font color = 'blue'> .</font></B>  --
<B><font color = 'blue'> .</font></B>  --
<B><font color = 'blue'> .</font></B>  --
<B><font color = 'blue'> .</font></B>  --
<B><font color = 'blue'> .</font></B>  --
<B><font color = 'blue'> .</font></B>  --
<B><font color = 'blue'> .</font></B>  --
<B><font color = 'blue'> .</font></B>  --
<B><font color = 'blue'> .</font></B>  --
<B><font color = 'blue'> .</font></B>  --
<B><font color = 'blue'> .</font></B>  --
<B><font color = 'blue'> .</font></B>  --
<B><font color = 'blue'> .</font></B>  --
<B><font color = 'blue'> .</font></B>  --
<B><font color = 'blue'> .</font></B>  --
<B><font color = 'blue'> .</font></B>  --
<B><font color = 'blue'> .</font></B>  -0
<B><font color = 'blue'> .</font></B>  -0
<B><font color = 'blue'> .</font></B>  -0
<B><font color = 'blue'> .</font></B>  -0
<B><font color = 'blue'> .</font></B>  -0
<B><font color = 'blue'> .</font></B>  -0
<B><font color = 'blue'> .</font></B>  -deffdfds vscsc
<B><font color = 'blue'> .</font></B>  -Bangalore
<B><font color = 'blue'> .</font></B>  -Testing
<B><font color = 'blue'> .</font></B>  -1234512
<B><font color = 'blue'> .</font></B>  -A
<B><font color = 'blue'> .</font></B>  -A
<B><font color = 'blue'> .</font></B>  -A
<B><font color = 'blue'> .</font></B>  -A
<B><font color = 'blue'> .</font></B>  -A
<B><font color = 'blue'> .</font></B>  -D
<B><font color = 'blue'> .</font></B>  -A
<B><font color = 'blue'> .</font></B>  -A
<B><font color = 'blue'> .</font></B>  -A
<B><font color = 'blue'> .</font></B>  -A
<B><font color = 'blue'> .</font></B>  -A
<B><font color = 'blue'> .</font></B>  -A
<B><font color = 'blue'> .</font></B>  -D
<B><font color = 'blue'> .</font></B>  -A
<B><font color = 'blue'> .</font></B>  -A
<B><font color = 'blue'> .</font></B>  -A
<B><font color = 'blue'> .</font></B>  -A
<B><font color = 'blue'> .</font></B>  --
<B><font color = 'blue'> .</font></B>  --
<B><font color = 'blue'> .</font></B>  -D
<B><font color = 'blue'> .</font></B>  --
<B><font color = 'blue'> .</font></B>  --
<B><font color = 'blue'> .</font></B>  --
<B><font color = 'blue'> .</font></B>  --
<B><font color = 'blue'> .</font></B>  --
<B><font color = 'blue'> .</font></B>  --
<B><font color = 'blue'> .</font></B>  -D
<B><font color = 'blue'> .</font></B>  --
<B><font color = 'blue'> .</font></B>  --
<B><font color = 'blue'> .</font></B>  --
<B><font color = 'blue'> .</font></B>  -0
<B><font color = 'blue'> .</font></B>  -0
<B><font color = 'blue'> .</font></B>  -0
<B><font color = 'blue'> .</font></B>  -15
<B><font color = 'blue'> .</font></B>  -0
<B><font color = 'blue'> .</font></B>  -4
<B><font color = 'blue'> .</font></B>  -test testtt
<B><font color = 'blue'> .</font></B>  -Bangalore
<B><font color = 'blue'> .</font></B>  -Testing
<B><font color = 'blue'> .</font></B>  -GLB55
<B><font color = 'blue'> .</font></B>  --
<B><font color = 'blue'> .</font></B>  --
<B><font color = 'blue'> .</font></B>  --
<B><font color = 'blue'> .</font></B>  --
<B><font color = 'blue'> .</font></B>  --
<B><font color = 'blue'> .</font></B>  --
<B><font color = 'blue'> .</font></B>  --
<B><font color = 'blue'> .</font></B>  --
<B><font color = 'blue'> .</font></B>  --
<B><font color = 'blue'> .</font></B>  --
<B><font color = 'blue'> .</font></B>  --
<B><font color = 'blue'> .</font></B>  --
<B><font color = 'blue'> .</font></B>  --
<B><font color = 'blue'> .</font></B>  --
<B><font color = 'blue'> .</font></B>  --
<B><font color = 'blue'> .</font></B>  --
<B><font color = 'blue'> .</font></B>  --
<B><font color = 'blue'> .</font></B>  --
<B><font color = 'blue'> .</font></B>  --
<B><font color = 'blue'> .</font></B>  --
<B><font color = 'blue'> .</font></B>  --
<B><font color = 'blue'> .</font></B>  --
<B><font color = 'blue'> .</font></B>  --
<B><font color = 'blue'> .</font></B>  --
<B><font color = 'blue'> .</font></B>  --
<B><font color = 'blue'> .</font></B>  --
<B><font color = 'blue'> .</font></B>  --
<B><font color = 'blue'> .</font></B>  --
<B><font color = 'blue'> .</font></B>  --
<B><font color = 'blue'> .</font></B>  --
<B><font color = 'blue'> .</font></B>  -0
<B><font color = 'blue'> .</font></B>  -0
<B><font color = 'blue'> .</font></B>  -0
<B><font color = 'blue'> .</font></B>  -0
<B><font color = 'blue'> .</font></B>  -0
<B><font color = 'blue'> .</font></B>  -0
<B><font color = 'blue'> .</font></B>  -Abhishe tt
<B><font color = 'blue'> .</font></B>  -Bangalore
<B><font color = 'blue'> .</font></B>  -Testing
<B><font color = 'blue'> .</font></B>  -GKD567
<B><font color = 'blue'> .</font></B>  --
<B><font color = 'blue'> .</font></B>  --
<B><font color = 'blue'> .</font></B>  --
<B><font color = 'blue'> .</font></B>  --
<B><font color = 'blue'> .</font></B>  --
<B><font color = 'blue'> .</font></B>  --
<B><font color = 'blue'> .</font></B>  --
<B><font color = 'blue'> .</font></B>  --
<B><font color = 'blue'> .</font></B>  --
<B><font color = 'blue'> .</font></B>  --
<B><font color = 'blue'> .</font></B>  --
<B><font color = 'blue'> .</font></B>  --
<B><font color = 'blue'> .</font></B>  --
<B><font color = 'blue'> .</font></B>  --
<B><font color = 'blue'> .</font></B>  --
<B><font color = 'blue'> .</font></B>  --
<B><font color = 'blue'> .</font></B>  --
<B><font color = 'blue'> .</font></B>  --
<B><font color = 'blue'> .</font></B>  --
<B><font color = 'blue'> .</font></B>  --
<B><font color = 'blue'> .</font></B>  --
<B><font color = 'blue'> .</font></B>  --
<B><font color = 'blue'> .</font></B>  --
<B><font color = 'blue'> .</font></B>  --
<B><font color = 'blue'> .</font></B>  --
<B><font color = 'blue'> .</font></B>  --
<B><font color = 'blue'> .</font></B>  --
<B><font color = 'blue'> .</font></B>  --
<B><font color = 'blue'> .</font></B>  --
<B><font color = 'blue'> .</font></B>  --
<B><font color = 'blue'> .</font></B>  -0
<B><font color = 'blue'> .</font></B>  -0
<B><font color = 'blue'> .</font></B>  -0
<B><font color = 'blue'> .</font></B>  -0
<B><font color = 'blue'> .</font></B>  -0
<B><font color = 'blue'> .</font></B>  -0
<B><font color = 'blue'> .</font></B>  -test nonadmin
<B><font color = 'blue'> .</font></B>  -Bangalore
<B><font color = 'blue'> .</font></B>  -Php
<B><font color = 'blue'> .</font></B>  -GLB026
<B><font color = 'blue'> .</font></B>  --
<B><font color = 'blue'> .</font></B>  --
<B><font color = 'blue'> .</font></B>  --
<B><font color = 'blue'> .</font></B>  --
<B><font color = 'blue'> .</font></B>  --
<B><font color = 'blue'> .</font></B>  --
<B><font color = 'blue'> .</font></B>  --
<B><font color = 'blue'> .</font></B>  --
<B><font color = 'blue'> .</font></B>  --
<B><font color = 'blue'> .</font></B>  --
<B><font color = 'blue'> .</font></B>  --
<B><font color = 'blue'> .</font></B>  --
<B><font color = 'blue'> .</font></B>  --
<B><font color = 'blue'> .</font></B>  --
<B><font color = 'blue'> .</font></B>  --
<B><font color = 'blue'> .</font></B>  --
<B><font color = 'blue'> .</font></B>  --
<B><font color = 'blue'> .</font></B>  --
<B><font color = 'blue'> .</font></B>  --
<B><font color = 'blue'> .</font></B>  --
<B><font color = 'blue'> .</font></B>  --
<B><font color = 'blue'> .</font></B>  --
<B><font color = 'blue'> .</font></B>  --
<B><font color = 'blue'> .</font></B>  --
<B><font color = 'blue'> .</font></B>  --
<B><font color = 'blue'> .</font></B>  --
<B><font color = 'blue'> .</font></B>  --
<B><font color = 'blue'> .</font></B>  --
<B><font color = 'blue'> .</font></B>  --
<B><font color = 'blue'> .</font></B>  --
<B><font color = 'blue'> .</font></B>  -0
<B><font color = 'blue'> .</font></B>  -0
<B><font color = 'blue'> .</font></B>  -0
<B><font color = 'blue'> .</font></B>  -0
<B><font color = 'blue'> .</font></B>  -0
<B><font color = 'blue'> .</font></B>  -0
<B><font color = 'blue'> .</font></B>  -adg ckj
<B><font color = 'blue'> .</font></B>  -Bangalore
<B><font color = 'blue'> .</font></B>  -Testing
<B><font color = 'blue'> .</font></B>  -583
<B><font color = 'blue'> .</font></B>  --
<B><font color = 'blue'> .</font></B>  --
<B><font color = 'blue'> .</font></B>  --
<B><font color = 'blue'> .</font></B>  --
<B><font color = 'blue'> .</font></B>  --
<B><font color = 'blue'> .</font></B>  --
<B><font color = 'blue'> .</font></B>  --
<B><font color = 'blue'> .</font></B>  --
<B><font color = 'blue'> .</font></B>  --
<B><font color = 'blue'> .</font></B>  --
<B><font color = 'blue'> .</font></B>  --
<B><font color = 'blue'> .</font></B>  --
<B><font color = 'blue'> .</font></B>  --
<B><font color = 'blue'> .</font></B>  --
<B><font color = 'blue'> .</font></B>  --
<B><font color = 'blue'> .</font></B>  --
<B><font color = 'blue'> .</font></B>  --
<B><font color = 'blue'> .</font></B>  --
<B><font color = 'blue'> .</font></B>  --
<B><font color = 'blue'> .</font></B>  --
<B><font color = 'blue'> .</font></B>  --
<B><font color = 'blue'> .</font></B>  --
<B><font color = 'blue'> .</font></B>  --
<B><font color = 'blue'> .</font></B>  --
<B><font color = 'blue'> .</font></B>  --
<B><font color = 'blue'> .</font></B>  --
<B><font color = 'blue'> .</font></B>  --
<B><font color = 'blue'> .</font></B>  --
<B><font color = 'blue'> .</font></B>  --
<B><font color = 'blue'> .</font></B>  --
<B><font color = 'blue'> .</font></B>  -0
<B><font color = 'blue'> .</font></B>  -0
<B><font color = 'blue'> .</font></B>  -0
<B><font color = 'blue'> .</font></B>  -0
<B><font color = 'blue'> .</font></B>  -0
<B><font color = 'blue'> .</font></B>  -0
<B><font color = 'blue'> .</font></B>  -dominic toretto
<B><font color = 'blue'> .</font></B>  -Bangalore
<B><font color = 'blue'> .</font></B>  -Testing
<B><font color = 'blue'> .</font></B>  -EMP011
<B><font color = 'blue'> .</font></B>  --
<B><font color = 'blue'> .</font></B>  --
<B><font color = 'blue'> .</font></B>  --
<B><font color = 'blue'> .</font></B>  --
<B><font color = 'blue'> .</font></B>  --
<B><font color = 'blue'> .</font></B>  --
<B><font color = 'blue'> .</font></B>  --
<B><font color = 'blue'> .</font></B>  --
<B><font color = 'blue'> .</font></B>  --
<B><font color = 'blue'> .</font></B>  --
<B><font color = 'blue'> .</font></B>  --
<B><font color = 'blue'> .</font></B>  --
<B><font color = 'blue'> .</font></B>  --
<B><font color = 'blue'> .</font></B>  --
<B><font color = 'blue'> .</font></B>  --
<B><font color = 'blue'> .</font></B>  --
<B><font color = 'blue'> .</font></B>  --
<B><font color = 'blue'> .</font></B>  --
<B><font color = 'blue'> .</font></B>  --
<B><font color = 'blue'> .</font></B>  --
<B><font color = 'blue'> .</font></B>  --
<B><font color = 'blue'> .</font></B>  --
<B><font color = 'blue'> .</font></B>  --
<B><font color = 'blue'> .</font></B>  --
<B><font color = 'blue'> .</font></B>  --
<B><font color = 'blue'> .</font></B>  --
<B><font color = 'blue'> .</font></B>  --
<B><font color = 'blue'> .</font></B>  --
<B><font color = 'blue'> .</font></B>  --
<B><font color = 'blue'> .</font></B>  --
<B><font color = 'blue'> .</font></B>  -0
<B><font color = 'blue'> .</font></B>  -0
<B><font color = 'blue'> .</font></B>  -0
<B><font color = 'blue'> .</font></B>  -0
<B><font color = 'blue'> .</font></B>  -0
<B><font color = 'blue'> .</font></B>  -0
<B><font color = 'blue'> .</font></B>  -Abhishek Test
<B><font color = 'blue'> .</font></B>  -Bangalore
<B><font color = 'blue'> .</font></B>  -Php
<B><font color = 'blue'> .</font></B>  -rN7tvEiDPGNi4fD
<B><font color = 'blue'> .</font></B>  -A
<B><font color = 'blue'> .</font></B>  -A
<B><font color = 'blue'> .</font></B>  -A
<B><font color = 'blue'> .</font></B>  -A
<B><font color = 'blue'> .</font></B>  -D
<B><font color = 'blue'> .</font></B>  -D
<B><font color = 'blue'> .</font></B>  -A
<B><font color = 'blue'> .</font></B>  -A
<B><font color = 'blue'> .</font></B>  -A
<B><font color = 'blue'> .</font></B>  -P
<B><font color = 'blue'> .</font></B>  -P
<B><font color = 'blue'> .</font></B>  -D
<B><font color = 'blue'> .</font></B>  -D
<B><font color = 'blue'> .</font></B>  -A
<B><font color = 'blue'> .</font></B>  -A
<B><font color = 'blue'> .</font></B>  -A
<B><font color = 'blue'> .</font></B>  -A
<B><font color = 'blue'> .</font></B>  --
<B><font color = 'blue'> .</font></B>  -D
<B><font color = 'blue'> .</font></B>  -D
<B><font color = 'blue'> .</font></B>  --
<B><font color = 'blue'> .</font></B>  --
<B><font color = 'blue'> .</font></B>  --
<B><font color = 'blue'> .</font></B>  --
<B><font color = 'blue'> .</font></B>  --
<B><font color = 'blue'> .</font></B>  -D
<B><font color = 'blue'> .</font></B>  -D
<B><font color = 'blue'> .</font></B>  --
<B><font color = 'blue'> .</font></B>  --
<B><font color = 'blue'> .</font></B>  --
<B><font color = 'blue'> .</font></B>  -0
<B><font color = 'blue'> .</font></B>  -0
<B><font color = 'blue'> .</font></B>  -1
<B><font color = 'blue'> .</font></B>  -11
<B><font color = 'blue'> .</font></B>  -2
<B><font color = 'blue'> .</font></B>  -8
<B><font color = 'blue'> .</font></B>  -Superior Test one
<B><font color = 'blue'> .</font></B>  -Bangalore
<B><font color = 'blue'> .</font></B>  -Testing
<B><font color = 'blue'> .</font></B>  -twoqw
<B><font color = 'blue'> .</font></B>  --
<B><font color = 'blue'> .</font></B>  --
<B><font color = 'blue'> .</font></B>  --
<B><font color = 'blue'> .</font></B>  --
<B><font color = 'blue'> .</font></B>  --
<B><font color = 'blue'> .</font></B>  --
<B><font color = 'blue'> .</font></B>  --
<B><font color = 'blue'> .</font></B>  --
<B><font color = 'blue'> .</font></B>  --
<B><font color = 'blue'> .</font></B>  --
<B><font color = 'blue'> .</font></B>  --
<B><font color = 'blue'> .</font></B>  --
<B><font color = 'blue'> .</font></B>  --
<B><font color = 'blue'> .</font></B>  --
<B><font color = 'blue'> .</font></B>  --
<B><font color = 'blue'> .</font></B>  --
<B><font color = 'blue'> .</font></B>  --
<B><font color = 'blue'> .</font></B>  --
<B><font color = 'blue'> .</font></B>  --
<B><font color = 'blue'> .</font></B>  --
<B><font color = 'blue'> .</font></B>  --
<B><font color = 'blue'> .</font></B>  --
<B><font color = 'blue'> .</font></B>  --
<B><font color = 'blue'> .</font></B>  --
<B><font color = 'blue'> .</font></B>  --
<B><font color = 'blue'> .</font></B>  --
<B><font color = 'blue'> .</font></B>  --
<B><font color = 'blue'> .</font></B>  --
<B><font color = 'blue'> .</font></B>  --
<B><font color = 'blue'> .</font></B>  --
<B><font color = 'blue'> .</font></B>  -0
<B><font color = 'blue'> .</font></B>  -0
<B><font color = 'blue'> .</font></B>  -0
<B><font color = 'blue'> .</font></B>  -0
<B><font color = 'blue'> .</font></B>  -0
<B><font color = 'blue'> .</font></B>  -0
<B><font color = 'blue'> .</font></B>  -test testw
<B><font color = 'blue'> .</font></B>  -Bangalore
<B><font color = 'blue'> .</font></B>  -Php
<B><font color = 'blue'> .</font></B>  -aaf123
<B><font color = 'blue'> .</font></B>  --
<B><font color = 'blue'> .</font></B>  --
<B><font color = 'blue'> .</font></B>  --
<B><font color = 'blue'> .</font></B>  --
<B><font color = 'blue'> .</font></B>  --
<B><font color = 'blue'> .</font></B>  --
<B><font color = 'blue'> .</font></B>  --
<B><font color = 'blue'> .</font></B>  --
<B><font color = 'blue'> .</font></B>  --
<B><font color = 'blue'> .</font></B>  --
<B><font color = 'blue'> .</font></B>  --
<B><font color = 'blue'> .</font></B>  --
<B><font color = 'blue'> .</font></B>  --
<B><font color = 'blue'> .</font></B>  --
<B><font color = 'blue'> .</font></B>  --
<B><font color = 'blue'> .</font></B>  --
<B><font color = 'blue'> .</font></B>  --
<B><font color = 'blue'> .</font></B>  --
<B><font color = 'blue'> .</font></B>  --
<B><font color = 'blue'> .</font></B>  --
<B><font color = 'blue'> .</font></B>  --
<B><font color = 'blue'> .</font></B>  --
<B><font color = 'blue'> .</font></B>  --
<B><font color = 'blue'> .</font></B>  --
<B><font color = 'blue'> .</font></B>  --
<B><font color = 'blue'> .</font></B>  --
<B><font color = 'blue'> .</font></B>  --
<B><font color = 'blue'> .</font></B>  --
<B><font color = 'blue'> .</font></B>  --
<B><font color = 'blue'> .</font></B>  --
<B><font color = 'blue'> .</font></B>  -0
<B><font color = 'blue'> .</font></B>  -0
<B><font color = 'blue'> .</font></B>  -0
<B><font color = 'blue'> .</font></B>  -0
<B><font color = 'blue'> .</font></B>  -0
<B><font color = 'blue'> .</font></B>  -0
<B><font color = 'blue'> .</font></B>  -sam eer
<B><font color = 'blue'> .</font></B>  -Bangalore
<B><font color = 'blue'> .</font></B>  -Testing
<B><font color = 'blue'> .</font></B>  -WSAERT2Q34E
<B><font color = 'blue'> .</font></B>  --
<B><font color = 'blue'> .</font></B>  --
<B><font color = 'blue'> .</font></B>  --
<B><font color = 'blue'> .</font></B>  --
<B><font color = 'blue'> .</font></B>  --
<B><font color = 'blue'> .</font></B>  --
<B><font color = 'blue'> .</font></B>  --
<B><font color = 'blue'> .</font></B>  --
<B><font color = 'blue'> .</font></B>  --
<B><font color = 'blue'> .</font></B>  --
<B><font color = 'blue'> .</font></B>  --
<B><font color = 'blue'> .</font></B>  --
<B><font color = 'blue'> .</font></B>  --
<B><font color = 'blue'> .</font></B>  --
<B><font color = 'blue'> .</font></B>  --
<B><font color = 'blue'> .</font></B>  --
<B><font color = 'blue'> .</font></B>  --
<B><font color = 'blue'> .</font></B>  --
<B><font color = 'blue'> .</font></B>  --
<B><font color = 'blue'> .</font></B>  --
<B><font color = 'blue'> .</font></B>  --
<B><font color = 'blue'> .</font></B>  --
<B><font color = 'blue'> .</font></B>  --
<B><font color = 'blue'> .</font></B>  --
<B><font color = 'blue'> .</font></B>  --
<B><font color = 'blue'> .</font></B>  --
<B><font color = 'blue'> .</font></B>  --
<B><font color = 'blue'> .</font></B>  --
<B><font color = 'blue'> .</font></B>  --
<B><font color = 'blue'> .</font></B>  --
<B><font color = 'blue'> .</font></B>  -0
<B><font color = 'blue'> .</font></B>  -0
<B><font color = 'blue'> .</font></B>  -0
<B><font color = 'blue'> .</font></B>  -0
<B><font color = 'blue'> .</font></B>  -0
<B><font color = 'blue'> .</font></B>  -0
<B><font color = 'blue'> .</font></B>  -Test test
<B><font color = 'blue'> .</font></B>  -Bangalore
<B><font color = 'blue'> .</font></B>  -Testing
<B><font color = 'blue'> .</font></B>  -E-101
<B><font color = 'blue'> .</font></B>  -A
<B><font color = 'blue'> .</font></B>  -A
<B><font color = 'blue'> .</font></B>  -A
<B><font color = 'blue'> .</font></B>  -A
<B><font color = 'blue'> .</font></B>  -D
<B><font color = 'blue'> .</font></B>  -D
<B><font color = 'blue'> .</font></B>  -A
<B><font color = 'blue'> .</font></B>  -A
<B><font color = 'blue'> .</font></B>  -A
<B><font color = 'blue'> .</font></B>  -A
<B><font color = 'blue'> .</font></B>  -A
<B><font color = 'blue'> .</font></B>  -D
<B><font color = 'blue'> .</font></B>  -D
<B><font color = 'blue'> .</font></B>  -A
<B><font color = 'blue'> .</font></B>  -A
<B><font color = 'blue'> .</font></B>  -A
<B><font color = 'blue'> .</font></B>  -A
<B><font color = 'blue'> .</font></B>  --
<B><font color = 'blue'> .</font></B>  -D
<B><font color = 'blue'> .</font></B>  -D
<B><font color = 'blue'> .</font></B>  --
<B><font color = 'blue'> .</font></B>  --
<B><font color = 'blue'> .</font></B>  --
<B><font color = 'blue'> .</font></B>  --
<B><font color = 'blue'> .</font></B>  --
<B><font color = 'blue'> .</font></B>  -D
<B><font color = 'blue'> .</font></B>  -D
<B><font color = 'blue'> .</font></B>  --
<B><font color = 'blue'> .</font></B>  --
<B><font color = 'blue'> .</font></B>  --
<B><font color = 'blue'> .</font></B>  -0
<B><font color = 'blue'> .</font></B>  -0
<B><font color = 'blue'> .</font></B>  -0
<B><font color = 'blue'> .</font></B>  -13
<B><font color = 'blue'> .</font></B>  -0
<B><font color = 'blue'> .</font></B>  -8
<B><font color = 'blue'> .</font></B>  -sithu kalluru
<B><font color = 'blue'> .</font></B>  -Bangalore
<B><font color = 'blue'> .</font></B>  -Testing
<B><font color = 'blue'> .</font></B>  -code12
<B><font color = 'blue'> .</font></B>  --
<B><font color = 'blue'> .</font></B>  --
<B><font color = 'blue'> .</font></B>  --
<B><font color = 'blue'> .</font></B>  --
<B><font color = 'blue'> .</font></B>  --
<B><font color = 'blue'> .</font></B>  --
<B><font color = 'blue'> .</font></B>  --
<B><font color = 'blue'> .</font></B>  --
<B><font color = 'blue'> .</font></B>  --
<B><font color = 'blue'> .</font></B>  --
<B><font color = 'blue'> .</font></B>  --
<B><font color = 'blue'> .</font></B>  --
<B><font color = 'blue'> .</font></B>  --
<B><font color = 'blue'> .</font></B>  --
<B><font color = 'blue'> .</font></B>  --
<B><font color = 'blue'> .</font></B>  --
<B><font color = 'blue'> .</font></B>  --
<B><font color = 'blue'> .</font></B>  --
<B><font color = 'blue'> .</font></B>  --
<B><font color = 'blue'> .</font></B>  --
<B><font color = 'blue'> .</font></B>  --
<B><font color = 'blue'> .</font></B>  --
<B><font color = 'blue'> .</font></B>  --
<B><font color = 'blue'> .</font></B>  --
<B><font color = 'blue'> .</font></B>  --
<B><font color = 'blue'> .</font></B>  --
<B><font color = 'blue'> .</font></B>  --
<B><font color = 'blue'> .</font></B>  --
<B><font color = 'blue'> .</font></B>  --
<B><font color = 'blue'> .</font></B>  --
<B><font color = 'blue'> .</font></B>  -0
<B><font color = 'blue'> .</font></B>  -0
<B><font color = 'blue'> .</font></B>  -0
<B><font color = 'blue'> .</font></B>  -0
<B><font color = 'blue'> .</font></B>  -0
<B><font color = 'blue'> .</font></B>  -0
<B><font color = 'blue'> .</font></B>  -test123 abcd
<B><font color = 'blue'> .</font></B>  -Bangalore
<B><font color = 'blue'> .</font></B>  -Testing
<B><font color = 'blue'> .</font></B>  -code123z
<B><font color = 'blue'> .</font></B>  --
<B><font color = 'blue'> .</font></B>  --
<B><font color = 'blue'> .</font></B>  --
<B><font color = 'blue'> .</font></B>  --
<B><font color = 'blue'> .</font></B>  --
<B><font color = 'blue'> .</font></B>  --
<B><font color = 'blue'> .</font></B>  --
<B><font color = 'blue'> .</font></B>  --
<B><font color = 'blue'> .</font></B>  --
<B><font color = 'blue'> .</font></B>  --
<B><font color = 'blue'> .</font></B>  --
<B><font color = 'blue'> .</font></B>  --
<B><font color = 'blue'> .</font></B>  --
<B><font color = 'blue'> .</font></B>  --
<B><font color = 'blue'> .</font></B>  --
<B><font color = 'blue'> .</font></B>  --
<B><font color = 'blue'> .</font></B>  --
<B><font color = 'blue'> .</font></B>  --
<B><font color = 'blue'> .</font></B>  --
<B><font color = 'blue'> .</font></B>  --
<B><font color = 'blue'> .</font></B>  --
<B><font color = 'blue'> .</font></B>  --
<B><font color = 'blue'> .</font></B>  --
<B><font color = 'blue'> .</font></B>  --
<B><font color = 'blue'> .</font></B>  --
<B><font color = 'blue'> .</font></B>  --
<B><font color = 'blue'> .</font></B>  --
<B><font color = 'blue'> .</font></B>  --
<B><font color = 'blue'> .</font></B>  --
<B><font color = 'blue'> .</font></B>  --
<B><font color = 'blue'> .</font></B>  -0
<B><font color = 'blue'> .</font></B>  -0
<B><font color = 'blue'> .</font></B>  -0
<B><font color = 'blue'> .</font></B>  -0
<B><font color = 'blue'> .</font></B>  -0
<B><font color = 'blue'> .</font></B>  -0
<B><font color = 'blue'> .</font></B>  -testing test
<B><font color = 'blue'> .</font></B>  -Bangalore
<B><font color = 'blue'> .</font></B>  -Php
<B><font color = 'blue'> .</font></B>  -glb0008
<B><font color = 'blue'> .</font></B>  --
<B><font color = 'blue'> .</font></B>  --
<B><font color = 'blue'> .</font></B>  --
<B><font color = 'blue'> .</font></B>  --
<B><font color = 'blue'> .</font></B>  --
<B><font color = 'blue'> .</font></B>  --
<B><font color = 'blue'> .</font></B>  --
<B><font color = 'blue'> .</font></B>  --
<B><font color = 'blue'> .</font></B>  --
<B><font color = 'blue'> .</font></B>  --
<B><font color = 'blue'> .</font></B>  --
<B><font color = 'blue'> .</font></B>  --
<B><font color = 'blue'> .</font></B>  --
<B><font color = 'blue'> .</font></B>  --
<B><font color = 'blue'> .</font></B>  --
<B><font color = 'blue'> .</font></B>  --
<B><font color = 'blue'> .</font></B>  --
<B><font color = 'blue'> .</font></B>  --
<B><font color = 'blue'> .</font></B>  --
<B><font color = 'blue'> .</font></B>  --
<B><font color = 'blue'> .</font></B>  --
<B><font color = 'blue'> .</font></B>  --
<B><font color = 'blue'> .</font></B>  --
<B><font color = 'blue'> .</font></B>  --
<B><font color = 'blue'> .</font></B>  --
<B><font color = 'blue'> .</font></B>  --
<B><font color = 'blue'> .</font></B>  --
<B><font color = 'blue'> .</font></B>  --
<B><font color = 'blue'> .</font></B>  --
<B><font color = 'blue'> .</font></B>  --
<B><font color = 'blue'> .</font></B>  -0
<B><font color = 'blue'> .</font></B>  -0
<B><font color = 'blue'> .</font></B>  -0
<B><font color = 'blue'> .</font></B>  -0
<B><font color = 'blue'> .</font></B>  -0
<B><font color = 'blue'> .</font></B>  -0
<B><font color = 'blue'> .</font></B>  -Automation CodeeeAuto
<B><font color = 'blue'> .</font></B>  -Bangalore
<B><font color = 'blue'> .</font></B>  -Testing
<B><font color = 'blue'> .</font></B>  -Emp-Abzcde-1234522
<B><font color = 'blue'> .</font></B>  -A
<B><font color = 'blue'> .</font></B>  -A
<B><font color = 'blue'> .</font></B>  -A
<B><font color = 'blue'> .</font></B>  -A
<B><font color = 'blue'> .</font></B>  -A
<B><font color = 'blue'> .</font></B>  -D
<B><font color = 'blue'> .</font></B>  -A
<B><font color = 'blue'> .</font></B>  -A
<B><font color = 'blue'> .</font></B>  -A
<B><font color = 'blue'> .</font></B>  -A
<B><font color = 'blue'> .</font></B>  -A
<B><font color = 'blue'> .</font></B>  -A
<B><font color = 'blue'> .</font></B>  -D
<B><font color = 'blue'> .</font></B>  -A
<B><font color = 'blue'> .</font></B>  -A
<B><font color = 'blue'> .</font></B>  -A
<B><font color = 'blue'> .</font></B>  -A
<B><font color = 'blue'> .</font></B>  --
<B><font color = 'blue'> .</font></B>  --
<B><font color = 'blue'> .</font></B>  -D
<B><font color = 'blue'> .</font></B>  --
<B><font color = 'blue'> .</font></B>  --
<B><font color = 'blue'> .</font></B>  --
<B><font color = 'blue'> .</font></B>  --
<B><font color = 'blue'> .</font></B>  --
<B><font color = 'blue'> .</font></B>  --
<B><font color = 'blue'> .</font></B>  -D
<B><font color = 'blue'> .</font></B>  --
<B><font color = 'blue'> .</font></B>  --
<B><font color = 'blue'> .</font></B>  --
<B><font color = 'blue'> .</font></B>  -0
<B><font color = 'blue'> .</font></B>  -0
<B><font color = 'blue'> .</font></B>  -0
<B><font color = 'blue'> .</font></B>  -15
<B><font color = 'blue'> .</font></B>  -0
<B><font color = 'blue'> .</font></B>  -4
<B><font color = 'blue'> .</font></B>  -piyush dfgsfg
<B><font color = 'blue'> .</font></B>  -Bangalore
<B><font color = 'blue'> .</font></B>  -Testing
<B><font color = 'blue'> .</font></B>  -sdgff
<B><font color = 'blue'> .</font></B>  -A
<B><font color = 'blue'> .</font></B>  -A
<B><font color = 'blue'> .</font></B>  -A
<B><font color = 'blue'> .</font></B>  -A
<B><font color = 'blue'> .</font></B>  -A
<B><font color = 'blue'> .</font></B>  -A
<B><font color = 'blue'> .</font></B>  -A
<B><font color = 'blue'> .</font></B>  -A
<B><font color = 'blue'> .</font></B>  -A
<B><font color = 'blue'> .</font></B>  -A
<B><font color = 'blue'> .</font></B>  -A
<B><font color = 'blue'> .</font></B>  -A
<B><font color = 'blue'> .</font></B>  -A
<B><font color = 'blue'> .</font></B>  -A
<B><font color = 'blue'> .</font></B>  -A
<B><font color = 'blue'> .</font></B>  -A
<B><font color = 'blue'> .</font></B>  -A
<B><font color = 'blue'> .</font></B>  --
<B><font color = 'blue'> .</font></B>  --
<B><font color = 'blue'> .</font></B>  --
<B><font color = 'blue'> .</font></B>  --
<B><font color = 'blue'> .</font></B>  --
<B><font color = 'blue'> .</font></B>  --
<B><font color = 'blue'> .</font></B>  --
<B><font color = 'blue'> .</font></B>  --
<B><font color = 'blue'> .</font></B>  --
<B><font color = 'blue'> .</font></B>  --
<B><font color = 'blue'> .</font></B>  --
<B><font color = 'blue'> .</font></B>  --
<B><font color = 'blue'> .</font></B>  --
<B><font color = 'blue'> .</font></B>  -0
<B><font color = 'blue'> .</font></B>  -0
<B><font color = 'blue'> .</font></B>  -0
<B><font color = 'blue'> .</font></B>  -17
<B><font color = 'blue'> .</font></B>  -0
<B><font color = 'blue'> .</font></B>  -0
<B><font color = 'blue'> .</font></B>  -Aryan raj
<B><font color = 'blue'> .</font></B>  -Bangalore
<B><font color = 'blue'> .</font></B>  -Testing
<B><font color = 'blue'> .</font></B>  -126
<B><font color = 'blue'> .</font></B>  --
<B><font color = 'blue'> .</font></B>  --
<B><font color = 'blue'> .</font></B>  --
<B><font color = 'blue'> .</font></B>  --
<B><font color = 'blue'> .</font></B>  --
<B><font color = 'blue'> .</font></B>  --
<B><font color = 'blue'> .</font></B>  --
<B><font color = 'blue'> .</font></B>  --
<B><font color = 'blue'> .</font></B>  --
<B><font color = 'blue'> .</font></B>  --
<B><font color = 'blue'> .</font></B>  --
<B><font color = 'blue'> .</font></B>  --
<B><font color = 'blue'> .</font></B>  --
<B><font color = 'blue'> .</font></B>  --
<B><font color = 'blue'> .</font></B>  --
<B><font color = 'blue'> .</font></B>  --
<B><font color = 'blue'> .</font></B>  --
<B><font color = 'blue'> .</font></B>  --
<B><font color = 'blue'> .</font></B>  --
<B><font color = 'blue'> .</font></B>  --
<B><font color = 'blue'> .</font></B>  --
<B><font color = 'blue'> .</font></B>  --
<B><font color = 'blue'> .</font></B>  --
<B><font color = 'blue'> .</font></B>  --
<B><font color = 'blue'> .</font></B>  --
<B><font color = 'blue'> .</font></B>  --
<B><font color = 'blue'> .</font></B>  --
<B><font color = 'blue'> .</font></B>  --
<B><font color = 'blue'> .</font></B>  --
<B><font color = 'blue'> .</font></B>  --
<B><font color = 'blue'> .</font></B>  -0
<B><font color = 'blue'> .</font></B>  -0
<B><font color = 'blue'> .</font></B>  -0
<B><font color = 'blue'> .</font></B>  -0
<B><font color = 'blue'> .</font></B>  -0
<B><font color = 'blue'> .</font></B>  -0
<B><font color = 'blue'> .</font></B>  -Automation CodeeeAuto
<B><font color = 'blue'> .</font></B>  -Bangalore
<B><font color = 'blue'> .</font></B>  -Testing
<B><font color = 'blue'> .</font></B>  -Emp-Abzcde-123457
<B><font color = 'blue'> .</font></B>  -A
<B><font color = 'blue'> .</font></B>  -A
<B><font color = 'blue'> .</font></B>  -A
<B><font color = 'blue'> .</font></B>  -A
<B><font color = 'blue'> .</font></B>  -A
<B><font color = 'blue'> .</font></B>  -D
<B><font color = 'blue'> .</font></B>  -A
<B><font color = 'blue'> .</font></B>  -A
<B><font color = 'blue'> .</font></B>  -A
<B><font color = 'blue'> .</font></B>  -A
<B><font color = 'blue'> .</font></B>  -A
<B><font color = 'blue'> .</font></B>  -A
<B><font color = 'blue'> .</font></B>  -D
<B><font color = 'blue'> .</font></B>  -A
<B><font color = 'blue'> .</font></B>  -A
<B><font color = 'blue'> .</font></B>  -A
<B><font color = 'blue'> .</font></B>  -A
<B><font color = 'blue'> .</font></B>  --
<B><font color = 'blue'> .</font></B>  --
<B><font color = 'blue'> .</font></B>  -D
<B><font color = 'blue'> .</font></B>  --
<B><font color = 'blue'> .</font></B>  --
<B><font color = 'blue'> .</font></B>  --
<B><font color = 'blue'> .</font></B>  --
<B><font color = 'blue'> .</font></B>  --
<B><font color = 'blue'> .</font></B>  --
<B><font color = 'blue'> .</font></B>  -D
<B><font color = 'blue'> .</font></B>  --
<B><font color = 'blue'> .</font></B>  --
<B><font color = 'blue'> .</font></B>  --
<B><font color = 'blue'> .</font></B>  -0
<B><font color = 'blue'> .</font></B>  -0
<B><font color = 'blue'> .</font></B>  -0
<B><font color = 'blue'> .</font></B>  -15
<B><font color = 'blue'> .</font></B>  -0
<B><font color = 'blue'> .</font></B>  -4
<B><font color = 'blue'> .</font></B>  -D Surya Prabhakar
<B><font color = 'blue'> .</font></B>  -bengaluru
<B><font color = 'blue'> .</font></B>  -Testing
<B><font color = 'blue'> .</font></B>  -EM010
<B><font color = 'blue'> .</font></B>  --
<B><font color = 'blue'> .</font></B>  --
<B><font color = 'blue'> .</font></B>  --
<B><font color = 'blue'> .</font></B>  --
<B><font color = 'blue'> .</font></B>  --
<B><font color = 'blue'> .</font></B>  --
<B><font color = 'blue'> .</font></B>  --
<B><font color = 'blue'> .</font></B>  --
<B><font color = 'blue'> .</font></B>  --
<B><font color = 'blue'> .</font></B>  --
<B><font color = 'blue'> .</font></B>  --
<B><font color = 'blue'> .</font></B>  --
<B><font color = 'blue'> .</font></B>  --
<B><font color = 'blue'> .</font></B>  --
<B><font color = 'blue'> .</font></B>  --
<B><font color = 'blue'> .</font></B>  --
<B><font color = 'blue'> .</font></B>  --
<B><font color = 'blue'> .</font></B>  --
<B><font color = 'blue'> .</font></B>  --
<B><font color = 'blue'> .</font></B>  --
<B><font color = 'blue'> .</font></B>  --
<B><font color = 'blue'> .</font></B>  --
<B><font color = 'blue'> .</font></B>  --
<B><font color = 'blue'> .</font></B>  --
<B><font color = 'blue'> .</font></B>  --
<B><font color = 'blue'> .</font></B>  --
<B><font color = 'blue'> .</font></B>  --
<B><font color = 'blue'> .</font></B>  --
<B><font color = 'blue'> .</font></B>  --
<B><font color = 'blue'> .</font></B>  --
<B><font color = 'blue'> .</font></B>  -0
<B><font color = 'blue'> .</font></B>  -0
<B><font color = 'blue'> .</font></B>  -0
<B><font color = 'blue'> .</font></B>  -0
<B><font color = 'blue'> .</font></B>  -0
<B><font color = 'blue'> .</font></B>  -0
<B><font color = 'blue'> .</font></B>  -R o       hit Sharma
<B><font color = 'blue'> .</font></B>  -bengaluru
<B><font color = 'blue'> .</font></B>  -Testing
<B><font color = 'blue'> .</font></B>  -67645
<B><font color = 'blue'> .</font></B>  -A
<B><font color = 'blue'> .</font></B>  -A
<B><font color = 'blue'> .</font></B>  -A
<B><font color = 'blue'> .</font></B>  -A
<B><font color = 'blue'> .</font></B>  -A
<B><font color = 'blue'> .</font></B>  -D
<B><font color = 'blue'> .</font></B>  -A
<B><font color = 'blue'> .</font></B>  -A
<B><font color = 'blue'> .</font></B>  -A
<B><font color = 'blue'> .</font></B>  -A
<B><font color = 'blue'> .</font></B>  -A
<B><font color = 'blue'> .</font></B>  -A
<B><font color = 'blue'> .</font></B>  -D
<B><font color = 'blue'> .</font></B>  -A
<B><font color = 'blue'> .</font></B>  -A
<B><font color = 'blue'> .</font></B>  -A
<B><font color = 'blue'> .</font></B>  -A
<B><font color = 'blue'> .</font></B>  --
<B><font color = 'blue'> .</font></B>  --
<B><font color = 'blue'> .</font></B>  -D
<B><font color = 'blue'> .</font></B>  --
<B><font color = 'blue'> .</font></B>  --
<B><font color = 'blue'> .</font></B>  --
<B><font color = 'blue'> .</font></B>  --
<B><font color = 'blue'> .</font></B>  --
<B><font color = 'blue'> .</font></B>  --
<B><font color = 'blue'> .</font></B>  -D
<B><font color = 'blue'> .</font></B>  --
<B><font color = 'blue'> .</font></B>  --
<B><font color = 'blue'> .</font></B>  --
<B><font color = 'blue'> .</font></B>  -0
<B><font color = 'blue'> .</font></B>  -0
<B><font color = 'blue'> .</font></B>  -0
<B><font color = 'blue'> .</font></B>  -15
<B><font color = 'blue'> .</font></B>  -0
<B><font color = 'blue'> .</font></B>  -4
<B><font color = 'blue'> .</font></B>  -ni test
<B><font color = 'blue'> .</font></B>  -bengaluru
<B><font color = 'blue'> .</font></B>  -Testing
<B><font color = 'blue'> .</font></B>  -GLB678
<B><font color = 'blue'> .</font></B>  --
<B><font color = 'blue'> .</font></B>  --
<B><font color = 'blue'> .</font></B>  --
<B><font color = 'blue'> .</font></B>  --
<B><font color = 'blue'> .</font></B>  --
<B><font color = 'blue'> .</font></B>  --
<B><font color = 'blue'> .</font></B>  --
<B><font color = 'blue'> .</font></B>  --
<B><font color = 'blue'> .</font></B>  --
<B><font color = 'blue'> .</font></B>  --
<B><font color = 'blue'> .</font></B>  --
<B><font color = 'blue'> .</font></B>  --
<B><font color = 'blue'> .</font></B>  --
<B><font color = 'blue'> .</font></B>  --
<B><font color = 'blue'> .</font></B>  --
<B><font color = 'blue'> .</font></B>  --
<B><font color = 'blue'> .</font></B>  --
<B><font color = 'blue'> .</font></B>  --
<B><font color = 'blue'> .</font></B>  --
<B><font color = 'blue'> .</font></B>  --
<B><font color = 'blue'> .</font></B>  --
<B><font color = 'blue'> .</font></B>  --
<B><font color = 'blue'> .</font></B>  --
<B><font color = 'blue'> .</font></B>  --
<B><font color = 'blue'> .</font></B>  --
<B><font color = 'blue'> .</font></B>  --
<B><font color = 'blue'> .</font></B>  --
<B><font color = 'blue'> .</font></B>  --
<B><font color = 'blue'> .</font></B>  --
<B><font color = 'blue'> .</font></B>  --
<B><font color = 'blue'> .</font></B>  -0
<B><font color = 'blue'> .</font></B>  -0
<B><font color = 'blue'> .</font></B>  -0
<B><font color = 'blue'> .</font></B>  -0
<B><font color = 'blue'> .</font></B>  -0
<B><font color = 'blue'> .</font></B>  -0
<B><font color = 'blue'> .</font></B>  -one test
<B><font color = 'blue'> .</font></B>  -bengaluru
<B><font color = 'blue'> .</font></B>  -Testing
<B><font color = 'blue'> .</font></B>  -0110
<B><font color = 'blue'> .</font></B>  -A
<B><font color = 'blue'> .</font></B>  -A
<B><font color = 'blue'> .</font></B>  -A
<B><font color = 'blue'> .</font></B>  -A
<B><font color = 'blue'> .</font></B>  -D
<B><font color = 'blue'> .</font></B>  -D
<B><font color = 'blue'> .</font></B>  -A
<B><font color = 'blue'> .</font></B>  -A
<B><font color = 'blue'> .</font></B>  -A
<B><font color = 'blue'> .</font></B>  -A
<B><font color = 'blue'> .</font></B>  -A
<B><font color = 'blue'> .</font></B>  -D
<B><font color = 'blue'> .</font></B>  -D
<B><font color = 'blue'> .</font></B>  -A
<B><font color = 'blue'> .</font></B>  -A
<B><font color = 'blue'> .</font></B>  -A
<B><font color = 'blue'> .</font></B>  -A
<B><font color = 'blue'> .</font></B>  --
<B><font color = 'blue'> .</font></B>  -D
<B><font color = 'blue'> .</font></B>  -D
<B><font color = 'blue'> .</font></B>  --
<B><font color = 'blue'> .</font></B>  --
<B><font color = 'blue'> .</font></B>  --
<B><font color = 'blue'> .</font></B>  --
<B><font color = 'blue'> .</font></B>  --
<B><font color = 'blue'> .</font></B>  -D
<B><font color = 'blue'> .</font></B>  -D
<B><font color = 'blue'> .</font></B>  --
<B><font color = 'blue'> .</font></B>  --
<B><font color = 'blue'> .</font></B>  --
<B><font color = 'blue'> .</font></B>  -0
<B><font color = 'blue'> .</font></B>  -0
<B><font color = 'blue'> .</font></B>  -0
<B><font color = 'blue'> .</font></B>  -13
<B><font color = 'blue'> .</font></B>  -0
<B><font color = 'blue'> .</font></B>  -8
<B><font color = 'blue'> .</font></B>  -GLB-BLR-010-PC - GLB-BLR-010
<B><font color = 'blue'> .</font></B>  -bengaluru
<B><font color = 'blue'> .</font></B>  -Testing
<B><font color = 'blue'> .</font></B>  -GLB-BLR-010
<B><font color = 'blue'> .</font></B>  --
<B><font color = 'blue'> .</font></B>  --
<B><font color = 'blue'> .</font></B>  --
<B><font color = 'blue'> .</font></B>  --
<B><font color = 'blue'> .</font></B>  --
<B><font color = 'blue'> .</font></B>  --
<B><font color = 'blue'> .</font></B>  --
<B><font color = 'blue'> .</font></B>  --
<B><font color = 'blue'> .</font></B>  --
<B><font color = 'blue'> .</font></B>  --
<B><font color = 'blue'> .</font></B>  --
<B><font color = 'blue'> .</font></B>  --
<B><font color = 'blue'> .</font></B>  --
<B><font color = 'blue'> .</font></B>  --
<B><font color = 'blue'> .</font></B>  --
<B><font color = 'blue'> .</font></B>  --
<B><font color = 'blue'> .</font></B>  --
<B><font color = 'blue'> .</font></B>  --
<B><font color = 'blue'> .</font></B>  --
<B><font color = 'blue'> .</font></B>  --
<B><font color = 'blue'> .</font></B>  --
<B><font color = 'blue'> .</font></B>  --
<B><font color = 'blue'> .</font></B>  --
<B><font color = 'blue'> .</font></B>  --
<B><font color = 'blue'> .</font></B>  --
<B><font color = 'blue'> .</font></B>  --
<B><font color = 'blue'> .</font></B>  --
<B><font color = 'blue'> .</font></B>  --
<B><font color = 'blue'> .</font></B>  --
<B><font color = 'blue'> .</font></B>  --
<B><font color = 'blue'> .</font></B>  -0
<B><font color = 'blue'> .</font></B>  -0
<B><font color = 'blue'> .</font></B>  -0
<B><font color = 'blue'> .</font></B>  -0
<B><font color = 'blue'> .</font></B>  -0
<B><font color = 'blue'> .</font></B>  -0
<B><font color = 'blue'> .</font></B>  -surya kk
<B><font color = 'blue'> .</font></B>  -Tamilnadu
<B><font color = 'blue'> .</font></B>  -Test and Dev
<B><font color = 'blue'> .</font></B>  -mmmmm
<B><font color = 'blue'> .</font></B>  -D
<B><font color = 'blue'> .</font></B>  -D
<B><font color = 'blue'> .</font></B>  -A
<B><font color = 'blue'> .</font></B>  -D
<B><font color = 'blue'> .</font></B>  -A
<B><font color = 'blue'> .</font></B>  -A
<B><font color = 'blue'> .</font></B>  -A
<B><font color = 'blue'> .</font></B>  -D
<B><font color = 'blue'> .</font></B>  -D
<B><font color = 'blue'> .</font></B>  -A
<B><font color = 'blue'> .</font></B>  -D
<B><font color = 'blue'> .</font></B>  -A
<B><font color = 'blue'> .</font></B>  -A
<B><font color = 'blue'> .</font></B>  -A
<B><font color = 'blue'> .</font></B>  -D
<B><font color = 'blue'> .</font></B>  -D
<B><font color = 'blue'> .</font></B>  -A
<B><font color = 'blue'> .</font></B>  -D
<B><font color = 'blue'> .</font></B>  --
<B><font color = 'blue'> .</font></B>  --
<B><font color = 'blue'> .</font></B>  --
<B><font color = 'blue'> .</font></B>  -D
<B><font color = 'blue'> .</font></B>  -D
<B><font color = 'blue'> .</font></B>  --
<B><font color = 'blue'> .</font></B>  -D
<B><font color = 'blue'> .</font></B>  --
<B><font color = 'blue'> .</font></B>  --
<B><font color = 'blue'> .</font></B>  --
<B><font color = 'blue'> .</font></B>  -D
<B><font color = 'blue'> .</font></B>  -D
<B><font color = 'blue'> .</font></B>  -0
<B><font color = 'blue'> .</font></B>  -0
<B><font color = 'blue'> .</font></B>  -0
<B><font color = 'blue'> .</font></B>  -9
<B><font color = 'blue'> .</font></B>  -0
<B><font color = 'blue'> .</font></B>  -14
<B><font color = 'blue'> .</font></B>  -sai kk
<B><font color = 'blue'> .</font></B>  -Tamilnadu
<B><font color = 'blue'> .</font></B>  -Test and Dev
<B><font color = 'blue'> .</font></B>  -20221019
<B><font color = 'blue'> .</font></B>  --
<B><font color = 'blue'> .</font></B>  --
<B><font color = 'blue'> .</font></B>  --
<B><font color = 'blue'> .</font></B>  --
<B><font color = 'blue'> .</font></B>  --
<B><font color = 'blue'> .</font></B>  --
<B><font color = 'blue'> .</font></B>  --
<B><font color = 'blue'> .</font></B>  --
<B><font color = 'blue'> .</font></B>  --
<B><font color = 'blue'> .</font></B>  --
<B><font color = 'blue'> .</font></B>  --
<B><font color = 'blue'> .</font></B>  --
<B><font color = 'blue'> .</font></B>  --
<B><font color = 'blue'> .</font></B>  --
<B><font color = 'blue'> .</font></B>  --
<B><font color = 'blue'> .</font></B>  --
<B><font color = 'blue'> .</font></B>  --
<B><font color = 'blue'> .</font></B>  --
<B><font color = 'blue'> .</font></B>  --
<B><font color = 'blue'> .</font></B>  --
<B><font color = 'blue'> .</font></B>  --
<B><font color = 'blue'> .</font></B>  --
<B><font color = 'blue'> .</font></B>  --
<B><font color = 'blue'> .</font></B>  --
<B><font color = 'blue'> .</font></B>  --
<B><font color = 'blue'> .</font></B>  --
<B><font color = 'blue'> .</font></B>  --
<B><font color = 'blue'> .</font></B>  --
<B><font color = 'blue'> .</font></B>  --
<B><font color = 'blue'> .</font></B>  --
<B><font color = 'blue'> .</font></B>  -0
<B><font color = 'blue'> .</font></B>  -0
<B><font color = 'blue'> .</font></B>  -0
<B><font color = 'blue'> .</font></B>  -0
<B><font color = 'blue'> .</font></B>  -0
<B><font color = 'blue'> .</font></B>  -0
<B><font color = 'blue'> .</font></B>  -ajeethemp test
<B><font color = 'blue'> .</font></B>  -Tamilnadu
<B><font color = 'blue'> .</font></B>  -Test and Dev
<B><font color = 'blue'> .</font></B>  -A01
<B><font color = 'blue'> .</font></B>  --
<B><font color = 'blue'> .</font></B>  --
<B><font color = 'blue'> .</font></B>  --
<B><font color = 'blue'> .</font></B>  --
<B><font color = 'blue'> .</font></B>  --
<B><font color = 'blue'> .</font></B>  --
<B><font color = 'blue'> .</font></B>  --
<B><font color = 'blue'> .</font></B>  --
<B><font color = 'blue'> .</font></B>  --
<B><font color = 'blue'> .</font></B>  --
<B><font color = 'blue'> .</font></B>  --
<B><font color = 'blue'> .</font></B>  --
<B><font color = 'blue'> .</font></B>  --
<B><font color = 'blue'> .</font></B>  --
<B><font color = 'blue'> .</font></B>  --
<B><font color = 'blue'> .</font></B>  --
<B><font color = 'blue'> .</font></B>  --
<B><font color = 'blue'> .</font></B>  --
<B><font color = 'blue'> .</font></B>  --
<B><font color = 'blue'> .</font></B>  --
<B><font color = 'blue'> .</font></B>  --
<B><font color = 'blue'> .</font></B>  --
<B><font color = 'blue'> .</font></B>  --
<B><font color = 'blue'> .</font></B>  --
<B><font color = 'blue'> .</font></B>  --
<B><font color = 'blue'> .</font></B>  --
<B><font color = 'blue'> .</font></B>  --
<B><font color = 'blue'> .</font></B>  --
<B><font color = 'blue'> .</font></B>  --
<B><font color = 'blue'> .</font></B>  --
<B><font color = 'blue'> .</font></B>  -0
<B><font color = 'blue'> .</font></B>  -0
<B><font color = 'blue'> .</font></B>  -0
<B><font color = 'blue'> .</font></B>  -0
<B><font color = 'blue'> .</font></B>  -0
<B><font color = 'blue'> .</font></B>  -0
<B><font color = 'blue'> .</font></B>  -test user two
<B><font color = 'blue'> .</font></B>  -Tamilnadu
<B><font color = 'blue'> .</font></B>  -Test and Dev
<B><font color = 'blue'> .</font></B>  -GSLL-327
<B><font color = 'blue'> .</font></B>  --
<B><font color = 'blue'> .</font></B>  --
<B><font color = 'blue'> .</font></B>  --
<B><font color = 'blue'> .</font></B>  --
<B><font color = 'blue'> .</font></B>  --
<B><font color = 'blue'> .</font></B>  --
<B><font color = 'blue'> .</font></B>  --
<B><font color = 'blue'> .</font></B>  --
<B><font color = 'blue'> .</font></B>  --
<B><font color = 'blue'> .</font></B>  --
<B><font color = 'blue'> .</font></B>  --
<B><font color = 'blue'> .</font></B>  --
<B><font color = 'blue'> .</font></B>  --
<B><font color = 'blue'> .</font></B>  --
<B><font color = 'blue'> .</font></B>  --
<B><font color = 'blue'> .</font></B>  --
<B><font color = 'blue'> .</font></B>  --
<B><font color = 'blue'> .</font></B>  --
<B><font color = 'blue'> .</font></B>  --
<B><font color = 'blue'> .</font></B>  --
<B><font color = 'blue'> .</font></B>  --
<B><font color = 'blue'> .</font></B>  --
<B><font color = 'blue'> .</font></B>  --
<B><font color = 'blue'> .</font></B>  --
<B><font color = 'blue'> .</font></B>  --
<B><font color = 'blue'> .</font></B>  --
<B><font color = 'blue'> .</font></B>  --
<B><font color = 'blue'> .</font></B>  --
<B><font color = 'blue'> .</font></B>  --
<B><font color = 'blue'> .</font></B>  --
<B><font color = 'blue'> .</font></B>  -0
<B><font color = 'blue'> .</font></B>  -0
<B><font color = 'blue'> .</font></B>  -0
<B><font color = 'blue'> .</font></B>  -0
<B><font color = 'blue'> .</font></B>  -0
<B><font color = 'blue'> .</font></B>  -0
<B><font color = 'blue'> .</font></B>  -Himanshu Kumar
<B><font color = 'blue'> .</font></B>  -bagalkot
<B><font color = 'blue'> .</font></B>  -manual testing
<B><font color = 'blue'> .</font></B>  -EM011
<B><font color = 'blue'> .</font></B>  --
<B><font color = 'blue'> .</font></B>  --
<B><font color = 'blue'> .</font></B>  --
<B><font color = 'blue'> .</font></B>  --
<B><font color = 'blue'> .</font></B>  --
<B><font color = 'blue'> .</font></B>  --
<B><font color = 'blue'> .</font></B>  --
<B><font color = 'blue'> .</font></B>  --
<B><font color = 'blue'> .</font></B>  --
<B><font color = 'blue'> .</font></B>  --
<B><font color = 'blue'> .</font></B>  --
<B><font color = 'blue'> .</font></B>  --
<B><font color = 'blue'> .</font></B>  --
<B><font color = 'blue'> .</font></B>  --
<B><font color = 'blue'> .</font></B>  --
<B><font color = 'blue'> .</font></B>  --
<B><font color = 'blue'> .</font></B>  --
<B><font color = 'blue'> .</font></B>  --
<B><font color = 'blue'> .</font></B>  --
<B><font color = 'blue'> .</font></B>  --
<B><font color = 'blue'> .</font></B>  --
<B><font color = 'blue'> .</font></B>  --
<B><font color = 'blue'> .</font></B>  --
<B><font color = 'blue'> .</font></B>  --
<B><font color = 'blue'> .</font></B>  --
<B><font color = 'blue'> .</font></B>  --
<B><font color = 'blue'> .</font></B>  --
<B><font color = 'blue'> .</font></B>  --
<B><font color = 'blue'> .</font></B>  --
<B><font color = 'blue'> .</font></B>  --
<B><font color = 'blue'> .</font></B>  -0
<B><font color = 'blue'> .</font></B>  -0
<B><font color = 'blue'> .</font></B>  -0
<B><font color = 'blue'> .</font></B>  -0
<B><font color = 'blue'> .</font></B>  -0
<B><font color = 'blue'> .</font></B>  -0
<B><font color = 'blue'> .</font></B>  -dxgfdxg gssdg
<B><font color = 'blue'> .</font></B>  -Bhilai
<B><font color = 'blue'> .</font></B>  -Php
<B><font color = 'blue'> .</font></B>  -asfda343443
<B><font color = 'blue'> .</font></B>  --
<B><font color = 'blue'> .</font></B>  --
<B><font color = 'blue'> .</font></B>  --
<B><font color = 'blue'> .</font></B>  --
<B><font color = 'blue'> .</font></B>  --
<B><font color = 'blue'> .</font></B>  --
<B><font color = 'blue'> .</font></B>  --
<B><font color = 'blue'> .</font></B>  --
<B><font color = 'blue'> .</font></B>  --
<B><font color = 'blue'> .</font></B>  --
<B><font color = 'blue'> .</font></B>  --
<B><font color = 'blue'> .</font></B>  --
<B><font color = 'blue'> .</font></B>  --
<B><font color = 'blue'> .</font></B>  --
<B><font color = 'blue'> .</font></B>  --
<B><font color = 'blue'> .</font></B>  --
<B><font color = 'blue'> .</font></B>  --
<B><font color = 'blue'> .</font></B>  --
<B><font color = 'blue'> .</font></B>  --
<B><font color = 'blue'> .</font></B>  --
<B><font color = 'blue'> .</font></B>  --
<B><font color = 'blue'> .</font></B>  --
<B><font color = 'blue'> .</font></B>  --
<B><font color = 'blue'> .</font></B>  --
<B><font color = 'blue'> .</font></B>  --
<B><font color = 'blue'> .</font></B>  --
<B><font color = 'blue'> .</font></B>  --
<B><font color = 'blue'> .</font></B>  --
<B><font color = 'blue'> .</font></B>  --
<B><font color = 'blue'> .</font></B>  --
<B><font color = 'blue'> .</font></B>  -0
<B><font color = 'blue'> .</font></B>  -0
<B><font color = 'blue'> .</font></B>  -0
<B><font color = 'blue'> .</font></B>  -0
<B><font color = 'blue'> .</font></B>  -0
<B><font color = 'blue'> .</font></B>  -0
<B><font color = 'blue'> .</font></B>  -Guest User
<B><font color = 'blue'> .</font></B>  -Bhilai
<B><font color = 'blue'> .</font></B>  -Php
<B><font color = 'blue'> .</font></B>  -GLB-777
<B><font color = 'blue'> .</font></B>  -A
<B><font color = 'blue'> .</font></B>  -A
<B><font color = 'blue'> .</font></B>  -A
<B><font color = 'blue'> .</font></B>  -A
<B><font color = 'blue'> .</font></B>  -D
<B><font color = 'blue'> .</font></B>  -D
<B><font color = 'blue'> .</font></B>  -A
<B><font color = 'blue'> .</font></B>  -A
<B><font color = 'blue'> .</font></B>  -A
<B><font color = 'blue'> .</font></B>  -A
<B><font color = 'blue'> .</font></B>  -P
<B><font color = 'blue'> .</font></B>  -D
<B><font color = 'blue'> .</font></B>  -D
<B><font color = 'blue'> .</font></B>  -P
<B><font color = 'blue'> .</font></B>  -P
<B><font color = 'blue'> .</font></B>  -P
<B><font color = 'blue'> .</font></B>  -P
<B><font color = 'blue'> .</font></B>  --
<B><font color = 'blue'> .</font></B>  -D
<B><font color = 'blue'> .</font></B>  -D
<B><font color = 'blue'> .</font></B>  --
<B><font color = 'blue'> .</font></B>  --
<B><font color = 'blue'> .</font></B>  --
<B><font color = 'blue'> .</font></B>  --
<B><font color = 'blue'> .</font></B>  --
<B><font color = 'blue'> .</font></B>  -D
<B><font color = 'blue'> .</font></B>  -D
<B><font color = 'blue'> .</font></B>  --
<B><font color = 'blue'> .</font></B>  --
<B><font color = 'blue'> .</font></B>  --
<B><font color = 'blue'> .</font></B>  -0
<B><font color = 'blue'> .</font></B>  -0
<B><font color = 'blue'> .</font></B>  -3
<B><font color = 'blue'> .</font></B>  -8
<B><font color = 'blue'> .</font></B>  -6
<B><font color = 'blue'> .</font></B>  -6]]>
  </system-out>
</testsuite> <!-- com.emp.testcases.EmployeeAttendanceTest -->
