<?xml version="1.0" encoding="UTF-8"?>
<!-- Generated by org.testng.reporters.JUnitReportReporter -->
<testsuite hostname="DESKTOP-Q7KOQDL" failures="0" tests="1" name="com.emp.testcases.AutoEmailReportsTest" time="38.616" errors="0" timestamp="2022-08-29T10:59:13 IST" skipped="0">
  <testcase classname="com.emp.testcases.AutoEmailReportsTest" name="AutoEmailReportsTest" time="38.616"/>
  <system-out>
    <![CDATA[<B><font color = 'blue'>SteP1 .</font></B> clicked on AutoemailReports
<B><font color = 'blue'>Step2.</font></B> clicked on ShowEntries DropDown
<B><font color = 'blue'>Step3.</font></B> clicked on SelectNewReport
<B><font color = 'blue'>Step4.</font></B>  Given title name as ABCDE 
<B><font color = 'blue'>Step5.</font></B> clicked on  Frequency_Daily_RadioButton
<B><font color = 'blue'>Step6.</font></B> Given Recipients_Email name as abcde@gmail.com 
<B><font color = 'blue'>Step7.</font></B> clicked on  I_want_to_recieve_email_checkBox
<B><font color = 'blue'>Step8.</font></B> clicked on Productivity_checkBox
<B><font color = 'blue'>Step9.</font></B> clicked on  PDF_checkBox
<B><font color = 'blue'>Step10.</font></B> clicked on  CSV_CheckBox
<B><font color = 'blue'>Step11.</font></B> clicked on organzation_chekBox
<B><font color = 'blue'>Step12.</font></B> clicked on Send_Testmail
<B><font color = 'blue'>Step13.</font></B> clicked on OK_Button
<B><font color = 'blue'>Step14.</font></B> clicked on  Save_Button]]>
  </system-out>
</testsuite> <!-- com.emp.testcases.AutoEmailReportsTest -->
