<?xml version="1.0" encoding="UTF-8"?>
<!-- Generated by org.testng.reporters.JUnitReportReporter -->
<testsuite hostname="LAPTOP-GF0QQ927" failures="0" tests="1" name="com.emp.testcases.AlertsNotifiationsTest" time="24.032" errors="0" timestamp="2022-11-17T12:31:24 IST" skipped="0">
  <testcase classname="com.emp.testcases.AlertsNotifiationsTest" name="AlertsNotifiationsPage" time="24.032"/>
  <system-out>
    <![CDATA[<B><font color = 'blue'>Step1 .</font></B> clicked on Behavior Module and Selected Alerts Notification Sub-Module
<B><font color = 'blue'>Step2 .</font></B> clicked on Location Drop-Down and Selected Any Location
<B><font color = 'blue'>Step3 .</font></B> clicked on Department Drop-Down and Selected Any Department
<B><font color = 'blue'>Step4 .</font></B> clicked on Employee Drop-Down and Selected Any employee
<B><font color = 'blue'>Step5 .</font></B> clicked on Calender Drop-Down and Selected Days 
<B><font color = 'blue'>Step6 .</font></B> clicked on Last_30_Days]]>
  </system-out>
</testsuite> <!-- com.emp.testcases.AlertsNotifiationsTest -->
