<?xml version="1.0" encoding="UTF-8"?>
<!-- Generated by org.testng.reporters.JUnitReportReporter -->
<testsuite hostname="LAPTOP-GF0QQ927" failures="0" tests="1" name="com.emp.testcases.EmployeeRoleUpdateTest" time="38.922" errors="0" timestamp="2022-11-16T11:25:17 IST" skipped="0">
  <testcase classname="com.emp.testcases.EmployeeRoleUpdateTest" name="EmployeeRoleUpdateTest" time="38.922"/>
  <system-out>
    <![CDATA[<B><font color = 'blue'>Step1 .</font></B> clicked on Employee Module and Selected  Employee-Details Sub-Module 
<B><font color = 'blue'>Step2 .</font></B> clicked on Scroller 
<B><font color = 'blue'>Step3 .</font></B> clicked on Update-Role Button
<B><font color = 'blue'>Step5 .</font></B> clicked on UpdateRoleSaveButton
<B><font color = 'blue'>Step6 .</font></B> clicked on EmloyeeFullDetails
<B><font color = 'blue'>Step7 .</font></B> clicked on EmployeeEditButton
<B><font color = 'blue'>Step8 .</font></B> clicked on ExitButton]]>
  </system-out>
</testsuite> <!-- com.emp.testcases.EmployeeRoleUpdateTest -->
