<?xml version="1.0" encoding="UTF-8"?>
<!-- Generated by org.testng.reporters.JUnitReportReporter -->
<testsuite hostname="LAPTOP-GF0QQ927" failures="0" tests="1" name="com.emp.testcases.RolesPermissionTest" time="46.565" errors="0" timestamp="2022-11-17T12:31:24 IST" skipped="0">
  <testcase classname="com.emp.testcases.RolesPermissionTest" name="RolesPermissionTest" time="46.565"/>
  <system-out>
    <![CDATA[<B><font color = 'blue'>Step1 .</font></B> clicked on Sttings Module and Selected  Roles-And-Permission Sub-module 
<B><font color = 'blue'>Step2 .</font></B> clicked on Add New-Role Button
<B><font color = 'blue'>Step3 .</font></B> clicked on Role-name Test field and  Entered Role Name 
<B><font color = 'blue'>Step4 .</font></B> clicked on Location Drop-down and  Selected Location 
<B><font color = 'blue'>Step5 .</font></B> clicked on Department Drop-down and  Select Department
<B><font color = 'blue'>Step6 .</font></B> clicked on save Button
<B><font color = 'blue'>Step7 .</font></B> clicked on  Last-page Button
<B><font color = 'blue'>Step8 .</font></B> clicked write_CheckBox
<B><font color = 'blue'>Step9 .</font></B> clicked on  Delete Check Box
<B><font color = 'blue'>Step10 .</font></B> clicked on  Settings
<B><font color = 'blue'>Step11 .</font></B> clicked on  Employee-Website-usage Button 
<B><font color = 'blue'>Step12.</font></B> selected All option (check-box )
<B><font color = 'blue'>Step13.</font></B> clicked on  save Button]]>
  </system-out>
</testsuite> <!-- com.emp.testcases.RolesPermissionTest -->
