<?xml version="1.0" encoding="UTF-8"?>
<!-- Generated by org.testng.reporters.JUnitReportReporter -->
<testsuite hostname="LAPTOP-GF0QQ927" failures="0" tests="1" name="com.emp.testcases.Dashboardtest5_Top_10_Active_Employees_Checking_Test" time="32.093" errors="0" timestamp="2022-11-18T17:45:34 IST" skipped="0">
  <testcase classname="com.emp.testcases.Dashboardtest5_Top_10_Active_Employees_Checking_Test" name="Top_10_Active_Employees_Test" time="32.093"/>
  <system-out>
    <![CDATA[<B><font color = 'blue'>Step1 .</font></B> Clicked on Top-10-Active-Employees-Employees_Location Drop-down and Selected Any Location 
<B><font color = 'blue'>Step2 .</font></B> Clicked on Top-10-Active Employees_Department Drop-down and Selected Any Department
<B><font color = 'blue'>Step3 .</font></B> Clicked on Top-10-Active Employees Today Button
<B><font color = 'green'>  </font></B>  
<B><font color = 'green'>  Today  Active Employees Data </font></B>  
<B><font color = 'blue'>  </font></B>    Employee Name--Time (Hours)
<B><font color = 'blue'>  </font></B>    Abhishek Four tf test--00:00:49 hrs
<B><font color = 'blue'>Step4 .</font></B> Clicked on Top-10-Active Employees_Yesterday Button
<B><font color = 'green'>  </font></B>  
<B><font color = 'green'> Yesterday  Active  Employees Data </font></B>   
<B><font color = 'blue'> </font></B>    Employee Name--Time (Hours)
<B><font color = 'blue'>  </font></B>    Abhishek Four tf test--00:00:12 hrs
<B><font color = 'blue'>  </font></B>    Guest User--00:00:12 hrs
<B><font color = 'blue'>Step5 .</font></B> Clicked on Top-10-Active Employees_Thisweek Button
<B><font color = 'green'>  </font></B>  
<B><font color = 'green'>  This Week  Active Employees Data </font></B>  
<B><font color = 'blue'> </font></B>    Employee Name--Time (Hours)
<B><font color = 'blue'>  </font></B>    GLB-BLR-010-PC - GLB-BLR-010--00:14:59 hrs
<B><font color = 'blue'>  </font></B>    Guest User--00:14:59 hrs
<B><font color = 'blue'>  </font></B>    Aryan raj--00:14:59 hrs
<B><font color = 'blue'>  </font></B>    Abhishek Four tf test--00:14:59 hrs
<B><font color = 'blue'>  </font></B>    SS Keystrokes--00:14:59 hrs]]>
  </system-out>
</testsuite> <!-- com.emp.testcases.Dashboardtest5_Top_10_Active_Employees_Checking_Test -->
