<?xml version="1.0" encoding="UTF-8"?>
<!-- Generated by org.testng.reporters.JUnitReportReporter -->
<testsuite hostname="LAPTOP-GF0QQ927" failures="0" tests="1" name="com.emp.testcases.Dashboardtest4_Top_10_Non_Productive_Employees_Checking_Test" time="32.235" errors="0" timestamp="2022-11-18T17:45:34 IST" skipped="0">
  <testcase classname="com.emp.testcases.Dashboardtest4_Top_10_Non_Productive_Employees_Checking_Test" name="Top_10_Non_Productive_Employees_Test" time="32.235"/>
  <system-out>
    <![CDATA[<B><font color = 'blue'>Step1 .</font></B> Clicked on Top-10-Non_Productive_Employees Location Drop-down and Selected Any Location 
<B><font color = 'blue'>Step2 .</font></B> Clicked on Top-10-Non_Productive_Employees Department Drop-down and Selected Any Department
<B><font color = 'blue'>Step3 .</font></B> Clicked on Top10NonProductiveEmployees_Today Button
<B><font color = 'blue'>  </font></B>  
<B><font color = 'red'>  Today  unproductive Employees Data </font></B>  
<B><font color = 'blue'>  </font></B>    Employee Name--Time (Hours)
<B><font color = 'blue'>Step4 .</font></B> Clicked on Top10NonProductiveEmployees_Yesterday Button
<B><font color = 'blue'>  </font></B>  
<B><font color = 'red'> Yesterday  unproductive Employees Data </font></B>   
<B><font color = 'blue'> </font></B>    Employee Name--Time (Hours)
<B><font color = 'blue'>Step5 .</font></B> Clicked on Top10NonProductiveEmployees_Thisweek Button
<B><font color = 'blue'>  </font></B>  
<B><font color = 'red'>  This Week  unproductive Employees Dat </font></B>  
<B><font color = 'blue'> </font></B>    Employee Name--Time (Hours)
<B><font color = 'blue'>  </font></B>    GLB-BLR-010-PC - GLB-BLR-010--00:05:00 hrs (0.15%)
<B><font color = 'blue'>  </font></B>    Aryan raj--00:05:00 hrs (0.15%)]]>
  </system-out>
</testsuite> <!-- com.emp.testcases.Dashboardtest4_Top_10_Non_Productive_Employees_Checking_Test -->
