<?xml version="1.0" encoding="UTF-8"?>
<!-- Generated by org.testng.reporters.JUnitReportReporter -->
<testsuite hostname="LAPTOP-GF0QQ927" failures="0" tests="1" name="com.emp.testcases.UseOfApplicationTest" time="33.595" errors="0" timestamp="2022-11-17T12:31:24 IST" skipped="0">
  <testcase classname="com.emp.testcases.UseOfApplicationTest" name="UseOfWebsitesPage" time="33.595"/>
  <system-out>
    <![CDATA[<B><font color = 'blue'>Step1 .</font></B> clicked on Reports Module and Selcted Web_APP_usage Sub-Module 
<B><font color = 'blue'>Step2 .</font></B> clicked on  Location Drop-down and Selected Any Location 
<B><font color = 'blue'>Step3.</font></B> clicked on Department Drop-down and  Selected Any Department 
<B><font color = 'blue'>Step4.</font></B> clicked on Employee Drop-down and  Selected Any Employee
<B><font color = 'blue'>Step5.</font></B> clicked on Calendar Drop-down and Selcted Day's
<B><font color = 'blue'>Step6.</font></B> clicked on Last30days
<B><font color = 'blue'>Step7.</font></B> clicked on Aplication_Button
<B><font color = 'blue'>Step8.</font></B> clicked on Excel Button ]]>
  </system-out>
</testsuite> <!-- com.emp.testcases.UseOfApplicationTest -->
