<?xml version="1.0" encoding="UTF-8"?>
<!-- Generated by org.testng.reporters.JUnitReportReporter -->
<testsuite hostname="LAPTOP-GF0QQ927" failures="0" tests="1" name="com.emp.testcases.RegisterEmployeeTest" time="47.979" errors="0" timestamp="2022-11-18T17:14:11 IST" skipped="0">
  <testcase classname="com.emp.testcases.RegisterEmployeeTest" name="RegisterEmployeeTest" time="47.979"/>
  <system-out>
    <![CDATA[<B><font color = 'blue'>Step1 .</font></B> clicked on Employee_Details
<B><font color = 'blue'>Step2 .</font></B> clicked  on Register_Employee Button
<B><font color = 'blue'>Step3 .</font></B> Clicked on First_name text space  & Enter Name
<B><font color = 'blue'>Step4 .</font></B> clicked  on Lastname text space & Enter name 
<B><font color = 'blue'>Step5 .</font></B> clicked on email Text space & Enter email
<B><font color = 'blue'>Step6 .</font></B> clicked on password text space & Enter password 
<B><font color = 'blue'>Step7 .</font></B> clicked on confirm_password text space & Enter confirm_password
<B><font color = 'blue'>Step8 .</font></B> clicked on Mobile_number & Enter Phone number
<B><font color = 'blue'>Step9 .</font></B> clicked on Employee_code text space & Enter Employee code 
<B><font color = 'blue'>Step10 .</font></B> clicked on Location Drop down & select location
<B><font color = 'blue'>Step11.</font></B> clicked on Role Drop down &  Select  Role 
<B><font color = 'blue'>Step12.</font></B> clicked on Department Drop down & select Dept
<B><font color = 'blue'>Step13.</font></B> clicked on Date_of_joining 
<B><font color = 'blue'>Step14.</font></B> clicked on Timezone Drop down & Select Time zone 
<B><font color = 'blue'>Step15.</font></B> clicked on Asia_Kolkata
<B><font color = 'blue'>Step16.</font></B> clicked on Image_Uploaded Button and Selected Employee Image 
<B><font color = 'blue'>Step17.</font></B> clicked on select shift Drop down & select shift 
<B><font color = 'blue'>Step18.</font></B> clicked on Address Text space & Enter Address
<B><font color = 'blue'>Step19.</font></B> clicked on Register Button ]]>
  </system-out>
</testsuite> <!-- com.emp.testcases.RegisterEmployeeTest -->
