<?xml version="1.0" encoding="UTF-8"?>
<!-- Generated by org.testng.reporters.JUnitReportReporter -->
<testsuite hostname="DESKTOP-Q7KOQDL" failures="0" tests="1" name="com.emp.testcases.EmployeeAttendanceTest" time="32.729" errors="0" timestamp="2022-09-05T13:40:37 IST" skipped="0">
  <testcase classname="com.emp.testcases.EmployeeAttendanceTest" name="EmployeeAttendanceTest" time="32.729"/>
  <system-out>
    <![CDATA[<B><font color = 'blue'>Step1 .</font></B> clicked on EmployeeAttendance
<B><font color = 'blue'>Step2 .</font></B> clicked on ShowEntries_DropDown
<B><font color = 'blue'>Step3 .</font></B> clicked on Monthyear_DropDown
<B><font color = 'blue'>Step4 .</font></B> clicked on Location_DropDown
<B><font color = 'blue'>Step5.</font></B> clicked on Department_DropDown
<B><font color = 'blue'>Step6 .</font></B> clicked on ExportExcel_Button]]>
  </system-out>
</testsuite> <!-- com.emp.testcases.EmployeeAttendanceTest -->
