<?xml version="1.0" encoding="UTF-8"?>
<!-- Generated by org.testng.reporters.JUnitReportReporter -->
<testsuite hostname="DESKTOP-Q7KOQDL" failures="0" tests="1" name="com.emp.testcases.RolesAndPermissionTest" time="22.032" errors="0" timestamp="2022-08-11T15:37:47 IST" skipped="0">
  <testcase classname="com.emp.testcases.RolesAndPermissionTest" name="RolesAndPermissionTest" time="22.032"/>
  <system-out>
    <![CDATA[<B><font color = 'blue'>Step1 .</font></B> clicked on RolesAndPermission
<B><font color = 'blue'>Step2 .</font></B> clicked on Addnewrole_Button
<B><font color = 'blue'>Step3 .</font></B> clicked on Rolename
<B><font color = 'blue'>Step4 .</font></B> clicked on Location
<B><font color = 'blue'>Step5 .</font></B> clicked on Department
<B><font color = 'blue'>Step5 .</font></B> clicked on save butto]]>
  </system-out>
</testsuite> <!-- com.emp.testcases.RolesAndPermissionTest -->
