<?xml version="1.0" encoding="UTF-8"?>
<!-- Generated by org.testng.reporters.JUnitReportReporter -->
<testsuite hostname="LAPTOP-GF0QQ927" failures="0" tests="1" name="com.emp.testcases.StorageTypeTest" time="22.000" errors="0" timestamp="2022-11-17T12:31:24 IST" skipped="0">
  <testcase classname="com.emp.testcases.StorageTypeTest" name="StorageTypeTest" time="22.000"/>
  <system-out>
    <![CDATA[<B><font color = 'blue'>Step1 .</font></B> Clicked on Settings Module and Selected StorageType Sub-Module 
<B><font color = 'blue'>Step2 .</font></B> Clicked on  Add_Storage Button 
<B><font color = 'blue'>Step3 .</font></B> Clicked on  Storage-Type_Dropdown and  Selected Strorage Type]]>
  </system-out>
</testsuite> <!-- com.emp.testcases.StorageTypeTest -->
