<?xml version="1.0" encoding="UTF-8"?>
<!-- Generated by org.testng.reporters.JUnitReportReporter -->
<testsuite hostname="DESKTOP-Q7KOQDL" failures="0" tests="1" name="com.emp.testcases.HrmsHolidaysTest" time="72.132" errors="0" timestamp="2022-08-11T13:37:49 IST" skipped="0">
  <testcase classname="com.emp.testcases.HrmsHolidaysTest" name="HrmsHolidaysTest" time="72.132"/>
  <system-out>
    <![CDATA[<B><font color = 'blue'>Step1 .</font></B> clicked on Hrms Button
<B><font color = 'blue'>Step2 .</font></B> clicked on Attendance
<B><font color = 'blue'>Step3 .</font></B> clicked on Holidays
<B><font color = 'blue'>Step4 .</font></B> clicked on AddHolidayList
<B><font color = 'blue'>Step5 .</font></B> clicked on HolidayName
<B><font color = 'blue'>Step6 .</font></B> clicked on HolidayDate
<B><font color = 'blue'>Step7 .</font></B> clicked on AddMore
<B><font color = 'blue'>Step8 .</font></B> clicked on HolidayName2
<B><font color = 'blue'>Step9 .</font></B> clicked on HolidayDate2
<B><font color = 'blue'>Step10 .</font></B> clicked on Create_Button]]>
  </system-out>
</testsuite> <!-- com.emp.testcases.HrmsHolidaysTest -->
