<?xml version="1.0" encoding="UTF-8"?>
<!-- Generated by org.testng.reporters.JUnitReportReporter -->
<testsuite hostname="DESKTOP-Q7KOQDL" failures="0" tests="1" name="com.emp.testcases.RegisterEmployeeTest" time="39.140" errors="0" timestamp="2022-09-07T13:29:18 IST" skipped="0">
  <testcase classname="com.emp.testcases.RegisterEmployeeTest" name="RegisterEmployeeTest" time="39.140"/>
  <system-out>
    <![CDATA[<B><font color = 'blue'>Step1 .</font></B> clickedonEmployeeDetails
<B><font color = 'blue'>Step2 .</font></B> clickedonRegisterEmployee
<B><font color = 'blue'>Step3 .</font></B> clickedonFirstname
<B><font color = 'blue'>Step4 .</font></B> Lastname
<B><font color = 'blue'>Step5 .</font></B> clickedonemail
<B><font color = 'blue'>Step6 .</font></B> clicked on password
<B><font color = 'blue'>Step7 .</font></B> clickedonconfirmpassword
<B><font color = 'blue'>Step8 .</font></B> clicked on Mobilenumber
<B><font color = 'blue'>Step9 .</font></B> clickedonEmployeecode
<B><font color = 'blue'>Step10 .</font></B> clickedonLocation
<B><font color = 'blue'>Step11.</font></B> clicked on Role
<B><font color = 'blue'>Step12.</font></B> clickedonDepartment
<B><font color = 'blue'>Step13.</font></B> clickedonDateofjoining
<B><font color = 'blue'>Step14.</font></B> clickedonTimezone
<B><font color = 'blue'>Step15.</font></B> clicke on AsiaKolkata
<B><font color = 'blue'>Step16.</font></B> clickedonselectshift
<B><font color = 'blue'>Step17.</font></B> clickedonAddress
<B><font color = 'blue'>Step18.</font></B> clickedonRegister]]>
  </system-out>
</testsuite> <!-- com.emp.testcases.RegisterEmployeeTest -->
