<?xml version="1.0" encoding="UTF-8"?>
<!-- Generated by org.testng.reporters.JUnitReportReporter -->
<testsuite hostname="LAPTOP-GF0QQ927" failures="0" tests="1" name="com.emp.testcases.LocalizationTest" time="17.208" errors="0" timestamp="2022-11-17T12:31:24 IST" skipped="0">
  <testcase classname="com.emp.testcases.LocalizationTest" name="LocalizationTest" time="17.208"/>
  <system-out>
    <![CDATA[<B><font color = 'blue'>Step1 .</font></B> clicked on Settings Module and Selected  Localiation Sub-Module 
<B><font color = 'blue'>Step2 .</font></B> clicked on Time-Zone Drop-down  and Selected Time Zone
<B><font color = 'blue'>Step3 .</font></B> clicked on Save_Button]]>
  </system-out>
</testsuite> <!-- com.emp.testcases.LocalizationTest -->
