<?xml version="1.0" encoding="UTF-8"?>
<!-- Generated by org.testng.reporters.JUnitReportReporter -->
<testsuite hostname="LAPTOP-GF0QQ927" failures="0" tests="2" name="com.emp.testcases.TimeSheetsTest" time="68.851" errors="0" timestamp="2022-11-17T12:31:24 IST" skipped="0">
  <testcase classname="com.emp.testcases.TimeSheetsTest" name="TimeSheetsTest_CSV" time="35.473"/>
  <system-out>
    <![CDATA[<B><font color = 'blue'>Step1 .</font></B> clicked on  Loction Drop-down and Selcted Any Location
<B><font color = 'blue'>Step2.</font></B> clicked on Department Drop-down and  Selected Department
<B><font color = 'blue'>Step3.</font></B> clicked on Employee Drop-down and Selected Any Employee
<B><font color = 'blue'>Step4.</font></B> clicked on Calendar Drop-down and Selected Day's
<B><font color = 'blue'>Step5.</font></B> clicked on Last-30-days
<B><font color = 'blue'>Step6.</font></B> clicked on CSV Button
<B><font color = 'blue'>Step7.</font></B> clicked on Select-All check Box
<B><font color = 'blue'>Step8.</font></B> clicked on Submit Button
<B><font color = 'blue'> .</font></B>  -Name
<B><font color = 'blue'> .</font></B>  -Email id
<B><font color = 'blue'> .</font></B>  -Employee code
<B><font color = 'blue'> .</font></B>  -Date
<B><font color = 'blue'> .</font></B>  -Clock in
<B><font color = 'blue'> .</font></B>  -Clock out
<B><font color = 'blue'> .</font></B>  -Computer name
<B><font color = 'blue'> .</font></B>  -Location
<B><font color = 'blue'> .</font></B>  -Department
<B><font color = 'blue'> .</font></B>  -Total Time(hr)
<B><font color = 'blue'> .</font></B>  -Office Time(hr)
<B><font color = 'blue'> .</font></B>  -Active Time(hr)
<B><font color = 'blue'> .</font></B>  -Productive(hr)
<B><font color = 'blue'> .</font></B>  -Unproductive(hr)
<B><font color = 'blue'> .</font></B>  -Neutral(hr)
<B><font color = 'blue'> .</font></B>  -Idle  Time(hr) 
<B><font color = 'blue'> .</font></B>  -offline  Time(hr)
<B><font color = 'blue'> .</font></B>  -Productivity %
<B><font color = 'blue'> .</font></B>  -Working Hours 
<B><font color = 'blue'> .</font></B>  -Working Hours %
<B><font color = 'blue'> .</font></B>  -Aryan raj 
<B><font color = 'blue'> .</font></B>  -alex@gmail.com
<B><font color = 'blue'> .</font></B>  -126
<B><font color = 'blue'> .</font></B>  -2022-11-16
<B><font color = 'blue'> .</font></B>  -16-11-2022 00:00:00
<B><font color = 'blue'> .</font></B>  -16-11-2022 00:00:00
<B><font color = 'blue'> .</font></B>  -GLB-124-PC
<B><font color = 'blue'> .</font></B>  -Bangalore
<B><font color = 'blue'> .</font></B>  -Testing
<B><font color = 'blue'> .</font></B>  -00:00:00
<B><font color = 'blue'> .</font></B>  -00:00:00
<B><font color = 'blue'> .</font></B>  -00:00:00
<B><font color = 'blue'> .</font></B>  -00:00:00
<B><font color = 'blue'> .</font></B>  -00:00:00
<B><font color = 'blue'> .</font></B>  -00:00:00
<B><font color = 'blue'> .</font></B>  -00:00:00
<B><font color = 'blue'> .</font></B>  -00:00:00
<B><font color = 'blue'> .</font></B>  -0.00%
<B><font color = 'blue'> .</font></B>  --480:00
<B><font color = 'blue'> .</font></B>  -0.00
<B><font color = 'blue'> .</font></B>  -Guest User 
<B><font color = 'blue'> .</font></B>  -guestuser@gmail.com
<B><font color = 'blue'> .</font></B>  -GLB-777
<B><font color = 'blue'> .</font></B>  -2022-11-16
<B><font color = 'blue'> .</font></B>  -16-11-2022 10:50:49
<B><font color = 'blue'> .</font></B>  -17-11-2022 00:00:00
<B><font color = 'blue'> .</font></B>  -GLB-124-PC
<B><font color = 'blue'> .</font></B>  -Bhilai
<B><font color = 'blue'> .</font></B>  -Php
<B><font color = 'blue'> .</font></B>  -13:09:11
<B><font color = 'blue'> .</font></B>  -13:09:10
<B><font color = 'blue'> .</font></B>  -01:39:55
<B><font color = 'blue'> .</font></B>  -01:39:55
<B><font color = 'blue'> .</font></B>  -00:00:00
<B><font color = 'blue'> .</font></B>  -00:00:00
<B><font color = 'blue'> .</font></B>  -11:29:15
<B><font color = 'blue'> .</font></B>  -00:00:01
<B><font color = 'blue'> .</font></B>  -20.82%
<B><font color = 'blue'> .</font></B>  -309:10
<B><font color = 'blue'> .</font></B>  -20.82
<B><font color = 'blue'> .</font></B>  -GLB-BLR-010-PC - GLB-BLR-010 
<B><font color = 'blue'> .</font></B>  -abcd@yuksdgus
<B><font color = 'blue'> .</font></B>  -GLB-BLR-010
<B><font color = 'blue'> .</font></B>  -2022-11-16
<B><font color = 'blue'> .</font></B>  -16-11-2022 09:34:46
<B><font color = 'blue'> .</font></B>  -16-11-2022 19:10:34
<B><font color = 'blue'> .</font></B>  -GLB-BLR-010-PC
<B><font color = 'blue'> .</font></B>  -bengaluru
<B><font color = 'blue'> .</font></B>  -Testing
<B><font color = 'blue'> .</font></B>  -09:35:48
<B><font color = 'blue'> .</font></B>  -04:35:47
<B><font color = 'blue'> .</font></B>  -03:30:33
<B><font color = 'blue'> .</font></B>  -03:23:19
<B><font color = 'blue'> .</font></B>  -00:07:14
<B><font color = 'blue'> .</font></B>  -00:00:00
<B><font color = 'blue'> .</font></B>  -01:05:14
<B><font color = 'blue'> .</font></B>  -05:00:01
<B><font color = 'blue'> .</font></B>  -42.36%
<B><font color = 'blue'> .</font></B>  --204:13
<B><font color = 'blue'> .</font></B>  -43.86
<B><font color = 'blue'> .</font></B>  -Virat kohli 
<B><font color = 'blue'> .</font></B>  -rahukbgdxgsf@gmail.com
<B><font color = 'blue'> .</font></B>  -65332
<B><font color = 'blue'> .</font></B>  -2022-11-16
<B><font color = 'blue'> .</font></B>  -Absent
<B><font color = 'blue'> .</font></B>  -Absent
<B><font color = 'blue'> .</font></B>  -undefined
<B><font color = 'blue'> .</font></B>  -Default
<B><font color = 'blue'> .</font></B>  -Default
<B><font color = 'blue'> .</font></B>  -Absent
<B><font color = 'blue'> .</font></B>  -Absent
<B><font color = 'blue'> .</font></B>  -Absent
<B><font color = 'blue'> .</font></B>  -Absent
<B><font color = 'blue'> .</font></B>  -Absent
<B><font color = 'blue'> .</font></B>  -Absent
<B><font color = 'blue'> .</font></B>  -Absent
<B><font color = 'blue'> .</font></B>  -Absent
<B><font color = 'blue'> .</font></B>  -Absent
<B><font color = 'blue'> .</font></B>  -Absent
<B><font color = 'blue'> .</font></B>  -Absent
<B><font color = 'blue'> .</font></B>  -sadas kadkasdj 
<B><font color = 'blue'> .</font></B>  -dsa@eqe
<B><font color = 'blue'> .</font></B>  -emp129666
<B><font color = 'blue'> .</font></B>  -2022-11-16
<B><font color = 'blue'> .</font></B>  -Absent
<B><font color = 'blue'> .</font></B>  -Absent
<B><font color = 'blue'> .</font></B>  -undefined
<B><font color = 'blue'> .</font></B>  -Default
<B><font color = 'blue'> .</font></B>  -Default
<B><font color = 'blue'> .</font></B>  -Absent
<B><font color = 'blue'> .</font></B>  -Absent
<B><font color = 'blue'> .</font></B>  -Absent
<B><font color = 'blue'> .</font></B>  -Absent
<B><font color = 'blue'> .</font></B>  -Absent
<B><font color = 'blue'> .</font></B>  -Absent
<B><font color = 'blue'> .</font></B>  -Absent
<B><font color = 'blue'> .</font></B>  -Absent
<B><font color = 'blue'> .</font></B>  -Absent
<B><font color = 'blue'> .</font></B>  -Absent
<B><font color = 'blue'> .</font></B>  -Absent
<B><font color = 'blue'> .</font></B>  -New Test 
<B><font color = 'blue'> .</font></B>  -newtest@gmail.com
<B><font color = 'blue'> .</font></B>  -ewer334443
<B><font color = 'blue'> .</font></B>  -2022-11-16
<B><font color = 'blue'> .</font></B>  -Absent
<B><font color = 'blue'> .</font></B>  -Absent
<B><font color = 'blue'> .</font></B>  -undefined
<B><font color = 'blue'> .</font></B>  -Default
<B><font color = 'blue'> .</font></B>  -Default
<B><font color = 'blue'> .</font></B>  -Absent
<B><font color = 'blue'> .</font></B>  -Absent
<B><font color = 'blue'> .</font></B>  -Absent
<B><font color = 'blue'> .</font></B>  -Absent
<B><font color = 'blue'> .</font></B>  -Absent
<B><font color = 'blue'> .</font></B>  -Absent
<B><font color = 'blue'> .</font></B>  -Absent
<B><font color = 'blue'> .</font></B>  -Absent
<B><font color = 'blue'> .</font></B>  -Absent
<B><font color = 'blue'> .</font></B>  -Absent
<B><font color = 'blue'> .</font></B>  -Absent
<B><font color = 'blue'> .</font></B>  -dshcdb uidsbf 
<B><font color = 'blue'> .</font></B>  -dvbvdb@yahoo.com
<B><font color = 'blue'> .</font></B>  -435454
<B><font color = 'blue'> .</font></B>  -2022-11-16
<B><font color = 'blue'> .</font></B>  -Absent
<B><font color = 'blue'> .</font></B>  -Absent
<B><font color = 'blue'> .</font></B>  -undefined
<B><font color = 'blue'> .</font></B>  -Default
<B><font color = 'blue'> .</font></B>  -Default
<B><font color = 'blue'> .</font></B>  -Absent
<B><font color = 'blue'> .</font></B>  -Absent
<B><font color = 'blue'> .</font></B>  -Absent
<B><font color = 'blue'> .</font></B>  -Absent
<B><font color = 'blue'> .</font></B>  -Absent
<B><font color = 'blue'> .</font></B>  -Absent
<B><font color = 'blue'> .</font></B>  -Absent
<B><font color = 'blue'> .</font></B>  -Absent
<B><font color = 'blue'> .</font></B>  -Absent
<B><font color = 'blue'> .</font></B>  -Absent
<B><font color = 'blue'> .</font></B>  -Absent
<B><font color = 'blue'> .</font></B>  -try last 
<B><font color = 'blue'> .</font></B>  -try@gmail.com
<B><font color = 'blue'> .</font></B>  -1225455
<B><font color = 'blue'> .</font></B>  -2022-11-16
<B><font color = 'blue'> .</font></B>  -Absent
<B><font color = 'blue'> .</font></B>  -Absent
<B><font color = 'blue'> .</font></B>  -undefined
<B><font color = 'blue'> .</font></B>  -Default
<B><font color = 'blue'> .</font></B>  -Default
<B><font color = 'blue'> .</font></B>  -Absent
<B><font color = 'blue'> .</font></B>  -Absent
<B><font color = 'blue'> .</font></B>  -Absent
<B><font color = 'blue'> .</font></B>  -Absent
<B><font color = 'blue'> .</font></B>  -Absent
<B><font color = 'blue'> .</font></B>  -Absent
<B><font color = 'blue'> .</font></B>  -Absent
<B><font color = 'blue'> .</font></B>  -Absent
<B><font color = 'blue'> .</font></B>  -Absent
<B><font color = 'blue'> .</font></B>  -Absent
<B><font color = 'blue'> .</font></B>  -Absent
<B><font color = 'blue'> .</font></B>  -vdjvdb yusvdvbbh 
<B><font color = 'blue'> .</font></B>  -dvhbfdh@gmail.com
<B><font color = 'blue'> .</font></B>  -wq534342
<B><font color = 'blue'> .</font></B>  -2022-11-16
<B><font color = 'blue'> .</font></B>  -Absent
<B><font color = 'blue'> .</font></B>  -Absent
<B><font color = 'blue'> .</font></B>  -undefined
<B><font color = 'blue'> .</font></B>  -Default
<B><font color = 'blue'> .</font></B>  -Default
<B><font color = 'blue'> .</font></B>  -Absent
<B><font color = 'blue'> .</font></B>  -Absent
<B><font color = 'blue'> .</font></B>  -Absent
<B><font color = 'blue'> .</font></B>  -Absent
<B><font color = 'blue'> .</font></B>  -Absent
<B><font color = 'blue'> .</font></B>  -Absent
<B><font color = 'blue'> .</font></B>  -Absent
<B><font color = 'blue'> .</font></B>  -Absent
<B><font color = 'blue'> .</font></B>  -Absent
<B><font color = 'blue'> .</font></B>  -Absent
<B><font color = 'blue'> .</font></B>  -Absent
<B><font color = 'blue'> .</font></B>  -Mail Test user 
<B><font color = 'blue'> .</font></B>  -maintest@user.io
<B><font color = 'blue'> .</font></B>  -GLB-1223888
<B><font color = 'blue'> .</font></B>  -2022-11-16
<B><font color = 'blue'> .</font></B>  -Absent
<B><font color = 'blue'> .</font></B>  -Absent
<B><font color = 'blue'> .</font></B>  -undefined
<B><font color = 'blue'> .</font></B>  -Default
<B><font color = 'blue'> .</font></B>  -Default
<B><font color = 'blue'> .</font></B>  -Absent
<B><font color = 'blue'> .</font></B>  -Absent
<B><font color = 'blue'> .</font></B>  -Absent
<B><font color = 'blue'> .</font></B>  -Absent
<B><font color = 'blue'> .</font></B>  -Absent
<B><font color = 'blue'> .</font></B>  -Absent
<B><font color = 'blue'> .</font></B>  -Absent
<B><font color = 'blue'> .</font></B>  -Absent
<B><font color = 'blue'> .</font></B>  -Absent
<B><font color = 'blue'> .</font></B>  -Absent
<B><font color = 'blue'> .</font></B>  -Absent
<B><font color = 'blue'> .</font></B>  -Update Check 
<B><font color = 'blue'> .</font></B>  -updates@gmail.com
<B><font color = 'blue'> .</font></B>  -emp543
<B><font color = 'blue'> .</font></B>  -2022-11-16
<B><font color = 'blue'> .</font></B>  -Absent
<B><font color = 'blue'> .</font></B>  -Absent
<B><font color = 'blue'> .</font></B>  -undefined
<B><font color = 'blue'> .</font></B>  -Default
<B><font color = 'blue'> .</font></B>  -Default
<B><font color = 'blue'> .</font></B>  -Absent
<B><font color = 'blue'> .</font></B>  -Absent
<B><font color = 'blue'> .</font></B>  -Absent
<B><font color = 'blue'> .</font></B>  -Absent
<B><font color = 'blue'> .</font></B>  -Absent
<B><font color = 'blue'> .</font></B>  -Absent
<B><font color = 'blue'> .</font></B>  -Absent
<B><font color = 'blue'> .</font></B>  -Absent
<B><font color = 'blue'> .</font></B>  -Absent
<B><font color = 'blue'> .</font></B>  -Absent
<B><font color = 'blue'> .</font></B>  -Absent
<B><font color = 'blue'> .</font></B>  -test manager 
<B><font color = 'blue'> .</font></B>  -manageremp@gmail.com
<B><font color = 'blue'> .</font></B>  -glb020
<B><font color = 'blue'> .</font></B>  -2022-11-16
<B><font color = 'blue'> .</font></B>  -Absent
<B><font color = 'blue'> .</font></B>  -Absent
<B><font color = 'blue'> .</font></B>  -undefined
<B><font color = 'blue'> .</font></B>  -Default
<B><font color = 'blue'> .</font></B>  -Default
<B><font color = 'blue'> .</font></B>  -Absent
<B><font color = 'blue'> .</font></B>  -Absent
<B><font color = 'blue'> .</font></B>  -Absent
<B><font color = 'blue'> .</font></B>  -Absent
<B><font color = 'blue'> .</font></B>  -Absent
<B><font color = 'blue'> .</font></B>  -Absent
<B><font color = 'blue'> .</font></B>  -Absent
<B><font color = 'blue'> .</font></B>  -Absent
<B><font color = 'blue'> .</font></B>  -Absent
<B><font color = 'blue'> .</font></B>  -Absent
<B><font color = 'blue'> .</font></B>  -Absent
<B><font color = 'blue'> .</font></B>  -DESKTOP-PJJHB19 - GLB-BLR-002OjUpRD2 
<B><font color = 'blue'> .</font></B>  --
<B><font color = 'blue'> .</font></B>  -GLB-BLR-002OjUpRD2
<B><font color = 'blue'> .</font></B>  -2022-11-16
<B><font color = 'blue'> .</font></B>  -Absent
<B><font color = 'blue'> .</font></B>  -Absent
<B><font color = 'blue'> .</font></B>  -undefined
<B><font color = 'blue'> .</font></B>  -Default
<B><font color = 'blue'> .</font></B>  -Default
<B><font color = 'blue'> .</font></B>  -Absent
<B><font color = 'blue'> .</font></B>  -Absent
<B><font color = 'blue'> .</font></B>  -Absent
<B><font color = 'blue'> .</font></B>  -Absent
<B><font color = 'blue'> .</font></B>  -Absent
<B><font color = 'blue'> .</font></B>  -Absent
<B><font color = 'blue'> .</font></B>  -Absent
<B><font color = 'blue'> .</font></B>  -Absent
<B><font color = 'blue'> .</font></B>  -Absent
<B><font color = 'blue'> .</font></B>  -Absent
<B><font color = 'blue'> .</font></B>  -Absent
<B><font color = 'blue'> .</font></B>  -Usb Test 
<B><font color = 'blue'> .</font></B>  -usbtest123@gmail.com
<B><font color = 'blue'> .</font></B>  -emp0097
<B><font color = 'blue'> .</font></B>  -2022-11-16
<B><font color = 'blue'> .</font></B>  -Absent
<B><font color = 'blue'> .</font></B>  -Absent
<B><font color = 'blue'> .</font></B>  -undefined
<B><font color = 'blue'> .</font></B>  -Default
<B><font color = 'blue'> .</font></B>  -Default
<B><font color = 'blue'> .</font></B>  -Absent
<B><font color = 'blue'> .</font></B>  -Absent
<B><font color = 'blue'> .</font></B>  -Absent
<B><font color = 'blue'> .</font></B>  -Absent
<B><font color = 'blue'> .</font></B>  -Absent
<B><font color = 'blue'> .</font></B>  -Absent
<B><font color = 'blue'> .</font></B>  -Absent
<B><font color = 'blue'> .</font></B>  -Absent
<B><font color = 'blue'> .</font></B>  -Absent
<B><font color = 'blue'> .</font></B>  -Absent
<B><font color = 'blue'> .</font></B>  -Absent
<B><font color = 'blue'> .</font></B>  -SS Keystrokes 
<B><font color = 'blue'> .</font></B>  -sskey@gmail.com
<B><font color = 'blue'> .</font></B>  -emp98y
<B><font color = 'blue'> .</font></B>  -2022-11-16
<B><font color = 'blue'> .</font></B>  -Absent
<B><font color = 'blue'> .</font></B>  -Absent
<B><font color = 'blue'> .</font></B>  -undefined
<B><font color = 'blue'> .</font></B>  -Default
<B><font color = 'blue'> .</font></B>  -Default
<B><font color = 'blue'> .</font></B>  -Absent
<B><font color = 'blue'> .</font></B>  -Absent
<B><font color = 'blue'> .</font></B>  -Absent
<B><font color = 'blue'> .</font></B>  -Absent
<B><font color = 'blue'> .</font></B>  -Absent
<B><font color = 'blue'> .</font></B>  -Absent
<B><font color = 'blue'> .</font></B>  -Absent
<B><font color = 'blue'> .</font></B>  -Absent
<B><font color = 'blue'> .</font></B>  -Absent
<B><font color = 'blue'> .</font></B>  -Absent
<B><font color = 'blue'> .</font></B>  -Absent
<B><font color = 'blue'> .</font></B>  -shivammmmmmmmmmmmmmmmmmmm Kumar 
<B><font color = 'blue'> .</font></B>  -kgfyash545@gmail.com
<B><font color = 'blue'> .</font></B>  -hsakhdjk414
<B><font color = 'blue'> .</font></B>  -2022-11-16
<B><font color = 'blue'> .</font></B>  -Absent
<B><font color = 'blue'> .</font></B>  -Absent
<B><font color = 'blue'> .</font></B>  -undefined
<B><font color = 'blue'> .</font></B>  -Default
<B><font color = 'blue'> .</font></B>  -Default
<B><font color = 'blue'> .</font></B>  -Absent
<B><font color = 'blue'> .</font></B>  -Absent
<B><font color = 'blue'> .</font></B>  -Absent
<B><font color = 'blue'> .</font></B>  -Absent
<B><font color = 'blue'> .</font></B>  -Absent
<B><font color = 'blue'> .</font></B>  -Absent
<B><font color = 'blue'> .</font></B>  -Absent
<B><font color = 'blue'> .</font></B>  -Absent
<B><font color = 'blue'> .</font></B>  -Absent
<B><font color = 'blue'> .</font></B>  -Absent
<B><font color = 'blue'> .</font></B>  -Absent
<B><font color = 'blue'> .</font></B>  -Abhishek Four tf test 
<B><font color = 'blue'> .</font></B>  -abhishekfourtf@mail.com
<B><font color = 'blue'> .</font></B>  -HLIKSJ98
<B><font color = 'blue'> .</font></B>  -2022-11-16
<B><font color = 'blue'> .</font></B>  -Absent
<B><font color = 'blue'> .</font></B>  -Absent
<B><font color = 'blue'> .</font></B>  -undefined
<B><font color = 'blue'> .</font></B>  -Default
<B><font color = 'blue'> .</font></B>  -Default
<B><font color = 'blue'> .</font></B>  -Absent
<B><font color = 'blue'> .</font></B>  -Absent
<B><font color = 'blue'> .</font></B>  -Absent
<B><font color = 'blue'> .</font></B>  -Absent
<B><font color = 'blue'> .</font></B>  -Absent
<B><font color = 'blue'> .</font></B>  -Absent
<B><font color = 'blue'> .</font></B>  -Absent
<B><font color = 'blue'> .</font></B>  -Absent
<B><font color = 'blue'> .</font></B>  -Absent
<B><font color = 'blue'> .</font></B>  -Absent
<B><font color = 'blue'> .</font></B>  -Absent
<B><font color = 'blue'> .</font></B>  -new dev user 
<B><font color = 'blue'> .</font></B>  -new@dev.user
<B><font color = 'blue'> .</font></B>  -fdfsfsd
<B><font color = 'blue'> .</font></B>  -2022-11-16
<B><font color = 'blue'> .</font></B>  -Absent
<B><font color = 'blue'> .</font></B>  -Absent
<B><font color = 'blue'> .</font></B>  -undefined
<B><font color = 'blue'> .</font></B>  -Default
<B><font color = 'blue'> .</font></B>  -Default
<B><font color = 'blue'> .</font></B>  -Absent
<B><font color = 'blue'> .</font></B>  -Absent
<B><font color = 'blue'> .</font></B>  -Absent
<B><font color = 'blue'> .</font></B>  -Absent
<B><font color = 'blue'> .</font></B>  -Absent
<B><font color = 'blue'> .</font></B>  -Absent
<B><font color = 'blue'> .</font></B>  -Absent
<B><font color = 'blue'> .</font></B>  -Absent
<B><font color = 'blue'> .</font></B>  -Absent
<B><font color = 'blue'> .</font></B>  -Absent
<B><font color = 'blue'> .</font></B>  -Absent
<B><font color = 'blue'> .</font></B>  -aaaaaaaaaa aaaaaaaaa 
<B><font color = 'blue'> .</font></B>  -mmmm@gmail.com
<B><font color = 'blue'> .</font></B>  -80765s
<B><font color = 'blue'> .</font></B>  -2022-11-16
<B><font color = 'blue'> .</font></B>  -Absent
<B><font color = 'blue'> .</font></B>  -Absent
<B><font color = 'blue'> .</font></B>  -undefined
<B><font color = 'blue'> .</font></B>  -Bangalore
<B><font color = 'blue'> .</font></B>  -Testing
<B><font color = 'blue'> .</font></B>  -Absent
<B><font color = 'blue'> .</font></B>  -Absent
<B><font color = 'blue'> .</font></B>  -Absent
<B><font color = 'blue'> .</font></B>  -Absent
<B><font color = 'blue'> .</font></B>  -Absent
<B><font color = 'blue'> .</font></B>  -Absent
<B><font color = 'blue'> .</font></B>  -Absent
<B><font color = 'blue'> .</font></B>  -Absent
<B><font color = 'blue'> .</font></B>  -Absent
<B><font color = 'blue'> .</font></B>  -Absent
<B><font color = 'blue'> .</font></B>  -Absent
<B><font color = 'blue'> .</font></B>  -sumesh test 
<B><font color = 'blue'> .</font></B>  -sumesh@mail.com
<B><font color = 'blue'> .</font></B>  -fdgfdgf
<B><font color = 'blue'> .</font></B>  -2022-11-16
<B><font color = 'blue'> .</font></B>  -Absent
<B><font color = 'blue'> .</font></B>  -Absent
<B><font color = 'blue'> .</font></B>  -undefined
<B><font color = 'blue'> .</font></B>  -Bangalore
<B><font color = 'blue'> .</font></B>  -Testing
<B><font color = 'blue'> .</font></B>  -Absent
<B><font color = 'blue'> .</font></B>  -Absent
<B><font color = 'blue'> .</font></B>  -Absent
<B><font color = 'blue'> .</font></B>  -Absent
<B><font color = 'blue'> .</font></B>  -Absent
<B><font color = 'blue'> .</font></B>  -Absent
<B><font color = 'blue'> .</font></B>  -Absent
<B><font color = 'blue'> .</font></B>  -Absent
<B><font color = 'blue'> .</font></B>  -Absent
<B><font color = 'blue'> .</font></B>  -Absent
<B><font color = 'blue'> .</font></B>  -Absent
<B><font color = 'blue'> .</font></B>  -Test msc 
<B><font color = 'blue'> .</font></B>  -test123@gmail.com
<B><font color = 'blue'> .</font></B>  -12254
<B><font color = 'blue'> .</font></B>  -2022-11-16
<B><font color = 'blue'> .</font></B>  -Absent
<B><font color = 'blue'> .</font></B>  -Absent
<B><font color = 'blue'> .</font></B>  -undefined
<B><font color = 'blue'> .</font></B>  -Bangalore
<B><font color = 'blue'> .</font></B>  -Testing
<B><font color = 'blue'> .</font></B>  -Absent
<B><font color = 'blue'> .</font></B>  -Absent
<B><font color = 'blue'> .</font></B>  -Absent
<B><font color = 'blue'> .</font></B>  -Absent
<B><font color = 'blue'> .</font></B>  -Absent
<B><font color = 'blue'> .</font></B>  -Absent
<B><font color = 'blue'> .</font></B>  -Absent
<B><font color = 'blue'> .</font></B>  -Absent
<B><font color = 'blue'> .</font></B>  -Absent
<B><font color = 'blue'> .</font></B>  -Absent
<B><font color = 'blue'> .</font></B>  -Absent
<B><font color = 'blue'> .</font></B>  -deffdfds vscsc 
<B><font color = 'blue'> .</font></B>  -cscsdw123@gmail.com
<B><font color = 'blue'> .</font></B>  -1234512
<B><font color = 'blue'> .</font></B>  -2022-11-16
<B><font color = 'blue'> .</font></B>  -Absent
<B><font color = 'blue'> .</font></B>  -Absent
<B><font color = 'blue'> .</font></B>  -undefined
<B><font color = 'blue'> .</font></B>  -Bangalore
<B><font color = 'blue'> .</font></B>  -Testing
<B><font color = 'blue'> .</font></B>  -Absent
<B><font color = 'blue'> .</font></B>  -Absent
<B><font color = 'blue'> .</font></B>  -Absent
<B><font color = 'blue'> .</font></B>  -Absent
<B><font color = 'blue'> .</font></B>  -Absent
<B><font color = 'blue'> .</font></B>  -Absent
<B><font color = 'blue'> .</font></B>  -Absent
<B><font color = 'blue'> .</font></B>  -Absent
<B><font color = 'blue'> .</font></B>  -Absent
<B><font color = 'blue'> .</font></B>  -Absent
<B><font color = 'blue'> .</font></B>  -Absent
<B><font color = 'blue'> .</font></B>  -test testtt 
<B><font color = 'blue'> .</font></B>  -abcd@gmail.com
<B><font color = 'blue'> .</font></B>  -GLB55
<B><font color = 'blue'> .</font></B>  -2022-11-16
<B><font color = 'blue'> .</font></B>  -Absent
<B><font color = 'blue'> .</font></B>  -Absent
<B><font color = 'blue'> .</font></B>  -undefined
<B><font color = 'blue'> .</font></B>  -Bangalore
<B><font color = 'blue'> .</font></B>  -Testing
<B><font color = 'blue'> .</font></B>  -Absent
<B><font color = 'blue'> .</font></B>  -Absent
<B><font color = 'blue'> .</font></B>  -Absent
<B><font color = 'blue'> .</font></B>  -Absent
<B><font color = 'blue'> .</font></B>  -Absent
<B><font color = 'blue'> .</font></B>  -Absent
<B><font color = 'blue'> .</font></B>  -Absent
<B><font color = 'blue'> .</font></B>  -Absent
<B><font color = 'blue'> .</font></B>  -Absent
<B><font color = 'blue'> .</font></B>  -Absent
<B><font color = 'blue'> .</font></B>  -Absent
<B><font color = 'blue'> .</font></B>  -Abhishe tt 
<B><font color = 'blue'> .</font></B>  -ab@ab.com
<B><font color = 'blue'> .</font></B>  -GKD567
<B><font color = 'blue'> .</font></B>  -2022-11-16
<B><font color = 'blue'> .</font></B>  -Absent
<B><font color = 'blue'> .</font></B>  -Absent
<B><font color = 'blue'> .</font></B>  -undefined
<B><font color = 'blue'> .</font></B>  -Bangalore
<B><font color = 'blue'> .</font></B>  -Testing
<B><font color = 'blue'> .</font></B>  -Absent
<B><font color = 'blue'> .</font></B>  -Absent
<B><font color = 'blue'> .</font></B>  -Absent
<B><font color = 'blue'> .</font></B>  -Absent
<B><font color = 'blue'> .</font></B>  -Absent
<B><font color = 'blue'> .</font></B>  -Absent
<B><font color = 'blue'> .</font></B>  -Absent
<B><font color = 'blue'> .</font></B>  -Absent
<B><font color = 'blue'> .</font></B>  -Absent
<B><font color = 'blue'> .</font></B>  -Absent
<B><font color = 'blue'> .</font></B>  -Absent
<B><font color = 'blue'> .</font></B>  -test nonadmin 
<B><font color = 'blue'> .</font></B>  -testnonadmin@gmail.com
<B><font color = 'blue'> .</font></B>  -GLB026
<B><font color = 'blue'> .</font></B>  -2022-11-16
<B><font color = 'blue'> .</font></B>  -Absent
<B><font color = 'blue'> .</font></B>  -Absent
<B><font color = 'blue'> .</font></B>  -undefined
<B><font color = 'blue'> .</font></B>  -Bangalore
<B><font color = 'blue'> .</font></B>  -Php
<B><font color = 'blue'> .</font></B>  -Absent
<B><font color = 'blue'> .</font></B>  -Absent
<B><font color = 'blue'> .</font></B>  -Absent
<B><font color = 'blue'> .</font></B>  -Absent
<B><font color = 'blue'> .</font></B>  -Absent
<B><font color = 'blue'> .</font></B>  -Absent
<B><font color = 'blue'> .</font></B>  -Absent
<B><font color = 'blue'> .</font></B>  -Absent
<B><font color = 'blue'> .</font></B>  -Absent
<B><font color = 'blue'> .</font></B>  -Absent
<B><font color = 'blue'> .</font></B>  -Absent
<B><font color = 'blue'> .</font></B>  -adg ckj 
<B><font color = 'blue'> .</font></B>  -adcs@1234
<B><font color = 'blue'> .</font></B>  -583
<B><font color = 'blue'> .</font></B>  -2022-11-16
<B><font color = 'blue'> .</font></B>  -Absent
<B><font color = 'blue'> .</font></B>  -Absent
<B><font color = 'blue'> .</font></B>  -undefined
<B><font color = 'blue'> .</font></B>  -Bangalore
<B><font color = 'blue'> .</font></B>  -Testing
<B><font color = 'blue'> .</font></B>  -Absent
<B><font color = 'blue'> .</font></B>  -Absent
<B><font color = 'blue'> .</font></B>  -Absent
<B><font color = 'blue'> .</font></B>  -Absent
<B><font color = 'blue'> .</font></B>  -Absent
<B><font color = 'blue'> .</font></B>  -Absent
<B><font color = 'blue'> .</font></B>  -Absent
<B><font color = 'blue'> .</font></B>  -Absent
<B><font color = 'blue'> .</font></B>  -Absent
<B><font color = 'blue'> .</font></B>  -Absent
<B><font color = 'blue'> .</font></B>  -Absent
<B><font color = 'blue'> .</font></B>  -dominic toretto 
<B><font color = 'blue'> .</font></B>  -dom.toretto737@gmail.com
<B><font color = 'blue'> .</font></B>  -EMP011
<B><font color = 'blue'> .</font></B>  -2022-11-16
<B><font color = 'blue'> .</font></B>  -Absent
<B><font color = 'blue'> .</font></B>  -Absent
<B><font color = 'blue'> .</font></B>  -undefined
<B><font color = 'blue'> .</font></B>  -Bangalore
<B><font color = 'blue'> .</font></B>  -Testing
<B><font color = 'blue'> .</font></B>  -Absent
<B><font color = 'blue'> .</font></B>  -Absent
<B><font color = 'blue'> .</font></B>  -Absent
<B><font color = 'blue'> .</font></B>  -Absent
<B><font color = 'blue'> .</font></B>  -Absent
<B><font color = 'blue'> .</font></B>  -Absent
<B><font color = 'blue'> .</font></B>  -Absent
<B><font color = 'blue'> .</font></B>  -Absent
<B><font color = 'blue'> .</font></B>  -Absent
<B><font color = 'blue'> .</font></B>  -Absent
<B><font color = 'blue'> .</font></B>  -Absent
<B><font color = 'blue'> .</font></B>  -Abhishek Test 
<B><font color = 'blue'> .</font></B>  -abhishektrest@glb.in
<B><font color = 'blue'> .</font></B>  -rN7tvEiDPGNi4fD
<B><font color = 'blue'> .</font></B>  -2022-11-16
<B><font color = 'blue'> .</font></B>  -Absent
<B><font color = 'blue'> .</font></B>  -Absent
<B><font color = 'blue'> .</font></B>  -undefined
<B><font color = 'blue'> .</font></B>  -Bangalore
<B><font color = 'blue'> .</font></B>  -Php
<B><font color = 'blue'> .</font></B>  -Absent
<B><font color = 'blue'> .</font></B>  -Absent
<B><font color = 'blue'> .</font></B>  -Absent
<B><font color = 'blue'> .</font></B>  -Absent
<B><font color = 'blue'> .</font></B>  -Absent
<B><font color = 'blue'> .</font></B>  -Absent
<B><font color = 'blue'> .</font></B>  -Absent
<B><font color = 'blue'> .</font></B>  -Absent
<B><font color = 'blue'> .</font></B>  -Absent
<B><font color = 'blue'> .</font></B>  -Absent
<B><font color = 'blue'> .</font></B>  -Absent
<B><font color = 'blue'> .</font></B>  -Superior Test one 
<B><font color = 'blue'> .</font></B>  -superiorone@gmail.com
<B><font color = 'blue'> .</font></B>  -twoqw
<B><font color = 'blue'> .</font></B>  -2022-11-16
<B><font color = 'blue'> .</font></B>  -Absent
<B><font color = 'blue'> .</font></B>  -Absent
<B><font color = 'blue'> .</font></B>  -undefined
<B><font color = 'blue'> .</font></B>  -Bangalore
<B><font color = 'blue'> .</font></B>  -Testing
<B><font color = 'blue'> .</font></B>  -Absent
<B><font color = 'blue'> .</font></B>  -Absent
<B><font color = 'blue'> .</font></B>  -Absent
<B><font color = 'blue'> .</font></B>  -Absent
<B><font color = 'blue'> .</font></B>  -Absent
<B><font color = 'blue'> .</font></B>  -Absent
<B><font color = 'blue'> .</font></B>  -Absent
<B><font color = 'blue'> .</font></B>  -Absent
<B><font color = 'blue'> .</font></B>  -Absent
<B><font color = 'blue'> .</font></B>  -Absent
<B><font color = 'blue'> .</font></B>  -Absent
<B><font color = 'blue'> .</font></B>  -test testw 
<B><font color = 'blue'> .</font></B>  -test@mac.in
<B><font color = 'blue'> .</font></B>  -aaf123
<B><font color = 'blue'> .</font></B>  -2022-11-16
<B><font color = 'blue'> .</font></B>  -Absent
<B><font color = 'blue'> .</font></B>  -Absent
<B><font color = 'blue'> .</font></B>  -undefined
<B><font color = 'blue'> .</font></B>  -Bangalore
<B><font color = 'blue'> .</font></B>  -Php
<B><font color = 'blue'> .</font></B>  -Absent
<B><font color = 'blue'> .</font></B>  -Absent
<B><font color = 'blue'> .</font></B>  -Absent
<B><font color = 'blue'> .</font></B>  -Absent
<B><font color = 'blue'> .</font></B>  -Absent
<B><font color = 'blue'> .</font></B>  -Absent
<B><font color = 'blue'> .</font></B>  -Absent
<B><font color = 'blue'> .</font></B>  -Absent
<B><font color = 'blue'> .</font></B>  -Absent
<B><font color = 'blue'> .</font></B>  -Absent
<B><font color = 'blue'> .</font></B>  -Absent
<B><font color = 'blue'> .</font></B>  -sam eer 
<B><font color = 'blue'> .</font></B>  -sam@rf.in
<B><font color = 'blue'> .</font></B>  -WSAERT2Q34E
<B><font color = 'blue'> .</font></B>  -2022-11-16
<B><font color = 'blue'> .</font></B>  -Absent
<B><font color = 'blue'> .</font></B>  -Absent
<B><font color = 'blue'> .</font></B>  -undefined
<B><font color = 'blue'> .</font></B>  -Bangalore
<B><font color = 'blue'> .</font></B>  -Testing
<B><font color = 'blue'> .</font></B>  -Absent
<B><font color = 'blue'> .</font></B>  -Absent
<B><font color = 'blue'> .</font></B>  -Absent
<B><font color = 'blue'> .</font></B>  -Absent
<B><font color = 'blue'> .</font></B>  -Absent
<B><font color = 'blue'> .</font></B>  -Absent
<B><font color = 'blue'> .</font></B>  -Absent
<B><font color = 'blue'> .</font></B>  -Absent
<B><font color = 'blue'> .</font></B>  -Absent
<B><font color = 'blue'> .</font></B>  -Absent
<B><font color = 'blue'> .</font></B>  -Absent
<B><font color = 'blue'> .</font></B>  -Test test 
<B><font color = 'blue'> .</font></B>  -sarikajain@gmail.com
<B><font color = 'blue'> .</font></B>  -E-101
<B><font color = 'blue'> .</font></B>  -2022-11-16
<B><font color = 'blue'> .</font></B>  -Absent
<B><font color = 'blue'> .</font></B>  -Absent
<B><font color = 'blue'> .</font></B>  -undefined
<B><font color = 'blue'> .</font></B>  -Bangalore
<B><font color = 'blue'> .</font></B>  -Testing
<B><font color = 'blue'> .</font></B>  -Absent
<B><font color = 'blue'> .</font></B>  -Absent
<B><font color = 'blue'> .</font></B>  -Absent
<B><font color = 'blue'> .</font></B>  -Absent
<B><font color = 'blue'> .</font></B>  -Absent
<B><font color = 'blue'> .</font></B>  -Absent
<B><font color = 'blue'> .</font></B>  -Absent
<B><font color = 'blue'> .</font></B>  -Absent
<B><font color = 'blue'> .</font></B>  -Absent
<B><font color = 'blue'> .</font></B>  -Absent
<B><font color = 'blue'> .</font></B>  -Absent
<B><font color = 'blue'> .</font></B>  -sithu kalluru 
<B><font color = 'blue'> .</font></B>  -sitaramireddy@globussoft.in
<B><font color = 'blue'> .</font></B>  -code12
<B><font color = 'blue'> .</font></B>  -2022-11-16
<B><font color = 'blue'> .</font></B>  -Absent
<B><font color = 'blue'> .</font></B>  -Absent
<B><font color = 'blue'> .</font></B>  -undefined
<B><font color = 'blue'> .</font></B>  -Bangalore
<B><font color = 'blue'> .</font></B>  -Testing
<B><font color = 'blue'> .</font></B>  -Absent
<B><font color = 'blue'> .</font></B>  -Absent
<B><font color = 'blue'> .</font></B>  -Absent
<B><font color = 'blue'> .</font></B>  -Absent
<B><font color = 'blue'> .</font></B>  -Absent
<B><font color = 'blue'> .</font></B>  -Absent
<B><font color = 'blue'> .</font></B>  -Absent
<B><font color = 'blue'> .</font></B>  -Absent
<B><font color = 'blue'> .</font></B>  -Absent
<B><font color = 'blue'> .</font></B>  -Absent
<B><font color = 'blue'> .</font></B>  -Absent
<B><font color = 'blue'> .</font></B>  -test123 abcd 
<B><font color = 'blue'> .</font></B>  -s@gmail.com
<B><font color = 'blue'> .</font></B>  -code123z
<B><font color = 'blue'> .</font></B>  -2022-11-16
<B><font color = 'blue'> .</font></B>  -Absent
<B><font color = 'blue'> .</font></B>  -Absent
<B><font color = 'blue'> .</font></B>  -undefined
<B><font color = 'blue'> .</font></B>  -Bangalore
<B><font color = 'blue'> .</font></B>  -Testing
<B><font color = 'blue'> .</font></B>  -Absent
<B><font color = 'blue'> .</font></B>  -Absent
<B><font color = 'blue'> .</font></B>  -Absent
<B><font color = 'blue'> .</font></B>  -Absent
<B><font color = 'blue'> .</font></B>  -Absent
<B><font color = 'blue'> .</font></B>  -Absent
<B><font color = 'blue'> .</font></B>  -Absent
<B><font color = 'blue'> .</font></B>  -Absent
<B><font color = 'blue'> .</font></B>  -Absent
<B><font color = 'blue'> .</font></B>  -Absent
<B><font color = 'blue'> .</font></B>  -Absent
<B><font color = 'blue'> .</font></B>  -testing test 
<B><font color = 'blue'> .</font></B>  -aarshajoyson1601@gmail.com
<B><font color = 'blue'> .</font></B>  -glb0008
<B><font color = 'blue'> .</font></B>  -2022-11-16
<B><font color = 'blue'> .</font></B>  -Absent
<B><font color = 'blue'> .</font></B>  -Absent
<B><font color = 'blue'> .</font></B>  -undefined
<B><font color = 'blue'> .</font></B>  -Bangalore
<B><font color = 'blue'> .</font></B>  -Php
<B><font color = 'blue'> .</font></B>  -Absent
<B><font color = 'blue'> .</font></B>  -Absent
<B><font color = 'blue'> .</font></B>  -Absent
<B><font color = 'blue'> .</font></B>  -Absent
<B><font color = 'blue'> .</font></B>  -Absent
<B><font color = 'blue'> .</font></B>  -Absent
<B><font color = 'blue'> .</font></B>  -Absent
<B><font color = 'blue'> .</font></B>  -Absent
<B><font color = 'blue'> .</font></B>  -Absent
<B><font color = 'blue'> .</font></B>  -Absent
<B><font color = 'blue'> .</font></B>  -Absent
<B><font color = 'blue'> .</font></B>  -Automation CodeeeAuto 
<B><font color = 'blue'> .</font></B>  -skabcdef7@gmail.com
<B><font color = 'blue'> .</font></B>  -Emp-Abzcde-1234522
<B><font color = 'blue'> .</font></B>  -2022-11-16
<B><font color = 'blue'> .</font></B>  -Absent
<B><font color = 'blue'> .</font></B>  -Absent
<B><font color = 'blue'> .</font></B>  -undefined
<B><font color = 'blue'> .</font></B>  -Bangalore
<B><font color = 'blue'> .</font></B>  -Testing
<B><font color = 'blue'> .</font></B>  -Absent
<B><font color = 'blue'> .</font></B>  -Absent
<B><font color = 'blue'> .</font></B>  -Absent
<B><font color = 'blue'> .</font></B>  -Absent
<B><font color = 'blue'> .</font></B>  -Absent
<B><font color = 'blue'> .</font></B>  -Absent
<B><font color = 'blue'> .</font></B>  -Absent
<B><font color = 'blue'> .</font></B>  -Absent
<B><font color = 'blue'> .</font></B>  -Absent
<B><font color = 'blue'> .</font></B>  -Absent
<B><font color = 'blue'> .</font></B>  -Absent
<B><font color = 'blue'> .</font></B>  -piyush dfgsfg 
<B><font color = 'blue'> .</font></B>  -jos@gmail.com
<B><font color = 'blue'> .</font></B>  -sdgff
<B><font color = 'blue'> .</font></B>  -2022-11-16
<B><font color = 'blue'> .</font></B>  -Absent
<B><font color = 'blue'> .</font></B>  -Absent
<B><font color = 'blue'> .</font></B>  -undefined
<B><font color = 'blue'> .</font></B>  -Bangalore
<B><font color = 'blue'> .</font></B>  -Testing
<B><font color = 'blue'> .</font></B>  -Absent
<B><font color = 'blue'> .</font></B>  -Absent
<B><font color = 'blue'> .</font></B>  -Absent
<B><font color = 'blue'> .</font></B>  -Absent
<B><font color = 'blue'> .</font></B>  -Absent
<B><font color = 'blue'> .</font></B>  -Absent
<B><font color = 'blue'> .</font></B>  -Absent
<B><font color = 'blue'> .</font></B>  -Absent
<B><font color = 'blue'> .</font></B>  -Absent
<B><font color = 'blue'> .</font></B>  -Absent
<B><font color = 'blue'> .</font></B>  -Absent
<B><font color = 'blue'> .</font></B>  -Automation CodeeeAuto 
<B><font color = 'blue'> .</font></B>  -skabcdef38@gmail.com
<B><font color = 'blue'> .</font></B>  -Emp-Abzcde-123457
<B><font color = 'blue'> .</font></B>  -2022-11-16
<B><font color = 'blue'> .</font></B>  -Absent
<B><font color = 'blue'> .</font></B>  -Absent
<B><font color = 'blue'> .</font></B>  -undefined
<B><font color = 'blue'> .</font></B>  -Bangalore
<B><font color = 'blue'> .</font></B>  -Testing
<B><font color = 'blue'> .</font></B>  -Absent
<B><font color = 'blue'> .</font></B>  -Absent
<B><font color = 'blue'> .</font></B>  -Absent
<B><font color = 'blue'> .</font></B>  -Absent
<B><font color = 'blue'> .</font></B>  -Absent
<B><font color = 'blue'> .</font></B>  -Absent
<B><font color = 'blue'> .</font></B>  -Absent
<B><font color = 'blue'> .</font></B>  -Absent
<B><font color = 'blue'> .</font></B>  -Absent
<B><font color = 'blue'> .</font></B>  -Absent
<B><font color = 'blue'> .</font></B>  -Absent
<B><font color = 'blue'> .</font></B>  -Automation CodeeeAuto 
<B><font color = 'blue'> .</font></B>  -skabcdef33@gmail.com
<B><font color = 'blue'> .</font></B>  -Emp-Abzcde-1234557
<B><font color = 'blue'> .</font></B>  -2022-11-16
<B><font color = 'blue'> .</font></B>  -Absent
<B><font color = 'blue'> .</font></B>  -Absent
<B><font color = 'blue'> .</font></B>  -undefined
<B><font color = 'blue'> .</font></B>  -Bangalore
<B><font color = 'blue'> .</font></B>  -Testing
<B><font color = 'blue'> .</font></B>  -Absent
<B><font color = 'blue'> .</font></B>  -Absent
<B><font color = 'blue'> .</font></B>  -Absent
<B><font color = 'blue'> .</font></B>  -Absent
<B><font color = 'blue'> .</font></B>  -Absent
<B><font color = 'blue'> .</font></B>  -Absent
<B><font color = 'blue'> .</font></B>  -Absent
<B><font color = 'blue'> .</font></B>  -Absent
<B><font color = 'blue'> .</font></B>  -Absent
<B><font color = 'blue'> .</font></B>  -Absent
<B><font color = 'blue'> .</font></B>  -Absent
<B><font color = 'blue'> .</font></B>  -D Surya Prabhakar 
<B><font color = 'blue'> .</font></B>  -surya1@gmail.com
<B><font color = 'blue'> .</font></B>  -EM010
<B><font color = 'blue'> .</font></B>  -2022-11-16
<B><font color = 'blue'> .</font></B>  -Absent
<B><font color = 'blue'> .</font></B>  -Absent
<B><font color = 'blue'> .</font></B>  -undefined
<B><font color = 'blue'> .</font></B>  -bengaluru
<B><font color = 'blue'> .</font></B>  -Testing
<B><font color = 'blue'> .</font></B>  -Absent
<B><font color = 'blue'> .</font></B>  -Absent
<B><font color = 'blue'> .</font></B>  -Absent
<B><font color = 'blue'> .</font></B>  -Absent
<B><font color = 'blue'> .</font></B>  -Absent
<B><font color = 'blue'> .</font></B>  -Absent
<B><font color = 'blue'> .</font></B>  -Absent
<B><font color = 'blue'> .</font></B>  -Absent
<B><font color = 'blue'> .</font></B>  -Absent
<B><font color = 'blue'> .</font></B>  -Absent
<B><font color = 'blue'> .</font></B>  -Absent
<B><font color = 'blue'> .</font></B>  -R o       hit Sharma 
<B><font color = 'blue'> .</font></B>  -rahulrajt5613928@gmail.com
<B><font color = 'blue'> .</font></B>  -67645
<B><font color = 'blue'> .</font></B>  -2022-11-16
<B><font color = 'blue'> .</font></B>  -Absent
<B><font color = 'blue'> .</font></B>  -Absent
<B><font color = 'blue'> .</font></B>  -undefined
<B><font color = 'blue'> .</font></B>  -bengaluru
<B><font color = 'blue'> .</font></B>  -Testing
<B><font color = 'blue'> .</font></B>  -Absent
<B><font color = 'blue'> .</font></B>  -Absent
<B><font color = 'blue'> .</font></B>  -Absent
<B><font color = 'blue'> .</font></B>  -Absent
<B><font color = 'blue'> .</font></B>  -Absent
<B><font color = 'blue'> .</font></B>  -Absent
<B><font color = 'blue'> .</font></B>  -Absent
<B><font color = 'blue'> .</font></B>  -Absent
<B><font color = 'blue'> .</font></B>  -Absent
<B><font color = 'blue'> .</font></B>  -Absent
<B><font color = 'blue'> .</font></B>  -Absent
<B><font color = 'blue'> .</font></B>  -ni test 
<B><font color = 'blue'> .</font></B>  -nitest12@gmail.com
<B><font color = 'blue'> .</font></B>  -GLB678
<B><font color = 'blue'> .</font></B>  -2022-11-16
<B><font color = 'blue'> .</font></B>  -Absent
<B><font color = 'blue'> .</font></B>  -Absent
<B><font color = 'blue'> .</font></B>  -undefined
<B><font color = 'blue'> .</font></B>  -bengaluru
<B><font color = 'blue'> .</font></B>  -Testing
<B><font color = 'blue'> .</font></B>  -Absent
<B><font color = 'blue'> .</font></B>  -Absent
<B><font color = 'blue'> .</font></B>  -Absent
<B><font color = 'blue'> .</font></B>  -Absent
<B><font color = 'blue'> .</font></B>  -Absent
<B><font color = 'blue'> .</font></B>  -Absent
<B><font color = 'blue'> .</font></B>  -Absent
<B><font color = 'blue'> .</font></B>  -Absent
<B><font color = 'blue'> .</font></B>  -Absent
<B><font color = 'blue'> .</font></B>  -Absent
<B><font color = 'blue'> .</font></B>  -Absent
<B><font color = 'blue'> .</font></B>  -one test 
<B><font color = 'blue'> .</font></B>  -testone1234@gmail.com
<B><font color = 'blue'> .</font></B>  -0110
<B><font color = 'blue'> .</font></B>  -2022-11-16
<B><font color = 'blue'> .</font></B>  -Absent
<B><font color = 'blue'> .</font></B>  -Absent
<B><font color = 'blue'> .</font></B>  -undefined
<B><font color = 'blue'> .</font></B>  -bengaluru
<B><font color = 'blue'> .</font></B>  -Testing
<B><font color = 'blue'> .</font></B>  -Absent
<B><font color = 'blue'> .</font></B>  -Absent
<B><font color = 'blue'> .</font></B>  -Absent
<B><font color = 'blue'> .</font></B>  -Absent
<B><font color = 'blue'> .</font></B>  -Absent
<B><font color = 'blue'> .</font></B>  -Absent
<B><font color = 'blue'> .</font></B>  -Absent
<B><font color = 'blue'> .</font></B>  -Absent
<B><font color = 'blue'> .</font></B>  -Absent
<B><font color = 'blue'> .</font></B>  -Absent
<B><font color = 'blue'> .</font></B>  -Absent
<B><font color = 'blue'> .</font></B>  -surya kk 
<B><font color = 'blue'> .</font></B>  -123@gmail.com
<B><font color = 'blue'> .</font></B>  -mmmmm
<B><font color = 'blue'> .</font></B>  -2022-11-16
<B><font color = 'blue'> .</font></B>  -Absent
<B><font color = 'blue'> .</font></B>  -Absent
<B><font color = 'blue'> .</font></B>  -undefined
<B><font color = 'blue'> .</font></B>  -Tamilnadu
<B><font color = 'blue'> .</font></B>  -Test and Dev
<B><font color = 'blue'> .</font></B>  -Absent
<B><font color = 'blue'> .</font></B>  -Absent
<B><font color = 'blue'> .</font></B>  -Absent
<B><font color = 'blue'> .</font></B>  -Absent
<B><font color = 'blue'> .</font></B>  -Absent
<B><font color = 'blue'> .</font></B>  -Absent
<B><font color = 'blue'> .</font></B>  -Absent
<B><font color = 'blue'> .</font></B>  -Absent
<B><font color = 'blue'> .</font></B>  -Absent
<B><font color = 'blue'> .</font></B>  -Absent
<B><font color = 'blue'> .</font></B>  -Absent
<B><font color = 'blue'> .</font></B>  -sai kk 
<B><font color = 'blue'> .</font></B>  -saikk19876@gmail.com
<B><font color = 'blue'> .</font></B>  -20221019
<B><font color = 'blue'> .</font></B>  -2022-11-16
<B><font color = 'blue'> .</font></B>  -Absent
<B><font color = 'blue'> .</font></B>  -Absent
<B><font color = 'blue'> .</font></B>  -undefined
<B><font color = 'blue'> .</font></B>  -Tamilnadu
<B><font color = 'blue'> .</font></B>  -Test and Dev
<B><font color = 'blue'> .</font></B>  -Absent
<B><font color = 'blue'> .</font></B>  -Absent
<B><font color = 'blue'> .</font></B>  -Absent
<B><font color = 'blue'> .</font></B>  -Absent
<B><font color = 'blue'> .</font></B>  -Absent
<B><font color = 'blue'> .</font></B>  -Absent
<B><font color = 'blue'> .</font></B>  -Absent
<B><font color = 'blue'> .</font></B>  -Absent
<B><font color = 'blue'> .</font></B>  -Absent
<B><font color = 'blue'> .</font></B>  -Absent
<B><font color = 'blue'> .</font></B>  -Absent
<B><font color = 'blue'> .</font></B>  -ajeethemp test 
<B><font color = 'blue'> .</font></B>  -ajeethemp@gmail.com
<B><font color = 'blue'> .</font></B>  -A01
<B><font color = 'blue'> .</font></B>  -2022-11-16
<B><font color = 'blue'> .</font></B>  -Absent
<B><font color = 'blue'> .</font></B>  -Absent
<B><font color = 'blue'> .</font></B>  -undefined
<B><font color = 'blue'> .</font></B>  -Tamilnadu
<B><font color = 'blue'> .</font></B>  -Test and Dev
<B><font color = 'blue'> .</font></B>  -Absent
<B><font color = 'blue'> .</font></B>  -Absent
<B><font color = 'blue'> .</font></B>  -Absent
<B><font color = 'blue'> .</font></B>  -Absent
<B><font color = 'blue'> .</font></B>  -Absent
<B><font color = 'blue'> .</font></B>  -Absent
<B><font color = 'blue'> .</font></B>  -Absent
<B><font color = 'blue'> .</font></B>  -Absent
<B><font color = 'blue'> .</font></B>  -Absent
<B><font color = 'blue'> .</font></B>  -Absent
<B><font color = 'blue'> .</font></B>  -Absent
<B><font color = 'blue'> .</font></B>  -test user two 
<B><font color = 'blue'> .</font></B>  -testuser@two.io
<B><font color = 'blue'> .</font></B>  -GSLL-327
<B><font color = 'blue'> .</font></B>  -2022-11-16
<B><font color = 'blue'> .</font></B>  -Absent
<B><font color = 'blue'> .</font></B>  -Absent
<B><font color = 'blue'> .</font></B>  -undefined
<B><font color = 'blue'> .</font></B>  -Tamilnadu
<B><font color = 'blue'> .</font></B>  -Test and Dev
<B><font color = 'blue'> .</font></B>  -Absent
<B><font color = 'blue'> .</font></B>  -Absent
<B><font color = 'blue'> .</font></B>  -Absent
<B><font color = 'blue'> .</font></B>  -Absent
<B><font color = 'blue'> .</font></B>  -Absent
<B><font color = 'blue'> .</font></B>  -Absent
<B><font color = 'blue'> .</font></B>  -Absent
<B><font color = 'blue'> .</font></B>  -Absent
<B><font color = 'blue'> .</font></B>  -Absent
<B><font color = 'blue'> .</font></B>  -Absent
<B><font color = 'blue'> .</font></B>  -Absent
<B><font color = 'blue'> .</font></B>  -Himanshu Kumar 
<B><font color = 'blue'> .</font></B>  -himanshu1@gmail.com
<B><font color = 'blue'> .</font></B>  -EM011
<B><font color = 'blue'> .</font></B>  -2022-11-16
<B><font color = 'blue'> .</font></B>  -Absent
<B><font color = 'blue'> .</font></B>  -Absent
<B><font color = 'blue'> .</font></B>  -undefined
<B><font color = 'blue'> .</font></B>  -bagalkot
<B><font color = 'blue'> .</font></B>  -manual testing
<B><font color = 'blue'> .</font></B>  -Absent
<B><font color = 'blue'> .</font></B>  -Absent
<B><font color = 'blue'> .</font></B>  -Absent
<B><font color = 'blue'> .</font></B>  -Absent
<B><font color = 'blue'> .</font></B>  -Absent
<B><font color = 'blue'> .</font></B>  -Absent
<B><font color = 'blue'> .</font></B>  -Absent
<B><font color = 'blue'> .</font></B>  -Absent
<B><font color = 'blue'> .</font></B>  -Absent
<B><font color = 'blue'> .</font></B>  -Absent
<B><font color = 'blue'> .</font></B>  -Absent
<B><font color = 'blue'> .</font></B>  -dxgfdxg gssdg 
<B><font color = 'blue'> .</font></B>  -sdgsg@dgksodkg.in
<B><font color = 'blue'> .</font></B>  -asfda343443
<B><font color = 'blue'> .</font></B>  -2022-11-16
<B><font color = 'blue'> .</font></B>  -Absent
<B><font color = 'blue'> .</font></B>  -Absent
<B><font color = 'blue'> .</font></B>  -undefined
<B><font color = 'blue'> .</font></B>  -Bhilai
<B><font color = 'blue'> .</font></B>  -Php
<B><font color = 'blue'> .</font></B>  -Absent
<B><font color = 'blue'> .</font></B>  -Absent
<B><font color = 'blue'> .</font></B>  -Absent
<B><font color = 'blue'> .</font></B>  -Absent
<B><font color = 'blue'> .</font></B>  -Absent
<B><font color = 'blue'> .</font></B>  -Absent
<B><font color = 'blue'> .</font></B>  -Absent
<B><font color = 'blue'> .</font></B>  -Absent
<B><font color = 'blue'> .</font></B>  -Absent
<B><font color = 'blue'> .</font></B>  -Absent
<B><font color = 'blue'> .</font></B>  -Absent
<B><font color = 'blue'> .</font></B>  -Aryan raj 
<B><font color = 'blue'> .</font></B>  -alex@gmail.com
<B><font color = 'blue'> .</font></B>  -126
<B><font color = 'blue'> .</font></B>  -2022-11-15
<B><font color = 'blue'> .</font></B>  -15-11-2022 11:59:59
<B><font color = 'blue'> .</font></B>  -16-11-2022 00:00:00
<B><font color = 'blue'> .</font></B>  -GLB-124-PC
<B><font color = 'blue'> .</font></B>  -Bangalore
<B><font color = 'blue'> .</font></B>  -Testing
<B><font color = 'blue'> .</font></B>  -12:00:01
<B><font color = 'blue'> .</font></B>  -12:00:00
<B><font color = 'blue'> .</font></B>  -01:29:07
<B><font color = 'blue'> .</font></B>  -01:24:07
<B><font color = 'blue'> .</font></B>  -00:05:00
<B><font color = 'blue'> .</font></B>  -00:00:00
<B><font color = 'blue'> .</font></B>  -10:30:53
<B><font color = 'blue'> .</font></B>  -00:00:01
<B><font color = 'blue'> .</font></B>  -17.52%
<B><font color = 'blue'> .</font></B>  -240:00
<B><font color = 'blue'> .</font></B>  -18.57
<B><font color = 'blue'> .</font></B>  -Guest User 
<B><font color = 'blue'> .</font></B>  -guestuser@gmail.com
<B><font color = 'blue'> .</font></B>  -GLB-777
<B><font color = 'blue'> .</font></B>  -2022-11-15
<B><font color = 'blue'> .</font></B>  -15-11-2022 10:20:41
<B><font color = 'blue'> .</font></B>  -15-11-2022 10:29:41
<B><font color = 'blue'> .</font></B>  -GLB-124-PC
<B><font color = 'blue'> .</font></B>  -Bhilai
<B><font color = 'blue'> .</font></B>  -Php
<B><font color = 'blue'> .</font></B>  -00:09:00
<B><font color = 'blue'> .</font></B>  -00:09:00
<B><font color = 'blue'> .</font></B>  -00:07:59
<B><font color = 'blue'> .</font></B>  -00:07:59
<B><font color = 'blue'> .</font></B>  -00:00:00
<B><font color = 'blue'> .</font></B>  -00:00:00
<B><font color = 'blue'> .</font></B>  -00:01:01
<B><font color = 'blue'> .</font></B>  -00:00:00
<B><font color = 'blue'> .</font></B>  -1.66%
<B><font color = 'blue'> .</font></B>  --471:00
<B><font color = 'blue'> .</font></B>  -1.66
<B><font color = 'blue'> .</font></B>  -GLB-BLR-010-PC - GLB-BLR-010 
<B><font color = 'blue'> .</font></B>  -abcd@yuksdgus
<B><font color = 'blue'> .</font></B>  -GLB-BLR-010
<B><font color = 'blue'> .</font></B>  -2022-11-15
<B><font color = 'blue'> .</font></B>  -15-11-2022 11:15:32
<B><font color = 'blue'> .</font></B>  -15-11-2022 19:14:02
<B><font color = 'blue'> .</font></B>  -GLB-BLR-010-PC
<B><font color = 'blue'> .</font></B>  -bengaluru
<B><font color = 'blue'> .</font></B>  -Testing
<B><font color = 'blue'> .</font></B>  -07:58:30
<B><font color = 'blue'> .</font></B>  -03:31:57
<B><font color = 'blue'> .</font></B>  -02:57:22
<B><font color = 'blue'> .</font></B>  -02:55:28
<B><font color = 'blue'> .</font></B>  -00:01:54
<B><font color = 'blue'> .</font></B>  -00:00:00
<B><font color = 'blue'> .</font></B>  -00:34:35
<B><font color = 'blue'> .</font></B>  -04:26:33
<B><font color = 'blue'> .</font></B>  -36.56%
<B><font color = 'blue'> .</font></B>  --268:03
<B><font color = 'blue'> .</font></B>  -36.95
<B><font color = 'blue'> .</font></B>  -SS Keystrokes 
<B><font color = 'blue'> .</font></B>  -sskey@gmail.com
<B><font color = 'blue'> .</font></B>  -emp98y
<B><font color = 'blue'> .</font></B>  -2022-11-15
<B><font color = 'blue'> .</font></B>  -15-11-2022 10:53:31
<B><font color = 'blue'> .</font></B>  -15-11-2022 11:08:31
<B><font color = 'blue'> .</font></B>  -GLB-BLR-010-PC
<B><font color = 'blue'> .</font></B>  -Default
<B><font color = 'blue'> .</font></B>  -Default
<B><font color = 'blue'> .</font></B>  -00:15:00
<B><font color = 'blue'> .</font></B>  -00:15:00
<B><font color = 'blue'> .</font></B>  -00:14:59
<B><font color = 'blue'> .</font></B>  -00:14:59
<B><font color = 'blue'> .</font></B>  -00:00:00
<B><font color = 'blue'> .</font></B>  -00:00:00
<B><font color = 'blue'> .</font></B>  -00:00:01
<B><font color = 'blue'> .</font></B>  -00:00:00
<B><font color = 'blue'> .</font></B>  -3.12%
<B><font color = 'blue'> .</font></B>  --465:00
<B><font color = 'blue'> .</font></B>  -3.12
<B><font color = 'blue'> .</font></B>  -Virat kohli 
<B><font color = 'blue'> .</font></B>  -rahukbgdxgsf@gmail.com
<B><font color = 'blue'> .</font></B>  -65332
<B><font color = 'blue'> .</font></B>  -2022-11-15
<B><font color = 'blue'> .</font></B>  -Absent
<B><font color = 'blue'> .</font></B>  -Absent
<B><font color = 'blue'> .</font></B>  -undefined
<B><font color = 'blue'> .</font></B>  -Default
<B><font color = 'blue'> .</font></B>  -Default
<B><font color = 'blue'> .</font></B>  -Absent
<B><font color = 'blue'> .</font></B>  -Absent
<B><font color = 'blue'> .</font></B>  -Absent
<B><font color = 'blue'> .</font></B>  -Absent
<B><font color = 'blue'> .</font></B>  -Absent
<B><font color = 'blue'> .</font></B>  -Absent
<B><font color = 'blue'> .</font></B>  -Absent
<B><font color = 'blue'> .</font></B>  -Absent
<B><font color = 'blue'> .</font></B>  -Absent
<B><font color = 'blue'> .</font></B>  -Absent
<B><font color = 'blue'> .</font></B>  -Absent
<B><font color = 'blue'> .</font></B>  -sadas kadkasdj 
<B><font color = 'blue'> .</font></B>  -dsa@eqe
<B><font color = 'blue'> .</font></B>  -emp129666
<B><font color = 'blue'> .</font></B>  -2022-11-15
<B><font color = 'blue'> .</font></B>  -Absent
<B><font color = 'blue'> .</font></B>  -Absent
<B><font color = 'blue'> .</font></B>  -undefined
<B><font color = 'blue'> .</font></B>  -Default
<B><font color = 'blue'> .</font></B>  -Default
<B><font color = 'blue'> .</font></B>  -Absent
<B><font color = 'blue'> .</font></B>  -Absent
<B><font color = 'blue'> .</font></B>  -Absent
<B><font color = 'blue'> .</font></B>  -Absent
<B><font color = 'blue'> .</font></B>  -Absent
<B><font color = 'blue'> .</font></B>  -Absent
<B><font color = 'blue'> .</font></B>  -Absent
<B><font color = 'blue'> .</font></B>  -Absent
<B><font color = 'blue'> .</font></B>  -Absent
<B><font color = 'blue'> .</font></B>  -Absent
<B><font color = 'blue'> .</font></B>  -Absent
<B><font color = 'blue'> .</font></B>  -New Test 
<B><font color = 'blue'> .</font></B>  -newtest@gmail.com
<B><font color = 'blue'> .</font></B>  -ewer334443
<B><font color = 'blue'> .</font></B>  -2022-11-15
<B><font color = 'blue'> .</font></B>  -Absent
<B><font color = 'blue'> .</font></B>  -Absent
<B><font color = 'blue'> .</font></B>  -undefined
<B><font color = 'blue'> .</font></B>  -Default
<B><font color = 'blue'> .</font></B>  -Default
<B><font color = 'blue'> .</font></B>  -Absent
<B><font color = 'blue'> .</font></B>  -Absent
<B><font color = 'blue'> .</font></B>  -Absent
<B><font color = 'blue'> .</font></B>  -Absent
<B><font color = 'blue'> .</font></B>  -Absent
<B><font color = 'blue'> .</font></B>  -Absent
<B><font color = 'blue'> .</font></B>  -Absent
<B><font color = 'blue'> .</font></B>  -Absent
<B><font color = 'blue'> .</font></B>  -Absent
<B><font color = 'blue'> .</font></B>  -Absent
<B><font color = 'blue'> .</font></B>  -Absent
<B><font color = 'blue'> .</font></B>  -dshcdb uidsbf 
<B><font color = 'blue'> .</font></B>  -dvbvdb@yahoo.com
<B><font color = 'blue'> .</font></B>  -435454
<B><font color = 'blue'> .</font></B>  -2022-11-15
<B><font color = 'blue'> .</font></B>  -Absent
<B><font color = 'blue'> .</font></B>  -Absent
<B><font color = 'blue'> .</font></B>  -undefined
<B><font color = 'blue'> .</font></B>  -Default
<B><font color = 'blue'> .</font></B>  -Default
<B><font color = 'blue'> .</font></B>  -Absent
<B><font color = 'blue'> .</font></B>  -Absent
<B><font color = 'blue'> .</font></B>  -Absent
<B><font color = 'blue'> .</font></B>  -Absent
<B><font color = 'blue'> .</font></B>  -Absent
<B><font color = 'blue'> .</font></B>  -Absent
<B><font color = 'blue'> .</font></B>  -Absent
<B><font color = 'blue'> .</font></B>  -Absent
<B><font color = 'blue'> .</font></B>  -Absent
<B><font color = 'blue'> .</font></B>  -Absent
<B><font color = 'blue'> .</font></B>  -Absent
<B><font color = 'blue'> .</font></B>  -try last 
<B><font color = 'blue'> .</font></B>  -try@gmail.com
<B><font color = 'blue'> .</font></B>  -1225455
<B><font color = 'blue'> .</font></B>  -2022-11-15
<B><font color = 'blue'> .</font></B>  -Absent
<B><font color = 'blue'> .</font></B>  -Absent
<B><font color = 'blue'> .</font></B>  -undefined
<B><font color = 'blue'> .</font></B>  -Default
<B><font color = 'blue'> .</font></B>  -Default
<B><font color = 'blue'> .</font></B>  -Absent
<B><font color = 'blue'> .</font></B>  -Absent
<B><font color = 'blue'> .</font></B>  -Absent
<B><font color = 'blue'> .</font></B>  -Absent
<B><font color = 'blue'> .</font></B>  -Absent
<B><font color = 'blue'> .</font></B>  -Absent
<B><font color = 'blue'> .</font></B>  -Absent
<B><font color = 'blue'> .</font></B>  -Absent
<B><font color = 'blue'> .</font></B>  -Absent
<B><font color = 'blue'> .</font></B>  -Absent
<B><font color = 'blue'> .</font></B>  -Absent
<B><font color = 'blue'> .</font></B>  -vdjvdb yusvdvbbh 
<B><font color = 'blue'> .</font></B>  -dvhbfdh@gmail.com
<B><font color = 'blue'> .</font></B>  -wq534342
<B><font color = 'blue'> .</font></B>  -2022-11-15
<B><font color = 'blue'> .</font></B>  -Absent
<B><font color = 'blue'> .</font></B>  -Absent
<B><font color = 'blue'> .</font></B>  -undefined
<B><font color = 'blue'> .</font></B>  -Default
<B><font color = 'blue'> .</font></B>  -Default
<B><font color = 'blue'> .</font></B>  -Absent
<B><font color = 'blue'> .</font></B>  -Absent
<B><font color = 'blue'> .</font></B>  -Absent
<B><font color = 'blue'> .</font></B>  -Absent
<B><font color = 'blue'> .</font></B>  -Absent
<B><font color = 'blue'> .</font></B>  -Absent
<B><font color = 'blue'> .</font></B>  -Absent
<B><font color = 'blue'> .</font></B>  -Absent
<B><font color = 'blue'> .</font></B>  -Absent
<B><font color = 'blue'> .</font></B>  -Absent
<B><font color = 'blue'> .</font></B>  -Absent
<B><font color = 'blue'> .</font></B>  -Mail Test user 
<B><font color = 'blue'> .</font></B>  -maintest@user.io
<B><font color = 'blue'> .</font></B>  -GLB-1223888
<B><font color = 'blue'> .</font></B>  -2022-11-15
<B><font color = 'blue'> .</font></B>  -Absent
<B><font color = 'blue'> .</font></B>  -Absent
<B><font color = 'blue'> .</font></B>  -undefined
<B><font color = 'blue'> .</font></B>  -Default
<B><font color = 'blue'> .</font></B>  -Default
<B><font color = 'blue'> .</font></B>  -Absent
<B><font color = 'blue'> .</font></B>  -Absent
<B><font color = 'blue'> .</font></B>  -Absent
<B><font color = 'blue'> .</font></B>  -Absent
<B><font color = 'blue'> .</font></B>  -Absent
<B><font color = 'blue'> .</font></B>  -Absent
<B><font color = 'blue'> .</font></B>  -Absent
<B><font color = 'blue'> .</font></B>  -Absent
<B><font color = 'blue'> .</font></B>  -Absent
<B><font color = 'blue'> .</font></B>  -Absent
<B><font color = 'blue'> .</font></B>  -Absent
<B><font color = 'blue'> .</font></B>  -Update Check 
<B><font color = 'blue'> .</font></B>  -updates@gmail.com
<B><font color = 'blue'> .</font></B>  -emp543
<B><font color = 'blue'> .</font></B>  -2022-11-15
<B><font color = 'blue'> .</font></B>  -Absent
<B><font color = 'blue'> .</font></B>  -Absent
<B><font color = 'blue'> .</font></B>  -undefined
<B><font color = 'blue'> .</font></B>  -Default
<B><font color = 'blue'> .</font></B>  -Default
<B><font color = 'blue'> .</font></B>  -Absent
<B><font color = 'blue'> .</font></B>  -Absent
<B><font color = 'blue'> .</font></B>  -Absent
<B><font color = 'blue'> .</font></B>  -Absent
<B><font color = 'blue'> .</font></B>  -Absent
<B><font color = 'blue'> .</font></B>  -Absent
<B><font color = 'blue'> .</font></B>  -Absent
<B><font color = 'blue'> .</font></B>  -Absent
<B><font color = 'blue'> .</font></B>  -Absent
<B><font color = 'blue'> .</font></B>  -Absent
<B><font color = 'blue'> .</font></B>  -Absent
<B><font color = 'blue'> .</font></B>  -test manager 
<B><font color = 'blue'> .</font></B>  -manageremp@gmail.com
<B><font color = 'blue'> .</font></B>  -glb020
<B><font color = 'blue'> .</font></B>  -2022-11-15
<B><font color = 'blue'> .</font></B>  -Absent
<B><font color = 'blue'> .</font></B>  -Absent
<B><font color = 'blue'> .</font></B>  -undefined
<B><font color = 'blue'> .</font></B>  -Default
<B><font color = 'blue'> .</font></B>  -Default
<B><font color = 'blue'> .</font></B>  -Absent
<B><font color = 'blue'> .</font></B>  -Absent
<B><font color = 'blue'> .</font></B>  -Absent
<B><font color = 'blue'> .</font></B>  -Absent
<B><font color = 'blue'> .</font></B>  -Absent
<B><font color = 'blue'> .</font></B>  -Absent
<B><font color = 'blue'> .</font></B>  -Absent
<B><font color = 'blue'> .</font></B>  -Absent
<B><font color = 'blue'> .</font></B>  -Absent
<B><font color = 'blue'> .</font></B>  -Absent
<B><font color = 'blue'> .</font></B>  -Absent
<B><font color = 'blue'> .</font></B>  -DESKTOP-PJJHB19 - GLB-BLR-002OjUpRD2 
<B><font color = 'blue'> .</font></B>  --
<B><font color = 'blue'> .</font></B>  -GLB-BLR-002OjUpRD2
<B><font color = 'blue'> .</font></B>  -2022-11-15
<B><font color = 'blue'> .</font></B>  -Absent
<B><font color = 'blue'> .</font></B>  -Absent
<B><font color = 'blue'> .</font></B>  -undefined
<B><font color = 'blue'> .</font></B>  -Default
<B><font color = 'blue'> .</font></B>  -Default
<B><font color = 'blue'> .</font></B>  -Absent
<B><font color = 'blue'> .</font></B>  -Absent
<B><font color = 'blue'> .</font></B>  -Absent
<B><font color = 'blue'> .</font></B>  -Absent
<B><font color = 'blue'> .</font></B>  -Absent
<B><font color = 'blue'> .</font></B>  -Absent
<B><font color = 'blue'> .</font></B>  -Absent
<B><font color = 'blue'> .</font></B>  -Absent
<B><font color = 'blue'> .</font></B>  -Absent
<B><font color = 'blue'> .</font></B>  -Absent
<B><font color = 'blue'> .</font></B>  -Absent
<B><font color = 'blue'> .</font></B>  -Usb Test 
<B><font color = 'blue'> .</font></B>  -usbtest123@gmail.com
<B><font color = 'blue'> .</font></B>  -emp0097
<B><font color = 'blue'> .</font></B>  -2022-11-15
<B><font color = 'blue'> .</font></B>  -Absent
<B><font color = 'blue'> .</font></B>  -Absent
<B><font color = 'blue'> .</font></B>  -undefined
<B><font color = 'blue'> .</font></B>  -Default
<B><font color = 'blue'> .</font></B>  -Default
<B><font color = 'blue'> .</font></B>  -Absent
<B><font color = 'blue'> .</font></B>  -Absent
<B><font color = 'blue'> .</font></B>  -Absent
<B><font color = 'blue'> .</font></B>  -Absent
<B><font color = 'blue'> .</font></B>  -Absent
<B><font color = 'blue'> .</font></B>  -Absent
<B><font color = 'blue'> .</font></B>  -Absent
<B><font color = 'blue'> .</font></B>  -Absent
<B><font color = 'blue'> .</font></B>  -Absent
<B><font color = 'blue'> .</font></B>  -Absent
<B><font color = 'blue'> .</font></B>  -Absent
<B><font color = 'blue'> .</font></B>  -shivammmmmmmmmmmmmmmmmmmm Kumar 
<B><font color = 'blue'> .</font></B>  -kgfyash545@gmail.com
<B><font color = 'blue'> .</font></B>  -hsakhdjk414
<B><font color = 'blue'> .</font></B>  -2022-11-15
<B><font color = 'blue'> .</font></B>  -Absent
<B><font color = 'blue'> .</font></B>  -Absent
<B><font color = 'blue'> .</font></B>  -undefined
<B><font color = 'blue'> .</font></B>  -Default
<B><font color = 'blue'> .</font></B>  -Default
<B><font color = 'blue'> .</font></B>  -Absent
<B><font color = 'blue'> .</font></B>  -Absent
<B><font color = 'blue'> .</font></B>  -Absent
<B><font color = 'blue'> .</font></B>  -Absent
<B><font color = 'blue'> .</font></B>  -Absent
<B><font color = 'blue'> .</font></B>  -Absent
<B><font color = 'blue'> .</font></B>  -Absent
<B><font color = 'blue'> .</font></B>  -Absent
<B><font color = 'blue'> .</font></B>  -Absent
<B><font color = 'blue'> .</font></B>  -Absent
<B><font color = 'blue'> .</font></B>  -Absent
<B><font color = 'blue'> .</font></B>  -Abhishek Four tf test 
<B><font color = 'blue'> .</font></B>  -abhishekfourtf@mail.com
<B><font color = 'blue'> .</font></B>  -HLIKSJ98
<B><font color = 'blue'> .</font></B>  -2022-11-15
<B><font color = 'blue'> .</font></B>  -Absent
<B><font color = 'blue'> .</font></B>  -Absent
<B><font color = 'blue'> .</font></B>  -undefined
<B><font color = 'blue'> .</font></B>  -Default
<B><font color = 'blue'> .</font></B>  -Default
<B><font color = 'blue'> .</font></B>  -Absent
<B><font color = 'blue'> .</font></B>  -Absent
<B><font color = 'blue'> .</font></B>  -Absent
<B><font color = 'blue'> .</font></B>  -Absent
<B><font color = 'blue'> .</font></B>  -Absent
<B><font color = 'blue'> .</font></B>  -Absent
<B><font color = 'blue'> .</font></B>  -Absent
<B><font color = 'blue'> .</font></B>  -Absent
<B><font color = 'blue'> .</font></B>  -Absent
<B><font color = 'blue'> .</font></B>  -Absent
<B><font color = 'blue'> .</font></B>  -Absent
<B><font color = 'blue'> .</font></B>  -new dev user 
<B><font color = 'blue'> .</font></B>  -new@dev.user
<B><font color = 'blue'> .</font></B>  -fdfsfsd
<B><font color = 'blue'> .</font></B>  -2022-11-15
<B><font color = 'blue'> .</font></B>  -Absent
<B><font color = 'blue'> .</font></B>  -Absent
<B><font color = 'blue'> .</font></B>  -undefined
<B><font color = 'blue'> .</font></B>  -Default
<B><font color = 'blue'> .</font></B>  -Default
<B><font color = 'blue'> .</font></B>  -Absent
<B><font color = 'blue'> .</font></B>  -Absent
<B><font color = 'blue'> .</font></B>  -Absent
<B><font color = 'blue'> .</font></B>  -Absent
<B><font color = 'blue'> .</font></B>  -Absent
<B><font color = 'blue'> .</font></B>  -Absent
<B><font color = 'blue'> .</font></B>  -Absent
<B><font color = 'blue'> .</font></B>  -Absent
<B><font color = 'blue'> .</font></B>  -Absent
<B><font color = 'blue'> .</font></B>  -Absent
<B><font color = 'blue'> .</font></B>  -Absent
<B><font color = 'blue'> .</font></B>  -aaaaaaaaaa aaaaaaaaa 
<B><font color = 'blue'> .</font></B>  -mmmm@gmail.com
<B><font color = 'blue'> .</font></B>  -80765s
<B><font color = 'blue'> .</font></B>  -2022-11-15
<B><font color = 'blue'> .</font></B>  -Absent
<B><font color = 'blue'> .</font></B>  -Absent
<B><font color = 'blue'> .</font></B>  -undefined
<B><font color = 'blue'> .</font></B>  -Bangalore
<B><font color = 'blue'> .</font></B>  -Testing
<B><font color = 'blue'> .</font></B>  -Absent
<B><font color = 'blue'> .</font></B>  -Absent
<B><font color = 'blue'> .</font></B>  -Absent
<B><font color = 'blue'> .</font></B>  -Absent
<B><font color = 'blue'> .</font></B>  -Absent
<B><font color = 'blue'> .</font></B>  -Absent
<B><font color = 'blue'> .</font></B>  -Absent
<B><font color = 'blue'> .</font></B>  -Absent
<B><font color = 'blue'> .</font></B>  -Absent
<B><font color = 'blue'> .</font></B>  -Absent
<B><font color = 'blue'> .</font></B>  -Absent
<B><font color = 'blue'> .</font></B>  -sumesh test 
<B><font color = 'blue'> .</font></B>  -sumesh@mail.com
<B><font color = 'blue'> .</font></B>  -fdgfdgf
<B><font color = 'blue'> .</font></B>  -2022-11-15
<B><font color = 'blue'> .</font></B>  -Absent
<B><font color = 'blue'> .</font></B>  -Absent
<B><font color = 'blue'> .</font></B>  -undefined
<B><font color = 'blue'> .</font></B>  -Bangalore
<B><font color = 'blue'> .</font></B>  -Testing
<B><font color = 'blue'> .</font></B>  -Absent
<B><font color = 'blue'> .</font></B>  -Absent
<B><font color = 'blue'> .</font></B>  -Absent
<B><font color = 'blue'> .</font></B>  -Absent
<B><font color = 'blue'> .</font></B>  -Absent
<B><font color = 'blue'> .</font></B>  -Absent
<B><font color = 'blue'> .</font></B>  -Absent
<B><font color = 'blue'> .</font></B>  -Absent
<B><font color = 'blue'> .</font></B>  -Absent
<B><font color = 'blue'> .</font></B>  -Absent
<B><font color = 'blue'> .</font></B>  -Absent
<B><font color = 'blue'> .</font></B>  -Test msc 
<B><font color = 'blue'> .</font></B>  -test123@gmail.com
<B><font color = 'blue'> .</font></B>  -12254
<B><font color = 'blue'> .</font></B>  -2022-11-15
<B><font color = 'blue'> .</font></B>  -Absent
<B><font color = 'blue'> .</font></B>  -Absent
<B><font color = 'blue'> .</font></B>  -undefined
<B><font color = 'blue'> .</font></B>  -Bangalore
<B><font color = 'blue'> .</font></B>  -Testing
<B><font color = 'blue'> .</font></B>  -Absent
<B><font color = 'blue'> .</font></B>  -Absent
<B><font color = 'blue'> .</font></B>  -Absent
<B><font color = 'blue'> .</font></B>  -Absent
<B><font color = 'blue'> .</font></B>  -Absent
<B><font color = 'blue'> .</font></B>  -Absent
<B><font color = 'blue'> .</font></B>  -Absent
<B><font color = 'blue'> .</font></B>  -Absent
<B><font color = 'blue'> .</font></B>  -Absent
<B><font color = 'blue'> .</font></B>  -Absent
<B><font color = 'blue'> .</font></B>  -Absent
<B><font color = 'blue'> .</font></B>  -deffdfds vscsc 
<B><font color = 'blue'> .</font></B>  -cscsdw123@gmail.com
<B><font color = 'blue'> .</font></B>  -1234512
<B><font color = 'blue'> .</font></B>  -2022-11-15
<B><font color = 'blue'> .</font></B>  -Absent
<B><font color = 'blue'> .</font></B>  -Absent
<B><font color = 'blue'> .</font></B>  -undefined
<B><font color = 'blue'> .</font></B>  -Bangalore
<B><font color = 'blue'> .</font></B>  -Testing
<B><font color = 'blue'> .</font></B>  -Absent
<B><font color = 'blue'> .</font></B>  -Absent
<B><font color = 'blue'> .</font></B>  -Absent
<B><font color = 'blue'> .</font></B>  -Absent
<B><font color = 'blue'> .</font></B>  -Absent
<B><font color = 'blue'> .</font></B>  -Absent
<B><font color = 'blue'> .</font></B>  -Absent
<B><font color = 'blue'> .</font></B>  -Absent
<B><font color = 'blue'> .</font></B>  -Absent
<B><font color = 'blue'> .</font></B>  -Absent
<B><font color = 'blue'> .</font></B>  -Absent
<B><font color = 'blue'> .</font></B>  -test testtt 
<B><font color = 'blue'> .</font></B>  -abcd@gmail.com
<B><font color = 'blue'> .</font></B>  -GLB55
<B><font color = 'blue'> .</font></B>  -2022-11-15
<B><font color = 'blue'> .</font></B>  -Absent
<B><font color = 'blue'> .</font></B>  -Absent
<B><font color = 'blue'> .</font></B>  -undefined
<B><font color = 'blue'> .</font></B>  -Bangalore
<B><font color = 'blue'> .</font></B>  -Testing
<B><font color = 'blue'> .</font></B>  -Absent
<B><font color = 'blue'> .</font></B>  -Absent
<B><font color = 'blue'> .</font></B>  -Absent
<B><font color = 'blue'> .</font></B>  -Absent
<B><font color = 'blue'> .</font></B>  -Absent
<B><font color = 'blue'> .</font></B>  -Absent
<B><font color = 'blue'> .</font></B>  -Absent
<B><font color = 'blue'> .</font></B>  -Absent
<B><font color = 'blue'> .</font></B>  -Absent
<B><font color = 'blue'> .</font></B>  -Absent
<B><font color = 'blue'> .</font></B>  -Absent
<B><font color = 'blue'> .</font></B>  -Abhishe tt 
<B><font color = 'blue'> .</font></B>  -ab@ab.com
<B><font color = 'blue'> .</font></B>  -GKD567
<B><font color = 'blue'> .</font></B>  -2022-11-15
<B><font color = 'blue'> .</font></B>  -Absent
<B><font color = 'blue'> .</font></B>  -Absent
<B><font color = 'blue'> .</font></B>  -undefined
<B><font color = 'blue'> .</font></B>  -Bangalore
<B><font color = 'blue'> .</font></B>  -Testing
<B><font color = 'blue'> .</font></B>  -Absent
<B><font color = 'blue'> .</font></B>  -Absent
<B><font color = 'blue'> .</font></B>  -Absent
<B><font color = 'blue'> .</font></B>  -Absent
<B><font color = 'blue'> .</font></B>  -Absent
<B><font color = 'blue'> .</font></B>  -Absent
<B><font color = 'blue'> .</font></B>  -Absent
<B><font color = 'blue'> .</font></B>  -Absent
<B><font color = 'blue'> .</font></B>  -Absent
<B><font color = 'blue'> .</font></B>  -Absent
<B><font color = 'blue'> .</font></B>  -Absent
<B><font color = 'blue'> .</font></B>  -test nonadmin 
<B><font color = 'blue'> .</font></B>  -testnonadmin@gmail.com
<B><font color = 'blue'> .</font></B>  -GLB026
<B><font color = 'blue'> .</font></B>  -2022-11-15
<B><font color = 'blue'> .</font></B>  -Absent
<B><font color = 'blue'> .</font></B>  -Absent
<B><font color = 'blue'> .</font></B>  -undefined
<B><font color = 'blue'> .</font></B>  -Bangalore
<B><font color = 'blue'> .</font></B>  -Php
<B><font color = 'blue'> .</font></B>  -Absent
<B><font color = 'blue'> .</font></B>  -Absent
<B><font color = 'blue'> .</font></B>  -Absent
<B><font color = 'blue'> .</font></B>  -Absent
<B><font color = 'blue'> .</font></B>  -Absent
<B><font color = 'blue'> .</font></B>  -Absent
<B><font color = 'blue'> .</font></B>  -Absent
<B><font color = 'blue'> .</font></B>  -Absent
<B><font color = 'blue'> .</font></B>  -Absent
<B><font color = 'blue'> .</font></B>  -Absent
<B><font color = 'blue'> .</font></B>  -Absent
<B><font color = 'blue'> .</font></B>  -adg ckj 
<B><font color = 'blue'> .</font></B>  -adcs@1234
<B><font color = 'blue'> .</font></B>  -583
<B><font color = 'blue'> .</font></B>  -2022-11-15
<B><font color = 'blue'> .</font></B>  -Absent
<B><font color = 'blue'> .</font></B>  -Absent
<B><font color = 'blue'> .</font></B>  -undefined
<B><font color = 'blue'> .</font></B>  -Bangalore
<B><font color = 'blue'> .</font></B>  -Testing
<B><font color = 'blue'> .</font></B>  -Absent
<B><font color = 'blue'> .</font></B>  -Absent
<B><font color = 'blue'> .</font></B>  -Absent
<B><font color = 'blue'> .</font></B>  -Absent
<B><font color = 'blue'> .</font></B>  -Absent
<B><font color = 'blue'> .</font></B>  -Absent
<B><font color = 'blue'> .</font></B>  -Absent
<B><font color = 'blue'> .</font></B>  -Absent
<B><font color = 'blue'> .</font></B>  -Absent
<B><font color = 'blue'> .</font></B>  -Absent
<B><font color = 'blue'> .</font></B>  -Absent
<B><font color = 'blue'> .</font></B>  -dominic toretto 
<B><font color = 'blue'> .</font></B>  -dom.toretto737@gmail.com
<B><font color = 'blue'> .</font></B>  -EMP011
<B><font color = 'blue'> .</font></B>  -2022-11-15
<B><font color = 'blue'> .</font></B>  -Absent
<B><font color = 'blue'> .</font></B>  -Absent
<B><font color = 'blue'> .</font></B>  -undefined
<B><font color = 'blue'> .</font></B>  -Bangalore
<B><font color = 'blue'> .</font></B>  -Testing
<B><font color = 'blue'> .</font></B>  -Absent
<B><font color = 'blue'> .</font></B>  -Absent
<B><font color = 'blue'> .</font></B>  -Absent
<B><font color = 'blue'> .</font></B>  -Absent
<B><font color = 'blue'> .</font></B>  -Absent
<B><font color = 'blue'> .</font></B>  -Absent
<B><font color = 'blue'> .</font></B>  -Absent
<B><font color = 'blue'> .</font></B>  -Absent
<B><font color = 'blue'> .</font></B>  -Absent
<B><font color = 'blue'> .</font></B>  -Absent
<B><font color = 'blue'> .</font></B>  -Absent
<B><font color = 'blue'> .</font></B>  -Abhishek Test 
<B><font color = 'blue'> .</font></B>  -abhishektrest@glb.in
<B><font color = 'blue'> .</font></B>  -rN7tvEiDPGNi4fD
<B><font color = 'blue'> .</font></B>  -2022-11-15
<B><font color = 'blue'> .</font></B>  -Absent
<B><font color = 'blue'> .</font></B>  -Absent
<B><font color = 'blue'> .</font></B>  -undefined
<B><font color = 'blue'> .</font></B>  -Bangalore
<B><font color = 'blue'> .</font></B>  -Php
<B><font color = 'blue'> .</font></B>  -Absent
<B><font color = 'blue'> .</font></B>  -Absent
<B><font color = 'blue'> .</font></B>  -Absent
<B><font color = 'blue'> .</font></B>  -Absent
<B><font color = 'blue'> .</font></B>  -Absent
<B><font color = 'blue'> .</font></B>  -Absent
<B><font color = 'blue'> .</font></B>  -Absent
<B><font color = 'blue'> .</font></B>  -Absent
<B><font color = 'blue'> .</font></B>  -Absent
<B><font color = 'blue'> .</font></B>  -Absent
<B><font color = 'blue'> .</font></B>  -Absent
<B><font color = 'blue'> .</font></B>  -Superior Test one 
<B><font color = 'blue'> .</font></B>  -superiorone@gmail.com
<B><font color = 'blue'> .</font></B>  -twoqw
<B><font color = 'blue'> .</font></B>  -2022-11-15
<B><font color = 'blue'> .</font></B>  -Absent
<B><font color = 'blue'> .</font></B>  -Absent
<B><font color = 'blue'> .</font></B>  -undefined
<B><font color = 'blue'> .</font></B>  -Bangalore
<B><font color = 'blue'> .</font></B>  -Testing
<B><font color = 'blue'> .</font></B>  -Absent
<B><font color = 'blue'> .</font></B>  -Absent
<B><font color = 'blue'> .</font></B>  -Absent
<B><font color = 'blue'> .</font></B>  -Absent
<B><font color = 'blue'> .</font></B>  -Absent
<B><font color = 'blue'> .</font></B>  -Absent
<B><font color = 'blue'> .</font></B>  -Absent
<B><font color = 'blue'> .</font></B>  -Absent
<B><font color = 'blue'> .</font></B>  -Absent
<B><font color = 'blue'> .</font></B>  -Absent
<B><font color = 'blue'> .</font></B>  -Absent
<B><font color = 'blue'> .</font></B>  -test testw 
<B><font color = 'blue'> .</font></B>  -test@mac.in
<B><font color = 'blue'> .</font></B>  -aaf123
<B><font color = 'blue'> .</font></B>  -2022-11-15
<B><font color = 'blue'> .</font></B>  -Absent
<B><font color = 'blue'> .</font></B>  -Absent
<B><font color = 'blue'> .</font></B>  -undefined
<B><font color = 'blue'> .</font></B>  -Bangalore
<B><font color = 'blue'> .</font></B>  -Php
<B><font color = 'blue'> .</font></B>  -Absent
<B><font color = 'blue'> .</font></B>  -Absent
<B><font color = 'blue'> .</font></B>  -Absent
<B><font color = 'blue'> .</font></B>  -Absent
<B><font color = 'blue'> .</font></B>  -Absent
<B><font color = 'blue'> .</font></B>  -Absent
<B><font color = 'blue'> .</font></B>  -Absent
<B><font color = 'blue'> .</font></B>  -Absent
<B><font color = 'blue'> .</font></B>  -Absent
<B><font color = 'blue'> .</font></B>  -Absent
<B><font color = 'blue'> .</font></B>  -Absent
<B><font color = 'blue'> .</font></B>  -sam eer 
<B><font color = 'blue'> .</font></B>  -sam@rf.in
<B><font color = 'blue'> .</font></B>  -WSAERT2Q34E
<B><font color = 'blue'> .</font></B>  -2022-11-15
<B><font color = 'blue'> .</font></B>  -Absent
<B><font color = 'blue'> .</font></B>  -Absent
<B><font color = 'blue'> .</font></B>  -undefined
<B><font color = 'blue'> .</font></B>  -Bangalore
<B><font color = 'blue'> .</font></B>  -Testing
<B><font color = 'blue'> .</font></B>  -Absent
<B><font color = 'blue'> .</font></B>  -Absent
<B><font color = 'blue'> .</font></B>  -Absent
<B><font color = 'blue'> .</font></B>  -Absent
<B><font color = 'blue'> .</font></B>  -Absent
<B><font color = 'blue'> .</font></B>  -Absent
<B><font color = 'blue'> .</font></B>  -Absent
<B><font color = 'blue'> .</font></B>  -Absent
<B><font color = 'blue'> .</font></B>  -Absent
<B><font color = 'blue'> .</font></B>  -Absent
<B><font color = 'blue'> .</font></B>  -Absent
<B><font color = 'blue'> .</font></B>  -Test test 
<B><font color = 'blue'> .</font></B>  -sarikajain@gmail.com
<B><font color = 'blue'> .</font></B>  -E-101
<B><font color = 'blue'> .</font></B>  -2022-11-15
<B><font color = 'blue'> .</font></B>  -Absent
<B><font color = 'blue'> .</font></B>  -Absent
<B><font color = 'blue'> .</font></B>  -undefined
<B><font color = 'blue'> .</font></B>  -Bangalore
<B><font color = 'blue'> .</font></B>  -Testing
<B><font color = 'blue'> .</font></B>  -Absent
<B><font color = 'blue'> .</font></B>  -Absent
<B><font color = 'blue'> .</font></B>  -Absent
<B><font color = 'blue'> .</font></B>  -Absent
<B><font color = 'blue'> .</font></B>  -Absent
<B><font color = 'blue'> .</font></B>  -Absent
<B><font color = 'blue'> .</font></B>  -Absent
<B><font color = 'blue'> .</font></B>  -Absent
<B><font color = 'blue'> .</font></B>  -Absent
<B><font color = 'blue'> .</font></B>  -Absent
<B><font color = 'blue'> .</font></B>  -Absent
<B><font color = 'blue'> .</font></B>  -sithu kalluru 
<B><font color = 'blue'> .</font></B>  -sitaramireddy@globussoft.in
<B><font color = 'blue'> .</font></B>  -code12
<B><font color = 'blue'> .</font></B>  -2022-11-15
<B><font color = 'blue'> .</font></B>  -Absent
<B><font color = 'blue'> .</font></B>  -Absent
<B><font color = 'blue'> .</font></B>  -undefined
<B><font color = 'blue'> .</font></B>  -Bangalore
<B><font color = 'blue'> .</font></B>  -Testing
<B><font color = 'blue'> .</font></B>  -Absent
<B><font color = 'blue'> .</font></B>  -Absent
<B><font color = 'blue'> .</font></B>  -Absent
<B><font color = 'blue'> .</font></B>  -Absent
<B><font color = 'blue'> .</font></B>  -Absent
<B><font color = 'blue'> .</font></B>  -Absent
<B><font color = 'blue'> .</font></B>  -Absent
<B><font color = 'blue'> .</font></B>  -Absent
<B><font color = 'blue'> .</font></B>  -Absent
<B><font color = 'blue'> .</font></B>  -Absent
<B><font color = 'blue'> .</font></B>  -Absent
<B><font color = 'blue'> .</font></B>  -test123 abcd 
<B><font color = 'blue'> .</font></B>  -s@gmail.com
<B><font color = 'blue'> .</font></B>  -code123z
<B><font color = 'blue'> .</font></B>  -2022-11-15
<B><font color = 'blue'> .</font></B>  -Absent
<B><font color = 'blue'> .</font></B>  -Absent
<B><font color = 'blue'> .</font></B>  -undefined
<B><font color = 'blue'> .</font></B>  -Bangalore
<B><font color = 'blue'> .</font></B>  -Testing
<B><font color = 'blue'> .</font></B>  -Absent
<B><font color = 'blue'> .</font></B>  -Absent
<B><font color = 'blue'> .</font></B>  -Absent
<B><font color = 'blue'> .</font></B>  -Absent
<B><font color = 'blue'> .</font></B>  -Absent
<B><font color = 'blue'> .</font></B>  -Absent
<B><font color = 'blue'> .</font></B>  -Absent
<B><font color = 'blue'> .</font></B>  -Absent
<B><font color = 'blue'> .</font></B>  -Absent
<B><font color = 'blue'> .</font></B>  -Absent
<B><font color = 'blue'> .</font></B>  -Absent
<B><font color = 'blue'> .</font></B>  -testing test 
<B><font color = 'blue'> .</font></B>  -aarshajoyson1601@gmail.com
<B><font color = 'blue'> .</font></B>  -glb0008
<B><font color = 'blue'> .</font></B>  -2022-11-15
<B><font color = 'blue'> .</font></B>  -Absent
<B><font color = 'blue'> .</font></B>  -Absent
<B><font color = 'blue'> .</font></B>  -undefined
<B><font color = 'blue'> .</font></B>  -Bangalore
<B><font color = 'blue'> .</font></B>  -Php
<B><font color = 'blue'> .</font></B>  -Absent
<B><font color = 'blue'> .</font></B>  -Absent
<B><font color = 'blue'> .</font></B>  -Absent
<B><font color = 'blue'> .</font></B>  -Absent
<B><font color = 'blue'> .</font></B>  -Absent
<B><font color = 'blue'> .</font></B>  -Absent
<B><font color = 'blue'> .</font></B>  -Absent
<B><font color = 'blue'> .</font></B>  -Absent
<B><font color = 'blue'> .</font></B>  -Absent
<B><font color = 'blue'> .</font></B>  -Absent
<B><font color = 'blue'> .</font></B>  -Absent
<B><font color = 'blue'> .</font></B>  -Automation CodeeeAuto 
<B><font color = 'blue'> .</font></B>  -skabcdef7@gmail.com
<B><font color = 'blue'> .</font></B>  -Emp-Abzcde-1234522
<B><font color = 'blue'> .</font></B>  -2022-11-15
<B><font color = 'blue'> .</font></B>  -Absent
<B><font color = 'blue'> .</font></B>  -Absent
<B><font color = 'blue'> .</font></B>  -undefined
<B><font color = 'blue'> .</font></B>  -Bangalore
<B><font color = 'blue'> .</font></B>  -Testing
<B><font color = 'blue'> .</font></B>  -Absent
<B><font color = 'blue'> .</font></B>  -Absent
<B><font color = 'blue'> .</font></B>  -Absent
<B><font color = 'blue'> .</font></B>  -Absent
<B><font color = 'blue'> .</font></B>  -Absent
<B><font color = 'blue'> .</font></B>  -Absent
<B><font color = 'blue'> .</font></B>  -Absent
<B><font color = 'blue'> .</font></B>  -Absent
<B><font color = 'blue'> .</font></B>  -Absent
<B><font color = 'blue'> .</font></B>  -Absent
<B><font color = 'blue'> .</font></B>  -Absent
<B><font color = 'blue'> .</font></B>  -piyush dfgsfg 
<B><font color = 'blue'> .</font></B>  -jos@gmail.com
<B><font color = 'blue'> .</font></B>  -sdgff
<B><font color = 'blue'> .</font></B>  -2022-11-15
<B><font color = 'blue'> .</font></B>  -Absent
<B><font color = 'blue'> .</font></B>  -Absent
<B><font color = 'blue'> .</font></B>  -undefined
<B><font color = 'blue'> .</font></B>  -Bangalore
<B><font color = 'blue'> .</font></B>  -Testing
<B><font color = 'blue'> .</font></B>  -Absent
<B><font color = 'blue'> .</font></B>  -Absent
<B><font color = 'blue'> .</font></B>  -Absent
<B><font color = 'blue'> .</font></B>  -Absent
<B><font color = 'blue'> .</font></B>  -Absent
<B><font color = 'blue'> .</font></B>  -Absent
<B><font color = 'blue'> .</font></B>  -Absent
<B><font color = 'blue'> .</font></B>  -Absent
<B><font color = 'blue'> .</font></B>  -Absent
<B><font color = 'blue'> .</font></B>  -Absent
<B><font color = 'blue'> .</font></B>  -Absent
<B><font color = 'blue'> .</font></B>  -Automation CodeeeAuto 
<B><font color = 'blue'> .</font></B>  -skabcdef38@gmail.com
<B><font color = 'blue'> .</font></B>  -Emp-Abzcde-123457
<B><font color = 'blue'> .</font></B>  -2022-11-15
<B><font color = 'blue'> .</font></B>  -Absent
<B><font color = 'blue'> .</font></B>  -Absent
<B><font color = 'blue'> .</font></B>  -undefined
<B><font color = 'blue'> .</font></B>  -Bangalore
<B><font color = 'blue'> .</font></B>  -Testing
<B><font color = 'blue'> .</font></B>  -Absent
<B><font color = 'blue'> .</font></B>  -Absent
<B><font color = 'blue'> .</font></B>  -Absent
<B><font color = 'blue'> .</font></B>  -Absent
<B><font color = 'blue'> .</font></B>  -Absent
<B><font color = 'blue'> .</font></B>  -Absent
<B><font color = 'blue'> .</font></B>  -Absent
<B><font color = 'blue'> .</font></B>  -Absent
<B><font color = 'blue'> .</font></B>  -Absent
<B><font color = 'blue'> .</font></B>  -Absent
<B><font color = 'blue'> .</font></B>  -Absent
<B><font color = 'blue'> .</font></B>  -Automation CodeeeAuto 
<B><font color = 'blue'> .</font></B>  -skabcdef33@gmail.com
<B><font color = 'blue'> .</font></B>  -Emp-Abzcde-1234557
<B><font color = 'blue'> .</font></B>  -2022-11-15
<B><font color = 'blue'> .</font></B>  -Absent
<B><font color = 'blue'> .</font></B>  -Absent
<B><font color = 'blue'> .</font></B>  -undefined
<B><font color = 'blue'> .</font></B>  -Bangalore
<B><font color = 'blue'> .</font></B>  -Testing
<B><font color = 'blue'> .</font></B>  -Absent
<B><font color = 'blue'> .</font></B>  -Absent
<B><font color = 'blue'> .</font></B>  -Absent
<B><font color = 'blue'> .</font></B>  -Absent
<B><font color = 'blue'> .</font></B>  -Absent
<B><font color = 'blue'> .</font></B>  -Absent
<B><font color = 'blue'> .</font></B>  -Absent
<B><font color = 'blue'> .</font></B>  -Absent
<B><font color = 'blue'> .</font></B>  -Absent
<B><font color = 'blue'> .</font></B>  -Absent
<B><font color = 'blue'> .</font></B>  -Absent
<B><font color = 'blue'> .</font></B>  -D Surya Prabhakar 
<B><font color = 'blue'> .</font></B>  -surya1@gmail.com
<B><font color = 'blue'> .</font></B>  -EM010
<B><font color = 'blue'> .</font></B>  -2022-11-15
<B><font color = 'blue'> .</font></B>  -Absent
<B><font color = 'blue'> .</font></B>  -Absent
<B><font color = 'blue'> .</font></B>  -undefined
<B><font color = 'blue'> .</font></B>  -bengaluru
<B><font color = 'blue'> .</font></B>  -Testing
<B><font color = 'blue'> .</font></B>  -Absent
<B><font color = 'blue'> .</font></B>  -Absent
<B><font color = 'blue'> .</font></B>  -Absent
<B><font color = 'blue'> .</font></B>  -Absent
<B><font color = 'blue'> .</font></B>  -Absent
<B><font color = 'blue'> .</font></B>  -Absent
<B><font color = 'blue'> .</font></B>  -Absent
<B><font color = 'blue'> .</font></B>  -Absent
<B><font color = 'blue'> .</font></B>  -Absent
<B><font color = 'blue'> .</font></B>  -Absent
<B><font color = 'blue'> .</font></B>  -Absent
<B><font color = 'blue'> .</font></B>  -R o       hit Sharma 
<B><font color = 'blue'> .</font></B>  -rahulrajt5613928@gmail.com
<B><font color = 'blue'> .</font></B>  -67645
<B><font color = 'blue'> .</font></B>  -2022-11-15
<B><font color = 'blue'> .</font></B>  -Absent
<B><font color = 'blue'> .</font></B>  -Absent
<B><font color = 'blue'> .</font></B>  -undefined
<B><font color = 'blue'> .</font></B>  -bengaluru
<B><font color = 'blue'> .</font></B>  -Testing
<B><font color = 'blue'> .</font></B>  -Absent
<B><font color = 'blue'> .</font></B>  -Absent
<B><font color = 'blue'> .</font></B>  -Absent
<B><font color = 'blue'> .</font></B>  -Absent
<B><font color = 'blue'> .</font></B>  -Absent
<B><font color = 'blue'> .</font></B>  -Absent
<B><font color = 'blue'> .</font></B>  -Absent
<B><font color = 'blue'> .</font></B>  -Absent
<B><font color = 'blue'> .</font></B>  -Absent
<B><font color = 'blue'> .</font></B>  -Absent
<B><font color = 'blue'> .</font></B>  -Absent
<B><font color = 'blue'> .</font></B>  -ni test 
<B><font color = 'blue'> .</font></B>  -nitest12@gmail.com
<B><font color = 'blue'> .</font></B>  -GLB678
<B><font color = 'blue'> .</font></B>  -2022-11-15
<B><font color = 'blue'> .</font></B>  -Absent
<B><font color = 'blue'> .</font></B>  -Absent
<B><font color = 'blue'> .</font></B>  -undefined
<B><font color = 'blue'> .</font></B>  -bengaluru
<B><font color = 'blue'> .</font></B>  -Testing
<B><font color = 'blue'> .</font></B>  -Absent
<B><font color = 'blue'> .</font></B>  -Absent
<B><font color = 'blue'> .</font></B>  -Absent
<B><font color = 'blue'> .</font></B>  -Absent
<B><font color = 'blue'> .</font></B>  -Absent
<B><font color = 'blue'> .</font></B>  -Absent
<B><font color = 'blue'> .</font></B>  -Absent
<B><font color = 'blue'> .</font></B>  -Absent
<B><font color = 'blue'> .</font></B>  -Absent
<B><font color = 'blue'> .</font></B>  -Absent
<B><font color = 'blue'> .</font></B>  -Absent
<B><font color = 'blue'> .</font></B>  -one test 
<B><font color = 'blue'> .</font></B>  -testone1234@gmail.com
<B><font color = 'blue'> .</font></B>  -0110
<B><font color = 'blue'> .</font></B>  -2022-11-15
<B><font color = 'blue'> .</font></B>  -Absent
<B><font color = 'blue'> .</font></B>  -Absent
<B><font color = 'blue'> .</font></B>  -undefined
<B><font color = 'blue'> .</font></B>  -bengaluru
<B><font color = 'blue'> .</font></B>  -Testing
<B><font color = 'blue'> .</font></B>  -Absent
<B><font color = 'blue'> .</font></B>  -Absent
<B><font color = 'blue'> .</font></B>  -Absent
<B><font color = 'blue'> .</font></B>  -Absent
<B><font color = 'blue'> .</font></B>  -Absent
<B><font color = 'blue'> .</font></B>  -Absent
<B><font color = 'blue'> .</font></B>  -Absent
<B><font color = 'blue'> .</font></B>  -Absent
<B><font color = 'blue'> .</font></B>  -Absent
<B><font color = 'blue'> .</font></B>  -Absent
<B><font color = 'blue'> .</font></B>  -Absent
<B><font color = 'blue'> .</font></B>  -surya kk 
<B><font color = 'blue'> .</font></B>  -123@gmail.com
<B><font color = 'blue'> .</font></B>  -mmmmm
<B><font color = 'blue'> .</font></B>  -2022-11-15
<B><font color = 'blue'> .</font></B>  -Absent
<B><font color = 'blue'> .</font></B>  -Absent
<B><font color = 'blue'> .</font></B>  -undefined
<B><font color = 'blue'> .</font></B>  -Tamilnadu
<B><font color = 'blue'> .</font></B>  -Test and Dev
<B><font color = 'blue'> .</font></B>  -Absent
<B><font color = 'blue'> .</font></B>  -Absent
<B><font color = 'blue'> .</font></B>  -Absent
<B><font color = 'blue'> .</font></B>  -Absent
<B><font color = 'blue'> .</font></B>  -Absent
<B><font color = 'blue'> .</font></B>  -Absent
<B><font color = 'blue'> .</font></B>  -Absent
<B><font color = 'blue'> .</font></B>  -Absent
<B><font color = 'blue'> .</font></B>  -Absent
<B><font color = 'blue'> .</font></B>  -Absent
<B><font color = 'blue'> .</font></B>  -Absent
<B><font color = 'blue'> .</font></B>  -sai kk 
<B><font color = 'blue'> .</font></B>  -saikk19876@gmail.com
<B><font color = 'blue'> .</font></B>  -20221019
<B><font color = 'blue'> .</font></B>  -2022-11-15
<B><font color = 'blue'> .</font></B>  -Absent
<B><font color = 'blue'> .</font></B>  -Absent
<B><font color = 'blue'> .</font></B>  -undefined
<B><font color = 'blue'> .</font></B>  -Tamilnadu
<B><font color = 'blue'> .</font></B>  -Test and Dev
<B><font color = 'blue'> .</font></B>  -Absent
<B><font color = 'blue'> .</font></B>  -Absent
<B><font color = 'blue'> .</font></B>  -Absent
<B><font color = 'blue'> .</font></B>  -Absent
<B><font color = 'blue'> .</font></B>  -Absent
<B><font color = 'blue'> .</font></B>  -Absent
<B><font color = 'blue'> .</font></B>  -Absent
<B><font color = 'blue'> .</font></B>  -Absent
<B><font color = 'blue'> .</font></B>  -Absent
<B><font color = 'blue'> .</font></B>  -Absent
<B><font color = 'blue'> .</font></B>  -Absent
<B><font color = 'blue'> .</font></B>  -ajeethemp test 
<B><font color = 'blue'> .</font></B>  -ajeethemp@gmail.com
<B><font color = 'blue'> .</font></B>  -A01
<B><font color = 'blue'> .</font></B>  -2022-11-15
<B><font color = 'blue'> .</font></B>  -Absent
<B><font color = 'blue'> .</font></B>  -Absent
<B><font color = 'blue'> .</font></B>  -undefined
<B><font color = 'blue'> .</font></B>  -Tamilnadu
<B><font color = 'blue'> .</font></B>  -Test and Dev
<B><font color = 'blue'> .</font></B>  -Absent
<B><font color = 'blue'> .</font></B>  -Absent
<B><font color = 'blue'> .</font></B>  -Absent
<B><font color = 'blue'> .</font></B>  -Absent
<B><font color = 'blue'> .</font></B>  -Absent
<B><font color = 'blue'> .</font></B>  -Absent
<B><font color = 'blue'> .</font></B>  -Absent
<B><font color = 'blue'> .</font></B>  -Absent
<B><font color = 'blue'> .</font></B>  -Absent
<B><font color = 'blue'> .</font></B>  -Absent
<B><font color = 'blue'> .</font></B>  -Absent
<B><font color = 'blue'> .</font></B>  -test user two 
<B><font color = 'blue'> .</font></B>  -testuser@two.io
<B><font color = 'blue'> .</font></B>  -GSLL-327
<B><font color = 'blue'> .</font></B>  -2022-11-15
<B><font color = 'blue'> .</font></B>  -Absent
<B><font color = 'blue'> .</font></B>  -Absent
<B><font color = 'blue'> .</font></B>  -undefined
<B><font color = 'blue'> .</font></B>  -Tamilnadu
<B><font color = 'blue'> .</font></B>  -Test and Dev
<B><font color = 'blue'> .</font></B>  -Absent
<B><font color = 'blue'> .</font></B>  -Absent
<B><font color = 'blue'> .</font></B>  -Absent
<B><font color = 'blue'> .</font></B>  -Absent
<B><font color = 'blue'> .</font></B>  -Absent
<B><font color = 'blue'> .</font></B>  -Absent
<B><font color = 'blue'> .</font></B>  -Absent
<B><font color = 'blue'> .</font></B>  -Absent
<B><font color = 'blue'> .</font></B>  -Absent
<B><font color = 'blue'> .</font></B>  -Absent
<B><font color = 'blue'> .</font></B>  -Absent
<B><font color = 'blue'> .</font></B>  -Himanshu Kumar 
<B><font color = 'blue'> .</font></B>  -himanshu1@gmail.com
<B><font color = 'blue'> .</font></B>  -EM011
<B><font color = 'blue'> .</font></B>  -2022-11-15
<B><font color = 'blue'> .</font></B>  -Absent
<B><font color = 'blue'> .</font></B>  -Absent
<B><font color = 'blue'> .</font></B>  -undefined
<B><font color = 'blue'> .</font></B>  -bagalkot
<B><font color = 'blue'> .</font></B>  -manual testing
<B><font color = 'blue'> .</font></B>  -Absent
<B><font color = 'blue'> .</font></B>  -Absent
<B><font color = 'blue'> .</font></B>  -Absent
<B><font color = 'blue'> .</font></B>  -Absent
<B><font color = 'blue'> .</font></B>  -Absent
<B><font color = 'blue'> .</font></B>  -Absent
<B><font color = 'blue'> .</font></B>  -Absent
<B><font color = 'blue'> .</font></B>  -Absent
<B><font color = 'blue'> .</font></B>  -Absent
<B><font color = 'blue'> .</font></B>  -Absent
<B><font color = 'blue'> .</font></B>  -Absent
<B><font color = 'blue'> .</font></B>  -dxgfdxg gssdg 
<B><font color = 'blue'> .</font></B>  -sdgsg@dgksodkg.in
<B><font color = 'blue'> .</font></B>  -asfda343443
<B><font color = 'blue'> .</font></B>  -2022-11-15
<B><font color = 'blue'> .</font></B>  -Absent
<B><font color = 'blue'> .</font></B>  -Absent
<B><font color = 'blue'> .</font></B>  -undefined
<B><font color = 'blue'> .</font></B>  -Bhilai
<B><font color = 'blue'> .</font></B>  -Php
<B><font color = 'blue'> .</font></B>  -Absent
<B><font color = 'blue'> .</font></B>  -Absent
<B><font color = 'blue'> .</font></B>  -Absent
<B><font color = 'blue'> .</font></B>  -Absent
<B><font color = 'blue'> .</font></B>  -Absent
<B><font color = 'blue'> .</font></B>  -Absent
<B><font color = 'blue'> .</font></B>  -Absent
<B><font color = 'blue'> .</font></B>  -Absent
<B><font color = 'blue'> .</font></B>  -Absent
<B><font color = 'blue'> .</font></B>  -Absent
<B><font color = 'blue'> .</font></B>  -Absent
<B><font color = 'blue'> .</font></B>  -Guest User 
<B><font color = 'blue'> .</font></B>  -guestuser@gmail.com
<B><font color = 'blue'> .</font></B>  -GLB-777
<B><font color = 'blue'> .</font></B>  -2022-11-14
<B><font color = 'blue'> .</font></B>  -14-11-2022 00:00:51
<B><font color = 'blue'> .</font></B>  -14-11-2022 13:54:50
<B><font color = 'blue'> .</font></B>  -GLB-124-PC
<B><font color = 'blue'> .</font></B>  -Bhilai
<B><font color = 'blue'> .</font></B>  -Php
<B><font color = 'blue'> .</font></B>  -13:53:59
<B><font color = 'blue'> .</font></B>  -13:53:59
<B><font color = 'blue'> .</font></B>  -00:28:18
<B><font color = 'blue'> .</font></B>  -00:28:18
<B><font color = 'blue'> .</font></B>  -00:00:00
<B><font color = 'blue'> .</font></B>  -00:00:00
<B><font color = 'blue'> .</font></B>  -13:25:41
<B><font color = 'blue'> .</font></B>  -00:00:00
<B><font color = 'blue'> .</font></B>  -5.90%
<B><font color = 'blue'> .</font></B>  -353:59
<B><font color = 'blue'> .</font></B>  -5.90
<B><font color = 'blue'> .</font></B>  -Virat kohli 
<B><font color = 'blue'> .</font></B>  -rahukbgdxgsf@gmail.com
<B><font color = 'blue'> .</font></B>  -65332
<B><font color = 'blue'> .</font></B>  -2022-11-14
<B><font color = 'blue'> .</font></B>  -Absent
<B><font color = 'blue'> .</font></B>  -Absent
<B><font color = 'blue'> .</font></B>  -undefined
<B><font color = 'blue'> .</font></B>  -Default
<B><font color = 'blue'> .</font></B>  -Default
<B><font color = 'blue'> .</font></B>  -Absent
<B><font color = 'blue'> .</font></B>  -Absent
<B><font color = 'blue'> .</font></B>  -Absent
<B><font color = 'blue'> .</font></B>  -Absent
<B><font color = 'blue'> .</font></B>  -Absent
<B><font color = 'blue'> .</font></B>  -Absent
<B><font color = 'blue'> .</font></B>  -Absent
<B><font color = 'blue'> .</font></B>  -Absent
<B><font color = 'blue'> .</font></B>  -Absent
<B><font color = 'blue'> .</font></B>  -Absent
<B><font color = 'blue'> .</font></B>  -Absent
<B><font color = 'blue'> .</font></B>  -sadas kadkasdj 
<B><font color = 'blue'> .</font></B>  -dsa@eqe
<B><font color = 'blue'> .</font></B>  -emp129666
<B><font color = 'blue'> .</font></B>  -2022-11-14
<B><font color = 'blue'> .</font></B>  -Absent
<B><font color = 'blue'> .</font></B>  -Absent
<B><font color = 'blue'> .</font></B>  -undefined
<B><font color = 'blue'> .</font></B>  -Default
<B><font color = 'blue'> .</font></B>  -Default
<B><font color = 'blue'> .</font></B>  -Absent
<B><font color = 'blue'> .</font></B>  -Absent
<B><font color = 'blue'> .</font></B>  -Absent
<B><font color = 'blue'> .</font></B>  -Absent
<B><font color = 'blue'> .</font></B>  -Absent
<B><font color = 'blue'> .</font></B>  -Absent
<B><font color = 'blue'> .</font></B>  -Absent
<B><font color = 'blue'> .</font></B>  -Absent
<B><font color = 'blue'> .</font></B>  -Absent
<B><font color = 'blue'> .</font></B>  -Absent
<B><font color = 'blue'> .</font></B>  -Absent
<B><font color = 'blue'> .</font></B>  -New Test 
<B><font color = 'blue'> .</font></B>  -newtest@gmail.com
<B><font color = 'blue'> .</font></B>  -ewer334443
<B><font color = 'blue'> .</font></B>  -2022-11-14
<B><font color = 'blue'> .</font></B>  -Absent
<B><font color = 'blue'> .</font></B>  -Absent
<B><font color = 'blue'> .</font></B>  -undefined
<B><font color = 'blue'> .</font></B>  -Default
<B><font color = 'blue'> .</font></B>  -Default
<B><font color = 'blue'> .</font></B>  -Absent
<B><font color = 'blue'> .</font></B>  -Absent
<B><font color = 'blue'> .</font></B>  -Absent
<B><font color = 'blue'> .</font></B>  -Absent
<B><font color = 'blue'> .</font></B>  -Absent
<B><font color = 'blue'> .</font></B>  -Absent
<B><font color = 'blue'> .</font></B>  -Absent
<B><font color = 'blue'> .</font></B>  -Absent
<B><font color = 'blue'> .</font></B>  -Absent
<B><font color = 'blue'> .</font></B>  -Absent
<B><font color = 'blue'> .</font></B>  -Absent
<B><font color = 'blue'> .</font></B>  -dshcdb uidsbf 
<B><font color = 'blue'> .</font></B>  -dvbvdb@yahoo.com
<B><font color = 'blue'> .</font></B>  -435454
<B><font color = 'blue'> .</font></B>  -2022-11-14
<B><font color = 'blue'> .</font></B>  -Absent
<B><font color = 'blue'> .</font></B>  -Absent
<B><font color = 'blue'> .</font></B>  -undefined
<B><font color = 'blue'> .</font></B>  -Default
<B><font color = 'blue'> .</font></B>  -Default
<B><font color = 'blue'> .</font></B>  -Absent
<B><font color = 'blue'> .</font></B>  -Absent
<B><font color = 'blue'> .</font></B>  -Absent
<B><font color = 'blue'> .</font></B>  -Absent
<B><font color = 'blue'> .</font></B>  -Absent
<B><font color = 'blue'> .</font></B>  -Absent
<B><font color = 'blue'> .</font></B>  -Absent
<B><font color = 'blue'> .</font></B>  -Absent
<B><font color = 'blue'> .</font></B>  -Absent
<B><font color = 'blue'> .</font></B>  -Absent
<B><font color = 'blue'> .</font></B>  -Absent
<B><font color = 'blue'> .</font></B>  -try last 
<B><font color = 'blue'> .</font></B>  -try@gmail.com
<B><font color = 'blue'> .</font></B>  -1225455
<B><font color = 'blue'> .</font></B>  -2022-11-14
<B><font color = 'blue'> .</font></B>  -Absent
<B><font color = 'blue'> .</font></B>  -Absent
<B><font color = 'blue'> .</font></B>  -undefined
<B><font color = 'blue'> .</font></B>  -Default
<B><font color = 'blue'> .</font></B>  -Default
<B><font color = 'blue'> .</font></B>  -Absent
<B><font color = 'blue'> .</font></B>  -Absent
<B><font color = 'blue'> .</font></B>  -Absent
<B><font color = 'blue'> .</font></B>  -Absent
<B><font color = 'blue'> .</font></B>  -Absent
<B><font color = 'blue'> .</font></B>  -Absent
<B><font color = 'blue'> .</font></B>  -Absent
<B><font color = 'blue'> .</font></B>  -Absent
<B><font color = 'blue'> .</font></B>  -Absent
<B><font color = 'blue'> .</font></B>  -Absent
<B><font color = 'blue'> .</font></B>  -Absent
<B><font color = 'blue'> .</font></B>  -vdjvdb yusvdvbbh 
<B><font color = 'blue'> .</font></B>  -dvhbfdh@gmail.com
<B><font color = 'blue'> .</font></B>  -wq534342
<B><font color = 'blue'> .</font></B>  -2022-11-14
<B><font color = 'blue'> .</font></B>  -Absent
<B><font color = 'blue'> .</font></B>  -Absent
<B><font color = 'blue'> .</font></B>  -undefined
<B><font color = 'blue'> .</font></B>  -Default
<B><font color = 'blue'> .</font></B>  -Default
<B><font color = 'blue'> .</font></B>  -Absent
<B><font color = 'blue'> .</font></B>  -Absent
<B><font color = 'blue'> .</font></B>  -Absent
<B><font color = 'blue'> .</font></B>  -Absent
<B><font color = 'blue'> .</font></B>  -Absent
<B><font color = 'blue'> .</font></B>  -Absent
<B><font color = 'blue'> .</font></B>  -Absent
<B><font color = 'blue'> .</font></B>  -Absent
<B><font color = 'blue'> .</font></B>  -Absent
<B><font color = 'blue'> .</font></B>  -Absent
<B><font color = 'blue'> .</font></B>  -Absent
<B><font color = 'blue'> .</font></B>  -Mail Test user 
<B><font color = 'blue'> .</font></B>  -maintest@user.io
<B><font color = 'blue'> .</font></B>  -GLB-1223888
<B><font color = 'blue'> .</font></B>  -2022-11-14
<B><font color = 'blue'> .</font></B>  -Absent
<B><font color = 'blue'> .</font></B>  -Absent
<B><font color = 'blue'> .</font></B>  -undefined
<B><font color = 'blue'> .</font></B>  -Default
<B><font color = 'blue'> .</font></B>  -Default
<B><font color = 'blue'> .</font></B>  -Absent
<B><font color = 'blue'> .</font></B>  -Absent
<B><font color = 'blue'> .</font></B>  -Absent
<B><font color = 'blue'> .</font></B>  -Absent
<B><font color = 'blue'> .</font></B>  -Absent
<B><font color = 'blue'> .</font></B>  -Absent
<B><font color = 'blue'> .</font></B>  -Absent
<B><font color = 'blue'> .</font></B>  -Absent
<B><font color = 'blue'> .</font></B>  -Absent
<B><font color = 'blue'> .</font></B>  -Absent
<B><font color = 'blue'> .</font></B>  -Absent
<B><font color = 'blue'> .</font></B>  -Update Check 
<B><font color = 'blue'> .</font></B>  -updates@gmail.com
<B><font color = 'blue'> .</font></B>  -emp543
<B><font color = 'blue'> .</font></B>  -2022-11-14
<B><font color = 'blue'> .</font></B>  -Absent
<B><font color = 'blue'> .</font></B>  -Absent
<B><font color = 'blue'> .</font></B>  -undefined
<B><font color = 'blue'> .</font></B>  -Default
<B><font color = 'blue'> .</font></B>  -Default
<B><font color = 'blue'> .</font></B>  -Absent
<B><font color = 'blue'> .</font></B>  -Absent
<B><font color = 'blue'> .</font></B>  -Absent
<B><font color = 'blue'> .</font></B>  -Absent
<B><font color = 'blue'> .</font></B>  -Absent
<B><font color = 'blue'> .</font></B>  -Absent
<B><font color = 'blue'> .</font></B>  -Absent
<B><font color = 'blue'> .</font></B>  -Absent
<B><font color = 'blue'> .</font></B>  -Absent
<B><font color = 'blue'> .</font></B>  -Absent
<B><font color = 'blue'> .</font></B>  -Absent
<B><font color = 'blue'> .</font></B>  -test manager 
<B><font color = 'blue'> .</font></B>  -manageremp@gmail.com
<B><font color = 'blue'> .</font></B>  -glb020
<B><font color = 'blue'> .</font></B>  -2022-11-14
<B><font color = 'blue'> .</font></B>  -Absent
<B><font color = 'blue'> .</font></B>  -Absent
<B><font color = 'blue'> .</font></B>  -undefined
<B><font color = 'blue'> .</font></B>  -Default
<B><font color = 'blue'> .</font></B>  -Default
<B><font color = 'blue'> .</font></B>  -Absent
<B><font color = 'blue'> .</font></B>  -Absent
<B><font color = 'blue'> .</font></B>  -Absent
<B><font color = 'blue'> .</font></B>  -Absent
<B><font color = 'blue'> .</font></B>  -Absent
<B><font color = 'blue'> .</font></B>  -Absent
<B><font color = 'blue'> .</font></B>  -Absent
<B><font color = 'blue'> .</font></B>  -Absent
<B><font color = 'blue'> .</font></B>  -Absent
<B><font color = 'blue'> .</font></B>  -Absent
<B><font color = 'blue'> .</font></B>  -Absent
<B><font color = 'blue'> .</font></B>  -DESKTOP-PJJHB19 - GLB-BLR-002OjUpRD2 
<B><font color = 'blue'> .</font></B>  --
<B><font color = 'blue'> .</font></B>  -GLB-BLR-002OjUpRD2
<B><font color = 'blue'> .</font></B>  -2022-11-14
<B><font color = 'blue'> .</font></B>  -Absent
<B><font color = 'blue'> .</font></B>  -Absent
<B><font color = 'blue'> .</font></B>  -undefined
<B><font color = 'blue'> .</font></B>  -Default
<B><font color = 'blue'> .</font></B>  -Default
<B><font color = 'blue'> .</font></B>  -Absent
<B><font color = 'blue'> .</font></B>  -Absent
<B><font color = 'blue'> .</font></B>  -Absent
<B><font color = 'blue'> .</font></B>  -Absent
<B><font color = 'blue'> .</font></B>  -Absent
<B><font color = 'blue'> .</font></B>  -Absent
<B><font color = 'blue'> .</font></B>  -Absent
<B><font color = 'blue'> .</font></B>  -Absent
<B><font color = 'blue'> .</font></B>  -Absent
<B><font color = 'blue'> .</font></B>  -Absent
<B><font color = 'blue'> .</font></B>  -Absent
<B><font color = 'blue'> .</font></B>  -Usb Test 
<B><font color = 'blue'> .</font></B>  -usbtest123@gmail.com
<B><font color = 'blue'> .</font></B>  -emp0097
<B><font color = 'blue'> .</font></B>  -2022-11-14
<B><font color = 'blue'> .</font></B>  -Absent
<B><font color = 'blue'> .</font></B>  -Absent
<B><font color = 'blue'> .</font></B>  -undefined
<B><font color = 'blue'> .</font></B>  -Default
<B><font color = 'blue'> .</font></B>  -Default
<B><font color = 'blue'> .</font></B>  -Absent
<B><font color = 'blue'> .</font></B>  -Absent
<B><font color = 'blue'> .</font></B>  -Absent
<B><font color = 'blue'> .</font></B>  -Absent
<B><font color = 'blue'> .</font></B>  -Absent
<B><font color = 'blue'> .</font></B>  -Absent
<B><font color = 'blue'> .</font></B>  -Absent
<B><font color = 'blue'> .</font></B>  -Absent
<B><font color = 'blue'> .</font></B>  -Absent
<B><font color = 'blue'> .</font></B>  -Absent
<B><font color = 'blue'> .</font></B>  -Absent
<B><font color = 'blue'> .</font></B>  -SS Keystrokes 
<B><font color = 'blue'> .</font></B>  -sskey@gmail.com
<B><font color = 'blue'> .</font></B>  -emp98y
<B><font color = 'blue'> .</font></B>  -2022-11-14
<B><font color = 'blue'> .</font></B>  -Absent
<B><font color = 'blue'> .</font></B>  -Absent
<B><font color = 'blue'> .</font></B>  -undefined
<B><font color = 'blue'> .</font></B>  -Default
<B><font color = 'blue'> .</font></B>  -Default
<B><font color = 'blue'> .</font></B>  -Absent
<B><font color = 'blue'> .</font></B>  -Absent
<B><font color = 'blue'> .</font></B>  -Absent
<B><font color = 'blue'> .</font></B>  -Absent
<B><font color = 'blue'> .</font></B>  -Absent
<B><font color = 'blue'> .</font></B>  -Absent
<B><font color = 'blue'> .</font></B>  -Absent
<B><font color = 'blue'> .</font></B>  -Absent
<B><font color = 'blue'> .</font></B>  -Absent
<B><font color = 'blue'> .</font></B>  -Absent
<B><font color = 'blue'> .</font></B>  -Absent
<B><font color = 'blue'> .</font></B>  -shivammmmmmmmmmmmmmmmmmmm Kumar 
<B><font color = 'blue'> .</font></B>  -kgfyash545@gmail.com
<B><font color = 'blue'> .</font></B>  -hsakhdjk414
<B><font color = 'blue'> .</font></B>  -2022-11-14
<B><font color = 'blue'> .</font></B>  -Absent
<B><font color = 'blue'> .</font></B>  -Absent
<B><font color = 'blue'> .</font></B>  -undefined
<B><font color = 'blue'> .</font></B>  -Default
<B><font color = 'blue'> .</font></B>  -Default
<B><font color = 'blue'> .</font></B>  -Absent
<B><font color = 'blue'> .</font></B>  -Absent
<B><font color = 'blue'> .</font></B>  -Absent
<B><font color = 'blue'> .</font></B>  -Absent
<B><font color = 'blue'> .</font></B>  -Absent
<B><font color = 'blue'> .</font></B>  -Absent
<B><font color = 'blue'> .</font></B>  -Absent
<B><font color = 'blue'> .</font></B>  -Absent
<B><font color = 'blue'> .</font></B>  -Absent
<B><font color = 'blue'> .</font></B>  -Absent
<B><font color = 'blue'> .</font></B>  -Absent
<B><font color = 'blue'> .</font></B>  -Abhishek Four tf test 
<B><font color = 'blue'> .</font></B>  -abhishekfourtf@mail.com
<B><font color = 'blue'> .</font></B>  -HLIKSJ98
<B><font color = 'blue'> .</font></B>  -2022-11-14
<B><font color = 'blue'> .</font></B>  -Absent
<B><font color = 'blue'> .</font></B>  -Absent
<B><font color = 'blue'> .</font></B>  -undefined
<B><font color = 'blue'> .</font></B>  -Default
<B><font color = 'blue'> .</font></B>  -Default
<B><font color = 'blue'> .</font></B>  -Absent
<B><font color = 'blue'> .</font></B>  -Absent
<B><font color = 'blue'> .</font></B>  -Absent
<B><font color = 'blue'> .</font></B>  -Absent
<B><font color = 'blue'> .</font></B>  -Absent
<B><font color = 'blue'> .</font></B>  -Absent
<B><font color = 'blue'> .</font></B>  -Absent
<B><font color = 'blue'> .</font></B>  -Absent
<B><font color = 'blue'> .</font></B>  -Absent
<B><font color = 'blue'> .</font></B>  -Absent
<B><font color = 'blue'> .</font></B>  -Absent
<B><font color = 'blue'> .</font></B>  -new dev user 
<B><font color = 'blue'> .</font></B>  -new@dev.user
<B><font color = 'blue'> .</font></B>  -fdfsfsd
<B><font color = 'blue'> .</font></B>  -2022-11-14
<B><font color = 'blue'> .</font></B>  -Absent
<B><font color = 'blue'> .</font></B>  -Absent
<B><font color = 'blue'> .</font></B>  -undefined
<B><font color = 'blue'> .</font></B>  -Default
<B><font color = 'blue'> .</font></B>  -Default
<B><font color = 'blue'> .</font></B>  -Absent
<B><font color = 'blue'> .</font></B>  -Absent
<B><font color = 'blue'> .</font></B>  -Absent
<B><font color = 'blue'> .</font></B>  -Absent
<B><font color = 'blue'> .</font></B>  -Absent
<B><font color = 'blue'> .</font></B>  -Absent
<B><font color = 'blue'> .</font></B>  -Absent
<B><font color = 'blue'> .</font></B>  -Absent
<B><font color = 'blue'> .</font></B>  -Absent
<B><font color = 'blue'> .</font></B>  -Absent
<B><font color = 'blue'> .</font></B>  -Absent
<B><font color = 'blue'> .</font></B>  -aaaaaaaaaa aaaaaaaaa 
<B><font color = 'blue'> .</font></B>  -mmmm@gmail.com
<B><font color = 'blue'> .</font></B>  -80765s
<B><font color = 'blue'> .</font></B>  -2022-11-14
<B><font color = 'blue'> .</font></B>  -Absent
<B><font color = 'blue'> .</font></B>  -Absent
<B><font color = 'blue'> .</font></B>  -undefined
<B><font color = 'blue'> .</font></B>  -Bangalore
<B><font color = 'blue'> .</font></B>  -Testing
<B><font color = 'blue'> .</font></B>  -Absent
<B><font color = 'blue'> .</font></B>  -Absent
<B><font color = 'blue'> .</font></B>  -Absent
<B><font color = 'blue'> .</font></B>  -Absent
<B><font color = 'blue'> .</font></B>  -Absent
<B><font color = 'blue'> .</font></B>  -Absent
<B><font color = 'blue'> .</font></B>  -Absent
<B><font color = 'blue'> .</font></B>  -Absent
<B><font color = 'blue'> .</font></B>  -Absent
<B><font color = 'blue'> .</font></B>  -Absent
<B><font color = 'blue'> .</font></B>  -Absent
<B><font color = 'blue'> .</font></B>  -sumesh test 
<B><font color = 'blue'> .</font></B>  -sumesh@mail.com
<B><font color = 'blue'> .</font></B>  -fdgfdgf
<B><font color = 'blue'> .</font></B>  -2022-11-14
<B><font color = 'blue'> .</font></B>  -Absent
<B><font color = 'blue'> .</font></B>  -Absent
<B><font color = 'blue'> .</font></B>  -undefined
<B><font color = 'blue'> .</font></B>  -Bangalore
<B><font color = 'blue'> .</font></B>  -Testing
<B><font color = 'blue'> .</font></B>  -Absent
<B><font color = 'blue'> .</font></B>  -Absent
<B><font color = 'blue'> .</font></B>  -Absent
<B><font color = 'blue'> .</font></B>  -Absent
<B><font color = 'blue'> .</font></B>  -Absent
<B><font color = 'blue'> .</font></B>  -Absent
<B><font color = 'blue'> .</font></B>  -Absent
<B><font color = 'blue'> .</font></B>  -Absent
<B><font color = 'blue'> .</font></B>  -Absent
<B><font color = 'blue'> .</font></B>  -Absent
<B><font color = 'blue'> .</font></B>  -Absent
<B><font color = 'blue'> .</font></B>  -Test msc 
<B><font color = 'blue'> .</font></B>  -test123@gmail.com
<B><font color = 'blue'> .</font></B>  -12254
<B><font color = 'blue'> .</font></B>  -2022-11-14
<B><font color = 'blue'> .</font></B>  -Absent
<B><font color = 'blue'> .</font></B>  -Absent
<B><font color = 'blue'> .</font></B>  -undefined
<B><font color = 'blue'> .</font></B>  -Bangalore
<B><font color = 'blue'> .</font></B>  -Testing
<B><font color = 'blue'> .</font></B>  -Absent
<B><font color = 'blue'> .</font></B>  -Absent
<B><font color = 'blue'> .</font></B>  -Absent
<B><font color = 'blue'> .</font></B>  -Absent
<B><font color = 'blue'> .</font></B>  -Absent
<B><font color = 'blue'> .</font></B>  -Absent
<B><font color = 'blue'> .</font></B>  -Absent
<B><font color = 'blue'> .</font></B>  -Absent
<B><font color = 'blue'> .</font></B>  -Absent
<B><font color = 'blue'> .</font></B>  -Absent
<B><font color = 'blue'> .</font></B>  -Absent
<B><font color = 'blue'> .</font></B>  -deffdfds vscsc 
<B><font color = 'blue'> .</font></B>  -cscsdw123@gmail.com
<B><font color = 'blue'> .</font></B>  -1234512
<B><font color = 'blue'> .</font></B>  -2022-11-14
<B><font color = 'blue'> .</font></B>  -Absent
<B><font color = 'blue'> .</font></B>  -Absent
<B><font color = 'blue'> .</font></B>  -undefined
<B><font color = 'blue'> .</font></B>  -Bangalore
<B><font color = 'blue'> .</font></B>  -Testing
<B><font color = 'blue'> .</font></B>  -Absent
<B><font color = 'blue'> .</font></B>  -Absent
<B><font color = 'blue'> .</font></B>  -Absent
<B><font color = 'blue'> .</font></B>  -Absent
<B><font color = 'blue'> .</font></B>  -Absent
<B><font color = 'blue'> .</font></B>  -Absent
<B><font color = 'blue'> .</font></B>  -Absent
<B><font color = 'blue'> .</font></B>  -Absent
<B><font color = 'blue'> .</font></B>  -Absent
<B><font color = 'blue'> .</font></B>  -Absent
<B><font color = 'blue'> .</font></B>  -Absent
<B><font color = 'blue'> .</font></B>  -test testtt 
<B><font color = 'blue'> .</font></B>  -abcd@gmail.com
<B><font color = 'blue'> .</font></B>  -GLB55
<B><font color = 'blue'> .</font></B>  -2022-11-14
<B><font color = 'blue'> .</font></B>  -Absent
<B><font color = 'blue'> .</font></B>  -Absent
<B><font color = 'blue'> .</font></B>  -undefined
<B><font color = 'blue'> .</font></B>  -Bangalore
<B><font color = 'blue'> .</font></B>  -Testing
<B><font color = 'blue'> .</font></B>  -Absent
<B><font color = 'blue'> .</font></B>  -Absent
<B><font color = 'blue'> .</font></B>  -Absent
<B><font color = 'blue'> .</font></B>  -Absent
<B><font color = 'blue'> .</font></B>  -Absent
<B><font color = 'blue'> .</font></B>  -Absent
<B><font color = 'blue'> .</font></B>  -Absent
<B><font color = 'blue'> .</font></B>  -Absent
<B><font color = 'blue'> .</font></B>  -Absent
<B><font color = 'blue'> .</font></B>  -Absent
<B><font color = 'blue'> .</font></B>  -Absent
<B><font color = 'blue'> .</font></B>  -Abhishe tt 
<B><font color = 'blue'> .</font></B>  -ab@ab.com
<B><font color = 'blue'> .</font></B>  -GKD567
<B><font color = 'blue'> .</font></B>  -2022-11-14
<B><font color = 'blue'> .</font></B>  -Absent
<B><font color = 'blue'> .</font></B>  -Absent
<B><font color = 'blue'> .</font></B>  -undefined
<B><font color = 'blue'> .</font></B>  -Bangalore
<B><font color = 'blue'> .</font></B>  -Testing
<B><font color = 'blue'> .</font></B>  -Absent
<B><font color = 'blue'> .</font></B>  -Absent
<B><font color = 'blue'> .</font></B>  -Absent
<B><font color = 'blue'> .</font></B>  -Absent
<B><font color = 'blue'> .</font></B>  -Absent
<B><font color = 'blue'> .</font></B>  -Absent
<B><font color = 'blue'> .</font></B>  -Absent
<B><font color = 'blue'> .</font></B>  -Absent
<B><font color = 'blue'> .</font></B>  -Absent
<B><font color = 'blue'> .</font></B>  -Absent
<B><font color = 'blue'> .</font></B>  -Absent
<B><font color = 'blue'> .</font></B>  -test nonadmin 
<B><font color = 'blue'> .</font></B>  -testnonadmin@gmail.com
<B><font color = 'blue'> .</font></B>  -GLB026
<B><font color = 'blue'> .</font></B>  -2022-11-14
<B><font color = 'blue'> .</font></B>  -Absent
<B><font color = 'blue'> .</font></B>  -Absent
<B><font color = 'blue'> .</font></B>  -undefined
<B><font color = 'blue'> .</font></B>  -Bangalore
<B><font color = 'blue'> .</font></B>  -Php
<B><font color = 'blue'> .</font></B>  -Absent
<B><font color = 'blue'> .</font></B>  -Absent
<B><font color = 'blue'> .</font></B>  -Absent
<B><font color = 'blue'> .</font></B>  -Absent
<B><font color = 'blue'> .</font></B>  -Absent
<B><font color = 'blue'> .</font></B>  -Absent
<B><font color = 'blue'> .</font></B>  -Absent
<B><font color = 'blue'> .</font></B>  -Absent
<B><font color = 'blue'> .</font></B>  -Absent
<B><font color = 'blue'> .</font></B>  -Absent
<B><font color = 'blue'> .</font></B>  -Absent
<B><font color = 'blue'> .</font></B>  -adg ckj 
<B><font color = 'blue'> .</font></B>  -adcs@1234
<B><font color = 'blue'> .</font></B>  -583
<B><font color = 'blue'> .</font></B>  -2022-11-14
<B><font color = 'blue'> .</font></B>  -Absent
<B><font color = 'blue'> .</font></B>  -Absent
<B><font color = 'blue'> .</font></B>  -undefined
<B><font color = 'blue'> .</font></B>  -Bangalore
<B><font color = 'blue'> .</font></B>  -Testing
<B><font color = 'blue'> .</font></B>  -Absent
<B><font color = 'blue'> .</font></B>  -Absent
<B><font color = 'blue'> .</font></B>  -Absent
<B><font color = 'blue'> .</font></B>  -Absent
<B><font color = 'blue'> .</font></B>  -Absent
<B><font color = 'blue'> .</font></B>  -Absent
<B><font color = 'blue'> .</font></B>  -Absent
<B><font color = 'blue'> .</font></B>  -Absent
<B><font color = 'blue'> .</font></B>  -Absent
<B><font color = 'blue'> .</font></B>  -Absent
<B><font color = 'blue'> .</font></B>  -Absent
<B><font color = 'blue'> .</font></B>  -dominic toretto 
<B><font color = 'blue'> .</font></B>  -dom.toretto737@gmail.com
<B><font color = 'blue'> .</font></B>  -EMP011
<B><font color = 'blue'> .</font></B>  -2022-11-14
<B><font color = 'blue'> .</font></B>  -Absent
<B><font color = 'blue'> .</font></B>  -Absent
<B><font color = 'blue'> .</font></B>  -undefined
<B><font color = 'blue'> .</font></B>  -Bangalore
<B><font color = 'blue'> .</font></B>  -Testing
<B><font color = 'blue'> .</font></B>  -Absent
<B><font color = 'blue'> .</font></B>  -Absent
<B><font color = 'blue'> .</font></B>  -Absent
<B><font color = 'blue'> .</font></B>  -Absent
<B><font color = 'blue'> .</font></B>  -Absent
<B><font color = 'blue'> .</font></B>  -Absent
<B><font color = 'blue'> .</font></B>  -Absent
<B><font color = 'blue'> .</font></B>  -Absent
<B><font color = 'blue'> .</font></B>  -Absent
<B><font color = 'blue'> .</font></B>  -Absent
<B><font color = 'blue'> .</font></B>  -Absent
<B><font color = 'blue'> .</font></B>  -Abhishek Test 
<B><font color = 'blue'> .</font></B>  -abhishektrest@glb.in
<B><font color = 'blue'> .</font></B>  -rN7tvEiDPGNi4fD
<B><font color = 'blue'> .</font></B>  -2022-11-14
<B><font color = 'blue'> .</font></B>  -Absent
<B><font color = 'blue'> .</font></B>  -Absent
<B><font color = 'blue'> .</font></B>  -undefined
<B><font color = 'blue'> .</font></B>  -Bangalore
<B><font color = 'blue'> .</font></B>  -Php
<B><font color = 'blue'> .</font></B>  -Absent
<B><font color = 'blue'> .</font></B>  -Absent
<B><font color = 'blue'> .</font></B>  -Absent
<B><font color = 'blue'> .</font></B>  -Absent
<B><font color = 'blue'> .</font></B>  -Absent
<B><font color = 'blue'> .</font></B>  -Absent
<B><font color = 'blue'> .</font></B>  -Absent
<B><font color = 'blue'> .</font></B>  -Absent
<B><font color = 'blue'> .</font></B>  -Absent
<B><font color = 'blue'> .</font></B>  -Absent
<B><font color = 'blue'> .</font></B>  -Absent
<B><font color = 'blue'> .</font></B>  -Superior Test one 
<B><font color = 'blue'> .</font></B>  -superiorone@gmail.com
<B><font color = 'blue'> .</font></B>  -twoqw
<B><font color = 'blue'> .</font></B>  -2022-11-14
<B><font color = 'blue'> .</font></B>  -Absent
<B><font color = 'blue'> .</font></B>  -Absent
<B><font color = 'blue'> .</font></B>  -undefined
<B><font color = 'blue'> .</font></B>  -Bangalore
<B><font color = 'blue'> .</font></B>  -Testing
<B><font color = 'blue'> .</font></B>  -Absent
<B><font color = 'blue'> .</font></B>  -Absent
<B><font color = 'blue'> .</font></B>  -Absent
<B><font color = 'blue'> .</font></B>  -Absent
<B><font color = 'blue'> .</font></B>  -Absent
<B><font color = 'blue'> .</font></B>  -Absent
<B><font color = 'blue'> .</font></B>  -Absent
<B><font color = 'blue'> .</font></B>  -Absent
<B><font color = 'blue'> .</font></B>  -Absent
<B><font color = 'blue'> .</font></B>  -Absent
<B><font color = 'blue'> .</font></B>  -Absent
<B><font color = 'blue'> .</font></B>  -test testw 
<B><font color = 'blue'> .</font></B>  -test@mac.in
<B><font color = 'blue'> .</font></B>  -aaf123
<B><font color = 'blue'> .</font></B>  -2022-11-14
<B><font color = 'blue'> .</font></B>  -Absent
<B><font color = 'blue'> .</font></B>  -Absent
<B><font color = 'blue'> .</font></B>  -undefined
<B><font color = 'blue'> .</font></B>  -Bangalore
<B><font color = 'blue'> .</font></B>  -Php
<B><font color = 'blue'> .</font></B>  -Absent
<B><font color = 'blue'> .</font></B>  -Absent
<B><font color = 'blue'> .</font></B>  -Absent
<B><font color = 'blue'> .</font></B>  -Absent
<B><font color = 'blue'> .</font></B>  -Absent
<B><font color = 'blue'> .</font></B>  -Absent
<B><font color = 'blue'> .</font></B>  -Absent
<B><font color = 'blue'> .</font></B>  -Absent
<B><font color = 'blue'> .</font></B>  -Absent
<B><font color = 'blue'> .</font></B>  -Absent
<B><font color = 'blue'> .</font></B>  -Absent
<B><font color = 'blue'> .</font></B>  -sam eer 
<B><font color = 'blue'> .</font></B>  -sam@rf.in
<B><font color = 'blue'> .</font></B>  -WSAERT2Q34E
<B><font color = 'blue'> .</font></B>  -2022-11-14
<B><font color = 'blue'> .</font></B>  -Absent
<B><font color = 'blue'> .</font></B>  -Absent
<B><font color = 'blue'> .</font></B>  -undefined
<B><font color = 'blue'> .</font></B>  -Bangalore
<B><font color = 'blue'> .</font></B>  -Testing
<B><font color = 'blue'> .</font></B>  -Absent
<B><font color = 'blue'> .</font></B>  -Absent
<B><font color = 'blue'> .</font></B>  -Absent
<B><font color = 'blue'> .</font></B>  -Absent
<B><font color = 'blue'> .</font></B>  -Absent
<B><font color = 'blue'> .</font></B>  -Absent
<B><font color = 'blue'> .</font></B>  -Absent
<B><font color = 'blue'> .</font></B>  -Absent
<B><font color = 'blue'> .</font></B>  -Absent
<B><font color = 'blue'> .</font></B>  -Absent
<B><font color = 'blue'> .</font></B>  -Absent
<B><font color = 'blue'> .</font></B>  -Test test 
<B><font color = 'blue'> .</font></B>  -sarikajain@gmail.com
<B><font color = 'blue'> .</font></B>  -E-101
<B><font color = 'blue'> .</font></B>  -2022-11-14
<B><font color = 'blue'> .</font></B>  -Absent
<B><font color = 'blue'> .</font></B>  -Absent
<B><font color = 'blue'> .</font></B>  -undefined
<B><font color = 'blue'> .</font></B>  -Bangalore
<B><font color = 'blue'> .</font></B>  -Testing
<B><font color = 'blue'> .</font></B>  -Absent
<B><font color = 'blue'> .</font></B>  -Absent
<B><font color = 'blue'> .</font></B>  -Absent
<B><font color = 'blue'> .</font></B>  -Absent
<B><font color = 'blue'> .</font></B>  -Absent
<B><font color = 'blue'> .</font></B>  -Absent
<B><font color = 'blue'> .</font></B>  -Absent
<B><font color = 'blue'> .</font></B>  -Absent
<B><font color = 'blue'> .</font></B>  -Absent
<B><font color = 'blue'> .</font></B>  -Absent
<B><font color = 'blue'> .</font></B>  -Absent
<B><font color = 'blue'> .</font></B>  -sithu kalluru 
<B><font color = 'blue'> .</font></B>  -sitaramireddy@globussoft.in
<B><font color = 'blue'> .</font></B>  -code12
<B><font color = 'blue'> .</font></B>  -2022-11-14
<B><font color = 'blue'> .</font></B>  -Absent
<B><font color = 'blue'> .</font></B>  -Absent
<B><font color = 'blue'> .</font></B>  -undefined
<B><font color = 'blue'> .</font></B>  -Bangalore
<B><font color = 'blue'> .</font></B>  -Testing
<B><font color = 'blue'> .</font></B>  -Absent
<B><font color = 'blue'> .</font></B>  -Absent
<B><font color = 'blue'> .</font></B>  -Absent
<B><font color = 'blue'> .</font></B>  -Absent
<B><font color = 'blue'> .</font></B>  -Absent
<B><font color = 'blue'> .</font></B>  -Absent
<B><font color = 'blue'> .</font></B>  -Absent
<B><font color = 'blue'> .</font></B>  -Absent
<B><font color = 'blue'> .</font></B>  -Absent
<B><font color = 'blue'> .</font></B>  -Absent
<B><font color = 'blue'> .</font></B>  -Absent
<B><font color = 'blue'> .</font></B>  -test123 abcd 
<B><font color = 'blue'> .</font></B>  -s@gmail.com
<B><font color = 'blue'> .</font></B>  -code123z
<B><font color = 'blue'> .</font></B>  -2022-11-14
<B><font color = 'blue'> .</font></B>  -Absent
<B><font color = 'blue'> .</font></B>  -Absent
<B><font color = 'blue'> .</font></B>  -undefined
<B><font color = 'blue'> .</font></B>  -Bangalore
<B><font color = 'blue'> .</font></B>  -Testing
<B><font color = 'blue'> .</font></B>  -Absent
<B><font color = 'blue'> .</font></B>  -Absent
<B><font color = 'blue'> .</font></B>  -Absent
<B><font color = 'blue'> .</font></B>  -Absent
<B><font color = 'blue'> .</font></B>  -Absent
<B><font color = 'blue'> .</font></B>  -Absent
<B><font color = 'blue'> .</font></B>  -Absent
<B><font color = 'blue'> .</font></B>  -Absent
<B><font color = 'blue'> .</font></B>  -Absent
<B><font color = 'blue'> .</font></B>  -Absent
<B><font color = 'blue'> .</font></B>  -Absent
<B><font color = 'blue'> .</font></B>  -testing test 
<B><font color = 'blue'> .</font></B>  -aarshajoyson1601@gmail.com
<B><font color = 'blue'> .</font></B>  -glb0008
<B><font color = 'blue'> .</font></B>  -2022-11-14
<B><font color = 'blue'> .</font></B>  -Absent
<B><font color = 'blue'> .</font></B>  -Absent
<B><font color = 'blue'> .</font></B>  -undefined
<B><font color = 'blue'> .</font></B>  -Bangalore
<B><font color = 'blue'> .</font></B>  -Php
<B><font color = 'blue'> .</font></B>  -Absent
<B><font color = 'blue'> .</font></B>  -Absent
<B><font color = 'blue'> .</font></B>  -Absent
<B><font color = 'blue'> .</font></B>  -Absent
<B><font color = 'blue'> .</font></B>  -Absent
<B><font color = 'blue'> .</font></B>  -Absent
<B><font color = 'blue'> .</font></B>  -Absent
<B><font color = 'blue'> .</font></B>  -Absent
<B><font color = 'blue'> .</font></B>  -Absent
<B><font color = 'blue'> .</font></B>  -Absent
<B><font color = 'blue'> .</font></B>  -Absent
<B><font color = 'blue'> .</font></B>  -Automation CodeeeAuto 
<B><font color = 'blue'> .</font></B>  -skabcdef7@gmail.com
<B><font color = 'blue'> .</font></B>  -Emp-Abzcde-1234522
<B><font color = 'blue'> .</font></B>  -2022-11-14
<B><font color = 'blue'> .</font></B>  -Absent
<B><font color = 'blue'> .</font></B>  -Absent
<B><font color = 'blue'> .</font></B>  -undefined
<B><font color = 'blue'> .</font></B>  -Bangalore
<B><font color = 'blue'> .</font></B>  -Testing
<B><font color = 'blue'> .</font></B>  -Absent
<B><font color = 'blue'> .</font></B>  -Absent
<B><font color = 'blue'> .</font></B>  -Absent
<B><font color = 'blue'> .</font></B>  -Absent
<B><font color = 'blue'> .</font></B>  -Absent
<B><font color = 'blue'> .</font></B>  -Absent
<B><font color = 'blue'> .</font></B>  -Absent
<B><font color = 'blue'> .</font></B>  -Absent
<B><font color = 'blue'> .</font></B>  -Absent
<B><font color = 'blue'> .</font></B>  -Absent
<B><font color = 'blue'> .</font></B>  -Absent
<B><font color = 'blue'> .</font></B>  -piyush dfgsfg 
<B><font color = 'blue'> .</font></B>  -jos@gmail.com
<B><font color = 'blue'> .</font></B>  -sdgff
<B><font color = 'blue'> .</font></B>  -2022-11-14
<B><font color = 'blue'> .</font></B>  -Absent
<B><font color = 'blue'> .</font></B>  -Absent
<B><font color = 'blue'> .</font></B>  -undefined
<B><font color = 'blue'> .</font></B>  -Bangalore
<B><font color = 'blue'> .</font></B>  -Testing
<B><font color = 'blue'> .</font></B>  -Absent
<B><font color = 'blue'> .</font></B>  -Absent
<B><font color = 'blue'> .</font></B>  -Absent
<B><font color = 'blue'> .</font></B>  -Absent
<B><font color = 'blue'> .</font></B>  -Absent
<B><font color = 'blue'> .</font></B>  -Absent
<B><font color = 'blue'> .</font></B>  -Absent
<B><font color = 'blue'> .</font></B>  -Absent
<B><font color = 'blue'> .</font></B>  -Absent
<B><font color = 'blue'> .</font></B>  -Absent
<B><font color = 'blue'> .</font></B>  -Absent
<B><font color = 'blue'> .</font></B>  -Aryan raj 
<B><font color = 'blue'> .</font></B>  -alex@gmail.com
<B><font color = 'blue'> .</font></B>  -126
<B><font color = 'blue'> .</font></B>  -2022-11-14
<B><font color = 'blue'> .</font></B>  -Absent
<B><font color = 'blue'> .</font></B>  -Absent
<B><font color = 'blue'> .</font></B>  -undefined
<B><font color = 'blue'> .</font></B>  -Bangalore
<B><font color = 'blue'> .</font></B>  -Testing
<B><font color = 'blue'> .</font></B>  -Absent
<B><font color = 'blue'> .</font></B>  -Absent
<B><font color = 'blue'> .</font></B>  -Absent
<B><font color = 'blue'> .</font></B>  -Absent
<B><font color = 'blue'> .</font></B>  -Absent
<B><font color = 'blue'> .</font></B>  -Absent
<B><font color = 'blue'> .</font></B>  -Absent
<B><font color = 'blue'> .</font></B>  -Absent
<B><font color = 'blue'> .</font></B>  -Absent
<B><font color = 'blue'> .</font></B>  -Absent
<B><font color = 'blue'> .</font></B>  -Absent
<B><font color = 'blue'> .</font></B>  -Automation CodeeeAuto 
<B><font color = 'blue'> .</font></B>  -skabcdef38@gmail.com
<B><font color = 'blue'> .</font></B>  -Emp-Abzcde-123457
<B><font color = 'blue'> .</font></B>  -2022-11-14
<B><font color = 'blue'> .</font></B>  -Absent
<B><font color = 'blue'> .</font></B>  -Absent
<B><font color = 'blue'> .</font></B>  -undefined
<B><font color = 'blue'> .</font></B>  -Bangalore
<B><font color = 'blue'> .</font></B>  -Testing
<B><font color = 'blue'> .</font></B>  -Absent
<B><font color = 'blue'> .</font></B>  -Absent
<B><font color = 'blue'> .</font></B>  -Absent
<B><font color = 'blue'> .</font></B>  -Absent
<B><font color = 'blue'> .</font></B>  -Absent
<B><font color = 'blue'> .</font></B>  -Absent
<B><font color = 'blue'> .</font></B>  -Absent
<B><font color = 'blue'> .</font></B>  -Absent
<B><font color = 'blue'> .</font></B>  -Absent
<B><font color = 'blue'> .</font></B>  -Absent
<B><font color = 'blue'> .</font></B>  -Absent
<B><font color = 'blue'> .</font></B>  -Automation CodeeeAuto 
<B><font color = 'blue'> .</font></B>  -skabcdef33@gmail.com
<B><font color = 'blue'> .</font></B>  -Emp-Abzcde-1234557
<B><font color = 'blue'> .</font></B>  -2022-11-14
<B><font color = 'blue'> .</font></B>  -Absent
<B><font color = 'blue'> .</font></B>  -Absent
<B><font color = 'blue'> .</font></B>  -undefined
<B><font color = 'blue'> .</font></B>  -Bangalore
<B><font color = 'blue'> .</font></B>  -Testing
<B><font color = 'blue'> .</font></B>  -Absent
<B><font color = 'blue'> .</font></B>  -Absent
<B><font color = 'blue'> .</font></B>  -Absent
<B><font color = 'blue'> .</font></B>  -Absent
<B><font color = 'blue'> .</font></B>  -Absent
<B><font color = 'blue'> .</font></B>  -Absent
<B><font color = 'blue'> .</font></B>  -Absent
<B><font color = 'blue'> .</font></B>  -Absent
<B><font color = 'blue'> .</font></B>  -Absent
<B><font color = 'blue'> .</font></B>  -Absent
<B><font color = 'blue'> .</font></B>  -Absent
<B><font color = 'blue'> .</font></B>  -D Surya Prabhakar 
<B><font color = 'blue'> .</font></B>  -surya1@gmail.com
<B><font color = 'blue'> .</font></B>  -EM010
<B><font color = 'blue'> .</font></B>  -2022-11-14
<B><font color = 'blue'> .</font></B>  -Absent
<B><font color = 'blue'> .</font></B>  -Absent
<B><font color = 'blue'> .</font></B>  -undefined
<B><font color = 'blue'> .</font></B>  -bengaluru
<B><font color = 'blue'> .</font></B>  -Testing
<B><font color = 'blue'> .</font></B>  -Absent
<B><font color = 'blue'> .</font></B>  -Absent
<B><font color = 'blue'> .</font></B>  -Absent
<B><font color = 'blue'> .</font></B>  -Absent
<B><font color = 'blue'> .</font></B>  -Absent
<B><font color = 'blue'> .</font></B>  -Absent
<B><font color = 'blue'> .</font></B>  -Absent
<B><font color = 'blue'> .</font></B>  -Absent
<B><font color = 'blue'> .</font></B>  -Absent
<B><font color = 'blue'> .</font></B>  -Absent
<B><font color = 'blue'> .</font></B>  -Absent
<B><font color = 'blue'> .</font></B>  -R o       hit Sharma 
<B><font color = 'blue'> .</font></B>  -rahulrajt5613928@gmail.com
<B><font color = 'blue'> .</font></B>  -67645
<B><font color = 'blue'> .</font></B>  -2022-11-14
<B><font color = 'blue'> .</font></B>  -Absent
<B><font color = 'blue'> .</font></B>  -Absent
<B><font color = 'blue'> .</font></B>  -undefined
<B><font color = 'blue'> .</font></B>  -bengaluru
<B><font color = 'blue'> .</font></B>  -Testing
<B><font color = 'blue'> .</font></B>  -Absent
<B><font color = 'blue'> .</font></B>  -Absent
<B><font color = 'blue'> .</font></B>  -Absent
<B><font color = 'blue'> .</font></B>  -Absent
<B><font color = 'blue'> .</font></B>  -Absent
<B><font color = 'blue'> .</font></B>  -Absent
<B><font color = 'blue'> .</font></B>  -Absent
<B><font color = 'blue'> .</font></B>  -Absent
<B><font color = 'blue'> .</font></B>  -Absent
<B><font color = 'blue'> .</font></B>  -Absent
<B><font color = 'blue'> .</font></B>  -Absent
<B><font color = 'blue'> .</font></B>  -ni test 
<B><font color = 'blue'> .</font></B>  -nitest12@gmail.com
<B><font color = 'blue'> .</font></B>  -GLB678
<B><font color = 'blue'> .</font></B>  -2022-11-14
<B><font color = 'blue'> .</font></B>  -Absent
<B><font color = 'blue'> .</font></B>  -Absent
<B><font color = 'blue'> .</font></B>  -undefined
<B><font color = 'blue'> .</font></B>  -bengaluru
<B><font color = 'blue'> .</font></B>  -Testing
<B><font color = 'blue'> .</font></B>  -Absent
<B><font color = 'blue'> .</font></B>  -Absent
<B><font color = 'blue'> .</font></B>  -Absent
<B><font color = 'blue'> .</font></B>  -Absent
<B><font color = 'blue'> .</font></B>  -Absent
<B><font color = 'blue'> .</font></B>  -Absent
<B><font color = 'blue'> .</font></B>  -Absent
<B><font color = 'blue'> .</font></B>  -Absent
<B><font color = 'blue'> .</font></B>  -Absent
<B><font color = 'blue'> .</font></B>  -Absent
<B><font color = 'blue'> .</font></B>  -Absent
<B><font color = 'blue'> .</font></B>  -one test 
<B><font color = 'blue'> .</font></B>  -testone1234@gmail.com
<B><font color = 'blue'> .</font></B>  -0110
<B><font color = 'blue'> .</font></B>  -2022-11-14
<B><font color = 'blue'> .</font></B>  -Absent
<B><font color = 'blue'> .</font></B>  -Absent
<B><font color = 'blue'> .</font></B>  -undefined
<B><font color = 'blue'> .</font></B>  -bengaluru
<B><font color = 'blue'> .</font></B>  -Testing
<B><font color = 'blue'> .</font></B>  -Absent
<B><font color = 'blue'> .</font></B>  -Absent
<B><font color = 'blue'> .</font></B>  -Absent
<B><font color = 'blue'> .</font></B>  -Absent
<B><font color = 'blue'> .</font></B>  -Absent
<B><font color = 'blue'> .</font></B>  -Absent
<B><font color = 'blue'> .</font></B>  -Absent
<B><font color = 'blue'> .</font></B>  -Absent
<B><font color = 'blue'> .</font></B>  -Absent
<B><font color = 'blue'> .</font></B>  -Absent
<B><font color = 'blue'> .</font></B>  -Absent
<B><font color = 'blue'> .</font></B>  -GLB-BLR-010-PC - GLB-BLR-010 
<B><font color = 'blue'> .</font></B>  -abcd@yuksdgus
<B><font color = 'blue'> .</font></B>  -GLB-BLR-010
<B><font color = 'blue'> .</font></B>  -2022-11-14
<B><font color = 'blue'> .</font></B>  -Absent
<B><font color = 'blue'> .</font></B>  -Absent
<B><font color = 'blue'> .</font></B>  -undefined
<B><font color = 'blue'> .</font></B>  -bengaluru
<B><font color = 'blue'> .</font></B>  -Testing
<B><font color = 'blue'> .</font></B>  -Absent
<B><font color = 'blue'> .</font></B>  -Absent
<B><font color = 'blue'> .</font></B>  -Absent
<B><font color = 'blue'> .</font></B>  -Absent
<B><font color = 'blue'> .</font></B>  -Absent
<B><font color = 'blue'> .</font></B>  -Absent
<B><font color = 'blue'> .</font></B>  -Absent
<B><font color = 'blue'> .</font></B>  -Absent
<B><font color = 'blue'> .</font></B>  -Absent
<B><font color = 'blue'> .</font></B>  -Absent
<B><font color = 'blue'> .</font></B>  -Absent
<B><font color = 'blue'> .</font></B>  -surya kk 
<B><font color = 'blue'> .</font></B>  -123@gmail.com
<B><font color = 'blue'> .</font></B>  -mmmmm
<B><font color = 'blue'> .</font></B>  -2022-11-14
<B><font color = 'blue'> .</font></B>  -Absent
<B><font color = 'blue'> .</font></B>  -Absent
<B><font color = 'blue'> .</font></B>  -undefined
<B><font color = 'blue'> .</font></B>  -Tamilnadu
<B><font color = 'blue'> .</font></B>  -Test and Dev
<B><font color = 'blue'> .</font></B>  -Absent
<B><font color = 'blue'> .</font></B>  -Absent
<B><font color = 'blue'> .</font></B>  -Absent
<B><font color = 'blue'> .</font></B>  -Absent
<B><font color = 'blue'> .</font></B>  -Absent
<B><font color = 'blue'> .</font></B>  -Absent
<B><font color = 'blue'> .</font></B>  -Absent
<B><font color = 'blue'> .</font></B>  -Absent
<B><font color = 'blue'> .</font></B>  -Absent
<B><font color = 'blue'> .</font></B>  -Absent
<B><font color = 'blue'> .</font></B>  -Absent
<B><font color = 'blue'> .</font></B>  -sai kk 
<B><font color = 'blue'> .</font></B>  -saikk19876@gmail.com
<B><font color = 'blue'> .</font></B>  -20221019
<B><font color = 'blue'> .</font></B>  -2022-11-14
<B><font color = 'blue'> .</font></B>  -Absent
<B><font color = 'blue'> .</font></B>  -Absent
<B><font color = 'blue'> .</font></B>  -undefined
<B><font color = 'blue'> .</font></B>  -Tamilnadu
<B><font color = 'blue'> .</font></B>  -Test and Dev
<B><font color = 'blue'> .</font></B>  -Absent
<B><font color = 'blue'> .</font></B>  -Absent
<B><font color = 'blue'> .</font></B>  -Absent
<B><font color = 'blue'> .</font></B>  -Absent
<B><font color = 'blue'> .</font></B>  -Absent
<B><font color = 'blue'> .</font></B>  -Absent
<B><font color = 'blue'> .</font></B>  -Absent
<B><font color = 'blue'> .</font></B>  -Absent
<B><font color = 'blue'> .</font></B>  -Absent
<B><font color = 'blue'> .</font></B>  -Absent
<B><font color = 'blue'> .</font></B>  -Absent
<B><font color = 'blue'> .</font></B>  -ajeethemp test 
<B><font color = 'blue'> .</font></B>  -ajeethemp@gmail.com
<B><font color = 'blue'> .</font></B>  -A01
<B><font color = 'blue'> .</font></B>  -2022-11-14
<B><font color = 'blue'> .</font></B>  -Absent
<B><font color = 'blue'> .</font></B>  -Absent
<B><font color = 'blue'> .</font></B>  -undefined
<B><font color = 'blue'> .</font></B>  -Tamilnadu
<B><font color = 'blue'> .</font></B>  -Test and Dev
<B><font color = 'blue'> .</font></B>  -Absent
<B><font color = 'blue'> .</font></B>  -Absent
<B><font color = 'blue'> .</font></B>  -Absent
<B><font color = 'blue'> .</font></B>  -Absent
<B><font color = 'blue'> .</font></B>  -Absent
<B><font color = 'blue'> .</font></B>  -Absent
<B><font color = 'blue'> .</font></B>  -Absent
<B><font color = 'blue'> .</font></B>  -Absent
<B><font color = 'blue'> .</font></B>  -Absent
<B><font color = 'blue'> .</font></B>  -Absent
<B><font color = 'blue'> .</font></B>  -Absent
<B><font color = 'blue'> .</font></B>  -test user two 
<B><font color = 'blue'> .</font></B>  -testuser@two.io
<B><font color = 'blue'> .</font></B>  -GSLL-327
<B><font color = 'blue'> .</font></B>  -2022-11-14
<B><font color = 'blue'> .</font></B>  -Absent
<B><font color = 'blue'> .</font></B>  -Absent
<B><font color = 'blue'> .</font></B>  -undefined
<B><font color = 'blue'> .</font></B>  -Tamilnadu
<B><font color = 'blue'> .</font></B>  -Test and Dev
<B><font color = 'blue'> .</font></B>  -Absent
<B><font color = 'blue'> .</font></B>  -Absent
<B><font color = 'blue'> .</font></B>  -Absent
<B><font color = 'blue'> .</font></B>  -Absent
<B><font color = 'blue'> .</font></B>  -Absent
<B><font color = 'blue'> .</font></B>  -Absent
<B><font color = 'blue'> .</font></B>  -Absent
<B><font color = 'blue'> .</font></B>  -Absent
<B><font color = 'blue'> .</font></B>  -Absent
<B><font color = 'blue'> .</font></B>  -Absent
<B><font color = 'blue'> .</font></B>  -Absent
<B><font color = 'blue'> .</font></B>  -Himanshu Kumar 
<B><font color = 'blue'> .</font></B>  -himanshu1@gmail.com
<B><font color = 'blue'> .</font></B>  -EM011
<B><font color = 'blue'> .</font></B>  -2022-11-14
<B><font color = 'blue'> .</font></B>  -Absent
<B><font color = 'blue'> .</font></B>  -Absent
<B><font color = 'blue'> .</font></B>  -undefined
<B><font color = 'blue'> .</font></B>  -bagalkot
<B><font color = 'blue'> .</font></B>  -manual testing
<B><font color = 'blue'> .</font></B>  -Absent
<B><font color = 'blue'> .</font></B>  -Absent
<B><font color = 'blue'> .</font></B>  -Absent
<B><font color = 'blue'> .</font></B>  -Absent
<B><font color = 'blue'> .</font></B>  -Absent
<B><font color = 'blue'> .</font></B>  -Absent
<B><font color = 'blue'> .</font></B>  -Absent
<B><font color = 'blue'> .</font></B>  -Absent
<B><font color = 'blue'> .</font></B>  -Absent
<B><font color = 'blue'> .</font></B>  -Absent
<B><font color = 'blue'> .</font></B>  -Absent
<B><font color = 'blue'> .</font></B>  -dxgfdxg gssdg 
<B><font color = 'blue'> .</font></B>  -sdgsg@dgksodkg.in
<B><font color = 'blue'> .</font></B>  -asfda343443
<B><font color = 'blue'> .</font></B>  -2022-11-14
<B><font color = 'blue'> .</font></B>  -Absent
<B><font color = 'blue'> .</font></B>  -Absent
<B><font color = 'blue'> .</font></B>  -undefined
<B><font color = 'blue'> .</font></B>  -Bhilai
<B><font color = 'blue'> .</font></B>  -Php
<B><font color = 'blue'> .</font></B>  -Absent
<B><font color = 'blue'> .</font></B>  -Absent
<B><font color = 'blue'> .</font></B>  -Absent
<B><font color = 'blue'> .</font></B>  -Absent
<B><font color = 'blue'> .</font></B>  -Absent
<B><font color = 'blue'> .</font></B>  -Absent
<B><font color = 'blue'> .</font></B>  -Absent
<B><font color = 'blue'> .</font></B>  -Absent
<B><font color = 'blue'> .</font></B>  -Absent
<B><font color = 'blue'> .</font></B>  -Absent
<B><font color = 'blue'> .</font></B>  -Absent
<B><font color = 'blue'> .</font></B>  -Guest User 
<B><font color = 'blue'> .</font></B>  -guestuser@gmail.com
<B><font color = 'blue'> .</font></B>  -GLB-777
<B><font color = 'blue'> .</font></B>  -2022-11-13
<B><font color = 'blue'> .</font></B>  -13-11-2022 00:00:52
<B><font color = 'blue'> .</font></B>  -13-11-2022 00:03:52
<B><font color = 'blue'> .</font></B>  -GLB-124-PC
<B><font color = 'blue'> .</font></B>  -Bhilai
<B><font color = 'blue'> .</font></B>  -Php
<B><font color = 'blue'> .</font></B>  -00:03:00
<B><font color = 'blue'> .</font></B>  -00:03:00
<B><font color = 'blue'> .</font></B>  -00:00:00
<B><font color = 'blue'> .</font></B>  -00:00:00
<B><font color = 'blue'> .</font></B>  -00:00:00
<B><font color = 'blue'> .</font></B>  -00:00:00
<B><font color = 'blue'> .</font></B>  -00:03:00
<B><font color = 'blue'> .</font></B>  -00:00:00
<B><font color = 'blue'> .</font></B>  -0.00%
<B><font color = 'blue'> .</font></B>  --477:00
<B><font color = 'blue'> .</font></B>  -0.00
<B><font color = 'blue'> .</font></B>  -Virat kohli 
<B><font color = 'blue'> .</font></B>  -rahukbgdxgsf@gmail.com
<B><font color = 'blue'> .</font></B>  -65332
<B><font color = 'blue'> .</font></B>  -2022-11-13
<B><font color = 'blue'> .</font></B>  -Absent
<B><font color = 'blue'> .</font></B>  -Absent
<B><font color = 'blue'> .</font></B>  -undefined
<B><font color = 'blue'> .</font></B>  -Default
<B><font color = 'blue'> .</font></B>  -Default
<B><font color = 'blue'> .</font></B>  -Absent
<B><font color = 'blue'> .</font></B>  -Absent
<B><font color = 'blue'> .</font></B>  -Absent
<B><font color = 'blue'> .</font></B>  -Absent
<B><font color = 'blue'> .</font></B>  -Absent
<B><font color = 'blue'> .</font></B>  -Absent
<B><font color = 'blue'> .</font></B>  -Absent
<B><font color = 'blue'> .</font></B>  -Absent
<B><font color = 'blue'> .</font></B>  -Absent
<B><font color = 'blue'> .</font></B>  -Absent
<B><font color = 'blue'> .</font></B>  -Absent
<B><font color = 'blue'> .</font></B>  -sadas kadkasdj 
<B><font color = 'blue'> .</font></B>  -dsa@eqe
<B><font color = 'blue'> .</font></B>  -emp129666
<B><font color = 'blue'> .</font></B>  -2022-11-13
<B><font color = 'blue'> .</font></B>  -Absent
<B><font color = 'blue'> .</font></B>  -Absent
<B><font color = 'blue'> .</font></B>  -undefined
<B><font color = 'blue'> .</font></B>  -Default
<B><font color = 'blue'> .</font></B>  -Default
<B><font color = 'blue'> .</font></B>  -Absent
<B><font color = 'blue'> .</font></B>  -Absent
<B><font color = 'blue'> .</font></B>  -Absent
<B><font color = 'blue'> .</font></B>  -Absent
<B><font color = 'blue'> .</font></B>  -Absent
<B><font color = 'blue'> .</font></B>  -Absent
<B><font color = 'blue'> .</font></B>  -Absent
<B><font color = 'blue'> .</font></B>  -Absent
<B><font color = 'blue'> .</font></B>  -Absent
<B><font color = 'blue'> .</font></B>  -Absent
<B><font color = 'blue'> .</font></B>  -Absent
<B><font color = 'blue'> .</font></B>  -New Test 
<B><font color = 'blue'> .</font></B>  -newtest@gmail.com
<B><font color = 'blue'> .</font></B>  -ewer334443
<B><font color = 'blue'> .</font></B>  -2022-11-13
<B><font color = 'blue'> .</font></B>  -Absent
<B><font color = 'blue'> .</font></B>  -Absent
<B><font color = 'blue'> .</font></B>  -undefined
<B><font color = 'blue'> .</font></B>  -Default
<B><font color = 'blue'> .</font></B>  -Default
<B><font color = 'blue'> .</font></B>  -Absent
<B><font color = 'blue'> .</font></B>  -Absent
<B><font color = 'blue'> .</font></B>  -Absent
<B><font color = 'blue'> .</font></B>  -Absent
<B><font color = 'blue'> .</font></B>  -Absent
<B><font color = 'blue'> .</font></B>  -Absent
<B><font color = 'blue'> .</font></B>  -Absent
<B><font color = 'blue'> .</font></B>  -Absent
<B><font color = 'blue'> .</font></B>  -Absent
<B><font color = 'blue'> .</font></B>  -Absent
<B><font color = 'blue'> .</font></B>  -Absent
<B><font color = 'blue'> .</font></B>  -dshcdb uidsbf 
<B><font color = 'blue'> .</font></B>  -dvbvdb@yahoo.com
<B><font color = 'blue'> .</font></B>  -435454
<B><font color = 'blue'> .</font></B>  -2022-11-13
<B><font color = 'blue'> .</font></B>  -Absent
<B><font color = 'blue'> .</font></B>  -Absent
<B><font color = 'blue'> .</font></B>  -undefined
<B><font color = 'blue'> .</font></B>  -Default
<B><font color = 'blue'> .</font></B>  -Default
<B><font color = 'blue'> .</font></B>  -Absent
<B><font color = 'blue'> .</font></B>  -Absent
<B><font color = 'blue'> .</font></B>  -Absent
<B><font color = 'blue'> .</font></B>  -Absent
<B><font color = 'blue'> .</font></B>  -Absent
<B><font color = 'blue'> .</font></B>  -Absent
<B><font color = 'blue'> .</font></B>  -Absent
<B><font color = 'blue'> .</font></B>  -Absent
<B><font color = 'blue'> .</font></B>  -Absent
<B><font color = 'blue'> .</font></B>  -Absent
<B><font color = 'blue'> .</font></B>  -Absent
<B><font color = 'blue'> .</font></B>  -try last 
<B><font color = 'blue'> .</font></B>  -try@gmail.com
<B><font color = 'blue'> .</font></B>  -1225455
<B><font color = 'blue'> .</font></B>  -2022-11-13
<B><font color = 'blue'> .</font></B>  -Absent
<B><font color = 'blue'> .</font></B>  -Absent
<B><font color = 'blue'> .</font></B>  -undefined
<B><font color = 'blue'> .</font></B>  -Default
<B><font color = 'blue'> .</font></B>  -Default
<B><font color = 'blue'> .</font></B>  -Absent
<B><font color = 'blue'> .</font></B>  -Absent
<B><font color = 'blue'> .</font></B>  -Absent
<B><font color = 'blue'> .</font></B>  -Absent
<B><font color = 'blue'> .</font></B>  -Absent
<B><font color = 'blue'> .</font></B>  -Absent
<B><font color = 'blue'> .</font></B>  -Absent
<B><font color = 'blue'> .</font></B>  -Absent
<B><font color = 'blue'> .</font></B>  -Absent
<B><font color = 'blue'> .</font></B>  -Absent
<B><font color = 'blue'> .</font></B>  -Absent
<B><font color = 'blue'> .</font></B>  -vdjvdb yusvdvbbh 
<B><font color = 'blue'> .</font></B>  -dvhbfdh@gmail.com
<B><font color = 'blue'> .</font></B>  -wq534342
<B><font color = 'blue'> .</font></B>  -2022-11-13
<B><font color = 'blue'> .</font></B>  -Absent
<B><font color = 'blue'> .</font></B>  -Absent
<B><font color = 'blue'> .</font></B>  -undefined
<B><font color = 'blue'> .</font></B>  -Default
<B><font color = 'blue'> .</font></B>  -Default
<B><font color = 'blue'> .</font></B>  -Absent
<B><font color = 'blue'> .</font></B>  -Absent
<B><font color = 'blue'> .</font></B>  -Absent
<B><font color = 'blue'> .</font></B>  -Absent
<B><font color = 'blue'> .</font></B>  -Absent
<B><font color = 'blue'> .</font></B>  -Absent
<B><font color = 'blue'> .</font></B>  -Absent
<B><font color = 'blue'> .</font></B>  -Absent
<B><font color = 'blue'> .</font></B>  -Absent
<B><font color = 'blue'> .</font></B>  -Absent
<B><font color = 'blue'> .</font></B>  -Absent
<B><font color = 'blue'> .</font></B>  -Mail Test user 
<B><font color = 'blue'> .</font></B>  -maintest@user.io
<B><font color = 'blue'> .</font></B>  -GLB-1223888
<B><font color = 'blue'> .</font></B>  -2022-11-13
<B><font color = 'blue'> .</font></B>  -Absent
<B><font color = 'blue'> .</font></B>  -Absent
<B><font color = 'blue'> .</font></B>  -undefined
<B><font color = 'blue'> .</font></B>  -Default
<B><font color = 'blue'> .</font></B>  -Default
<B><font color = 'blue'> .</font></B>  -Absent
<B><font color = 'blue'> .</font></B>  -Absent
<B><font color = 'blue'> .</font></B>  -Absent
<B><font color = 'blue'> .</font></B>  -Absent
<B><font color = 'blue'> .</font></B>  -Absent
<B><font color = 'blue'> .</font></B>  -Absent
<B><font color = 'blue'> .</font></B>  -Absent
<B><font color = 'blue'> .</font></B>  -Absent
<B><font color = 'blue'> .</font></B>  -Absent
<B><font color = 'blue'> .</font></B>  -Absent
<B><font color = 'blue'> .</font></B>  -Absent
<B><font color = 'blue'> .</font></B>  -Update Check 
<B><font color = 'blue'> .</font></B>  -updates@gmail.com
<B><font color = 'blue'> .</font></B>  -emp543
<B><font color = 'blue'> .</font></B>  -2022-11-13
<B><font color = 'blue'> .</font></B>  -Absent
<B><font color = 'blue'> .</font></B>  -Absent
<B><font color = 'blue'> .</font></B>  -undefined
<B><font color = 'blue'> .</font></B>  -Default
<B><font color = 'blue'> .</font></B>  -Default
<B><font color = 'blue'> .</font></B>  -Absent
<B><font color = 'blue'> .</font></B>  -Absent
<B><font color = 'blue'> .</font></B>  -Absent
<B><font color = 'blue'> .</font></B>  -Absent
<B><font color = 'blue'> .</font></B>  -Absent
<B><font color = 'blue'> .</font></B>  -Absent
<B><font color = 'blue'> .</font></B>  -Absent
<B><font color = 'blue'> .</font></B>  -Absent
<B><font color = 'blue'> .</font></B>  -Absent
<B><font color = 'blue'> .</font></B>  -Absent
<B><font color = 'blue'> .</font></B>  -Absent
<B><font color = 'blue'> .</font></B>  -test manager 
<B><font color = 'blue'> .</font></B>  -manageremp@gmail.com
<B><font color = 'blue'> .</font></B>  -glb020
<B><font color = 'blue'> .</font></B>  -2022-11-13
<B><font color = 'blue'> .</font></B>  -Absent
<B><font color = 'blue'> .</font></B>  -Absent
<B><font color = 'blue'> .</font></B>  -undefined
<B><font color = 'blue'> .</font></B>  -Default
<B><font color = 'blue'> .</font></B>  -Default
<B><font color = 'blue'> .</font></B>  -Absent
<B><font color = 'blue'> .</font></B>  -Absent
<B><font color = 'blue'> .</font></B>  -Absent
<B><font color = 'blue'> .</font></B>  -Absent
<B><font color = 'blue'> .</font></B>  -Absent
<B><font color = 'blue'> .</font></B>  -Absent
<B><font color = 'blue'> .</font></B>  -Absent
<B><font color = 'blue'> .</font></B>  -Absent
<B><font color = 'blue'> .</font></B>  -Absent
<B><font color = 'blue'> .</font></B>  -Absent
<B><font color = 'blue'> .</font></B>  -Absent
<B><font color = 'blue'> .</font></B>  -DESKTOP-PJJHB19 - GLB-BLR-002OjUpRD2 
<B><font color = 'blue'> .</font></B>  --
<B><font color = 'blue'> .</font></B>  -GLB-BLR-002OjUpRD2
<B><font color = 'blue'> .</font></B>  -2022-11-13
<B><font color = 'blue'> .</font></B>  -Absent
<B><font color = 'blue'> .</font></B>  -Absent
<B><font color = 'blue'> .</font></B>  -undefined
<B><font color = 'blue'> .</font></B>  -Default
<B><font color = 'blue'> .</font></B>  -Default
<B><font color = 'blue'> .</font></B>  -Absent
<B><font color = 'blue'> .</font></B>  -Absent
<B><font color = 'blue'> .</font></B>  -Absent
<B><font color = 'blue'> .</font></B>  -Absent
<B><font color = 'blue'> .</font></B>  -Absent
<B><font color = 'blue'> .</font></B>  -Absent
<B><font color = 'blue'> .</font></B>  -Absent
<B><font color = 'blue'> .</font></B>  -Absent
<B><font color = 'blue'> .</font></B>  -Absent
<B><font color = 'blue'> .</font></B>  -Absent
<B><font color = 'blue'> .</font></B>  -Absent
<B><font color = 'blue'> .</font></B>  -Usb Test 
<B><font color = 'blue'> .</font></B>  -usbtest123@gmail.com
<B><font color = 'blue'> .</font></B>  -emp0097
<B><font color = 'blue'> .</font></B>  -2022-11-13
<B><font color = 'blue'> .</font></B>  -Absent
<B><font color = 'blue'> .</font></B>  -Absent
<B><font color = 'blue'> .</font></B>  -undefined
<B><font color = 'blue'> .</font></B>  -Default
<B><font color = 'blue'> .</font></B>  -Default
<B><font color = 'blue'> .</font></B>  -Absent
<B><font color = 'blue'> .</font></B>  -Absent
<B><font color = 'blue'> .</font></B>  -Absent
<B><font color = 'blue'> .</font></B>  -Absent
<B><font color = 'blue'> .</font></B>  -Absent
<B><font color = 'blue'> .</font></B>  -Absent
<B><font color = 'blue'> .</font></B>  -Absent
<B><font color = 'blue'> .</font></B>  -Absent
<B><font color = 'blue'> .</font></B>  -Absent
<B><font color = 'blue'> .</font></B>  -Absent
<B><font color = 'blue'> .</font></B>  -Absent
<B><font color = 'blue'> .</font></B>  -SS Keystrokes 
<B><font color = 'blue'> .</font></B>  -sskey@gmail.com
<B><font color = 'blue'> .</font></B>  -emp98y
<B><font color = 'blue'> .</font></B>  -2022-11-13
<B><font color = 'blue'> .</font></B>  -Absent
<B><font color = 'blue'> .</font></B>  -Absent
<B><font color = 'blue'> .</font></B>  -undefined
<B><font color = 'blue'> .</font></B>  -Default
<B><font color = 'blue'> .</font></B>  -Default
<B><font color = 'blue'> .</font></B>  -Absent
<B><font color = 'blue'> .</font></B>  -Absent
<B><font color = 'blue'> .</font></B>  -Absent
<B><font color = 'blue'> .</font></B>  -Absent
<B><font color = 'blue'> .</font></B>  -Absent
<B><font color = 'blue'> .</font></B>  -Absent
<B><font color = 'blue'> .</font></B>  -Absent
<B><font color = 'blue'> .</font></B>  -Absent
<B><font color = 'blue'> .</font></B>  -Absent
<B><font color = 'blue'> .</font></B>  -Absent
<B><font color = 'blue'> .</font></B>  -Absent
<B><font color = 'blue'> .</font></B>  -shivammmmmmmmmmmmmmmmmmmm Kumar 
<B><font color = 'blue'> .</font></B>  -kgfyash545@gmail.com
<B><font color = 'blue'> .</font></B>  -hsakhdjk414
<B><font color = 'blue'> .</font></B>  -2022-11-13
<B><font color = 'blue'> .</font></B>  -Absent
<B><font color = 'blue'> .</font></B>  -Absent
<B><font color = 'blue'> .</font></B>  -undefined
<B><font color = 'blue'> .</font></B>  -Default
<B><font color = 'blue'> .</font></B>  -Default
<B><font color = 'blue'> .</font></B>  -Absent
<B><font color = 'blue'> .</font></B>  -Absent
<B><font color = 'blue'> .</font></B>  -Absent
<B><font color = 'blue'> .</font></B>  -Absent
<B><font color = 'blue'> .</font></B>  -Absent
<B><font color = 'blue'> .</font></B>  -Absent
<B><font color = 'blue'> .</font></B>  -Absent
<B><font color = 'blue'> .</font></B>  -Absent
<B><font color = 'blue'> .</font></B>  -Absent
<B><font color = 'blue'> .</font></B>  -Absent
<B><font color = 'blue'> .</font></B>  -Absent
<B><font color = 'blue'> .</font></B>  -Abhishek Four tf test 
<B><font color = 'blue'> .</font></B>  -abhishekfourtf@mail.com
<B><font color = 'blue'> .</font></B>  -HLIKSJ98
<B><font color = 'blue'> .</font></B>  -2022-11-13
<B><font color = 'blue'> .</font></B>  -Absent
<B><font color = 'blue'> .</font></B>  -Absent
<B><font color = 'blue'> .</font></B>  -undefined
<B><font color = 'blue'> .</font></B>  -Default
<B><font color = 'blue'> .</font></B>  -Default
<B><font color = 'blue'> .</font></B>  -Absent
<B><font color = 'blue'> .</font></B>  -Absent
<B><font color = 'blue'> .</font></B>  -Absent
<B><font color = 'blue'> .</font></B>  -Absent
<B><font color = 'blue'> .</font></B>  -Absent
<B><font color = 'blue'> .</font></B>  -Absent
<B><font color = 'blue'> .</font></B>  -Absent
<B><font color = 'blue'> .</font></B>  -Absent
<B><font color = 'blue'> .</font></B>  -Absent
<B><font color = 'blue'> .</font></B>  -Absent
<B><font color = 'blue'> .</font></B>  -Absent
<B><font color = 'blue'> .</font></B>  -new dev user 
<B><font color = 'blue'> .</font></B>  -new@dev.user
<B><font color = 'blue'> .</font></B>  -fdfsfsd
<B><font color = 'blue'> .</font></B>  -2022-11-13
<B><font color = 'blue'> .</font></B>  -Absent
<B><font color = 'blue'> .</font></B>  -Absent
<B><font color = 'blue'> .</font></B>  -undefined
<B><font color = 'blue'> .</font></B>  -Default
<B><font color = 'blue'> .</font></B>  -Default
<B><font color = 'blue'> .</font></B>  -Absent
<B><font color = 'blue'> .</font></B>  -Absent
<B><font color = 'blue'> .</font></B>  -Absent
<B><font color = 'blue'> .</font></B>  -Absent
<B><font color = 'blue'> .</font></B>  -Absent
<B><font color = 'blue'> .</font></B>  -Absent
<B><font color = 'blue'> .</font></B>  -Absent
<B><font color = 'blue'> .</font></B>  -Absent
<B><font color = 'blue'> .</font></B>  -Absent
<B><font color = 'blue'> .</font></B>  -Absent
<B><font color = 'blue'> .</font></B>  -Absent
<B><font color = 'blue'> .</font></B>  -aaaaaaaaaa aaaaaaaaa 
<B><font color = 'blue'> .</font></B>  -mmmm@gmail.com
<B><font color = 'blue'> .</font></B>  -80765s
<B><font color = 'blue'> .</font></B>  -2022-11-13
<B><font color = 'blue'> .</font></B>  -Absent
<B><font color = 'blue'> .</font></B>  -Absent
<B><font color = 'blue'> .</font></B>  -undefined
<B><font color = 'blue'> .</font></B>  -Bangalore
<B><font color = 'blue'> .</font></B>  -Testing
<B><font color = 'blue'> .</font></B>  -Absent
<B><font color = 'blue'> .</font></B>  -Absent
<B><font color = 'blue'> .</font></B>  -Absent
<B><font color = 'blue'> .</font></B>  -Absent
<B><font color = 'blue'> .</font></B>  -Absent
<B><font color = 'blue'> .</font></B>  -Absent
<B><font color = 'blue'> .</font></B>  -Absent
<B><font color = 'blue'> .</font></B>  -Absent
<B><font color = 'blue'> .</font></B>  -Absent
<B><font color = 'blue'> .</font></B>  -Absent
<B><font color = 'blue'> .</font></B>  -Absent
<B><font color = 'blue'> .</font></B>  -sumesh test 
<B><font color = 'blue'> .</font></B>  -sumesh@mail.com
<B><font color = 'blue'> .</font></B>  -fdgfdgf
<B><font color = 'blue'> .</font></B>  -2022-11-13
<B><font color = 'blue'> .</font></B>  -Absent
<B><font color = 'blue'> .</font></B>  -Absent
<B><font color = 'blue'> .</font></B>  -undefined
<B><font color = 'blue'> .</font></B>  -Bangalore
<B><font color = 'blue'> .</font></B>  -Testing
<B><font color = 'blue'> .</font></B>  -Absent
<B><font color = 'blue'> .</font></B>  -Absent
<B><font color = 'blue'> .</font></B>  -Absent
<B><font color = 'blue'> .</font></B>  -Absent
<B><font color = 'blue'> .</font></B>  -Absent
<B><font color = 'blue'> .</font></B>  -Absent
<B><font color = 'blue'> .</font></B>  -Absent
<B><font color = 'blue'> .</font></B>  -Absent
<B><font color = 'blue'> .</font></B>  -Absent
<B><font color = 'blue'> .</font></B>  -Absent
<B><font color = 'blue'> .</font></B>  -Absent
<B><font color = 'blue'> .</font></B>  -Test msc 
<B><font color = 'blue'> .</font></B>  -test123@gmail.com
<B><font color = 'blue'> .</font></B>  -12254
<B><font color = 'blue'> .</font></B>  -2022-11-13
<B><font color = 'blue'> .</font></B>  -Absent
<B><font color = 'blue'> .</font></B>  -Absent
<B><font color = 'blue'> .</font></B>  -undefined
<B><font color = 'blue'> .</font></B>  -Bangalore
<B><font color = 'blue'> .</font></B>  -Testing
<B><font color = 'blue'> .</font></B>  -Absent
<B><font color = 'blue'> .</font></B>  -Absent
<B><font color = 'blue'> .</font></B>  -Absent
<B><font color = 'blue'> .</font></B>  -Absent
<B><font color = 'blue'> .</font></B>  -Absent
<B><font color = 'blue'> .</font></B>  -Absent
<B><font color = 'blue'> .</font></B>  -Absent
<B><font color = 'blue'> .</font></B>  -Absent
<B><font color = 'blue'> .</font></B>  -Absent
<B><font color = 'blue'> .</font></B>  -Absent
<B><font color = 'blue'> .</font></B>  -Absent
<B><font color = 'blue'> .</font></B>  -deffdfds vscsc 
<B><font color = 'blue'> .</font></B>  -cscsdw123@gmail.com
<B><font color = 'blue'> .</font></B>  -1234512
<B><font color = 'blue'> .</font></B>  -2022-11-13
<B><font color = 'blue'> .</font></B>  -Absent
<B><font color = 'blue'> .</font></B>  -Absent
<B><font color = 'blue'> .</font></B>  -undefined
<B><font color = 'blue'> .</font></B>  -Bangalore
<B><font color = 'blue'> .</font></B>  -Testing
<B><font color = 'blue'> .</font></B>  -Absent
<B><font color = 'blue'> .</font></B>  -Absent
<B><font color = 'blue'> .</font></B>  -Absent
<B><font color = 'blue'> .</font></B>  -Absent
<B><font color = 'blue'> .</font></B>  -Absent
<B><font color = 'blue'> .</font></B>  -Absent
<B><font color = 'blue'> .</font></B>  -Absent
<B><font color = 'blue'> .</font></B>  -Absent
<B><font color = 'blue'> .</font></B>  -Absent
<B><font color = 'blue'> .</font></B>  -Absent
<B><font color = 'blue'> .</font></B>  -Absent
<B><font color = 'blue'> .</font></B>  -test testtt 
<B><font color = 'blue'> .</font></B>  -abcd@gmail.com
<B><font color = 'blue'> .</font></B>  -GLB55
<B><font color = 'blue'> .</font></B>  -2022-11-13
<B><font color = 'blue'> .</font></B>  -Absent
<B><font color = 'blue'> .</font></B>  -Absent
<B><font color = 'blue'> .</font></B>  -undefined
<B><font color = 'blue'> .</font></B>  -Bangalore
<B><font color = 'blue'> .</font></B>  -Testing
<B><font color = 'blue'> .</font></B>  -Absent
<B><font color = 'blue'> .</font></B>  -Absent
<B><font color = 'blue'> .</font></B>  -Absent
<B><font color = 'blue'> .</font></B>  -Absent
<B><font color = 'blue'> .</font></B>  -Absent
<B><font color = 'blue'> .</font></B>  -Absent
<B><font color = 'blue'> .</font></B>  -Absent
<B><font color = 'blue'> .</font></B>  -Absent
<B><font color = 'blue'> .</font></B>  -Absent
<B><font color = 'blue'> .</font></B>  -Absent
<B><font color = 'blue'> .</font></B>  -Absent
<B><font color = 'blue'> .</font></B>  -Abhishe tt 
<B><font color = 'blue'> .</font></B>  -ab@ab.com
<B><font color = 'blue'> .</font></B>  -GKD567
<B><font color = 'blue'> .</font></B>  -2022-11-13
<B><font color = 'blue'> .</font></B>  -Absent
<B><font color = 'blue'> .</font></B>  -Absent
<B><font color = 'blue'> .</font></B>  -undefined
<B><font color = 'blue'> .</font></B>  -Bangalore
<B><font color = 'blue'> .</font></B>  -Testing
<B><font color = 'blue'> .</font></B>  -Absent
<B><font color = 'blue'> .</font></B>  -Absent
<B><font color = 'blue'> .</font></B>  -Absent
<B><font color = 'blue'> .</font></B>  -Absent
<B><font color = 'blue'> .</font></B>  -Absent
<B><font color = 'blue'> .</font></B>  -Absent
<B><font color = 'blue'> .</font></B>  -Absent
<B><font color = 'blue'> .</font></B>  -Absent
<B><font color = 'blue'> .</font></B>  -Absent
<B><font color = 'blue'> .</font></B>  -Absent
<B><font color = 'blue'> .</font></B>  -Absent
<B><font color = 'blue'> .</font></B>  -test nonadmin 
<B><font color = 'blue'> .</font></B>  -testnonadmin@gmail.com
<B><font color = 'blue'> .</font></B>  -GLB026
<B><font color = 'blue'> .</font></B>  -2022-11-13
<B><font color = 'blue'> .</font></B>  -Absent
<B><font color = 'blue'> .</font></B>  -Absent
<B><font color = 'blue'> .</font></B>  -undefined
<B><font color = 'blue'> .</font></B>  -Bangalore
<B><font color = 'blue'> .</font></B>  -Php
<B><font color = 'blue'> .</font></B>  -Absent
<B><font color = 'blue'> .</font></B>  -Absent
<B><font color = 'blue'> .</font></B>  -Absent
<B><font color = 'blue'> .</font></B>  -Absent
<B><font color = 'blue'> .</font></B>  -Absent
<B><font color = 'blue'> .</font></B>  -Absent
<B><font color = 'blue'> .</font></B>  -Absent
<B><font color = 'blue'> .</font></B>  -Absent
<B><font color = 'blue'> .</font></B>  -Absent
<B><font color = 'blue'> .</font></B>  -Absent
<B><font color = 'blue'> .</font></B>  -Absent
<B><font color = 'blue'> .</font></B>  -adg ckj 
<B><font color = 'blue'> .</font></B>  -adcs@1234
<B><font color = 'blue'> .</font></B>  -583
<B><font color = 'blue'> .</font></B>  -2022-11-13
<B><font color = 'blue'> .</font></B>  -Absent
<B><font color = 'blue'> .</font></B>  -Absent
<B><font color = 'blue'> .</font></B>  -undefined
<B><font color = 'blue'> .</font></B>  -Bangalore
<B><font color = 'blue'> .</font></B>  -Testing
<B><font color = 'blue'> .</font></B>  -Absent
<B><font color = 'blue'> .</font></B>  -Absent
<B><font color = 'blue'> .</font></B>  -Absent
<B><font color = 'blue'> .</font></B>  -Absent
<B><font color = 'blue'> .</font></B>  -Absent
<B><font color = 'blue'> .</font></B>  -Absent
<B><font color = 'blue'> .</font></B>  -Absent
<B><font color = 'blue'> .</font></B>  -Absent
<B><font color = 'blue'> .</font></B>  -Absent
<B><font color = 'blue'> .</font></B>  -Absent
<B><font color = 'blue'> .</font></B>  -Absent
<B><font color = 'blue'> .</font></B>  -dominic toretto 
<B><font color = 'blue'> .</font></B>  -dom.toretto737@gmail.com
<B><font color = 'blue'> .</font></B>  -EMP011
<B><font color = 'blue'> .</font></B>  -2022-11-13
<B><font color = 'blue'> .</font></B>  -Absent
<B><font color = 'blue'> .</font></B>  -Absent
<B><font color = 'blue'> .</font></B>  -undefined
<B><font color = 'blue'> .</font></B>  -Bangalore
<B><font color = 'blue'> .</font></B>  -Testing
<B><font color = 'blue'> .</font></B>  -Absent
<B><font color = 'blue'> .</font></B>  -Absent
<B><font color = 'blue'> .</font></B>  -Absent
<B><font color = 'blue'> .</font></B>  -Absent
<B><font color = 'blue'> .</font></B>  -Absent
<B><font color = 'blue'> .</font></B>  -Absent
<B><font color = 'blue'> .</font></B>  -Absent
<B><font color = 'blue'> .</font></B>  -Absent
<B><font color = 'blue'> .</font></B>  -Absent
<B><font color = 'blue'> .</font></B>  -Absent
<B><font color = 'blue'> .</font></B>  -Absent
<B><font color = 'blue'> .</font></B>  -Abhishek Test 
<B><font color = 'blue'> .</font></B>  -abhishektrest@glb.in
<B><font color = 'blue'> .</font></B>  -rN7tvEiDPGNi4fD
<B><font color = 'blue'> .</font></B>  -2022-11-13
<B><font color = 'blue'> .</font></B>  -Absent
<B><font color = 'blue'> .</font></B>  -Absent
<B><font color = 'blue'> .</font></B>  -undefined
<B><font color = 'blue'> .</font></B>  -Bangalore
<B><font color = 'blue'> .</font></B>  -Php
<B><font color = 'blue'> .</font></B>  -Absent
<B><font color = 'blue'> .</font></B>  -Absent
<B><font color = 'blue'> .</font></B>  -Absent
<B><font color = 'blue'> .</font></B>  -Absent
<B><font color = 'blue'> .</font></B>  -Absent
<B><font color = 'blue'> .</font></B>  -Absent
<B><font color = 'blue'> .</font></B>  -Absent
<B><font color = 'blue'> .</font></B>  -Absent
<B><font color = 'blue'> .</font></B>  -Absent
<B><font color = 'blue'> .</font></B>  -Absent
<B><font color = 'blue'> .</font></B>  -Absent
<B><font color = 'blue'> .</font></B>  -Superior Test one 
<B><font color = 'blue'> .</font></B>  -superiorone@gmail.com
<B><font color = 'blue'> .</font></B>  -twoqw
<B><font color = 'blue'> .</font></B>  -2022-11-13
<B><font color = 'blue'> .</font></B>  -Absent
<B><font color = 'blue'> .</font></B>  -Absent
<B><font color = 'blue'> .</font></B>  -undefined
<B><font color = 'blue'> .</font></B>  -Bangalore
<B><font color = 'blue'> .</font></B>  -Testing
<B><font color = 'blue'> .</font></B>  -Absent
<B><font color = 'blue'> .</font></B>  -Absent
<B><font color = 'blue'> .</font></B>  -Absent
<B><font color = 'blue'> .</font></B>  -Absent
<B><font color = 'blue'> .</font></B>  -Absent
<B><font color = 'blue'> .</font></B>  -Absent
<B><font color = 'blue'> .</font></B>  -Absent
<B><font color = 'blue'> .</font></B>  -Absent
<B><font color = 'blue'> .</font></B>  -Absent
<B><font color = 'blue'> .</font></B>  -Absent
<B><font color = 'blue'> .</font></B>  -Absent
<B><font color = 'blue'> .</font></B>  -test testw 
<B><font color = 'blue'> .</font></B>  -test@mac.in
<B><font color = 'blue'> .</font></B>  -aaf123
<B><font color = 'blue'> .</font></B>  -2022-11-13
<B><font color = 'blue'> .</font></B>  -Absent
<B><font color = 'blue'> .</font></B>  -Absent
<B><font color = 'blue'> .</font></B>  -undefined
<B><font color = 'blue'> .</font></B>  -Bangalore
<B><font color = 'blue'> .</font></B>  -Php
<B><font color = 'blue'> .</font></B>  -Absent
<B><font color = 'blue'> .</font></B>  -Absent
<B><font color = 'blue'> .</font></B>  -Absent
<B><font color = 'blue'> .</font></B>  -Absent
<B><font color = 'blue'> .</font></B>  -Absent
<B><font color = 'blue'> .</font></B>  -Absent
<B><font color = 'blue'> .</font></B>  -Absent
<B><font color = 'blue'> .</font></B>  -Absent
<B><font color = 'blue'> .</font></B>  -Absent
<B><font color = 'blue'> .</font></B>  -Absent
<B><font color = 'blue'> .</font></B>  -Absent
<B><font color = 'blue'> .</font></B>  -sam eer 
<B><font color = 'blue'> .</font></B>  -sam@rf.in
<B><font color = 'blue'> .</font></B>  -WSAERT2Q34E
<B><font color = 'blue'> .</font></B>  -2022-11-13
<B><font color = 'blue'> .</font></B>  -Absent
<B><font color = 'blue'> .</font></B>  -Absent
<B><font color = 'blue'> .</font></B>  -undefined
<B><font color = 'blue'> .</font></B>  -Bangalore
<B><font color = 'blue'> .</font></B>  -Testing
<B><font color = 'blue'> .</font></B>  -Absent
<B><font color = 'blue'> .</font></B>  -Absent
<B><font color = 'blue'> .</font></B>  -Absent
<B><font color = 'blue'> .</font></B>  -Absent
<B><font color = 'blue'> .</font></B>  -Absent
<B><font color = 'blue'> .</font></B>  -Absent
<B><font color = 'blue'> .</font></B>  -Absent
<B><font color = 'blue'> .</font></B>  -Absent
<B><font color = 'blue'> .</font></B>  -Absent
<B><font color = 'blue'> .</font></B>  -Absent
<B><font color = 'blue'> .</font></B>  -Absent
<B><font color = 'blue'> .</font></B>  -Test test 
<B><font color = 'blue'> .</font></B>  -sarikajain@gmail.com
<B><font color = 'blue'> .</font></B>  -E-101
<B><font color = 'blue'> .</font></B>  -2022-11-13
<B><font color = 'blue'> .</font></B>  -Absent
<B><font color = 'blue'> .</font></B>  -Absent
<B><font color = 'blue'> .</font></B>  -undefined
<B><font color = 'blue'> .</font></B>  -Bangalore
<B><font color = 'blue'> .</font></B>  -Testing
<B><font color = 'blue'> .</font></B>  -Absent
<B><font color = 'blue'> .</font></B>  -Absent
<B><font color = 'blue'> .</font></B>  -Absent
<B><font color = 'blue'> .</font></B>  -Absent
<B><font color = 'blue'> .</font></B>  -Absent
<B><font color = 'blue'> .</font></B>  -Absent
<B><font color = 'blue'> .</font></B>  -Absent
<B><font color = 'blue'> .</font></B>  -Absent
<B><font color = 'blue'> .</font></B>  -Absent
<B><font color = 'blue'> .</font></B>  -Absent
<B><font color = 'blue'> .</font></B>  -Absent
<B><font color = 'blue'> .</font></B>  -sithu kalluru 
<B><font color = 'blue'> .</font></B>  -sitaramireddy@globussoft.in
<B><font color = 'blue'> .</font></B>  -code12
<B><font color = 'blue'> .</font></B>  -2022-11-13
<B><font color = 'blue'> .</font></B>  -Absent
<B><font color = 'blue'> .</font></B>  -Absent
<B><font color = 'blue'> .</font></B>  -undefined
<B><font color = 'blue'> .</font></B>  -Bangalore
<B><font color = 'blue'> .</font></B>  -Testing
<B><font color = 'blue'> .</font></B>  -Absent
<B><font color = 'blue'> .</font></B>  -Absent
<B><font color = 'blue'> .</font></B>  -Absent
<B><font color = 'blue'> .</font></B>  -Absent
<B><font color = 'blue'> .</font></B>  -Absent
<B><font color = 'blue'> .</font></B>  -Absent
<B><font color = 'blue'> .</font></B>  -Absent
<B><font color = 'blue'> .</font></B>  -Absent
<B><font color = 'blue'> .</font></B>  -Absent
<B><font color = 'blue'> .</font></B>  -Absent
<B><font color = 'blue'> .</font></B>  -Absent
<B><font color = 'blue'> .</font></B>  -test123 abcd 
<B><font color = 'blue'> .</font></B>  -s@gmail.com
<B><font color = 'blue'> .</font></B>  -code123z
<B><font color = 'blue'> .</font></B>  -2022-11-13
<B><font color = 'blue'> .</font></B>  -Absent
<B><font color = 'blue'> .</font></B>  -Absent
<B><font color = 'blue'> .</font></B>  -undefined
<B><font color = 'blue'> .</font></B>  -Bangalore
<B><font color = 'blue'> .</font></B>  -Testing
<B><font color = 'blue'> .</font></B>  -Absent
<B><font color = 'blue'> .</font></B>  -Absent
<B><font color = 'blue'> .</font></B>  -Absent
<B><font color = 'blue'> .</font></B>  -Absent
<B><font color = 'blue'> .</font></B>  -Absent
<B><font color = 'blue'> .</font></B>  -Absent
<B><font color = 'blue'> .</font></B>  -Absent
<B><font color = 'blue'> .</font></B>  -Absent
<B><font color = 'blue'> .</font></B>  -Absent
<B><font color = 'blue'> .</font></B>  -Absent
<B><font color = 'blue'> .</font></B>  -Absent
<B><font color = 'blue'> .</font></B>  -testing test 
<B><font color = 'blue'> .</font></B>  -aarshajoyson1601@gmail.com
<B><font color = 'blue'> .</font></B>  -glb0008
<B><font color = 'blue'> .</font></B>  -2022-11-13
<B><font color = 'blue'> .</font></B>  -Absent
<B><font color = 'blue'> .</font></B>  -Absent
<B><font color = 'blue'> .</font></B>  -undefined
<B><font color = 'blue'> .</font></B>  -Bangalore
<B><font color = 'blue'> .</font></B>  -Php
<B><font color = 'blue'> .</font></B>  -Absent
<B><font color = 'blue'> .</font></B>  -Absent
<B><font color = 'blue'> .</font></B>  -Absent
<B><font color = 'blue'> .</font></B>  -Absent
<B><font color = 'blue'> .</font></B>  -Absent
<B><font color = 'blue'> .</font></B>  -Absent
<B><font color = 'blue'> .</font></B>  -Absent
<B><font color = 'blue'> .</font></B>  -Absent
<B><font color = 'blue'> .</font></B>  -Absent
<B><font color = 'blue'> .</font></B>  -Absent
<B><font color = 'blue'> .</font></B>  -Absent
<B><font color = 'blue'> .</font></B>  -Automation CodeeeAuto 
<B><font color = 'blue'> .</font></B>  -skabcdef7@gmail.com
<B><font color = 'blue'> .</font></B>  -Emp-Abzcde-1234522
<B><font color = 'blue'> .</font></B>  -2022-11-13
<B><font color = 'blue'> .</font></B>  -Absent
<B><font color = 'blue'> .</font></B>  -Absent
<B><font color = 'blue'> .</font></B>  -undefined
<B><font color = 'blue'> .</font></B>  -Bangalore
<B><font color = 'blue'> .</font></B>  -Testing
<B><font color = 'blue'> .</font></B>  -Absent
<B><font color = 'blue'> .</font></B>  -Absent
<B><font color = 'blue'> .</font></B>  -Absent
<B><font color = 'blue'> .</font></B>  -Absent
<B><font color = 'blue'> .</font></B>  -Absent
<B><font color = 'blue'> .</font></B>  -Absent
<B><font color = 'blue'> .</font></B>  -Absent
<B><font color = 'blue'> .</font></B>  -Absent
<B><font color = 'blue'> .</font></B>  -Absent
<B><font color = 'blue'> .</font></B>  -Absent
<B><font color = 'blue'> .</font></B>  -Absent
<B><font color = 'blue'> .</font></B>  -piyush dfgsfg 
<B><font color = 'blue'> .</font></B>  -jos@gmail.com
<B><font color = 'blue'> .</font></B>  -sdgff
<B><font color = 'blue'> .</font></B>  -2022-11-13
<B><font color = 'blue'> .</font></B>  -Absent
<B><font color = 'blue'> .</font></B>  -Absent
<B><font color = 'blue'> .</font></B>  -undefined
<B><font color = 'blue'> .</font></B>  -Bangalore
<B><font color = 'blue'> .</font></B>  -Testing
<B><font color = 'blue'> .</font></B>  -Absent
<B><font color = 'blue'> .</font></B>  -Absent
<B><font color = 'blue'> .</font></B>  -Absent
<B><font color = 'blue'> .</font></B>  -Absent
<B><font color = 'blue'> .</font></B>  -Absent
<B><font color = 'blue'> .</font></B>  -Absent
<B><font color = 'blue'> .</font></B>  -Absent
<B><font color = 'blue'> .</font></B>  -Absent
<B><font color = 'blue'> .</font></B>  -Absent
<B><font color = 'blue'> .</font></B>  -Absent
<B><font color = 'blue'> .</font></B>  -Absent
<B><font color = 'blue'> .</font></B>  -Aryan raj 
<B><font color = 'blue'> .</font></B>  -alex@gmail.com
<B><font color = 'blue'> .</font></B>  -126
<B><font color = 'blue'> .</font></B>  -2022-11-13
<B><font color = 'blue'> .</font></B>  -Absent
<B><font color = 'blue'> .</font></B>  -Absent
<B><font color = 'blue'> .</font></B>  -undefined
<B><font color = 'blue'> .</font></B>  -Bangalore
<B><font color = 'blue'> .</font></B>  -Testing
<B><font color = 'blue'> .</font></B>  -Absent
<B><font color = 'blue'> .</font></B>  -Absent
<B><font color = 'blue'> .</font></B>  -Absent
<B><font color = 'blue'> .</font></B>  -Absent
<B><font color = 'blue'> .</font></B>  -Absent
<B><font color = 'blue'> .</font></B>  -Absent
<B><font color = 'blue'> .</font></B>  -Absent
<B><font color = 'blue'> .</font></B>  -Absent
<B><font color = 'blue'> .</font></B>  -Absent
<B><font color = 'blue'> .</font></B>  -Absent
<B><font color = 'blue'> .</font></B>  -Absent
<B><font color = 'blue'> .</font></B>  -Automation CodeeeAuto 
<B><font color = 'blue'> .</font></B>  -skabcdef38@gmail.com
<B><font color = 'blue'> .</font></B>  -Emp-Abzcde-123457
<B><font color = 'blue'> .</font></B>  -2022-11-13
<B><font color = 'blue'> .</font></B>  -Absent
<B><font color = 'blue'> .</font></B>  -Absent
<B><font color = 'blue'> .</font></B>  -undefined
<B><font color = 'blue'> .</font></B>  -Bangalore
<B><font color = 'blue'> .</font></B>  -Testing
<B><font color = 'blue'> .</font></B>  -Absent
<B><font color = 'blue'> .</font></B>  -Absent
<B><font color = 'blue'> .</font></B>  -Absent
<B><font color = 'blue'> .</font></B>  -Absent
<B><font color = 'blue'> .</font></B>  -Absent
<B><font color = 'blue'> .</font></B>  -Absent
<B><font color = 'blue'> .</font></B>  -Absent
<B><font color = 'blue'> .</font></B>  -Absent
<B><font color = 'blue'> .</font></B>  -Absent
<B><font color = 'blue'> .</font></B>  -Absent
<B><font color = 'blue'> .</font></B>  -Absent
<B><font color = 'blue'> .</font></B>  -Automation CodeeeAuto 
<B><font color = 'blue'> .</font></B>  -skabcdef33@gmail.com
<B><font color = 'blue'> .</font></B>  -Emp-Abzcde-1234557
<B><font color = 'blue'> .</font></B>  -2022-11-13
<B><font color = 'blue'> .</font></B>  -Absent
<B><font color = 'blue'> .</font></B>  -Absent
<B><font color = 'blue'> .</font></B>  -undefined
<B><font color = 'blue'> .</font></B>  -Bangalore
<B><font color = 'blue'> .</font></B>  -Testing
<B><font color = 'blue'> .</font></B>  -Absent
<B><font color = 'blue'> .</font></B>  -Absent
<B><font color = 'blue'> .</font></B>  -Absent
<B><font color = 'blue'> .</font></B>  -Absent
<B><font color = 'blue'> .</font></B>  -Absent
<B><font color = 'blue'> .</font></B>  -Absent
<B><font color = 'blue'> .</font></B>  -Absent
<B><font color = 'blue'> .</font></B>  -Absent
<B><font color = 'blue'> .</font></B>  -Absent
<B><font color = 'blue'> .</font></B>  -Absent
<B><font color = 'blue'> .</font></B>  -Absent
<B><font color = 'blue'> .</font></B>  -D Surya Prabhakar 
<B><font color = 'blue'> .</font></B>  -surya1@gmail.com
<B><font color = 'blue'> .</font></B>  -EM010
<B><font color = 'blue'> .</font></B>  -2022-11-13
<B><font color = 'blue'> .</font></B>  -Absent
<B><font color = 'blue'> .</font></B>  -Absent
<B><font color = 'blue'> .</font></B>  -undefined
<B><font color = 'blue'> .</font></B>  -bengaluru
<B><font color = 'blue'> .</font></B>  -Testing
<B><font color = 'blue'> .</font></B>  -Absent
<B><font color = 'blue'> .</font></B>  -Absent
<B><font color = 'blue'> .</font></B>  -Absent
<B><font color = 'blue'> .</font></B>  -Absent
<B><font color = 'blue'> .</font></B>  -Absent
<B><font color = 'blue'> .</font></B>  -Absent
<B><font color = 'blue'> .</font></B>  -Absent
<B><font color = 'blue'> .</font></B>  -Absent
<B><font color = 'blue'> .</font></B>  -Absent
<B><font color = 'blue'> .</font></B>  -Absent
<B><font color = 'blue'> .</font></B>  -Absent
<B><font color = 'blue'> .</font></B>  -R o       hit Sharma 
<B><font color = 'blue'> .</font></B>  -rahulrajt5613928@gmail.com
<B><font color = 'blue'> .</font></B>  -67645
<B><font color = 'blue'> .</font></B>  -2022-11-13
<B><font color = 'blue'> .</font></B>  -Absent
<B><font color = 'blue'> .</font></B>  -Absent
<B><font color = 'blue'> .</font></B>  -undefined
<B><font color = 'blue'> .</font></B>  -bengaluru
<B><font color = 'blue'> .</font></B>  -Testing
<B><font color = 'blue'> .</font></B>  -Absent
<B><font color = 'blue'> .</font></B>  -Absent
<B><font color = 'blue'> .</font></B>  -Absent
<B><font color = 'blue'> .</font></B>  -Absent
<B><font color = 'blue'> .</font></B>  -Absent
<B><font color = 'blue'> .</font></B>  -Absent
<B><font color = 'blue'> .</font></B>  -Absent
<B><font color = 'blue'> .</font></B>  -Absent
<B><font color = 'blue'> .</font></B>  -Absent
<B><font color = 'blue'> .</font></B>  -Absent
<B><font color = 'blue'> .</font></B>  -Absent
<B><font color = 'blue'> .</font></B>  -ni test 
<B><font color = 'blue'> .</font></B>  -nitest12@gmail.com
<B><font color = 'blue'> .</font></B>  -GLB678
<B><font color = 'blue'> .</font></B>  -2022-11-13
<B><font color = 'blue'> .</font></B>  -Absent
<B><font color = 'blue'> .</font></B>  -Absent
<B><font color = 'blue'> .</font></B>  -undefined
<B><font color = 'blue'> .</font></B>  -bengaluru
<B><font color = 'blue'> .</font></B>  -Testing
<B><font color = 'blue'> .</font></B>  -Absent
<B><font color = 'blue'> .</font></B>  -Absent
<B><font color = 'blue'> .</font></B>  -Absent
<B><font color = 'blue'> .</font></B>  -Absent
<B><font color = 'blue'> .</font></B>  -Absent
<B><font color = 'blue'> .</font></B>  -Absent
<B><font color = 'blue'> .</font></B>  -Absent
<B><font color = 'blue'> .</font></B>  -Absent
<B><font color = 'blue'> .</font></B>  -Absent
<B><font color = 'blue'> .</font></B>  -Absent
<B><font color = 'blue'> .</font></B>  -Absent
<B><font color = 'blue'> .</font></B>  -one test 
<B><font color = 'blue'> .</font></B>  -testone1234@gmail.com
<B><font color = 'blue'> .</font></B>  -0110
<B><font color = 'blue'> .</font></B>  -2022-11-13
<B><font color = 'blue'> .</font></B>  -Absent
<B><font color = 'blue'> .</font></B>  -Absent
<B><font color = 'blue'> .</font></B>  -undefined
<B><font color = 'blue'> .</font></B>  -bengaluru
<B><font color = 'blue'> .</font></B>  -Testing
<B><font color = 'blue'> .</font></B>  -Absent
<B><font color = 'blue'> .</font></B>  -Absent
<B><font color = 'blue'> .</font></B>  -Absent
<B><font color = 'blue'> .</font></B>  -Absent
<B><font color = 'blue'> .</font></B>  -Absent
<B><font color = 'blue'> .</font></B>  -Absent
<B><font color = 'blue'> .</font></B>  -Absent
<B><font color = 'blue'> .</font></B>  -Absent
<B><font color = 'blue'> .</font></B>  -Absent
<B><font color = 'blue'> .</font></B>  -Absent
<B><font color = 'blue'> .</font></B>  -Absent
<B><font color = 'blue'> .</font></B>  -GLB-BLR-010-PC - GLB-BLR-010 
<B><font color = 'blue'> .</font></B>  -abcd@yuksdgus
<B><font color = 'blue'> .</font></B>  -GLB-BLR-010
<B><font color = 'blue'> .</font></B>  -2022-11-13
<B><font color = 'blue'> .</font></B>  -Absent
<B><font color = 'blue'> .</font></B>  -Absent
<B><font color = 'blue'> .</font></B>  -undefined
<B><font color = 'blue'> .</font></B>  -bengaluru
<B><font color = 'blue'> .</font></B>  -Testing
<B><font color = 'blue'> .</font></B>  -Absent
<B><font color = 'blue'> .</font></B>  -Absent
<B><font color = 'blue'> .</font></B>  -Absent
<B><font color = 'blue'> .</font></B>  -Absent
<B><font color = 'blue'> .</font></B>  -Absent
<B><font color = 'blue'> .</font></B>  -Absent
<B><font color = 'blue'> .</font></B>  -Absent
<B><font color = 'blue'> .</font></B>  -Absent
<B><font color = 'blue'> .</font></B>  -Absent
<B><font color = 'blue'> .</font></B>  -Absent
<B><font color = 'blue'> .</font></B>  -Absent
<B><font color = 'blue'> .</font></B>  -surya kk 
<B><font color = 'blue'> .</font></B>  -123@gmail.com
<B><font color = 'blue'> .</font></B>  -mmmmm
<B><font color = 'blue'> .</font></B>  -2022-11-13
<B><font color = 'blue'> .</font></B>  -Absent
<B><font color = 'blue'> .</font></B>  -Absent
<B><font color = 'blue'> .</font></B>  -undefined
<B><font color = 'blue'> .</font></B>  -Tamilnadu
<B><font color = 'blue'> .</font></B>  -Test and Dev
<B><font color = 'blue'> .</font></B>  -Absent
<B><font color = 'blue'> .</font></B>  -Absent
<B><font color = 'blue'> .</font></B>  -Absent
<B><font color = 'blue'> .</font></B>  -Absent
<B><font color = 'blue'> .</font></B>  -Absent
<B><font color = 'blue'> .</font></B>  -Absent
<B><font color = 'blue'> .</font></B>  -Absent
<B><font color = 'blue'> .</font></B>  -Absent
<B><font color = 'blue'> .</font></B>  -Absent
<B><font color = 'blue'> .</font></B>  -Absent
<B><font color = 'blue'> .</font></B>  -Absent
<B><font color = 'blue'> .</font></B>  -sai kk 
<B><font color = 'blue'> .</font></B>  -saikk19876@gmail.com
<B><font color = 'blue'> .</font></B>  -20221019
<B><font color = 'blue'> .</font></B>  -2022-11-13
<B><font color = 'blue'> .</font></B>  -Absent
<B><font color = 'blue'> .</font></B>  -Absent
<B><font color = 'blue'> .</font></B>  -undefined
<B><font color = 'blue'> .</font></B>  -Tamilnadu
<B><font color = 'blue'> .</font></B>  -Test and Dev
<B><font color = 'blue'> .</font></B>  -Absent
<B><font color = 'blue'> .</font></B>  -Absent
<B><font color = 'blue'> .</font></B>  -Absent
<B><font color = 'blue'> .</font></B>  -Absent
<B><font color = 'blue'> .</font></B>  -Absent
<B><font color = 'blue'> .</font></B>  -Absent
<B><font color = 'blue'> .</font></B>  -Absent
<B><font color = 'blue'> .</font></B>  -Absent
<B><font color = 'blue'> .</font></B>  -Absent
<B><font color = 'blue'> .</font></B>  -Absent
<B><font color = 'blue'> .</font></B>  -Absent
<B><font color = 'blue'> .</font></B>  -ajeethemp test 
<B><font color = 'blue'> .</font></B>  -ajeethemp@gmail.com
<B><font color = 'blue'> .</font></B>  -A01
<B><font color = 'blue'> .</font></B>  -2022-11-13
<B><font color = 'blue'> .</font></B>  -Absent
<B><font color = 'blue'> .</font></B>  -Absent
<B><font color = 'blue'> .</font></B>  -undefined
<B><font color = 'blue'> .</font></B>  -Tamilnadu
<B><font color = 'blue'> .</font></B>  -Test and Dev
<B><font color = 'blue'> .</font></B>  -Absent
<B><font color = 'blue'> .</font></B>  -Absent
<B><font color = 'blue'> .</font></B>  -Absent
<B><font color = 'blue'> .</font></B>  -Absent
<B><font color = 'blue'> .</font></B>  -Absent
<B><font color = 'blue'> .</font></B>  -Absent
<B><font color = 'blue'> .</font></B>  -Absent
<B><font color = 'blue'> .</font></B>  -Absent
<B><font color = 'blue'> .</font></B>  -Absent
<B><font color = 'blue'> .</font></B>  -Absent
<B><font color = 'blue'> .</font></B>  -Absent
<B><font color = 'blue'> .</font></B>  -test user two 
<B><font color = 'blue'> .</font></B>  -testuser@two.io
<B><font color = 'blue'> .</font></B>  -GSLL-327
<B><font color = 'blue'> .</font></B>  -2022-11-13
<B><font color = 'blue'> .</font></B>  -Absent
<B><font color = 'blue'> .</font></B>  -Absent
<B><font color = 'blue'> .</font></B>  -undefined
<B><font color = 'blue'> .</font></B>  -Tamilnadu
<B><font color = 'blue'> .</font></B>  -Test and Dev
<B><font color = 'blue'> .</font></B>  -Absent
<B><font color = 'blue'> .</font></B>  -Absent
<B><font color = 'blue'> .</font></B>  -Absent
<B><font color = 'blue'> .</font></B>  -Absent
<B><font color = 'blue'> .</font></B>  -Absent
<B><font color = 'blue'> .</font></B>  -Absent
<B><font color = 'blue'> .</font></B>  -Absent
<B><font color = 'blue'> .</font></B>  -Absent
<B><font color = 'blue'> .</font></B>  -Absent
<B><font color = 'blue'> .</font></B>  -Absent
<B><font color = 'blue'> .</font></B>  -Absent
<B><font color = 'blue'> .</font></B>  -Himanshu Kumar 
<B><font color = 'blue'> .</font></B>  -himanshu1@gmail.com
<B><font color = 'blue'> .</font></B>  -EM011
<B><font color = 'blue'> .</font></B>  -2022-11-13
<B><font color = 'blue'> .</font></B>  -Absent
<B><font color = 'blue'> .</font></B>  -Absent
<B><font color = 'blue'> .</font></B>  -undefined
<B><font color = 'blue'> .</font></B>  -bagalkot
<B><font color = 'blue'> .</font></B>  -manual testing
<B><font color = 'blue'> .</font></B>  -Absent
<B><font color = 'blue'> .</font></B>  -Absent
<B><font color = 'blue'> .</font></B>  -Absent
<B><font color = 'blue'> .</font></B>  -Absent
<B><font color = 'blue'> .</font></B>  -Absent
<B><font color = 'blue'> .</font></B>  -Absent
<B><font color = 'blue'> .</font></B>  -Absent
<B><font color = 'blue'> .</font></B>  -Absent
<B><font color = 'blue'> .</font></B>  -Absent
<B><font color = 'blue'> .</font></B>  -Absent
<B><font color = 'blue'> .</font></B>  -Absent
<B><font color = 'blue'> .</font></B>  -dxgfdxg gssdg 
<B><font color = 'blue'> .</font></B>  -sdgsg@dgksodkg.in
<B><font color = 'blue'> .</font></B>  -asfda343443
<B><font color = 'blue'> .</font></B>  -2022-11-13
<B><font color = 'blue'> .</font></B>  -Absent
<B><font color = 'blue'> .</font></B>  -Absent
<B><font color = 'blue'> .</font></B>  -undefined
<B><font color = 'blue'> .</font></B>  -Bhilai
<B><font color = 'blue'> .</font></B>  -Php
<B><font color = 'blue'> .</font></B>  -Absent
<B><font color = 'blue'> .</font></B>  -Absent
<B><font color = 'blue'> .</font></B>  -Absent
<B><font color = 'blue'> .</font></B>  -Absent
<B><font color = 'blue'> .</font></B>  -Absent
<B><font color = 'blue'> .</font></B>  -Absent
<B><font color = 'blue'> .</font></B>  -Absent
<B><font color = 'blue'> .</font></B>  -Absent
<B><font color = 'blue'> .</font></B>  -Absent
<B><font color = 'blue'> .</font></B>  -Absent
<B><font color = 'blue'> .</font></B>  -Absent
<B><font color = 'blue'> .</font></B>  -Guest User 
<B><font color = 'blue'> .</font></B>  -guestuser@gmail.com
<B><font color = 'blue'> .</font></B>  -GLB-777
<B><font color = 'blue'> .</font></B>  -2022-11-12
<B><font color = 'blue'> .</font></B>  -12-11-2022 00:00:00
<B><font color = 'blue'> .</font></B>  -12-11-2022 19:00:01
<B><font color = 'blue'> .</font></B>  -GLB-124-PC
<B><font color = 'blue'> .</font></B>  -Bhilai
<B><font color = 'blue'> .</font></B>  -Php
<B><font color = 'blue'> .</font></B>  -19:00:01
<B><font color = 'blue'> .</font></B>  -13:02:58
<B><font color = 'blue'> .</font></B>  -00:00:00
<B><font color = 'blue'> .</font></B>  -00:00:00
<B><font color = 'blue'> .</font></B>  -00:00:00
<B><font color = 'blue'> .</font></B>  -00:00:00
<B><font color = 'blue'> .</font></B>  -13:02:58
<B><font color = 'blue'> .</font></B>  -05:57:03
<B><font color = 'blue'> .</font></B>  -0.00%
<B><font color = 'blue'> .</font></B>  -302:58
<B><font color = 'blue'> .</font></B>  -0.00
<B><font color = 'blue'> .</font></B>  -Virat kohli 
<B><font color = 'blue'> .</font></B>  -rahukbgdxgsf@gmail.com
<B><font color = 'blue'> .</font></B>  -65332
<B><font color = 'blue'> .</font></B>  -2022-11-12
<B><font color = 'blue'> .</font></B>  -Absent
<B><font color = 'blue'> .</font></B>  -Absent
<B><font color = 'blue'> .</font></B>  -undefined
<B><font color = 'blue'> .</font></B>  -Default
<B><font color = 'blue'> .</font></B>  -Default
<B><font color = 'blue'> .</font></B>  -Absent
<B><font color = 'blue'> .</font></B>  -Absent
<B><font color = 'blue'> .</font></B>  -Absent
<B><font color = 'blue'> .</font></B>  -Absent
<B><font color = 'blue'> .</font></B>  -Absent
<B><font color = 'blue'> .</font></B>  -Absent
<B><font color = 'blue'> .</font></B>  -Absent
<B><font color = 'blue'> .</font></B>  -Absent
<B><font color = 'blue'> .</font></B>  -Absent
<B><font color = 'blue'> .</font></B>  -Absent
<B><font color = 'blue'> .</font></B>  -Absent
<B><font color = 'blue'> .</font></B>  -sadas kadkasdj 
<B><font color = 'blue'> .</font></B>  -dsa@eqe
<B><font color = 'blue'> .</font></B>  -emp129666
<B><font color = 'blue'> .</font></B>  -2022-11-12
<B><font color = 'blue'> .</font></B>  -Absent
<B><font color = 'blue'> .</font></B>  -Absent
<B><font color = 'blue'> .</font></B>  -undefined
<B><font color = 'blue'> .</font></B>  -Default
<B><font color = 'blue'> .</font></B>  -Default
<B><font color = 'blue'> .</font></B>  -Absent
<B><font color = 'blue'> .</font></B>  -Absent
<B><font color = 'blue'> .</font></B>  -Absent
<B><font color = 'blue'> .</font></B>  -Absent
<B><font color = 'blue'> .</font></B>  -Absent
<B><font color = 'blue'> .</font></B>  -Absent
<B><font color = 'blue'> .</font></B>  -Absent
<B><font color = 'blue'> .</font></B>  -Absent
<B><font color = 'blue'> .</font></B>  -Absent
<B><font color = 'blue'> .</font></B>  -Absent
<B><font color = 'blue'> .</font></B>  -Absent
<B><font color = 'blue'> .</font></B>  -New Test 
<B><font color = 'blue'> .</font></B>  -newtest@gmail.com
<B><font color = 'blue'> .</font></B>  -ewer334443
<B><font color = 'blue'> .</font></B>  -2022-11-12
<B><font color = 'blue'> .</font></B>  -Absent
<B><font color = 'blue'> .</font></B>  -Absent
<B><font color = 'blue'> .</font></B>  -undefined
<B><font color = 'blue'> .</font></B>  -Default
<B><font color = 'blue'> .</font></B>  -Default
<B><font color = 'blue'> .</font></B>  -Absent
<B><font color = 'blue'> .</font></B>  -Absent
<B><font color = 'blue'> .</font></B>  -Absent
<B><font color = 'blue'> .</font></B>  -Absent
<B><font color = 'blue'> .</font></B>  -Absent
<B><font color = 'blue'> .</font></B>  -Absent
<B><font color = 'blue'> .</font></B>  -Absent
<B><font color = 'blue'> .</font></B>  -Absent
<B><font color = 'blue'> .</font></B>  -Absent
<B><font color = 'blue'> .</font></B>  -Absent
<B><font color = 'blue'> .</font></B>  -Absent
<B><font color = 'blue'> .</font></B>  -dshcdb uidsbf 
<B><font color = 'blue'> .</font></B>  -dvbvdb@yahoo.com
<B><font color = 'blue'> .</font></B>  -435454
<B><font color = 'blue'> .</font></B>  -2022-11-12
<B><font color = 'blue'> .</font></B>  -Absent
<B><font color = 'blue'> .</font></B>  -Absent
<B><font color = 'blue'> .</font></B>  -undefined
<B><font color = 'blue'> .</font></B>  -Default
<B><font color = 'blue'> .</font></B>  -Default
<B><font color = 'blue'> .</font></B>  -Absent
<B><font color = 'blue'> .</font></B>  -Absent
<B><font color = 'blue'> .</font></B>  -Absent
<B><font color = 'blue'> .</font></B>  -Absent
<B><font color = 'blue'> .</font></B>  -Absent
<B><font color = 'blue'> .</font></B>  -Absent
<B><font color = 'blue'> .</font></B>  -Absent
<B><font color = 'blue'> .</font></B>  -Absent
<B><font color = 'blue'> .</font></B>  -Absent
<B><font color = 'blue'> .</font></B>  -Absent
<B><font color = 'blue'> .</font></B>  -Absent
<B><font color = 'blue'> .</font></B>  -try last 
<B><font color = 'blue'> .</font></B>  -try@gmail.com
<B><font color = 'blue'> .</font></B>  -1225455
<B><font color = 'blue'> .</font></B>  -2022-11-12
<B><font color = 'blue'> .</font></B>  -Absent
<B><font color = 'blue'> .</font></B>  -Absent
<B><font color = 'blue'> .</font></B>  -undefined
<B><font color = 'blue'> .</font></B>  -Default
<B><font color = 'blue'> .</font></B>  -Default
<B><font color = 'blue'> .</font></B>  -Absent
<B><font color = 'blue'> .</font></B>  -Absent
<B><font color = 'blue'> .</font></B>  -Absent
<B><font color = 'blue'> .</font></B>  -Absent
<B><font color = 'blue'> .</font></B>  -Absent
<B><font color = 'blue'> .</font></B>  -Absent
<B><font color = 'blue'> .</font></B>  -Absent
<B><font color = 'blue'> .</font></B>  -Absent
<B><font color = 'blue'> .</font></B>  -Absent
<B><font color = 'blue'> .</font></B>  -Absent
<B><font color = 'blue'> .</font></B>  -Absent
<B><font color = 'blue'> .</font></B>  -vdjvdb yusvdvbbh 
<B><font color = 'blue'> .</font></B>  -dvhbfdh@gmail.com
<B><font color = 'blue'> .</font></B>  -wq534342
<B><font color = 'blue'> .</font></B>  -2022-11-12
<B><font color = 'blue'> .</font></B>  -Absent
<B><font color = 'blue'> .</font></B>  -Absent
<B><font color = 'blue'> .</font></B>  -undefined
<B><font color = 'blue'> .</font></B>  -Default
<B><font color = 'blue'> .</font></B>  -Default
<B><font color = 'blue'> .</font></B>  -Absent
<B><font color = 'blue'> .</font></B>  -Absent
<B><font color = 'blue'> .</font></B>  -Absent
<B><font color = 'blue'> .</font></B>  -Absent
<B><font color = 'blue'> .</font></B>  -Absent
<B><font color = 'blue'> .</font></B>  -Absent
<B><font color = 'blue'> .</font></B>  -Absent
<B><font color = 'blue'> .</font></B>  -Absent
<B><font color = 'blue'> .</font></B>  -Absent
<B><font color = 'blue'> .</font></B>  -Absent
<B><font color = 'blue'> .</font></B>  -Absent
<B><font color = 'blue'> .</font></B>  -Mail Test user 
<B><font color = 'blue'> .</font></B>  -maintest@user.io
<B><font color = 'blue'> .</font></B>  -GLB-1223888
<B><font color = 'blue'> .</font></B>  -2022-11-12
<B><font color = 'blue'> .</font></B>  -Absent
<B><font color = 'blue'> .</font></B>  -Absent
<B><font color = 'blue'> .</font></B>  -undefined
<B><font color = 'blue'> .</font></B>  -Default
<B><font color = 'blue'> .</font></B>  -Default
<B><font color = 'blue'> .</font></B>  -Absent
<B><font color = 'blue'> .</font></B>  -Absent
<B><font color = 'blue'> .</font></B>  -Absent
<B><font color = 'blue'> .</font></B>  -Absent
<B><font color = 'blue'> .</font></B>  -Absent
<B><font color = 'blue'> .</font></B>  -Absent
<B><font color = 'blue'> .</font></B>  -Absent
<B><font color = 'blue'> .</font></B>  -Absent
<B><font color = 'blue'> .</font></B>  -Absent
<B><font color = 'blue'> .</font></B>  -Absent
<B><font color = 'blue'> .</font></B>  -Absent
<B><font color = 'blue'> .</font></B>  -Update Check 
<B><font color = 'blue'> .</font></B>  -updates@gmail.com
<B><font color = 'blue'> .</font></B>  -emp543
<B><font color = 'blue'> .</font></B>  -2022-11-12
<B><font color = 'blue'> .</font></B>  -Absent
<B><font color = 'blue'> .</font></B>  -Absent
<B><font color = 'blue'> .</font></B>  -undefined
<B><font color = 'blue'> .</font></B>  -Default
<B><font color = 'blue'> .</font></B>  -Default
<B><font color = 'blue'> .</font></B>  -Absent
<B><font color = 'blue'> .</font></B>  -Absent
<B><font color = 'blue'> .</font></B>  -Absent
<B><font color = 'blue'> .</font></B>  -Absent
<B><font color = 'blue'> .</font></B>  -Absent
<B><font color = 'blue'> .</font></B>  -Absent
<B><font color = 'blue'> .</font></B>  -Absent
<B><font color = 'blue'> .</font></B>  -Absent
<B><font color = 'blue'> .</font></B>  -Absent
<B><font color = 'blue'> .</font></B>  -Absent
<B><font color = 'blue'> .</font></B>  -Absent
<B><font color = 'blue'> .</font></B>  -test manager 
<B><font color = 'blue'> .</font></B>  -manageremp@gmail.com
<B><font color = 'blue'> .</font></B>  -glb020
<B><font color = 'blue'> .</font></B>  -2022-11-12
<B><font color = 'blue'> .</font></B>  -Absent
<B><font color = 'blue'> .</font></B>  -Absent
<B><font color = 'blue'> .</font></B>  -undefined
<B><font color = 'blue'> .</font></B>  -Default
<B><font color = 'blue'> .</font></B>  -Default
<B><font color = 'blue'> .</font></B>  -Absent
<B><font color = 'blue'> .</font></B>  -Absent
<B><font color = 'blue'> .</font></B>  -Absent
<B><font color = 'blue'> .</font></B>  -Absent
<B><font color = 'blue'> .</font></B>  -Absent
<B><font color = 'blue'> .</font></B>  -Absent
<B><font color = 'blue'> .</font></B>  -Absent
<B><font color = 'blue'> .</font></B>  -Absent
<B><font color = 'blue'> .</font></B>  -Absent
<B><font color = 'blue'> .</font></B>  -Absent
<B><font color = 'blue'> .</font></B>  -Absent
<B><font color = 'blue'> .</font></B>  -DESKTOP-PJJHB19 - GLB-BLR-002OjUpRD2 
<B><font color = 'blue'> .</font></B>  --
<B><font color = 'blue'> .</font></B>  -GLB-BLR-002OjUpRD2
<B><font color = 'blue'> .</font></B>  -2022-11-12
<B><font color = 'blue'> .</font></B>  -Absent
<B><font color = 'blue'> .</font></B>  -Absent
<B><font color = 'blue'> .</font></B>  -undefined
<B><font color = 'blue'> .</font></B>  -Default
<B><font color = 'blue'> .</font></B>  -Default
<B><font color = 'blue'> .</font></B>  -Absent
<B><font color = 'blue'> .</font></B>  -Absent
<B><font color = 'blue'> .</font></B>  -Absent
<B><font color = 'blue'> .</font></B>  -Absent
<B><font color = 'blue'> .</font></B>  -Absent
<B><font color = 'blue'> .</font></B>  -Absent
<B><font color = 'blue'> .</font></B>  -Absent
<B><font color = 'blue'> .</font></B>  -Absent
<B><font color = 'blue'> .</font></B>  -Absent
<B><font color = 'blue'> .</font></B>  -Absent
<B><font color = 'blue'> .</font></B>  -Absent
<B><font color = 'blue'> .</font></B>  -Usb Test 
<B><font color = 'blue'> .</font></B>  -usbtest123@gmail.com
<B><font color = 'blue'> .</font></B>  -emp0097
<B><font color = 'blue'> .</font></B>  -2022-11-12
<B><font color = 'blue'> .</font></B>  -Absent
<B><font color = 'blue'> .</font></B>  -Absent
<B><font color = 'blue'> .</font></B>  -undefined
<B><font color = 'blue'> .</font></B>  -Default
<B><font color = 'blue'> .</font></B>  -Default
<B><font color = 'blue'> .</font></B>  -Absent
<B><font color = 'blue'> .</font></B>  -Absent
<B><font color = 'blue'> .</font></B>  -Absent
<B><font color = 'blue'> .</font></B>  -Absent
<B><font color = 'blue'> .</font></B>  -Absent
<B><font color = 'blue'> .</font></B>  -Absent
<B><font color = 'blue'> .</font></B>  -Absent
<B><font color = 'blue'> .</font></B>  -Absent
<B><font color = 'blue'> .</font></B>  -Absent
<B><font color = 'blue'> .</font></B>  -Absent
<B><font color = 'blue'> .</font></B>  -Absent
<B><font color = 'blue'> .</font></B>  -SS Keystrokes 
<B><font color = 'blue'> .</font></B>  -sskey@gmail.com
<B><font color = 'blue'> .</font></B>  -emp98y
<B><font color = 'blue'> .</font></B>  -2022-11-12
<B><font color = 'blue'> .</font></B>  -Absent
<B><font color = 'blue'> .</font></B>  -Absent
<B><font color = 'blue'> .</font></B>  -undefined
<B><font color = 'blue'> .</font></B>  -Default
<B><font color = 'blue'> .</font></B>  -Default
<B><font color = 'blue'> .</font></B>  -Absent
<B><font color = 'blue'> .</font></B>  -Absent
<B><font color = 'blue'> .</font></B>  -Absent
<B><font color = 'blue'> .</font></B>  -Absent
<B><font color = 'blue'> .</font></B>  -Absent
<B><font color = 'blue'> .</font></B>  -Absent
<B><font color = 'blue'> .</font></B>  -Absent
<B><font color = 'blue'> .</font></B>  -Absent
<B><font color = 'blue'> .</font></B>  -Absent
<B><font color = 'blue'> .</font></B>  -Absent
<B><font color = 'blue'> .</font></B>  -Absent
<B><font color = 'blue'> .</font></B>  -shivammmmmmmmmmmmmmmmmmmm Kumar 
<B><font color = 'blue'> .</font></B>  -kgfyash545@gmail.com
<B><font color = 'blue'> .</font></B>  -hsakhdjk414
<B><font color = 'blue'> .</font></B>  -2022-11-12
<B><font color = 'blue'> .</font></B>  -Absent
<B><font color = 'blue'> .</font></B>  -Absent
<B><font color = 'blue'> .</font></B>  -undefined
<B><font color = 'blue'> .</font></B>  -Default
<B><font color = 'blue'> .</font></B>  -Default
<B><font color = 'blue'> .</font></B>  -Absent
<B><font color = 'blue'> .</font></B>  -Absent
<B><font color = 'blue'> .</font></B>  -Absent
<B><font color = 'blue'> .</font></B>  -Absent
<B><font color = 'blue'> .</font></B>  -Absent
<B><font color = 'blue'> .</font></B>  -Absent
<B><font color = 'blue'> .</font></B>  -Absent
<B><font color = 'blue'> .</font></B>  -Absent
<B><font color = 'blue'> .</font></B>  -Absent
<B><font color = 'blue'> .</font></B>  -Absent
<B><font color = 'blue'> .</font></B>  -Absent
<B><font color = 'blue'> .</font></B>  -Abhishek Four tf test 
<B><font color = 'blue'> .</font></B>  -abhishekfourtf@mail.com
<B><font color = 'blue'> .</font></B>  -HLIKSJ98
<B><font color = 'blue'> .</font></B>  -2022-11-12
<B><font color = 'blue'> .</font></B>  -Absent
<B><font color = 'blue'> .</font></B>  -Absent
<B><font color = 'blue'> .</font></B>  -undefined
<B><font color = 'blue'> .</font></B>  -Default
<B><font color = 'blue'> .</font></B>  -Default
<B><font color = 'blue'> .</font></B>  -Absent
<B><font color = 'blue'> .</font></B>  -Absent
<B><font color = 'blue'> .</font></B>  -Absent
<B><font color = 'blue'> .</font></B>  -Absent
<B><font color = 'blue'> .</font></B>  -Absent
<B><font color = 'blue'> .</font></B>  -Absent
<B><font color = 'blue'> .</font></B>  -Absent
<B><font color = 'blue'> .</font></B>  -Absent
<B><font color = 'blue'> .</font></B>  -Absent
<B><font color = 'blue'> .</font></B>  -Absent
<B><font color = 'blue'> .</font></B>  -Absent
<B><font color = 'blue'> .</font></B>  -new dev user 
<B><font color = 'blue'> .</font></B>  -new@dev.user
<B><font color = 'blue'> .</font></B>  -fdfsfsd
<B><font color = 'blue'> .</font></B>  -2022-11-12
<B><font color = 'blue'> .</font></B>  -Absent
<B><font color = 'blue'> .</font></B>  -Absent
<B><font color = 'blue'> .</font></B>  -undefined
<B><font color = 'blue'> .</font></B>  -Default
<B><font color = 'blue'> .</font></B>  -Default
<B><font color = 'blue'> .</font></B>  -Absent
<B><font color = 'blue'> .</font></B>  -Absent
<B><font color = 'blue'> .</font></B>  -Absent
<B><font color = 'blue'> .</font></B>  -Absent
<B><font color = 'blue'> .</font></B>  -Absent
<B><font color = 'blue'> .</font></B>  -Absent
<B><font color = 'blue'> .</font></B>  -Absent
<B><font color = 'blue'> .</font></B>  -Absent
<B><font color = 'blue'> .</font></B>  -Absent
<B><font color = 'blue'> .</font></B>  -Absent
<B><font color = 'blue'> .</font></B>  -Absent
<B><font color = 'blue'> .</font></B>  -aaaaaaaaaa aaaaaaaaa 
<B><font color = 'blue'> .</font></B>  -mmmm@gmail.com
<B><font color = 'blue'> .</font></B>  -80765s
<B><font color = 'blue'> .</font></B>  -2022-11-12
<B><font color = 'blue'> .</font></B>  -Absent
<B><font color = 'blue'> .</font></B>  -Absent
<B><font color = 'blue'> .</font></B>  -undefined
<B><font color = 'blue'> .</font></B>  -Bangalore
<B><font color = 'blue'> .</font></B>  -Testing
<B><font color = 'blue'> .</font></B>  -Absent
<B><font color = 'blue'> .</font></B>  -Absent
<B><font color = 'blue'> .</font></B>  -Absent
<B><font color = 'blue'> .</font></B>  -Absent
<B><font color = 'blue'> .</font></B>  -Absent
<B><font color = 'blue'> .</font></B>  -Absent
<B><font color = 'blue'> .</font></B>  -Absent
<B><font color = 'blue'> .</font></B>  -Absent
<B><font color = 'blue'> .</font></B>  -Absent
<B><font color = 'blue'> .</font></B>  -Absent
<B><font color = 'blue'> .</font></B>  -Absent
<B><font color = 'blue'> .</font></B>  -sumesh test 
<B><font color = 'blue'> .</font></B>  -sumesh@mail.com
<B><font color = 'blue'> .</font></B>  -fdgfdgf
<B><font color = 'blue'> .</font></B>  -2022-11-12
<B><font color = 'blue'> .</font></B>  -Absent
<B><font color = 'blue'> .</font></B>  -Absent
<B><font color = 'blue'> .</font></B>  -undefined
<B><font color = 'blue'> .</font></B>  -Bangalore
<B><font color = 'blue'> .</font></B>  -Testing
<B><font color = 'blue'> .</font></B>  -Absent
<B><font color = 'blue'> .</font></B>  -Absent
<B><font color = 'blue'> .</font></B>  -Absent
<B><font color = 'blue'> .</font></B>  -Absent
<B><font color = 'blue'> .</font></B>  -Absent
<B><font color = 'blue'> .</font></B>  -Absent
<B><font color = 'blue'> .</font></B>  -Absent
<B><font color = 'blue'> .</font></B>  -Absent
<B><font color = 'blue'> .</font></B>  -Absent
<B><font color = 'blue'> .</font></B>  -Absent
<B><font color = 'blue'> .</font></B>  -Absent
<B><font color = 'blue'> .</font></B>  -Test msc 
<B><font color = 'blue'> .</font></B>  -test123@gmail.com
<B><font color = 'blue'> .</font></B>  -12254
<B><font color = 'blue'> .</font></B>  -2022-11-12
<B><font color = 'blue'> .</font></B>  -Absent
<B><font color = 'blue'> .</font></B>  -Absent
<B><font color = 'blue'> .</font></B>  -undefined
<B><font color = 'blue'> .</font></B>  -Bangalore
<B><font color = 'blue'> .</font></B>  -Testing
<B><font color = 'blue'> .</font></B>  -Absent
<B><font color = 'blue'> .</font></B>  -Absent
<B><font color = 'blue'> .</font></B>  -Absent
<B><font color = 'blue'> .</font></B>  -Absent
<B><font color = 'blue'> .</font></B>  -Absent
<B><font color = 'blue'> .</font></B>  -Absent
<B><font color = 'blue'> .</font></B>  -Absent
<B><font color = 'blue'> .</font></B>  -Absent
<B><font color = 'blue'> .</font></B>  -Absent
<B><font color = 'blue'> .</font></B>  -Absent
<B><font color = 'blue'> .</font></B>  -Absent
<B><font color = 'blue'> .</font></B>  -deffdfds vscsc 
<B><font color = 'blue'> .</font></B>  -cscsdw123@gmail.com
<B><font color = 'blue'> .</font></B>  -1234512
<B><font color = 'blue'> .</font></B>  -2022-11-12
<B><font color = 'blue'> .</font></B>  -Absent
<B><font color = 'blue'> .</font></B>  -Absent
<B><font color = 'blue'> .</font></B>  -undefined
<B><font color = 'blue'> .</font></B>  -Bangalore
<B><font color = 'blue'> .</font></B>  -Testing
<B><font color = 'blue'> .</font></B>  -Absent
<B><font color = 'blue'> .</font></B>  -Absent
<B><font color = 'blue'> .</font></B>  -Absent
<B><font color = 'blue'> .</font></B>  -Absent
<B><font color = 'blue'> .</font></B>  -Absent
<B><font color = 'blue'> .</font></B>  -Absent
<B><font color = 'blue'> .</font></B>  -Absent
<B><font color = 'blue'> .</font></B>  -Absent
<B><font color = 'blue'> .</font></B>  -Absent
<B><font color = 'blue'> .</font></B>  -Absent
<B><font color = 'blue'> .</font></B>  -Absent
<B><font color = 'blue'> .</font></B>  -test testtt 
<B><font color = 'blue'> .</font></B>  -abcd@gmail.com
<B><font color = 'blue'> .</font></B>  -GLB55
<B><font color = 'blue'> .</font></B>  -2022-11-12
<B><font color = 'blue'> .</font></B>  -Absent
<B><font color = 'blue'> .</font></B>  -Absent
<B><font color = 'blue'> .</font></B>  -undefined
<B><font color = 'blue'> .</font></B>  -Bangalore
<B><font color = 'blue'> .</font></B>  -Testing
<B><font color = 'blue'> .</font></B>  -Absent
<B><font color = 'blue'> .</font></B>  -Absent
<B><font color = 'blue'> .</font></B>  -Absent
<B><font color = 'blue'> .</font></B>  -Absent
<B><font color = 'blue'> .</font></B>  -Absent
<B><font color = 'blue'> .</font></B>  -Absent
<B><font color = 'blue'> .</font></B>  -Absent
<B><font color = 'blue'> .</font></B>  -Absent
<B><font color = 'blue'> .</font></B>  -Absent
<B><font color = 'blue'> .</font></B>  -Absent
<B><font color = 'blue'> .</font></B>  -Absent
<B><font color = 'blue'> .</font></B>  -Abhishe tt 
<B><font color = 'blue'> .</font></B>  -ab@ab.com
<B><font color = 'blue'> .</font></B>  -GKD567
<B><font color = 'blue'> .</font></B>  -2022-11-12
<B><font color = 'blue'> .</font></B>  -Absent
<B><font color = 'blue'> .</font></B>  -Absent
<B><font color = 'blue'> .</font></B>  -undefined
<B><font color = 'blue'> .</font></B>  -Bangalore
<B><font color = 'blue'> .</font></B>  -Testing
<B><font color = 'blue'> .</font></B>  -Absent
<B><font color = 'blue'> .</font></B>  -Absent
<B><font color = 'blue'> .</font></B>  -Absent
<B><font color = 'blue'> .</font></B>  -Absent
<B><font color = 'blue'> .</font></B>  -Absent
<B><font color = 'blue'> .</font></B>  -Absent
<B><font color = 'blue'> .</font></B>  -Absent
<B><font color = 'blue'> .</font></B>  -Absent
<B><font color = 'blue'> .</font></B>  -Absent
<B><font color = 'blue'> .</font></B>  -Absent
<B><font color = 'blue'> .</font></B>  -Absent
<B><font color = 'blue'> .</font></B>  -test nonadmin 
<B><font color = 'blue'> .</font></B>  -testnonadmin@gmail.com
<B><font color = 'blue'> .</font></B>  -GLB026
<B><font color = 'blue'> .</font></B>  -2022-11-12
<B><font color = 'blue'> .</font></B>  -Absent
<B><font color = 'blue'> .</font></B>  -Absent
<B><font color = 'blue'> .</font></B>  -undefined
<B><font color = 'blue'> .</font></B>  -Bangalore
<B><font color = 'blue'> .</font></B>  -Php
<B><font color = 'blue'> .</font></B>  -Absent
<B><font color = 'blue'> .</font></B>  -Absent
<B><font color = 'blue'> .</font></B>  -Absent
<B><font color = 'blue'> .</font></B>  -Absent
<B><font color = 'blue'> .</font></B>  -Absent
<B><font color = 'blue'> .</font></B>  -Absent
<B><font color = 'blue'> .</font></B>  -Absent
<B><font color = 'blue'> .</font></B>  -Absent
<B><font color = 'blue'> .</font></B>  -Absent
<B><font color = 'blue'> .</font></B>  -Absent
<B><font color = 'blue'> .</font></B>  -Absent
<B><font color = 'blue'> .</font></B>  -adg ckj 
<B><font color = 'blue'> .</font></B>  -adcs@1234
<B><font color = 'blue'> .</font></B>  -583
<B><font color = 'blue'> .</font></B>  -2022-11-12
<B><font color = 'blue'> .</font></B>  -Absent
<B><font color = 'blue'> .</font></B>  -Absent
<B><font color = 'blue'> .</font></B>  -undefined
<B><font color = 'blue'> .</font></B>  -Bangalore
<B><font color = 'blue'> .</font></B>  -Testing
<B><font color = 'blue'> .</font></B>  -Absent
<B><font color = 'blue'> .</font></B>  -Absent
<B><font color = 'blue'> .</font></B>  -Absent
<B><font color = 'blue'> .</font></B>  -Absent
<B><font color = 'blue'> .</font></B>  -Absent
<B><font color = 'blue'> .</font></B>  -Absent
<B><font color = 'blue'> .</font></B>  -Absent
<B><font color = 'blue'> .</font></B>  -Absent
<B><font color = 'blue'> .</font></B>  -Absent
<B><font color = 'blue'> .</font></B>  -Absent
<B><font color = 'blue'> .</font></B>  -Absent
<B><font color = 'blue'> .</font></B>  -dominic toretto 
<B><font color = 'blue'> .</font></B>  -dom.toretto737@gmail.com
<B><font color = 'blue'> .</font></B>  -EMP011
<B><font color = 'blue'> .</font></B>  -2022-11-12
<B><font color = 'blue'> .</font></B>  -Absent
<B><font color = 'blue'> .</font></B>  -Absent
<B><font color = 'blue'> .</font></B>  -undefined
<B><font color = 'blue'> .</font></B>  -Bangalore
<B><font color = 'blue'> .</font></B>  -Testing
<B><font color = 'blue'> .</font></B>  -Absent
<B><font color = 'blue'> .</font></B>  -Absent
<B><font color = 'blue'> .</font></B>  -Absent
<B><font color = 'blue'> .</font></B>  -Absent
<B><font color = 'blue'> .</font></B>  -Absent
<B><font color = 'blue'> .</font></B>  -Absent
<B><font color = 'blue'> .</font></B>  -Absent
<B><font color = 'blue'> .</font></B>  -Absent
<B><font color = 'blue'> .</font></B>  -Absent
<B><font color = 'blue'> .</font></B>  -Absent
<B><font color = 'blue'> .</font></B>  -Absent
<B><font color = 'blue'> .</font></B>  -Abhishek Test 
<B><font color = 'blue'> .</font></B>  -abhishektrest@glb.in
<B><font color = 'blue'> .</font></B>  -rN7tvEiDPGNi4fD
<B><font color = 'blue'> .</font></B>  -2022-11-12
<B><font color = 'blue'> .</font></B>  -Absent
<B><font color = 'blue'> .</font></B>  -Absent
<B><font color = 'blue'> .</font></B>  -undefined
<B><font color = 'blue'> .</font></B>  -Bangalore
<B><font color = 'blue'> .</font></B>  -Php
<B><font color = 'blue'> .</font></B>  -Absent
<B><font color = 'blue'> .</font></B>  -Absent
<B><font color = 'blue'> .</font></B>  -Absent
<B><font color = 'blue'> .</font></B>  -Absent
<B><font color = 'blue'> .</font></B>  -Absent
<B><font color = 'blue'> .</font></B>  -Absent
<B><font color = 'blue'> .</font></B>  -Absent
<B><font color = 'blue'> .</font></B>  -Absent
<B><font color = 'blue'> .</font></B>  -Absent
<B><font color = 'blue'> .</font></B>  -Absent
<B><font color = 'blue'> .</font></B>  -Absent
<B><font color = 'blue'> .</font></B>  -Superior Test one 
<B><font color = 'blue'> .</font></B>  -superiorone@gmail.com
<B><font color = 'blue'> .</font></B>  -twoqw
<B><font color = 'blue'> .</font></B>  -2022-11-12
<B><font color = 'blue'> .</font></B>  -Absent
<B><font color = 'blue'> .</font></B>  -Absent
<B><font color = 'blue'> .</font></B>  -undefined
<B><font color = 'blue'> .</font></B>  -Bangalore
<B><font color = 'blue'> .</font></B>  -Testing
<B><font color = 'blue'> .</font></B>  -Absent
<B><font color = 'blue'> .</font></B>  -Absent
<B><font color = 'blue'> .</font></B>  -Absent
<B><font color = 'blue'> .</font></B>  -Absent
<B><font color = 'blue'> .</font></B>  -Absent
<B><font color = 'blue'> .</font></B>  -Absent
<B><font color = 'blue'> .</font></B>  -Absent
<B><font color = 'blue'> .</font></B>  -Absent
<B><font color = 'blue'> .</font></B>  -Absent
<B><font color = 'blue'> .</font></B>  -Absent
<B><font color = 'blue'> .</font></B>  -Absent
<B><font color = 'blue'> .</font></B>  -test testw 
<B><font color = 'blue'> .</font></B>  -test@mac.in
<B><font color = 'blue'> .</font></B>  -aaf123
<B><font color = 'blue'> .</font></B>  -2022-11-12
<B><font color = 'blue'> .</font></B>  -Absent
<B><font color = 'blue'> .</font></B>  -Absent
<B><font color = 'blue'> .</font></B>  -undefined
<B><font color = 'blue'> .</font></B>  -Bangalore
<B><font color = 'blue'> .</font></B>  -Php
<B><font color = 'blue'> .</font></B>  -Absent
<B><font color = 'blue'> .</font></B>  -Absent
<B><font color = 'blue'> .</font></B>  -Absent
<B><font color = 'blue'> .</font></B>  -Absent
<B><font color = 'blue'> .</font></B>  -Absent
<B><font color = 'blue'> .</font></B>  -Absent
<B><font color = 'blue'> .</font></B>  -Absent
<B><font color = 'blue'> .</font></B>  -Absent
<B><font color = 'blue'> .</font></B>  -Absent
<B><font color = 'blue'> .</font></B>  -Absent
<B><font color = 'blue'> .</font></B>  -Absent
<B><font color = 'blue'> .</font></B>  -sam eer 
<B><font color = 'blue'> .</font></B>  -sam@rf.in
<B><font color = 'blue'> .</font></B>  -WSAERT2Q34E
<B><font color = 'blue'> .</font></B>  -2022-11-12
<B><font color = 'blue'> .</font></B>  -Absent
<B><font color = 'blue'> .</font></B>  -Absent
<B><font color = 'blue'> .</font></B>  -undefined
<B><font color = 'blue'> .</font></B>  -Bangalore
<B><font color = 'blue'> .</font></B>  -Testing
<B><font color = 'blue'> .</font></B>  -Absent
<B><font color = 'blue'> .</font></B>  -Absent
<B><font color = 'blue'> .</font></B>  -Absent
<B><font color = 'blue'> .</font></B>  -Absent
<B><font color = 'blue'> .</font></B>  -Absent
<B><font color = 'blue'> .</font></B>  -Absent
<B><font color = 'blue'> .</font></B>  -Absent
<B><font color = 'blue'> .</font></B>  -Absent
<B><font color = 'blue'> .</font></B>  -Absent
<B><font color = 'blue'> .</font></B>  -Absent
<B><font color = 'blue'> .</font></B>  -Absent
<B><font color = 'blue'> .</font></B>  -Test test 
<B><font color = 'blue'> .</font></B>  -sarikajain@gmail.com
<B><font color = 'blue'> .</font></B>  -E-101
<B><font color = 'blue'> .</font></B>  -2022-11-12
<B><font color = 'blue'> .</font></B>  -Absent
<B><font color = 'blue'> .</font></B>  -Absent
<B><font color = 'blue'> .</font></B>  -undefined
<B><font color = 'blue'> .</font></B>  -Bangalore
<B><font color = 'blue'> .</font></B>  -Testing
<B><font color = 'blue'> .</font></B>  -Absent
<B><font color = 'blue'> .</font></B>  -Absent
<B><font color = 'blue'> .</font></B>  -Absent
<B><font color = 'blue'> .</font></B>  -Absent
<B><font color = 'blue'> .</font></B>  -Absent
<B><font color = 'blue'> .</font></B>  -Absent
<B><font color = 'blue'> .</font></B>  -Absent
<B><font color = 'blue'> .</font></B>  -Absent
<B><font color = 'blue'> .</font></B>  -Absent
<B><font color = 'blue'> .</font></B>  -Absent
<B><font color = 'blue'> .</font></B>  -Absent
<B><font color = 'blue'> .</font></B>  -sithu kalluru 
<B><font color = 'blue'> .</font></B>  -sitaramireddy@globussoft.in
<B><font color = 'blue'> .</font></B>  -code12
<B><font color = 'blue'> .</font></B>  -2022-11-12
<B><font color = 'blue'> .</font></B>  -Absent
<B><font color = 'blue'> .</font></B>  -Absent
<B><font color = 'blue'> .</font></B>  -undefined
<B><font color = 'blue'> .</font></B>  -Bangalore
<B><font color = 'blue'> .</font></B>  -Testing
<B><font color = 'blue'> .</font></B>  -Absent
<B><font color = 'blue'> .</font></B>  -Absent
<B><font color = 'blue'> .</font></B>  -Absent
<B><font color = 'blue'> .</font></B>  -Absent
<B><font color = 'blue'> .</font></B>  -Absent
<B><font color = 'blue'> .</font></B>  -Absent
<B><font color = 'blue'> .</font></B>  -Absent
<B><font color = 'blue'> .</font></B>  -Absent
<B><font color = 'blue'> .</font></B>  -Absent
<B><font color = 'blue'> .</font></B>  -Absent
<B><font color = 'blue'> .</font></B>  -Absent
<B><font color = 'blue'> .</font></B>  -test123 abcd 
<B><font color = 'blue'> .</font></B>  -s@gmail.com
<B><font color = 'blue'> .</font></B>  -code123z
<B><font color = 'blue'> .</font></B>  -2022-11-12
<B><font color = 'blue'> .</font></B>  -Absent
<B><font color = 'blue'> .</font></B>  -Absent
<B><font color = 'blue'> .</font></B>  -undefined
<B><font color = 'blue'> .</font></B>  -Bangalore
<B><font color = 'blue'> .</font></B>  -Testing
<B><font color = 'blue'> .</font></B>  -Absent
<B><font color = 'blue'> .</font></B>  -Absent
<B><font color = 'blue'> .</font></B>  -Absent
<B><font color = 'blue'> .</font></B>  -Absent
<B><font color = 'blue'> .</font></B>  -Absent
<B><font color = 'blue'> .</font></B>  -Absent
<B><font color = 'blue'> .</font></B>  -Absent
<B><font color = 'blue'> .</font></B>  -Absent
<B><font color = 'blue'> .</font></B>  -Absent
<B><font color = 'blue'> .</font></B>  -Absent
<B><font color = 'blue'> .</font></B>  -Absent
<B><font color = 'blue'> .</font></B>  -testing test 
<B><font color = 'blue'> .</font></B>  -aarshajoyson1601@gmail.com
<B><font color = 'blue'> .</font></B>  -glb0008
<B><font color = 'blue'> .</font></B>  -2022-11-12
<B><font color = 'blue'> .</font></B>  -Absent
<B><font color = 'blue'> .</font></B>  -Absent
<B><font color = 'blue'> .</font></B>  -undefined
<B><font color = 'blue'> .</font></B>  -Bangalore
<B><font color = 'blue'> .</font></B>  -Php
<B><font color = 'blue'> .</font></B>  -Absent
<B><font color = 'blue'> .</font></B>  -Absent
<B><font color = 'blue'> .</font></B>  -Absent
<B><font color = 'blue'> .</font></B>  -Absent
<B><font color = 'blue'> .</font></B>  -Absent
<B><font color = 'blue'> .</font></B>  -Absent
<B><font color = 'blue'> .</font></B>  -Absent
<B><font color = 'blue'> .</font></B>  -Absent
<B><font color = 'blue'> .</font></B>  -Absent
<B><font color = 'blue'> .</font></B>  -Absent
<B><font color = 'blue'> .</font></B>  -Absent
<B><font color = 'blue'> .</font></B>  -Automation CodeeeAuto 
<B><font color = 'blue'> .</font></B>  -skabcdef7@gmail.com
<B><font color = 'blue'> .</font></B>  -Emp-Abzcde-1234522
<B><font color = 'blue'> .</font></B>  -2022-11-12
<B><font color = 'blue'> .</font></B>  -Absent
<B><font color = 'blue'> .</font></B>  -Absent
<B><font color = 'blue'> .</font></B>  -undefined
<B><font color = 'blue'> .</font></B>  -Bangalore
<B><font color = 'blue'> .</font></B>  -Testing
<B><font color = 'blue'> .</font></B>  -Absent
<B><font color = 'blue'> .</font></B>  -Absent
<B><font color = 'blue'> .</font></B>  -Absent
<B><font color = 'blue'> .</font></B>  -Absent
<B><font color = 'blue'> .</font></B>  -Absent
<B><font color = 'blue'> .</font></B>  -Absent
<B><font color = 'blue'> .</font></B>  -Absent
<B><font color = 'blue'> .</font></B>  -Absent
<B><font color = 'blue'> .</font></B>  -Absent
<B><font color = 'blue'> .</font></B>  -Absent
<B><font color = 'blue'> .</font></B>  -Absent
<B><font color = 'blue'> .</font></B>  -piyush dfgsfg 
<B><font color = 'blue'> .</font></B>  -jos@gmail.com
<B><font color = 'blue'> .</font></B>  -sdgff
<B><font color = 'blue'> .</font></B>  -2022-11-12
<B><font color = 'blue'> .</font></B>  -Absent
<B><font color = 'blue'> .</font></B>  -Absent
<B><font color = 'blue'> .</font></B>  -undefined
<B><font color = 'blue'> .</font></B>  -Bangalore
<B><font color = 'blue'> .</font></B>  -Testing
<B><font color = 'blue'> .</font></B>  -Absent
<B><font color = 'blue'> .</font></B>  -Absent
<B><font color = 'blue'> .</font></B>  -Absent
<B><font color = 'blue'> .</font></B>  -Absent
<B><font color = 'blue'> .</font></B>  -Absent
<B><font color = 'blue'> .</font></B>  -Absent
<B><font color = 'blue'> .</font></B>  -Absent
<B><font color = 'blue'> .</font></B>  -Absent
<B><font color = 'blue'> .</font></B>  -Absent
<B><font color = 'blue'> .</font></B>  -Absent
<B><font color = 'blue'> .</font></B>  -Absent
<B><font color = 'blue'> .</font></B>  -Aryan raj 
<B><font color = 'blue'> .</font></B>  -alex@gmail.com
<B><font color = 'blue'> .</font></B>  -126
<B><font color = 'blue'> .</font></B>  -2022-11-12
<B><font color = 'blue'> .</font></B>  -Absent
<B><font color = 'blue'> .</font></B>  -Absent
<B><font color = 'blue'> .</font></B>  -undefined
<B><font color = 'blue'> .</font></B>  -Bangalore
<B><font color = 'blue'> .</font></B>  -Testing
<B><font color = 'blue'> .</font></B>  -Absent
<B><font color = 'blue'> .</font></B>  -Absent
<B><font color = 'blue'> .</font></B>  -Absent
<B><font color = 'blue'> .</font></B>  -Absent
<B><font color = 'blue'> .</font></B>  -Absent
<B><font color = 'blue'> .</font></B>  -Absent
<B><font color = 'blue'> .</font></B>  -Absent
<B><font color = 'blue'> .</font></B>  -Absent
<B><font color = 'blue'> .</font></B>  -Absent
<B><font color = 'blue'> .</font></B>  -Absent
<B><font color = 'blue'> .</font></B>  -Absent
<B><font color = 'blue'> .</font></B>  -Automation CodeeeAuto 
<B><font color = 'blue'> .</font></B>  -skabcdef38@gmail.com
<B><font color = 'blue'> .</font></B>  -Emp-Abzcde-123457
<B><font color = 'blue'> .</font></B>  -2022-11-12
<B><font color = 'blue'> .</font></B>  -Absent
<B><font color = 'blue'> .</font></B>  -Absent
<B><font color = 'blue'> .</font></B>  -undefined
<B><font color = 'blue'> .</font></B>  -Bangalore
<B><font color = 'blue'> .</font></B>  -Testing
<B><font color = 'blue'> .</font></B>  -Absent
<B><font color = 'blue'> .</font></B>  -Absent
<B><font color = 'blue'> .</font></B>  -Absent
<B><font color = 'blue'> .</font></B>  -Absent
<B><font color = 'blue'> .</font></B>  -Absent
<B><font color = 'blue'> .</font></B>  -Absent
<B><font color = 'blue'> .</font></B>  -Absent
<B><font color = 'blue'> .</font></B>  -Absent
<B><font color = 'blue'> .</font></B>  -Absent
<B><font color = 'blue'> .</font></B>  -Absent
<B><font color = 'blue'> .</font></B>  -Absent
<B><font color = 'blue'> .</font></B>  -Automation CodeeeAuto 
<B><font color = 'blue'> .</font></B>  -skabcdef33@gmail.com
<B><font color = 'blue'> .</font></B>  -Emp-Abzcde-1234557
<B><font color = 'blue'> .</font></B>  -2022-11-12
<B><font color = 'blue'> .</font></B>  -Absent
<B><font color = 'blue'> .</font></B>  -Absent
<B><font color = 'blue'> .</font></B>  -undefined
<B><font color = 'blue'> .</font></B>  -Bangalore
<B><font color = 'blue'> .</font></B>  -Testing
<B><font color = 'blue'> .</font></B>  -Absent
<B><font color = 'blue'> .</font></B>  -Absent
<B><font color = 'blue'> .</font></B>  -Absent
<B><font color = 'blue'> .</font></B>  -Absent
<B><font color = 'blue'> .</font></B>  -Absent
<B><font color = 'blue'> .</font></B>  -Absent
<B><font color = 'blue'> .</font></B>  -Absent
<B><font color = 'blue'> .</font></B>  -Absent
<B><font color = 'blue'> .</font></B>  -Absent
<B><font color = 'blue'> .</font></B>  -Absent
<B><font color = 'blue'> .</font></B>  -Absent
<B><font color = 'blue'> .</font></B>  -D Surya Prabhakar 
<B><font color = 'blue'> .</font></B>  -surya1@gmail.com
<B><font color = 'blue'> .</font></B>  -EM010
<B><font color = 'blue'> .</font></B>  -2022-11-12
<B><font color = 'blue'> .</font></B>  -Absent
<B><font color = 'blue'> .</font></B>  -Absent
<B><font color = 'blue'> .</font></B>  -undefined
<B><font color = 'blue'> .</font></B>  -bengaluru
<B><font color = 'blue'> .</font></B>  -Testing
<B><font color = 'blue'> .</font></B>  -Absent
<B><font color = 'blue'> .</font></B>  -Absent
<B><font color = 'blue'> .</font></B>  -Absent
<B><font color = 'blue'> .</font></B>  -Absent
<B><font color = 'blue'> .</font></B>  -Absent
<B><font color = 'blue'> .</font></B>  -Absent
<B><font color = 'blue'> .</font></B>  -Absent
<B><font color = 'blue'> .</font></B>  -Absent
<B><font color = 'blue'> .</font></B>  -Absent
<B><font color = 'blue'> .</font></B>  -Absent
<B><font color = 'blue'> .</font></B>  -Absent
<B><font color = 'blue'> .</font></B>  -R o       hit Sharma 
<B><font color = 'blue'> .</font></B>  -rahulrajt5613928@gmail.com
<B><font color = 'blue'> .</font></B>  -67645
<B><font color = 'blue'> .</font></B>  -2022-11-12
<B><font color = 'blue'> .</font></B>  -Absent
<B><font color = 'blue'> .</font></B>  -Absent
<B><font color = 'blue'> .</font></B>  -undefined
<B><font color = 'blue'> .</font></B>  -bengaluru
<B><font color = 'blue'> .</font></B>  -Testing
<B><font color = 'blue'> .</font></B>  -Absent
<B><font color = 'blue'> .</font></B>  -Absent
<B><font color = 'blue'> .</font></B>  -Absent
<B><font color = 'blue'> .</font></B>  -Absent
<B><font color = 'blue'> .</font></B>  -Absent
<B><font color = 'blue'> .</font></B>  -Absent
<B><font color = 'blue'> .</font></B>  -Absent
<B><font color = 'blue'> .</font></B>  -Absent
<B><font color = 'blue'> .</font></B>  -Absent
<B><font color = 'blue'> .</font></B>  -Absent
<B><font color = 'blue'> .</font></B>  -Absent
<B><font color = 'blue'> .</font></B>  -ni test 
<B><font color = 'blue'> .</font></B>  -nitest12@gmail.com
<B><font color = 'blue'> .</font></B>  -GLB678
<B><font color = 'blue'> .</font></B>  -2022-11-12
<B><font color = 'blue'> .</font></B>  -Absent
<B><font color = 'blue'> .</font></B>  -Absent
<B><font color = 'blue'> .</font></B>  -undefined
<B><font color = 'blue'> .</font></B>  -bengaluru
<B><font color = 'blue'> .</font></B>  -Testing
<B><font color = 'blue'> .</font></B>  -Absent
<B><font color = 'blue'> .</font></B>  -Absent
<B><font color = 'blue'> .</font></B>  -Absent
<B><font color = 'blue'> .</font></B>  -Absent
<B><font color = 'blue'> .</font></B>  -Absent
<B><font color = 'blue'> .</font></B>  -Absent
<B><font color = 'blue'> .</font></B>  -Absent
<B><font color = 'blue'> .</font></B>  -Absent
<B><font color = 'blue'> .</font></B>  -Absent
<B><font color = 'blue'> .</font></B>  -Absent
<B><font color = 'blue'> .</font></B>  -Absent
<B><font color = 'blue'> .</font></B>  -one test 
<B><font color = 'blue'> .</font></B>  -testone1234@gmail.com
<B><font color = 'blue'> .</font></B>  -0110
<B><font color = 'blue'> .</font></B>  -2022-11-12
<B><font color = 'blue'> .</font></B>  -Absent
<B><font color = 'blue'> .</font></B>  -Absent
<B><font color = 'blue'> .</font></B>  -undefined
<B><font color = 'blue'> .</font></B>  -bengaluru
<B><font color = 'blue'> .</font></B>  -Testing
<B><font color = 'blue'> .</font></B>  -Absent
<B><font color = 'blue'> .</font></B>  -Absent
<B><font color = 'blue'> .</font></B>  -Absent
<B><font color = 'blue'> .</font></B>  -Absent
<B><font color = 'blue'> .</font></B>  -Absent
<B><font color = 'blue'> .</font></B>  -Absent
<B><font color = 'blue'> .</font></B>  -Absent
<B><font color = 'blue'> .</font></B>  -Absent
<B><font color = 'blue'> .</font></B>  -Absent
<B><font color = 'blue'> .</font></B>  -Absent
<B><font color = 'blue'> .</font></B>  -Absent
<B><font color = 'blue'> .</font></B>  -GLB-BLR-010-PC - GLB-BLR-010 
<B><font color = 'blue'> .</font></B>  -abcd@yuksdgus
<B><font color = 'blue'> .</font></B>  -GLB-BLR-010
<B><font color = 'blue'> .</font></B>  -2022-11-12
<B><font color = 'blue'> .</font></B>  -Absent
<B><font color = 'blue'> .</font></B>  -Absent
<B><font color = 'blue'> .</font></B>  -undefined
<B><font color = 'blue'> .</font></B>  -bengaluru
<B><font color = 'blue'> .</font></B>  -Testing
<B><font color = 'blue'> .</font></B>  -Absent
<B><font color = 'blue'> .</font></B>  -Absent
<B><font color = 'blue'> .</font></B>  -Absent
<B><font color = 'blue'> .</font></B>  -Absent
<B><font color = 'blue'> .</font></B>  -Absent
<B><font color = 'blue'> .</font></B>  -Absent
<B><font color = 'blue'> .</font></B>  -Absent
<B><font color = 'blue'> .</font></B>  -Absent
<B><font color = 'blue'> .</font></B>  -Absent
<B><font color = 'blue'> .</font></B>  -Absent
<B><font color = 'blue'> .</font></B>  -Absent
<B><font color = 'blue'> .</font></B>  -surya kk 
<B><font color = 'blue'> .</font></B>  -123@gmail.com
<B><font color = 'blue'> .</font></B>  -mmmmm
<B><font color = 'blue'> .</font></B>  -2022-11-12
<B><font color = 'blue'> .</font></B>  -Absent
<B><font color = 'blue'> .</font></B>  -Absent
<B><font color = 'blue'> .</font></B>  -undefined
<B><font color = 'blue'> .</font></B>  -Tamilnadu
<B><font color = 'blue'> .</font></B>  -Test and Dev
<B><font color = 'blue'> .</font></B>  -Absent
<B><font color = 'blue'> .</font></B>  -Absent
<B><font color = 'blue'> .</font></B>  -Absent
<B><font color = 'blue'> .</font></B>  -Absent
<B><font color = 'blue'> .</font></B>  -Absent
<B><font color = 'blue'> .</font></B>  -Absent
<B><font color = 'blue'> .</font></B>  -Absent
<B><font color = 'blue'> .</font></B>  -Absent
<B><font color = 'blue'> .</font></B>  -Absent
<B><font color = 'blue'> .</font></B>  -Absent
<B><font color = 'blue'> .</font></B>  -Absent
<B><font color = 'blue'> .</font></B>  -sai kk 
<B><font color = 'blue'> .</font></B>  -saikk19876@gmail.com
<B><font color = 'blue'> .</font></B>  -20221019
<B><font color = 'blue'> .</font></B>  -2022-11-12
<B><font color = 'blue'> .</font></B>  -Absent
<B><font color = 'blue'> .</font></B>  -Absent
<B><font color = 'blue'> .</font></B>  -undefined
<B><font color = 'blue'> .</font></B>  -Tamilnadu
<B><font color = 'blue'> .</font></B>  -Test and Dev
<B><font color = 'blue'> .</font></B>  -Absent
<B><font color = 'blue'> .</font></B>  -Absent
<B><font color = 'blue'> .</font></B>  -Absent
<B><font color = 'blue'> .</font></B>  -Absent
<B><font color = 'blue'> .</font></B>  -Absent
<B><font color = 'blue'> .</font></B>  -Absent
<B><font color = 'blue'> .</font></B>  -Absent
<B><font color = 'blue'> .</font></B>  -Absent
<B><font color = 'blue'> .</font></B>  -Absent
<B><font color = 'blue'> .</font></B>  -Absent
<B><font color = 'blue'> .</font></B>  -Absent
<B><font color = 'blue'> .</font></B>  -ajeethemp test 
<B><font color = 'blue'> .</font></B>  -ajeethemp@gmail.com
<B><font color = 'blue'> .</font></B>  -A01
<B><font color = 'blue'> .</font></B>  -2022-11-12
<B><font color = 'blue'> .</font></B>  -Absent
<B><font color = 'blue'> .</font></B>  -Absent
<B><font color = 'blue'> .</font></B>  -undefined
<B><font color = 'blue'> .</font></B>  -Tamilnadu
<B><font color = 'blue'> .</font></B>  -Test and Dev
<B><font color = 'blue'> .</font></B>  -Absent
<B><font color = 'blue'> .</font></B>  -Absent
<B><font color = 'blue'> .</font></B>  -Absent
<B><font color = 'blue'> .</font></B>  -Absent
<B><font color = 'blue'> .</font></B>  -Absent
<B><font color = 'blue'> .</font></B>  -Absent
<B><font color = 'blue'> .</font></B>  -Absent
<B><font color = 'blue'> .</font></B>  -Absent
<B><font color = 'blue'> .</font></B>  -Absent
<B><font color = 'blue'> .</font></B>  -Absent
<B><font color = 'blue'> .</font></B>  -Absent
<B><font color = 'blue'> .</font></B>  -test user two 
<B><font color = 'blue'> .</font></B>  -testuser@two.io
<B><font color = 'blue'> .</font></B>  -GSLL-327
<B><font color = 'blue'> .</font></B>  -2022-11-12
<B><font color = 'blue'> .</font></B>  -Absent
<B><font color = 'blue'> .</font></B>  -Absent
<B><font color = 'blue'> .</font></B>  -undefined
<B><font color = 'blue'> .</font></B>  -Tamilnadu
<B><font color = 'blue'> .</font></B>  -Test and Dev
<B><font color = 'blue'> .</font></B>  -Absent
<B><font color = 'blue'> .</font></B>  -Absent
<B><font color = 'blue'> .</font></B>  -Absent
<B><font color = 'blue'> .</font></B>  -Absent
<B><font color = 'blue'> .</font></B>  -Absent
<B><font color = 'blue'> .</font></B>  -Absent
<B><font color = 'blue'> .</font></B>  -Absent
<B><font color = 'blue'> .</font></B>  -Absent
<B><font color = 'blue'> .</font></B>  -Absent
<B><font color = 'blue'> .</font></B>  -Absent
<B><font color = 'blue'> .</font></B>  -Absent
<B><font color = 'blue'> .</font></B>  -Himanshu Kumar 
<B><font color = 'blue'> .</font></B>  -himanshu1@gmail.com
<B><font color = 'blue'> .</font></B>  -EM011
<B><font color = 'blue'> .</font></B>  -2022-11-12
<B><font color = 'blue'> .</font></B>  -Absent
<B><font color = 'blue'> .</font></B>  -Absent
<B><font color = 'blue'> .</font></B>  -undefined
<B><font color = 'blue'> .</font></B>  -bagalkot
<B><font color = 'blue'> .</font></B>  -manual testing
<B><font color = 'blue'> .</font></B>  -Absent
<B><font color = 'blue'> .</font></B>  -Absent
<B><font color = 'blue'> .</font></B>  -Absent
<B><font color = 'blue'> .</font></B>  -Absent
<B><font color = 'blue'> .</font></B>  -Absent
<B><font color = 'blue'> .</font></B>  -Absent
<B><font color = 'blue'> .</font></B>  -Absent
<B><font color = 'blue'> .</font></B>  -Absent
<B><font color = 'blue'> .</font></B>  -Absent
<B><font color = 'blue'> .</font></B>  -Absent
<B><font color = 'blue'> .</font></B>  -Absent
<B><font color = 'blue'> .</font></B>  -dxgfdxg gssdg 
<B><font color = 'blue'> .</font></B>  -sdgsg@dgksodkg.in
<B><font color = 'blue'> .</font></B>  -asfda343443
<B><font color = 'blue'> .</font></B>  -2022-11-12
<B><font color = 'blue'> .</font></B>  -Absent
<B><font color = 'blue'> .</font></B>  -Absent
<B><font color = 'blue'> .</font></B>  -undefined
<B><font color = 'blue'> .</font></B>  -Bhilai
<B><font color = 'blue'> .</font></B>  -Php
<B><font color = 'blue'> .</font></B>  -Absent
<B><font color = 'blue'> .</font></B>  -Absent
<B><font color = 'blue'> .</font></B>  -Absent
<B><font color = 'blue'> .</font></B>  -Absent
<B><font color = 'blue'> .</font></B>  -Absent
<B><font color = 'blue'> .</font></B>  -Absent
<B><font color = 'blue'> .</font></B>  -Absent
<B><font color = 'blue'> .</font></B>  -Absent
<B><font color = 'blue'> .</font></B>  -Absent
<B><font color = 'blue'> .</font></B>  -Absent
<B><font color = 'blue'> .</font></B>  -Absent
<B><font color = 'blue'> .</font></B>  -Guest User 
<B><font color = 'blue'> .</font></B>  -guestuser@gmail.com
<B><font color = 'blue'> .</font></B>  -GLB-777
<B><font color = 'blue'> .</font></B>  -2022-11-11
<B><font color = 'blue'> .</font></B>  -11-11-2022 13:15:52
<B><font color = 'blue'> .</font></B>  -12-11-2022 00:00:00
<B><font color = 'blue'> .</font></B>  -GLB-124-PC
<B><font color = 'blue'> .</font></B>  -Bhilai
<B><font color = 'blue'> .</font></B>  -Php
<B><font color = 'blue'> .</font></B>  -10:44:08
<B><font color = 'blue'> .</font></B>  -00:00:00
<B><font color = 'blue'> .</font></B>  -00:00:00
<B><font color = 'blue'> .</font></B>  -00:00:00
<B><font color = 'blue'> .</font></B>  -00:00:00
<B><font color = 'blue'> .</font></B>  -00:00:00
<B><font color = 'blue'> .</font></B>  -00:00:00
<B><font color = 'blue'> .</font></B>  -10:44:08
<B><font color = 'blue'> .</font></B>  -0.00%
<B><font color = 'blue'> .</font></B>  --480:00
<B><font color = 'blue'> .</font></B>  -0.00
<B><font color = 'blue'> .</font></B>  -Abhishek Test 
<B><font color = 'blue'> .</font></B>  -abhishektrest@glb.in
<B><font color = 'blue'> .</font></B>  -rN7tvEiDPGNi4fD
<B><font color = 'blue'> .</font></B>  -2022-11-11
<B><font color = 'blue'> .</font></B>  -11-11-2022 00:00:00
<B><font color = 'blue'> .</font></B>  -11-11-2022 13:06:04
<B><font color = 'blue'> .</font></B>  -GLB-124-PC
<B><font color = 'blue'> .</font></B>  -Bangalore
<B><font color = 'blue'> .</font></B>  -Php
<B><font color = 'blue'> .</font></B>  -13:06:04
<B><font color = 'blue'> .</font></B>  -00:00:00
<B><font color = 'blue'> .</font></B>  -00:00:00
<B><font color = 'blue'> .</font></B>  -00:00:00
<B><font color = 'blue'> .</font></B>  -00:00:00
<B><font color = 'blue'> .</font></B>  -00:00:00
<B><font color = 'blue'> .</font></B>  -00:00:00
<B><font color = 'blue'> .</font></B>  -13:06:04
<B><font color = 'blue'> .</font></B>  -0.00%
<B><font color = 'blue'> .</font></B>  --480:00
<B><font color = 'blue'> .</font></B>  -0.00
<B><font color = 'blue'> .</font></B>  -Virat kohli 
<B><font color = 'blue'> .</font></B>  -rahukbgdxgsf@gmail.com
<B><font color = 'blue'> .</font></B>  -65332
<B><font color = 'blue'> .</font></B>  -2022-11-11
<B><font color = 'blue'> .</font></B>  -Absent
<B><font color = 'blue'> .</font></B>  -Absent
<B><font color = 'blue'> .</font></B>  -undefined
<B><font color = 'blue'> .</font></B>  -Default
<B><font color = 'blue'> .</font></B>  -Default
<B><font color = 'blue'> .</font></B>  -Absent
<B><font color = 'blue'> .</font></B>  -Absent
<B><font color = 'blue'> .</font></B>  -Absent
<B><font color = 'blue'> .</font></B>  -Absent
<B><font color = 'blue'> .</font></B>  -Absent
<B><font color = 'blue'> .</font></B>  -Absent
<B><font color = 'blue'> .</font></B>  -Absent
<B><font color = 'blue'> .</font></B>  -Absent
<B><font color = 'blue'> .</font></B>  -Absent
<B><font color = 'blue'> .</font></B>  -Absent
<B><font color = 'blue'> .</font></B>  -Absent
<B><font color = 'blue'> .</font></B>  -sadas kadkasdj 
<B><font color = 'blue'> .</font></B>  -dsa@eqe
<B><font color = 'blue'> .</font></B>  -emp129666
<B><font color = 'blue'> .</font></B>  -2022-11-11
<B><font color = 'blue'> .</font></B>  -Absent
<B><font color = 'blue'> .</font></B>  -Absent
<B><font color = 'blue'> .</font></B>  -undefined
<B><font color = 'blue'> .</font></B>  -Default
<B><font color = 'blue'> .</font></B>  -Default
<B><font color = 'blue'> .</font></B>  -Absent
<B><font color = 'blue'> .</font></B>  -Absent
<B><font color = 'blue'> .</font></B>  -Absent
<B><font color = 'blue'> .</font></B>  -Absent
<B><font color = 'blue'> .</font></B>  -Absent
<B><font color = 'blue'> .</font></B>  -Absent
<B><font color = 'blue'> .</font></B>  -Absent
<B><font color = 'blue'> .</font></B>  -Absent
<B><font color = 'blue'> .</font></B>  -Absent
<B><font color = 'blue'> .</font></B>  -Absent
<B><font color = 'blue'> .</font></B>  -Absent
<B><font color = 'blue'> .</font></B>  -New Test 
<B><font color = 'blue'> .</font></B>  -newtest@gmail.com
<B><font color = 'blue'> .</font></B>  -ewer334443
<B><font color = 'blue'> .</font></B>  -2022-11-11
<B><font color = 'blue'> .</font></B>  -Absent
<B><font color = 'blue'> .</font></B>  -Absent
<B><font color = 'blue'> .</font></B>  -undefined
<B><font color = 'blue'> .</font></B>  -Default
<B><font color = 'blue'> .</font></B>  -Default
<B><font color = 'blue'> .</font></B>  -Absent
<B><font color = 'blue'> .</font></B>  -Absent
<B><font color = 'blue'> .</font></B>  -Absent
<B><font color = 'blue'> .</font></B>  -Absent
<B><font color = 'blue'> .</font></B>  -Absent
<B><font color = 'blue'> .</font></B>  -Absent
<B><font color = 'blue'> .</font></B>  -Absent
<B><font color = 'blue'> .</font></B>  -Absent
<B><font color = 'blue'> .</font></B>  -Absent
<B><font color = 'blue'> .</font></B>  -Absent
<B><font color = 'blue'> .</font></B>  -Absent
<B><font color = 'blue'> .</font></B>  -dshcdb uidsbf 
<B><font color = 'blue'> .</font></B>  -dvbvdb@yahoo.com
<B><font color = 'blue'> .</font></B>  -435454
<B><font color = 'blue'> .</font></B>  -2022-11-11
<B><font color = 'blue'> .</font></B>  -Absent
<B><font color = 'blue'> .</font></B>  -Absent
<B><font color = 'blue'> .</font></B>  -undefined
<B><font color = 'blue'> .</font></B>  -Default
<B><font color = 'blue'> .</font></B>  -Default
<B><font color = 'blue'> .</font></B>  -Absent
<B><font color = 'blue'> .</font></B>  -Absent
<B><font color = 'blue'> .</font></B>  -Absent
<B><font color = 'blue'> .</font></B>  -Absent
<B><font color = 'blue'> .</font></B>  -Absent
<B><font color = 'blue'> .</font></B>  -Absent
<B><font color = 'blue'> .</font></B>  -Absent
<B><font color = 'blue'> .</font></B>  -Absent
<B><font color = 'blue'> .</font></B>  -Absent
<B><font color = 'blue'> .</font></B>  -Absent
<B><font color = 'blue'> .</font></B>  -Absent
<B><font color = 'blue'> .</font></B>  -try last 
<B><font color = 'blue'> .</font></B>  -try@gmail.com
<B><font color = 'blue'> .</font></B>  -1225455
<B><font color = 'blue'> .</font></B>  -2022-11-11
<B><font color = 'blue'> .</font></B>  -Absent
<B><font color = 'blue'> .</font></B>  -Absent
<B><font color = 'blue'> .</font></B>  -undefined
<B><font color = 'blue'> .</font></B>  -Default
<B><font color = 'blue'> .</font></B>  -Default
<B><font color = 'blue'> .</font></B>  -Absent
<B><font color = 'blue'> .</font></B>  -Absent
<B><font color = 'blue'> .</font></B>  -Absent
<B><font color = 'blue'> .</font></B>  -Absent
<B><font color = 'blue'> .</font></B>  -Absent
<B><font color = 'blue'> .</font></B>  -Absent
<B><font color = 'blue'> .</font></B>  -Absent
<B><font color = 'blue'> .</font></B>  -Absent
<B><font color = 'blue'> .</font></B>  -Absent
<B><font color = 'blue'> .</font></B>  -Absent
<B><font color = 'blue'> .</font></B>  -Absent
<B><font color = 'blue'> .</font></B>  -vdjvdb yusvdvbbh 
<B><font color = 'blue'> .</font></B>  -dvhbfdh@gmail.com
<B><font color = 'blue'> .</font></B>  -wq534342
<B><font color = 'blue'> .</font></B>  -2022-11-11
<B><font color = 'blue'> .</font></B>  -Absent
<B><font color = 'blue'> .</font></B>  -Absent
<B><font color = 'blue'> .</font></B>  -undefined
<B><font color = 'blue'> .</font></B>  -Default
<B><font color = 'blue'> .</font></B>  -Default
<B><font color = 'blue'> .</font></B>  -Absent
<B><font color = 'blue'> .</font></B>  -Absent
<B><font color = 'blue'> .</font></B>  -Absent
<B><font color = 'blue'> .</font></B>  -Absent
<B><font color = 'blue'> .</font></B>  -Absent
<B><font color = 'blue'> .</font></B>  -Absent
<B><font color = 'blue'> .</font></B>  -Absent
<B><font color = 'blue'> .</font></B>  -Absent
<B><font color = 'blue'> .</font></B>  -Absent
<B><font color = 'blue'> .</font></B>  -Absent
<B><font color = 'blue'> .</font></B>  -Absent
<B><font color = 'blue'> .</font></B>  -Mail Test user 
<B><font color = 'blue'> .</font></B>  -maintest@user.io
<B><font color = 'blue'> .</font></B>  -GLB-1223888
<B><font color = 'blue'> .</font></B>  -2022-11-11
<B><font color = 'blue'> .</font></B>  -Absent
<B><font color = 'blue'> .</font></B>  -Absent
<B><font color = 'blue'> .</font></B>  -undefined
<B><font color = 'blue'> .</font></B>  -Default
<B><font color = 'blue'> .</font></B>  -Default
<B><font color = 'blue'> .</font></B>  -Absent
<B><font color = 'blue'> .</font></B>  -Absent
<B><font color = 'blue'> .</font></B>  -Absent
<B><font color = 'blue'> .</font></B>  -Absent
<B><font color = 'blue'> .</font></B>  -Absent
<B><font color = 'blue'> .</font></B>  -Absent
<B><font color = 'blue'> .</font></B>  -Absent
<B><font color = 'blue'> .</font></B>  -Absent
<B><font color = 'blue'> .</font></B>  -Absent
<B><font color = 'blue'> .</font></B>  -Absent
<B><font color = 'blue'> .</font></B>  -Absent
<B><font color = 'blue'> .</font></B>  -Update Check 
<B><font color = 'blue'> .</font></B>  -updates@gmail.com
<B><font color = 'blue'> .</font></B>  -emp543
<B><font color = 'blue'> .</font></B>  -2022-11-11
<B><font color = 'blue'> .</font></B>  -Absent
<B><font color = 'blue'> .</font></B>  -Absent
<B><font color = 'blue'> .</font></B>  -undefined
<B><font color = 'blue'> .</font></B>  -Default
<B><font color = 'blue'> .</font></B>  -Default
<B><font color = 'blue'> .</font></B>  -Absent
<B><font color = 'blue'> .</font></B>  -Absent
<B><font color = 'blue'> .</font></B>  -Absent
<B><font color = 'blue'> .</font></B>  -Absent
<B><font color = 'blue'> .</font></B>  -Absent
<B><font color = 'blue'> .</font></B>  -Absent
<B><font color = 'blue'> .</font></B>  -Absent
<B><font color = 'blue'> .</font></B>  -Absent
<B><font color = 'blue'> .</font></B>  -Absent
<B><font color = 'blue'> .</font></B>  -Absent
<B><font color = 'blue'> .</font></B>  -Absent
<B><font color = 'blue'> .</font></B>  -test manager 
<B><font color = 'blue'> .</font></B>  -manageremp@gmail.com
<B><font color = 'blue'> .</font></B>  -glb020
<B><font color = 'blue'> .</font></B>  -2022-11-11
<B><font color = 'blue'> .</font></B>  -Absent
<B><font color = 'blue'> .</font></B>  -Absent
<B><font color = 'blue'> .</font></B>  -undefined
<B><font color = 'blue'> .</font></B>  -Default
<B><font color = 'blue'> .</font></B>  -Default
<B><font color = 'blue'> .</font></B>  -Absent
<B><font color = 'blue'> .</font></B>  -Absent
<B><font color = 'blue'> .</font></B>  -Absent
<B><font color = 'blue'> .</font></B>  -Absent
<B><font color = 'blue'> .</font></B>  -Absent
<B><font color = 'blue'> .</font></B>  -Absent
<B><font color = 'blue'> .</font></B>  -Absent
<B><font color = 'blue'> .</font></B>  -Absent
<B><font color = 'blue'> .</font></B>  -Absent
<B><font color = 'blue'> .</font></B>  -Absent
<B><font color = 'blue'> .</font></B>  -Absent
<B><font color = 'blue'> .</font></B>  -DESKTOP-PJJHB19 - GLB-BLR-002OjUpRD2 
<B><font color = 'blue'> .</font></B>  --
<B><font color = 'blue'> .</font></B>  -GLB-BLR-002OjUpRD2
<B><font color = 'blue'> .</font></B>  -2022-11-11
<B><font color = 'blue'> .</font></B>  -Absent
<B><font color = 'blue'> .</font></B>  -Absent
<B><font color = 'blue'> .</font></B>  -undefined
<B><font color = 'blue'> .</font></B>  -Default
<B><font color = 'blue'> .</font></B>  -Default
<B><font color = 'blue'> .</font></B>  -Absent
<B><font color = 'blue'> .</font></B>  -Absent
<B><font color = 'blue'> .</font></B>  -Absent
<B><font color = 'blue'> .</font></B>  -Absent
<B><font color = 'blue'> .</font></B>  -Absent
<B><font color = 'blue'> .</font></B>  -Absent
<B><font color = 'blue'> .</font></B>  -Absent
<B><font color = 'blue'> .</font></B>  -Absent
<B><font color = 'blue'> .</font></B>  -Absent
<B><font color = 'blue'> .</font></B>  -Absent
<B><font color = 'blue'> .</font></B>  -Absent
<B><font color = 'blue'> .</font></B>  -Usb Test 
<B><font color = 'blue'> .</font></B>  -usbtest123@gmail.com
<B><font color = 'blue'> .</font></B>  -emp0097
<B><font color = 'blue'> .</font></B>  -2022-11-11
<B><font color = 'blue'> .</font></B>  -Absent
<B><font color = 'blue'> .</font></B>  -Absent
<B><font color = 'blue'> .</font></B>  -undefined
<B><font color = 'blue'> .</font></B>  -Default
<B><font color = 'blue'> .</font></B>  -Default
<B><font color = 'blue'> .</font></B>  -Absent
<B><font color = 'blue'> .</font></B>  -Absent
<B><font color = 'blue'> .</font></B>  -Absent
<B><font color = 'blue'> .</font></B>  -Absent
<B><font color = 'blue'> .</font></B>  -Absent
<B><font color = 'blue'> .</font></B>  -Absent
<B><font color = 'blue'> .</font></B>  -Absent
<B><font color = 'blue'> .</font></B>  -Absent
<B><font color = 'blue'> .</font></B>  -Absent
<B><font color = 'blue'> .</font></B>  -Absent
<B><font color = 'blue'> .</font></B>  -Absent
<B><font color = 'blue'> .</font></B>  -SS Keystrokes 
<B><font color = 'blue'> .</font></B>  -sskey@gmail.com
<B><font color = 'blue'> .</font></B>  -emp98y
<B><font color = 'blue'> .</font></B>  -2022-11-11
<B><font color = 'blue'> .</font></B>  -Absent
<B><font color = 'blue'> .</font></B>  -Absent
<B><font color = 'blue'> .</font></B>  -undefined
<B><font color = 'blue'> .</font></B>  -Default
<B><font color = 'blue'> .</font></B>  -Default
<B><font color = 'blue'> .</font></B>  -Absent
<B><font color = 'blue'> .</font></B>  -Absent
<B><font color = 'blue'> .</font></B>  -Absent
<B><font color = 'blue'> .</font></B>  -Absent
<B><font color = 'blue'> .</font></B>  -Absent
<B><font color = 'blue'> .</font></B>  -Absent
<B><font color = 'blue'> .</font></B>  -Absent
<B><font color = 'blue'> .</font></B>  -Absent
<B><font color = 'blue'> .</font></B>  -Absent
<B><font color = 'blue'> .</font></B>  -Absent
<B><font color = 'blue'> .</font></B>  -Absent
<B><font color = 'blue'> .</font></B>  -shivammmmmmmmmmmmmmmmmmmm Kumar 
<B><font color = 'blue'> .</font></B>  -kgfyash545@gmail.com
<B><font color = 'blue'> .</font></B>  -hsakhdjk414
<B><font color = 'blue'> .</font></B>  -2022-11-11
<B><font color = 'blue'> .</font></B>  -Absent
<B><font color = 'blue'> .</font></B>  -Absent
<B><font color = 'blue'> .</font></B>  -undefined
<B><font color = 'blue'> .</font></B>  -Default
<B><font color = 'blue'> .</font></B>  -Default
<B><font color = 'blue'> .</font></B>  -Absent
<B><font color = 'blue'> .</font></B>  -Absent
<B><font color = 'blue'> .</font></B>  -Absent
<B><font color = 'blue'> .</font></B>  -Absent
<B><font color = 'blue'> .</font></B>  -Absent
<B><font color = 'blue'> .</font></B>  -Absent
<B><font color = 'blue'> .</font></B>  -Absent
<B><font color = 'blue'> .</font></B>  -Absent
<B><font color = 'blue'> .</font></B>  -Absent
<B><font color = 'blue'> .</font></B>  -Absent
<B><font color = 'blue'> .</font></B>  -Absent
<B><font color = 'blue'> .</font></B>  -Abhishek Four tf test 
<B><font color = 'blue'> .</font></B>  -abhishekfourtf@mail.com
<B><font color = 'blue'> .</font></B>  -HLIKSJ98
<B><font color = 'blue'> .</font></B>  -2022-11-11
<B><font color = 'blue'> .</font></B>  -Absent
<B><font color = 'blue'> .</font></B>  -Absent
<B><font color = 'blue'> .</font></B>  -undefined
<B><font color = 'blue'> .</font></B>  -Default
<B><font color = 'blue'> .</font></B>  -Default
<B><font color = 'blue'> .</font></B>  -Absent
<B><font color = 'blue'> .</font></B>  -Absent
<B><font color = 'blue'> .</font></B>  -Absent
<B><font color = 'blue'> .</font></B>  -Absent
<B><font color = 'blue'> .</font></B>  -Absent
<B><font color = 'blue'> .</font></B>  -Absent
<B><font color = 'blue'> .</font></B>  -Absent
<B><font color = 'blue'> .</font></B>  -Absent
<B><font color = 'blue'> .</font></B>  -Absent
<B><font color = 'blue'> .</font></B>  -Absent
<B><font color = 'blue'> .</font></B>  -Absent
<B><font color = 'blue'> .</font></B>  -new dev user 
<B><font color = 'blue'> .</font></B>  -new@dev.user
<B><font color = 'blue'> .</font></B>  -fdfsfsd
<B><font color = 'blue'> .</font></B>  -2022-11-11
<B><font color = 'blue'> .</font></B>  -Absent
<B><font color = 'blue'> .</font></B>  -Absent
<B><font color = 'blue'> .</font></B>  -undefined
<B><font color = 'blue'> .</font></B>  -Default
<B><font color = 'blue'> .</font></B>  -Default
<B><font color = 'blue'> .</font></B>  -Absent
<B><font color = 'blue'> .</font></B>  -Absent
<B><font color = 'blue'> .</font></B>  -Absent
<B><font color = 'blue'> .</font></B>  -Absent
<B><font color = 'blue'> .</font></B>  -Absent
<B><font color = 'blue'> .</font></B>  -Absent
<B><font color = 'blue'> .</font></B>  -Absent
<B><font color = 'blue'> .</font></B>  -Absent
<B><font color = 'blue'> .</font></B>  -Absent
<B><font color = 'blue'> .</font></B>  -Absent
<B><font color = 'blue'> .</font></B>  -Absent
<B><font color = 'blue'> .</font></B>  -aaaaaaaaaa aaaaaaaaa 
<B><font color = 'blue'> .</font></B>  -mmmm@gmail.com
<B><font color = 'blue'> .</font></B>  -80765s
<B><font color = 'blue'> .</font></B>  -2022-11-11
<B><font color = 'blue'> .</font></B>  -Absent
<B><font color = 'blue'> .</font></B>  -Absent
<B><font color = 'blue'> .</font></B>  -undefined
<B><font color = 'blue'> .</font></B>  -Bangalore
<B><font color = 'blue'> .</font></B>  -Testing
<B><font color = 'blue'> .</font></B>  -Absent
<B><font color = 'blue'> .</font></B>  -Absent
<B><font color = 'blue'> .</font></B>  -Absent
<B><font color = 'blue'> .</font></B>  -Absent
<B><font color = 'blue'> .</font></B>  -Absent
<B><font color = 'blue'> .</font></B>  -Absent
<B><font color = 'blue'> .</font></B>  -Absent
<B><font color = 'blue'> .</font></B>  -Absent
<B><font color = 'blue'> .</font></B>  -Absent
<B><font color = 'blue'> .</font></B>  -Absent
<B><font color = 'blue'> .</font></B>  -Absent
<B><font color = 'blue'> .</font></B>  -sumesh test 
<B><font color = 'blue'> .</font></B>  -sumesh@mail.com
<B><font color = 'blue'> .</font></B>  -fdgfdgf
<B><font color = 'blue'> .</font></B>  -2022-11-11
<B><font color = 'blue'> .</font></B>  -Absent
<B><font color = 'blue'> .</font></B>  -Absent
<B><font color = 'blue'> .</font></B>  -undefined
<B><font color = 'blue'> .</font></B>  -Bangalore
<B><font color = 'blue'> .</font></B>  -Testing
<B><font color = 'blue'> .</font></B>  -Absent
<B><font color = 'blue'> .</font></B>  -Absent
<B><font color = 'blue'> .</font></B>  -Absent
<B><font color = 'blue'> .</font></B>  -Absent
<B><font color = 'blue'> .</font></B>  -Absent
<B><font color = 'blue'> .</font></B>  -Absent
<B><font color = 'blue'> .</font></B>  -Absent
<B><font color = 'blue'> .</font></B>  -Absent
<B><font color = 'blue'> .</font></B>  -Absent
<B><font color = 'blue'> .</font></B>  -Absent
<B><font color = 'blue'> .</font></B>  -Absent
<B><font color = 'blue'> .</font></B>  -Test msc 
<B><font color = 'blue'> .</font></B>  -test123@gmail.com
<B><font color = 'blue'> .</font></B>  -12254
<B><font color = 'blue'> .</font></B>  -2022-11-11
<B><font color = 'blue'> .</font></B>  -Absent
<B><font color = 'blue'> .</font></B>  -Absent
<B><font color = 'blue'> .</font></B>  -undefined
<B><font color = 'blue'> .</font></B>  -Bangalore
<B><font color = 'blue'> .</font></B>  -Testing
<B><font color = 'blue'> .</font></B>  -Absent
<B><font color = 'blue'> .</font></B>  -Absent
<B><font color = 'blue'> .</font></B>  -Absent
<B><font color = 'blue'> .</font></B>  -Absent
<B><font color = 'blue'> .</font></B>  -Absent
<B><font color = 'blue'> .</font></B>  -Absent
<B><font color = 'blue'> .</font></B>  -Absent
<B><font color = 'blue'> .</font></B>  -Absent
<B><font color = 'blue'> .</font></B>  -Absent
<B><font color = 'blue'> .</font></B>  -Absent
<B><font color = 'blue'> .</font></B>  -Absent
<B><font color = 'blue'> .</font></B>  -deffdfds vscsc 
<B><font color = 'blue'> .</font></B>  -cscsdw123@gmail.com
<B><font color = 'blue'> .</font></B>  -1234512
<B><font color = 'blue'> .</font></B>  -2022-11-11
<B><font color = 'blue'> .</font></B>  -Absent
<B><font color = 'blue'> .</font></B>  -Absent
<B><font color = 'blue'> .</font></B>  -undefined
<B><font color = 'blue'> .</font></B>  -Bangalore
<B><font color = 'blue'> .</font></B>  -Testing
<B><font color = 'blue'> .</font></B>  -Absent
<B><font color = 'blue'> .</font></B>  -Absent
<B><font color = 'blue'> .</font></B>  -Absent
<B><font color = 'blue'> .</font></B>  -Absent
<B><font color = 'blue'> .</font></B>  -Absent
<B><font color = 'blue'> .</font></B>  -Absent
<B><font color = 'blue'> .</font></B>  -Absent
<B><font color = 'blue'> .</font></B>  -Absent
<B><font color = 'blue'> .</font></B>  -Absent
<B><font color = 'blue'> .</font></B>  -Absent
<B><font color = 'blue'> .</font></B>  -Absent
<B><font color = 'blue'> .</font></B>  -test testtt 
<B><font color = 'blue'> .</font></B>  -abcd@gmail.com
<B><font color = 'blue'> .</font></B>  -GLB55
<B><font color = 'blue'> .</font></B>  -2022-11-11
<B><font color = 'blue'> .</font></B>  -Absent
<B><font color = 'blue'> .</font></B>  -Absent
<B><font color = 'blue'> .</font></B>  -undefined
<B><font color = 'blue'> .</font></B>  -Bangalore
<B><font color = 'blue'> .</font></B>  -Testing
<B><font color = 'blue'> .</font></B>  -Absent
<B><font color = 'blue'> .</font></B>  -Absent
<B><font color = 'blue'> .</font></B>  -Absent
<B><font color = 'blue'> .</font></B>  -Absent
<B><font color = 'blue'> .</font></B>  -Absent
<B><font color = 'blue'> .</font></B>  -Absent
<B><font color = 'blue'> .</font></B>  -Absent
<B><font color = 'blue'> .</font></B>  -Absent
<B><font color = 'blue'> .</font></B>  -Absent
<B><font color = 'blue'> .</font></B>  -Absent
<B><font color = 'blue'> .</font></B>  -Absent
<B><font color = 'blue'> .</font></B>  -Abhishe tt 
<B><font color = 'blue'> .</font></B>  -ab@ab.com
<B><font color = 'blue'> .</font></B>  -GKD567
<B><font color = 'blue'> .</font></B>  -2022-11-11
<B><font color = 'blue'> .</font></B>  -Absent
<B><font color = 'blue'> .</font></B>  -Absent
<B><font color = 'blue'> .</font></B>  -undefined
<B><font color = 'blue'> .</font></B>  -Bangalore
<B><font color = 'blue'> .</font></B>  -Testing
<B><font color = 'blue'> .</font></B>  -Absent
<B><font color = 'blue'> .</font></B>  -Absent
<B><font color = 'blue'> .</font></B>  -Absent
<B><font color = 'blue'> .</font></B>  -Absent
<B><font color = 'blue'> .</font></B>  -Absent
<B><font color = 'blue'> .</font></B>  -Absent
<B><font color = 'blue'> .</font></B>  -Absent
<B><font color = 'blue'> .</font></B>  -Absent
<B><font color = 'blue'> .</font></B>  -Absent
<B><font color = 'blue'> .</font></B>  -Absent
<B><font color = 'blue'> .</font></B>  -Absent
<B><font color = 'blue'> .</font></B>  -test nonadmin 
<B><font color = 'blue'> .</font></B>  -testnonadmin@gmail.com
<B><font color = 'blue'> .</font></B>  -GLB026
<B><font color = 'blue'> .</font></B>  -2022-11-11
<B><font color = 'blue'> .</font></B>  -Absent
<B><font color = 'blue'> .</font></B>  -Absent
<B><font color = 'blue'> .</font></B>  -undefined
<B><font color = 'blue'> .</font></B>  -Bangalore
<B><font color = 'blue'> .</font></B>  -Php
<B><font color = 'blue'> .</font></B>  -Absent
<B><font color = 'blue'> .</font></B>  -Absent
<B><font color = 'blue'> .</font></B>  -Absent
<B><font color = 'blue'> .</font></B>  -Absent
<B><font color = 'blue'> .</font></B>  -Absent
<B><font color = 'blue'> .</font></B>  -Absent
<B><font color = 'blue'> .</font></B>  -Absent
<B><font color = 'blue'> .</font></B>  -Absent
<B><font color = 'blue'> .</font></B>  -Absent
<B><font color = 'blue'> .</font></B>  -Absent
<B><font color = 'blue'> .</font></B>  -Absent
<B><font color = 'blue'> .</font></B>  -adg ckj 
<B><font color = 'blue'> .</font></B>  -adcs@1234
<B><font color = 'blue'> .</font></B>  -583
<B><font color = 'blue'> .</font></B>  -2022-11-11
<B><font color = 'blue'> .</font></B>  -Absent
<B><font color = 'blue'> .</font></B>  -Absent
<B><font color = 'blue'> .</font></B>  -undefined
<B><font color = 'blue'> .</font></B>  -Bangalore
<B><font color = 'blue'> .</font></B>  -Testing
<B><font color = 'blue'> .</font></B>  -Absent
<B><font color = 'blue'> .</font></B>  -Absent
<B><font color = 'blue'> .</font></B>  -Absent
<B><font color = 'blue'> .</font></B>  -Absent
<B><font color = 'blue'> .</font></B>  -Absent
<B><font color = 'blue'> .</font></B>  -Absent
<B><font color = 'blue'> .</font></B>  -Absent
<B><font color = 'blue'> .</font></B>  -Absent
<B><font color = 'blue'> .</font></B>  -Absent
<B><font color = 'blue'> .</font></B>  -Absent
<B><font color = 'blue'> .</font></B>  -Absent
<B><font color = 'blue'> .</font></B>  -dominic toretto 
<B><font color = 'blue'> .</font></B>  -dom.toretto737@gmail.com
<B><font color = 'blue'> .</font></B>  -EMP011
<B><font color = 'blue'> .</font></B>  -2022-11-11
<B><font color = 'blue'> .</font></B>  -Absent
<B><font color = 'blue'> .</font></B>  -Absent
<B><font color = 'blue'> .</font></B>  -undefined
<B><font color = 'blue'> .</font></B>  -Bangalore
<B><font color = 'blue'> .</font></B>  -Testing
<B><font color = 'blue'> .</font></B>  -Absent
<B><font color = 'blue'> .</font></B>  -Absent
<B><font color = 'blue'> .</font></B>  -Absent
<B><font color = 'blue'> .</font></B>  -Absent
<B><font color = 'blue'> .</font></B>  -Absent
<B><font color = 'blue'> .</font></B>  -Absent
<B><font color = 'blue'> .</font></B>  -Absent
<B><font color = 'blue'> .</font></B>  -Absent
<B><font color = 'blue'> .</font></B>  -Absent
<B><font color = 'blue'> .</font></B>  -Absent
<B><font color = 'blue'> .</font></B>  -Absent
<B><font color = 'blue'> .</font></B>  -Superior Test one 
<B><font color = 'blue'> .</font></B>  -superiorone@gmail.com
<B><font color = 'blue'> .</font></B>  -twoqw
<B><font color = 'blue'> .</font></B>  -2022-11-11
<B><font color = 'blue'> .</font></B>  -Absent
<B><font color = 'blue'> .</font></B>  -Absent
<B><font color = 'blue'> .</font></B>  -undefined
<B><font color = 'blue'> .</font></B>  -Bangalore
<B><font color = 'blue'> .</font></B>  -Testing
<B><font color = 'blue'> .</font></B>  -Absent
<B><font color = 'blue'> .</font></B>  -Absent
<B><font color = 'blue'> .</font></B>  -Absent
<B><font color = 'blue'> .</font></B>  -Absent
<B><font color = 'blue'> .</font></B>  -Absent
<B><font color = 'blue'> .</font></B>  -Absent
<B><font color = 'blue'> .</font></B>  -Absent
<B><font color = 'blue'> .</font></B>  -Absent
<B><font color = 'blue'> .</font></B>  -Absent
<B><font color = 'blue'> .</font></B>  -Absent
<B><font color = 'blue'> .</font></B>  -Absent
<B><font color = 'blue'> .</font></B>  -test testw 
<B><font color = 'blue'> .</font></B>  -test@mac.in
<B><font color = 'blue'> .</font></B>  -aaf123
<B><font color = 'blue'> .</font></B>  -2022-11-11
<B><font color = 'blue'> .</font></B>  -Absent
<B><font color = 'blue'> .</font></B>  -Absent
<B><font color = 'blue'> .</font></B>  -undefined
<B><font color = 'blue'> .</font></B>  -Bangalore
<B><font color = 'blue'> .</font></B>  -Php
<B><font color = 'blue'> .</font></B>  -Absent
<B><font color = 'blue'> .</font></B>  -Absent
<B><font color = 'blue'> .</font></B>  -Absent
<B><font color = 'blue'> .</font></B>  -Absent
<B><font color = 'blue'> .</font></B>  -Absent
<B><font color = 'blue'> .</font></B>  -Absent
<B><font color = 'blue'> .</font></B>  -Absent
<B><font color = 'blue'> .</font></B>  -Absent
<B><font color = 'blue'> .</font></B>  -Absent
<B><font color = 'blue'> .</font></B>  -Absent
<B><font color = 'blue'> .</font></B>  -Absent
<B><font color = 'blue'> .</font></B>  -sam eer 
<B><font color = 'blue'> .</font></B>  -sam@rf.in
<B><font color = 'blue'> .</font></B>  -WSAERT2Q34E
<B><font color = 'blue'> .</font></B>  -2022-11-11
<B><font color = 'blue'> .</font></B>  -Absent
<B><font color = 'blue'> .</font></B>  -Absent
<B><font color = 'blue'> .</font></B>  -undefined
<B><font color = 'blue'> .</font></B>  -Bangalore
<B><font color = 'blue'> .</font></B>  -Testing
<B><font color = 'blue'> .</font></B>  -Absent
<B><font color = 'blue'> .</font></B>  -Absent
<B><font color = 'blue'> .</font></B>  -Absent
<B><font color = 'blue'> .</font></B>  -Absent
<B><font color = 'blue'> .</font></B>  -Absent
<B><font color = 'blue'> .</font></B>  -Absent
<B><font color = 'blue'> .</font></B>  -Absent
<B><font color = 'blue'> .</font></B>  -Absent
<B><font color = 'blue'> .</font></B>  -Absent
<B><font color = 'blue'> .</font></B>  -Absent
<B><font color = 'blue'> .</font></B>  -Absent
<B><font color = 'blue'> .</font></B>  -Test test 
<B><font color = 'blue'> .</font></B>  -sarikajain@gmail.com
<B><font color = 'blue'> .</font></B>  -E-101
<B><font color = 'blue'> .</font></B>  -2022-11-11
<B><font color = 'blue'> .</font></B>  -Absent
<B><font color = 'blue'> .</font></B>  -Absent
<B><font color = 'blue'> .</font></B>  -undefined
<B><font color = 'blue'> .</font></B>  -Bangalore
<B><font color = 'blue'> .</font></B>  -Testing
<B><font color = 'blue'> .</font></B>  -Absent
<B><font color = 'blue'> .</font></B>  -Absent
<B><font color = 'blue'> .</font></B>  -Absent
<B><font color = 'blue'> .</font></B>  -Absent
<B><font color = 'blue'> .</font></B>  -Absent
<B><font color = 'blue'> .</font></B>  -Absent
<B><font color = 'blue'> .</font></B>  -Absent
<B><font color = 'blue'> .</font></B>  -Absent
<B><font color = 'blue'> .</font></B>  -Absent
<B><font color = 'blue'> .</font></B>  -Absent
<B><font color = 'blue'> .</font></B>  -Absent
<B><font color = 'blue'> .</font></B>  -sithu kalluru 
<B><font color = 'blue'> .</font></B>  -sitaramireddy@globussoft.in
<B><font color = 'blue'> .</font></B>  -code12
<B><font color = 'blue'> .</font></B>  -2022-11-11
<B><font color = 'blue'> .</font></B>  -Absent
<B><font color = 'blue'> .</font></B>  -Absent
<B><font color = 'blue'> .</font></B>  -undefined
<B><font color = 'blue'> .</font></B>  -Bangalore
<B><font color = 'blue'> .</font></B>  -Testing
<B><font color = 'blue'> .</font></B>  -Absent
<B><font color = 'blue'> .</font></B>  -Absent
<B><font color = 'blue'> .</font></B>  -Absent
<B><font color = 'blue'> .</font></B>  -Absent
<B><font color = 'blue'> .</font></B>  -Absent
<B><font color = 'blue'> .</font></B>  -Absent
<B><font color = 'blue'> .</font></B>  -Absent
<B><font color = 'blue'> .</font></B>  -Absent
<B><font color = 'blue'> .</font></B>  -Absent
<B><font color = 'blue'> .</font></B>  -Absent
<B><font color = 'blue'> .</font></B>  -Absent
<B><font color = 'blue'> .</font></B>  -test123 abcd 
<B><font color = 'blue'> .</font></B>  -s@gmail.com
<B><font color = 'blue'> .</font></B>  -code123z
<B><font color = 'blue'> .</font></B>  -2022-11-11
<B><font color = 'blue'> .</font></B>  -Absent
<B><font color = 'blue'> .</font></B>  -Absent
<B><font color = 'blue'> .</font></B>  -undefined
<B><font color = 'blue'> .</font></B>  -Bangalore
<B><font color = 'blue'> .</font></B>  -Testing
<B><font color = 'blue'> .</font></B>  -Absent
<B><font color = 'blue'> .</font></B>  -Absent
<B><font color = 'blue'> .</font></B>  -Absent
<B><font color = 'blue'> .</font></B>  -Absent
<B><font color = 'blue'> .</font></B>  -Absent
<B><font color = 'blue'> .</font></B>  -Absent
<B><font color = 'blue'> .</font></B>  -Absent
<B><font color = 'blue'> .</font></B>  -Absent
<B><font color = 'blue'> .</font></B>  -Absent
<B><font color = 'blue'> .</font></B>  -Absent
<B><font color = 'blue'> .</font></B>  -Absent
<B><font color = 'blue'> .</font></B>  -testing test 
<B><font color = 'blue'> .</font></B>  -aarshajoyson1601@gmail.com
<B><font color = 'blue'> .</font></B>  -glb0008
<B><font color = 'blue'> .</font></B>  -2022-11-11
<B><font color = 'blue'> .</font></B>  -Absent
<B><font color = 'blue'> .</font></B>  -Absent
<B><font color = 'blue'> .</font></B>  -undefined
<B><font color = 'blue'> .</font></B>  -Bangalore
<B><font color = 'blue'> .</font></B>  -Php
<B><font color = 'blue'> .</font></B>  -Absent
<B><font color = 'blue'> .</font></B>  -Absent
<B><font color = 'blue'> .</font></B>  -Absent
<B><font color = 'blue'> .</font></B>  -Absent
<B><font color = 'blue'> .</font></B>  -Absent
<B><font color = 'blue'> .</font></B>  -Absent
<B><font color = 'blue'> .</font></B>  -Absent
<B><font color = 'blue'> .</font></B>  -Absent
<B><font color = 'blue'> .</font></B>  -Absent
<B><font color = 'blue'> .</font></B>  -Absent
<B><font color = 'blue'> .</font></B>  -Absent
<B><font color = 'blue'> .</font></B>  -Automation CodeeeAuto 
<B><font color = 'blue'> .</font></B>  -skabcdef7@gmail.com
<B><font color = 'blue'> .</font></B>  -Emp-Abzcde-1234522
<B><font color = 'blue'> .</font></B>  -2022-11-11
<B><font color = 'blue'> .</font></B>  -Absent
<B><font color = 'blue'> .</font></B>  -Absent
<B><font color = 'blue'> .</font></B>  -undefined
<B><font color = 'blue'> .</font></B>  -Bangalore
<B><font color = 'blue'> .</font></B>  -Testing
<B><font color = 'blue'> .</font></B>  -Absent
<B><font color = 'blue'> .</font></B>  -Absent
<B><font color = 'blue'> .</font></B>  -Absent
<B><font color = 'blue'> .</font></B>  -Absent
<B><font color = 'blue'> .</font></B>  -Absent
<B><font color = 'blue'> .</font></B>  -Absent
<B><font color = 'blue'> .</font></B>  -Absent
<B><font color = 'blue'> .</font></B>  -Absent
<B><font color = 'blue'> .</font></B>  -Absent
<B><font color = 'blue'> .</font></B>  -Absent
<B><font color = 'blue'> .</font></B>  -Absent
<B><font color = 'blue'> .</font></B>  -piyush dfgsfg 
<B><font color = 'blue'> .</font></B>  -jos@gmail.com
<B><font color = 'blue'> .</font></B>  -sdgff
<B><font color = 'blue'> .</font></B>  -2022-11-11
<B><font color = 'blue'> .</font></B>  -Absent
<B><font color = 'blue'> .</font></B>  -Absent
<B><font color = 'blue'> .</font></B>  -undefined
<B><font color = 'blue'> .</font></B>  -Bangalore
<B><font color = 'blue'> .</font></B>  -Testing
<B><font color = 'blue'> .</font></B>  -Absent
<B><font color = 'blue'> .</font></B>  -Absent
<B><font color = 'blue'> .</font></B>  -Absent
<B><font color = 'blue'> .</font></B>  -Absent
<B><font color = 'blue'> .</font></B>  -Absent
<B><font color = 'blue'> .</font></B>  -Absent
<B><font color = 'blue'> .</font></B>  -Absent
<B><font color = 'blue'> .</font></B>  -Absent
<B><font color = 'blue'> .</font></B>  -Absent
<B><font color = 'blue'> .</font></B>  -Absent
<B><font color = 'blue'> .</font></B>  -Absent
<B><font color = 'blue'> .</font></B>  -Aryan raj 
<B><font color = 'blue'> .</font></B>  -alex@gmail.com
<B><font color = 'blue'> .</font></B>  -126
<B><font color = 'blue'> .</font></B>  -2022-11-11
<B><font color = 'blue'> .</font></B>  -Absent
<B><font color = 'blue'> .</font></B>  -Absent
<B><font color = 'blue'> .</font></B>  -undefined
<B><font color = 'blue'> .</font></B>  -Bangalore
<B><font color = 'blue'> .</font></B>  -Testing
<B><font color = 'blue'> .</font></B>  -Absent
<B><font color = 'blue'> .</font></B>  -Absent
<B><font color = 'blue'> .</font></B>  -Absent
<B><font color = 'blue'> .</font></B>  -Absent
<B><font color = 'blue'> .</font></B>  -Absent
<B><font color = 'blue'> .</font></B>  -Absent
<B><font color = 'blue'> .</font></B>  -Absent
<B><font color = 'blue'> .</font></B>  -Absent
<B><font color = 'blue'> .</font></B>  -Absent
<B><font color = 'blue'> .</font></B>  -Absent
<B><font color = 'blue'> .</font></B>  -Absent
<B><font color = 'blue'> .</font></B>  -Automation CodeeeAuto 
<B><font color = 'blue'> .</font></B>  -skabcdef38@gmail.com
<B><font color = 'blue'> .</font></B>  -Emp-Abzcde-123457
<B><font color = 'blue'> .</font></B>  -2022-11-11
<B><font color = 'blue'> .</font></B>  -Absent
<B><font color = 'blue'> .</font></B>  -Absent
<B><font color = 'blue'> .</font></B>  -undefined
<B><font color = 'blue'> .</font></B>  -Bangalore
<B><font color = 'blue'> .</font></B>  -Testing
<B><font color = 'blue'> .</font></B>  -Absent
<B><font color = 'blue'> .</font></B>  -Absent
<B><font color = 'blue'> .</font></B>  -Absent
<B><font color = 'blue'> .</font></B>  -Absent
<B><font color = 'blue'> .</font></B>  -Absent
<B><font color = 'blue'> .</font></B>  -Absent
<B><font color = 'blue'> .</font></B>  -Absent
<B><font color = 'blue'> .</font></B>  -Absent
<B><font color = 'blue'> .</font></B>  -Absent
<B><font color = 'blue'> .</font></B>  -Absent
<B><font color = 'blue'> .</font></B>  -Absent
<B><font color = 'blue'> .</font></B>  -Automation CodeeeAuto 
<B><font color = 'blue'> .</font></B>  -skabcdef33@gmail.com
<B><font color = 'blue'> .</font></B>  -Emp-Abzcde-1234557
<B><font color = 'blue'> .</font></B>  -2022-11-11
<B><font color = 'blue'> .</font></B>  -Absent
<B><font color = 'blue'> .</font></B>  -Absent
<B><font color = 'blue'> .</font></B>  -undefined
<B><font color = 'blue'> .</font></B>  -Bangalore
<B><font color = 'blue'> .</font></B>  -Testing
<B><font color = 'blue'> .</font></B>  -Absent
<B><font color = 'blue'> .</font></B>  -Absent
<B><font color = 'blue'> .</font></B>  -Absent
<B><font color = 'blue'> .</font></B>  -Absent
<B><font color = 'blue'> .</font></B>  -Absent
<B><font color = 'blue'> .</font></B>  -Absent
<B><font color = 'blue'> .</font></B>  -Absent
<B><font color = 'blue'> .</font></B>  -Absent
<B><font color = 'blue'> .</font></B>  -Absent
<B><font color = 'blue'> .</font></B>  -Absent
<B><font color = 'blue'> .</font></B>  -Absent
<B><font color = 'blue'> .</font></B>  -D Surya Prabhakar 
<B><font color = 'blue'> .</font></B>  -surya1@gmail.com
<B><font color = 'blue'> .</font></B>  -EM010
<B><font color = 'blue'> .</font></B>  -2022-11-11
<B><font color = 'blue'> .</font></B>  -Absent
<B><font color = 'blue'> .</font></B>  -Absent
<B><font color = 'blue'> .</font></B>  -undefined
<B><font color = 'blue'> .</font></B>  -bengaluru
<B><font color = 'blue'> .</font></B>  -Testing
<B><font color = 'blue'> .</font></B>  -Absent
<B><font color = 'blue'> .</font></B>  -Absent
<B><font color = 'blue'> .</font></B>  -Absent
<B><font color = 'blue'> .</font></B>  -Absent
<B><font color = 'blue'> .</font></B>  -Absent
<B><font color = 'blue'> .</font></B>  -Absent
<B><font color = 'blue'> .</font></B>  -Absent
<B><font color = 'blue'> .</font></B>  -Absent
<B><font color = 'blue'> .</font></B>  -Absent
<B><font color = 'blue'> .</font></B>  -Absent
<B><font color = 'blue'> .</font></B>  -Absent
<B><font color = 'blue'> .</font></B>  -R o       hit Sharma 
<B><font color = 'blue'> .</font></B>  -rahulrajt5613928@gmail.com
<B><font color = 'blue'> .</font></B>  -67645
<B><font color = 'blue'> .</font></B>  -2022-11-11
<B><font color = 'blue'> .</font></B>  -Absent
<B><font color = 'blue'> .</font></B>  -Absent
<B><font color = 'blue'> .</font></B>  -undefined
<B><font color = 'blue'> .</font></B>  -bengaluru
<B><font color = 'blue'> .</font></B>  -Testing
<B><font color = 'blue'> .</font></B>  -Absent
<B><font color = 'blue'> .</font></B>  -Absent
<B><font color = 'blue'> .</font></B>  -Absent
<B><font color = 'blue'> .</font></B>  -Absent
<B><font color = 'blue'> .</font></B>  -Absent
<B><font color = 'blue'> .</font></B>  -Absent
<B><font color = 'blue'> .</font></B>  -Absent
<B><font color = 'blue'> .</font></B>  -Absent
<B><font color = 'blue'> .</font></B>  -Absent
<B><font color = 'blue'> .</font></B>  -Absent
<B><font color = 'blue'> .</font></B>  -Absent
<B><font color = 'blue'> .</font></B>  -ni test 
<B><font color = 'blue'> .</font></B>  -nitest12@gmail.com
<B><font color = 'blue'> .</font></B>  -GLB678
<B><font color = 'blue'> .</font></B>  -2022-11-11
<B><font color = 'blue'> .</font></B>  -Absent
<B><font color = 'blue'> .</font></B>  -Absent
<B><font color = 'blue'> .</font></B>  -undefined
<B><font color = 'blue'> .</font></B>  -bengaluru
<B><font color = 'blue'> .</font></B>  -Testing
<B><font color = 'blue'> .</font></B>  -Absent
<B><font color = 'blue'> .</font></B>  -Absent
<B><font color = 'blue'> .</font></B>  -Absent
<B><font color = 'blue'> .</font></B>  -Absent
<B><font color = 'blue'> .</font></B>  -Absent
<B><font color = 'blue'> .</font></B>  -Absent
<B><font color = 'blue'> .</font></B>  -Absent
<B><font color = 'blue'> .</font></B>  -Absent
<B><font color = 'blue'> .</font></B>  -Absent
<B><font color = 'blue'> .</font></B>  -Absent
<B><font color = 'blue'> .</font></B>  -Absent
<B><font color = 'blue'> .</font></B>  -one test 
<B><font color = 'blue'> .</font></B>  -testone1234@gmail.com
<B><font color = 'blue'> .</font></B>  -0110
<B><font color = 'blue'> .</font></B>  -2022-11-11
<B><font color = 'blue'> .</font></B>  -Absent
<B><font color = 'blue'> .</font></B>  -Absent
<B><font color = 'blue'> .</font></B>  -undefined
<B><font color = 'blue'> .</font></B>  -bengaluru
<B><font color = 'blue'> .</font></B>  -Testing
<B><font color = 'blue'> .</font></B>  -Absent
<B><font color = 'blue'> .</font></B>  -Absent
<B><font color = 'blue'> .</font></B>  -Absent
<B><font color = 'blue'> .</font></B>  -Absent
<B><font color = 'blue'> .</font></B>  -Absent
<B><font color = 'blue'> .</font></B>  -Absent
<B><font color = 'blue'> .</font></B>  -Absent
<B><font color = 'blue'> .</font></B>  -Absent
<B><font color = 'blue'> .</font></B>  -Absent
<B><font color = 'blue'> .</font></B>  -Absent
<B><font color = 'blue'> .</font></B>  -Absent
<B><font color = 'blue'> .</font></B>  -GLB-BLR-010-PC - GLB-BLR-010 
<B><font color = 'blue'> .</font></B>  -abcd@yuksdgus
<B><font color = 'blue'> .</font></B>  -GLB-BLR-010
<B><font color = 'blue'> .</font></B>  -2022-11-11
<B><font color = 'blue'> .</font></B>  -Absent
<B><font color = 'blue'> .</font></B>  -Absent
<B><font color = 'blue'> .</font></B>  -undefined
<B><font color = 'blue'> .</font></B>  -bengaluru
<B><font color = 'blue'> .</font></B>  -Testing
<B><font color = 'blue'> .</font></B>  -Absent
<B><font color = 'blue'> .</font></B>  -Absent
<B><font color = 'blue'> .</font></B>  -Absent
<B><font color = 'blue'> .</font></B>  -Absent
<B><font color = 'blue'> .</font></B>  -Absent
<B><font color = 'blue'> .</font></B>  -Absent
<B><font color = 'blue'> .</font></B>  -Absent
<B><font color = 'blue'> .</font></B>  -Absent
<B><font color = 'blue'> .</font></B>  -Absent
<B><font color = 'blue'> .</font></B>  -Absent
<B><font color = 'blue'> .</font></B>  -Absent
<B><font color = 'blue'> .</font></B>  -surya kk 
<B><font color = 'blue'> .</font></B>  -123@gmail.com
<B><font color = 'blue'> .</font></B>  -mmmmm
<B><font color = 'blue'> .</font></B>  -2022-11-11
<B><font color = 'blue'> .</font></B>  -Absent
<B><font color = 'blue'> .</font></B>  -Absent
<B><font color = 'blue'> .</font></B>  -undefined
<B><font color = 'blue'> .</font></B>  -Tamilnadu
<B><font color = 'blue'> .</font></B>  -Test and Dev
<B><font color = 'blue'> .</font></B>  -Absent
<B><font color = 'blue'> .</font></B>  -Absent
<B><font color = 'blue'> .</font></B>  -Absent
<B><font color = 'blue'> .</font></B>  -Absent
<B><font color = 'blue'> .</font></B>  -Absent
<B><font color = 'blue'> .</font></B>  -Absent
<B><font color = 'blue'> .</font></B>  -Absent
<B><font color = 'blue'> .</font></B>  -Absent
<B><font color = 'blue'> .</font></B>  -Absent
<B><font color = 'blue'> .</font></B>  -Absent
<B><font color = 'blue'> .</font></B>  -Absent
<B><font color = 'blue'> .</font></B>  -sai kk 
<B><font color = 'blue'> .</font></B>  -saikk19876@gmail.com
<B><font color = 'blue'> .</font></B>  -20221019
<B><font color = 'blue'> .</font></B>  -2022-11-11
<B><font color = 'blue'> .</font></B>  -Absent
<B><font color = 'blue'> .</font></B>  -Absent
<B><font color = 'blue'> .</font></B>  -undefined
<B><font color = 'blue'> .</font></B>  -Tamilnadu
<B><font color = 'blue'> .</font></B>  -Test and Dev
<B><font color = 'blue'> .</font></B>  -Absent
<B><font color = 'blue'> .</font></B>  -Absent
<B><font color = 'blue'> .</font></B>  -Absent
<B><font color = 'blue'> .</font></B>  -Absent
<B><font color = 'blue'> .</font></B>  -Absent
<B><font color = 'blue'> .</font></B>  -Absent
<B><font color = 'blue'> .</font></B>  -Absent
<B><font color = 'blue'> .</font></B>  -Absent
<B><font color = 'blue'> .</font></B>  -Absent
<B><font color = 'blue'> .</font></B>  -Absent
<B><font color = 'blue'> .</font></B>  -Absent
<B><font color = 'blue'> .</font></B>  -ajeethemp test 
<B><font color = 'blue'> .</font></B>  -ajeethemp@gmail.com
<B><font color = 'blue'> .</font></B>  -A01
<B><font color = 'blue'> .</font></B>  -2022-11-11
<B><font color = 'blue'> .</font></B>  -Absent
<B><font color = 'blue'> .</font></B>  -Absent
<B><font color = 'blue'> .</font></B>  -undefined
<B><font color = 'blue'> .</font></B>  -Tamilnadu
<B><font color = 'blue'> .</font></B>  -Test and Dev
<B><font color = 'blue'> .</font></B>  -Absent
<B><font color = 'blue'> .</font></B>  -Absent
<B><font color = 'blue'> .</font></B>  -Absent
<B><font color = 'blue'> .</font></B>  -Absent
<B><font color = 'blue'> .</font></B>  -Absent
<B><font color = 'blue'> .</font></B>  -Absent
<B><font color = 'blue'> .</font></B>  -Absent
<B><font color = 'blue'> .</font></B>  -Absent
<B><font color = 'blue'> .</font></B>  -Absent
<B><font color = 'blue'> .</font></B>  -Absent
<B><font color = 'blue'> .</font></B>  -Absent
<B><font color = 'blue'> .</font></B>  -test user two 
<B><font color = 'blue'> .</font></B>  -testuser@two.io
<B><font color = 'blue'> .</font></B>  -GSLL-327
<B><font color = 'blue'> .</font></B>  -2022-11-11
<B><font color = 'blue'> .</font></B>  -Absent
<B><font color = 'blue'> .</font></B>  -Absent
<B><font color = 'blue'> .</font></B>  -undefined
<B><font color = 'blue'> .</font></B>  -Tamilnadu
<B><font color = 'blue'> .</font></B>  -Test and Dev
<B><font color = 'blue'> .</font></B>  -Absent
<B><font color = 'blue'> .</font></B>  -Absent
<B><font color = 'blue'> .</font></B>  -Absent
<B><font color = 'blue'> .</font></B>  -Absent
<B><font color = 'blue'> .</font></B>  -Absent
<B><font color = 'blue'> .</font></B>  -Absent
<B><font color = 'blue'> .</font></B>  -Absent
<B><font color = 'blue'> .</font></B>  -Absent
<B><font color = 'blue'> .</font></B>  -Absent
<B><font color = 'blue'> .</font></B>  -Absent
<B><font color = 'blue'> .</font></B>  -Absent
<B><font color = 'blue'> .</font></B>  -Himanshu Kumar 
<B><font color = 'blue'> .</font></B>  -himanshu1@gmail.com
<B><font color = 'blue'> .</font></B>  -EM011
<B><font color = 'blue'> .</font></B>  -2022-11-11
<B><font color = 'blue'> .</font></B>  -Absent
<B><font color = 'blue'> .</font></B>  -Absent
<B><font color = 'blue'> .</font></B>  -undefined
<B><font color = 'blue'> .</font></B>  -bagalkot
<B><font color = 'blue'> .</font></B>  -manual testing
<B><font color = 'blue'> .</font></B>  -Absent
<B><font color = 'blue'> .</font></B>  -Absent
<B><font color = 'blue'> .</font></B>  -Absent
<B><font color = 'blue'> .</font></B>  -Absent
<B><font color = 'blue'> .</font></B>  -Absent
<B><font color = 'blue'> .</font></B>  -Absent
<B><font color = 'blue'> .</font></B>  -Absent
<B><font color = 'blue'> .</font></B>  -Absent
<B><font color = 'blue'> .</font></B>  -Absent
<B><font color = 'blue'> .</font></B>  -Absent
<B><font color = 'blue'> .</font></B>  -Absent
<B><font color = 'blue'> .</font></B>  -dxgfdxg gssdg 
<B><font color = 'blue'> .</font></B>  -sdgsg@dgksodkg.in
<B><font color = 'blue'> .</font></B>  -asfda343443
<B><font color = 'blue'> .</font></B>  -2022-11-11
<B><font color = 'blue'> .</font></B>  -Absent
<B><font color = 'blue'> .</font></B>  -Absent
<B><font color = 'blue'> .</font></B>  -undefined
<B><font color = 'blue'> .</font></B>  -Bhilai
<B><font color = 'blue'> .</font></B>  -Php
<B><font color = 'blue'> .</font></B>  -Absent
<B><font color = 'blue'> .</font></B>  -Absent
<B><font color = 'blue'> .</font></B>  -Absent
<B><font color = 'blue'> .</font></B>  -Absent
<B><font color = 'blue'> .</font></B>  -Absent
<B><font color = 'blue'> .</font></B>  -Absent
<B><font color = 'blue'> .</font></B>  -Absent
<B><font color = 'blue'> .</font></B>  -Absent
<B><font color = 'blue'> .</font></B>  -Absent
<B><font color = 'blue'> .</font></B>  -Absent
<B><font color = 'blue'> .</font></B>  -Absent
<B><font color = 'blue'> .</font></B>  -try last 
<B><font color = 'blue'> .</font></B>  -try@gmail.com
<B><font color = 'blue'> .</font></B>  -1225455
<B><font color = 'blue'> .</font></B>  -2022-11-10
<B><font color = 'blue'> .</font></B>  -10-11-2022 00:00:00
<B><font color = 'blue'> .</font></B>  -10-11-2022 00:01:50
<B><font color = 'blue'> .</font></B>  -GLB-124-PC
<B><font color = 'blue'> .</font></B>  -Default
<B><font color = 'blue'> .</font></B>  -Default
<B><font color = 'blue'> .</font></B>  -00:01:50
<B><font color = 'blue'> .</font></B>  -00:00:00
<B><font color = 'blue'> .</font></B>  -00:00:00
<B><font color = 'blue'> .</font></B>  -00:00:00
<B><font color = 'blue'> .</font></B>  -00:00:00
<B><font color = 'blue'> .</font></B>  -00:00:00
<B><font color = 'blue'> .</font></B>  -00:00:00
<B><font color = 'blue'> .</font></B>  -00:01:50
<B><font color = 'blue'> .</font></B>  -0.00%
<B><font color = 'blue'> .</font></B>  --480:00
<B><font color = 'blue'> .</font></B>  -0.00
<B><font color = 'blue'> .</font></B>  -Himanshu Kumar 
<B><font color = 'blue'> .</font></B>  -himanshu1@gmail.com
<B><font color = 'blue'> .</font></B>  -EM011
<B><font color = 'blue'> .</font></B>  -2022-11-10
<B><font color = 'blue'> .</font></B>  -10-11-2022 00:02:47
<B><font color = 'blue'> .</font></B>  -10-11-2022 00:05:47
<B><font color = 'blue'> .</font></B>  -GLB-181
<B><font color = 'blue'> .</font></B>  -bagalkot
<B><font color = 'blue'> .</font></B>  -manual testing
<B><font color = 'blue'> .</font></B>  -00:03:00
<B><font color = 'blue'> .</font></B>  -00:00:00
<B><font color = 'blue'> .</font></B>  -00:00:00
<B><font color = 'blue'> .</font></B>  -00:00:00
<B><font color = 'blue'> .</font></B>  -00:00:00
<B><font color = 'blue'> .</font></B>  -00:00:00
<B><font color = 'blue'> .</font></B>  -00:00:00
<B><font color = 'blue'> .</font></B>  -00:03:00
<B><font color = 'blue'> .</font></B>  -0.00%
<B><font color = 'blue'> .</font></B>  --480:00
<B><font color = 'blue'> .</font></B>  -0.00
<B><font color = 'blue'> .</font></B>  -D Surya Prabhakar 
<B><font color = 'blue'> .</font></B>  -surya1@gmail.com
<B><font color = 'blue'> .</font></B>  -EM010
<B><font color = 'blue'> .</font></B>  -2022-11-10
<B><font color = 'blue'> .</font></B>  -10-11-2022 00:01:45
<B><font color = 'blue'> .</font></B>  -10-11-2022 00:04:45
<B><font color = 'blue'> .</font></B>  -GLB-110-PC
<B><font color = 'blue'> .</font></B>  -bengaluru
<B><font color = 'blue'> .</font></B>  -Testing
<B><font color = 'blue'> .</font></B>  -00:03:00
<B><font color = 'blue'> .</font></B>  -00:00:00
<B><font color = 'blue'> .</font></B>  -00:00:00
<B><font color = 'blue'> .</font></B>  -00:00:00
<B><font color = 'blue'> .</font></B>  -00:00:00
<B><font color = 'blue'> .</font></B>  -00:00:00
<B><font color = 'blue'> .</font></B>  -00:00:00
<B><font color = 'blue'> .</font></B>  -00:03:00
<B><font color = 'blue'> .</font></B>  -0.00%
<B><font color = 'blue'> .</font></B>  --480:00
<B><font color = 'blue'> .</font></B>  -0.00
<B><font color = 'blue'> .</font></B>  -Abhishek Test 
<B><font color = 'blue'> .</font></B>  -abhishektrest@glb.in
<B><font color = 'blue'> .</font></B>  -rN7tvEiDPGNi4fD
<B><font color = 'blue'> .</font></B>  -2022-11-10
<B><font color = 'blue'> .</font></B>  -10-11-2022 13:00:52
<B><font color = 'blue'> .</font></B>  -11-11-2022 00:00:00
<B><font color = 'blue'> .</font></B>  -GLB-124-PC
<B><font color = 'blue'> .</font></B>  -Bangalore
<B><font color = 'blue'> .</font></B>  -Php
<B><font color = 'blue'> .</font></B>  -10:59:08
<B><font color = 'blue'> .</font></B>  -00:00:00
<B><font color = 'blue'> .</font></B>  -00:00:00
<B><font color = 'blue'> .</font></B>  -00:00:00
<B><font color = 'blue'> .</font></B>  -00:00:00
<B><font color = 'blue'> .</font></B>  -00:00:00
<B><font color = 'blue'> .</font></B>  -00:00:00
<B><font color = 'blue'> .</font></B>  -10:59:08
<B><font color = 'blue'> .</font></B>  -0.00%
<B><font color = 'blue'> .</font></B>  --480:00
<B><font color = 'blue'> .</font></B>  -0.00
<B><font color = 'blue'> .</font></B>  -testing test 
<B><font color = 'blue'> .</font></B>  -aarshajoyson1601@gmail.com
<B><font color = 'blue'> .</font></B>  -glb0008
<B><font color = 'blue'> .</font></B>  -2022-11-10
<B><font color = 'blue'> .</font></B>  -10-11-2022 10:50:31
<B><font color = 'blue'> .</font></B>  -10-11-2022 12:56:31
<B><font color = 'blue'> .</font></B>  -GLB-124-PC
<B><font color = 'blue'> .</font></B>  -Bangalore
<B><font color = 'blue'> .</font></B>  -Php
<B><font color = 'blue'> .</font></B>  -02:06:00
<B><font color = 'blue'> .</font></B>  -00:00:00
<B><font color = 'blue'> .</font></B>  -00:00:00
<B><font color = 'blue'> .</font></B>  -00:00:00
<B><font color = 'blue'> .</font></B>  -00:00:00
<B><font color = 'blue'> .</font></B>  -00:00:00
<B><font color = 'blue'> .</font></B>  -00:00:00
<B><font color = 'blue'> .</font></B>  -02:06:00
<B><font color = 'blue'> .</font></B>  -0.00%
<B><font color = 'blue'> .</font></B>  --480:00
<B><font color = 'blue'> .</font></B>  -0.00
<B><font color = 'blue'> .</font></B>  -Virat kohli 
<B><font color = 'blue'> .</font></B>  -rahukbgdxgsf@gmail.com
<B><font color = 'blue'> .</font></B>  -65332
<B><font color = 'blue'> .</font></B>  -2022-11-10
<B><font color = 'blue'> .</font></B>  -Absent
<B><font color = 'blue'> .</font></B>  -Absent
<B><font color = 'blue'> .</font></B>  -undefined
<B><font color = 'blue'> .</font></B>  -Default
<B><font color = 'blue'> .</font></B>  -Default
<B><font color = 'blue'> .</font></B>  -Absent
<B><font color = 'blue'> .</font></B>  -Absent
<B><font color = 'blue'> .</font></B>  -Absent
<B><font color = 'blue'> .</font></B>  -Absent
<B><font color = 'blue'> .</font></B>  -Absent
<B><font color = 'blue'> .</font></B>  -Absent
<B><font color = 'blue'> .</font></B>  -Absent
<B><font color = 'blue'> .</font></B>  -Absent
<B><font color = 'blue'> .</font></B>  -Absent
<B><font color = 'blue'> .</font></B>  -Absent
<B><font color = 'blue'> .</font></B>  -Absent
<B><font color = 'blue'> .</font></B>  -sadas kadkasdj 
<B><font color = 'blue'> .</font></B>  -dsa@eqe
<B><font color = 'blue'> .</font></B>  -emp129666
<B><font color = 'blue'> .</font></B>  -2022-11-10
<B><font color = 'blue'> .</font></B>  -Absent
<B><font color = 'blue'> .</font></B>  -Absent
<B><font color = 'blue'> .</font></B>  -undefined
<B><font color = 'blue'> .</font></B>  -Default
<B><font color = 'blue'> .</font></B>  -Default
<B><font color = 'blue'> .</font></B>  -Absent
<B><font color = 'blue'> .</font></B>  -Absent
<B><font color = 'blue'> .</font></B>  -Absent
<B><font color = 'blue'> .</font></B>  -Absent
<B><font color = 'blue'> .</font></B>  -Absent
<B><font color = 'blue'> .</font></B>  -Absent
<B><font color = 'blue'> .</font></B>  -Absent
<B><font color = 'blue'> .</font></B>  -Absent
<B><font color = 'blue'> .</font></B>  -Absent
<B><font color = 'blue'> .</font></B>  -Absent
<B><font color = 'blue'> .</font></B>  -Absent
<B><font color = 'blue'> .</font></B>  -New Test 
<B><font color = 'blue'> .</font></B>  -newtest@gmail.com
<B><font color = 'blue'> .</font></B>  -ewer334443
<B><font color = 'blue'> .</font></B>  -2022-11-10
<B><font color = 'blue'> .</font></B>  -Absent
<B><font color = 'blue'> .</font></B>  -Absent
<B><font color = 'blue'> .</font></B>  -undefined
<B><font color = 'blue'> .</font></B>  -Default
<B><font color = 'blue'> .</font></B>  -Default
<B><font color = 'blue'> .</font></B>  -Absent
<B><font color = 'blue'> .</font></B>  -Absent
<B><font color = 'blue'> .</font></B>  -Absent
<B><font color = 'blue'> .</font></B>  -Absent
<B><font color = 'blue'> .</font></B>  -Absent
<B><font color = 'blue'> .</font></B>  -Absent
<B><font color = 'blue'> .</font></B>  -Absent
<B><font color = 'blue'> .</font></B>  -Absent
<B><font color = 'blue'> .</font></B>  -Absent
<B><font color = 'blue'> .</font></B>  -Absent
<B><font color = 'blue'> .</font></B>  -Absent
<B><font color = 'blue'> .</font></B>  -dshcdb uidsbf 
<B><font color = 'blue'> .</font></B>  -dvbvdb@yahoo.com
<B><font color = 'blue'> .</font></B>  -435454
<B><font color = 'blue'> .</font></B>  -2022-11-10
<B><font color = 'blue'> .</font></B>  -Absent
<B><font color = 'blue'> .</font></B>  -Absent
<B><font color = 'blue'> .</font></B>  -undefined
<B><font color = 'blue'> .</font></B>  -Default
<B><font color = 'blue'> .</font></B>  -Default
<B><font color = 'blue'> .</font></B>  -Absent
<B><font color = 'blue'> .</font></B>  -Absent
<B><font color = 'blue'> .</font></B>  -Absent
<B><font color = 'blue'> .</font></B>  -Absent
<B><font color = 'blue'> .</font></B>  -Absent
<B><font color = 'blue'> .</font></B>  -Absent
<B><font color = 'blue'> .</font></B>  -Absent
<B><font color = 'blue'> .</font></B>  -Absent
<B><font color = 'blue'> .</font></B>  -Absent
<B><font color = 'blue'> .</font></B>  -Absent
<B><font color = 'blue'> .</font></B>  -Absent
<B><font color = 'blue'> .</font></B>  -vdjvdb yusvdvbbh 
<B><font color = 'blue'> .</font></B>  -dvhbfdh@gmail.com
<B><font color = 'blue'> .</font></B>  -wq534342
<B><font color = 'blue'> .</font></B>  -2022-11-10
<B><font color = 'blue'> .</font></B>  -Absent
<B><font color = 'blue'> .</font></B>  -Absent
<B><font color = 'blue'> .</font></B>  -undefined
<B><font color = 'blue'> .</font></B>  -Default
<B><font color = 'blue'> .</font></B>  -Default
<B><font color = 'blue'> .</font></B>  -Absent
<B><font color = 'blue'> .</font></B>  -Absent
<B><font color = 'blue'> .</font></B>  -Absent
<B><font color = 'blue'> .</font></B>  -Absent
<B><font color = 'blue'> .</font></B>  -Absent
<B><font color = 'blue'> .</font></B>  -Absent
<B><font color = 'blue'> .</font></B>  -Absent
<B><font color = 'blue'> .</font></B>  -Absent
<B><font color = 'blue'> .</font></B>  -Absent
<B><font color = 'blue'> .</font></B>  -Absent
<B><font color = 'blue'> .</font></B>  -Absent
<B><font color = 'blue'> .</font></B>  -Mail Test user 
<B><font color = 'blue'> .</font></B>  -maintest@user.io
<B><font color = 'blue'> .</font></B>  -GLB-1223888
<B><font color = 'blue'> .</font></B>  -2022-11-10
<B><font color = 'blue'> .</font></B>  -Absent
<B><font color = 'blue'> .</font></B>  -Absent
<B><font color = 'blue'> .</font></B>  -undefined
<B><font color = 'blue'> .</font></B>  -Default
<B><font color = 'blue'> .</font></B>  -Default
<B><font color = 'blue'> .</font></B>  -Absent
<B><font color = 'blue'> .</font></B>  -Absent
<B><font color = 'blue'> .</font></B>  -Absent
<B><font color = 'blue'> .</font></B>  -Absent
<B><font color = 'blue'> .</font></B>  -Absent
<B><font color = 'blue'> .</font></B>  -Absent
<B><font color = 'blue'> .</font></B>  -Absent
<B><font color = 'blue'> .</font></B>  -Absent
<B><font color = 'blue'> .</font></B>  -Absent
<B><font color = 'blue'> .</font></B>  -Absent
<B><font color = 'blue'> .</font></B>  -Absent
<B><font color = 'blue'> .</font></B>  -Update Check 
<B><font color = 'blue'> .</font></B>  -updates@gmail.com
<B><font color = 'blue'> .</font></B>  -emp543
<B><font color = 'blue'> .</font></B>  -2022-11-10
<B><font color = 'blue'> .</font></B>  -Absent
<B><font color = 'blue'> .</font></B>  -Absent
<B><font color = 'blue'> .</font></B>  -undefined
<B><font color = 'blue'> .</font></B>  -Default
<B><font color = 'blue'> .</font></B>  -Default
<B><font color = 'blue'> .</font></B>  -Absent
<B><font color = 'blue'> .</font></B>  -Absent
<B><font color = 'blue'> .</font></B>  -Absent
<B><font color = 'blue'> .</font></B>  -Absent
<B><font color = 'blue'> .</font></B>  -Absent
<B><font color = 'blue'> .</font></B>  -Absent
<B><font color = 'blue'> .</font></B>  -Absent
<B><font color = 'blue'> .</font></B>  -Absent
<B><font color = 'blue'> .</font></B>  -Absent
<B><font color = 'blue'> .</font></B>  -Absent
<B><font color = 'blue'> .</font></B>  -Absent
<B><font color = 'blue'> .</font></B>  -test manager 
<B><font color = 'blue'> .</font></B>  -manageremp@gmail.com
<B><font color = 'blue'> .</font></B>  -glb020
<B><font color = 'blue'> .</font></B>  -2022-11-10
<B><font color = 'blue'> .</font></B>  -Absent
<B><font color = 'blue'> .</font></B>  -Absent
<B><font color = 'blue'> .</font></B>  -undefined
<B><font color = 'blue'> .</font></B>  -Default
<B><font color = 'blue'> .</font></B>  -Default
<B><font color = 'blue'> .</font></B>  -Absent
<B><font color = 'blue'> .</font></B>  -Absent
<B><font color = 'blue'> .</font></B>  -Absent
<B><font color = 'blue'> .</font></B>  -Absent
<B><font color = 'blue'> .</font></B>  -Absent
<B><font color = 'blue'> .</font></B>  -Absent
<B><font color = 'blue'> .</font></B>  -Absent
<B><font color = 'blue'> .</font></B>  -Absent
<B><font color = 'blue'> .</font></B>  -Absent
<B><font color = 'blue'> .</font></B>  -Absent
<B><font color = 'blue'> .</font></B>  -Absent
<B><font color = 'blue'> .</font></B>  -DESKTOP-PJJHB19 - GLB-BLR-002OjUpRD2 
<B><font color = 'blue'> .</font></B>  --
<B><font color = 'blue'> .</font></B>  -GLB-BLR-002OjUpRD2
<B><font color = 'blue'> .</font></B>  -2022-11-10
<B><font color = 'blue'> .</font></B>  -Absent
<B><font color = 'blue'> .</font></B>  -Absent
<B><font color = 'blue'> .</font></B>  -undefined
<B><font color = 'blue'> .</font></B>  -Default
<B><font color = 'blue'> .</font></B>  -Default
<B><font color = 'blue'> .</font></B>  -Absent
<B><font color = 'blue'> .</font></B>  -Absent
<B><font color = 'blue'> .</font></B>  -Absent
<B><font color = 'blue'> .</font></B>  -Absent
<B><font color = 'blue'> .</font></B>  -Absent
<B><font color = 'blue'> .</font></B>  -Absent
<B><font color = 'blue'> .</font></B>  -Absent
<B><font color = 'blue'> .</font></B>  -Absent
<B><font color = 'blue'> .</font></B>  -Absent
<B><font color = 'blue'> .</font></B>  -Absent
<B><font color = 'blue'> .</font></B>  -Absent
<B><font color = 'blue'> .</font></B>  -Usb Test 
<B><font color = 'blue'> .</font></B>  -usbtest123@gmail.com
<B><font color = 'blue'> .</font></B>  -emp0097
<B><font color = 'blue'> .</font></B>  -2022-11-10
<B><font color = 'blue'> .</font></B>  -Absent
<B><font color = 'blue'> .</font></B>  -Absent
<B><font color = 'blue'> .</font></B>  -undefined
<B><font color = 'blue'> .</font></B>  -Default
<B><font color = 'blue'> .</font></B>  -Default
<B><font color = 'blue'> .</font></B>  -Absent
<B><font color = 'blue'> .</font></B>  -Absent
<B><font color = 'blue'> .</font></B>  -Absent
<B><font color = 'blue'> .</font></B>  -Absent
<B><font color = 'blue'> .</font></B>  -Absent
<B><font color = 'blue'> .</font></B>  -Absent
<B><font color = 'blue'> .</font></B>  -Absent
<B><font color = 'blue'> .</font></B>  -Absent
<B><font color = 'blue'> .</font></B>  -Absent
<B><font color = 'blue'> .</font></B>  -Absent
<B><font color = 'blue'> .</font></B>  -Absent
<B><font color = 'blue'> .</font></B>  -SS Keystrokes 
<B><font color = 'blue'> .</font></B>  -sskey@gmail.com
<B><font color = 'blue'> .</font></B>  -emp98y
<B><font color = 'blue'> .</font></B>  -2022-11-10
<B><font color = 'blue'> .</font></B>  -Absent
<B><font color = 'blue'> .</font></B>  -Absent
<B><font color = 'blue'> .</font></B>  -undefined
<B><font color = 'blue'> .</font></B>  -Default
<B><font color = 'blue'> .</font></B>  -Default
<B><font color = 'blue'> .</font></B>  -Absent
<B><font color = 'blue'> .</font></B>  -Absent
<B><font color = 'blue'> .</font></B>  -Absent
<B><font color = 'blue'> .</font></B>  -Absent
<B><font color = 'blue'> .</font></B>  -Absent
<B><font color = 'blue'> .</font></B>  -Absent
<B><font color = 'blue'> .</font></B>  -Absent
<B><font color = 'blue'> .</font></B>  -Absent
<B><font color = 'blue'> .</font></B>  -Absent
<B><font color = 'blue'> .</font></B>  -Absent
<B><font color = 'blue'> .</font></B>  -Absent
<B><font color = 'blue'> .</font></B>  -shivammmmmmmmmmmmmmmmmmmm Kumar 
<B><font color = 'blue'> .</font></B>  -kgfyash545@gmail.com
<B><font color = 'blue'> .</font></B>  -hsakhdjk414
<B><font color = 'blue'> .</font></B>  -2022-11-10
<B><font color = 'blue'> .</font></B>  -Absent
<B><font color = 'blue'> .</font></B>  -Absent
<B><font color = 'blue'> .</font></B>  -undefined
<B><font color = 'blue'> .</font></B>  -Default
<B><font color = 'blue'> .</font></B>  -Default
<B><font color = 'blue'> .</font></B>  -Absent
<B><font color = 'blue'> .</font></B>  -Absent
<B><font color = 'blue'> .</font></B>  -Absent
<B><font color = 'blue'> .</font></B>  -Absent
<B><font color = 'blue'> .</font></B>  -Absent
<B><font color = 'blue'> .</font></B>  -Absent
<B><font color = 'blue'> .</font></B>  -Absent
<B><font color = 'blue'> .</font></B>  -Absent
<B><font color = 'blue'> .</font></B>  -Absent
<B><font color = 'blue'> .</font></B>  -Absent
<B><font color = 'blue'> .</font></B>  -Absent
<B><font color = 'blue'> .</font></B>  -Abhishek Four tf test 
<B><font color = 'blue'> .</font></B>  -abhishekfourtf@mail.com
<B><font color = 'blue'> .</font></B>  -HLIKSJ98
<B><font color = 'blue'> .</font></B>  -2022-11-10
<B><font color = 'blue'> .</font></B>  -Absent
<B><font color = 'blue'> .</font></B>  -Absent
<B><font color = 'blue'> .</font></B>  -undefined
<B><font color = 'blue'> .</font></B>  -Default
<B><font color = 'blue'> .</font></B>  -Default
<B><font color = 'blue'> .</font></B>  -Absent
<B><font color = 'blue'> .</font></B>  -Absent
<B><font color = 'blue'> .</font></B>  -Absent
<B><font color = 'blue'> .</font></B>  -Absent
<B><font color = 'blue'> .</font></B>  -Absent
<B><font color = 'blue'> .</font></B>  -Absent
<B><font color = 'blue'> .</font></B>  -Absent
<B><font color = 'blue'> .</font></B>  -Absent
<B><font color = 'blue'> .</font></B>  -Absent
<B><font color = 'blue'> .</font></B>  -Absent
<B><font color = 'blue'> .</font></B>  -Absent
<B><font color = 'blue'> .</font></B>  -new dev user 
<B><font color = 'blue'> .</font></B>  -new@dev.user
<B><font color = 'blue'> .</font></B>  -fdfsfsd
<B><font color = 'blue'> .</font></B>  -2022-11-10
<B><font color = 'blue'> .</font></B>  -Absent
<B><font color = 'blue'> .</font></B>  -Absent
<B><font color = 'blue'> .</font></B>  -undefined
<B><font color = 'blue'> .</font></B>  -Default
<B><font color = 'blue'> .</font></B>  -Default
<B><font color = 'blue'> .</font></B>  -Absent
<B><font color = 'blue'> .</font></B>  -Absent
<B><font color = 'blue'> .</font></B>  -Absent
<B><font color = 'blue'> .</font></B>  -Absent
<B><font color = 'blue'> .</font></B>  -Absent
<B><font color = 'blue'> .</font></B>  -Absent
<B><font color = 'blue'> .</font></B>  -Absent
<B><font color = 'blue'> .</font></B>  -Absent
<B><font color = 'blue'> .</font></B>  -Absent
<B><font color = 'blue'> .</font></B>  -Absent
<B><font color = 'blue'> .</font></B>  -Absent
<B><font color = 'blue'> .</font></B>  -aaaaaaaaaa aaaaaaaaa 
<B><font color = 'blue'> .</font></B>  -mmmm@gmail.com
<B><font color = 'blue'> .</font></B>  -80765s
<B><font color = 'blue'> .</font></B>  -2022-11-10
<B><font color = 'blue'> .</font></B>  -Absent
<B><font color = 'blue'> .</font></B>  -Absent
<B><font color = 'blue'> .</font></B>  -undefined
<B><font color = 'blue'> .</font></B>  -Bangalore
<B><font color = 'blue'> .</font></B>  -Testing
<B><font color = 'blue'> .</font></B>  -Absent
<B><font color = 'blue'> .</font></B>  -Absent
<B><font color = 'blue'> .</font></B>  -Absent
<B><font color = 'blue'> .</font></B>  -Absent
<B><font color = 'blue'> .</font></B>  -Absent
<B><font color = 'blue'> .</font></B>  -Absent
<B><font color = 'blue'> .</font></B>  -Absent
<B><font color = 'blue'> .</font></B>  -Absent
<B><font color = 'blue'> .</font></B>  -Absent
<B><font color = 'blue'> .</font></B>  -Absent
<B><font color = 'blue'> .</font></B>  -Absent
<B><font color = 'blue'> .</font></B>  -sumesh test 
<B><font color = 'blue'> .</font></B>  -sumesh@mail.com
<B><font color = 'blue'> .</font></B>  -fdgfdgf
<B><font color = 'blue'> .</font></B>  -2022-11-10
<B><font color = 'blue'> .</font></B>  -Absent
<B><font color = 'blue'> .</font></B>  -Absent
<B><font color = 'blue'> .</font></B>  -undefined
<B><font color = 'blue'> .</font></B>  -Bangalore
<B><font color = 'blue'> .</font></B>  -Testing
<B><font color = 'blue'> .</font></B>  -Absent
<B><font color = 'blue'> .</font></B>  -Absent
<B><font color = 'blue'> .</font></B>  -Absent
<B><font color = 'blue'> .</font></B>  -Absent
<B><font color = 'blue'> .</font></B>  -Absent
<B><font color = 'blue'> .</font></B>  -Absent
<B><font color = 'blue'> .</font></B>  -Absent
<B><font color = 'blue'> .</font></B>  -Absent
<B><font color = 'blue'> .</font></B>  -Absent
<B><font color = 'blue'> .</font></B>  -Absent
<B><font color = 'blue'> .</font></B>  -Absent
<B><font color = 'blue'> .</font></B>  -Test msc 
<B><font color = 'blue'> .</font></B>  -test123@gmail.com
<B><font color = 'blue'> .</font></B>  -12254
<B><font color = 'blue'> .</font></B>  -2022-11-10
<B><font color = 'blue'> .</font></B>  -Absent
<B><font color = 'blue'> .</font></B>  -Absent
<B><font color = 'blue'> .</font></B>  -undefined
<B><font color = 'blue'> .</font></B>  -Bangalore
<B><font color = 'blue'> .</font></B>  -Testing
<B><font color = 'blue'> .</font></B>  -Absent
<B><font color = 'blue'> .</font></B>  -Absent
<B><font color = 'blue'> .</font></B>  -Absent
<B><font color = 'blue'> .</font></B>  -Absent
<B><font color = 'blue'> .</font></B>  -Absent
<B><font color = 'blue'> .</font></B>  -Absent
<B><font color = 'blue'> .</font></B>  -Absent
<B><font color = 'blue'> .</font></B>  -Absent
<B><font color = 'blue'> .</font></B>  -Absent
<B><font color = 'blue'> .</font></B>  -Absent
<B><font color = 'blue'> .</font></B>  -Absent
<B><font color = 'blue'> .</font></B>  -deffdfds vscsc 
<B><font color = 'blue'> .</font></B>  -cscsdw123@gmail.com
<B><font color = 'blue'> .</font></B>  -1234512
<B><font color = 'blue'> .</font></B>  -2022-11-10
<B><font color = 'blue'> .</font></B>  -Absent
<B><font color = 'blue'> .</font></B>  -Absent
<B><font color = 'blue'> .</font></B>  -undefined
<B><font color = 'blue'> .</font></B>  -Bangalore
<B><font color = 'blue'> .</font></B>  -Testing
<B><font color = 'blue'> .</font></B>  -Absent
<B><font color = 'blue'> .</font></B>  -Absent
<B><font color = 'blue'> .</font></B>  -Absent
<B><font color = 'blue'> .</font></B>  -Absent
<B><font color = 'blue'> .</font></B>  -Absent
<B><font color = 'blue'> .</font></B>  -Absent
<B><font color = 'blue'> .</font></B>  -Absent
<B><font color = 'blue'> .</font></B>  -Absent
<B><font color = 'blue'> .</font></B>  -Absent
<B><font color = 'blue'> .</font></B>  -Absent
<B><font color = 'blue'> .</font></B>  -Absent
<B><font color = 'blue'> .</font></B>  -test testtt 
<B><font color = 'blue'> .</font></B>  -abcd@gmail.com
<B><font color = 'blue'> .</font></B>  -GLB55
<B><font color = 'blue'> .</font></B>  -2022-11-10
<B><font color = 'blue'> .</font></B>  -Absent
<B><font color = 'blue'> .</font></B>  -Absent
<B><font color = 'blue'> .</font></B>  -undefined
<B><font color = 'blue'> .</font></B>  -Bangalore
<B><font color = 'blue'> .</font></B>  -Testing
<B><font color = 'blue'> .</font></B>  -Absent
<B><font color = 'blue'> .</font></B>  -Absent
<B><font color = 'blue'> .</font></B>  -Absent
<B><font color = 'blue'> .</font></B>  -Absent
<B><font color = 'blue'> .</font></B>  -Absent
<B><font color = 'blue'> .</font></B>  -Absent
<B><font color = 'blue'> .</font></B>  -Absent
<B><font color = 'blue'> .</font></B>  -Absent
<B><font color = 'blue'> .</font></B>  -Absent
<B><font color = 'blue'> .</font></B>  -Absent
<B><font color = 'blue'> .</font></B>  -Absent
<B><font color = 'blue'> .</font></B>  -Abhishe tt 
<B><font color = 'blue'> .</font></B>  -ab@ab.com
<B><font color = 'blue'> .</font></B>  -GKD567
<B><font color = 'blue'> .</font></B>  -2022-11-10
<B><font color = 'blue'> .</font></B>  -Absent
<B><font color = 'blue'> .</font></B>  -Absent
<B><font color = 'blue'> .</font></B>  -undefined
<B><font color = 'blue'> .</font></B>  -Bangalore
<B><font color = 'blue'> .</font></B>  -Testing
<B><font color = 'blue'> .</font></B>  -Absent
<B><font color = 'blue'> .</font></B>  -Absent
<B><font color = 'blue'> .</font></B>  -Absent
<B><font color = 'blue'> .</font></B>  -Absent
<B><font color = 'blue'> .</font></B>  -Absent
<B><font color = 'blue'> .</font></B>  -Absent
<B><font color = 'blue'> .</font></B>  -Absent
<B><font color = 'blue'> .</font></B>  -Absent
<B><font color = 'blue'> .</font></B>  -Absent
<B><font color = 'blue'> .</font></B>  -Absent
<B><font color = 'blue'> .</font></B>  -Absent
<B><font color = 'blue'> .</font></B>  -test nonadmin 
<B><font color = 'blue'> .</font></B>  -testnonadmin@gmail.com
<B><font color = 'blue'> .</font></B>  -GLB026
<B><font color = 'blue'> .</font></B>  -2022-11-10
<B><font color = 'blue'> .</font></B>  -Absent
<B><font color = 'blue'> .</font></B>  -Absent
<B><font color = 'blue'> .</font></B>  -undefined
<B><font color = 'blue'> .</font></B>  -Bangalore
<B><font color = 'blue'> .</font></B>  -Php
<B><font color = 'blue'> .</font></B>  -Absent
<B><font color = 'blue'> .</font></B>  -Absent
<B><font color = 'blue'> .</font></B>  -Absent
<B><font color = 'blue'> .</font></B>  -Absent
<B><font color = 'blue'> .</font></B>  -Absent
<B><font color = 'blue'> .</font></B>  -Absent
<B><font color = 'blue'> .</font></B>  -Absent
<B><font color = 'blue'> .</font></B>  -Absent
<B><font color = 'blue'> .</font></B>  -Absent
<B><font color = 'blue'> .</font></B>  -Absent
<B><font color = 'blue'> .</font></B>  -Absent
<B><font color = 'blue'> .</font></B>  -adg ckj 
<B><font color = 'blue'> .</font></B>  -adcs@1234
<B><font color = 'blue'> .</font></B>  -583
<B><font color = 'blue'> .</font></B>  -2022-11-10
<B><font color = 'blue'> .</font></B>  -Absent
<B><font color = 'blue'> .</font></B>  -Absent
<B><font color = 'blue'> .</font></B>  -undefined
<B><font color = 'blue'> .</font></B>  -Bangalore
<B><font color = 'blue'> .</font></B>  -Testing
<B><font color = 'blue'> .</font></B>  -Absent
<B><font color = 'blue'> .</font></B>  -Absent
<B><font color = 'blue'> .</font></B>  -Absent
<B><font color = 'blue'> .</font></B>  -Absent
<B><font color = 'blue'> .</font></B>  -Absent
<B><font color = 'blue'> .</font></B>  -Absent
<B><font color = 'blue'> .</font></B>  -Absent
<B><font color = 'blue'> .</font></B>  -Absent
<B><font color = 'blue'> .</font></B>  -Absent
<B><font color = 'blue'> .</font></B>  -Absent
<B><font color = 'blue'> .</font></B>  -Absent
<B><font color = 'blue'> .</font></B>  -dominic toretto 
<B><font color = 'blue'> .</font></B>  -dom.toretto737@gmail.com
<B><font color = 'blue'> .</font></B>  -EMP011
<B><font color = 'blue'> .</font></B>  -2022-11-10
<B><font color = 'blue'> .</font></B>  -Absent
<B><font color = 'blue'> .</font></B>  -Absent
<B><font color = 'blue'> .</font></B>  -undefined
<B><font color = 'blue'> .</font></B>  -Bangalore
<B><font color = 'blue'> .</font></B>  -Testing
<B><font color = 'blue'> .</font></B>  -Absent
<B><font color = 'blue'> .</font></B>  -Absent
<B><font color = 'blue'> .</font></B>  -Absent
<B><font color = 'blue'> .</font></B>  -Absent
<B><font color = 'blue'> .</font></B>  -Absent
<B><font color = 'blue'> .</font></B>  -Absent
<B><font color = 'blue'> .</font></B>  -Absent
<B><font color = 'blue'> .</font></B>  -Absent
<B><font color = 'blue'> .</font></B>  -Absent
<B><font color = 'blue'> .</font></B>  -Absent
<B><font color = 'blue'> .</font></B>  -Absent
<B><font color = 'blue'> .</font></B>  -Superior Test one 
<B><font color = 'blue'> .</font></B>  -superiorone@gmail.com
<B><font color = 'blue'> .</font></B>  -twoqw
<B><font color = 'blue'> .</font></B>  -2022-11-10
<B><font color = 'blue'> .</font></B>  -Absent
<B><font color = 'blue'> .</font></B>  -Absent
<B><font color = 'blue'> .</font></B>  -undefined
<B><font color = 'blue'> .</font></B>  -Bangalore
<B><font color = 'blue'> .</font></B>  -Testing
<B><font color = 'blue'> .</font></B>  -Absent
<B><font color = 'blue'> .</font></B>  -Absent
<B><font color = 'blue'> .</font></B>  -Absent
<B><font color = 'blue'> .</font></B>  -Absent
<B><font color = 'blue'> .</font></B>  -Absent
<B><font color = 'blue'> .</font></B>  -Absent
<B><font color = 'blue'> .</font></B>  -Absent
<B><font color = 'blue'> .</font></B>  -Absent
<B><font color = 'blue'> .</font></B>  -Absent
<B><font color = 'blue'> .</font></B>  -Absent
<B><font color = 'blue'> .</font></B>  -Absent
<B><font color = 'blue'> .</font></B>  -test testw 
<B><font color = 'blue'> .</font></B>  -test@mac.in
<B><font color = 'blue'> .</font></B>  -aaf123
<B><font color = 'blue'> .</font></B>  -2022-11-10
<B><font color = 'blue'> .</font></B>  -Absent
<B><font color = 'blue'> .</font></B>  -Absent
<B><font color = 'blue'> .</font></B>  -undefined
<B><font color = 'blue'> .</font></B>  -Bangalore
<B><font color = 'blue'> .</font></B>  -Php
<B><font color = 'blue'> .</font></B>  -Absent
<B><font color = 'blue'> .</font></B>  -Absent
<B><font color = 'blue'> .</font></B>  -Absent
<B><font color = 'blue'> .</font></B>  -Absent
<B><font color = 'blue'> .</font></B>  -Absent
<B><font color = 'blue'> .</font></B>  -Absent
<B><font color = 'blue'> .</font></B>  -Absent
<B><font color = 'blue'> .</font></B>  -Absent
<B><font color = 'blue'> .</font></B>  -Absent
<B><font color = 'blue'> .</font></B>  -Absent
<B><font color = 'blue'> .</font></B>  -Absent
<B><font color = 'blue'> .</font></B>  -sam eer 
<B><font color = 'blue'> .</font></B>  -sam@rf.in
<B><font color = 'blue'> .</font></B>  -WSAERT2Q34E
<B><font color = 'blue'> .</font></B>  -2022-11-10
<B><font color = 'blue'> .</font></B>  -Absent
<B><font color = 'blue'> .</font></B>  -Absent
<B><font color = 'blue'> .</font></B>  -undefined
<B><font color = 'blue'> .</font></B>  -Bangalore
<B><font color = 'blue'> .</font></B>  -Testing
<B><font color = 'blue'> .</font></B>  -Absent
<B><font color = 'blue'> .</font></B>  -Absent
<B><font color = 'blue'> .</font></B>  -Absent
<B><font color = 'blue'> .</font></B>  -Absent
<B><font color = 'blue'> .</font></B>  -Absent
<B><font color = 'blue'> .</font></B>  -Absent
<B><font color = 'blue'> .</font></B>  -Absent
<B><font color = 'blue'> .</font></B>  -Absent
<B><font color = 'blue'> .</font></B>  -Absent
<B><font color = 'blue'> .</font></B>  -Absent
<B><font color = 'blue'> .</font></B>  -Absent
<B><font color = 'blue'> .</font></B>  -Test test 
<B><font color = 'blue'> .</font></B>  -sarikajain@gmail.com
<B><font color = 'blue'> .</font></B>  -E-101
<B><font color = 'blue'> .</font></B>  -2022-11-10
<B><font color = 'blue'> .</font></B>  -Absent
<B><font color = 'blue'> .</font></B>  -Absent
<B><font color = 'blue'> .</font></B>  -undefined
<B><font color = 'blue'> .</font></B>  -Bangalore
<B><font color = 'blue'> .</font></B>  -Testing
<B><font color = 'blue'> .</font></B>  -Absent
<B><font color = 'blue'> .</font></B>  -Absent
<B><font color = 'blue'> .</font></B>  -Absent
<B><font color = 'blue'> .</font></B>  -Absent
<B><font color = 'blue'> .</font></B>  -Absent
<B><font color = 'blue'> .</font></B>  -Absent
<B><font color = 'blue'> .</font></B>  -Absent
<B><font color = 'blue'> .</font></B>  -Absent
<B><font color = 'blue'> .</font></B>  -Absent
<B><font color = 'blue'> .</font></B>  -Absent
<B><font color = 'blue'> .</font></B>  -Absent
<B><font color = 'blue'> .</font></B>  -sithu kalluru 
<B><font color = 'blue'> .</font></B>  -sitaramireddy@globussoft.in
<B><font color = 'blue'> .</font></B>  -code12
<B><font color = 'blue'> .</font></B>  -2022-11-10
<B><font color = 'blue'> .</font></B>  -Absent
<B><font color = 'blue'> .</font></B>  -Absent
<B><font color = 'blue'> .</font></B>  -undefined
<B><font color = 'blue'> .</font></B>  -Bangalore
<B><font color = 'blue'> .</font></B>  -Testing
<B><font color = 'blue'> .</font></B>  -Absent
<B><font color = 'blue'> .</font></B>  -Absent
<B><font color = 'blue'> .</font></B>  -Absent
<B><font color = 'blue'> .</font></B>  -Absent
<B><font color = 'blue'> .</font></B>  -Absent
<B><font color = 'blue'> .</font></B>  -Absent
<B><font color = 'blue'> .</font></B>  -Absent
<B><font color = 'blue'> .</font></B>  -Absent
<B><font color = 'blue'> .</font></B>  -Absent
<B><font color = 'blue'> .</font></B>  -Absent
<B><font color = 'blue'> .</font></B>  -Absent
<B><font color = 'blue'> .</font></B>  -test123 abcd 
<B><font color = 'blue'> .</font></B>  -s@gmail.com
<B><font color = 'blue'> .</font></B>  -code123z
<B><font color = 'blue'> .</font></B>  -2022-11-10
<B><font color = 'blue'> .</font></B>  -Absent
<B><font color = 'blue'> .</font></B>  -Absent
<B><font color = 'blue'> .</font></B>  -undefined
<B><font color = 'blue'> .</font></B>  -Bangalore
<B><font color = 'blue'> .</font></B>  -Testing
<B><font color = 'blue'> .</font></B>  -Absent
<B><font color = 'blue'> .</font></B>  -Absent
<B><font color = 'blue'> .</font></B>  -Absent
<B><font color = 'blue'> .</font></B>  -Absent
<B><font color = 'blue'> .</font></B>  -Absent
<B><font color = 'blue'> .</font></B>  -Absent
<B><font color = 'blue'> .</font></B>  -Absent
<B><font color = 'blue'> .</font></B>  -Absent
<B><font color = 'blue'> .</font></B>  -Absent
<B><font color = 'blue'> .</font></B>  -Absent
<B><font color = 'blue'> .</font></B>  -Absent
<B><font color = 'blue'> .</font></B>  -Automation CodeeeAuto 
<B><font color = 'blue'> .</font></B>  -skabcdef7@gmail.com
<B><font color = 'blue'> .</font></B>  -Emp-Abzcde-1234522
<B><font color = 'blue'> .</font></B>  -2022-11-10
<B><font color = 'blue'> .</font></B>  -Absent
<B><font color = 'blue'> .</font></B>  -Absent
<B><font color = 'blue'> .</font></B>  -undefined
<B><font color = 'blue'> .</font></B>  -Bangalore
<B><font color = 'blue'> .</font></B>  -Testing
<B><font color = 'blue'> .</font></B>  -Absent
<B><font color = 'blue'> .</font></B>  -Absent
<B><font color = 'blue'> .</font></B>  -Absent
<B><font color = 'blue'> .</font></B>  -Absent
<B><font color = 'blue'> .</font></B>  -Absent
<B><font color = 'blue'> .</font></B>  -Absent
<B><font color = 'blue'> .</font></B>  -Absent
<B><font color = 'blue'> .</font></B>  -Absent
<B><font color = 'blue'> .</font></B>  -Absent
<B><font color = 'blue'> .</font></B>  -Absent
<B><font color = 'blue'> .</font></B>  -Absent
<B><font color = 'blue'> .</font></B>  -piyush dfgsfg 
<B><font color = 'blue'> .</font></B>  -jos@gmail.com
<B><font color = 'blue'> .</font></B>  -sdgff
<B><font color = 'blue'> .</font></B>  -2022-11-10
<B><font color = 'blue'> .</font></B>  -Absent
<B><font color = 'blue'> .</font></B>  -Absent
<B><font color = 'blue'> .</font></B>  -undefined
<B><font color = 'blue'> .</font></B>  -Bangalore
<B><font color = 'blue'> .</font></B>  -Testing
<B><font color = 'blue'> .</font></B>  -Absent
<B><font color = 'blue'> .</font></B>  -Absent
<B><font color = 'blue'> .</font></B>  -Absent
<B><font color = 'blue'> .</font></B>  -Absent
<B><font color = 'blue'> .</font></B>  -Absent
<B><font color = 'blue'> .</font></B>  -Absent
<B><font color = 'blue'> .</font></B>  -Absent
<B><font color = 'blue'> .</font></B>  -Absent
<B><font color = 'blue'> .</font></B>  -Absent
<B><font color = 'blue'> .</font></B>  -Absent
<B><font color = 'blue'> .</font></B>  -Absent
<B><font color = 'blue'> .</font></B>  -Aryan raj 
<B><font color = 'blue'> .</font></B>  -alex@gmail.com
<B><font color = 'blue'> .</font></B>  -126
<B><font color = 'blue'> .</font></B>  -2022-11-10
<B><font color = 'blue'> .</font></B>  -Absent
<B><font color = 'blue'> .</font></B>  -Absent
<B><font color = 'blue'> .</font></B>  -undefined
<B><font color = 'blue'> .</font></B>  -Bangalore
<B><font color = 'blue'> .</font></B>  -Testing
<B><font color = 'blue'> .</font></B>  -Absent
<B><font color = 'blue'> .</font></B>  -Absent
<B><font color = 'blue'> .</font></B>  -Absent
<B><font color = 'blue'> .</font></B>  -Absent
<B><font color = 'blue'> .</font></B>  -Absent
<B><font color = 'blue'> .</font></B>  -Absent
<B><font color = 'blue'> .</font></B>  -Absent
<B><font color = 'blue'> .</font></B>  -Absent
<B><font color = 'blue'> .</font></B>  -Absent
<B><font color = 'blue'> .</font></B>  -Absent
<B><font color = 'blue'> .</font></B>  -Absent
<B><font color = 'blue'> .</font></B>  -Automation CodeeeAuto 
<B><font color = 'blue'> .</font></B>  -skabcdef38@gmail.com
<B><font color = 'blue'> .</font></B>  -Emp-Abzcde-123457
<B><font color = 'blue'> .</font></B>  -2022-11-10
<B><font color = 'blue'> .</font></B>  -Absent
<B><font color = 'blue'> .</font></B>  -Absent
<B><font color = 'blue'> .</font></B>  -undefined
<B><font color = 'blue'> .</font></B>  -Bangalore
<B><font color = 'blue'> .</font></B>  -Testing
<B><font color = 'blue'> .</font></B>  -Absent
<B><font color = 'blue'> .</font></B>  -Absent
<B><font color = 'blue'> .</font></B>  -Absent
<B><font color = 'blue'> .</font></B>  -Absent
<B><font color = 'blue'> .</font></B>  -Absent
<B><font color = 'blue'> .</font></B>  -Absent
<B><font color = 'blue'> .</font></B>  -Absent
<B><font color = 'blue'> .</font></B>  -Absent
<B><font color = 'blue'> .</font></B>  -Absent
<B><font color = 'blue'> .</font></B>  -Absent
<B><font color = 'blue'> .</font></B>  -Absent
<B><font color = 'blue'> .</font></B>  -Automation CodeeeAuto 
<B><font color = 'blue'> .</font></B>  -skabcdef33@gmail.com
<B><font color = 'blue'> .</font></B>  -Emp-Abzcde-1234557
<B><font color = 'blue'> .</font></B>  -2022-11-10
<B><font color = 'blue'> .</font></B>  -Absent
<B><font color = 'blue'> .</font></B>  -Absent
<B><font color = 'blue'> .</font></B>  -undefined
<B><font color = 'blue'> .</font></B>  -Bangalore
<B><font color = 'blue'> .</font></B>  -Testing
<B><font color = 'blue'> .</font></B>  -Absent
<B><font color = 'blue'> .</font></B>  -Absent
<B><font color = 'blue'> .</font></B>  -Absent
<B><font color = 'blue'> .</font></B>  -Absent
<B><font color = 'blue'> .</font></B>  -Absent
<B><font color = 'blue'> .</font></B>  -Absent
<B><font color = 'blue'> .</font></B>  -Absent
<B><font color = 'blue'> .</font></B>  -Absent
<B><font color = 'blue'> .</font></B>  -Absent
<B><font color = 'blue'> .</font></B>  -Absent
<B><font color = 'blue'> .</font></B>  -Absent
<B><font color = 'blue'> .</font></B>  -R o       hit Sharma 
<B><font color = 'blue'> .</font></B>  -rahulrajt5613928@gmail.com
<B><font color = 'blue'> .</font></B>  -67645
<B><font color = 'blue'> .</font></B>  -2022-11-10
<B><font color = 'blue'> .</font></B>  -Absent
<B><font color = 'blue'> .</font></B>  -Absent
<B><font color = 'blue'> .</font></B>  -undefined
<B><font color = 'blue'> .</font></B>  -bengaluru
<B><font color = 'blue'> .</font></B>  -Testing
<B><font color = 'blue'> .</font></B>  -Absent
<B><font color = 'blue'> .</font></B>  -Absent
<B><font color = 'blue'> .</font></B>  -Absent
<B><font color = 'blue'> .</font></B>  -Absent
<B><font color = 'blue'> .</font></B>  -Absent
<B><font color = 'blue'> .</font></B>  -Absent
<B><font color = 'blue'> .</font></B>  -Absent
<B><font color = 'blue'> .</font></B>  -Absent
<B><font color = 'blue'> .</font></B>  -Absent
<B><font color = 'blue'> .</font></B>  -Absent
<B><font color = 'blue'> .</font></B>  -Absent
<B><font color = 'blue'> .</font></B>  -ni test 
<B><font color = 'blue'> .</font></B>  -nitest12@gmail.com
<B><font color = 'blue'> .</font></B>  -GLB678
<B><font color = 'blue'> .</font></B>  -2022-11-10
<B><font color = 'blue'> .</font></B>  -Absent
<B><font color = 'blue'> .</font></B>  -Absent
<B><font color = 'blue'> .</font></B>  -undefined
<B><font color = 'blue'> .</font></B>  -bengaluru
<B><font color = 'blue'> .</font></B>  -Testing
<B><font color = 'blue'> .</font></B>  -Absent
<B><font color = 'blue'> .</font></B>  -Absent
<B><font color = 'blue'> .</font></B>  -Absent
<B><font color = 'blue'> .</font></B>  -Absent
<B><font color = 'blue'> .</font></B>  -Absent
<B><font color = 'blue'> .</font></B>  -Absent
<B><font color = 'blue'> .</font></B>  -Absent
<B><font color = 'blue'> .</font></B>  -Absent
<B><font color = 'blue'> .</font></B>  -Absent
<B><font color = 'blue'> .</font></B>  -Absent
<B><font color = 'blue'> .</font></B>  -Absent
<B><font color = 'blue'> .</font></B>  -one test 
<B><font color = 'blue'> .</font></B>  -testone1234@gmail.com
<B><font color = 'blue'> .</font></B>  -0110
<B><font color = 'blue'> .</font></B>  -2022-11-10
<B><font color = 'blue'> .</font></B>  -Absent
<B><font color = 'blue'> .</font></B>  -Absent
<B><font color = 'blue'> .</font></B>  -undefined
<B><font color = 'blue'> .</font></B>  -bengaluru
<B><font color = 'blue'> .</font></B>  -Testing
<B><font color = 'blue'> .</font></B>  -Absent
<B><font color = 'blue'> .</font></B>  -Absent
<B><font color = 'blue'> .</font></B>  -Absent
<B><font color = 'blue'> .</font></B>  -Absent
<B><font color = 'blue'> .</font></B>  -Absent
<B><font color = 'blue'> .</font></B>  -Absent
<B><font color = 'blue'> .</font></B>  -Absent
<B><font color = 'blue'> .</font></B>  -Absent
<B><font color = 'blue'> .</font></B>  -Absent
<B><font color = 'blue'> .</font></B>  -Absent
<B><font color = 'blue'> .</font></B>  -Absent
<B><font color = 'blue'> .</font></B>  -GLB-BLR-010-PC - GLB-BLR-010 
<B><font color = 'blue'> .</font></B>  -abcd@yuksdgus
<B><font color = 'blue'> .</font></B>  -GLB-BLR-010
<B><font color = 'blue'> .</font></B>  -2022-11-10
<B><font color = 'blue'> .</font></B>  -Absent
<B><font color = 'blue'> .</font></B>  -Absent
<B><font color = 'blue'> .</font></B>  -undefined
<B><font color = 'blue'> .</font></B>  -bengaluru
<B><font color = 'blue'> .</font></B>  -Testing
<B><font color = 'blue'> .</font></B>  -Absent
<B><font color = 'blue'> .</font></B>  -Absent
<B><font color = 'blue'> .</font></B>  -Absent
<B><font color = 'blue'> .</font></B>  -Absent
<B><font color = 'blue'> .</font></B>  -Absent
<B><font color = 'blue'> .</font></B>  -Absent
<B><font color = 'blue'> .</font></B>  -Absent
<B><font color = 'blue'> .</font></B>  -Absent
<B><font color = 'blue'> .</font></B>  -Absent
<B><font color = 'blue'> .</font></B>  -Absent
<B><font color = 'blue'> .</font></B>  -Absent
<B><font color = 'blue'> .</font></B>  -surya kk 
<B><font color = 'blue'> .</font></B>  -123@gmail.com
<B><font color = 'blue'> .</font></B>  -mmmmm
<B><font color = 'blue'> .</font></B>  -2022-11-10
<B><font color = 'blue'> .</font></B>  -Absent
<B><font color = 'blue'> .</font></B>  -Absent
<B><font color = 'blue'> .</font></B>  -undefined
<B><font color = 'blue'> .</font></B>  -Tamilnadu
<B><font color = 'blue'> .</font></B>  -Test and Dev
<B><font color = 'blue'> .</font></B>  -Absent
<B><font color = 'blue'> .</font></B>  -Absent
<B><font color = 'blue'> .</font></B>  -Absent
<B><font color = 'blue'> .</font></B>  -Absent
<B><font color = 'blue'> .</font></B>  -Absent
<B><font color = 'blue'> .</font></B>  -Absent
<B><font color = 'blue'> .</font></B>  -Absent
<B><font color = 'blue'> .</font></B>  -Absent
<B><font color = 'blue'> .</font></B>  -Absent
<B><font color = 'blue'> .</font></B>  -Absent
<B><font color = 'blue'> .</font></B>  -Absent
<B><font color = 'blue'> .</font></B>  -sai kk 
<B><font color = 'blue'> .</font></B>  -saikk19876@gmail.com
<B><font color = 'blue'> .</font></B>  -20221019
<B><font color = 'blue'> .</font></B>  -2022-11-10
<B><font color = 'blue'> .</font></B>  -Absent
<B><font color = 'blue'> .</font></B>  -Absent
<B><font color = 'blue'> .</font></B>  -undefined
<B><font color = 'blue'> .</font></B>  -Tamilnadu
<B><font color = 'blue'> .</font></B>  -Test and Dev
<B><font color = 'blue'> .</font></B>  -Absent
<B><font color = 'blue'> .</font></B>  -Absent
<B><font color = 'blue'> .</font></B>  -Absent
<B><font color = 'blue'> .</font></B>  -Absent
<B><font color = 'blue'> .</font></B>  -Absent
<B><font color = 'blue'> .</font></B>  -Absent
<B><font color = 'blue'> .</font></B>  -Absent
<B><font color = 'blue'> .</font></B>  -Absent
<B><font color = 'blue'> .</font></B>  -Absent
<B><font color = 'blue'> .</font></B>  -Absent
<B><font color = 'blue'> .</font></B>  -Absent
<B><font color = 'blue'> .</font></B>  -ajeethemp test 
<B><font color = 'blue'> .</font></B>  -ajeethemp@gmail.com
<B><font color = 'blue'> .</font></B>  -A01
<B><font color = 'blue'> .</font></B>  -2022-11-10
<B><font color = 'blue'> .</font></B>  -Absent
<B><font color = 'blue'> .</font></B>  -Absent
<B><font color = 'blue'> .</font></B>  -undefined
<B><font color = 'blue'> .</font></B>  -Tamilnadu
<B><font color = 'blue'> .</font></B>  -Test and Dev
<B><font color = 'blue'> .</font></B>  -Absent
<B><font color = 'blue'> .</font></B>  -Absent
<B><font color = 'blue'> .</font></B>  -Absent
<B><font color = 'blue'> .</font></B>  -Absent
<B><font color = 'blue'> .</font></B>  -Absent
<B><font color = 'blue'> .</font></B>  -Absent
<B><font color = 'blue'> .</font></B>  -Absent
<B><font color = 'blue'> .</font></B>  -Absent
<B><font color = 'blue'> .</font></B>  -Absent
<B><font color = 'blue'> .</font></B>  -Absent
<B><font color = 'blue'> .</font></B>  -Absent
<B><font color = 'blue'> .</font></B>  -test user two 
<B><font color = 'blue'> .</font></B>  -testuser@two.io
<B><font color = 'blue'> .</font></B>  -GSLL-327
<B><font color = 'blue'> .</font></B>  -2022-11-10
<B><font color = 'blue'> .</font></B>  -Absent
<B><font color = 'blue'> .</font></B>  -Absent
<B><font color = 'blue'> .</font></B>  -undefined
<B><font color = 'blue'> .</font></B>  -Tamilnadu
<B><font color = 'blue'> .</font></B>  -Test and Dev
<B><font color = 'blue'> .</font></B>  -Absent
<B><font color = 'blue'> .</font></B>  -Absent
<B><font color = 'blue'> .</font></B>  -Absent
<B><font color = 'blue'> .</font></B>  -Absent
<B><font color = 'blue'> .</font></B>  -Absent
<B><font color = 'blue'> .</font></B>  -Absent
<B><font color = 'blue'> .</font></B>  -Absent
<B><font color = 'blue'> .</font></B>  -Absent
<B><font color = 'blue'> .</font></B>  -Absent
<B><font color = 'blue'> .</font></B>  -Absent
<B><font color = 'blue'> .</font></B>  -Absent
<B><font color = 'blue'> .</font></B>  -dxgfdxg gssdg 
<B><font color = 'blue'> .</font></B>  -sdgsg@dgksodkg.in
<B><font color = 'blue'> .</font></B>  -asfda343443
<B><font color = 'blue'> .</font></B>  -2022-11-10
<B><font color = 'blue'> .</font></B>  -Absent
<B><font color = 'blue'> .</font></B>  -Absent
<B><font color = 'blue'> .</font></B>  -undefined
<B><font color = 'blue'> .</font></B>  -Bhilai
<B><font color = 'blue'> .</font></B>  -Php
<B><font color = 'blue'> .</font></B>  -Absent
<B><font color = 'blue'> .</font></B>  -Absent
<B><font color = 'blue'> .</font></B>  -Absent
<B><font color = 'blue'> .</font></B>  -Absent
<B><font color = 'blue'> .</font></B>  -Absent
<B><font color = 'blue'> .</font></B>  -Absent
<B><font color = 'blue'> .</font></B>  -Absent
<B><font color = 'blue'> .</font></B>  -Absent
<B><font color = 'blue'> .</font></B>  -Absent
<B><font color = 'blue'> .</font></B>  -Absent
<B><font color = 'blue'> .</font></B>  -Absent
<B><font color = 'blue'> .</font></B>  -Guest User 
<B><font color = 'blue'> .</font></B>  -guestuser@gmail.com
<B><font color = 'blue'> .</font></B>  -GLB-777
<B><font color = 'blue'> .</font></B>  -2022-11-10
<B><font color = 'blue'> .</font></B>  -Absent
<B><font color = 'blue'> .</font></B>  -Absent
<B><font color = 'blue'> .</font></B>  -undefined
<B><font color = 'blue'> .</font></B>  -Bhilai
<B><font color = 'blue'> .</font></B>  -Php
<B><font color = 'blue'> .</font></B>  -Absent
<B><font color = 'blue'> .</font></B>  -Absent
<B><font color = 'blue'> .</font></B>  -Absent
<B><font color = 'blue'> .</font></B>  -Absent
<B><font color = 'blue'> .</font></B>  -Absent
<B><font color = 'blue'> .</font></B>  -Absent
<B><font color = 'blue'> .</font></B>  -Absent
<B><font color = 'blue'> .</font></B>  -Absent
<B><font color = 'blue'> .</font></B>  -Absent
<B><font color = 'blue'> .</font></B>  -Absent
<B><font color = 'blue'> .</font></B>  -Absent
<B><font color = 'blue'> .</font></B>  -Himanshu Kumar 
<B><font color = 'blue'> .</font></B>  -himanshu1@gmail.com
<B><font color = 'blue'> .</font></B>  -EM011
<B><font color = 'blue'> .</font></B>  -2022-11-09
<B><font color = 'blue'> .</font></B>  -09-11-2022 00:02:48
<B><font color = 'blue'> .</font></B>  -09-11-2022 00:05:48
<B><font color = 'blue'> .</font></B>  -GLB-181
<B><font color = 'blue'> .</font></B>  -bagalkot
<B><font color = 'blue'> .</font></B>  -manual testing
<B><font color = 'blue'> .</font></B>  -00:03:00
<B><font color = 'blue'> .</font></B>  -00:00:00
<B><font color = 'blue'> .</font></B>  -00:00:00
<B><font color = 'blue'> .</font></B>  -00:00:00
<B><font color = 'blue'> .</font></B>  -00:00:00
<B><font color = 'blue'> .</font></B>  -00:00:00
<B><font color = 'blue'> .</font></B>  -00:00:00
<B><font color = 'blue'> .</font></B>  -00:03:00
<B><font color = 'blue'> .</font></B>  -0.00%
<B><font color = 'blue'> .</font></B>  --480:00
<B><font color = 'blue'> .</font></B>  -0.00
<B><font color = 'blue'> .</font></B>  -D Surya Prabhakar 
<B><font color = 'blue'> .</font></B>  -surya1@gmail.com
<B><font color = 'blue'> .</font></B>  -EM010
<B><font color = 'blue'> .</font></B>  -2022-11-09
<B><font color = 'blue'> .</font></B>  -09-11-2022 00:02:57
<B><font color = 'blue'> .</font></B>  -09-11-2022 00:05:57
<B><font color = 'blue'> .</font></B>  -GLB-110-PC
<B><font color = 'blue'> .</font></B>  -bengaluru
<B><font color = 'blue'> .</font></B>  -Testing
<B><font color = 'blue'> .</font></B>  -00:03:00
<B><font color = 'blue'> .</font></B>  -00:00:00
<B><font color = 'blue'> .</font></B>  -00:00:00
<B><font color = 'blue'> .</font></B>  -00:00:00
<B><font color = 'blue'> .</font></B>  -00:00:00
<B><font color = 'blue'> .</font></B>  -00:00:00
<B><font color = 'blue'> .</font></B>  -00:00:00
<B><font color = 'blue'> .</font></B>  -00:03:00
<B><font color = 'blue'> .</font></B>  -0.00%
<B><font color = 'blue'> .</font></B>  --480:00
<B><font color = 'blue'> .</font></B>  -0.00
<B><font color = 'blue'> .</font></B>  -Usb Test 
<B><font color = 'blue'> .</font></B>  -usbtest123@gmail.com
<B><font color = 'blue'> .</font></B>  -emp0097
<B><font color = 'blue'> .</font></B>  -2022-11-09
<B><font color = 'blue'> .</font></B>  -09-11-2022 10:11:59
<B><font color = 'blue'> .</font></B>  -09-11-2022 12:50:50
<B><font color = 'blue'> .</font></B>  -GLB-BLR-010-PC
<B><font color = 'blue'> .</font></B>  -Default
<B><font color = 'blue'> .</font></B>  -Default
<B><font color = 'blue'> .</font></B>  -02:38:51
<B><font color = 'blue'> .</font></B>  -00:00:00
<B><font color = 'blue'> .</font></B>  -00:00:00
<B><font color = 'blue'> .</font></B>  -00:00:00
<B><font color = 'blue'> .</font></B>  -00:00:00
<B><font color = 'blue'> .</font></B>  -00:00:00
<B><font color = 'blue'> .</font></B>  -00:00:00
<B><font color = 'blue'> .</font></B>  -02:38:51
<B><font color = 'blue'> .</font></B>  -0.00%
<B><font color = 'blue'> .</font></B>  --480:00
<B><font color = 'blue'> .</font></B>  -0.00
<B><font color = 'blue'> .</font></B>  -test manager 
<B><font color = 'blue'> .</font></B>  -manageremp@gmail.com
<B><font color = 'blue'> .</font></B>  -glb020
<B><font color = 'blue'> .</font></B>  -2022-11-09
<B><font color = 'blue'> .</font></B>  -09-11-2022 07:32:51
<B><font color = 'blue'> .</font></B>  -09-11-2022 07:50:53
<B><font color = 'blue'> .</font></B>  -GLB-193-PC
<B><font color = 'blue'> .</font></B>  -Default
<B><font color = 'blue'> .</font></B>  -Default
<B><font color = 'blue'> .</font></B>  -00:18:02
<B><font color = 'blue'> .</font></B>  -00:00:00
<B><font color = 'blue'> .</font></B>  -00:00:00
<B><font color = 'blue'> .</font></B>  -00:00:00
<B><font color = 'blue'> .</font></B>  -00:00:00
<B><font color = 'blue'> .</font></B>  -00:00:00
<B><font color = 'blue'> .</font></B>  -00:00:00
<B><font color = 'blue'> .</font></B>  -00:18:02
<B><font color = 'blue'> .</font></B>  -0.00%
<B><font color = 'blue'> .</font></B>  --480:00
<B><font color = 'blue'> .</font></B>  -0.00
<B><font color = 'blue'> .</font></B>  -try last 
<B><font color = 'blue'> .</font></B>  -try@gmail.com
<B><font color = 'blue'> .</font></B>  -1225455
<B><font color = 'blue'> .</font></B>  -2022-11-09
<B><font color = 'blue'> .</font></B>  -09-11-2022 10:07:50
<B><font color = 'blue'> .</font></B>  -10-11-2022 00:00:00
<B><font color = 'blue'> .</font></B>  -GLB-124-PC
<B><font color = 'blue'> .</font></B>  -Default
<B><font color = 'blue'> .</font></B>  -Default
<B><font color = 'blue'> .</font></B>  -13:52:10
<B><font color = 'blue'> .</font></B>  -00:00:00
<B><font color = 'blue'> .</font></B>  -00:00:00
<B><font color = 'blue'> .</font></B>  -00:00:00
<B><font color = 'blue'> .</font></B>  -00:00:00
<B><font color = 'blue'> .</font></B>  -00:00:00
<B><font color = 'blue'> .</font></B>  -00:00:00
<B><font color = 'blue'> .</font></B>  -13:52:10
<B><font color = 'blue'> .</font></B>  -0.00%
<B><font color = 'blue'> .</font></B>  --480:00
<B><font color = 'blue'> .</font></B>  -0.00
<B><font color = 'blue'> .</font></B>  -Virat kohli 
<B><font color = 'blue'> .</font></B>  -rahukbgdxgsf@gmail.com
<B><font color = 'blue'> .</font></B>  -65332
<B><font color = 'blue'> .</font></B>  -2022-11-09
<B><font color = 'blue'> .</font></B>  -Absent
<B><font color = 'blue'> .</font></B>  -Absent
<B><font color = 'blue'> .</font></B>  -undefined
<B><font color = 'blue'> .</font></B>  -Default
<B><font color = 'blue'> .</font></B>  -Default
<B><font color = 'blue'> .</font></B>  -Absent
<B><font color = 'blue'> .</font></B>  -Absent
<B><font color = 'blue'> .</font></B>  -Absent
<B><font color = 'blue'> .</font></B>  -Absent
<B><font color = 'blue'> .</font></B>  -Absent
<B><font color = 'blue'> .</font></B>  -Absent
<B><font color = 'blue'> .</font></B>  -Absent
<B><font color = 'blue'> .</font></B>  -Absent
<B><font color = 'blue'> .</font></B>  -Absent
<B><font color = 'blue'> .</font></B>  -Absent
<B><font color = 'blue'> .</font></B>  -Absent
<B><font color = 'blue'> .</font></B>  -sadas kadkasdj 
<B><font color = 'blue'> .</font></B>  -dsa@eqe
<B><font color = 'blue'> .</font></B>  -emp129666
<B><font color = 'blue'> .</font></B>  -2022-11-09
<B><font color = 'blue'> .</font></B>  -Absent
<B><font color = 'blue'> .</font></B>  -Absent
<B><font color = 'blue'> .</font></B>  -undefined
<B><font color = 'blue'> .</font></B>  -Default
<B><font color = 'blue'> .</font></B>  -Default
<B><font color = 'blue'> .</font></B>  -Absent
<B><font color = 'blue'> .</font></B>  -Absent
<B><font color = 'blue'> .</font></B>  -Absent
<B><font color = 'blue'> .</font></B>  -Absent
<B><font color = 'blue'> .</font></B>  -Absent
<B><font color = 'blue'> .</font></B>  -Absent
<B><font color = 'blue'> .</font></B>  -Absent
<B><font color = 'blue'> .</font></B>  -Absent
<B><font color = 'blue'> .</font></B>  -Absent
<B><font color = 'blue'> .</font></B>  -Absent
<B><font color = 'blue'> .</font></B>  -Absent
<B><font color = 'blue'> .</font></B>  -New Test 
<B><font color = 'blue'> .</font></B>  -newtest@gmail.com
<B><font color = 'blue'> .</font></B>  -ewer334443
<B><font color = 'blue'> .</font></B>  -2022-11-09
<B><font color = 'blue'> .</font></B>  -Absent
<B><font color = 'blue'> .</font></B>  -Absent
<B><font color = 'blue'> .</font></B>  -undefined
<B><font color = 'blue'> .</font></B>  -Default
<B><font color = 'blue'> .</font></B>  -Default
<B><font color = 'blue'> .</font></B>  -Absent
<B><font color = 'blue'> .</font></B>  -Absent
<B><font color = 'blue'> .</font></B>  -Absent
<B><font color = 'blue'> .</font></B>  -Absent
<B><font color = 'blue'> .</font></B>  -Absent
<B><font color = 'blue'> .</font></B>  -Absent
<B><font color = 'blue'> .</font></B>  -Absent
<B><font color = 'blue'> .</font></B>  -Absent
<B><font color = 'blue'> .</font></B>  -Absent
<B><font color = 'blue'> .</font></B>  -Absent
<B><font color = 'blue'> .</font></B>  -Absent
<B><font color = 'blue'> .</font></B>  -dshcdb uidsbf 
<B><font color = 'blue'> .</font></B>  -dvbvdb@yahoo.com
<B><font color = 'blue'> .</font></B>  -435454
<B><font color = 'blue'> .</font></B>  -2022-11-09
<B><font color = 'blue'> .</font></B>  -Absent
<B><font color = 'blue'> .</font></B>  -Absent
<B><font color = 'blue'> .</font></B>  -undefined
<B><font color = 'blue'> .</font></B>  -Default
<B><font color = 'blue'> .</font></B>  -Default
<B><font color = 'blue'> .</font></B>  -Absent
<B><font color = 'blue'> .</font></B>  -Absent
<B><font color = 'blue'> .</font></B>  -Absent
<B><font color = 'blue'> .</font></B>  -Absent
<B><font color = 'blue'> .</font></B>  -Absent
<B><font color = 'blue'> .</font></B>  -Absent
<B><font color = 'blue'> .</font></B>  -Absent
<B><font color = 'blue'> .</font></B>  -Absent
<B><font color = 'blue'> .</font></B>  -Absent
<B><font color = 'blue'> .</font></B>  -Absent
<B><font color = 'blue'> .</font></B>  -Absent
<B><font color = 'blue'> .</font></B>  -vdjvdb yusvdvbbh 
<B><font color = 'blue'> .</font></B>  -dvhbfdh@gmail.com
<B><font color = 'blue'> .</font></B>  -wq534342
<B><font color = 'blue'> .</font></B>  -2022-11-09
<B><font color = 'blue'> .</font></B>  -Absent
<B><font color = 'blue'> .</font></B>  -Absent
<B><font color = 'blue'> .</font></B>  -undefined
<B><font color = 'blue'> .</font></B>  -Default
<B><font color = 'blue'> .</font></B>  -Default
<B><font color = 'blue'> .</font></B>  -Absent
<B><font color = 'blue'> .</font></B>  -Absent
<B><font color = 'blue'> .</font></B>  -Absent
<B><font color = 'blue'> .</font></B>  -Absent
<B><font color = 'blue'> .</font></B>  -Absent
<B><font color = 'blue'> .</font></B>  -Absent
<B><font color = 'blue'> .</font></B>  -Absent
<B><font color = 'blue'> .</font></B>  -Absent
<B><font color = 'blue'> .</font></B>  -Absent
<B><font color = 'blue'> .</font></B>  -Absent
<B><font color = 'blue'> .</font></B>  -Absent
<B><font color = 'blue'> .</font></B>  -Mail Test user 
<B><font color = 'blue'> .</font></B>  -maintest@user.io
<B><font color = 'blue'> .</font></B>  -GLB-1223888
<B><font color = 'blue'> .</font></B>  -2022-11-09
<B><font color = 'blue'> .</font></B>  -Absent
<B><font color = 'blue'> .</font></B>  -Absent
<B><font color = 'blue'> .</font></B>  -undefined
<B><font color = 'blue'> .</font></B>  -Default
<B><font color = 'blue'> .</font></B>  -Default
<B><font color = 'blue'> .</font></B>  -Absent
<B><font color = 'blue'> .</font></B>  -Absent
<B><font color = 'blue'> .</font></B>  -Absent
<B><font color = 'blue'> .</font></B>  -Absent
<B><font color = 'blue'> .</font></B>  -Absent
<B><font color = 'blue'> .</font></B>  -Absent
<B><font color = 'blue'> .</font></B>  -Absent
<B><font color = 'blue'> .</font></B>  -Absent
<B><font color = 'blue'> .</font></B>  -Absent
<B><font color = 'blue'> .</font></B>  -Absent
<B><font color = 'blue'> .</font></B>  -Absent
<B><font color = 'blue'> .</font></B>  -Update Check 
<B><font color = 'blue'> .</font></B>  -updates@gmail.com
<B><font color = 'blue'> .</font></B>  -emp543
<B><font color = 'blue'> .</font></B>  -2022-11-09
<B><font color = 'blue'> .</font></B>  -Absent
<B><font color = 'blue'> .</font></B>  -Absent
<B><font color = 'blue'> .</font></B>  -undefined
<B><font color = 'blue'> .</font></B>  -Default
<B><font color = 'blue'> .</font></B>  -Default
<B><font color = 'blue'> .</font></B>  -Absent
<B><font color = 'blue'> .</font></B>  -Absent
<B><font color = 'blue'> .</font></B>  -Absent
<B><font color = 'blue'> .</font></B>  -Absent
<B><font color = 'blue'> .</font></B>  -Absent
<B><font color = 'blue'> .</font></B>  -Absent
<B><font color = 'blue'> .</font></B>  -Absent
<B><font color = 'blue'> .</font></B>  -Absent
<B><font color = 'blue'> .</font></B>  -Absent
<B><font color = 'blue'> .</font></B>  -Absent
<B><font color = 'blue'> .</font></B>  -Absent
<B><font color = 'blue'> .</font></B>  -DESKTOP-PJJHB19 - GLB-BLR-002OjUpRD2 
<B><font color = 'blue'> .</font></B>  --
<B><font color = 'blue'> .</font></B>  -GLB-BLR-002OjUpRD2
<B><font color = 'blue'> .</font></B>  -2022-11-09
<B><font color = 'blue'> .</font></B>  -Absent
<B><font color = 'blue'> .</font></B>  -Absent
<B><font color = 'blue'> .</font></B>  -undefined
<B><font color = 'blue'> .</font></B>  -Default
<B><font color = 'blue'> .</font></B>  -Default
<B><font color = 'blue'> .</font></B>  -Absent
<B><font color = 'blue'> .</font></B>  -Absent
<B><font color = 'blue'> .</font></B>  -Absent
<B><font color = 'blue'> .</font></B>  -Absent
<B><font color = 'blue'> .</font></B>  -Absent
<B><font color = 'blue'> .</font></B>  -Absent
<B><font color = 'blue'> .</font></B>  -Absent
<B><font color = 'blue'> .</font></B>  -Absent
<B><font color = 'blue'> .</font></B>  -Absent
<B><font color = 'blue'> .</font></B>  -Absent
<B><font color = 'blue'> .</font></B>  -Absent
<B><font color = 'blue'> .</font></B>  -SS Keystrokes 
<B><font color = 'blue'> .</font></B>  -sskey@gmail.com
<B><font color = 'blue'> .</font></B>  -emp98y
<B><font color = 'blue'> .</font></B>  -2022-11-09
<B><font color = 'blue'> .</font></B>  -Absent
<B><font color = 'blue'> .</font></B>  -Absent
<B><font color = 'blue'> .</font></B>  -undefined
<B><font color = 'blue'> .</font></B>  -Default
<B><font color = 'blue'> .</font></B>  -Default
<B><font color = 'blue'> .</font></B>  -Absent
<B><font color = 'blue'> .</font></B>  -Absent
<B><font color = 'blue'> .</font></B>  -Absent
<B><font color = 'blue'> .</font></B>  -Absent
<B><font color = 'blue'> .</font></B>  -Absent
<B><font color = 'blue'> .</font></B>  -Absent
<B><font color = 'blue'> .</font></B>  -Absent
<B><font color = 'blue'> .</font></B>  -Absent
<B><font color = 'blue'> .</font></B>  -Absent
<B><font color = 'blue'> .</font></B>  -Absent
<B><font color = 'blue'> .</font></B>  -Absent
<B><font color = 'blue'> .</font></B>  -shivammmmmmmmmmmmmmmmmmmm Kumar 
<B><font color = 'blue'> .</font></B>  -kgfyash545@gmail.com
<B><font color = 'blue'> .</font></B>  -hsakhdjk414
<B><font color = 'blue'> .</font></B>  -2022-11-09
<B><font color = 'blue'> .</font></B>  -Absent
<B><font color = 'blue'> .</font></B>  -Absent
<B><font color = 'blue'> .</font></B>  -undefined
<B><font color = 'blue'> .</font></B>  -Default
<B><font color = 'blue'> .</font></B>  -Default
<B><font color = 'blue'> .</font></B>  -Absent
<B><font color = 'blue'> .</font></B>  -Absent
<B><font color = 'blue'> .</font></B>  -Absent
<B><font color = 'blue'> .</font></B>  -Absent
<B><font color = 'blue'> .</font></B>  -Absent
<B><font color = 'blue'> .</font></B>  -Absent
<B><font color = 'blue'> .</font></B>  -Absent
<B><font color = 'blue'> .</font></B>  -Absent
<B><font color = 'blue'> .</font></B>  -Absent
<B><font color = 'blue'> .</font></B>  -Absent
<B><font color = 'blue'> .</font></B>  -Absent
<B><font color = 'blue'> .</font></B>  -Abhishek Four tf test 
<B><font color = 'blue'> .</font></B>  -abhishekfourtf@mail.com
<B><font color = 'blue'> .</font></B>  -HLIKSJ98
<B><font color = 'blue'> .</font></B>  -2022-11-09
<B><font color = 'blue'> .</font></B>  -Absent
<B><font color = 'blue'> .</font></B>  -Absent
<B><font color = 'blue'> .</font></B>  -undefined
<B><font color = 'blue'> .</font></B>  -Default
<B><font color = 'blue'> .</font></B>  -Default
<B><font color = 'blue'> .</font></B>  -Absent
<B><font color = 'blue'> .</font></B>  -Absent
<B><font color = 'blue'> .</font></B>  -Absent
<B><font color = 'blue'> .</font></B>  -Absent
<B><font color = 'blue'> .</font></B>  -Absent
<B><font color = 'blue'> .</font></B>  -Absent
<B><font color = 'blue'> .</font></B>  -Absent
<B><font color = 'blue'> .</font></B>  -Absent
<B><font color = 'blue'> .</font></B>  -Absent
<B><font color = 'blue'> .</font></B>  -Absent
<B><font color = 'blue'> .</font></B>  -Absent
<B><font color = 'blue'> .</font></B>  -new dev user 
<B><font color = 'blue'> .</font></B>  -new@dev.user
<B><font color = 'blue'> .</font></B>  -fdfsfsd
<B><font color = 'blue'> .</font></B>  -2022-11-09
<B><font color = 'blue'> .</font></B>  -Absent
<B><font color = 'blue'> .</font></B>  -Absent
<B><font color = 'blue'> .</font></B>  -undefined
<B><font color = 'blue'> .</font></B>  -Default
<B><font color = 'blue'> .</font></B>  -Default
<B><font color = 'blue'> .</font></B>  -Absent
<B><font color = 'blue'> .</font></B>  -Absent
<B><font color = 'blue'> .</font></B>  -Absent
<B><font color = 'blue'> .</font></B>  -Absent
<B><font color = 'blue'> .</font></B>  -Absent
<B><font color = 'blue'> .</font></B>  -Absent
<B><font color = 'blue'> .</font></B>  -Absent
<B><font color = 'blue'> .</font></B>  -Absent
<B><font color = 'blue'> .</font></B>  -Absent
<B><font color = 'blue'> .</font></B>  -Absent
<B><font color = 'blue'> .</font></B>  -Absent
<B><font color = 'blue'> .</font></B>  -aaaaaaaaaa aaaaaaaaa 
<B><font color = 'blue'> .</font></B>  -mmmm@gmail.com
<B><font color = 'blue'> .</font></B>  -80765s
<B><font color = 'blue'> .</font></B>  -2022-11-09
<B><font color = 'blue'> .</font></B>  -Absent
<B><font color = 'blue'> .</font></B>  -Absent
<B><font color = 'blue'> .</font></B>  -undefined
<B><font color = 'blue'> .</font></B>  -Bangalore
<B><font color = 'blue'> .</font></B>  -Testing
<B><font color = 'blue'> .</font></B>  -Absent
<B><font color = 'blue'> .</font></B>  -Absent
<B><font color = 'blue'> .</font></B>  -Absent
<B><font color = 'blue'> .</font></B>  -Absent
<B><font color = 'blue'> .</font></B>  -Absent
<B><font color = 'blue'> .</font></B>  -Absent
<B><font color = 'blue'> .</font></B>  -Absent
<B><font color = 'blue'> .</font></B>  -Absent
<B><font color = 'blue'> .</font></B>  -Absent
<B><font color = 'blue'> .</font></B>  -Absent
<B><font color = 'blue'> .</font></B>  -Absent
<B><font color = 'blue'> .</font></B>  -sumesh test 
<B><font color = 'blue'> .</font></B>  -sumesh@mail.com
<B><font color = 'blue'> .</font></B>  -fdgfdgf
<B><font color = 'blue'> .</font></B>  -2022-11-09
<B><font color = 'blue'> .</font></B>  -Absent
<B><font color = 'blue'> .</font></B>  -Absent
<B><font color = 'blue'> .</font></B>  -undefined
<B><font color = 'blue'> .</font></B>  -Bangalore
<B><font color = 'blue'> .</font></B>  -Testing
<B><font color = 'blue'> .</font></B>  -Absent
<B><font color = 'blue'> .</font></B>  -Absent
<B><font color = 'blue'> .</font></B>  -Absent
<B><font color = 'blue'> .</font></B>  -Absent
<B><font color = 'blue'> .</font></B>  -Absent
<B><font color = 'blue'> .</font></B>  -Absent
<B><font color = 'blue'> .</font></B>  -Absent
<B><font color = 'blue'> .</font></B>  -Absent
<B><font color = 'blue'> .</font></B>  -Absent
<B><font color = 'blue'> .</font></B>  -Absent
<B><font color = 'blue'> .</font></B>  -Absent
<B><font color = 'blue'> .</font></B>  -Test msc 
<B><font color = 'blue'> .</font></B>  -test123@gmail.com
<B><font color = 'blue'> .</font></B>  -12254
<B><font color = 'blue'> .</font></B>  -2022-11-09
<B><font color = 'blue'> .</font></B>  -Absent
<B><font color = 'blue'> .</font></B>  -Absent
<B><font color = 'blue'> .</font></B>  -undefined
<B><font color = 'blue'> .</font></B>  -Bangalore
<B><font color = 'blue'> .</font></B>  -Testing
<B><font color = 'blue'> .</font></B>  -Absent
<B><font color = 'blue'> .</font></B>  -Absent
<B><font color = 'blue'> .</font></B>  -Absent
<B><font color = 'blue'> .</font></B>  -Absent
<B><font color = 'blue'> .</font></B>  -Absent
<B><font color = 'blue'> .</font></B>  -Absent
<B><font color = 'blue'> .</font></B>  -Absent
<B><font color = 'blue'> .</font></B>  -Absent
<B><font color = 'blue'> .</font></B>  -Absent
<B><font color = 'blue'> .</font></B>  -Absent
<B><font color = 'blue'> .</font></B>  -Absent
<B><font color = 'blue'> .</font></B>  -deffdfds vscsc 
<B><font color = 'blue'> .</font></B>  -cscsdw123@gmail.com
<B><font color = 'blue'> .</font></B>  -1234512
<B><font color = 'blue'> .</font></B>  -2022-11-09
<B><font color = 'blue'> .</font></B>  -Absent
<B><font color = 'blue'> .</font></B>  -Absent
<B><font color = 'blue'> .</font></B>  -undefined
<B><font color = 'blue'> .</font></B>  -Bangalore
<B><font color = 'blue'> .</font></B>  -Testing
<B><font color = 'blue'> .</font></B>  -Absent
<B><font color = 'blue'> .</font></B>  -Absent
<B><font color = 'blue'> .</font></B>  -Absent
<B><font color = 'blue'> .</font></B>  -Absent
<B><font color = 'blue'> .</font></B>  -Absent
<B><font color = 'blue'> .</font></B>  -Absent
<B><font color = 'blue'> .</font></B>  -Absent
<B><font color = 'blue'> .</font></B>  -Absent
<B><font color = 'blue'> .</font></B>  -Absent
<B><font color = 'blue'> .</font></B>  -Absent
<B><font color = 'blue'> .</font></B>  -Absent
<B><font color = 'blue'> .</font></B>  -test testtt 
<B><font color = 'blue'> .</font></B>  -abcd@gmail.com
<B><font color = 'blue'> .</font></B>  -GLB55
<B><font color = 'blue'> .</font></B>  -2022-11-09
<B><font color = 'blue'> .</font></B>  -Absent
<B><font color = 'blue'> .</font></B>  -Absent
<B><font color = 'blue'> .</font></B>  -undefined
<B><font color = 'blue'> .</font></B>  -Bangalore
<B><font color = 'blue'> .</font></B>  -Testing
<B><font color = 'blue'> .</font></B>  -Absent
<B><font color = 'blue'> .</font></B>  -Absent
<B><font color = 'blue'> .</font></B>  -Absent
<B><font color = 'blue'> .</font></B>  -Absent
<B><font color = 'blue'> .</font></B>  -Absent
<B><font color = 'blue'> .</font></B>  -Absent
<B><font color = 'blue'> .</font></B>  -Absent
<B><font color = 'blue'> .</font></B>  -Absent
<B><font color = 'blue'> .</font></B>  -Absent
<B><font color = 'blue'> .</font></B>  -Absent
<B><font color = 'blue'> .</font></B>  -Absent
<B><font color = 'blue'> .</font></B>  -Abhishe tt 
<B><font color = 'blue'> .</font></B>  -ab@ab.com
<B><font color = 'blue'> .</font></B>  -GKD567
<B><font color = 'blue'> .</font></B>  -2022-11-09
<B><font color = 'blue'> .</font></B>  -Absent
<B><font color = 'blue'> .</font></B>  -Absent
<B><font color = 'blue'> .</font></B>  -undefined
<B><font color = 'blue'> .</font></B>  -Bangalore
<B><font color = 'blue'> .</font></B>  -Testing
<B><font color = 'blue'> .</font></B>  -Absent
<B><font color = 'blue'> .</font></B>  -Absent
<B><font color = 'blue'> .</font></B>  -Absent
<B><font color = 'blue'> .</font></B>  -Absent
<B><font color = 'blue'> .</font></B>  -Absent
<B><font color = 'blue'> .</font></B>  -Absent
<B><font color = 'blue'> .</font></B>  -Absent
<B><font color = 'blue'> .</font></B>  -Absent
<B><font color = 'blue'> .</font></B>  -Absent
<B><font color = 'blue'> .</font></B>  -Absent
<B><font color = 'blue'> .</font></B>  -Absent
<B><font color = 'blue'> .</font></B>  -test nonadmin 
<B><font color = 'blue'> .</font></B>  -testnonadmin@gmail.com
<B><font color = 'blue'> .</font></B>  -GLB026
<B><font color = 'blue'> .</font></B>  -2022-11-09
<B><font color = 'blue'> .</font></B>  -Absent
<B><font color = 'blue'> .</font></B>  -Absent
<B><font color = 'blue'> .</font></B>  -undefined
<B><font color = 'blue'> .</font></B>  -Bangalore
<B><font color = 'blue'> .</font></B>  -Php
<B><font color = 'blue'> .</font></B>  -Absent
<B><font color = 'blue'> .</font></B>  -Absent
<B><font color = 'blue'> .</font></B>  -Absent
<B><font color = 'blue'> .</font></B>  -Absent
<B><font color = 'blue'> .</font></B>  -Absent
<B><font color = 'blue'> .</font></B>  -Absent
<B><font color = 'blue'> .</font></B>  -Absent
<B><font color = 'blue'> .</font></B>  -Absent
<B><font color = 'blue'> .</font></B>  -Absent
<B><font color = 'blue'> .</font></B>  -Absent
<B><font color = 'blue'> .</font></B>  -Absent
<B><font color = 'blue'> .</font></B>  -adg ckj 
<B><font color = 'blue'> .</font></B>  -adcs@1234
<B><font color = 'blue'> .</font></B>  -583
<B><font color = 'blue'> .</font></B>  -2022-11-09
<B><font color = 'blue'> .</font></B>  -Absent
<B><font color = 'blue'> .</font></B>  -Absent
<B><font color = 'blue'> .</font></B>  -undefined
<B><font color = 'blue'> .</font></B>  -Bangalore
<B><font color = 'blue'> .</font></B>  -Testing
<B><font color = 'blue'> .</font></B>  -Absent
<B><font color = 'blue'> .</font></B>  -Absent
<B><font color = 'blue'> .</font></B>  -Absent
<B><font color = 'blue'> .</font></B>  -Absent
<B><font color = 'blue'> .</font></B>  -Absent
<B><font color = 'blue'> .</font></B>  -Absent
<B><font color = 'blue'> .</font></B>  -Absent
<B><font color = 'blue'> .</font></B>  -Absent
<B><font color = 'blue'> .</font></B>  -Absent
<B><font color = 'blue'> .</font></B>  -Absent
<B><font color = 'blue'> .</font></B>  -Absent
<B><font color = 'blue'> .</font></B>  -dominic toretto 
<B><font color = 'blue'> .</font></B>  -dom.toretto737@gmail.com
<B><font color = 'blue'> .</font></B>  -EMP011
<B><font color = 'blue'> .</font></B>  -2022-11-09
<B><font color = 'blue'> .</font></B>  -Absent
<B><font color = 'blue'> .</font></B>  -Absent
<B><font color = 'blue'> .</font></B>  -undefined
<B><font color = 'blue'> .</font></B>  -Bangalore
<B><font color = 'blue'> .</font></B>  -Testing
<B><font color = 'blue'> .</font></B>  -Absent
<B><font color = 'blue'> .</font></B>  -Absent
<B><font color = 'blue'> .</font></B>  -Absent
<B><font color = 'blue'> .</font></B>  -Absent
<B><font color = 'blue'> .</font></B>  -Absent
<B><font color = 'blue'> .</font></B>  -Absent
<B><font color = 'blue'> .</font></B>  -Absent
<B><font color = 'blue'> .</font></B>  -Absent
<B><font color = 'blue'> .</font></B>  -Absent
<B><font color = 'blue'> .</font></B>  -Absent
<B><font color = 'blue'> .</font></B>  -Absent
<B><font color = 'blue'> .</font></B>  -Abhishek Test 
<B><font color = 'blue'> .</font></B>  -abhishektrest@glb.in
<B><font color = 'blue'> .</font></B>  -rN7tvEiDPGNi4fD
<B><font color = 'blue'> .</font></B>  -2022-11-09
<B><font color = 'blue'> .</font></B>  -Absent
<B><font color = 'blue'> .</font></B>  -Absent
<B><font color = 'blue'> .</font></B>  -undefined
<B><font color = 'blue'> .</font></B>  -Bangalore
<B><font color = 'blue'> .</font></B>  -Php
<B><font color = 'blue'> .</font></B>  -Absent
<B><font color = 'blue'> .</font></B>  -Absent
<B><font color = 'blue'> .</font></B>  -Absent
<B><font color = 'blue'> .</font></B>  -Absent
<B><font color = 'blue'> .</font></B>  -Absent
<B><font color = 'blue'> .</font></B>  -Absent
<B><font color = 'blue'> .</font></B>  -Absent
<B><font color = 'blue'> .</font></B>  -Absent
<B><font color = 'blue'> .</font></B>  -Absent
<B><font color = 'blue'> .</font></B>  -Absent
<B><font color = 'blue'> .</font></B>  -Absent
<B><font color = 'blue'> .</font></B>  -Superior Test one 
<B><font color = 'blue'> .</font></B>  -superiorone@gmail.com
<B><font color = 'blue'> .</font></B>  -twoqw
<B><font color = 'blue'> .</font></B>  -2022-11-09
<B><font color = 'blue'> .</font></B>  -Absent
<B><font color = 'blue'> .</font></B>  -Absent
<B><font color = 'blue'> .</font></B>  -undefined
<B><font color = 'blue'> .</font></B>  -Bangalore
<B><font color = 'blue'> .</font></B>  -Testing
<B><font color = 'blue'> .</font></B>  -Absent
<B><font color = 'blue'> .</font></B>  -Absent
<B><font color = 'blue'> .</font></B>  -Absent
<B><font color = 'blue'> .</font></B>  -Absent
<B><font color = 'blue'> .</font></B>  -Absent
<B><font color = 'blue'> .</font></B>  -Absent
<B><font color = 'blue'> .</font></B>  -Absent
<B><font color = 'blue'> .</font></B>  -Absent
<B><font color = 'blue'> .</font></B>  -Absent
<B><font color = 'blue'> .</font></B>  -Absent
<B><font color = 'blue'> .</font></B>  -Absent
<B><font color = 'blue'> .</font></B>  -test testw 
<B><font color = 'blue'> .</font></B>  -test@mac.in
<B><font color = 'blue'> .</font></B>  -aaf123
<B><font color = 'blue'> .</font></B>  -2022-11-09
<B><font color = 'blue'> .</font></B>  -Absent
<B><font color = 'blue'> .</font></B>  -Absent
<B><font color = 'blue'> .</font></B>  -undefined
<B><font color = 'blue'> .</font></B>  -Bangalore
<B><font color = 'blue'> .</font></B>  -Php
<B><font color = 'blue'> .</font></B>  -Absent
<B><font color = 'blue'> .</font></B>  -Absent
<B><font color = 'blue'> .</font></B>  -Absent
<B><font color = 'blue'> .</font></B>  -Absent
<B><font color = 'blue'> .</font></B>  -Absent
<B><font color = 'blue'> .</font></B>  -Absent
<B><font color = 'blue'> .</font></B>  -Absent
<B><font color = 'blue'> .</font></B>  -Absent
<B><font color = 'blue'> .</font></B>  -Absent
<B><font color = 'blue'> .</font></B>  -Absent
<B><font color = 'blue'> .</font></B>  -Absent
<B><font color = 'blue'> .</font></B>  -sam eer 
<B><font color = 'blue'> .</font></B>  -sam@rf.in
<B><font color = 'blue'> .</font></B>  -WSAERT2Q34E
<B><font color = 'blue'> .</font></B>  -2022-11-09
<B><font color = 'blue'> .</font></B>  -Absent
<B><font color = 'blue'> .</font></B>  -Absent
<B><font color = 'blue'> .</font></B>  -undefined
<B><font color = 'blue'> .</font></B>  -Bangalore
<B><font color = 'blue'> .</font></B>  -Testing
<B><font color = 'blue'> .</font></B>  -Absent
<B><font color = 'blue'> .</font></B>  -Absent
<B><font color = 'blue'> .</font></B>  -Absent
<B><font color = 'blue'> .</font></B>  -Absent
<B><font color = 'blue'> .</font></B>  -Absent
<B><font color = 'blue'> .</font></B>  -Absent
<B><font color = 'blue'> .</font></B>  -Absent
<B><font color = 'blue'> .</font></B>  -Absent
<B><font color = 'blue'> .</font></B>  -Absent
<B><font color = 'blue'> .</font></B>  -Absent
<B><font color = 'blue'> .</font></B>  -Absent
<B><font color = 'blue'> .</font></B>  -Test test 
<B><font color = 'blue'> .</font></B>  -sarikajain@gmail.com
<B><font color = 'blue'> .</font></B>  -E-101
<B><font color = 'blue'> .</font></B>  -2022-11-09
<B><font color = 'blue'> .</font></B>  -Absent
<B><font color = 'blue'> .</font></B>  -Absent
<B><font color = 'blue'> .</font></B>  -undefined
<B><font color = 'blue'> .</font></B>  -Bangalore
<B><font color = 'blue'> .</font></B>  -Testing
<B><font color = 'blue'> .</font></B>  -Absent
<B><font color = 'blue'> .</font></B>  -Absent
<B><font color = 'blue'> .</font></B>  -Absent
<B><font color = 'blue'> .</font></B>  -Absent
<B><font color = 'blue'> .</font></B>  -Absent
<B><font color = 'blue'> .</font></B>  -Absent
<B><font color = 'blue'> .</font></B>  -Absent
<B><font color = 'blue'> .</font></B>  -Absent
<B><font color = 'blue'> .</font></B>  -Absent
<B><font color = 'blue'> .</font></B>  -Absent
<B><font color = 'blue'> .</font></B>  -Absent
<B><font color = 'blue'> .</font></B>  -sithu kalluru 
<B><font color = 'blue'> .</font></B>  -sitaramireddy@globussoft.in
<B><font color = 'blue'> .</font></B>  -code12
<B><font color = 'blue'> .</font></B>  -2022-11-09
<B><font color = 'blue'> .</font></B>  -Absent
<B><font color = 'blue'> .</font></B>  -Absent
<B><font color = 'blue'> .</font></B>  -undefined
<B><font color = 'blue'> .</font></B>  -Bangalore
<B><font color = 'blue'> .</font></B>  -Testing
<B><font color = 'blue'> .</font></B>  -Absent
<B><font color = 'blue'> .</font></B>  -Absent
<B><font color = 'blue'> .</font></B>  -Absent
<B><font color = 'blue'> .</font></B>  -Absent
<B><font color = 'blue'> .</font></B>  -Absent
<B><font color = 'blue'> .</font></B>  -Absent
<B><font color = 'blue'> .</font></B>  -Absent
<B><font color = 'blue'> .</font></B>  -Absent
<B><font color = 'blue'> .</font></B>  -Absent
<B><font color = 'blue'> .</font></B>  -Absent
<B><font color = 'blue'> .</font></B>  -Absent
<B><font color = 'blue'> .</font></B>  -test123 abcd 
<B><font color = 'blue'> .</font></B>  -s@gmail.com
<B><font color = 'blue'> .</font></B>  -code123z
<B><font color = 'blue'> .</font></B>  -2022-11-09
<B><font color = 'blue'> .</font></B>  -Absent
<B><font color = 'blue'> .</font></B>  -Absent
<B><font color = 'blue'> .</font></B>  -undefined
<B><font color = 'blue'> .</font></B>  -Bangalore
<B><font color = 'blue'> .</font></B>  -Testing
<B><font color = 'blue'> .</font></B>  -Absent
<B><font color = 'blue'> .</font></B>  -Absent
<B><font color = 'blue'> .</font></B>  -Absent
<B><font color = 'blue'> .</font></B>  -Absent
<B><font color = 'blue'> .</font></B>  -Absent
<B><font color = 'blue'> .</font></B>  -Absent
<B><font color = 'blue'> .</font></B>  -Absent
<B><font color = 'blue'> .</font></B>  -Absent
<B><font color = 'blue'> .</font></B>  -Absent
<B><font color = 'blue'> .</font></B>  -Absent
<B><font color = 'blue'> .</font></B>  -Absent
<B><font color = 'blue'> .</font></B>  -testing test 
<B><font color = 'blue'> .</font></B>  -aarshajoyson1601@gmail.com
<B><font color = 'blue'> .</font></B>  -glb0008
<B><font color = 'blue'> .</font></B>  -2022-11-09
<B><font color = 'blue'> .</font></B>  -Absent
<B><font color = 'blue'> .</font></B>  -Absent
<B><font color = 'blue'> .</font></B>  -undefined
<B><font color = 'blue'> .</font></B>  -Bangalore
<B><font color = 'blue'> .</font></B>  -Php
<B><font color = 'blue'> .</font></B>  -Absent
<B><font color = 'blue'> .</font></B>  -Absent
<B><font color = 'blue'> .</font></B>  -Absent
<B><font color = 'blue'> .</font></B>  -Absent
<B><font color = 'blue'> .</font></B>  -Absent
<B><font color = 'blue'> .</font></B>  -Absent
<B><font color = 'blue'> .</font></B>  -Absent
<B><font color = 'blue'> .</font></B>  -Absent
<B><font color = 'blue'> .</font></B>  -Absent
<B><font color = 'blue'> .</font></B>  -Absent
<B><font color = 'blue'> .</font></B>  -Absent
<B><font color = 'blue'> .</font></B>  -Automation CodeeeAuto 
<B><font color = 'blue'> .</font></B>  -skabcdef7@gmail.com
<B><font color = 'blue'> .</font></B>  -Emp-Abzcde-1234522
<B><font color = 'blue'> .</font></B>  -2022-11-09
<B><font color = 'blue'> .</font></B>  -Absent
<B><font color = 'blue'> .</font></B>  -Absent
<B><font color = 'blue'> .</font></B>  -undefined
<B><font color = 'blue'> .</font></B>  -Bangalore
<B><font color = 'blue'> .</font></B>  -Testing
<B><font color = 'blue'> .</font></B>  -Absent
<B><font color = 'blue'> .</font></B>  -Absent
<B><font color = 'blue'> .</font></B>  -Absent
<B><font color = 'blue'> .</font></B>  -Absent
<B><font color = 'blue'> .</font></B>  -Absent
<B><font color = 'blue'> .</font></B>  -Absent
<B><font color = 'blue'> .</font></B>  -Absent
<B><font color = 'blue'> .</font></B>  -Absent
<B><font color = 'blue'> .</font></B>  -Absent
<B><font color = 'blue'> .</font></B>  -Absent
<B><font color = 'blue'> .</font></B>  -Absent
<B><font color = 'blue'> .</font></B>  -piyush dfgsfg 
<B><font color = 'blue'> .</font></B>  -jos@gmail.com
<B><font color = 'blue'> .</font></B>  -sdgff
<B><font color = 'blue'> .</font></B>  -2022-11-09
<B><font color = 'blue'> .</font></B>  -Absent
<B><font color = 'blue'> .</font></B>  -Absent
<B><font color = 'blue'> .</font></B>  -undefined
<B><font color = 'blue'> .</font></B>  -Bangalore
<B><font color = 'blue'> .</font></B>  -Testing
<B><font color = 'blue'> .</font></B>  -Absent
<B><font color = 'blue'> .</font></B>  -Absent
<B><font color = 'blue'> .</font></B>  -Absent
<B><font color = 'blue'> .</font></B>  -Absent
<B><font color = 'blue'> .</font></B>  -Absent
<B><font color = 'blue'> .</font></B>  -Absent
<B><font color = 'blue'> .</font></B>  -Absent
<B><font color = 'blue'> .</font></B>  -Absent
<B><font color = 'blue'> .</font></B>  -Absent
<B><font color = 'blue'> .</font></B>  -Absent
<B><font color = 'blue'> .</font></B>  -Absent
<B><font color = 'blue'> .</font></B>  -Aryan raj 
<B><font color = 'blue'> .</font></B>  -alex@gmail.com
<B><font color = 'blue'> .</font></B>  -126
<B><font color = 'blue'> .</font></B>  -2022-11-09
<B><font color = 'blue'> .</font></B>  -Absent
<B><font color = 'blue'> .</font></B>  -Absent
<B><font color = 'blue'> .</font></B>  -undefined
<B><font color = 'blue'> .</font></B>  -Bangalore
<B><font color = 'blue'> .</font></B>  -Testing
<B><font color = 'blue'> .</font></B>  -Absent
<B><font color = 'blue'> .</font></B>  -Absent
<B><font color = 'blue'> .</font></B>  -Absent
<B><font color = 'blue'> .</font></B>  -Absent
<B><font color = 'blue'> .</font></B>  -Absent
<B><font color = 'blue'> .</font></B>  -Absent
<B><font color = 'blue'> .</font></B>  -Absent
<B><font color = 'blue'> .</font></B>  -Absent
<B><font color = 'blue'> .</font></B>  -Absent
<B><font color = 'blue'> .</font></B>  -Absent
<B><font color = 'blue'> .</font></B>  -Absent
<B><font color = 'blue'> .</font></B>  -Automation CodeeeAuto 
<B><font color = 'blue'> .</font></B>  -skabcdef38@gmail.com
<B><font color = 'blue'> .</font></B>  -Emp-Abzcde-123457
<B><font color = 'blue'> .</font></B>  -2022-11-09
<B><font color = 'blue'> .</font></B>  -Absent
<B><font color = 'blue'> .</font></B>  -Absent
<B><font color = 'blue'> .</font></B>  -undefined
<B><font color = 'blue'> .</font></B>  -Bangalore
<B><font color = 'blue'> .</font></B>  -Testing
<B><font color = 'blue'> .</font></B>  -Absent
<B><font color = 'blue'> .</font></B>  -Absent
<B><font color = 'blue'> .</font></B>  -Absent
<B><font color = 'blue'> .</font></B>  -Absent
<B><font color = 'blue'> .</font></B>  -Absent
<B><font color = 'blue'> .</font></B>  -Absent
<B><font color = 'blue'> .</font></B>  -Absent
<B><font color = 'blue'> .</font></B>  -Absent
<B><font color = 'blue'> .</font></B>  -Absent
<B><font color = 'blue'> .</font></B>  -Absent
<B><font color = 'blue'> .</font></B>  -Absent
<B><font color = 'blue'> .</font></B>  -Automation CodeeeAuto 
<B><font color = 'blue'> .</font></B>  -skabcdef33@gmail.com
<B><font color = 'blue'> .</font></B>  -Emp-Abzcde-1234557
<B><font color = 'blue'> .</font></B>  -2022-11-09
<B><font color = 'blue'> .</font></B>  -Absent
<B><font color = 'blue'> .</font></B>  -Absent
<B><font color = 'blue'> .</font></B>  -undefined
<B><font color = 'blue'> .</font></B>  -Bangalore
<B><font color = 'blue'> .</font></B>  -Testing
<B><font color = 'blue'> .</font></B>  -Absent
<B><font color = 'blue'> .</font></B>  -Absent
<B><font color = 'blue'> .</font></B>  -Absent
<B><font color = 'blue'> .</font></B>  -Absent
<B><font color = 'blue'> .</font></B>  -Absent
<B><font color = 'blue'> .</font></B>  -Absent
<B><font color = 'blue'> .</font></B>  -Absent
<B><font color = 'blue'> .</font></B>  -Absent
<B><font color = 'blue'> .</font></B>  -Absent
<B><font color = 'blue'> .</font></B>  -Absent
<B><font color = 'blue'> .</font></B>  -Absent
<B><font color = 'blue'> .</font></B>  -R o       hit Sharma 
<B><font color = 'blue'> .</font></B>  -rahulrajt5613928@gmail.com
<B><font color = 'blue'> .</font></B>  -67645
<B><font color = 'blue'> .</font></B>  -2022-11-09
<B><font color = 'blue'> .</font></B>  -Absent
<B><font color = 'blue'> .</font></B>  -Absent
<B><font color = 'blue'> .</font></B>  -undefined
<B><font color = 'blue'> .</font></B>  -bengaluru
<B><font color = 'blue'> .</font></B>  -Testing
<B><font color = 'blue'> .</font></B>  -Absent
<B><font color = 'blue'> .</font></B>  -Absent
<B><font color = 'blue'> .</font></B>  -Absent
<B><font color = 'blue'> .</font></B>  -Absent
<B><font color = 'blue'> .</font></B>  -Absent
<B><font color = 'blue'> .</font></B>  -Absent
<B><font color = 'blue'> .</font></B>  -Absent
<B><font color = 'blue'> .</font></B>  -Absent
<B><font color = 'blue'> .</font></B>  -Absent
<B><font color = 'blue'> .</font></B>  -Absent
<B><font color = 'blue'> .</font></B>  -Absent
<B><font color = 'blue'> .</font></B>  -ni test 
<B><font color = 'blue'> .</font></B>  -nitest12@gmail.com
<B><font color = 'blue'> .</font></B>  -GLB678
<B><font color = 'blue'> .</font></B>  -2022-11-09
<B><font color = 'blue'> .</font></B>  -Absent
<B><font color = 'blue'> .</font></B>  -Absent
<B><font color = 'blue'> .</font></B>  -undefined
<B><font color = 'blue'> .</font></B>  -bengaluru
<B><font color = 'blue'> .</font></B>  -Testing
<B><font color = 'blue'> .</font></B>  -Absent
<B><font color = 'blue'> .</font></B>  -Absent
<B><font color = 'blue'> .</font></B>  -Absent
<B><font color = 'blue'> .</font></B>  -Absent
<B><font color = 'blue'> .</font></B>  -Absent
<B><font color = 'blue'> .</font></B>  -Absent
<B><font color = 'blue'> .</font></B>  -Absent
<B><font color = 'blue'> .</font></B>  -Absent
<B><font color = 'blue'> .</font></B>  -Absent
<B><font color = 'blue'> .</font></B>  -Absent
<B><font color = 'blue'> .</font></B>  -Absent
<B><font color = 'blue'> .</font></B>  -one test 
<B><font color = 'blue'> .</font></B>  -testone1234@gmail.com
<B><font color = 'blue'> .</font></B>  -0110
<B><font color = 'blue'> .</font></B>  -2022-11-09
<B><font color = 'blue'> .</font></B>  -Absent
<B><font color = 'blue'> .</font></B>  -Absent
<B><font color = 'blue'> .</font></B>  -undefined
<B><font color = 'blue'> .</font></B>  -bengaluru
<B><font color = 'blue'> .</font></B>  -Testing
<B><font color = 'blue'> .</font></B>  -Absent
<B><font color = 'blue'> .</font></B>  -Absent
<B><font color = 'blue'> .</font></B>  -Absent
<B><font color = 'blue'> .</font></B>  -Absent
<B><font color = 'blue'> .</font></B>  -Absent
<B><font color = 'blue'> .</font></B>  -Absent
<B><font color = 'blue'> .</font></B>  -Absent
<B><font color = 'blue'> .</font></B>  -Absent
<B><font color = 'blue'> .</font></B>  -Absent
<B><font color = 'blue'> .</font></B>  -Absent
<B><font color = 'blue'> .</font></B>  -Absent
<B><font color = 'blue'> .</font></B>  -GLB-BLR-010-PC - GLB-BLR-010 
<B><font color = 'blue'> .</font></B>  -abcd@yuksdgus
<B><font color = 'blue'> .</font></B>  -GLB-BLR-010
<B><font color = 'blue'> .</font></B>  -2022-11-09
<B><font color = 'blue'> .</font></B>  -Absent
<B><font color = 'blue'> .</font></B>  -Absent
<B><font color = 'blue'> .</font></B>  -undefined
<B><font color = 'blue'> .</font></B>  -bengaluru
<B><font color = 'blue'> .</font></B>  -Testing
<B><font color = 'blue'> .</font></B>  -Absent
<B><font color = 'blue'> .</font></B>  -Absent
<B><font color = 'blue'> .</font></B>  -Absent
<B><font color = 'blue'> .</font></B>  -Absent
<B><font color = 'blue'> .</font></B>  -Absent
<B><font color = 'blue'> .</font></B>  -Absent
<B><font color = 'blue'> .</font></B>  -Absent
<B><font color = 'blue'> .</font></B>  -Absent
<B><font color = 'blue'> .</font></B>  -Absent
<B><font color = 'blue'> .</font></B>  -Absent
<B><font color = 'blue'> .</font></B>  -Absent
<B><font color = 'blue'> .</font></B>  -surya kk 
<B><font color = 'blue'> .</font></B>  -123@gmail.com
<B><font color = 'blue'> .</font></B>  -mmmmm
<B><font color = 'blue'> .</font></B>  -2022-11-09
<B><font color = 'blue'> .</font></B>  -Absent
<B><font color = 'blue'> .</font></B>  -Absent
<B><font color = 'blue'> .</font></B>  -undefined
<B><font color = 'blue'> .</font></B>  -Tamilnadu
<B><font color = 'blue'> .</font></B>  -Test and Dev
<B><font color = 'blue'> .</font></B>  -Absent
<B><font color = 'blue'> .</font></B>  -Absent
<B><font color = 'blue'> .</font></B>  -Absent
<B><font color = 'blue'> .</font></B>  -Absent
<B><font color = 'blue'> .</font></B>  -Absent
<B><font color = 'blue'> .</font></B>  -Absent
<B><font color = 'blue'> .</font></B>  -Absent
<B><font color = 'blue'> .</font></B>  -Absent
<B><font color = 'blue'> .</font></B>  -Absent
<B><font color = 'blue'> .</font></B>  -Absent
<B><font color = 'blue'> .</font></B>  -Absent
<B><font color = 'blue'> .</font></B>  -sai kk 
<B><font color = 'blue'> .</font></B>  -saikk19876@gmail.com
<B><font color = 'blue'> .</font></B>  -20221019
<B><font color = 'blue'> .</font></B>  -2022-11-09
<B><font color = 'blue'> .</font></B>  -Absent
<B><font color = 'blue'> .</font></B>  -Absent
<B><font color = 'blue'> .</font></B>  -undefined
<B><font color = 'blue'> .</font></B>  -Tamilnadu
<B><font color = 'blue'> .</font></B>  -Test and Dev
<B><font color = 'blue'> .</font></B>  -Absent
<B><font color = 'blue'> .</font></B>  -Absent
<B><font color = 'blue'> .</font></B>  -Absent
<B><font color = 'blue'> .</font></B>  -Absent
<B><font color = 'blue'> .</font></B>  -Absent
<B><font color = 'blue'> .</font></B>  -Absent
<B><font color = 'blue'> .</font></B>  -Absent
<B><font color = 'blue'> .</font></B>  -Absent
<B><font color = 'blue'> .</font></B>  -Absent
<B><font color = 'blue'> .</font></B>  -Absent
<B><font color = 'blue'> .</font></B>  -Absent
<B><font color = 'blue'> .</font></B>  -ajeethemp test 
<B><font color = 'blue'> .</font></B>  -ajeethemp@gmail.com
<B><font color = 'blue'> .</font></B>  -A01
<B><font color = 'blue'> .</font></B>  -2022-11-09
<B><font color = 'blue'> .</font></B>  -Absent
<B><font color = 'blue'> .</font></B>  -Absent
<B><font color = 'blue'> .</font></B>  -undefined
<B><font color = 'blue'> .</font></B>  -Tamilnadu
<B><font color = 'blue'> .</font></B>  -Test and Dev
<B><font color = 'blue'> .</font></B>  -Absent
<B><font color = 'blue'> .</font></B>  -Absent
<B><font color = 'blue'> .</font></B>  -Absent
<B><font color = 'blue'> .</font></B>  -Absent
<B><font color = 'blue'> .</font></B>  -Absent
<B><font color = 'blue'> .</font></B>  -Absent
<B><font color = 'blue'> .</font></B>  -Absent
<B><font color = 'blue'> .</font></B>  -Absent
<B><font color = 'blue'> .</font></B>  -Absent
<B><font color = 'blue'> .</font></B>  -Absent
<B><font color = 'blue'> .</font></B>  -Absent
<B><font color = 'blue'> .</font></B>  -test user two 
<B><font color = 'blue'> .</font></B>  -testuser@two.io
<B><font color = 'blue'> .</font></B>  -GSLL-327
<B><font color = 'blue'> .</font></B>  -2022-11-09
<B><font color = 'blue'> .</font></B>  -Absent
<B><font color = 'blue'> .</font></B>  -Absent
<B><font color = 'blue'> .</font></B>  -undefined
<B><font color = 'blue'> .</font></B>  -Tamilnadu
<B><font color = 'blue'> .</font></B>  -Test and Dev
<B><font color = 'blue'> .</font></B>  -Absent
<B><font color = 'blue'> .</font></B>  -Absent
<B><font color = 'blue'> .</font></B>  -Absent
<B><font color = 'blue'> .</font></B>  -Absent
<B><font color = 'blue'> .</font></B>  -Absent
<B><font color = 'blue'> .</font></B>  -Absent
<B><font color = 'blue'> .</font></B>  -Absent
<B><font color = 'blue'> .</font></B>  -Absent
<B><font color = 'blue'> .</font></B>  -Absent
<B><font color = 'blue'> .</font></B>  -Absent
<B><font color = 'blue'> .</font></B>  -Absent
<B><font color = 'blue'> .</font></B>  -dxgfdxg gssdg 
<B><font color = 'blue'> .</font></B>  -sdgsg@dgksodkg.in
<B><font color = 'blue'> .</font></B>  -asfda343443
<B><font color = 'blue'> .</font></B>  -2022-11-09
<B><font color = 'blue'> .</font></B>  -Absent
<B><font color = 'blue'> .</font></B>  -Absent
<B><font color = 'blue'> .</font></B>  -undefined
<B><font color = 'blue'> .</font></B>  -Bhilai
<B><font color = 'blue'> .</font></B>  -Php
<B><font color = 'blue'> .</font></B>  -Absent
<B><font color = 'blue'> .</font></B>  -Absent
<B><font color = 'blue'> .</font></B>  -Absent
<B><font color = 'blue'> .</font></B>  -Absent
<B><font color = 'blue'> .</font></B>  -Absent
<B><font color = 'blue'> .</font></B>  -Absent
<B><font color = 'blue'> .</font></B>  -Absent
<B><font color = 'blue'> .</font></B>  -Absent
<B><font color = 'blue'> .</font></B>  -Absent
<B><font color = 'blue'> .</font></B>  -Absent
<B><font color = 'blue'> .</font></B>  -Absent
<B><font color = 'blue'> .</font></B>  -Guest User 
<B><font color = 'blue'> .</font></B>  -guestuser@gmail.com
<B><font color = 'blue'> .</font></B>  -GLB-777
<B><font color = 'blue'> .</font></B>  -2022-11-09
<B><font color = 'blue'> .</font></B>  -Absent
<B><font color = 'blue'> .</font></B>  -Absent
<B><font color = 'blue'> .</font></B>  -undefined
<B><font color = 'blue'> .</font></B>  -Bhilai
<B><font color = 'blue'> .</font></B>  -Php
<B><font color = 'blue'> .</font></B>  -Absent
<B><font color = 'blue'> .</font></B>  -Absent
<B><font color = 'blue'> .</font></B>  -Absent
<B><font color = 'blue'> .</font></B>  -Absent
<B><font color = 'blue'> .</font></B>  -Absent
<B><font color = 'blue'> .</font></B>  -Absent
<B><font color = 'blue'> .</font></B>  -Absent
<B><font color = 'blue'> .</font></B>  -Absent
<B><font color = 'blue'> .</font></B>  -Absent
<B><font color = 'blue'> .</font></B>  -Absent
<B><font color = 'blue'> .</font></B>  -Absent
<B><font color = 'blue'> .</font></B>  -test123 abcd 
<B><font color = 'blue'> .</font></B>  -s@gmail.com
<B><font color = 'blue'> .</font></B>  -code123z
<B><font color = 'blue'> .</font></B>  -2022-11-08
<B><font color = 'blue'> .</font></B>  -08-11-2022 00:00:00
<B><font color = 'blue'> .</font></B>  -08-11-2022 00:01:27
<B><font color = 'blue'> .</font></B>  -GLB-124-PC
<B><font color = 'blue'> .</font></B>  -Bangalore
<B><font color = 'blue'> .</font></B>  -Testing
<B><font color = 'blue'> .</font></B>  -00:01:27
<B><font color = 'blue'> .</font></B>  -00:00:00
<B><font color = 'blue'> .</font></B>  -00:00:00
<B><font color = 'blue'> .</font></B>  -00:00:00
<B><font color = 'blue'> .</font></B>  -00:00:00
<B><font color = 'blue'> .</font></B>  -00:00:00
<B><font color = 'blue'> .</font></B>  -00:00:00
<B><font color = 'blue'> .</font></B>  -00:01:27
<B><font color = 'blue'> .</font></B>  -0.00%
<B><font color = 'blue'> .</font></B>  --480:00
<B><font color = 'blue'> .</font></B>  -0.00
<B><font color = 'blue'> .</font></B>  -Himanshu Kumar 
<B><font color = 'blue'> .</font></B>  -himanshu1@gmail.com
<B><font color = 'blue'> .</font></B>  -EM011
<B><font color = 'blue'> .</font></B>  -2022-11-08
<B><font color = 'blue'> .</font></B>  -08-11-2022 00:00:00
<B><font color = 'blue'> .</font></B>  -08-11-2022 00:00:08
<B><font color = 'blue'> .</font></B>  -GLB-181
<B><font color = 'blue'> .</font></B>  -bagalkot
<B><font color = 'blue'> .</font></B>  -manual testing
<B><font color = 'blue'> .</font></B>  -00:00:08
<B><font color = 'blue'> .</font></B>  -00:00:00
<B><font color = 'blue'> .</font></B>  -00:00:00
<B><font color = 'blue'> .</font></B>  -00:00:00
<B><font color = 'blue'> .</font></B>  -00:00:00
<B><font color = 'blue'> .</font></B>  -00:00:00
<B><font color = 'blue'> .</font></B>  -00:00:00
<B><font color = 'blue'> .</font></B>  -00:00:08
<B><font color = 'blue'> .</font></B>  -0.00%
<B><font color = 'blue'> .</font></B>  --480:00
<B><font color = 'blue'> .</font></B>  -0.00
<B><font color = 'blue'> .</font></B>  -D Surya Prabhakar 
<B><font color = 'blue'> .</font></B>  -surya1@gmail.com
<B><font color = 'blue'> .</font></B>  -EM010
<B><font color = 'blue'> .</font></B>  -2022-11-08
<B><font color = 'blue'> .</font></B>  -08-11-2022 00:00:00
<B><font color = 'blue'> .</font></B>  -08-11-2022 00:02:43
<B><font color = 'blue'> .</font></B>  -GLB-110-PC
<B><font color = 'blue'> .</font></B>  -bengaluru
<B><font color = 'blue'> .</font></B>  -Testing
<B><font color = 'blue'> .</font></B>  -00:02:43
<B><font color = 'blue'> .</font></B>  -00:00:00
<B><font color = 'blue'> .</font></B>  -00:00:00
<B><font color = 'blue'> .</font></B>  -00:00:00
<B><font color = 'blue'> .</font></B>  -00:00:00
<B><font color = 'blue'> .</font></B>  -00:00:00
<B><font color = 'blue'> .</font></B>  -00:00:00
<B><font color = 'blue'> .</font></B>  -00:02:43
<B><font color = 'blue'> .</font></B>  -0.00%
<B><font color = 'blue'> .</font></B>  --480:00
<B><font color = 'blue'> .</font></B>  -0.00
<B><font color = 'blue'> .</font></B>  -Usb Test 
<B><font color = 'blue'> .</font></B>  -usbtest123@gmail.com
<B><font color = 'blue'> .</font></B>  -emp0097
<B><font color = 'blue'> .</font></B>  -2022-11-08
<B><font color = 'blue'> .</font></B>  -08-11-2022 15:41:36
<B><font color = 'blue'> .</font></B>  -08-11-2022 19:21:23
<B><font color = 'blue'> .</font></B>  -GLB-BLR-010-PC
<B><font color = 'blue'> .</font></B>  -Default
<B><font color = 'blue'> .</font></B>  -Default
<B><font color = 'blue'> .</font></B>  -03:39:47
<B><font color = 'blue'> .</font></B>  -00:00:00
<B><font color = 'blue'> .</font></B>  -00:00:00
<B><font color = 'blue'> .</font></B>  -00:00:00
<B><font color = 'blue'> .</font></B>  -00:00:00
<B><font color = 'blue'> .</font></B>  -00:00:00
<B><font color = 'blue'> .</font></B>  -00:00:00
<B><font color = 'blue'> .</font></B>  -03:39:47
<B><font color = 'blue'> .</font></B>  -0.00%
<B><font color = 'blue'> .</font></B>  --480:00
<B><font color = 'blue'> .</font></B>  -0.00
<B><font color = 'blue'> .</font></B>  -Virat kohli 
<B><font color = 'blue'> .</font></B>  -rahukbgdxgsf@gmail.com
<B><font color = 'blue'> .</font></B>  -65332
<B><font color = 'blue'> .</font></B>  -2022-11-08
<B><font color = 'blue'> .</font></B>  -Absent
<B><font color = 'blue'> .</font></B>  -Absent
<B><font color = 'blue'> .</font></B>  -undefined
<B><font color = 'blue'> .</font></B>  -Default
<B><font color = 'blue'> .</font></B>  -Default
<B><font color = 'blue'> .</font></B>  -Absent
<B><font color = 'blue'> .</font></B>  -Absent
<B><font color = 'blue'> .</font></B>  -Absent
<B><font color = 'blue'> .</font></B>  -Absent
<B><font color = 'blue'> .</font></B>  -Absent
<B><font color = 'blue'> .</font></B>  -Absent
<B><font color = 'blue'> .</font></B>  -Absent
<B><font color = 'blue'> .</font></B>  -Absent
<B><font color = 'blue'> .</font></B>  -Absent
<B><font color = 'blue'> .</font></B>  -Absent
<B><font color = 'blue'> .</font></B>  -Absent
<B><font color = 'blue'> .</font></B>  -sadas kadkasdj 
<B><font color = 'blue'> .</font></B>  -dsa@eqe
<B><font color = 'blue'> .</font></B>  -emp129666
<B><font color = 'blue'> .</font></B>  -2022-11-08
<B><font color = 'blue'> .</font></B>  -Absent
<B><font color = 'blue'> .</font></B>  -Absent
<B><font color = 'blue'> .</font></B>  -undefined
<B><font color = 'blue'> .</font></B>  -Default
<B><font color = 'blue'> .</font></B>  -Default
<B><font color = 'blue'> .</font></B>  -Absent
<B><font color = 'blue'> .</font></B>  -Absent
<B><font color = 'blue'> .</font></B>  -Absent
<B><font color = 'blue'> .</font></B>  -Absent
<B><font color = 'blue'> .</font></B>  -Absent
<B><font color = 'blue'> .</font></B>  -Absent
<B><font color = 'blue'> .</font></B>  -Absent
<B><font color = 'blue'> .</font></B>  -Absent
<B><font color = 'blue'> .</font></B>  -Absent
<B><font color = 'blue'> .</font></B>  -Absent
<B><font color = 'blue'> .</font></B>  -Absent
<B><font color = 'blue'> .</font></B>  -New Test 
<B><font color = 'blue'> .</font></B>  -newtest@gmail.com
<B><font color = 'blue'> .</font></B>  -ewer334443
<B><font color = 'blue'> .</font></B>  -2022-11-08
<B><font color = 'blue'> .</font></B>  -Absent
<B><font color = 'blue'> .</font></B>  -Absent
<B><font color = 'blue'> .</font></B>  -undefined
<B><font color = 'blue'> .</font></B>  -Default
<B><font color = 'blue'> .</font></B>  -Default
<B><font color = 'blue'> .</font></B>  -Absent
<B><font color = 'blue'> .</font></B>  -Absent
<B><font color = 'blue'> .</font></B>  -Absent
<B><font color = 'blue'> .</font></B>  -Absent
<B><font color = 'blue'> .</font></B>  -Absent
<B><font color = 'blue'> .</font></B>  -Absent
<B><font color = 'blue'> .</font></B>  -Absent
<B><font color = 'blue'> .</font></B>  -Absent
<B><font color = 'blue'> .</font></B>  -Absent
<B><font color = 'blue'> .</font></B>  -Absent
<B><font color = 'blue'> .</font></B>  -Absent
<B><font color = 'blue'> .</font></B>  -dshcdb uidsbf 
<B><font color = 'blue'> .</font></B>  -dvbvdb@yahoo.com
<B><font color = 'blue'> .</font></B>  -435454
<B><font color = 'blue'> .</font></B>  -2022-11-08
<B><font color = 'blue'> .</font></B>  -Absent
<B><font color = 'blue'> .</font></B>  -Absent
<B><font color = 'blue'> .</font></B>  -undefined
<B><font color = 'blue'> .</font></B>  -Default
<B><font color = 'blue'> .</font></B>  -Default
<B><font color = 'blue'> .</font></B>  -Absent
<B><font color = 'blue'> .</font></B>  -Absent
<B><font color = 'blue'> .</font></B>  -Absent
<B><font color = 'blue'> .</font></B>  -Absent
<B><font color = 'blue'> .</font></B>  -Absent
<B><font color = 'blue'> .</font></B>  -Absent
<B><font color = 'blue'> .</font></B>  -Absent
<B><font color = 'blue'> .</font></B>  -Absent
<B><font color = 'blue'> .</font></B>  -Absent
<B><font color = 'blue'> .</font></B>  -Absent
<B><font color = 'blue'> .</font></B>  -Absent
<B><font color = 'blue'> .</font></B>  -try last 
<B><font color = 'blue'> .</font></B>  -try@gmail.com
<B><font color = 'blue'> .</font></B>  -1225455
<B><font color = 'blue'> .</font></B>  -2022-11-08
<B><font color = 'blue'> .</font></B>  -Absent
<B><font color = 'blue'> .</font></B>  -Absent
<B><font color = 'blue'> .</font></B>  -undefined
<B><font color = 'blue'> .</font></B>  -Default
<B><font color = 'blue'> .</font></B>  -Default
<B><font color = 'blue'> .</font></B>  -Absent
<B><font color = 'blue'> .</font></B>  -Absent
<B><font color = 'blue'> .</font></B>  -Absent
<B><font color = 'blue'> .</font></B>  -Absent
<B><font color = 'blue'> .</font></B>  -Absent
<B><font color = 'blue'> .</font></B>  -Absent
<B><font color = 'blue'> .</font></B>  -Absent
<B><font color = 'blue'> .</font></B>  -Absent
<B><font color = 'blue'> .</font></B>  -Absent
<B><font color = 'blue'> .</font></B>  -Absent
<B><font color = 'blue'> .</font></B>  -Absent
<B><font color = 'blue'> .</font></B>  -vdjvdb yusvdvbbh 
<B><font color = 'blue'> .</font></B>  -dvhbfdh@gmail.com
<B><font color = 'blue'> .</font></B>  -wq534342
<B><font color = 'blue'> .</font></B>  -2022-11-08
<B><font color = 'blue'> .</font></B>  -Absent
<B><font color = 'blue'> .</font></B>  -Absent
<B><font color = 'blue'> .</font></B>  -undefined
<B><font color = 'blue'> .</font></B>  -Default
<B><font color = 'blue'> .</font></B>  -Default
<B><font color = 'blue'> .</font></B>  -Absent
<B><font color = 'blue'> .</font></B>  -Absent
<B><font color = 'blue'> .</font></B>  -Absent
<B><font color = 'blue'> .</font></B>  -Absent
<B><font color = 'blue'> .</font></B>  -Absent
<B><font color = 'blue'> .</font></B>  -Absent
<B><font color = 'blue'> .</font></B>  -Absent
<B><font color = 'blue'> .</font></B>  -Absent
<B><font color = 'blue'> .</font></B>  -Absent
<B><font color = 'blue'> .</font></B>  -Absent
<B><font color = 'blue'> .</font></B>  -Absent
<B><font color = 'blue'> .</font></B>  -Mail Test user 
<B><font color = 'blue'> .</font></B>  -maintest@user.io
<B><font color = 'blue'> .</font></B>  -GLB-1223888
<B><font color = 'blue'> .</font></B>  -2022-11-08
<B><font color = 'blue'> .</font></B>  -Absent
<B><font color = 'blue'> .</font></B>  -Absent
<B><font color = 'blue'> .</font></B>  -undefined
<B><font color = 'blue'> .</font></B>  -Default
<B><font color = 'blue'> .</font></B>  -Default
<B><font color = 'blue'> .</font></B>  -Absent
<B><font color = 'blue'> .</font></B>  -Absent
<B><font color = 'blue'> .</font></B>  -Absent
<B><font color = 'blue'> .</font></B>  -Absent
<B><font color = 'blue'> .</font></B>  -Absent
<B><font color = 'blue'> .</font></B>  -Absent
<B><font color = 'blue'> .</font></B>  -Absent
<B><font color = 'blue'> .</font></B>  -Absent
<B><font color = 'blue'> .</font></B>  -Absent
<B><font color = 'blue'> .</font></B>  -Absent
<B><font color = 'blue'> .</font></B>  -Absent
<B><font color = 'blue'> .</font></B>  -Update Check 
<B><font color = 'blue'> .</font></B>  -updates@gmail.com
<B><font color = 'blue'> .</font></B>  -emp543
<B><font color = 'blue'> .</font></B>  -2022-11-08
<B><font color = 'blue'> .</font></B>  -Absent
<B><font color = 'blue'> .</font></B>  -Absent
<B><font color = 'blue'> .</font></B>  -undefined
<B><font color = 'blue'> .</font></B>  -Default
<B><font color = 'blue'> .</font></B>  -Default
<B><font color = 'blue'> .</font></B>  -Absent
<B><font color = 'blue'> .</font></B>  -Absent
<B><font color = 'blue'> .</font></B>  -Absent
<B><font color = 'blue'> .</font></B>  -Absent
<B><font color = 'blue'> .</font></B>  -Absent
<B><font color = 'blue'> .</font></B>  -Absent
<B><font color = 'blue'> .</font></B>  -Absent
<B><font color = 'blue'> .</font></B>  -Absent
<B><font color = 'blue'> .</font></B>  -Absent
<B><font color = 'blue'> .</font></B>  -Absent
<B><font color = 'blue'> .</font></B>  -Absent
<B><font color = 'blue'> .</font></B>  -test manager 
<B><font color = 'blue'> .</font></B>  -manageremp@gmail.com
<B><font color = 'blue'> .</font></B>  -glb020
<B><font color = 'blue'> .</font></B>  -2022-11-08
<B><font color = 'blue'> .</font></B>  -Absent
<B><font color = 'blue'> .</font></B>  -Absent
<B><font color = 'blue'> .</font></B>  -undefined
<B><font color = 'blue'> .</font></B>  -Default
<B><font color = 'blue'> .</font></B>  -Default
<B><font color = 'blue'> .</font></B>  -Absent
<B><font color = 'blue'> .</font></B>  -Absent
<B><font color = 'blue'> .</font></B>  -Absent
<B><font color = 'blue'> .</font></B>  -Absent
<B><font color = 'blue'> .</font></B>  -Absent
<B><font color = 'blue'> .</font></B>  -Absent
<B><font color = 'blue'> .</font></B>  -Absent
<B><font color = 'blue'> .</font></B>  -Absent
<B><font color = 'blue'> .</font></B>  -Absent
<B><font color = 'blue'> .</font></B>  -Absent
<B><font color = 'blue'> .</font></B>  -Absent
<B><font color = 'blue'> .</font></B>  -DESKTOP-PJJHB19 - GLB-BLR-002OjUpRD2 
<B><font color = 'blue'> .</font></B>  --
<B><font color = 'blue'> .</font></B>  -GLB-BLR-002OjUpRD2
<B><font color = 'blue'> .</font></B>  -2022-11-08
<B><font color = 'blue'> .</font></B>  -Absent
<B><font color = 'blue'> .</font></B>  -Absent
<B><font color = 'blue'> .</font></B>  -undefined
<B><font color = 'blue'> .</font></B>  -Default
<B><font color = 'blue'> .</font></B>  -Default
<B><font color = 'blue'> .</font></B>  -Absent
<B><font color = 'blue'> .</font></B>  -Absent
<B><font color = 'blue'> .</font></B>  -Absent
<B><font color = 'blue'> .</font></B>  -Absent
<B><font color = 'blue'> .</font></B>  -Absent
<B><font color = 'blue'> .</font></B>  -Absent
<B><font color = 'blue'> .</font></B>  -Absent
<B><font color = 'blue'> .</font></B>  -Absent
<B><font color = 'blue'> .</font></B>  -Absent
<B><font color = 'blue'> .</font></B>  -Absent
<B><font color = 'blue'> .</font></B>  -Absent
<B><font color = 'blue'> .</font></B>  -SS Keystrokes 
<B><font color = 'blue'> .</font></B>  -sskey@gmail.com
<B><font color = 'blue'> .</font></B>  -emp98y
<B><font color = 'blue'> .</font></B>  -2022-11-08
<B><font color = 'blue'> .</font></B>  -Absent
<B><font color = 'blue'> .</font></B>  -Absent
<B><font color = 'blue'> .</font></B>  -undefined
<B><font color = 'blue'> .</font></B>  -Default
<B><font color = 'blue'> .</font></B>  -Default
<B><font color = 'blue'> .</font></B>  -Absent
<B><font color = 'blue'> .</font></B>  -Absent
<B><font color = 'blue'> .</font></B>  -Absent
<B><font color = 'blue'> .</font></B>  -Absent
<B><font color = 'blue'> .</font></B>  -Absent
<B><font color = 'blue'> .</font></B>  -Absent
<B><font color = 'blue'> .</font></B>  -Absent
<B><font color = 'blue'> .</font></B>  -Absent
<B><font color = 'blue'> .</font></B>  -Absent
<B><font color = 'blue'> .</font></B>  -Absent
<B><font color = 'blue'> .</font></B>  -Absent
<B><font color = 'blue'> .</font></B>  -shivammmmmmmmmmmmmmmmmmmm Kumar 
<B><font color = 'blue'> .</font></B>  -kgfyash545@gmail.com
<B><font color = 'blue'> .</font></B>  -hsakhdjk414
<B><font color = 'blue'> .</font></B>  -2022-11-08
<B><font color = 'blue'> .</font></B>  -Absent
<B><font color = 'blue'> .</font></B>  -Absent
<B><font color = 'blue'> .</font></B>  -undefined
<B><font color = 'blue'> .</font></B>  -Default
<B><font color = 'blue'> .</font></B>  -Default
<B><font color = 'blue'> .</font></B>  -Absent
<B><font color = 'blue'> .</font></B>  -Absent
<B><font color = 'blue'> .</font></B>  -Absent
<B><font color = 'blue'> .</font></B>  -Absent
<B><font color = 'blue'> .</font></B>  -Absent
<B><font color = 'blue'> .</font></B>  -Absent
<B><font color = 'blue'> .</font></B>  -Absent
<B><font color = 'blue'> .</font></B>  -Absent
<B><font color = 'blue'> .</font></B>  -Absent
<B><font color = 'blue'> .</font></B>  -Absent
<B><font color = 'blue'> .</font></B>  -Absent
<B><font color = 'blue'> .</font></B>  -Abhishek Four tf test 
<B><font color = 'blue'> .</font></B>  -abhishekfourtf@mail.com
<B><font color = 'blue'> .</font></B>  -HLIKSJ98
<B><font color = 'blue'> .</font></B>  -2022-11-08
<B><font color = 'blue'> .</font></B>  -Absent
<B><font color = 'blue'> .</font></B>  -Absent
<B><font color = 'blue'> .</font></B>  -undefined
<B><font color = 'blue'> .</font></B>  -Default
<B><font color = 'blue'> .</font></B>  -Default
<B><font color = 'blue'> .</font></B>  -Absent
<B><font color = 'blue'> .</font></B>  -Absent
<B><font color = 'blue'> .</font></B>  -Absent
<B><font color = 'blue'> .</font></B>  -Absent
<B><font color = 'blue'> .</font></B>  -Absent
<B><font color = 'blue'> .</font></B>  -Absent
<B><font color = 'blue'> .</font></B>  -Absent
<B><font color = 'blue'> .</font></B>  -Absent
<B><font color = 'blue'> .</font></B>  -Absent
<B><font color = 'blue'> .</font></B>  -Absent
<B><font color = 'blue'> .</font></B>  -Absent
<B><font color = 'blue'> .</font></B>  -new dev user 
<B><font color = 'blue'> .</font></B>  -new@dev.user
<B><font color = 'blue'> .</font></B>  -fdfsfsd
<B><font color = 'blue'> .</font></B>  -2022-11-08
<B><font color = 'blue'> .</font></B>  -Absent
<B><font color = 'blue'> .</font></B>  -Absent
<B><font color = 'blue'> .</font></B>  -undefined
<B><font color = 'blue'> .</font></B>  -Default
<B><font color = 'blue'> .</font></B>  -Default
<B><font color = 'blue'> .</font></B>  -Absent
<B><font color = 'blue'> .</font></B>  -Absent
<B><font color = 'blue'> .</font></B>  -Absent
<B><font color = 'blue'> .</font></B>  -Absent
<B><font color = 'blue'> .</font></B>  -Absent
<B><font color = 'blue'> .</font></B>  -Absent
<B><font color = 'blue'> .</font></B>  -Absent
<B><font color = 'blue'> .</font></B>  -Absent
<B><font color = 'blue'> .</font></B>  -Absent
<B><font color = 'blue'> .</font></B>  -Absent
<B><font color = 'blue'> .</font></B>  -Absent
<B><font color = 'blue'> .</font></B>  -aaaaaaaaaa aaaaaaaaa 
<B><font color = 'blue'> .</font></B>  -mmmm@gmail.com
<B><font color = 'blue'> .</font></B>  -80765s
<B><font color = 'blue'> .</font></B>  -2022-11-08
<B><font color = 'blue'> .</font></B>  -Absent
<B><font color = 'blue'> .</font></B>  -Absent
<B><font color = 'blue'> .</font></B>  -undefined
<B><font color = 'blue'> .</font></B>  -Bangalore
<B><font color = 'blue'> .</font></B>  -Testing
<B><font color = 'blue'> .</font></B>  -Absent
<B><font color = 'blue'> .</font></B>  -Absent
<B><font color = 'blue'> .</font></B>  -Absent
<B><font color = 'blue'> .</font></B>  -Absent
<B><font color = 'blue'> .</font></B>  -Absent
<B><font color = 'blue'> .</font></B>  -Absent
<B><font color = 'blue'> .</font></B>  -Absent
<B><font color = 'blue'> .</font></B>  -Absent
<B><font color = 'blue'> .</font></B>  -Absent
<B><font color = 'blue'> .</font></B>  -Absent
<B><font color = 'blue'> .</font></B>  -Absent
<B><font color = 'blue'> .</font></B>  -sumesh test 
<B><font color = 'blue'> .</font></B>  -sumesh@mail.com
<B><font color = 'blue'> .</font></B>  -fdgfdgf
<B><font color = 'blue'> .</font></B>  -2022-11-08
<B><font color = 'blue'> .</font></B>  -Absent
<B><font color = 'blue'> .</font></B>  -Absent
<B><font color = 'blue'> .</font></B>  -undefined
<B><font color = 'blue'> .</font></B>  -Bangalore
<B><font color = 'blue'> .</font></B>  -Testing
<B><font color = 'blue'> .</font></B>  -Absent
<B><font color = 'blue'> .</font></B>  -Absent
<B><font color = 'blue'> .</font></B>  -Absent
<B><font color = 'blue'> .</font></B>  -Absent
<B><font color = 'blue'> .</font></B>  -Absent
<B><font color = 'blue'> .</font></B>  -Absent
<B><font color = 'blue'> .</font></B>  -Absent
<B><font color = 'blue'> .</font></B>  -Absent
<B><font color = 'blue'> .</font></B>  -Absent
<B><font color = 'blue'> .</font></B>  -Absent
<B><font color = 'blue'> .</font></B>  -Absent
<B><font color = 'blue'> .</font></B>  -Test msc 
<B><font color = 'blue'> .</font></B>  -test123@gmail.com
<B><font color = 'blue'> .</font></B>  -12254
<B><font color = 'blue'> .</font></B>  -2022-11-08
<B><font color = 'blue'> .</font></B>  -Absent
<B><font color = 'blue'> .</font></B>  -Absent
<B><font color = 'blue'> .</font></B>  -undefined
<B><font color = 'blue'> .</font></B>  -Bangalore
<B><font color = 'blue'> .</font></B>  -Testing
<B><font color = 'blue'> .</font></B>  -Absent
<B><font color = 'blue'> .</font></B>  -Absent
<B><font color = 'blue'> .</font></B>  -Absent
<B><font color = 'blue'> .</font></B>  -Absent
<B><font color = 'blue'> .</font></B>  -Absent
<B><font color = 'blue'> .</font></B>  -Absent
<B><font color = 'blue'> .</font></B>  -Absent
<B><font color = 'blue'> .</font></B>  -Absent
<B><font color = 'blue'> .</font></B>  -Absent
<B><font color = 'blue'> .</font></B>  -Absent
<B><font color = 'blue'> .</font></B>  -Absent
<B><font color = 'blue'> .</font></B>  -deffdfds vscsc 
<B><font color = 'blue'> .</font></B>  -cscsdw123@gmail.com
<B><font color = 'blue'> .</font></B>  -1234512
<B><font color = 'blue'> .</font></B>  -2022-11-08
<B><font color = 'blue'> .</font></B>  -Absent
<B><font color = 'blue'> .</font></B>  -Absent
<B><font color = 'blue'> .</font></B>  -undefined
<B><font color = 'blue'> .</font></B>  -Bangalore
<B><font color = 'blue'> .</font></B>  -Testing
<B><font color = 'blue'> .</font></B>  -Absent
<B><font color = 'blue'> .</font></B>  -Absent
<B><font color = 'blue'> .</font></B>  -Absent
<B><font color = 'blue'> .</font></B>  -Absent
<B><font color = 'blue'> .</font></B>  -Absent
<B><font color = 'blue'> .</font></B>  -Absent
<B><font color = 'blue'> .</font></B>  -Absent
<B><font color = 'blue'> .</font></B>  -Absent
<B><font color = 'blue'> .</font></B>  -Absent
<B><font color = 'blue'> .</font></B>  -Absent
<B><font color = 'blue'> .</font></B>  -Absent
<B><font color = 'blue'> .</font></B>  -test testtt 
<B><font color = 'blue'> .</font></B>  -abcd@gmail.com
<B><font color = 'blue'> .</font></B>  -GLB55
<B><font color = 'blue'> .</font></B>  -2022-11-08
<B><font color = 'blue'> .</font></B>  -Absent
<B><font color = 'blue'> .</font></B>  -Absent
<B><font color = 'blue'> .</font></B>  -undefined
<B><font color = 'blue'> .</font></B>  -Bangalore
<B><font color = 'blue'> .</font></B>  -Testing
<B><font color = 'blue'> .</font></B>  -Absent
<B><font color = 'blue'> .</font></B>  -Absent
<B><font color = 'blue'> .</font></B>  -Absent
<B><font color = 'blue'> .</font></B>  -Absent
<B><font color = 'blue'> .</font></B>  -Absent
<B><font color = 'blue'> .</font></B>  -Absent
<B><font color = 'blue'> .</font></B>  -Absent
<B><font color = 'blue'> .</font></B>  -Absent
<B><font color = 'blue'> .</font></B>  -Absent
<B><font color = 'blue'> .</font></B>  -Absent
<B><font color = 'blue'> .</font></B>  -Absent
<B><font color = 'blue'> .</font></B>  -Abhishe tt 
<B><font color = 'blue'> .</font></B>  -ab@ab.com
<B><font color = 'blue'> .</font></B>  -GKD567
<B><font color = 'blue'> .</font></B>  -2022-11-08
<B><font color = 'blue'> .</font></B>  -Absent
<B><font color = 'blue'> .</font></B>  -Absent
<B><font color = 'blue'> .</font></B>  -undefined
<B><font color = 'blue'> .</font></B>  -Bangalore
<B><font color = 'blue'> .</font></B>  -Testing
<B><font color = 'blue'> .</font></B>  -Absent
<B><font color = 'blue'> .</font></B>  -Absent
<B><font color = 'blue'> .</font></B>  -Absent
<B><font color = 'blue'> .</font></B>  -Absent
<B><font color = 'blue'> .</font></B>  -Absent
<B><font color = 'blue'> .</font></B>  -Absent
<B><font color = 'blue'> .</font></B>  -Absent
<B><font color = 'blue'> .</font></B>  -Absent
<B><font color = 'blue'> .</font></B>  -Absent
<B><font color = 'blue'> .</font></B>  -Absent
<B><font color = 'blue'> .</font></B>  -Absent
<B><font color = 'blue'> .</font></B>  -test nonadmin 
<B><font color = 'blue'> .</font></B>  -testnonadmin@gmail.com
<B><font color = 'blue'> .</font></B>  -GLB026
<B><font color = 'blue'> .</font></B>  -2022-11-08
<B><font color = 'blue'> .</font></B>  -Absent
<B><font color = 'blue'> .</font></B>  -Absent
<B><font color = 'blue'> .</font></B>  -undefined
<B><font color = 'blue'> .</font></B>  -Bangalore
<B><font color = 'blue'> .</font></B>  -Php
<B><font color = 'blue'> .</font></B>  -Absent
<B><font color = 'blue'> .</font></B>  -Absent
<B><font color = 'blue'> .</font></B>  -Absent
<B><font color = 'blue'> .</font></B>  -Absent
<B><font color = 'blue'> .</font></B>  -Absent
<B><font color = 'blue'> .</font></B>  -Absent
<B><font color = 'blue'> .</font></B>  -Absent
<B><font color = 'blue'> .</font></B>  -Absent
<B><font color = 'blue'> .</font></B>  -Absent
<B><font color = 'blue'> .</font></B>  -Absent
<B><font color = 'blue'> .</font></B>  -Absent
<B><font color = 'blue'> .</font></B>  -adg ckj 
<B><font color = 'blue'> .</font></B>  -adcs@1234
<B><font color = 'blue'> .</font></B>  -583
<B><font color = 'blue'> .</font></B>  -2022-11-08
<B><font color = 'blue'> .</font></B>  -Absent
<B><font color = 'blue'> .</font></B>  -Absent
<B><font color = 'blue'> .</font></B>  -undefined
<B><font color = 'blue'> .</font></B>  -Bangalore
<B><font color = 'blue'> .</font></B>  -Testing
<B><font color = 'blue'> .</font></B>  -Absent
<B><font color = 'blue'> .</font></B>  -Absent
<B><font color = 'blue'> .</font></B>  -Absent
<B><font color = 'blue'> .</font></B>  -Absent
<B><font color = 'blue'> .</font></B>  -Absent
<B><font color = 'blue'> .</font></B>  -Absent
<B><font color = 'blue'> .</font></B>  -Absent
<B><font color = 'blue'> .</font></B>  -Absent
<B><font color = 'blue'> .</font></B>  -Absent
<B><font color = 'blue'> .</font></B>  -Absent
<B><font color = 'blue'> .</font></B>  -Absent
<B><font color = 'blue'> .</font></B>  -dominic toretto 
<B><font color = 'blue'> .</font></B>  -dom.toretto737@gmail.com
<B><font color = 'blue'> .</font></B>  -EMP011
<B><font color = 'blue'> .</font></B>  -2022-11-08
<B><font color = 'blue'> .</font></B>  -Absent
<B><font color = 'blue'> .</font></B>  -Absent
<B><font color = 'blue'> .</font></B>  -undefined
<B><font color = 'blue'> .</font></B>  -Bangalore
<B><font color = 'blue'> .</font></B>  -Testing
<B><font color = 'blue'> .</font></B>  -Absent
<B><font color = 'blue'> .</font></B>  -Absent
<B><font color = 'blue'> .</font></B>  -Absent
<B><font color = 'blue'> .</font></B>  -Absent
<B><font color = 'blue'> .</font></B>  -Absent
<B><font color = 'blue'> .</font></B>  -Absent
<B><font color = 'blue'> .</font></B>  -Absent
<B><font color = 'blue'> .</font></B>  -Absent
<B><font color = 'blue'> .</font></B>  -Absent
<B><font color = 'blue'> .</font></B>  -Absent
<B><font color = 'blue'> .</font></B>  -Absent
<B><font color = 'blue'> .</font></B>  -Abhishek Test 
<B><font color = 'blue'> .</font></B>  -abhishektrest@glb.in
<B><font color = 'blue'> .</font></B>  -rN7tvEiDPGNi4fD
<B><font color = 'blue'> .</font></B>  -2022-11-08
<B><font color = 'blue'> .</font></B>  -Absent
<B><font color = 'blue'> .</font></B>  -Absent
<B><font color = 'blue'> .</font></B>  -undefined
<B><font color = 'blue'> .</font></B>  -Bangalore
<B><font color = 'blue'> .</font></B>  -Php
<B><font color = 'blue'> .</font></B>  -Absent
<B><font color = 'blue'> .</font></B>  -Absent
<B><font color = 'blue'> .</font></B>  -Absent
<B><font color = 'blue'> .</font></B>  -Absent
<B><font color = 'blue'> .</font></B>  -Absent
<B><font color = 'blue'> .</font></B>  -Absent
<B><font color = 'blue'> .</font></B>  -Absent
<B><font color = 'blue'> .</font></B>  -Absent
<B><font color = 'blue'> .</font></B>  -Absent
<B><font color = 'blue'> .</font></B>  -Absent
<B><font color = 'blue'> .</font></B>  -Absent
<B><font color = 'blue'> .</font></B>  -Superior Test one 
<B><font color = 'blue'> .</font></B>  -superiorone@gmail.com
<B><font color = 'blue'> .</font></B>  -twoqw
<B><font color = 'blue'> .</font></B>  -2022-11-08
<B><font color = 'blue'> .</font></B>  -Absent
<B><font color = 'blue'> .</font></B>  -Absent
<B><font color = 'blue'> .</font></B>  -undefined
<B><font color = 'blue'> .</font></B>  -Bangalore
<B><font color = 'blue'> .</font></B>  -Testing
<B><font color = 'blue'> .</font></B>  -Absent
<B><font color = 'blue'> .</font></B>  -Absent
<B><font color = 'blue'> .</font></B>  -Absent
<B><font color = 'blue'> .</font></B>  -Absent
<B><font color = 'blue'> .</font></B>  -Absent
<B><font color = 'blue'> .</font></B>  -Absent
<B><font color = 'blue'> .</font></B>  -Absent
<B><font color = 'blue'> .</font></B>  -Absent
<B><font color = 'blue'> .</font></B>  -Absent
<B><font color = 'blue'> .</font></B>  -Absent
<B><font color = 'blue'> .</font></B>  -Absent
<B><font color = 'blue'> .</font></B>  -test testw 
<B><font color = 'blue'> .</font></B>  -test@mac.in
<B><font color = 'blue'> .</font></B>  -aaf123
<B><font color = 'blue'> .</font></B>  -2022-11-08
<B><font color = 'blue'> .</font></B>  -Absent
<B><font color = 'blue'> .</font></B>  -Absent
<B><font color = 'blue'> .</font></B>  -undefined
<B><font color = 'blue'> .</font></B>  -Bangalore
<B><font color = 'blue'> .</font></B>  -Php
<B><font color = 'blue'> .</font></B>  -Absent
<B><font color = 'blue'> .</font></B>  -Absent
<B><font color = 'blue'> .</font></B>  -Absent
<B><font color = 'blue'> .</font></B>  -Absent
<B><font color = 'blue'> .</font></B>  -Absent
<B><font color = 'blue'> .</font></B>  -Absent
<B><font color = 'blue'> .</font></B>  -Absent
<B><font color = 'blue'> .</font></B>  -Absent
<B><font color = 'blue'> .</font></B>  -Absent
<B><font color = 'blue'> .</font></B>  -Absent
<B><font color = 'blue'> .</font></B>  -Absent
<B><font color = 'blue'> .</font></B>  -sam eer 
<B><font color = 'blue'> .</font></B>  -sam@rf.in
<B><font color = 'blue'> .</font></B>  -WSAERT2Q34E
<B><font color = 'blue'> .</font></B>  -2022-11-08
<B><font color = 'blue'> .</font></B>  -Absent
<B><font color = 'blue'> .</font></B>  -Absent
<B><font color = 'blue'> .</font></B>  -undefined
<B><font color = 'blue'> .</font></B>  -Bangalore
<B><font color = 'blue'> .</font></B>  -Testing
<B><font color = 'blue'> .</font></B>  -Absent
<B><font color = 'blue'> .</font></B>  -Absent
<B><font color = 'blue'> .</font></B>  -Absent
<B><font color = 'blue'> .</font></B>  -Absent
<B><font color = 'blue'> .</font></B>  -Absent
<B><font color = 'blue'> .</font></B>  -Absent
<B><font color = 'blue'> .</font></B>  -Absent
<B><font color = 'blue'> .</font></B>  -Absent
<B><font color = 'blue'> .</font></B>  -Absent
<B><font color = 'blue'> .</font></B>  -Absent
<B><font color = 'blue'> .</font></B>  -Absent
<B><font color = 'blue'> .</font></B>  -Test test 
<B><font color = 'blue'> .</font></B>  -sarikajain@gmail.com
<B><font color = 'blue'> .</font></B>  -E-101
<B><font color = 'blue'> .</font></B>  -2022-11-08
<B><font color = 'blue'> .</font></B>  -Absent
<B><font color = 'blue'> .</font></B>  -Absent
<B><font color = 'blue'> .</font></B>  -undefined
<B><font color = 'blue'> .</font></B>  -Bangalore
<B><font color = 'blue'> .</font></B>  -Testing
<B><font color = 'blue'> .</font></B>  -Absent
<B><font color = 'blue'> .</font></B>  -Absent
<B><font color = 'blue'> .</font></B>  -Absent
<B><font color = 'blue'> .</font></B>  -Absent
<B><font color = 'blue'> .</font></B>  -Absent
<B><font color = 'blue'> .</font></B>  -Absent
<B><font color = 'blue'> .</font></B>  -Absent
<B><font color = 'blue'> .</font></B>  -Absent
<B><font color = 'blue'> .</font></B>  -Absent
<B><font color = 'blue'> .</font></B>  -Absent
<B><font color = 'blue'> .</font></B>  -Absent
<B><font color = 'blue'> .</font></B>  -sithu kalluru 
<B><font color = 'blue'> .</font></B>  -sitaramireddy@globussoft.in
<B><font color = 'blue'> .</font></B>  -code12
<B><font color = 'blue'> .</font></B>  -2022-11-08
<B><font color = 'blue'> .</font></B>  -Absent
<B><font color = 'blue'> .</font></B>  -Absent
<B><font color = 'blue'> .</font></B>  -undefined
<B><font color = 'blue'> .</font></B>  -Bangalore
<B><font color = 'blue'> .</font></B>  -Testing
<B><font color = 'blue'> .</font></B>  -Absent
<B><font color = 'blue'> .</font></B>  -Absent
<B><font color = 'blue'> .</font></B>  -Absent
<B><font color = 'blue'> .</font></B>  -Absent
<B><font color = 'blue'> .</font></B>  -Absent
<B><font color = 'blue'> .</font></B>  -Absent
<B><font color = 'blue'> .</font></B>  -Absent
<B><font color = 'blue'> .</font></B>  -Absent
<B><font color = 'blue'> .</font></B>  -Absent
<B><font color = 'blue'> .</font></B>  -Absent
<B><font color = 'blue'> .</font></B>  -Absent
<B><font color = 'blue'> .</font></B>  -testing test 
<B><font color = 'blue'> .</font></B>  -aarshajoyson1601@gmail.com
<B><font color = 'blue'> .</font></B>  -glb0008
<B><font color = 'blue'> .</font></B>  -2022-11-08
<B><font color = 'blue'> .</font></B>  -Absent
<B><font color = 'blue'> .</font></B>  -Absent
<B><font color = 'blue'> .</font></B>  -undefined
<B><font color = 'blue'> .</font></B>  -Bangalore
<B><font color = 'blue'> .</font></B>  -Php
<B><font color = 'blue'> .</font></B>  -Absent
<B><font color = 'blue'> .</font></B>  -Absent
<B><font color = 'blue'> .</font></B>  -Absent
<B><font color = 'blue'> .</font></B>  -Absent
<B><font color = 'blue'> .</font></B>  -Absent
<B><font color = 'blue'> .</font></B>  -Absent
<B><font color = 'blue'> .</font></B>  -Absent
<B><font color = 'blue'> .</font></B>  -Absent
<B><font color = 'blue'> .</font></B>  -Absent
<B><font color = 'blue'> .</font></B>  -Absent
<B><font color = 'blue'> .</font></B>  -Absent
<B><font color = 'blue'> .</font></B>  -Automation CodeeeAuto 
<B><font color = 'blue'> .</font></B>  -skabcdef7@gmail.com
<B><font color = 'blue'> .</font></B>  -Emp-Abzcde-1234522
<B><font color = 'blue'> .</font></B>  -2022-11-08
<B><font color = 'blue'> .</font></B>  -Absent
<B><font color = 'blue'> .</font></B>  -Absent
<B><font color = 'blue'> .</font></B>  -undefined
<B><font color = 'blue'> .</font></B>  -Bangalore
<B><font color = 'blue'> .</font></B>  -Testing
<B><font color = 'blue'> .</font></B>  -Absent
<B><font color = 'blue'> .</font></B>  -Absent
<B><font color = 'blue'> .</font></B>  -Absent
<B><font color = 'blue'> .</font></B>  -Absent
<B><font color = 'blue'> .</font></B>  -Absent
<B><font color = 'blue'> .</font></B>  -Absent
<B><font color = 'blue'> .</font></B>  -Absent
<B><font color = 'blue'> .</font></B>  -Absent
<B><font color = 'blue'> .</font></B>  -Absent
<B><font color = 'blue'> .</font></B>  -Absent
<B><font color = 'blue'> .</font></B>  -Absent
<B><font color = 'blue'> .</font></B>  -piyush dfgsfg 
<B><font color = 'blue'> .</font></B>  -jos@gmail.com
<B><font color = 'blue'> .</font></B>  -sdgff
<B><font color = 'blue'> .</font></B>  -2022-11-08
<B><font color = 'blue'> .</font></B>  -Absent
<B><font color = 'blue'> .</font></B>  -Absent
<B><font color = 'blue'> .</font></B>  -undefined
<B><font color = 'blue'> .</font></B>  -Bangalore
<B><font color = 'blue'> .</font></B>  -Testing
<B><font color = 'blue'> .</font></B>  -Absent
<B><font color = 'blue'> .</font></B>  -Absent
<B><font color = 'blue'> .</font></B>  -Absent
<B><font color = 'blue'> .</font></B>  -Absent
<B><font color = 'blue'> .</font></B>  -Absent
<B><font color = 'blue'> .</font></B>  -Absent
<B><font color = 'blue'> .</font></B>  -Absent
<B><font color = 'blue'> .</font></B>  -Absent
<B><font color = 'blue'> .</font></B>  -Absent
<B><font color = 'blue'> .</font></B>  -Absent
<B><font color = 'blue'> .</font></B>  -Absent
<B><font color = 'blue'> .</font></B>  -Aryan raj 
<B><font color = 'blue'> .</font></B>  -alex@gmail.com
<B><font color = 'blue'> .</font></B>  -126
<B><font color = 'blue'> .</font></B>  -2022-11-08
<B><font color = 'blue'> .</font></B>  -Absent
<B><font color = 'blue'> .</font></B>  -Absent
<B><font color = 'blue'> .</font></B>  -undefined
<B><font color = 'blue'> .</font></B>  -Bangalore
<B><font color = 'blue'> .</font></B>  -Testing
<B><font color = 'blue'> .</font></B>  -Absent
<B><font color = 'blue'> .</font></B>  -Absent
<B><font color = 'blue'> .</font></B>  -Absent
<B><font color = 'blue'> .</font></B>  -Absent
<B><font color = 'blue'> .</font></B>  -Absent
<B><font color = 'blue'> .</font></B>  -Absent
<B><font color = 'blue'> .</font></B>  -Absent
<B><font color = 'blue'> .</font></B>  -Absent
<B><font color = 'blue'> .</font></B>  -Absent
<B><font color = 'blue'> .</font></B>  -Absent
<B><font color = 'blue'> .</font></B>  -Absent
<B><font color = 'blue'> .</font></B>  -Automation CodeeeAuto 
<B><font color = 'blue'> .</font></B>  -skabcdef38@gmail.com
<B><font color = 'blue'> .</font></B>  -Emp-Abzcde-123457
<B><font color = 'blue'> .</font></B>  -2022-11-08
<B><font color = 'blue'> .</font></B>  -Absent
<B><font color = 'blue'> .</font></B>  -Absent
<B><font color = 'blue'> .</font></B>  -undefined
<B><font color = 'blue'> .</font></B>  -Bangalore
<B><font color = 'blue'> .</font></B>  -Testing
<B><font color = 'blue'> .</font></B>  -Absent
<B><font color = 'blue'> .</font></B>  -Absent
<B><font color = 'blue'> .</font></B>  -Absent
<B><font color = 'blue'> .</font></B>  -Absent
<B><font color = 'blue'> .</font></B>  -Absent
<B><font color = 'blue'> .</font></B>  -Absent
<B><font color = 'blue'> .</font></B>  -Absent
<B><font color = 'blue'> .</font></B>  -Absent
<B><font color = 'blue'> .</font></B>  -Absent
<B><font color = 'blue'> .</font></B>  -Absent
<B><font color = 'blue'> .</font></B>  -Absent
<B><font color = 'blue'> .</font></B>  -Automation CodeeeAuto 
<B><font color = 'blue'> .</font></B>  -skabcdef33@gmail.com
<B><font color = 'blue'> .</font></B>  -Emp-Abzcde-1234557
<B><font color = 'blue'> .</font></B>  -2022-11-08
<B><font color = 'blue'> .</font></B>  -Absent
<B><font color = 'blue'> .</font></B>  -Absent
<B><font color = 'blue'> .</font></B>  -undefined
<B><font color = 'blue'> .</font></B>  -Bangalore
<B><font color = 'blue'> .</font></B>  -Testing
<B><font color = 'blue'> .</font></B>  -Absent
<B><font color = 'blue'> .</font></B>  -Absent
<B><font color = 'blue'> .</font></B>  -Absent
<B><font color = 'blue'> .</font></B>  -Absent
<B><font color = 'blue'> .</font></B>  -Absent
<B><font color = 'blue'> .</font></B>  -Absent
<B><font color = 'blue'> .</font></B>  -Absent
<B><font color = 'blue'> .</font></B>  -Absent
<B><font color = 'blue'> .</font></B>  -Absent
<B><font color = 'blue'> .</font></B>  -Absent
<B><font color = 'blue'> .</font></B>  -Absent
<B><font color = 'blue'> .</font></B>  -R o       hit Sharma 
<B><font color = 'blue'> .</font></B>  -rahulrajt5613928@gmail.com
<B><font color = 'blue'> .</font></B>  -67645
<B><font color = 'blue'> .</font></B>  -2022-11-08
<B><font color = 'blue'> .</font></B>  -Absent
<B><font color = 'blue'> .</font></B>  -Absent
<B><font color = 'blue'> .</font></B>  -undefined
<B><font color = 'blue'> .</font></B>  -bengaluru
<B><font color = 'blue'> .</font></B>  -Testing
<B><font color = 'blue'> .</font></B>  -Absent
<B><font color = 'blue'> .</font></B>  -Absent
<B><font color = 'blue'> .</font></B>  -Absent
<B><font color = 'blue'> .</font></B>  -Absent
<B><font color = 'blue'> .</font></B>  -Absent
<B><font color = 'blue'> .</font></B>  -Absent
<B><font color = 'blue'> .</font></B>  -Absent
<B><font color = 'blue'> .</font></B>  -Absent
<B><font color = 'blue'> .</font></B>  -Absent
<B><font color = 'blue'> .</font></B>  -Absent
<B><font color = 'blue'> .</font></B>  -Absent
<B><font color = 'blue'> .</font></B>  -ni test 
<B><font color = 'blue'> .</font></B>  -nitest12@gmail.com
<B><font color = 'blue'> .</font></B>  -GLB678
<B><font color = 'blue'> .</font></B>  -2022-11-08
<B><font color = 'blue'> .</font></B>  -Absent
<B><font color = 'blue'> .</font></B>  -Absent
<B><font color = 'blue'> .</font></B>  -undefined
<B><font color = 'blue'> .</font></B>  -bengaluru
<B><font color = 'blue'> .</font></B>  -Testing
<B><font color = 'blue'> .</font></B>  -Absent
<B><font color = 'blue'> .</font></B>  -Absent
<B><font color = 'blue'> .</font></B>  -Absent
<B><font color = 'blue'> .</font></B>  -Absent
<B><font color = 'blue'> .</font></B>  -Absent
<B><font color = 'blue'> .</font></B>  -Absent
<B><font color = 'blue'> .</font></B>  -Absent
<B><font color = 'blue'> .</font></B>  -Absent
<B><font color = 'blue'> .</font></B>  -Absent
<B><font color = 'blue'> .</font></B>  -Absent
<B><font color = 'blue'> .</font></B>  -Absent
<B><font color = 'blue'> .</font></B>  -one test 
<B><font color = 'blue'> .</font></B>  -testone1234@gmail.com
<B><font color = 'blue'> .</font></B>  -0110
<B><font color = 'blue'> .</font></B>  -2022-11-08
<B><font color = 'blue'> .</font></B>  -Absent
<B><font color = 'blue'> .</font></B>  -Absent
<B><font color = 'blue'> .</font></B>  -undefined
<B><font color = 'blue'> .</font></B>  -bengaluru
<B><font color = 'blue'> .</font></B>  -Testing
<B><font color = 'blue'> .</font></B>  -Absent
<B><font color = 'blue'> .</font></B>  -Absent
<B><font color = 'blue'> .</font></B>  -Absent
<B><font color = 'blue'> .</font></B>  -Absent
<B><font color = 'blue'> .</font></B>  -Absent
<B><font color = 'blue'> .</font></B>  -Absent
<B><font color = 'blue'> .</font></B>  -Absent
<B><font color = 'blue'> .</font></B>  -Absent
<B><font color = 'blue'> .</font></B>  -Absent
<B><font color = 'blue'> .</font></B>  -Absent
<B><font color = 'blue'> .</font></B>  -Absent
<B><font color = 'blue'> .</font></B>  -GLB-BLR-010-PC - GLB-BLR-010 
<B><font color = 'blue'> .</font></B>  -abcd@yuksdgus
<B><font color = 'blue'> .</font></B>  -GLB-BLR-010
<B><font color = 'blue'> .</font></B>  -2022-11-08
<B><font color = 'blue'> .</font></B>  -Absent
<B><font color = 'blue'> .</font></B>  -Absent
<B><font color = 'blue'> .</font></B>  -undefined
<B><font color = 'blue'> .</font></B>  -bengaluru
<B><font color = 'blue'> .</font></B>  -Testing
<B><font color = 'blue'> .</font></B>  -Absent
<B><font color = 'blue'> .</font></B>  -Absent
<B><font color = 'blue'> .</font></B>  -Absent
<B><font color = 'blue'> .</font></B>  -Absent
<B><font color = 'blue'> .</font></B>  -Absent
<B><font color = 'blue'> .</font></B>  -Absent
<B><font color = 'blue'> .</font></B>  -Absent
<B><font color = 'blue'> .</font></B>  -Absent
<B><font color = 'blue'> .</font></B>  -Absent
<B><font color = 'blue'> .</font></B>  -Absent
<B><font color = 'blue'> .</font></B>  -Absent
<B><font color = 'blue'> .</font></B>  -surya kk 
<B><font color = 'blue'> .</font></B>  -123@gmail.com
<B><font color = 'blue'> .</font></B>  -mmmmm
<B><font color = 'blue'> .</font></B>  -2022-11-08
<B><font color = 'blue'> .</font></B>  -Absent
<B><font color = 'blue'> .</font></B>  -Absent
<B><font color = 'blue'> .</font></B>  -undefined
<B><font color = 'blue'> .</font></B>  -Tamilnadu
<B><font color = 'blue'> .</font></B>  -Test and Dev
<B><font color = 'blue'> .</font></B>  -Absent
<B><font color = 'blue'> .</font></B>  -Absent
<B><font color = 'blue'> .</font></B>  -Absent
<B><font color = 'blue'> .</font></B>  -Absent
<B><font color = 'blue'> .</font></B>  -Absent
<B><font color = 'blue'> .</font></B>  -Absent
<B><font color = 'blue'> .</font></B>  -Absent
<B><font color = 'blue'> .</font></B>  -Absent
<B><font color = 'blue'> .</font></B>  -Absent
<B><font color = 'blue'> .</font></B>  -Absent
<B><font color = 'blue'> .</font></B>  -Absent
<B><font color = 'blue'> .</font></B>  -sai kk 
<B><font color = 'blue'> .</font></B>  -saikk19876@gmail.com
<B><font color = 'blue'> .</font></B>  -20221019
<B><font color = 'blue'> .</font></B>  -2022-11-08
<B><font color = 'blue'> .</font></B>  -Absent
<B><font color = 'blue'> .</font></B>  -Absent
<B><font color = 'blue'> .</font></B>  -undefined
<B><font color = 'blue'> .</font></B>  -Tamilnadu
<B><font color = 'blue'> .</font></B>  -Test and Dev
<B><font color = 'blue'> .</font></B>  -Absent
<B><font color = 'blue'> .</font></B>  -Absent
<B><font color = 'blue'> .</font></B>  -Absent
<B><font color = 'blue'> .</font></B>  -Absent
<B><font color = 'blue'> .</font></B>  -Absent
<B><font color = 'blue'> .</font></B>  -Absent
<B><font color = 'blue'> .</font></B>  -Absent
<B><font color = 'blue'> .</font></B>  -Absent
<B><font color = 'blue'> .</font></B>  -Absent
<B><font color = 'blue'> .</font></B>  -Absent
<B><font color = 'blue'> .</font></B>  -Absent
<B><font color = 'blue'> .</font></B>  -ajeethemp test 
<B><font color = 'blue'> .</font></B>  -ajeethemp@gmail.com
<B><font color = 'blue'> .</font></B>  -A01
<B><font color = 'blue'> .</font></B>  -2022-11-08
<B><font color = 'blue'> .</font></B>  -Absent
<B><font color = 'blue'> .</font></B>  -Absent
<B><font color = 'blue'> .</font></B>  -undefined
<B><font color = 'blue'> .</font></B>  -Tamilnadu
<B><font color = 'blue'> .</font></B>  -Test and Dev
<B><font color = 'blue'> .</font></B>  -Absent
<B><font color = 'blue'> .</font></B>  -Absent
<B><font color = 'blue'> .</font></B>  -Absent
<B><font color = 'blue'> .</font></B>  -Absent
<B><font color = 'blue'> .</font></B>  -Absent
<B><font color = 'blue'> .</font></B>  -Absent
<B><font color = 'blue'> .</font></B>  -Absent
<B><font color = 'blue'> .</font></B>  -Absent
<B><font color = 'blue'> .</font></B>  -Absent
<B><font color = 'blue'> .</font></B>  -Absent
<B><font color = 'blue'> .</font></B>  -Absent
<B><font color = 'blue'> .</font></B>  -test user two 
<B><font color = 'blue'> .</font></B>  -testuser@two.io
<B><font color = 'blue'> .</font></B>  -GSLL-327
<B><font color = 'blue'> .</font></B>  -2022-11-08
<B><font color = 'blue'> .</font></B>  -Absent
<B><font color = 'blue'> .</font></B>  -Absent
<B><font color = 'blue'> .</font></B>  -undefined
<B><font color = 'blue'> .</font></B>  -Tamilnadu
<B><font color = 'blue'> .</font></B>  -Test and Dev
<B><font color = 'blue'> .</font></B>  -Absent
<B><font color = 'blue'> .</font></B>  -Absent
<B><font color = 'blue'> .</font></B>  -Absent
<B><font color = 'blue'> .</font></B>  -Absent
<B><font color = 'blue'> .</font></B>  -Absent
<B><font color = 'blue'> .</font></B>  -Absent
<B><font color = 'blue'> .</font></B>  -Absent
<B><font color = 'blue'> .</font></B>  -Absent
<B><font color = 'blue'> .</font></B>  -Absent
<B><font color = 'blue'> .</font></B>  -Absent
<B><font color = 'blue'> .</font></B>  -Absent
<B><font color = 'blue'> .</font></B>  -dxgfdxg gssdg 
<B><font color = 'blue'> .</font></B>  -sdgsg@dgksodkg.in
<B><font color = 'blue'> .</font></B>  -asfda343443
<B><font color = 'blue'> .</font></B>  -2022-11-08
<B><font color = 'blue'> .</font></B>  -Absent
<B><font color = 'blue'> .</font></B>  -Absent
<B><font color = 'blue'> .</font></B>  -undefined
<B><font color = 'blue'> .</font></B>  -Bhilai
<B><font color = 'blue'> .</font></B>  -Php
<B><font color = 'blue'> .</font></B>  -Absent
<B><font color = 'blue'> .</font></B>  -Absent
<B><font color = 'blue'> .</font></B>  -Absent
<B><font color = 'blue'> .</font></B>  -Absent
<B><font color = 'blue'> .</font></B>  -Absent
<B><font color = 'blue'> .</font></B>  -Absent
<B><font color = 'blue'> .</font></B>  -Absent
<B><font color = 'blue'> .</font></B>  -Absent
<B><font color = 'blue'> .</font></B>  -Absent
<B><font color = 'blue'> .</font></B>  -Absent
<B><font color = 'blue'> .</font></B>  -Absent
<B><font color = 'blue'> .</font></B>  -Guest User 
<B><font color = 'blue'> .</font></B>  -guestuser@gmail.com
<B><font color = 'blue'> .</font></B>  -GLB-777
<B><font color = 'blue'> .</font></B>  -2022-11-08
<B><font color = 'blue'> .</font></B>  -Absent
<B><font color = 'blue'> .</font></B>  -Absent
<B><font color = 'blue'> .</font></B>  -undefined
<B><font color = 'blue'> .</font></B>  -Bhilai
<B><font color = 'blue'> .</font></B>  -Php
<B><font color = 'blue'> .</font></B>  -Absent
<B><font color = 'blue'> .</font></B>  -Absent
<B><font color = 'blue'> .</font></B>  -Absent
<B><font color = 'blue'> .</font></B>  -Absent
<B><font color = 'blue'> .</font></B>  -Absent
<B><font color = 'blue'> .</font></B>  -Absent
<B><font color = 'blue'> .</font></B>  -Absent
<B><font color = 'blue'> .</font></B>  -Absent
<B><font color = 'blue'> .</font></B>  -Absent
<B><font color = 'blue'> .</font></B>  -Absent
<B><font color = 'blue'> .</font></B>  -Absent
<B><font color = 'blue'> .</font></B>  -test123 abcd 
<B><font color = 'blue'> .</font></B>  -s@gmail.com
<B><font color = 'blue'> .</font></B>  -code123z
<B><font color = 'blue'> .</font></B>  -2022-11-07
<B><font color = 'blue'> .</font></B>  -07-11-2022 17:55:27
<B><font color = 'blue'> .</font></B>  -08-11-2022 00:00:00
<B><font color = 'blue'> .</font></B>  -GLB-124-PC
<B><font color = 'blue'> .</font></B>  -Bangalore
<B><font color = 'blue'> .</font></B>  -Testing
<B><font color = 'blue'> .</font></B>  -06:04:33
<B><font color = 'blue'> .</font></B>  -00:00:00
<B><font color = 'blue'> .</font></B>  -00:00:00
<B><font color = 'blue'> .</font></B>  -00:00:00
<B><font color = 'blue'> .</font></B>  -00:00:00
<B><font color = 'blue'> .</font></B>  -00:00:00
<B><font color = 'blue'> .</font></B>  -00:00:00
<B><font color = 'blue'> .</font></B>  -06:04:33
<B><font color = 'blue'> .</font></B>  -0.00%
<B><font color = 'blue'> .</font></B>  --480:00
<B><font color = 'blue'> .</font></B>  -0.00
<B><font color = 'blue'> .</font></B>  -Himanshu Kumar 
<B><font color = 'blue'> .</font></B>  -himanshu1@gmail.com
<B><font color = 'blue'> .</font></B>  -EM011
<B><font color = 'blue'> .</font></B>  -2022-11-07
<B><font color = 'blue'> .</font></B>  -07-11-2022 16:38:49
<B><font color = 'blue'> .</font></B>  -08-11-2022 00:00:00
<B><font color = 'blue'> .</font></B>  -GLB-181
<B><font color = 'blue'> .</font></B>  -bagalkot
<B><font color = 'blue'> .</font></B>  -manual testing
<B><font color = 'blue'> .</font></B>  -07:21:11
<B><font color = 'blue'> .</font></B>  -00:00:00
<B><font color = 'blue'> .</font></B>  -00:00:00
<B><font color = 'blue'> .</font></B>  -00:00:00
<B><font color = 'blue'> .</font></B>  -00:00:00
<B><font color = 'blue'> .</font></B>  -00:00:00
<B><font color = 'blue'> .</font></B>  -00:00:00
<B><font color = 'blue'> .</font></B>  -07:21:11
<B><font color = 'blue'> .</font></B>  -0.00%
<B><font color = 'blue'> .</font></B>  --480:00
<B><font color = 'blue'> .</font></B>  -0.00
<B><font color = 'blue'> .</font></B>  -D Surya Prabhakar 
<B><font color = 'blue'> .</font></B>  -surya1@gmail.com
<B><font color = 'blue'> .</font></B>  -EM010
<B><font color = 'blue'> .</font></B>  -2022-11-07
<B><font color = 'blue'> .</font></B>  -07-11-2022 16:23:58
<B><font color = 'blue'> .</font></B>  -08-11-2022 00:00:00
<B><font color = 'blue'> .</font></B>  -GLB-110-PC
<B><font color = 'blue'> .</font></B>  -bengaluru
<B><font color = 'blue'> .</font></B>  -Testing
<B><font color = 'blue'> .</font></B>  -07:36:02
<B><font color = 'blue'> .</font></B>  -00:00:00
<B><font color = 'blue'> .</font></B>  -00:00:00
<B><font color = 'blue'> .</font></B>  -00:00:00
<B><font color = 'blue'> .</font></B>  -00:00:00
<B><font color = 'blue'> .</font></B>  -00:00:00
<B><font color = 'blue'> .</font></B>  -00:00:00
<B><font color = 'blue'> .</font></B>  -07:36:02
<B><font color = 'blue'> .</font></B>  -0.00%
<B><font color = 'blue'> .</font></B>  --480:00
<B><font color = 'blue'> .</font></B>  -0.00
<B><font color = 'blue'> .</font></B>  -Virat kohli 
<B><font color = 'blue'> .</font></B>  -rahukbgdxgsf@gmail.com
<B><font color = 'blue'> .</font></B>  -65332
<B><font color = 'blue'> .</font></B>  -2022-11-07
<B><font color = 'blue'> .</font></B>  -07-11-2022 10:40:41
<B><font color = 'blue'> .</font></B>  -07-11-2022 17:50:28
<B><font color = 'blue'> .</font></B>  -GLB-124-PC
<B><font color = 'blue'> .</font></B>  -Default
<B><font color = 'blue'> .</font></B>  -Default
<B><font color = 'blue'> .</font></B>  -07:09:47
<B><font color = 'blue'> .</font></B>  -00:00:00
<B><font color = 'blue'> .</font></B>  -00:00:00
<B><font color = 'blue'> .</font></B>  -00:00:00
<B><font color = 'blue'> .</font></B>  -00:00:00
<B><font color = 'blue'> .</font></B>  -00:00:00
<B><font color = 'blue'> .</font></B>  -00:00:00
<B><font color = 'blue'> .</font></B>  -07:09:47
<B><font color = 'blue'> .</font></B>  -0.00%
<B><font color = 'blue'> .</font></B>  --480:00
<B><font color = 'blue'> .</font></B>  -0.00
<B><font color = 'blue'> .</font></B>  -dominic toretto 
<B><font color = 'blue'> .</font></B>  -dom.toretto737@gmail.com
<B><font color = 'blue'> .</font></B>  -EMP011
<B><font color = 'blue'> .</font></B>  -2022-11-07
<B><font color = 'blue'> .</font></B>  -07-11-2022 07:46:34
<B><font color = 'blue'> .</font></B>  -07-11-2022 16:17:52
<B><font color = 'blue'> .</font></B>  -GLB-110-PC
<B><font color = 'blue'> .</font></B>  -Bangalore
<B><font color = 'blue'> .</font></B>  -Testing
<B><font color = 'blue'> .</font></B>  -08:31:18
<B><font color = 'blue'> .</font></B>  -00:00:00
<B><font color = 'blue'> .</font></B>  -00:00:00
<B><font color = 'blue'> .</font></B>  -00:00:00
<B><font color = 'blue'> .</font></B>  -00:00:00
<B><font color = 'blue'> .</font></B>  -00:00:00
<B><font color = 'blue'> .</font></B>  -00:00:00
<B><font color = 'blue'> .</font></B>  -08:31:18
<B><font color = 'blue'> .</font></B>  -0.00%
<B><font color = 'blue'> .</font></B>  --480:00
<B><font color = 'blue'> .</font></B>  -0.00
<B><font color = 'blue'> .</font></B>  -sadas kadkasdj 
<B><font color = 'blue'> .</font></B>  -dsa@eqe
<B><font color = 'blue'> .</font></B>  -emp129666
<B><font color = 'blue'> .</font></B>  -2022-11-07
<B><font color = 'blue'> .</font></B>  -Absent
<B><font color = 'blue'> .</font></B>  -Absent
<B><font color = 'blue'> .</font></B>  -undefined
<B><font color = 'blue'> .</font></B>  -Default
<B><font color = 'blue'> .</font></B>  -Default
<B><font color = 'blue'> .</font></B>  -Absent
<B><font color = 'blue'> .</font></B>  -Absent
<B><font color = 'blue'> .</font></B>  -Absent
<B><font color = 'blue'> .</font></B>  -Absent
<B><font color = 'blue'> .</font></B>  -Absent
<B><font color = 'blue'> .</font></B>  -Absent
<B><font color = 'blue'> .</font></B>  -Absent
<B><font color = 'blue'> .</font></B>  -Absent
<B><font color = 'blue'> .</font></B>  -Absent
<B><font color = 'blue'> .</font></B>  -Absent
<B><font color = 'blue'> .</font></B>  -Absent
<B><font color = 'blue'> .</font></B>  -New Test 
<B><font color = 'blue'> .</font></B>  -newtest@gmail.com
<B><font color = 'blue'> .</font></B>  -ewer334443
<B><font color = 'blue'> .</font></B>  -2022-11-07
<B><font color = 'blue'> .</font></B>  -Absent
<B><font color = 'blue'> .</font></B>  -Absent
<B><font color = 'blue'> .</font></B>  -undefined
<B><font color = 'blue'> .</font></B>  -Default
<B><font color = 'blue'> .</font></B>  -Default
<B><font color = 'blue'> .</font></B>  -Absent
<B><font color = 'blue'> .</font></B>  -Absent
<B><font color = 'blue'> .</font></B>  -Absent
<B><font color = 'blue'> .</font></B>  -Absent
<B><font color = 'blue'> .</font></B>  -Absent
<B><font color = 'blue'> .</font></B>  -Absent
<B><font color = 'blue'> .</font></B>  -Absent
<B><font color = 'blue'> .</font></B>  -Absent
<B><font color = 'blue'> .</font></B>  -Absent
<B><font color = 'blue'> .</font></B>  -Absent
<B><font color = 'blue'> .</font></B>  -Absent
<B><font color = 'blue'> .</font></B>  -dshcdb uidsbf 
<B><font color = 'blue'> .</font></B>  -dvbvdb@yahoo.com
<B><font color = 'blue'> .</font></B>  -435454
<B><font color = 'blue'> .</font></B>  -2022-11-07
<B><font color = 'blue'> .</font></B>  -Absent
<B><font color = 'blue'> .</font></B>  -Absent
<B><font color = 'blue'> .</font></B>  -undefined
<B><font color = 'blue'> .</font></B>  -Default
<B><font color = 'blue'> .</font></B>  -Default
<B><font color = 'blue'> .</font></B>  -Absent
<B><font color = 'blue'> .</font></B>  -Absent
<B><font color = 'blue'> .</font></B>  -Absent
<B><font color = 'blue'> .</font></B>  -Absent
<B><font color = 'blue'> .</font></B>  -Absent
<B><font color = 'blue'> .</font></B>  -Absent
<B><font color = 'blue'> .</font></B>  -Absent
<B><font color = 'blue'> .</font></B>  -Absent
<B><font color = 'blue'> .</font></B>  -Absent
<B><font color = 'blue'> .</font></B>  -Absent
<B><font color = 'blue'> .</font></B>  -Absent
<B><font color = 'blue'> .</font></B>  -try last 
<B><font color = 'blue'> .</font></B>  -try@gmail.com
<B><font color = 'blue'> .</font></B>  -1225455
<B><font color = 'blue'> .</font></B>  -2022-11-07
<B><font color = 'blue'> .</font></B>  -Absent
<B><font color = 'blue'> .</font></B>  -Absent
<B><font color = 'blue'> .</font></B>  -undefined
<B><font color = 'blue'> .</font></B>  -Default
<B><font color = 'blue'> .</font></B>  -Default
<B><font color = 'blue'> .</font></B>  -Absent
<B><font color = 'blue'> .</font></B>  -Absent
<B><font color = 'blue'> .</font></B>  -Absent
<B><font color = 'blue'> .</font></B>  -Absent
<B><font color = 'blue'> .</font></B>  -Absent
<B><font color = 'blue'> .</font></B>  -Absent
<B><font color = 'blue'> .</font></B>  -Absent
<B><font color = 'blue'> .</font></B>  -Absent
<B><font color = 'blue'> .</font></B>  -Absent
<B><font color = 'blue'> .</font></B>  -Absent
<B><font color = 'blue'> .</font></B>  -Absent
<B><font color = 'blue'> .</font></B>  -vdjvdb yusvdvbbh 
<B><font color = 'blue'> .</font></B>  -dvhbfdh@gmail.com
<B><font color = 'blue'> .</font></B>  -wq534342
<B><font color = 'blue'> .</font></B>  -2022-11-07
<B><font color = 'blue'> .</font></B>  -Absent
<B><font color = 'blue'> .</font></B>  -Absent
<B><font color = 'blue'> .</font></B>  -undefined
<B><font color = 'blue'> .</font></B>  -Default
<B><font color = 'blue'> .</font></B>  -Default
<B><font color = 'blue'> .</font></B>  -Absent
<B><font color = 'blue'> .</font></B>  -Absent
<B><font color = 'blue'> .</font></B>  -Absent
<B><font color = 'blue'> .</font></B>  -Absent
<B><font color = 'blue'> .</font></B>  -Absent
<B><font color = 'blue'> .</font></B>  -Absent
<B><font color = 'blue'> .</font></B>  -Absent
<B><font color = 'blue'> .</font></B>  -Absent
<B><font color = 'blue'> .</font></B>  -Absent
<B><font color = 'blue'> .</font></B>  -Absent
<B><font color = 'blue'> .</font></B>  -Absent
<B><font color = 'blue'> .</font></B>  -Mail Test user 
<B><font color = 'blue'> .</font></B>  -maintest@user.io
<B><font color = 'blue'> .</font></B>  -GLB-1223888
<B><font color = 'blue'> .</font></B>  -2022-11-07
<B><font color = 'blue'> .</font></B>  -Absent
<B><font color = 'blue'> .</font></B>  -Absent
<B><font color = 'blue'> .</font></B>  -undefined
<B><font color = 'blue'> .</font></B>  -Default
<B><font color = 'blue'> .</font></B>  -Default
<B><font color = 'blue'> .</font></B>  -Absent
<B><font color = 'blue'> .</font></B>  -Absent
<B><font color = 'blue'> .</font></B>  -Absent
<B><font color = 'blue'> .</font></B>  -Absent
<B><font color = 'blue'> .</font></B>  -Absent
<B><font color = 'blue'> .</font></B>  -Absent
<B><font color = 'blue'> .</font></B>  -Absent
<B><font color = 'blue'> .</font></B>  -Absent
<B><font color = 'blue'> .</font></B>  -Absent
<B><font color = 'blue'> .</font></B>  -Absent
<B><font color = 'blue'> .</font></B>  -Absent
<B><font color = 'blue'> .</font></B>  -Update Check 
<B><font color = 'blue'> .</font></B>  -updates@gmail.com
<B><font color = 'blue'> .</font></B>  -emp543
<B><font color = 'blue'> .</font></B>  -2022-11-07
<B><font color = 'blue'> .</font></B>  -Absent
<B><font color = 'blue'> .</font></B>  -Absent
<B><font color = 'blue'> .</font></B>  -undefined
<B><font color = 'blue'> .</font></B>  -Default
<B><font color = 'blue'> .</font></B>  -Default
<B><font color = 'blue'> .</font></B>  -Absent
<B><font color = 'blue'> .</font></B>  -Absent
<B><font color = 'blue'> .</font></B>  -Absent
<B><font color = 'blue'> .</font></B>  -Absent
<B><font color = 'blue'> .</font></B>  -Absent
<B><font color = 'blue'> .</font></B>  -Absent
<B><font color = 'blue'> .</font></B>  -Absent
<B><font color = 'blue'> .</font></B>  -Absent
<B><font color = 'blue'> .</font></B>  -Absent
<B><font color = 'blue'> .</font></B>  -Absent
<B><font color = 'blue'> .</font></B>  -Absent
<B><font color = 'blue'> .</font></B>  -test manager 
<B><font color = 'blue'> .</font></B>  -manageremp@gmail.com
<B><font color = 'blue'> .</font></B>  -glb020
<B><font color = 'blue'> .</font></B>  -2022-11-07
<B><font color = 'blue'> .</font></B>  -Absent
<B><font color = 'blue'> .</font></B>  -Absent
<B><font color = 'blue'> .</font></B>  -undefined
<B><font color = 'blue'> .</font></B>  -Default
<B><font color = 'blue'> .</font></B>  -Default
<B><font color = 'blue'> .</font></B>  -Absent
<B><font color = 'blue'> .</font></B>  -Absent
<B><font color = 'blue'> .</font></B>  -Absent
<B><font color = 'blue'> .</font></B>  -Absent
<B><font color = 'blue'> .</font></B>  -Absent
<B><font color = 'blue'> .</font></B>  -Absent
<B><font color = 'blue'> .</font></B>  -Absent
<B><font color = 'blue'> .</font></B>  -Absent
<B><font color = 'blue'> .</font></B>  -Absent
<B><font color = 'blue'> .</font></B>  -Absent
<B><font color = 'blue'> .</font></B>  -Absent
<B><font color = 'blue'> .</font></B>  -DESKTOP-PJJHB19 - GLB-BLR-002OjUpRD2 
<B><font color = 'blue'> .</font></B>  --
<B><font color = 'blue'> .</font></B>  -GLB-BLR-002OjUpRD2
<B><font color = 'blue'> .</font></B>  -2022-11-07
<B><font color = 'blue'> .</font></B>  -Absent
<B><font color = 'blue'> .</font></B>  -Absent
<B><font color = 'blue'> .</font></B>  -undefined
<B><font color = 'blue'> .</font></B>  -Default
<B><font color = 'blue'> .</font></B>  -Default
<B><font color = 'blue'> .</font></B>  -Absent
<B><font color = 'blue'> .</font></B>  -Absent
<B><font color = 'blue'> .</font></B>  -Absent
<B><font color = 'blue'> .</font></B>  -Absent
<B><font color = 'blue'> .</font></B>  -Absent
<B><font color = 'blue'> .</font></B>  -Absent
<B><font color = 'blue'> .</font></B>  -Absent
<B><font color = 'blue'> .</font></B>  -Absent
<B><font color = 'blue'> .</font></B>  -Absent
<B><font color = 'blue'> .</font></B>  -Absent
<B><font color = 'blue'> .</font></B>  -Absent
<B><font color = 'blue'> .</font></B>  -Usb Test 
<B><font color = 'blue'> .</font></B>  -usbtest123@gmail.com
<B><font color = 'blue'> .</font></B>  -emp0097
<B><font color = 'blue'> .</font></B>  -2022-11-07
<B><font color = 'blue'> .</font></B>  -Absent
<B><font color = 'blue'> .</font></B>  -Absent
<B><font color = 'blue'> .</font></B>  -undefined
<B><font color = 'blue'> .</font></B>  -Default
<B><font color = 'blue'> .</font></B>  -Default
<B><font color = 'blue'> .</font></B>  -Absent
<B><font color = 'blue'> .</font></B>  -Absent
<B><font color = 'blue'> .</font></B>  -Absent
<B><font color = 'blue'> .</font></B>  -Absent
<B><font color = 'blue'> .</font></B>  -Absent
<B><font color = 'blue'> .</font></B>  -Absent
<B><font color = 'blue'> .</font></B>  -Absent
<B><font color = 'blue'> .</font></B>  -Absent
<B><font color = 'blue'> .</font></B>  -Absent
<B><font color = 'blue'> .</font></B>  -Absent
<B><font color = 'blue'> .</font></B>  -Absent
<B><font color = 'blue'> .</font></B>  -SS Keystrokes 
<B><font color = 'blue'> .</font></B>  -sskey@gmail.com
<B><font color = 'blue'> .</font></B>  -emp98y
<B><font color = 'blue'> .</font></B>  -2022-11-07
<B><font color = 'blue'> .</font></B>  -Absent
<B><font color = 'blue'> .</font></B>  -Absent
<B><font color = 'blue'> .</font></B>  -undefined
<B><font color = 'blue'> .</font></B>  -Default
<B><font color = 'blue'> .</font></B>  -Default
<B><font color = 'blue'> .</font></B>  -Absent
<B><font color = 'blue'> .</font></B>  -Absent
<B><font color = 'blue'> .</font></B>  -Absent
<B><font color = 'blue'> .</font></B>  -Absent
<B><font color = 'blue'> .</font></B>  -Absent
<B><font color = 'blue'> .</font></B>  -Absent
<B><font color = 'blue'> .</font></B>  -Absent
<B><font color = 'blue'> .</font></B>  -Absent
<B><font color = 'blue'> .</font></B>  -Absent
<B><font color = 'blue'> .</font></B>  -Absent
<B><font color = 'blue'> .</font></B>  -Absent
<B><font color = 'blue'> .</font></B>  -shivammmmmmmmmmmmmmmmmmmm Kumar 
<B><font color = 'blue'> .</font></B>  -kgfyash545@gmail.com
<B><font color = 'blue'> .</font></B>  -hsakhdjk414
<B><font color = 'blue'> .</font></B>  -2022-11-07
<B><font color = 'blue'> .</font></B>  -Absent
<B><font color = 'blue'> .</font></B>  -Absent
<B><font color = 'blue'> .</font></B>  -undefined
<B><font color = 'blue'> .</font></B>  -Default
<B><font color = 'blue'> .</font></B>  -Default
<B><font color = 'blue'> .</font></B>  -Absent
<B><font color = 'blue'> .</font></B>  -Absent
<B><font color = 'blue'> .</font></B>  -Absent
<B><font color = 'blue'> .</font></B>  -Absent
<B><font color = 'blue'> .</font></B>  -Absent
<B><font color = 'blue'> .</font></B>  -Absent
<B><font color = 'blue'> .</font></B>  -Absent
<B><font color = 'blue'> .</font></B>  -Absent
<B><font color = 'blue'> .</font></B>  -Absent
<B><font color = 'blue'> .</font></B>  -Absent
<B><font color = 'blue'> .</font></B>  -Absent
<B><font color = 'blue'> .</font></B>  -Abhishek Four tf test 
<B><font color = 'blue'> .</font></B>  -abhishekfourtf@mail.com
<B><font color = 'blue'> .</font></B>  -HLIKSJ98
<B><font color = 'blue'> .</font></B>  -2022-11-07
<B><font color = 'blue'> .</font></B>  -Absent
<B><font color = 'blue'> .</font></B>  -Absent
<B><font color = 'blue'> .</font></B>  -undefined
<B><font color = 'blue'> .</font></B>  -Default
<B><font color = 'blue'> .</font></B>  -Default
<B><font color = 'blue'> .</font></B>  -Absent
<B><font color = 'blue'> .</font></B>  -Absent
<B><font color = 'blue'> .</font></B>  -Absent
<B><font color = 'blue'> .</font></B>  -Absent
<B><font color = 'blue'> .</font></B>  -Absent
<B><font color = 'blue'> .</font></B>  -Absent
<B><font color = 'blue'> .</font></B>  -Absent
<B><font color = 'blue'> .</font></B>  -Absent
<B><font color = 'blue'> .</font></B>  -Absent
<B><font color = 'blue'> .</font></B>  -Absent
<B><font color = 'blue'> .</font></B>  -Absent
<B><font color = 'blue'> .</font></B>  -new dev user 
<B><font color = 'blue'> .</font></B>  -new@dev.user
<B><font color = 'blue'> .</font></B>  -fdfsfsd
<B><font color = 'blue'> .</font></B>  -2022-11-07
<B><font color = 'blue'> .</font></B>  -Absent
<B><font color = 'blue'> .</font></B>  -Absent
<B><font color = 'blue'> .</font></B>  -undefined
<B><font color = 'blue'> .</font></B>  -Default
<B><font color = 'blue'> .</font></B>  -Default
<B><font color = 'blue'> .</font></B>  -Absent
<B><font color = 'blue'> .</font></B>  -Absent
<B><font color = 'blue'> .</font></B>  -Absent
<B><font color = 'blue'> .</font></B>  -Absent
<B><font color = 'blue'> .</font></B>  -Absent
<B><font color = 'blue'> .</font></B>  -Absent
<B><font color = 'blue'> .</font></B>  -Absent
<B><font color = 'blue'> .</font></B>  -Absent
<B><font color = 'blue'> .</font></B>  -Absent
<B><font color = 'blue'> .</font></B>  -Absent
<B><font color = 'blue'> .</font></B>  -Absent
<B><font color = 'blue'> .</font></B>  -aaaaaaaaaa aaaaaaaaa 
<B><font color = 'blue'> .</font></B>  -mmmm@gmail.com
<B><font color = 'blue'> .</font></B>  -80765s
<B><font color = 'blue'> .</font></B>  -2022-11-07
<B><font color = 'blue'> .</font></B>  -Absent
<B><font color = 'blue'> .</font></B>  -Absent
<B><font color = 'blue'> .</font></B>  -undefined
<B><font color = 'blue'> .</font></B>  -Bangalore
<B><font color = 'blue'> .</font></B>  -Testing
<B><font color = 'blue'> .</font></B>  -Absent
<B><font color = 'blue'> .</font></B>  -Absent
<B><font color = 'blue'> .</font></B>  -Absent
<B><font color = 'blue'> .</font></B>  -Absent
<B><font color = 'blue'> .</font></B>  -Absent
<B><font color = 'blue'> .</font></B>  -Absent
<B><font color = 'blue'> .</font></B>  -Absent
<B><font color = 'blue'> .</font></B>  -Absent
<B><font color = 'blue'> .</font></B>  -Absent
<B><font color = 'blue'> .</font></B>  -Absent
<B><font color = 'blue'> .</font></B>  -Absent
<B><font color = 'blue'> .</font></B>  -sumesh test 
<B><font color = 'blue'> .</font></B>  -sumesh@mail.com
<B><font color = 'blue'> .</font></B>  -fdgfdgf
<B><font color = 'blue'> .</font></B>  -2022-11-07
<B><font color = 'blue'> .</font></B>  -Absent
<B><font color = 'blue'> .</font></B>  -Absent
<B><font color = 'blue'> .</font></B>  -undefined
<B><font color = 'blue'> .</font></B>  -Bangalore
<B><font color = 'blue'> .</font></B>  -Testing
<B><font color = 'blue'> .</font></B>  -Absent
<B><font color = 'blue'> .</font></B>  -Absent
<B><font color = 'blue'> .</font></B>  -Absent
<B><font color = 'blue'> .</font></B>  -Absent
<B><font color = 'blue'> .</font></B>  -Absent
<B><font color = 'blue'> .</font></B>  -Absent
<B><font color = 'blue'> .</font></B>  -Absent
<B><font color = 'blue'> .</font></B>  -Absent
<B><font color = 'blue'> .</font></B>  -Absent
<B><font color = 'blue'> .</font></B>  -Absent
<B><font color = 'blue'> .</font></B>  -Absent
<B><font color = 'blue'> .</font></B>  -Test msc 
<B><font color = 'blue'> .</font></B>  -test123@gmail.com
<B><font color = 'blue'> .</font></B>  -12254
<B><font color = 'blue'> .</font></B>  -2022-11-07
<B><font color = 'blue'> .</font></B>  -Absent
<B><font color = 'blue'> .</font></B>  -Absent
<B><font color = 'blue'> .</font></B>  -undefined
<B><font color = 'blue'> .</font></B>  -Bangalore
<B><font color = 'blue'> .</font></B>  -Testing
<B><font color = 'blue'> .</font></B>  -Absent
<B><font color = 'blue'> .</font></B>  -Absent
<B><font color = 'blue'> .</font></B>  -Absent
<B><font color = 'blue'> .</font></B>  -Absent
<B><font color = 'blue'> .</font></B>  -Absent
<B><font color = 'blue'> .</font></B>  -Absent
<B><font color = 'blue'> .</font></B>  -Absent
<B><font color = 'blue'> .</font></B>  -Absent
<B><font color = 'blue'> .</font></B>  -Absent
<B><font color = 'blue'> .</font></B>  -Absent
<B><font color = 'blue'> .</font></B>  -Absent
<B><font color = 'blue'> .</font></B>  -deffdfds vscsc 
<B><font color = 'blue'> .</font></B>  -cscsdw123@gmail.com
<B><font color = 'blue'> .</font></B>  -1234512
<B><font color = 'blue'> .</font></B>  -2022-11-07
<B><font color = 'blue'> .</font></B>  -Absent
<B><font color = 'blue'> .</font></B>  -Absent
<B><font color = 'blue'> .</font></B>  -undefined
<B><font color = 'blue'> .</font></B>  -Bangalore
<B><font color = 'blue'> .</font></B>  -Testing
<B><font color = 'blue'> .</font></B>  -Absent
<B><font color = 'blue'> .</font></B>  -Absent
<B><font color = 'blue'> .</font></B>  -Absent
<B><font color = 'blue'> .</font></B>  -Absent
<B><font color = 'blue'> .</font></B>  -Absent
<B><font color = 'blue'> .</font></B>  -Absent
<B><font color = 'blue'> .</font></B>  -Absent
<B><font color = 'blue'> .</font></B>  -Absent
<B><font color = 'blue'> .</font></B>  -Absent
<B><font color = 'blue'> .</font></B>  -Absent
<B><font color = 'blue'> .</font></B>  -Absent
<B><font color = 'blue'> .</font></B>  -test testtt 
<B><font color = 'blue'> .</font></B>  -abcd@gmail.com
<B><font color = 'blue'> .</font></B>  -GLB55
<B><font color = 'blue'> .</font></B>  -2022-11-07
<B><font color = 'blue'> .</font></B>  -Absent
<B><font color = 'blue'> .</font></B>  -Absent
<B><font color = 'blue'> .</font></B>  -undefined
<B><font color = 'blue'> .</font></B>  -Bangalore
<B><font color = 'blue'> .</font></B>  -Testing
<B><font color = 'blue'> .</font></B>  -Absent
<B><font color = 'blue'> .</font></B>  -Absent
<B><font color = 'blue'> .</font></B>  -Absent
<B><font color = 'blue'> .</font></B>  -Absent
<B><font color = 'blue'> .</font></B>  -Absent
<B><font color = 'blue'> .</font></B>  -Absent
<B><font color = 'blue'> .</font></B>  -Absent
<B><font color = 'blue'> .</font></B>  -Absent
<B><font color = 'blue'> .</font></B>  -Absent
<B><font color = 'blue'> .</font></B>  -Absent
<B><font color = 'blue'> .</font></B>  -Absent
<B><font color = 'blue'> .</font></B>  -Abhishe tt 
<B><font color = 'blue'> .</font></B>  -ab@ab.com
<B><font color = 'blue'> .</font></B>  -GKD567
<B><font color = 'blue'> .</font></B>  -2022-11-07
<B><font color = 'blue'> .</font></B>  -Absent
<B><font color = 'blue'> .</font></B>  -Absent
<B><font color = 'blue'> .</font></B>  -undefined
<B><font color = 'blue'> .</font></B>  -Bangalore
<B><font color = 'blue'> .</font></B>  -Testing
<B><font color = 'blue'> .</font></B>  -Absent
<B><font color = 'blue'> .</font></B>  -Absent
<B><font color = 'blue'> .</font></B>  -Absent
<B><font color = 'blue'> .</font></B>  -Absent
<B><font color = 'blue'> .</font></B>  -Absent
<B><font color = 'blue'> .</font></B>  -Absent
<B><font color = 'blue'> .</font></B>  -Absent
<B><font color = 'blue'> .</font></B>  -Absent
<B><font color = 'blue'> .</font></B>  -Absent
<B><font color = 'blue'> .</font></B>  -Absent
<B><font color = 'blue'> .</font></B>  -Absent
<B><font color = 'blue'> .</font></B>  -test nonadmin 
<B><font color = 'blue'> .</font></B>  -testnonadmin@gmail.com
<B><font color = 'blue'> .</font></B>  -GLB026
<B><font color = 'blue'> .</font></B>  -2022-11-07
<B><font color = 'blue'> .</font></B>  -Absent
<B><font color = 'blue'> .</font></B>  -Absent
<B><font color = 'blue'> .</font></B>  -undefined
<B><font color = 'blue'> .</font></B>  -Bangalore
<B><font color = 'blue'> .</font></B>  -Php
<B><font color = 'blue'> .</font></B>  -Absent
<B><font color = 'blue'> .</font></B>  -Absent
<B><font color = 'blue'> .</font></B>  -Absent
<B><font color = 'blue'> .</font></B>  -Absent
<B><font color = 'blue'> .</font></B>  -Absent
<B><font color = 'blue'> .</font></B>  -Absent
<B><font color = 'blue'> .</font></B>  -Absent
<B><font color = 'blue'> .</font></B>  -Absent
<B><font color = 'blue'> .</font></B>  -Absent
<B><font color = 'blue'> .</font></B>  -Absent
<B><font color = 'blue'> .</font></B>  -Absent
<B><font color = 'blue'> .</font></B>  -adg ckj 
<B><font color = 'blue'> .</font></B>  -adcs@1234
<B><font color = 'blue'> .</font></B>  -583
<B><font color = 'blue'> .</font></B>  -2022-11-07
<B><font color = 'blue'> .</font></B>  -Absent
<B><font color = 'blue'> .</font></B>  -Absent
<B><font color = 'blue'> .</font></B>  -undefined
<B><font color = 'blue'> .</font></B>  -Bangalore
<B><font color = 'blue'> .</font></B>  -Testing
<B><font color = 'blue'> .</font></B>  -Absent
<B><font color = 'blue'> .</font></B>  -Absent
<B><font color = 'blue'> .</font></B>  -Absent
<B><font color = 'blue'> .</font></B>  -Absent
<B><font color = 'blue'> .</font></B>  -Absent
<B><font color = 'blue'> .</font></B>  -Absent
<B><font color = 'blue'> .</font></B>  -Absent
<B><font color = 'blue'> .</font></B>  -Absent
<B><font color = 'blue'> .</font></B>  -Absent
<B><font color = 'blue'> .</font></B>  -Absent
<B><font color = 'blue'> .</font></B>  -Absent
<B><font color = 'blue'> .</font></B>  -Abhishek Test 
<B><font color = 'blue'> .</font></B>  -abhishektrest@glb.in
<B><font color = 'blue'> .</font></B>  -rN7tvEiDPGNi4fD
<B><font color = 'blue'> .</font></B>  -2022-11-07
<B><font color = 'blue'> .</font></B>  -Absent
<B><font color = 'blue'> .</font></B>  -Absent
<B><font color = 'blue'> .</font></B>  -undefined
<B><font color = 'blue'> .</font></B>  -Bangalore
<B><font color = 'blue'> .</font></B>  -Php
<B><font color = 'blue'> .</font></B>  -Absent
<B><font color = 'blue'> .</font></B>  -Absent
<B><font color = 'blue'> .</font></B>  -Absent
<B><font color = 'blue'> .</font></B>  -Absent
<B><font color = 'blue'> .</font></B>  -Absent
<B><font color = 'blue'> .</font></B>  -Absent
<B><font color = 'blue'> .</font></B>  -Absent
<B><font color = 'blue'> .</font></B>  -Absent
<B><font color = 'blue'> .</font></B>  -Absent
<B><font color = 'blue'> .</font></B>  -Absent
<B><font color = 'blue'> .</font></B>  -Absent
<B><font color = 'blue'> .</font></B>  -Superior Test one 
<B><font color = 'blue'> .</font></B>  -superiorone@gmail.com
<B><font color = 'blue'> .</font></B>  -twoqw
<B><font color = 'blue'> .</font></B>  -2022-11-07
<B><font color = 'blue'> .</font></B>  -Absent
<B><font color = 'blue'> .</font></B>  -Absent
<B><font color = 'blue'> .</font></B>  -undefined
<B><font color = 'blue'> .</font></B>  -Bangalore
<B><font color = 'blue'> .</font></B>  -Testing
<B><font color = 'blue'> .</font></B>  -Absent
<B><font color = 'blue'> .</font></B>  -Absent
<B><font color = 'blue'> .</font></B>  -Absent
<B><font color = 'blue'> .</font></B>  -Absent
<B><font color = 'blue'> .</font></B>  -Absent
<B><font color = 'blue'> .</font></B>  -Absent
<B><font color = 'blue'> .</font></B>  -Absent
<B><font color = 'blue'> .</font></B>  -Absent
<B><font color = 'blue'> .</font></B>  -Absent
<B><font color = 'blue'> .</font></B>  -Absent
<B><font color = 'blue'> .</font></B>  -Absent
<B><font color = 'blue'> .</font></B>  -test testw 
<B><font color = 'blue'> .</font></B>  -test@mac.in
<B><font color = 'blue'> .</font></B>  -aaf123
<B><font color = 'blue'> .</font></B>  -2022-11-07
<B><font color = 'blue'> .</font></B>  -Absent
<B><font color = 'blue'> .</font></B>  -Absent
<B><font color = 'blue'> .</font></B>  -undefined
<B><font color = 'blue'> .</font></B>  -Bangalore
<B><font color = 'blue'> .</font></B>  -Php
<B><font color = 'blue'> .</font></B>  -Absent
<B><font color = 'blue'> .</font></B>  -Absent
<B><font color = 'blue'> .</font></B>  -Absent
<B><font color = 'blue'> .</font></B>  -Absent
<B><font color = 'blue'> .</font></B>  -Absent
<B><font color = 'blue'> .</font></B>  -Absent
<B><font color = 'blue'> .</font></B>  -Absent
<B><font color = 'blue'> .</font></B>  -Absent
<B><font color = 'blue'> .</font></B>  -Absent
<B><font color = 'blue'> .</font></B>  -Absent
<B><font color = 'blue'> .</font></B>  -Absent
<B><font color = 'blue'> .</font></B>  -sam eer 
<B><font color = 'blue'> .</font></B>  -sam@rf.in
<B><font color = 'blue'> .</font></B>  -WSAERT2Q34E
<B><font color = 'blue'> .</font></B>  -2022-11-07
<B><font color = 'blue'> .</font></B>  -Absent
<B><font color = 'blue'> .</font></B>  -Absent
<B><font color = 'blue'> .</font></B>  -undefined
<B><font color = 'blue'> .</font></B>  -Bangalore
<B><font color = 'blue'> .</font></B>  -Testing
<B><font color = 'blue'> .</font></B>  -Absent
<B><font color = 'blue'> .</font></B>  -Absent
<B><font color = 'blue'> .</font></B>  -Absent
<B><font color = 'blue'> .</font></B>  -Absent
<B><font color = 'blue'> .</font></B>  -Absent
<B><font color = 'blue'> .</font></B>  -Absent
<B><font color = 'blue'> .</font></B>  -Absent
<B><font color = 'blue'> .</font></B>  -Absent
<B><font color = 'blue'> .</font></B>  -Absent
<B><font color = 'blue'> .</font></B>  -Absent
<B><font color = 'blue'> .</font></B>  -Absent
<B><font color = 'blue'> .</font></B>  -Test test 
<B><font color = 'blue'> .</font></B>  -sarikajain@gmail.com
<B><font color = 'blue'> .</font></B>  -E-101
<B><font color = 'blue'> .</font></B>  -2022-11-07
<B><font color = 'blue'> .</font></B>  -Absent
<B><font color = 'blue'> .</font></B>  -Absent
<B><font color = 'blue'> .</font></B>  -undefined
<B><font color = 'blue'> .</font></B>  -Bangalore
<B><font color = 'blue'> .</font></B>  -Testing
<B><font color = 'blue'> .</font></B>  -Absent
<B><font color = 'blue'> .</font></B>  -Absent
<B><font color = 'blue'> .</font></B>  -Absent
<B><font color = 'blue'> .</font></B>  -Absent
<B><font color = 'blue'> .</font></B>  -Absent
<B><font color = 'blue'> .</font></B>  -Absent
<B><font color = 'blue'> .</font></B>  -Absent
<B><font color = 'blue'> .</font></B>  -Absent
<B><font color = 'blue'> .</font></B>  -Absent
<B><font color = 'blue'> .</font></B>  -Absent
<B><font color = 'blue'> .</font></B>  -Absent
<B><font color = 'blue'> .</font></B>  -sithu kalluru 
<B><font color = 'blue'> .</font></B>  -sitaramireddy@globussoft.in
<B><font color = 'blue'> .</font></B>  -code12
<B><font color = 'blue'> .</font></B>  -2022-11-07
<B><font color = 'blue'> .</font></B>  -Absent
<B><font color = 'blue'> .</font></B>  -Absent
<B><font color = 'blue'> .</font></B>  -undefined
<B><font color = 'blue'> .</font></B>  -Bangalore
<B><font color = 'blue'> .</font></B>  -Testing
<B><font color = 'blue'> .</font></B>  -Absent
<B><font color = 'blue'> .</font></B>  -Absent
<B><font color = 'blue'> .</font></B>  -Absent
<B><font color = 'blue'> .</font></B>  -Absent
<B><font color = 'blue'> .</font></B>  -Absent
<B><font color = 'blue'> .</font></B>  -Absent
<B><font color = 'blue'> .</font></B>  -Absent
<B><font color = 'blue'> .</font></B>  -Absent
<B><font color = 'blue'> .</font></B>  -Absent
<B><font color = 'blue'> .</font></B>  -Absent
<B><font color = 'blue'> .</font></B>  -Absent
<B><font color = 'blue'> .</font></B>  -testing test 
<B><font color = 'blue'> .</font></B>  -aarshajoyson1601@gmail.com
<B><font color = 'blue'> .</font></B>  -glb0008
<B><font color = 'blue'> .</font></B>  -2022-11-07
<B><font color = 'blue'> .</font></B>  -Absent
<B><font color = 'blue'> .</font></B>  -Absent
<B><font color = 'blue'> .</font></B>  -undefined
<B><font color = 'blue'> .</font></B>  -Bangalore
<B><font color = 'blue'> .</font></B>  -Php
<B><font color = 'blue'> .</font></B>  -Absent
<B><font color = 'blue'> .</font></B>  -Absent
<B><font color = 'blue'> .</font></B>  -Absent
<B><font color = 'blue'> .</font></B>  -Absent
<B><font color = 'blue'> .</font></B>  -Absent
<B><font color = 'blue'> .</font></B>  -Absent
<B><font color = 'blue'> .</font></B>  -Absent
<B><font color = 'blue'> .</font></B>  -Absent
<B><font color = 'blue'> .</font></B>  -Absent
<B><font color = 'blue'> .</font></B>  -Absent
<B><font color = 'blue'> .</font></B>  -Absent
<B><font color = 'blue'> .</font></B>  -Automation CodeeeAuto 
<B><font color = 'blue'> .</font></B>  -skabcdef7@gmail.com
<B><font color = 'blue'> .</font></B>  -Emp-Abzcde-1234522
<B><font color = 'blue'> .</font></B>  -2022-11-07
<B><font color = 'blue'> .</font></B>  -Absent
<B><font color = 'blue'> .</font></B>  -Absent
<B><font color = 'blue'> .</font></B>  -undefined
<B><font color = 'blue'> .</font></B>  -Bangalore
<B><font color = 'blue'> .</font></B>  -Testing
<B><font color = 'blue'> .</font></B>  -Absent
<B><font color = 'blue'> .</font></B>  -Absent
<B><font color = 'blue'> .</font></B>  -Absent
<B><font color = 'blue'> .</font></B>  -Absent
<B><font color = 'blue'> .</font></B>  -Absent
<B><font color = 'blue'> .</font></B>  -Absent
<B><font color = 'blue'> .</font></B>  -Absent
<B><font color = 'blue'> .</font></B>  -Absent
<B><font color = 'blue'> .</font></B>  -Absent
<B><font color = 'blue'> .</font></B>  -Absent
<B><font color = 'blue'> .</font></B>  -Absent
<B><font color = 'blue'> .</font></B>  -piyush dfgsfg 
<B><font color = 'blue'> .</font></B>  -jos@gmail.com
<B><font color = 'blue'> .</font></B>  -sdgff
<B><font color = 'blue'> .</font></B>  -2022-11-07
<B><font color = 'blue'> .</font></B>  -Absent
<B><font color = 'blue'> .</font></B>  -Absent
<B><font color = 'blue'> .</font></B>  -undefined
<B><font color = 'blue'> .</font></B>  -Bangalore
<B><font color = 'blue'> .</font></B>  -Testing
<B><font color = 'blue'> .</font></B>  -Absent
<B><font color = 'blue'> .</font></B>  -Absent
<B><font color = 'blue'> .</font></B>  -Absent
<B><font color = 'blue'> .</font></B>  -Absent
<B><font color = 'blue'> .</font></B>  -Absent
<B><font color = 'blue'> .</font></B>  -Absent
<B><font color = 'blue'> .</font></B>  -Absent
<B><font color = 'blue'> .</font></B>  -Absent
<B><font color = 'blue'> .</font></B>  -Absent
<B><font color = 'blue'> .</font></B>  -Absent
<B><font color = 'blue'> .</font></B>  -Absent
<B><font color = 'blue'> .</font></B>  -Aryan raj 
<B><font color = 'blue'> .</font></B>  -alex@gmail.com
<B><font color = 'blue'> .</font></B>  -126
<B><font color = 'blue'> .</font></B>  -2022-11-07
<B><font color = 'blue'> .</font></B>  -Absent
<B><font color = 'blue'> .</font></B>  -Absent
<B><font color = 'blue'> .</font></B>  -undefined
<B><font color = 'blue'> .</font></B>  -Bangalore
<B><font color = 'blue'> .</font></B>  -Testing
<B><font color = 'blue'> .</font></B>  -Absent
<B><font color = 'blue'> .</font></B>  -Absent
<B><font color = 'blue'> .</font></B>  -Absent
<B><font color = 'blue'> .</font></B>  -Absent
<B><font color = 'blue'> .</font></B>  -Absent
<B><font color = 'blue'> .</font></B>  -Absent
<B><font color = 'blue'> .</font></B>  -Absent
<B><font color = 'blue'> .</font></B>  -Absent
<B><font color = 'blue'> .</font></B>  -Absent
<B><font color = 'blue'> .</font></B>  -Absent
<B><font color = 'blue'> .</font></B>  -Absent
<B><font color = 'blue'> .</font></B>  -Automation CodeeeAuto 
<B><font color = 'blue'> .</font></B>  -skabcdef38@gmail.com
<B><font color = 'blue'> .</font></B>  -Emp-Abzcde-123457
<B><font color = 'blue'> .</font></B>  -2022-11-07
<B><font color = 'blue'> .</font></B>  -Absent
<B><font color = 'blue'> .</font></B>  -Absent
<B><font color = 'blue'> .</font></B>  -undefined
<B><font color = 'blue'> .</font></B>  -Bangalore
<B><font color = 'blue'> .</font></B>  -Testing
<B><font color = 'blue'> .</font></B>  -Absent
<B><font color = 'blue'> .</font></B>  -Absent
<B><font color = 'blue'> .</font></B>  -Absent
<B><font color = 'blue'> .</font></B>  -Absent
<B><font color = 'blue'> .</font></B>  -Absent
<B><font color = 'blue'> .</font></B>  -Absent
<B><font color = 'blue'> .</font></B>  -Absent
<B><font color = 'blue'> .</font></B>  -Absent
<B><font color = 'blue'> .</font></B>  -Absent
<B><font color = 'blue'> .</font></B>  -Absent
<B><font color = 'blue'> .</font></B>  -Absent
<B><font color = 'blue'> .</font></B>  -Automation CodeeeAuto 
<B><font color = 'blue'> .</font></B>  -skabcdef33@gmail.com
<B><font color = 'blue'> .</font></B>  -Emp-Abzcde-1234557
<B><font color = 'blue'> .</font></B>  -2022-11-07
<B><font color = 'blue'> .</font></B>  -Absent
<B><font color = 'blue'> .</font></B>  -Absent
<B><font color = 'blue'> .</font></B>  -undefined
<B><font color = 'blue'> .</font></B>  -Bangalore
<B><font color = 'blue'> .</font></B>  -Testing
<B><font color = 'blue'> .</font></B>  -Absent
<B><font color = 'blue'> .</font></B>  -Absent
<B><font color = 'blue'> .</font></B>  -Absent
<B><font color = 'blue'> .</font></B>  -Absent
<B><font color = 'blue'> .</font></B>  -Absent
<B><font color = 'blue'> .</font></B>  -Absent
<B><font color = 'blue'> .</font></B>  -Absent
<B><font color = 'blue'> .</font></B>  -Absent
<B><font color = 'blue'> .</font></B>  -Absent
<B><font color = 'blue'> .</font></B>  -Absent
<B><font color = 'blue'> .</font></B>  -Absent
<B><font color = 'blue'> .</font></B>  -R o       hit Sharma 
<B><font color = 'blue'> .</font></B>  -rahulrajt5613928@gmail.com
<B><font color = 'blue'> .</font></B>  -67645
<B><font color = 'blue'> .</font></B>  -2022-11-07
<B><font color = 'blue'> .</font></B>  -Absent
<B><font color = 'blue'> .</font></B>  -Absent
<B><font color = 'blue'> .</font></B>  -undefined
<B><font color = 'blue'> .</font></B>  -bengaluru
<B><font color = 'blue'> .</font></B>  -Testing
<B><font color = 'blue'> .</font></B>  -Absent
<B><font color = 'blue'> .</font></B>  -Absent
<B><font color = 'blue'> .</font></B>  -Absent
<B><font color = 'blue'> .</font></B>  -Absent
<B><font color = 'blue'> .</font></B>  -Absent
<B><font color = 'blue'> .</font></B>  -Absent
<B><font color = 'blue'> .</font></B>  -Absent
<B><font color = 'blue'> .</font></B>  -Absent
<B><font color = 'blue'> .</font></B>  -Absent
<B><font color = 'blue'> .</font></B>  -Absent
<B><font color = 'blue'> .</font></B>  -Absent
<B><font color = 'blue'> .</font></B>  -ni test 
<B><font color = 'blue'> .</font></B>  -nitest12@gmail.com
<B><font color = 'blue'> .</font></B>  -GLB678
<B><font color = 'blue'> .</font></B>  -2022-11-07
<B><font color = 'blue'> .</font></B>  -Absent
<B><font color = 'blue'> .</font></B>  -Absent
<B><font color = 'blue'> .</font></B>  -undefined
<B><font color = 'blue'> .</font></B>  -bengaluru
<B><font color = 'blue'> .</font></B>  -Testing
<B><font color = 'blue'> .</font></B>  -Absent
<B><font color = 'blue'> .</font></B>  -Absent
<B><font color = 'blue'> .</font></B>  -Absent
<B><font color = 'blue'> .</font></B>  -Absent
<B><font color = 'blue'> .</font></B>  -Absent
<B><font color = 'blue'> .</font></B>  -Absent
<B><font color = 'blue'> .</font></B>  -Absent
<B><font color = 'blue'> .</font></B>  -Absent
<B><font color = 'blue'> .</font></B>  -Absent
<B><font color = 'blue'> .</font></B>  -Absent
<B><font color = 'blue'> .</font></B>  -Absent
<B><font color = 'blue'> .</font></B>  -one test 
<B><font color = 'blue'> .</font></B>  -testone1234@gmail.com
<B><font color = 'blue'> .</font></B>  -0110
<B><font color = 'blue'> .</font></B>  -2022-11-07
<B><font color = 'blue'> .</font></B>  -Absent
<B><font color = 'blue'> .</font></B>  -Absent
<B><font color = 'blue'> .</font></B>  -undefined
<B><font color = 'blue'> .</font></B>  -bengaluru
<B><font color = 'blue'> .</font></B>  -Testing
<B><font color = 'blue'> .</font></B>  -Absent
<B><font color = 'blue'> .</font></B>  -Absent
<B><font color = 'blue'> .</font></B>  -Absent
<B><font color = 'blue'> .</font></B>  -Absent
<B><font color = 'blue'> .</font></B>  -Absent
<B><font color = 'blue'> .</font></B>  -Absent
<B><font color = 'blue'> .</font></B>  -Absent
<B><font color = 'blue'> .</font></B>  -Absent
<B><font color = 'blue'> .</font></B>  -Absent
<B><font color = 'blue'> .</font></B>  -Absent
<B><font color = 'blue'> .</font></B>  -Absent
<B><font color = 'blue'> .</font></B>  -GLB-BLR-010-PC - GLB-BLR-010 
<B><font color = 'blue'> .</font></B>  -abcd@yuksdgus
<B><font color = 'blue'> .</font></B>  -GLB-BLR-010
<B><font color = 'blue'> .</font></B>  -2022-11-07
<B><font color = 'blue'> .</font></B>  -Absent
<B><font color = 'blue'> .</font></B>  -Absent
<B><font color = 'blue'> .</font></B>  -undefined
<B><font color = 'blue'> .</font></B>  -bengaluru
<B><font color = 'blue'> .</font></B>  -Testing
<B><font color = 'blue'> .</font></B>  -Absent
<B><font color = 'blue'> .</font></B>  -Absent
<B><font color = 'blue'> .</font></B>  -Absent
<B><font color = 'blue'> .</font></B>  -Absent
<B><font color = 'blue'> .</font></B>  -Absent
<B><font color = 'blue'> .</font></B>  -Absent
<B><font color = 'blue'> .</font></B>  -Absent
<B><font color = 'blue'> .</font></B>  -Absent
<B><font color = 'blue'> .</font></B>  -Absent
<B><font color = 'blue'> .</font></B>  -Absent
<B><font color = 'blue'> .</font></B>  -Absent
<B><font color = 'blue'> .</font></B>  -surya kk 
<B><font color = 'blue'> .</font></B>  -123@gmail.com
<B><font color = 'blue'> .</font></B>  -mmmmm
<B><font color = 'blue'> .</font></B>  -2022-11-07
<B><font color = 'blue'> .</font></B>  -Absent
<B><font color = 'blue'> .</font></B>  -Absent
<B><font color = 'blue'> .</font></B>  -undefined
<B><font color = 'blue'> .</font></B>  -Tamilnadu
<B><font color = 'blue'> .</font></B>  -Test and Dev
<B><font color = 'blue'> .</font></B>  -Absent
<B><font color = 'blue'> .</font></B>  -Absent
<B><font color = 'blue'> .</font></B>  -Absent
<B><font color = 'blue'> .</font></B>  -Absent
<B><font color = 'blue'> .</font></B>  -Absent
<B><font color = 'blue'> .</font></B>  -Absent
<B><font color = 'blue'> .</font></B>  -Absent
<B><font color = 'blue'> .</font></B>  -Absent
<B><font color = 'blue'> .</font></B>  -Absent
<B><font color = 'blue'> .</font></B>  -Absent
<B><font color = 'blue'> .</font></B>  -Absent
<B><font color = 'blue'> .</font></B>  -sai kk 
<B><font color = 'blue'> .</font></B>  -saikk19876@gmail.com
<B><font color = 'blue'> .</font></B>  -20221019
<B><font color = 'blue'> .</font></B>  -2022-11-07
<B><font color = 'blue'> .</font></B>  -Absent
<B><font color = 'blue'> .</font></B>  -Absent
<B><font color = 'blue'> .</font></B>  -undefined
<B><font color = 'blue'> .</font></B>  -Tamilnadu
<B><font color = 'blue'> .</font></B>  -Test and Dev
<B><font color = 'blue'> .</font></B>  -Absent
<B><font color = 'blue'> .</font></B>  -Absent
<B><font color = 'blue'> .</font></B>  -Absent
<B><font color = 'blue'> .</font></B>  -Absent
<B><font color = 'blue'> .</font></B>  -Absent
<B><font color = 'blue'> .</font></B>  -Absent
<B><font color = 'blue'> .</font></B>  -Absent
<B><font color = 'blue'> .</font></B>  -Absent
<B><font color = 'blue'> .</font></B>  -Absent
<B><font color = 'blue'> .</font></B>  -Absent
<B><font color = 'blue'> .</font></B>  -Absent
<B><font color = 'blue'> .</font></B>  -ajeethemp test 
<B><font color = 'blue'> .</font></B>  -ajeethemp@gmail.com
<B><font color = 'blue'> .</font></B>  -A01
<B><font color = 'blue'> .</font></B>  -2022-11-07
<B><font color = 'blue'> .</font></B>  -Absent
<B><font color = 'blue'> .</font></B>  -Absent
<B><font color = 'blue'> .</font></B>  -undefined
<B><font color = 'blue'> .</font></B>  -Tamilnadu
<B><font color = 'blue'> .</font></B>  -Test and Dev
<B><font color = 'blue'> .</font></B>  -Absent
<B><font color = 'blue'> .</font></B>  -Absent
<B><font color = 'blue'> .</font></B>  -Absent
<B><font color = 'blue'> .</font></B>  -Absent
<B><font color = 'blue'> .</font></B>  -Absent
<B><font color = 'blue'> .</font></B>  -Absent
<B><font color = 'blue'> .</font></B>  -Absent
<B><font color = 'blue'> .</font></B>  -Absent
<B><font color = 'blue'> .</font></B>  -Absent
<B><font color = 'blue'> .</font></B>  -Absent
<B><font color = 'blue'> .</font></B>  -Absent
<B><font color = 'blue'> .</font></B>  -test user two 
<B><font color = 'blue'> .</font></B>  -testuser@two.io
<B><font color = 'blue'> .</font></B>  -GSLL-327
<B><font color = 'blue'> .</font></B>  -2022-11-07
<B><font color = 'blue'> .</font></B>  -Absent
<B><font color = 'blue'> .</font></B>  -Absent
<B><font color = 'blue'> .</font></B>  -undefined
<B><font color = 'blue'> .</font></B>  -Tamilnadu
<B><font color = 'blue'> .</font></B>  -Test and Dev
<B><font color = 'blue'> .</font></B>  -Absent
<B><font color = 'blue'> .</font></B>  -Absent
<B><font color = 'blue'> .</font></B>  -Absent
<B><font color = 'blue'> .</font></B>  -Absent
<B><font color = 'blue'> .</font></B>  -Absent
<B><font color = 'blue'> .</font></B>  -Absent
<B><font color = 'blue'> .</font></B>  -Absent
<B><font color = 'blue'> .</font></B>  -Absent
<B><font color = 'blue'> .</font></B>  -Absent
<B><font color = 'blue'> .</font></B>  -Absent
<B><font color = 'blue'> .</font></B>  -Absent
<B><font color = 'blue'> .</font></B>  -dxgfdxg gssdg 
<B><font color = 'blue'> .</font></B>  -sdgsg@dgksodkg.in
<B><font color = 'blue'> .</font></B>  -asfda343443
<B><font color = 'blue'> .</font></B>  -2022-11-07
<B><font color = 'blue'> .</font></B>  -Absent
<B><font color = 'blue'> .</font></B>  -Absent
<B><font color = 'blue'> .</font></B>  -undefined
<B><font color = 'blue'> .</font></B>  -Bhilai
<B><font color = 'blue'> .</font></B>  -Php
<B><font color = 'blue'> .</font></B>  -Absent
<B><font color = 'blue'> .</font></B>  -Absent
<B><font color = 'blue'> .</font></B>  -Absent
<B><font color = 'blue'> .</font></B>  -Absent
<B><font color = 'blue'> .</font></B>  -Absent
<B><font color = 'blue'> .</font></B>  -Absent
<B><font color = 'blue'> .</font></B>  -Absent
<B><font color = 'blue'> .</font></B>  -Absent
<B><font color = 'blue'> .</font></B>  -Absent
<B><font color = 'blue'> .</font></B>  -Absent
<B><font color = 'blue'> .</font></B>  -Absent
<B><font color = 'blue'> .</font></B>  -Guest User 
<B><font color = 'blue'> .</font></B>  -guestuser@gmail.com
<B><font color = 'blue'> .</font></B>  -GLB-777
<B><font color = 'blue'> .</font></B>  -2022-11-07
<B><font color = 'blue'> .</font></B>  -Absent
<B><font color = 'blue'> .</font></B>  -Absent
<B><font color = 'blue'> .</font></B>  -undefined
<B><font color = 'blue'> .</font></B>  -Bhilai
<B><font color = 'blue'> .</font></B>  -Php
<B><font color = 'blue'> .</font></B>  -Absent
<B><font color = 'blue'> .</font></B>  -Absent
<B><font color = 'blue'> .</font></B>  -Absent
<B><font color = 'blue'> .</font></B>  -Absent
<B><font color = 'blue'> .</font></B>  -Absent
<B><font color = 'blue'> .</font></B>  -Absent
<B><font color = 'blue'> .</font></B>  -Absent
<B><font color = 'blue'> .</font></B>  -Absent
<B><font color = 'blue'> .</font></B>  -Absent
<B><font color = 'blue'> .</font></B>  -Absent
<B><font color = 'blue'> .</font></B>  -Absent
<B><font color = 'blue'> .</font></B>  -Virat kohli 
<B><font color = 'blue'> .</font></B>  -rahukbgdxgsf@gmail.com
<B><font color = 'blue'> .</font></B>  -65332
<B><font color = 'blue'> .</font></B>  -2022-11-06
<B><font color = 'blue'> .</font></B>  -Absent
<B><font color = 'blue'> .</font></B>  -Absent
<B><font color = 'blue'> .</font></B>  -undefined
<B><font color = 'blue'> .</font></B>  -Default
<B><font color = 'blue'> .</font></B>  -Default
<B><font color = 'blue'> .</font></B>  -Absent
<B><font color = 'blue'> .</font></B>  -Absent
<B><font color = 'blue'> .</font></B>  -Absent
<B><font color = 'blue'> .</font></B>  -Absent
<B><font color = 'blue'> .</font></B>  -Absent
<B><font color = 'blue'> .</font></B>  -Absent
<B><font color = 'blue'> .</font></B>  -Absent
<B><font color = 'blue'> .</font></B>  -Absent
<B><font color = 'blue'> .</font></B>  -Absent
<B><font color = 'blue'> .</font></B>  -Absent
<B><font color = 'blue'> .</font></B>  -Absent
<B><font color = 'blue'> .</font></B>  -sadas kadkasdj 
<B><font color = 'blue'> .</font></B>  -dsa@eqe
<B><font color = 'blue'> .</font></B>  -emp129666
<B><font color = 'blue'> .</font></B>  -2022-11-06
<B><font color = 'blue'> .</font></B>  -Absent
<B><font color = 'blue'> .</font></B>  -Absent
<B><font color = 'blue'> .</font></B>  -undefined
<B><font color = 'blue'> .</font></B>  -Default
<B><font color = 'blue'> .</font></B>  -Default
<B><font color = 'blue'> .</font></B>  -Absent
<B><font color = 'blue'> .</font></B>  -Absent
<B><font color = 'blue'> .</font></B>  -Absent
<B><font color = 'blue'> .</font></B>  -Absent
<B><font color = 'blue'> .</font></B>  -Absent
<B><font color = 'blue'> .</font></B>  -Absent
<B><font color = 'blue'> .</font></B>  -Absent
<B><font color = 'blue'> .</font></B>  -Absent
<B><font color = 'blue'> .</font></B>  -Absent
<B><font color = 'blue'> .</font></B>  -Absent
<B><font color = 'blue'> .</font></B>  -Absent
<B><font color = 'blue'> .</font></B>  -New Test 
<B><font color = 'blue'> .</font></B>  -newtest@gmail.com
<B><font color = 'blue'> .</font></B>  -ewer334443
<B><font color = 'blue'> .</font></B>  -2022-11-06
<B><font color = 'blue'> .</font></B>  -Absent
<B><font color = 'blue'> .</font></B>  -Absent
<B><font color = 'blue'> .</font></B>  -undefined
<B><font color = 'blue'> .</font></B>  -Default
<B><font color = 'blue'> .</font></B>  -Default
<B><font color = 'blue'> .</font></B>  -Absent
<B><font color = 'blue'> .</font></B>  -Absent
<B><font color = 'blue'> .</font></B>  -Absent
<B><font color = 'blue'> .</font></B>  -Absent
<B><font color = 'blue'> .</font></B>  -Absent
<B><font color = 'blue'> .</font></B>  -Absent
<B><font color = 'blue'> .</font></B>  -Absent
<B><font color = 'blue'> .</font></B>  -Absent
<B><font color = 'blue'> .</font></B>  -Absent
<B><font color = 'blue'> .</font></B>  -Absent
<B><font color = 'blue'> .</font></B>  -Absent
<B><font color = 'blue'> .</font></B>  -dshcdb uidsbf 
<B><font color = 'blue'> .</font></B>  -dvbvdb@yahoo.com
<B><font color = 'blue'> .</font></B>  -435454
<B><font color = 'blue'> .</font></B>  -2022-11-06
<B><font color = 'blue'> .</font></B>  -Absent
<B><font color = 'blue'> .</font></B>  -Absent
<B><font color = 'blue'> .</font></B>  -undefined
<B><font color = 'blue'> .</font></B>  -Default
<B><font color = 'blue'> .</font></B>  -Default
<B><font color = 'blue'> .</font></B>  -Absent
<B><font color = 'blue'> .</font></B>  -Absent
<B><font color = 'blue'> .</font></B>  -Absent
<B><font color = 'blue'> .</font></B>  -Absent
<B><font color = 'blue'> .</font></B>  -Absent
<B><font color = 'blue'> .</font></B>  -Absent
<B><font color = 'blue'> .</font></B>  -Absent
<B><font color = 'blue'> .</font></B>  -Absent
<B><font color = 'blue'> .</font></B>  -Absent
<B><font color = 'blue'> .</font></B>  -Absent
<B><font color = 'blue'> .</font></B>  -Absent
<B><font color = 'blue'> .</font></B>  -try last 
<B><font color = 'blue'> .</font></B>  -try@gmail.com
<B><font color = 'blue'> .</font></B>  -1225455
<B><font color = 'blue'> .</font></B>  -2022-11-06
<B><font color = 'blue'> .</font></B>  -Absent
<B><font color = 'blue'> .</font></B>  -Absent
<B><font color = 'blue'> .</font></B>  -undefined
<B><font color = 'blue'> .</font></B>  -Default
<B><font color = 'blue'> .</font></B>  -Default
<B><font color = 'blue'> .</font></B>  -Absent
<B><font color = 'blue'> .</font></B>  -Absent
<B><font color = 'blue'> .</font></B>  -Absent
<B><font color = 'blue'> .</font></B>  -Absent
<B><font color = 'blue'> .</font></B>  -Absent
<B><font color = 'blue'> .</font></B>  -Absent
<B><font color = 'blue'> .</font></B>  -Absent
<B><font color = 'blue'> .</font></B>  -Absent
<B><font color = 'blue'> .</font></B>  -Absent
<B><font color = 'blue'> .</font></B>  -Absent
<B><font color = 'blue'> .</font></B>  -Absent
<B><font color = 'blue'> .</font></B>  -vdjvdb yusvdvbbh 
<B><font color = 'blue'> .</font></B>  -dvhbfdh@gmail.com
<B><font color = 'blue'> .</font></B>  -wq534342
<B><font color = 'blue'> .</font></B>  -2022-11-06
<B><font color = 'blue'> .</font></B>  -Absent
<B><font color = 'blue'> .</font></B>  -Absent
<B><font color = 'blue'> .</font></B>  -undefined
<B><font color = 'blue'> .</font></B>  -Default
<B><font color = 'blue'> .</font></B>  -Default
<B><font color = 'blue'> .</font></B>  -Absent
<B><font color = 'blue'> .</font></B>  -Absent
<B><font color = 'blue'> .</font></B>  -Absent
<B><font color = 'blue'> .</font></B>  -Absent
<B><font color = 'blue'> .</font></B>  -Absent
<B><font color = 'blue'> .</font></B>  -Absent
<B><font color = 'blue'> .</font></B>  -Absent
<B><font color = 'blue'> .</font></B>  -Absent
<B><font color = 'blue'> .</font></B>  -Absent
<B><font color = 'blue'> .</font></B>  -Absent
<B><font color = 'blue'> .</font></B>  -Absent
<B><font color = 'blue'> .</font></B>  -Mail Test user 
<B><font color = 'blue'> .</font></B>  -maintest@user.io
<B><font color = 'blue'> .</font></B>  -GLB-1223888
<B><font color = 'blue'> .</font></B>  -2022-11-06
<B><font color = 'blue'> .</font></B>  -Absent
<B><font color = 'blue'> .</font></B>  -Absent
<B><font color = 'blue'> .</font></B>  -undefined
<B><font color = 'blue'> .</font></B>  -Default
<B><font color = 'blue'> .</font></B>  -Default
<B><font color = 'blue'> .</font></B>  -Absent
<B><font color = 'blue'> .</font></B>  -Absent
<B><font color = 'blue'> .</font></B>  -Absent
<B><font color = 'blue'> .</font></B>  -Absent
<B><font color = 'blue'> .</font></B>  -Absent
<B><font color = 'blue'> .</font></B>  -Absent
<B><font color = 'blue'> .</font></B>  -Absent
<B><font color = 'blue'> .</font></B>  -Absent
<B><font color = 'blue'> .</font></B>  -Absent
<B><font color = 'blue'> .</font></B>  -Absent
<B><font color = 'blue'> .</font></B>  -Absent
<B><font color = 'blue'> .</font></B>  -Update Check 
<B><font color = 'blue'> .</font></B>  -updates@gmail.com
<B><font color = 'blue'> .</font></B>  -emp543
<B><font color = 'blue'> .</font></B>  -2022-11-06
<B><font color = 'blue'> .</font></B>  -Absent
<B><font color = 'blue'> .</font></B>  -Absent
<B><font color = 'blue'> .</font></B>  -undefined
<B><font color = 'blue'> .</font></B>  -Default
<B><font color = 'blue'> .</font></B>  -Default
<B><font color = 'blue'> .</font></B>  -Absent
<B><font color = 'blue'> .</font></B>  -Absent
<B><font color = 'blue'> .</font></B>  -Absent
<B><font color = 'blue'> .</font></B>  -Absent
<B><font color = 'blue'> .</font></B>  -Absent
<B><font color = 'blue'> .</font></B>  -Absent
<B><font color = 'blue'> .</font></B>  -Absent
<B><font color = 'blue'> .</font></B>  -Absent
<B><font color = 'blue'> .</font></B>  -Absent
<B><font color = 'blue'> .</font></B>  -Absent
<B><font color = 'blue'> .</font></B>  -Absent
<B><font color = 'blue'> .</font></B>  -test manager 
<B><font color = 'blue'> .</font></B>  -manageremp@gmail.com
<B><font color = 'blue'> .</font></B>  -glb020
<B><font color = 'blue'> .</font></B>  -2022-11-06
<B><font color = 'blue'> .</font></B>  -Absent
<B><font color = 'blue'> .</font></B>  -Absent
<B><font color = 'blue'> .</font></B>  -undefined
<B><font color = 'blue'> .</font></B>  -Default
<B><font color = 'blue'> .</font></B>  -Default
<B><font color = 'blue'> .</font></B>  -Absent
<B><font color = 'blue'> .</font></B>  -Absent
<B><font color = 'blue'> .</font></B>  -Absent
<B><font color = 'blue'> .</font></B>  -Absent
<B><font color = 'blue'> .</font></B>  -Absent
<B><font color = 'blue'> .</font></B>  -Absent
<B><font color = 'blue'> .</font></B>  -Absent
<B><font color = 'blue'> .</font></B>  -Absent
<B><font color = 'blue'> .</font></B>  -Absent
<B><font color = 'blue'> .</font></B>  -Absent
<B><font color = 'blue'> .</font></B>  -Absent
<B><font color = 'blue'> .</font></B>  -DESKTOP-PJJHB19 - GLB-BLR-002OjUpRD2 
<B><font color = 'blue'> .</font></B>  --
<B><font color = 'blue'> .</font></B>  -GLB-BLR-002OjUpRD2
<B><font color = 'blue'> .</font></B>  -2022-11-06
<B><font color = 'blue'> .</font></B>  -Absent
<B><font color = 'blue'> .</font></B>  -Absent
<B><font color = 'blue'> .</font></B>  -undefined
<B><font color = 'blue'> .</font></B>  -Default
<B><font color = 'blue'> .</font></B>  -Default
<B><font color = 'blue'> .</font></B>  -Absent
<B><font color = 'blue'> .</font></B>  -Absent
<B><font color = 'blue'> .</font></B>  -Absent
<B><font color = 'blue'> .</font></B>  -Absent
<B><font color = 'blue'> .</font></B>  -Absent
<B><font color = 'blue'> .</font></B>  -Absent
<B><font color = 'blue'> .</font></B>  -Absent
<B><font color = 'blue'> .</font></B>  -Absent
<B><font color = 'blue'> .</font></B>  -Absent
<B><font color = 'blue'> .</font></B>  -Absent
<B><font color = 'blue'> .</font></B>  -Absent
<B><font color = 'blue'> .</font></B>  -Usb Test 
<B><font color = 'blue'> .</font></B>  -usbtest123@gmail.com
<B><font color = 'blue'> .</font></B>  -emp0097
<B><font color = 'blue'> .</font></B>  -2022-11-06
<B><font color = 'blue'> .</font></B>  -Absent
<B><font color = 'blue'> .</font></B>  -Absent
<B><font color = 'blue'> .</font></B>  -undefined
<B><font color = 'blue'> .</font></B>  -Default
<B><font color = 'blue'> .</font></B>  -Default
<B><font color = 'blue'> .</font></B>  -Absent
<B><font color = 'blue'> .</font></B>  -Absent
<B><font color = 'blue'> .</font></B>  -Absent
<B><font color = 'blue'> .</font></B>  -Absent
<B><font color = 'blue'> .</font></B>  -Absent
<B><font color = 'blue'> .</font></B>  -Absent
<B><font color = 'blue'> .</font></B>  -Absent
<B><font color = 'blue'> .</font></B>  -Absent
<B><font color = 'blue'> .</font></B>  -Absent
<B><font color = 'blue'> .</font></B>  -Absent
<B><font color = 'blue'> .</font></B>  -Absent
<B><font color = 'blue'> .</font></B>  -SS Keystrokes 
<B><font color = 'blue'> .</font></B>  -sskey@gmail.com
<B><font color = 'blue'> .</font></B>  -emp98y
<B><font color = 'blue'> .</font></B>  -2022-11-06
<B><font color = 'blue'> .</font></B>  -Absent
<B><font color = 'blue'> .</font></B>  -Absent
<B><font color = 'blue'> .</font></B>  -undefined
<B><font color = 'blue'> .</font></B>  -Default
<B><font color = 'blue'> .</font></B>  -Default
<B><font color = 'blue'> .</font></B>  -Absent
<B><font color = 'blue'> .</font></B>  -Absent
<B><font color = 'blue'> .</font></B>  -Absent
<B><font color = 'blue'> .</font></B>  -Absent
<B><font color = 'blue'> .</font></B>  -Absent
<B><font color = 'blue'> .</font></B>  -Absent
<B><font color = 'blue'> .</font></B>  -Absent
<B><font color = 'blue'> .</font></B>  -Absent
<B><font color = 'blue'> .</font></B>  -Absent
<B><font color = 'blue'> .</font></B>  -Absent
<B><font color = 'blue'> .</font></B>  -Absent
<B><font color = 'blue'> .</font></B>  -shivammmmmmmmmmmmmmmmmmmm Kumar 
<B><font color = 'blue'> .</font></B>  -kgfyash545@gmail.com
<B><font color = 'blue'> .</font></B>  -hsakhdjk414
<B><font color = 'blue'> .</font></B>  -2022-11-06
<B><font color = 'blue'> .</font></B>  -Absent
<B><font color = 'blue'> .</font></B>  -Absent
<B><font color = 'blue'> .</font></B>  -undefined
<B><font color = 'blue'> .</font></B>  -Default
<B><font color = 'blue'> .</font></B>  -Default
<B><font color = 'blue'> .</font></B>  -Absent
<B><font color = 'blue'> .</font></B>  -Absent
<B><font color = 'blue'> .</font></B>  -Absent
<B><font color = 'blue'> .</font></B>  -Absent
<B><font color = 'blue'> .</font></B>  -Absent
<B><font color = 'blue'> .</font></B>  -Absent
<B><font color = 'blue'> .</font></B>  -Absent
<B><font color = 'blue'> .</font></B>  -Absent
<B><font color = 'blue'> .</font></B>  -Absent
<B><font color = 'blue'> .</font></B>  -Absent
<B><font color = 'blue'> .</font></B>  -Absent
<B><font color = 'blue'> .</font></B>  -Abhishek Four tf test 
<B><font color = 'blue'> .</font></B>  -abhishekfourtf@mail.com
<B><font color = 'blue'> .</font></B>  -HLIKSJ98
<B><font color = 'blue'> .</font></B>  -2022-11-06
<B><font color = 'blue'> .</font></B>  -Absent
<B><font color = 'blue'> .</font></B>  -Absent
<B><font color = 'blue'> .</font></B>  -undefined
<B><font color = 'blue'> .</font></B>  -Default
<B><font color = 'blue'> .</font></B>  -Default
<B><font color = 'blue'> .</font></B>  -Absent
<B><font color = 'blue'> .</font></B>  -Absent
<B><font color = 'blue'> .</font></B>  -Absent
<B><font color = 'blue'> .</font></B>  -Absent
<B><font color = 'blue'> .</font></B>  -Absent
<B><font color = 'blue'> .</font></B>  -Absent
<B><font color = 'blue'> .</font></B>  -Absent
<B><font color = 'blue'> .</font></B>  -Absent
<B><font color = 'blue'> .</font></B>  -Absent
<B><font color = 'blue'> .</font></B>  -Absent
<B><font color = 'blue'> .</font></B>  -Absent
<B><font color = 'blue'> .</font></B>  -new dev user 
<B><font color = 'blue'> .</font></B>  -new@dev.user
<B><font color = 'blue'> .</font></B>  -fdfsfsd
<B><font color = 'blue'> .</font></B>  -2022-11-06
<B><font color = 'blue'> .</font></B>  -Absent
<B><font color = 'blue'> .</font></B>  -Absent
<B><font color = 'blue'> .</font></B>  -undefined
<B><font color = 'blue'> .</font></B>  -Default
<B><font color = 'blue'> .</font></B>  -Default
<B><font color = 'blue'> .</font></B>  -Absent
<B><font color = 'blue'> .</font></B>  -Absent
<B><font color = 'blue'> .</font></B>  -Absent
<B><font color = 'blue'> .</font></B>  -Absent
<B><font color = 'blue'> .</font></B>  -Absent
<B><font color = 'blue'> .</font></B>  -Absent
<B><font color = 'blue'> .</font></B>  -Absent
<B><font color = 'blue'> .</font></B>  -Absent
<B><font color = 'blue'> .</font></B>  -Absent
<B><font color = 'blue'> .</font></B>  -Absent
<B><font color = 'blue'> .</font></B>  -Absent
<B><font color = 'blue'> .</font></B>  -aaaaaaaaaa aaaaaaaaa 
<B><font color = 'blue'> .</font></B>  -mmmm@gmail.com
<B><font color = 'blue'> .</font></B>  -80765s
<B><font color = 'blue'> .</font></B>  -2022-11-06
<B><font color = 'blue'> .</font></B>  -Absent
<B><font color = 'blue'> .</font></B>  -Absent
<B><font color = 'blue'> .</font></B>  -undefined
<B><font color = 'blue'> .</font></B>  -Bangalore
<B><font color = 'blue'> .</font></B>  -Testing
<B><font color = 'blue'> .</font></B>  -Absent
<B><font color = 'blue'> .</font></B>  -Absent
<B><font color = 'blue'> .</font></B>  -Absent
<B><font color = 'blue'> .</font></B>  -Absent
<B><font color = 'blue'> .</font></B>  -Absent
<B><font color = 'blue'> .</font></B>  -Absent
<B><font color = 'blue'> .</font></B>  -Absent
<B><font color = 'blue'> .</font></B>  -Absent
<B><font color = 'blue'> .</font></B>  -Absent
<B><font color = 'blue'> .</font></B>  -Absent
<B><font color = 'blue'> .</font></B>  -Absent
<B><font color = 'blue'> .</font></B>  -sumesh test 
<B><font color = 'blue'> .</font></B>  -sumesh@mail.com
<B><font color = 'blue'> .</font></B>  -fdgfdgf
<B><font color = 'blue'> .</font></B>  -2022-11-06
<B><font color = 'blue'> .</font></B>  -Absent
<B><font color = 'blue'> .</font></B>  -Absent
<B><font color = 'blue'> .</font></B>  -undefined
<B><font color = 'blue'> .</font></B>  -Bangalore
<B><font color = 'blue'> .</font></B>  -Testing
<B><font color = 'blue'> .</font></B>  -Absent
<B><font color = 'blue'> .</font></B>  -Absent
<B><font color = 'blue'> .</font></B>  -Absent
<B><font color = 'blue'> .</font></B>  -Absent
<B><font color = 'blue'> .</font></B>  -Absent
<B><font color = 'blue'> .</font></B>  -Absent
<B><font color = 'blue'> .</font></B>  -Absent
<B><font color = 'blue'> .</font></B>  -Absent
<B><font color = 'blue'> .</font></B>  -Absent
<B><font color = 'blue'> .</font></B>  -Absent
<B><font color = 'blue'> .</font></B>  -Absent
<B><font color = 'blue'> .</font></B>  -Test msc 
<B><font color = 'blue'> .</font></B>  -test123@gmail.com
<B><font color = 'blue'> .</font></B>  -12254
<B><font color = 'blue'> .</font></B>  -2022-11-06
<B><font color = 'blue'> .</font></B>  -Absent
<B><font color = 'blue'> .</font></B>  -Absent
<B><font color = 'blue'> .</font></B>  -undefined
<B><font color = 'blue'> .</font></B>  -Bangalore
<B><font color = 'blue'> .</font></B>  -Testing
<B><font color = 'blue'> .</font></B>  -Absent
<B><font color = 'blue'> .</font></B>  -Absent
<B><font color = 'blue'> .</font></B>  -Absent
<B><font color = 'blue'> .</font></B>  -Absent
<B><font color = 'blue'> .</font></B>  -Absent
<B><font color = 'blue'> .</font></B>  -Absent
<B><font color = 'blue'> .</font></B>  -Absent
<B><font color = 'blue'> .</font></B>  -Absent
<B><font color = 'blue'> .</font></B>  -Absent
<B><font color = 'blue'> .</font></B>  -Absent
<B><font color = 'blue'> .</font></B>  -Absent
<B><font color = 'blue'> .</font></B>  -deffdfds vscsc 
<B><font color = 'blue'> .</font></B>  -cscsdw123@gmail.com
<B><font color = 'blue'> .</font></B>  -1234512
<B><font color = 'blue'> .</font></B>  -2022-11-06
<B><font color = 'blue'> .</font></B>  -Absent
<B><font color = 'blue'> .</font></B>  -Absent
<B><font color = 'blue'> .</font></B>  -undefined
<B><font color = 'blue'> .</font></B>  -Bangalore
<B><font color = 'blue'> .</font></B>  -Testing
<B><font color = 'blue'> .</font></B>  -Absent
<B><font color = 'blue'> .</font></B>  -Absent
<B><font color = 'blue'> .</font></B>  -Absent
<B><font color = 'blue'> .</font></B>  -Absent
<B><font color = 'blue'> .</font></B>  -Absent
<B><font color = 'blue'> .</font></B>  -Absent
<B><font color = 'blue'> .</font></B>  -Absent
<B><font color = 'blue'> .</font></B>  -Absent
<B><font color = 'blue'> .</font></B>  -Absent
<B><font color = 'blue'> .</font></B>  -Absent
<B><font color = 'blue'> .</font></B>  -Absent
<B><font color = 'blue'> .</font></B>  -test testtt 
<B><font color = 'blue'> .</font></B>  -abcd@gmail.com
<B><font color = 'blue'> .</font></B>  -GLB55
<B><font color = 'blue'> .</font></B>  -2022-11-06
<B><font color = 'blue'> .</font></B>  -Absent
<B><font color = 'blue'> .</font></B>  -Absent
<B><font color = 'blue'> .</font></B>  -undefined
<B><font color = 'blue'> .</font></B>  -Bangalore
<B><font color = 'blue'> .</font></B>  -Testing
<B><font color = 'blue'> .</font></B>  -Absent
<B><font color = 'blue'> .</font></B>  -Absent
<B><font color = 'blue'> .</font></B>  -Absent
<B><font color = 'blue'> .</font></B>  -Absent
<B><font color = 'blue'> .</font></B>  -Absent
<B><font color = 'blue'> .</font></B>  -Absent
<B><font color = 'blue'> .</font></B>  -Absent
<B><font color = 'blue'> .</font></B>  -Absent
<B><font color = 'blue'> .</font></B>  -Absent
<B><font color = 'blue'> .</font></B>  -Absent
<B><font color = 'blue'> .</font></B>  -Absent
<B><font color = 'blue'> .</font></B>  -Abhishe tt 
<B><font color = 'blue'> .</font></B>  -ab@ab.com
<B><font color = 'blue'> .</font></B>  -GKD567
<B><font color = 'blue'> .</font></B>  -2022-11-06
<B><font color = 'blue'> .</font></B>  -Absent
<B><font color = 'blue'> .</font></B>  -Absent
<B><font color = 'blue'> .</font></B>  -undefined
<B><font color = 'blue'> .</font></B>  -Bangalore
<B><font color = 'blue'> .</font></B>  -Testing
<B><font color = 'blue'> .</font></B>  -Absent
<B><font color = 'blue'> .</font></B>  -Absent
<B><font color = 'blue'> .</font></B>  -Absent
<B><font color = 'blue'> .</font></B>  -Absent
<B><font color = 'blue'> .</font></B>  -Absent
<B><font color = 'blue'> .</font></B>  -Absent
<B><font color = 'blue'> .</font></B>  -Absent
<B><font color = 'blue'> .</font></B>  -Absent
<B><font color = 'blue'> .</font></B>  -Absent
<B><font color = 'blue'> .</font></B>  -Absent
<B><font color = 'blue'> .</font></B>  -Absent
<B><font color = 'blue'> .</font></B>  -test nonadmin 
<B><font color = 'blue'> .</font></B>  -testnonadmin@gmail.com
<B><font color = 'blue'> .</font></B>  -GLB026
<B><font color = 'blue'> .</font></B>  -2022-11-06
<B><font color = 'blue'> .</font></B>  -Absent
<B><font color = 'blue'> .</font></B>  -Absent
<B><font color = 'blue'> .</font></B>  -undefined
<B><font color = 'blue'> .</font></B>  -Bangalore
<B><font color = 'blue'> .</font></B>  -Php
<B><font color = 'blue'> .</font></B>  -Absent
<B><font color = 'blue'> .</font></B>  -Absent
<B><font color = 'blue'> .</font></B>  -Absent
<B><font color = 'blue'> .</font></B>  -Absent
<B><font color = 'blue'> .</font></B>  -Absent
<B><font color = 'blue'> .</font></B>  -Absent
<B><font color = 'blue'> .</font></B>  -Absent
<B><font color = 'blue'> .</font></B>  -Absent
<B><font color = 'blue'> .</font></B>  -Absent
<B><font color = 'blue'> .</font></B>  -Absent
<B><font color = 'blue'> .</font></B>  -Absent
<B><font color = 'blue'> .</font></B>  -adg ckj 
<B><font color = 'blue'> .</font></B>  -adcs@1234
<B><font color = 'blue'> .</font></B>  -583
<B><font color = 'blue'> .</font></B>  -2022-11-06
<B><font color = 'blue'> .</font></B>  -Absent
<B><font color = 'blue'> .</font></B>  -Absent
<B><font color = 'blue'> .</font></B>  -undefined
<B><font color = 'blue'> .</font></B>  -Bangalore
<B><font color = 'blue'> .</font></B>  -Testing
<B><font color = 'blue'> .</font></B>  -Absent
<B><font color = 'blue'> .</font></B>  -Absent
<B><font color = 'blue'> .</font></B>  -Absent
<B><font color = 'blue'> .</font></B>  -Absent
<B><font color = 'blue'> .</font></B>  -Absent
<B><font color = 'blue'> .</font></B>  -Absent
<B><font color = 'blue'> .</font></B>  -Absent
<B><font color = 'blue'> .</font></B>  -Absent
<B><font color = 'blue'> .</font></B>  -Absent
<B><font color = 'blue'> .</font></B>  -Absent
<B><font color = 'blue'> .</font></B>  -Absent
<B><font color = 'blue'> .</font></B>  -dominic toretto 
<B><font color = 'blue'> .</font></B>  -dom.toretto737@gmail.com
<B><font color = 'blue'> .</font></B>  -EMP011
<B><font color = 'blue'> .</font></B>  -2022-11-06
<B><font color = 'blue'> .</font></B>  -Absent
<B><font color = 'blue'> .</font></B>  -Absent
<B><font color = 'blue'> .</font></B>  -undefined
<B><font color = 'blue'> .</font></B>  -Bangalore
<B><font color = 'blue'> .</font></B>  -Testing
<B><font color = 'blue'> .</font></B>  -Absent
<B><font color = 'blue'> .</font></B>  -Absent
<B><font color = 'blue'> .</font></B>  -Absent
<B><font color = 'blue'> .</font></B>  -Absent
<B><font color = 'blue'> .</font></B>  -Absent
<B><font color = 'blue'> .</font></B>  -Absent
<B><font color = 'blue'> .</font></B>  -Absent
<B><font color = 'blue'> .</font></B>  -Absent
<B><font color = 'blue'> .</font></B>  -Absent
<B><font color = 'blue'> .</font></B>  -Absent
<B><font color = 'blue'> .</font></B>  -Absent
<B><font color = 'blue'> .</font></B>  -Abhishek Test 
<B><font color = 'blue'> .</font></B>  -abhishektrest@glb.in
<B><font color = 'blue'> .</font></B>  -rN7tvEiDPGNi4fD
<B><font color = 'blue'> .</font></B>  -2022-11-06
<B><font color = 'blue'> .</font></B>  -Absent
<B><font color = 'blue'> .</font></B>  -Absent
<B><font color = 'blue'> .</font></B>  -undefined
<B><font color = 'blue'> .</font></B>  -Bangalore
<B><font color = 'blue'> .</font></B>  -Php
<B><font color = 'blue'> .</font></B>  -Absent
<B><font color = 'blue'> .</font></B>  -Absent
<B><font color = 'blue'> .</font></B>  -Absent
<B><font color = 'blue'> .</font></B>  -Absent
<B><font color = 'blue'> .</font></B>  -Absent
<B><font color = 'blue'> .</font></B>  -Absent
<B><font color = 'blue'> .</font></B>  -Absent
<B><font color = 'blue'> .</font></B>  -Absent
<B><font color = 'blue'> .</font></B>  -Absent
<B><font color = 'blue'> .</font></B>  -Absent
<B><font color = 'blue'> .</font></B>  -Absent
<B><font color = 'blue'> .</font></B>  -Superior Test one 
<B><font color = 'blue'> .</font></B>  -superiorone@gmail.com
<B><font color = 'blue'> .</font></B>  -twoqw
<B><font color = 'blue'> .</font></B>  -2022-11-06
<B><font color = 'blue'> .</font></B>  -Absent
<B><font color = 'blue'> .</font></B>  -Absent
<B><font color = 'blue'> .</font></B>  -undefined
<B><font color = 'blue'> .</font></B>  -Bangalore
<B><font color = 'blue'> .</font></B>  -Testing
<B><font color = 'blue'> .</font></B>  -Absent
<B><font color = 'blue'> .</font></B>  -Absent
<B><font color = 'blue'> .</font></B>  -Absent
<B><font color = 'blue'> .</font></B>  -Absent
<B><font color = 'blue'> .</font></B>  -Absent
<B><font color = 'blue'> .</font></B>  -Absent
<B><font color = 'blue'> .</font></B>  -Absent
<B><font color = 'blue'> .</font></B>  -Absent
<B><font color = 'blue'> .</font></B>  -Absent
<B><font color = 'blue'> .</font></B>  -Absent
<B><font color = 'blue'> .</font></B>  -Absent
<B><font color = 'blue'> .</font></B>  -test testw 
<B><font color = 'blue'> .</font></B>  -test@mac.in
<B><font color = 'blue'> .</font></B>  -aaf123
<B><font color = 'blue'> .</font></B>  -2022-11-06
<B><font color = 'blue'> .</font></B>  -Absent
<B><font color = 'blue'> .</font></B>  -Absent
<B><font color = 'blue'> .</font></B>  -undefined
<B><font color = 'blue'> .</font></B>  -Bangalore
<B><font color = 'blue'> .</font></B>  -Php
<B><font color = 'blue'> .</font></B>  -Absent
<B><font color = 'blue'> .</font></B>  -Absent
<B><font color = 'blue'> .</font></B>  -Absent
<B><font color = 'blue'> .</font></B>  -Absent
<B><font color = 'blue'> .</font></B>  -Absent
<B><font color = 'blue'> .</font></B>  -Absent
<B><font color = 'blue'> .</font></B>  -Absent
<B><font color = 'blue'> .</font></B>  -Absent
<B><font color = 'blue'> .</font></B>  -Absent
<B><font color = 'blue'> .</font></B>  -Absent
<B><font color = 'blue'> .</font></B>  -Absent
<B><font color = 'blue'> .</font></B>  -sam eer 
<B><font color = 'blue'> .</font></B>  -sam@rf.in
<B><font color = 'blue'> .</font></B>  -WSAERT2Q34E
<B><font color = 'blue'> .</font></B>  -2022-11-06
<B><font color = 'blue'> .</font></B>  -Absent
<B><font color = 'blue'> .</font></B>  -Absent
<B><font color = 'blue'> .</font></B>  -undefined
<B><font color = 'blue'> .</font></B>  -Bangalore
<B><font color = 'blue'> .</font></B>  -Testing
<B><font color = 'blue'> .</font></B>  -Absent
<B><font color = 'blue'> .</font></B>  -Absent
<B><font color = 'blue'> .</font></B>  -Absent
<B><font color = 'blue'> .</font></B>  -Absent
<B><font color = 'blue'> .</font></B>  -Absent
<B><font color = 'blue'> .</font></B>  -Absent
<B><font color = 'blue'> .</font></B>  -Absent
<B><font color = 'blue'> .</font></B>  -Absent
<B><font color = 'blue'> .</font></B>  -Absent
<B><font color = 'blue'> .</font></B>  -Absent
<B><font color = 'blue'> .</font></B>  -Absent
<B><font color = 'blue'> .</font></B>  -Test test 
<B><font color = 'blue'> .</font></B>  -sarikajain@gmail.com
<B><font color = 'blue'> .</font></B>  -E-101
<B><font color = 'blue'> .</font></B>  -2022-11-06
<B><font color = 'blue'> .</font></B>  -Absent
<B><font color = 'blue'> .</font></B>  -Absent
<B><font color = 'blue'> .</font></B>  -undefined
<B><font color = 'blue'> .</font></B>  -Bangalore
<B><font color = 'blue'> .</font></B>  -Testing
<B><font color = 'blue'> .</font></B>  -Absent
<B><font color = 'blue'> .</font></B>  -Absent
<B><font color = 'blue'> .</font></B>  -Absent
<B><font color = 'blue'> .</font></B>  -Absent
<B><font color = 'blue'> .</font></B>  -Absent
<B><font color = 'blue'> .</font></B>  -Absent
<B><font color = 'blue'> .</font></B>  -Absent
<B><font color = 'blue'> .</font></B>  -Absent
<B><font color = 'blue'> .</font></B>  -Absent
<B><font color = 'blue'> .</font></B>  -Absent
<B><font color = 'blue'> .</font></B>  -Absent
<B><font color = 'blue'> .</font></B>  -sithu kalluru 
<B><font color = 'blue'> .</font></B>  -sitaramireddy@globussoft.in
<B><font color = 'blue'> .</font></B>  -code12
<B><font color = 'blue'> .</font></B>  -2022-11-06
<B><font color = 'blue'> .</font></B>  -Absent
<B><font color = 'blue'> .</font></B>  -Absent
<B><font color = 'blue'> .</font></B>  -undefined
<B><font color = 'blue'> .</font></B>  -Bangalore
<B><font color = 'blue'> .</font></B>  -Testing
<B><font color = 'blue'> .</font></B>  -Absent
<B><font color = 'blue'> .</font></B>  -Absent
<B><font color = 'blue'> .</font></B>  -Absent
<B><font color = 'blue'> .</font></B>  -Absent
<B><font color = 'blue'> .</font></B>  -Absent
<B><font color = 'blue'> .</font></B>  -Absent
<B><font color = 'blue'> .</font></B>  -Absent
<B><font color = 'blue'> .</font></B>  -Absent
<B><font color = 'blue'> .</font></B>  -Absent
<B><font color = 'blue'> .</font></B>  -Absent
<B><font color = 'blue'> .</font></B>  -Absent
<B><font color = 'blue'> .</font></B>  -test123 abcd 
<B><font color = 'blue'> .</font></B>  -s@gmail.com
<B><font color = 'blue'> .</font></B>  -code123z
<B><font color = 'blue'> .</font></B>  -2022-11-06
<B><font color = 'blue'> .</font></B>  -Absent
<B><font color = 'blue'> .</font></B>  -Absent
<B><font color = 'blue'> .</font></B>  -undefined
<B><font color = 'blue'> .</font></B>  -Bangalore
<B><font color = 'blue'> .</font></B>  -Testing
<B><font color = 'blue'> .</font></B>  -Absent
<B><font color = 'blue'> .</font></B>  -Absent
<B><font color = 'blue'> .</font></B>  -Absent
<B><font color = 'blue'> .</font></B>  -Absent
<B><font color = 'blue'> .</font></B>  -Absent
<B><font color = 'blue'> .</font></B>  -Absent
<B><font color = 'blue'> .</font></B>  -Absent
<B><font color = 'blue'> .</font></B>  -Absent
<B><font color = 'blue'> .</font></B>  -Absent
<B><font color = 'blue'> .</font></B>  -Absent
<B><font color = 'blue'> .</font></B>  -Absent
<B><font color = 'blue'> .</font></B>  -testing test 
<B><font color = 'blue'> .</font></B>  -aarshajoyson1601@gmail.com
<B><font color = 'blue'> .</font></B>  -glb0008
<B><font color = 'blue'> .</font></B>  -2022-11-06
<B><font color = 'blue'> .</font></B>  -Absent
<B><font color = 'blue'> .</font></B>  -Absent
<B><font color = 'blue'> .</font></B>  -undefined
<B><font color = 'blue'> .</font></B>  -Bangalore
<B><font color = 'blue'> .</font></B>  -Php
<B><font color = 'blue'> .</font></B>  -Absent
<B><font color = 'blue'> .</font></B>  -Absent
<B><font color = 'blue'> .</font></B>  -Absent
<B><font color = 'blue'> .</font></B>  -Absent
<B><font color = 'blue'> .</font></B>  -Absent
<B><font color = 'blue'> .</font></B>  -Absent
<B><font color = 'blue'> .</font></B>  -Absent
<B><font color = 'blue'> .</font></B>  -Absent
<B><font color = 'blue'> .</font></B>  -Absent
<B><font color = 'blue'> .</font></B>  -Absent
<B><font color = 'blue'> .</font></B>  -Absent
<B><font color = 'blue'> .</font></B>  -Automation CodeeeAuto 
<B><font color = 'blue'> .</font></B>  -skabcdef7@gmail.com
<B><font color = 'blue'> .</font></B>  -Emp-Abzcde-1234522
<B><font color = 'blue'> .</font></B>  -2022-11-06
<B><font color = 'blue'> .</font></B>  -Absent
<B><font color = 'blue'> .</font></B>  -Absent
<B><font color = 'blue'> .</font></B>  -undefined
<B><font color = 'blue'> .</font></B>  -Bangalore
<B><font color = 'blue'> .</font></B>  -Testing
<B><font color = 'blue'> .</font></B>  -Absent
<B><font color = 'blue'> .</font></B>  -Absent
<B><font color = 'blue'> .</font></B>  -Absent
<B><font color = 'blue'> .</font></B>  -Absent
<B><font color = 'blue'> .</font></B>  -Absent
<B><font color = 'blue'> .</font></B>  -Absent
<B><font color = 'blue'> .</font></B>  -Absent
<B><font color = 'blue'> .</font></B>  -Absent
<B><font color = 'blue'> .</font></B>  -Absent
<B><font color = 'blue'> .</font></B>  -Absent
<B><font color = 'blue'> .</font></B>  -Absent
<B><font color = 'blue'> .</font></B>  -piyush dfgsfg 
<B><font color = 'blue'> .</font></B>  -jos@gmail.com
<B><font color = 'blue'> .</font></B>  -sdgff
<B><font color = 'blue'> .</font></B>  -2022-11-06
<B><font color = 'blue'> .</font></B>  -Absent
<B><font color = 'blue'> .</font></B>  -Absent
<B><font color = 'blue'> .</font></B>  -undefined
<B><font color = 'blue'> .</font></B>  -Bangalore
<B><font color = 'blue'> .</font></B>  -Testing
<B><font color = 'blue'> .</font></B>  -Absent
<B><font color = 'blue'> .</font></B>  -Absent
<B><font color = 'blue'> .</font></B>  -Absent
<B><font color = 'blue'> .</font></B>  -Absent
<B><font color = 'blue'> .</font></B>  -Absent
<B><font color = 'blue'> .</font></B>  -Absent
<B><font color = 'blue'> .</font></B>  -Absent
<B><font color = 'blue'> .</font></B>  -Absent
<B><font color = 'blue'> .</font></B>  -Absent
<B><font color = 'blue'> .</font></B>  -Absent
<B><font color = 'blue'> .</font></B>  -Absent
<B><font color = 'blue'> .</font></B>  -Aryan raj 
<B><font color = 'blue'> .</font></B>  -alex@gmail.com
<B><font color = 'blue'> .</font></B>  -126
<B><font color = 'blue'> .</font></B>  -2022-11-06
<B><font color = 'blue'> .</font></B>  -Absent
<B><font color = 'blue'> .</font></B>  -Absent
<B><font color = 'blue'> .</font></B>  -undefined
<B><font color = 'blue'> .</font></B>  -Bangalore
<B><font color = 'blue'> .</font></B>  -Testing
<B><font color = 'blue'> .</font></B>  -Absent
<B><font color = 'blue'> .</font></B>  -Absent
<B><font color = 'blue'> .</font></B>  -Absent
<B><font color = 'blue'> .</font></B>  -Absent
<B><font color = 'blue'> .</font></B>  -Absent
<B><font color = 'blue'> .</font></B>  -Absent
<B><font color = 'blue'> .</font></B>  -Absent
<B><font color = 'blue'> .</font></B>  -Absent
<B><font color = 'blue'> .</font></B>  -Absent
<B><font color = 'blue'> .</font></B>  -Absent
<B><font color = 'blue'> .</font></B>  -Absent
<B><font color = 'blue'> .</font></B>  -Automation CodeeeAuto 
<B><font color = 'blue'> .</font></B>  -skabcdef38@gmail.com
<B><font color = 'blue'> .</font></B>  -Emp-Abzcde-123457
<B><font color = 'blue'> .</font></B>  -2022-11-06
<B><font color = 'blue'> .</font></B>  -Absent
<B><font color = 'blue'> .</font></B>  -Absent
<B><font color = 'blue'> .</font></B>  -undefined
<B><font color = 'blue'> .</font></B>  -Bangalore
<B><font color = 'blue'> .</font></B>  -Testing
<B><font color = 'blue'> .</font></B>  -Absent
<B><font color = 'blue'> .</font></B>  -Absent
<B><font color = 'blue'> .</font></B>  -Absent
<B><font color = 'blue'> .</font></B>  -Absent
<B><font color = 'blue'> .</font></B>  -Absent
<B><font color = 'blue'> .</font></B>  -Absent
<B><font color = 'blue'> .</font></B>  -Absent
<B><font color = 'blue'> .</font></B>  -Absent
<B><font color = 'blue'> .</font></B>  -Absent
<B><font color = 'blue'> .</font></B>  -Absent
<B><font color = 'blue'> .</font></B>  -Absent
<B><font color = 'blue'> .</font></B>  -Automation CodeeeAuto 
<B><font color = 'blue'> .</font></B>  -skabcdef33@gmail.com
<B><font color = 'blue'> .</font></B>  -Emp-Abzcde-1234557
<B><font color = 'blue'> .</font></B>  -2022-11-06
<B><font color = 'blue'> .</font></B>  -Absent
<B><font color = 'blue'> .</font></B>  -Absent
<B><font color = 'blue'> .</font></B>  -undefined
<B><font color = 'blue'> .</font></B>  -Bangalore
<B><font color = 'blue'> .</font></B>  -Testing
<B><font color = 'blue'> .</font></B>  -Absent
<B><font color = 'blue'> .</font></B>  -Absent
<B><font color = 'blue'> .</font></B>  -Absent
<B><font color = 'blue'> .</font></B>  -Absent
<B><font color = 'blue'> .</font></B>  -Absent
<B><font color = 'blue'> .</font></B>  -Absent
<B><font color = 'blue'> .</font></B>  -Absent
<B><font color = 'blue'> .</font></B>  -Absent
<B><font color = 'blue'> .</font></B>  -Absent
<B><font color = 'blue'> .</font></B>  -Absent
<B><font color = 'blue'> .</font></B>  -Absent
<B><font color = 'blue'> .</font></B>  -D Surya Prabhakar 
<B><font color = 'blue'> .</font></B>  -surya1@gmail.com
<B><font color = 'blue'> .</font></B>  -EM010
<B><font color = 'blue'> .</font></B>  -2022-11-06
<B><font color = 'blue'> .</font></B>  -Absent
<B><font color = 'blue'> .</font></B>  -Absent
<B><font color = 'blue'> .</font></B>  -undefined
<B><font color = 'blue'> .</font></B>  -bengaluru
<B><font color = 'blue'> .</font></B>  -Testing
<B><font color = 'blue'> .</font></B>  -Absent
<B><font color = 'blue'> .</font></B>  -Absent
<B><font color = 'blue'> .</font></B>  -Absent
<B><font color = 'blue'> .</font></B>  -Absent
<B><font color = 'blue'> .</font></B>  -Absent
<B><font color = 'blue'> .</font></B>  -Absent
<B><font color = 'blue'> .</font></B>  -Absent
<B><font color = 'blue'> .</font></B>  -Absent
<B><font color = 'blue'> .</font></B>  -Absent
<B><font color = 'blue'> .</font></B>  -Absent
<B><font color = 'blue'> .</font></B>  -Absent
<B><font color = 'blue'> .</font></B>  -R o       hit Sharma 
<B><font color = 'blue'> .</font></B>  -rahulrajt5613928@gmail.com
<B><font color = 'blue'> .</font></B>  -67645
<B><font color = 'blue'> .</font></B>  -2022-11-06
<B><font color = 'blue'> .</font></B>  -Absent
<B><font color = 'blue'> .</font></B>  -Absent
<B><font color = 'blue'> .</font></B>  -undefined
<B><font color = 'blue'> .</font></B>  -bengaluru
<B><font color = 'blue'> .</font></B>  -Testing
<B><font color = 'blue'> .</font></B>  -Absent
<B><font color = 'blue'> .</font></B>  -Absent
<B><font color = 'blue'> .</font></B>  -Absent
<B><font color = 'blue'> .</font></B>  -Absent
<B><font color = 'blue'> .</font></B>  -Absent
<B><font color = 'blue'> .</font></B>  -Absent
<B><font color = 'blue'> .</font></B>  -Absent
<B><font color = 'blue'> .</font></B>  -Absent
<B><font color = 'blue'> .</font></B>  -Absent
<B><font color = 'blue'> .</font></B>  -Absent
<B><font color = 'blue'> .</font></B>  -Absent
<B><font color = 'blue'> .</font></B>  -ni test 
<B><font color = 'blue'> .</font></B>  -nitest12@gmail.com
<B><font color = 'blue'> .</font></B>  -GLB678
<B><font color = 'blue'> .</font></B>  -2022-11-06
<B><font color = 'blue'> .</font></B>  -Absent
<B><font color = 'blue'> .</font></B>  -Absent
<B><font color = 'blue'> .</font></B>  -undefined
<B><font color = 'blue'> .</font></B>  -bengaluru
<B><font color = 'blue'> .</font></B>  -Testing
<B><font color = 'blue'> .</font></B>  -Absent
<B><font color = 'blue'> .</font></B>  -Absent
<B><font color = 'blue'> .</font></B>  -Absent
<B><font color = 'blue'> .</font></B>  -Absent
<B><font color = 'blue'> .</font></B>  -Absent
<B><font color = 'blue'> .</font></B>  -Absent
<B><font color = 'blue'> .</font></B>  -Absent
<B><font color = 'blue'> .</font></B>  -Absent
<B><font color = 'blue'> .</font></B>  -Absent
<B><font color = 'blue'> .</font></B>  -Absent
<B><font color = 'blue'> .</font></B>  -Absent
<B><font color = 'blue'> .</font></B>  -one test 
<B><font color = 'blue'> .</font></B>  -testone1234@gmail.com
<B><font color = 'blue'> .</font></B>  -0110
<B><font color = 'blue'> .</font></B>  -2022-11-06
<B><font color = 'blue'> .</font></B>  -Absent
<B><font color = 'blue'> .</font></B>  -Absent
<B><font color = 'blue'> .</font></B>  -undefined
<B><font color = 'blue'> .</font></B>  -bengaluru
<B><font color = 'blue'> .</font></B>  -Testing
<B><font color = 'blue'> .</font></B>  -Absent
<B><font color = 'blue'> .</font></B>  -Absent
<B><font color = 'blue'> .</font></B>  -Absent
<B><font color = 'blue'> .</font></B>  -Absent
<B><font color = 'blue'> .</font></B>  -Absent
<B><font color = 'blue'> .</font></B>  -Absent
<B><font color = 'blue'> .</font></B>  -Absent
<B><font color = 'blue'> .</font></B>  -Absent
<B><font color = 'blue'> .</font></B>  -Absent
<B><font color = 'blue'> .</font></B>  -Absent
<B><font color = 'blue'> .</font></B>  -Absent
<B><font color = 'blue'> .</font></B>  -GLB-BLR-010-PC - GLB-BLR-010 
<B><font color = 'blue'> .</font></B>  -abcd@yuksdgus
<B><font color = 'blue'> .</font></B>  -GLB-BLR-010
<B><font color = 'blue'> .</font></B>  -2022-11-06
<B><font color = 'blue'> .</font></B>  -Absent
<B><font color = 'blue'> .</font></B>  -Absent
<B><font color = 'blue'> .</font></B>  -undefined
<B><font color = 'blue'> .</font></B>  -bengaluru
<B><font color = 'blue'> .</font></B>  -Testing
<B><font color = 'blue'> .</font></B>  -Absent
<B><font color = 'blue'> .</font></B>  -Absent
<B><font color = 'blue'> .</font></B>  -Absent
<B><font color = 'blue'> .</font></B>  -Absent
<B><font color = 'blue'> .</font></B>  -Absent
<B><font color = 'blue'> .</font></B>  -Absent
<B><font color = 'blue'> .</font></B>  -Absent
<B><font color = 'blue'> .</font></B>  -Absent
<B><font color = 'blue'> .</font></B>  -Absent
<B><font color = 'blue'> .</font></B>  -Absent
<B><font color = 'blue'> .</font></B>  -Absent
<B><font color = 'blue'> .</font></B>  -surya kk 
<B><font color = 'blue'> .</font></B>  -123@gmail.com
<B><font color = 'blue'> .</font></B>  -mmmmm
<B><font color = 'blue'> .</font></B>  -2022-11-06
<B><font color = 'blue'> .</font></B>  -Absent
<B><font color = 'blue'> .</font></B>  -Absent
<B><font color = 'blue'> .</font></B>  -undefined
<B><font color = 'blue'> .</font></B>  -Tamilnadu
<B><font color = 'blue'> .</font></B>  -Test and Dev
<B><font color = 'blue'> .</font></B>  -Absent
<B><font color = 'blue'> .</font></B>  -Absent
<B><font color = 'blue'> .</font></B>  -Absent
<B><font color = 'blue'> .</font></B>  -Absent
<B><font color = 'blue'> .</font></B>  -Absent
<B><font color = 'blue'> .</font></B>  -Absent
<B><font color = 'blue'> .</font></B>  -Absent
<B><font color = 'blue'> .</font></B>  -Absent
<B><font color = 'blue'> .</font></B>  -Absent
<B><font color = 'blue'> .</font></B>  -Absent
<B><font color = 'blue'> .</font></B>  -Absent
<B><font color = 'blue'> .</font></B>  -sai kk 
<B><font color = 'blue'> .</font></B>  -saikk19876@gmail.com
<B><font color = 'blue'> .</font></B>  -20221019
<B><font color = 'blue'> .</font></B>  -2022-11-06
<B><font color = 'blue'> .</font></B>  -Absent
<B><font color = 'blue'> .</font></B>  -Absent
<B><font color = 'blue'> .</font></B>  -undefined
<B><font color = 'blue'> .</font></B>  -Tamilnadu
<B><font color = 'blue'> .</font></B>  -Test and Dev
<B><font color = 'blue'> .</font></B>  -Absent
<B><font color = 'blue'> .</font></B>  -Absent
<B><font color = 'blue'> .</font></B>  -Absent
<B><font color = 'blue'> .</font></B>  -Absent
<B><font color = 'blue'> .</font></B>  -Absent
<B><font color = 'blue'> .</font></B>  -Absent
<B><font color = 'blue'> .</font></B>  -Absent
<B><font color = 'blue'> .</font></B>  -Absent
<B><font color = 'blue'> .</font></B>  -Absent
<B><font color = 'blue'> .</font></B>  -Absent
<B><font color = 'blue'> .</font></B>  -Absent
<B><font color = 'blue'> .</font></B>  -ajeethemp test 
<B><font color = 'blue'> .</font></B>  -ajeethemp@gmail.com
<B><font color = 'blue'> .</font></B>  -A01
<B><font color = 'blue'> .</font></B>  -2022-11-06
<B><font color = 'blue'> .</font></B>  -Absent
<B><font color = 'blue'> .</font></B>  -Absent
<B><font color = 'blue'> .</font></B>  -undefined
<B><font color = 'blue'> .</font></B>  -Tamilnadu
<B><font color = 'blue'> .</font></B>  -Test and Dev
<B><font color = 'blue'> .</font></B>  -Absent
<B><font color = 'blue'> .</font></B>  -Absent
<B><font color = 'blue'> .</font></B>  -Absent
<B><font color = 'blue'> .</font></B>  -Absent
<B><font color = 'blue'> .</font></B>  -Absent
<B><font color = 'blue'> .</font></B>  -Absent
<B><font color = 'blue'> .</font></B>  -Absent
<B><font color = 'blue'> .</font></B>  -Absent
<B><font color = 'blue'> .</font></B>  -Absent
<B><font color = 'blue'> .</font></B>  -Absent
<B><font color = 'blue'> .</font></B>  -Absent
<B><font color = 'blue'> .</font></B>  -test user two 
<B><font color = 'blue'> .</font></B>  -testuser@two.io
<B><font color = 'blue'> .</font></B>  -GSLL-327
<B><font color = 'blue'> .</font></B>  -2022-11-06
<B><font color = 'blue'> .</font></B>  -Absent
<B><font color = 'blue'> .</font></B>  -Absent
<B><font color = 'blue'> .</font></B>  -undefined
<B><font color = 'blue'> .</font></B>  -Tamilnadu
<B><font color = 'blue'> .</font></B>  -Test and Dev
<B><font color = 'blue'> .</font></B>  -Absent
<B><font color = 'blue'> .</font></B>  -Absent
<B><font color = 'blue'> .</font></B>  -Absent
<B><font color = 'blue'> .</font></B>  -Absent
<B><font color = 'blue'> .</font></B>  -Absent
<B><font color = 'blue'> .</font></B>  -Absent
<B><font color = 'blue'> .</font></B>  -Absent
<B><font color = 'blue'> .</font></B>  -Absent
<B><font color = 'blue'> .</font></B>  -Absent
<B><font color = 'blue'> .</font></B>  -Absent
<B><font color = 'blue'> .</font></B>  -Absent
<B><font color = 'blue'> .</font></B>  -Himanshu Kumar 
<B><font color = 'blue'> .</font></B>  -himanshu1@gmail.com
<B><font color = 'blue'> .</font></B>  -EM011
<B><font color = 'blue'> .</font></B>  -2022-11-06
<B><font color = 'blue'> .</font></B>  -Absent
<B><font color = 'blue'> .</font></B>  -Absent
<B><font color = 'blue'> .</font></B>  -undefined
<B><font color = 'blue'> .</font></B>  -bagalkot
<B><font color = 'blue'> .</font></B>  -manual testing
<B><font color = 'blue'> .</font></B>  -Absent
<B><font color = 'blue'> .</font></B>  -Absent
<B><font color = 'blue'> .</font></B>  -Absent
<B><font color = 'blue'> .</font></B>  -Absent
<B><font color = 'blue'> .</font></B>  -Absent
<B><font color = 'blue'> .</font></B>  -Absent
<B><font color = 'blue'> .</font></B>  -Absent
<B><font color = 'blue'> .</font></B>  -Absent
<B><font color = 'blue'> .</font></B>  -Absent
<B><font color = 'blue'> .</font></B>  -Absent
<B><font color = 'blue'> .</font></B>  -Absent
<B><font color = 'blue'> .</font></B>  -dxgfdxg gssdg 
<B><font color = 'blue'> .</font></B>  -sdgsg@dgksodkg.in
<B><font color = 'blue'> .</font></B>  -asfda343443
<B><font color = 'blue'> .</font></B>  -2022-11-06
<B><font color = 'blue'> .</font></B>  -Absent
<B><font color = 'blue'> .</font></B>  -Absent
<B><font color = 'blue'> .</font></B>  -undefined
<B><font color = 'blue'> .</font></B>  -Bhilai
<B><font color = 'blue'> .</font></B>  -Php
<B><font color = 'blue'> .</font></B>  -Absent
<B><font color = 'blue'> .</font></B>  -Absent
<B><font color = 'blue'> .</font></B>  -Absent
<B><font color = 'blue'> .</font></B>  -Absent
<B><font color = 'blue'> .</font></B>  -Absent
<B><font color = 'blue'> .</font></B>  -Absent
<B><font color = 'blue'> .</font></B>  -Absent
<B><font color = 'blue'> .</font></B>  -Absent
<B><font color = 'blue'> .</font></B>  -Absent
<B><font color = 'blue'> .</font></B>  -Absent
<B><font color = 'blue'> .</font></B>  -Absent
<B><font color = 'blue'> .</font></B>  -Guest User 
<B><font color = 'blue'> .</font></B>  -guestuser@gmail.com
<B><font color = 'blue'> .</font></B>  -GLB-777
<B><font color = 'blue'> .</font></B>  -2022-11-06
<B><font color = 'blue'> .</font></B>  -Absent
<B><font color = 'blue'> .</font></B>  -Absent
<B><font color = 'blue'> .</font></B>  -undefined
<B><font color = 'blue'> .</font></B>  -Bhilai
<B><font color = 'blue'> .</font></B>  -Php
<B><font color = 'blue'> .</font></B>  -Absent
<B><font color = 'blue'> .</font></B>  -Absent
<B><font color = 'blue'> .</font></B>  -Absent
<B><font color = 'blue'> .</font></B>  -Absent
<B><font color = 'blue'> .</font></B>  -Absent
<B><font color = 'blue'> .</font></B>  -Absent
<B><font color = 'blue'> .</font></B>  -Absent
<B><font color = 'blue'> .</font></B>  -Absent
<B><font color = 'blue'> .</font></B>  -Absent
<B><font color = 'blue'> .</font></B>  -Absent
<B><font color = 'blue'> .</font></B>  -Absent
<B><font color = 'blue'> .</font></B>  -test testtt 
<B><font color = 'blue'> .</font></B>  -abcd@gmail.com
<B><font color = 'blue'> .</font></B>  -GLB55
<B><font color = 'blue'> .</font></B>  -2022-11-05
<B><font color = 'blue'> .</font></B>  -05-11-2022 00:00:00
<B><font color = 'blue'> .</font></B>  -05-11-2022 00:02:53
<B><font color = 'blue'> .</font></B>  -GLB-124-PC
<B><font color = 'blue'> .</font></B>  -Bangalore
<B><font color = 'blue'> .</font></B>  -Testing
<B><font color = 'blue'> .</font></B>  -00:02:53
<B><font color = 'blue'> .</font></B>  -00:00:00
<B><font color = 'blue'> .</font></B>  -00:00:00
<B><font color = 'blue'> .</font></B>  -00:00:00
<B><font color = 'blue'> .</font></B>  -00:00:00
<B><font color = 'blue'> .</font></B>  -00:00:00
<B><font color = 'blue'> .</font></B>  -00:00:00
<B><font color = 'blue'> .</font></B>  -00:02:53
<B><font color = 'blue'> .</font></B>  -0.00%
<B><font color = 'blue'> .</font></B>  --480:00
<B><font color = 'blue'> .</font></B>  -0.00
<B><font color = 'blue'> .</font></B>  -Virat kohli 
<B><font color = 'blue'> .</font></B>  -rahukbgdxgsf@gmail.com
<B><font color = 'blue'> .</font></B>  -65332
<B><font color = 'blue'> .</font></B>  -2022-11-05
<B><font color = 'blue'> .</font></B>  -Absent
<B><font color = 'blue'> .</font></B>  -Absent
<B><font color = 'blue'> .</font></B>  -undefined
<B><font color = 'blue'> .</font></B>  -Default
<B><font color = 'blue'> .</font></B>  -Default
<B><font color = 'blue'> .</font></B>  -Absent
<B><font color = 'blue'> .</font></B>  -Absent
<B><font color = 'blue'> .</font></B>  -Absent
<B><font color = 'blue'> .</font></B>  -Absent
<B><font color = 'blue'> .</font></B>  -Absent
<B><font color = 'blue'> .</font></B>  -Absent
<B><font color = 'blue'> .</font></B>  -Absent
<B><font color = 'blue'> .</font></B>  -Absent
<B><font color = 'blue'> .</font></B>  -Absent
<B><font color = 'blue'> .</font></B>  -Absent
<B><font color = 'blue'> .</font></B>  -Absent
<B><font color = 'blue'> .</font></B>  -sadas kadkasdj 
<B><font color = 'blue'> .</font></B>  -dsa@eqe
<B><font color = 'blue'> .</font></B>  -emp129666
<B><font color = 'blue'> .</font></B>  -2022-11-05
<B><font color = 'blue'> .</font></B>  -Absent
<B><font color = 'blue'> .</font></B>  -Absent
<B><font color = 'blue'> .</font></B>  -undefined
<B><font color = 'blue'> .</font></B>  -Default
<B><font color = 'blue'> .</font></B>  -Default
<B><font color = 'blue'> .</font></B>  -Absent
<B><font color = 'blue'> .</font></B>  -Absent
<B><font color = 'blue'> .</font></B>  -Absent
<B><font color = 'blue'> .</font></B>  -Absent
<B><font color = 'blue'> .</font></B>  -Absent
<B><font color = 'blue'> .</font></B>  -Absent
<B><font color = 'blue'> .</font></B>  -Absent
<B><font color = 'blue'> .</font></B>  -Absent
<B><font color = 'blue'> .</font></B>  -Absent
<B><font color = 'blue'> .</font></B>  -Absent
<B><font color = 'blue'> .</font></B>  -Absent
<B><font color = 'blue'> .</font></B>  -New Test 
<B><font color = 'blue'> .</font></B>  -newtest@gmail.com
<B><font color = 'blue'> .</font></B>  -ewer334443
<B><font color = 'blue'> .</font></B>  -2022-11-05
<B><font color = 'blue'> .</font></B>  -Absent
<B><font color = 'blue'> .</font></B>  -Absent
<B><font color = 'blue'> .</font></B>  -undefined
<B><font color = 'blue'> .</font></B>  -Default
<B><font color = 'blue'> .</font></B>  -Default
<B><font color = 'blue'> .</font></B>  -Absent
<B><font color = 'blue'> .</font></B>  -Absent
<B><font color = 'blue'> .</font></B>  -Absent
<B><font color = 'blue'> .</font></B>  -Absent
<B><font color = 'blue'> .</font></B>  -Absent
<B><font color = 'blue'> .</font></B>  -Absent
<B><font color = 'blue'> .</font></B>  -Absent
<B><font color = 'blue'> .</font></B>  -Absent
<B><font color = 'blue'> .</font></B>  -Absent
<B><font color = 'blue'> .</font></B>  -Absent
<B><font color = 'blue'> .</font></B>  -Absent
<B><font color = 'blue'> .</font></B>  -dshcdb uidsbf 
<B><font color = 'blue'> .</font></B>  -dvbvdb@yahoo.com
<B><font color = 'blue'> .</font></B>  -435454
<B><font color = 'blue'> .</font></B>  -2022-11-05
<B><font color = 'blue'> .</font></B>  -Absent
<B><font color = 'blue'> .</font></B>  -Absent
<B><font color = 'blue'> .</font></B>  -undefined
<B><font color = 'blue'> .</font></B>  -Default
<B><font color = 'blue'> .</font></B>  -Default
<B><font color = 'blue'> .</font></B>  -Absent
<B><font color = 'blue'> .</font></B>  -Absent
<B><font color = 'blue'> .</font></B>  -Absent
<B><font color = 'blue'> .</font></B>  -Absent
<B><font color = 'blue'> .</font></B>  -Absent
<B><font color = 'blue'> .</font></B>  -Absent
<B><font color = 'blue'> .</font></B>  -Absent
<B><font color = 'blue'> .</font></B>  -Absent
<B><font color = 'blue'> .</font></B>  -Absent
<B><font color = 'blue'> .</font></B>  -Absent
<B><font color = 'blue'> .</font></B>  -Absent
<B><font color = 'blue'> .</font></B>  -try last 
<B><font color = 'blue'> .</font></B>  -try@gmail.com
<B><font color = 'blue'> .</font></B>  -1225455
<B><font color = 'blue'> .</font></B>  -2022-11-05
<B><font color = 'blue'> .</font></B>  -Absent
<B><font color = 'blue'> .</font></B>  -Absent
<B><font color = 'blue'> .</font></B>  -undefined
<B><font color = 'blue'> .</font></B>  -Default
<B><font color = 'blue'> .</font></B>  -Default
<B><font color = 'blue'> .</font></B>  -Absent
<B><font color = 'blue'> .</font></B>  -Absent
<B><font color = 'blue'> .</font></B>  -Absent
<B><font color = 'blue'> .</font></B>  -Absent
<B><font color = 'blue'> .</font></B>  -Absent
<B><font color = 'blue'> .</font></B>  -Absent
<B><font color = 'blue'> .</font></B>  -Absent
<B><font color = 'blue'> .</font></B>  -Absent
<B><font color = 'blue'> .</font></B>  -Absent
<B><font color = 'blue'> .</font></B>  -Absent
<B><font color = 'blue'> .</font></B>  -Absent
<B><font color = 'blue'> .</font></B>  -vdjvdb yusvdvbbh 
<B><font color = 'blue'> .</font></B>  -dvhbfdh@gmail.com
<B><font color = 'blue'> .</font></B>  -wq534342
<B><font color = 'blue'> .</font></B>  -2022-11-05
<B><font color = 'blue'> .</font></B>  -Absent
<B><font color = 'blue'> .</font></B>  -Absent
<B><font color = 'blue'> .</font></B>  -undefined
<B><font color = 'blue'> .</font></B>  -Default
<B><font color = 'blue'> .</font></B>  -Default
<B><font color = 'blue'> .</font></B>  -Absent
<B><font color = 'blue'> .</font></B>  -Absent
<B><font color = 'blue'> .</font></B>  -Absent
<B><font color = 'blue'> .</font></B>  -Absent
<B><font color = 'blue'> .</font></B>  -Absent
<B><font color = 'blue'> .</font></B>  -Absent
<B><font color = 'blue'> .</font></B>  -Absent
<B><font color = 'blue'> .</font></B>  -Absent
<B><font color = 'blue'> .</font></B>  -Absent
<B><font color = 'blue'> .</font></B>  -Absent
<B><font color = 'blue'> .</font></B>  -Absent
<B><font color = 'blue'> .</font></B>  -Mail Test user 
<B><font color = 'blue'> .</font></B>  -maintest@user.io
<B><font color = 'blue'> .</font></B>  -GLB-1223888
<B><font color = 'blue'> .</font></B>  -2022-11-05
<B><font color = 'blue'> .</font></B>  -Absent
<B><font color = 'blue'> .</font></B>  -Absent
<B><font color = 'blue'> .</font></B>  -undefined
<B><font color = 'blue'> .</font></B>  -Default
<B><font color = 'blue'> .</font></B>  -Default
<B><font color = 'blue'> .</font></B>  -Absent
<B><font color = 'blue'> .</font></B>  -Absent
<B><font color = 'blue'> .</font></B>  -Absent
<B><font color = 'blue'> .</font></B>  -Absent
<B><font color = 'blue'> .</font></B>  -Absent
<B><font color = 'blue'> .</font></B>  -Absent
<B><font color = 'blue'> .</font></B>  -Absent
<B><font color = 'blue'> .</font></B>  -Absent
<B><font color = 'blue'> .</font></B>  -Absent
<B><font color = 'blue'> .</font></B>  -Absent
<B><font color = 'blue'> .</font></B>  -Absent
<B><font color = 'blue'> .</font></B>  -Update Check 
<B><font color = 'blue'> .</font></B>  -updates@gmail.com
<B><font color = 'blue'> .</font></B>  -emp543
<B><font color = 'blue'> .</font></B>  -2022-11-05
<B><font color = 'blue'> .</font></B>  -Absent
<B><font color = 'blue'> .</font></B>  -Absent
<B><font color = 'blue'> .</font></B>  -undefined
<B><font color = 'blue'> .</font></B>  -Default
<B><font color = 'blue'> .</font></B>  -Default
<B><font color = 'blue'> .</font></B>  -Absent
<B><font color = 'blue'> .</font></B>  -Absent
<B><font color = 'blue'> .</font></B>  -Absent
<B><font color = 'blue'> .</font></B>  -Absent
<B><font color = 'blue'> .</font></B>  -Absent
<B><font color = 'blue'> .</font></B>  -Absent
<B><font color = 'blue'> .</font></B>  -Absent
<B><font color = 'blue'> .</font></B>  -Absent
<B><font color = 'blue'> .</font></B>  -Absent
<B><font color = 'blue'> .</font></B>  -Absent
<B><font color = 'blue'> .</font></B>  -Absent
<B><font color = 'blue'> .</font></B>  -test manager 
<B><font color = 'blue'> .</font></B>  -manageremp@gmail.com
<B><font color = 'blue'> .</font></B>  -glb020
<B><font color = 'blue'> .</font></B>  -2022-11-05
<B><font color = 'blue'> .</font></B>  -Absent
<B><font color = 'blue'> .</font></B>  -Absent
<B><font color = 'blue'> .</font></B>  -undefined
<B><font color = 'blue'> .</font></B>  -Default
<B><font color = 'blue'> .</font></B>  -Default
<B><font color = 'blue'> .</font></B>  -Absent
<B><font color = 'blue'> .</font></B>  -Absent
<B><font color = 'blue'> .</font></B>  -Absent
<B><font color = 'blue'> .</font></B>  -Absent
<B><font color = 'blue'> .</font></B>  -Absent
<B><font color = 'blue'> .</font></B>  -Absent
<B><font color = 'blue'> .</font></B>  -Absent
<B><font color = 'blue'> .</font></B>  -Absent
<B><font color = 'blue'> .</font></B>  -Absent
<B><font color = 'blue'> .</font></B>  -Absent
<B><font color = 'blue'> .</font></B>  -Absent
<B><font color = 'blue'> .</font></B>  -DESKTOP-PJJHB19 - GLB-BLR-002OjUpRD2 
<B><font color = 'blue'> .</font></B>  --
<B><font color = 'blue'> .</font></B>  -GLB-BLR-002OjUpRD2
<B><font color = 'blue'> .</font></B>  -2022-11-05
<B><font color = 'blue'> .</font></B>  -Absent
<B><font color = 'blue'> .</font></B>  -Absent
<B><font color = 'blue'> .</font></B>  -undefined
<B><font color = 'blue'> .</font></B>  -Default
<B><font color = 'blue'> .</font></B>  -Default
<B><font color = 'blue'> .</font></B>  -Absent
<B><font color = 'blue'> .</font></B>  -Absent
<B><font color = 'blue'> .</font></B>  -Absent
<B><font color = 'blue'> .</font></B>  -Absent
<B><font color = 'blue'> .</font></B>  -Absent
<B><font color = 'blue'> .</font></B>  -Absent
<B><font color = 'blue'> .</font></B>  -Absent
<B><font color = 'blue'> .</font></B>  -Absent
<B><font color = 'blue'> .</font></B>  -Absent
<B><font color = 'blue'> .</font></B>  -Absent
<B><font color = 'blue'> .</font></B>  -Absent
<B><font color = 'blue'> .</font></B>  -Usb Test 
<B><font color = 'blue'> .</font></B>  -usbtest123@gmail.com
<B><font color = 'blue'> .</font></B>  -emp0097
<B><font color = 'blue'> .</font></B>  -2022-11-05
<B><font color = 'blue'> .</font></B>  -Absent
<B><font color = 'blue'> .</font></B>  -Absent
<B><font color = 'blue'> .</font></B>  -undefined
<B><font color = 'blue'> .</font></B>  -Default
<B><font color = 'blue'> .</font></B>  -Default
<B><font color = 'blue'> .</font></B>  -Absent
<B><font color = 'blue'> .</font></B>  -Absent
<B><font color = 'blue'> .</font></B>  -Absent
<B><font color = 'blue'> .</font></B>  -Absent
<B><font color = 'blue'> .</font></B>  -Absent
<B><font color = 'blue'> .</font></B>  -Absent
<B><font color = 'blue'> .</font></B>  -Absent
<B><font color = 'blue'> .</font></B>  -Absent
<B><font color = 'blue'> .</font></B>  -Absent
<B><font color = 'blue'> .</font></B>  -Absent
<B><font color = 'blue'> .</font></B>  -Absent
<B><font color = 'blue'> .</font></B>  -SS Keystrokes 
<B><font color = 'blue'> .</font></B>  -sskey@gmail.com
<B><font color = 'blue'> .</font></B>  -emp98y
<B><font color = 'blue'> .</font></B>  -2022-11-05
<B><font color = 'blue'> .</font></B>  -Absent
<B><font color = 'blue'> .</font></B>  -Absent
<B><font color = 'blue'> .</font></B>  -undefined
<B><font color = 'blue'> .</font></B>  -Default
<B><font color = 'blue'> .</font></B>  -Default
<B><font color = 'blue'> .</font></B>  -Absent
<B><font color = 'blue'> .</font></B>  -Absent
<B><font color = 'blue'> .</font></B>  -Absent
<B><font color = 'blue'> .</font></B>  -Absent
<B><font color = 'blue'> .</font></B>  -Absent
<B><font color = 'blue'> .</font></B>  -Absent
<B><font color = 'blue'> .</font></B>  -Absent
<B><font color = 'blue'> .</font></B>  -Absent
<B><font color = 'blue'> .</font></B>  -Absent
<B><font color = 'blue'> .</font></B>  -Absent
<B><font color = 'blue'> .</font></B>  -Absent
<B><font color = 'blue'> .</font></B>  -shivammmmmmmmmmmmmmmmmmmm Kumar 
<B><font color = 'blue'> .</font></B>  -kgfyash545@gmail.com
<B><font color = 'blue'> .</font></B>  -hsakhdjk414
<B><font color = 'blue'> .</font></B>  -2022-11-05
<B><font color = 'blue'> .</font></B>  -Absent
<B><font color = 'blue'> .</font></B>  -Absent
<B><font color = 'blue'> .</font></B>  -undefined
<B><font color = 'blue'> .</font></B>  -Default
<B><font color = 'blue'> .</font></B>  -Default
<B><font color = 'blue'> .</font></B>  -Absent
<B><font color = 'blue'> .</font></B>  -Absent
<B><font color = 'blue'> .</font></B>  -Absent
<B><font color = 'blue'> .</font></B>  -Absent
<B><font color = 'blue'> .</font></B>  -Absent
<B><font color = 'blue'> .</font></B>  -Absent
<B><font color = 'blue'> .</font></B>  -Absent
<B><font color = 'blue'> .</font></B>  -Absent
<B><font color = 'blue'> .</font></B>  -Absent
<B><font color = 'blue'> .</font></B>  -Absent
<B><font color = 'blue'> .</font></B>  -Absent
<B><font color = 'blue'> .</font></B>  -Abhishek Four tf test 
<B><font color = 'blue'> .</font></B>  -abhishekfourtf@mail.com
<B><font color = 'blue'> .</font></B>  -HLIKSJ98
<B><font color = 'blue'> .</font></B>  -2022-11-05
<B><font color = 'blue'> .</font></B>  -Absent
<B><font color = 'blue'> .</font></B>  -Absent
<B><font color = 'blue'> .</font></B>  -undefined
<B><font color = 'blue'> .</font></B>  -Default
<B><font color = 'blue'> .</font></B>  -Default
<B><font color = 'blue'> .</font></B>  -Absent
<B><font color = 'blue'> .</font></B>  -Absent
<B><font color = 'blue'> .</font></B>  -Absent
<B><font color = 'blue'> .</font></B>  -Absent
<B><font color = 'blue'> .</font></B>  -Absent
<B><font color = 'blue'> .</font></B>  -Absent
<B><font color = 'blue'> .</font></B>  -Absent
<B><font color = 'blue'> .</font></B>  -Absent
<B><font color = 'blue'> .</font></B>  -Absent
<B><font color = 'blue'> .</font></B>  -Absent
<B><font color = 'blue'> .</font></B>  -Absent
<B><font color = 'blue'> .</font></B>  -new dev user 
<B><font color = 'blue'> .</font></B>  -new@dev.user
<B><font color = 'blue'> .</font></B>  -fdfsfsd
<B><font color = 'blue'> .</font></B>  -2022-11-05
<B><font color = 'blue'> .</font></B>  -Absent
<B><font color = 'blue'> .</font></B>  -Absent
<B><font color = 'blue'> .</font></B>  -undefined
<B><font color = 'blue'> .</font></B>  -Default
<B><font color = 'blue'> .</font></B>  -Default
<B><font color = 'blue'> .</font></B>  -Absent
<B><font color = 'blue'> .</font></B>  -Absent
<B><font color = 'blue'> .</font></B>  -Absent
<B><font color = 'blue'> .</font></B>  -Absent
<B><font color = 'blue'> .</font></B>  -Absent
<B><font color = 'blue'> .</font></B>  -Absent
<B><font color = 'blue'> .</font></B>  -Absent
<B><font color = 'blue'> .</font></B>  -Absent
<B><font color = 'blue'> .</font></B>  -Absent
<B><font color = 'blue'> .</font></B>  -Absent
<B><font color = 'blue'> .</font></B>  -Absent
<B><font color = 'blue'> .</font></B>  -aaaaaaaaaa aaaaaaaaa 
<B><font color = 'blue'> .</font></B>  -mmmm@gmail.com
<B><font color = 'blue'> .</font></B>  -80765s
<B><font color = 'blue'> .</font></B>  -2022-11-05
<B><font color = 'blue'> .</font></B>  -Absent
<B><font color = 'blue'> .</font></B>  -Absent
<B><font color = 'blue'> .</font></B>  -undefined
<B><font color = 'blue'> .</font></B>  -Bangalore
<B><font color = 'blue'> .</font></B>  -Testing
<B><font color = 'blue'> .</font></B>  -Absent
<B><font color = 'blue'> .</font></B>  -Absent
<B><font color = 'blue'> .</font></B>  -Absent
<B><font color = 'blue'> .</font></B>  -Absent
<B><font color = 'blue'> .</font></B>  -Absent
<B><font color = 'blue'> .</font></B>  -Absent
<B><font color = 'blue'> .</font></B>  -Absent
<B><font color = 'blue'> .</font></B>  -Absent
<B><font color = 'blue'> .</font></B>  -Absent
<B><font color = 'blue'> .</font></B>  -Absent
<B><font color = 'blue'> .</font></B>  -Absent
<B><font color = 'blue'> .</font></B>  -sumesh test 
<B><font color = 'blue'> .</font></B>  -sumesh@mail.com
<B><font color = 'blue'> .</font></B>  -fdgfdgf
<B><font color = 'blue'> .</font></B>  -2022-11-05
<B><font color = 'blue'> .</font></B>  -Absent
<B><font color = 'blue'> .</font></B>  -Absent
<B><font color = 'blue'> .</font></B>  -undefined
<B><font color = 'blue'> .</font></B>  -Bangalore
<B><font color = 'blue'> .</font></B>  -Testing
<B><font color = 'blue'> .</font></B>  -Absent
<B><font color = 'blue'> .</font></B>  -Absent
<B><font color = 'blue'> .</font></B>  -Absent
<B><font color = 'blue'> .</font></B>  -Absent
<B><font color = 'blue'> .</font></B>  -Absent
<B><font color = 'blue'> .</font></B>  -Absent
<B><font color = 'blue'> .</font></B>  -Absent
<B><font color = 'blue'> .</font></B>  -Absent
<B><font color = 'blue'> .</font></B>  -Absent
<B><font color = 'blue'> .</font></B>  -Absent
<B><font color = 'blue'> .</font></B>  -Absent
<B><font color = 'blue'> .</font></B>  -Test msc 
<B><font color = 'blue'> .</font></B>  -test123@gmail.com
<B><font color = 'blue'> .</font></B>  -12254
<B><font color = 'blue'> .</font></B>  -2022-11-05
<B><font color = 'blue'> .</font></B>  -Absent
<B><font color = 'blue'> .</font></B>  -Absent
<B><font color = 'blue'> .</font></B>  -undefined
<B><font color = 'blue'> .</font></B>  -Bangalore
<B><font color = 'blue'> .</font></B>  -Testing
<B><font color = 'blue'> .</font></B>  -Absent
<B><font color = 'blue'> .</font></B>  -Absent
<B><font color = 'blue'> .</font></B>  -Absent
<B><font color = 'blue'> .</font></B>  -Absent
<B><font color = 'blue'> .</font></B>  -Absent
<B><font color = 'blue'> .</font></B>  -Absent
<B><font color = 'blue'> .</font></B>  -Absent
<B><font color = 'blue'> .</font></B>  -Absent
<B><font color = 'blue'> .</font></B>  -Absent
<B><font color = 'blue'> .</font></B>  -Absent
<B><font color = 'blue'> .</font></B>  -Absent
<B><font color = 'blue'> .</font></B>  -deffdfds vscsc 
<B><font color = 'blue'> .</font></B>  -cscsdw123@gmail.com
<B><font color = 'blue'> .</font></B>  -1234512
<B><font color = 'blue'> .</font></B>  -2022-11-05
<B><font color = 'blue'> .</font></B>  -Absent
<B><font color = 'blue'> .</font></B>  -Absent
<B><font color = 'blue'> .</font></B>  -undefined
<B><font color = 'blue'> .</font></B>  -Bangalore
<B><font color = 'blue'> .</font></B>  -Testing
<B><font color = 'blue'> .</font></B>  -Absent
<B><font color = 'blue'> .</font></B>  -Absent
<B><font color = 'blue'> .</font></B>  -Absent
<B><font color = 'blue'> .</font></B>  -Absent
<B><font color = 'blue'> .</font></B>  -Absent
<B><font color = 'blue'> .</font></B>  -Absent
<B><font color = 'blue'> .</font></B>  -Absent
<B><font color = 'blue'> .</font></B>  -Absent
<B><font color = 'blue'> .</font></B>  -Absent
<B><font color = 'blue'> .</font></B>  -Absent
<B><font color = 'blue'> .</font></B>  -Absent
<B><font color = 'blue'> .</font></B>  -Abhishe tt 
<B><font color = 'blue'> .</font></B>  -ab@ab.com
<B><font color = 'blue'> .</font></B>  -GKD567
<B><font color = 'blue'> .</font></B>  -2022-11-05
<B><font color = 'blue'> .</font></B>  -Absent
<B><font color = 'blue'> .</font></B>  -Absent
<B><font color = 'blue'> .</font></B>  -undefined
<B><font color = 'blue'> .</font></B>  -Bangalore
<B><font color = 'blue'> .</font></B>  -Testing
<B><font color = 'blue'> .</font></B>  -Absent
<B><font color = 'blue'> .</font></B>  -Absent
<B><font color = 'blue'> .</font></B>  -Absent
<B><font color = 'blue'> .</font></B>  -Absent
<B><font color = 'blue'> .</font></B>  -Absent
<B><font color = 'blue'> .</font></B>  -Absent
<B><font color = 'blue'> .</font></B>  -Absent
<B><font color = 'blue'> .</font></B>  -Absent
<B><font color = 'blue'> .</font></B>  -Absent
<B><font color = 'blue'> .</font></B>  -Absent
<B><font color = 'blue'> .</font></B>  -Absent
<B><font color = 'blue'> .</font></B>  -test nonadmin 
<B><font color = 'blue'> .</font></B>  -testnonadmin@gmail.com
<B><font color = 'blue'> .</font></B>  -GLB026
<B><font color = 'blue'> .</font></B>  -2022-11-05
<B><font color = 'blue'> .</font></B>  -Absent
<B><font color = 'blue'> .</font></B>  -Absent
<B><font color = 'blue'> .</font></B>  -undefined
<B><font color = 'blue'> .</font></B>  -Bangalore
<B><font color = 'blue'> .</font></B>  -Php
<B><font color = 'blue'> .</font></B>  -Absent
<B><font color = 'blue'> .</font></B>  -Absent
<B><font color = 'blue'> .</font></B>  -Absent
<B><font color = 'blue'> .</font></B>  -Absent
<B><font color = 'blue'> .</font></B>  -Absent
<B><font color = 'blue'> .</font></B>  -Absent
<B><font color = 'blue'> .</font></B>  -Absent
<B><font color = 'blue'> .</font></B>  -Absent
<B><font color = 'blue'> .</font></B>  -Absent
<B><font color = 'blue'> .</font></B>  -Absent
<B><font color = 'blue'> .</font></B>  -Absent
<B><font color = 'blue'> .</font></B>  -adg ckj 
<B><font color = 'blue'> .</font></B>  -adcs@1234
<B><font color = 'blue'> .</font></B>  -583
<B><font color = 'blue'> .</font></B>  -2022-11-05
<B><font color = 'blue'> .</font></B>  -Absent
<B><font color = 'blue'> .</font></B>  -Absent
<B><font color = 'blue'> .</font></B>  -undefined
<B><font color = 'blue'> .</font></B>  -Bangalore
<B><font color = 'blue'> .</font></B>  -Testing
<B><font color = 'blue'> .</font></B>  -Absent
<B><font color = 'blue'> .</font></B>  -Absent
<B><font color = 'blue'> .</font></B>  -Absent
<B><font color = 'blue'> .</font></B>  -Absent
<B><font color = 'blue'> .</font></B>  -Absent
<B><font color = 'blue'> .</font></B>  -Absent
<B><font color = 'blue'> .</font></B>  -Absent
<B><font color = 'blue'> .</font></B>  -Absent
<B><font color = 'blue'> .</font></B>  -Absent
<B><font color = 'blue'> .</font></B>  -Absent
<B><font color = 'blue'> .</font></B>  -Absent
<B><font color = 'blue'> .</font></B>  -dominic toretto 
<B><font color = 'blue'> .</font></B>  -dom.toretto737@gmail.com
<B><font color = 'blue'> .</font></B>  -EMP011
<B><font color = 'blue'> .</font></B>  -2022-11-05
<B><font color = 'blue'> .</font></B>  -Absent
<B><font color = 'blue'> .</font></B>  -Absent
<B><font color = 'blue'> .</font></B>  -undefined
<B><font color = 'blue'> .</font></B>  -Bangalore
<B><font color = 'blue'> .</font></B>  -Testing
<B><font color = 'blue'> .</font></B>  -Absent
<B><font color = 'blue'> .</font></B>  -Absent
<B><font color = 'blue'> .</font></B>  -Absent
<B><font color = 'blue'> .</font></B>  -Absent
<B><font color = 'blue'> .</font></B>  -Absent
<B><font color = 'blue'> .</font></B>  -Absent
<B><font color = 'blue'> .</font></B>  -Absent
<B><font color = 'blue'> .</font></B>  -Absent
<B><font color = 'blue'> .</font></B>  -Absent
<B><font color = 'blue'> .</font></B>  -Absent
<B><font color = 'blue'> .</font></B>  -Absent
<B><font color = 'blue'> .</font></B>  -Abhishek Test 
<B><font color = 'blue'> .</font></B>  -abhishektrest@glb.in
<B><font color = 'blue'> .</font></B>  -rN7tvEiDPGNi4fD
<B><font color = 'blue'> .</font></B>  -2022-11-05
<B><font color = 'blue'> .</font></B>  -Absent
<B><font color = 'blue'> .</font></B>  -Absent
<B><font color = 'blue'> .</font></B>  -undefined
<B><font color = 'blue'> .</font></B>  -Bangalore
<B><font color = 'blue'> .</font></B>  -Php
<B><font color = 'blue'> .</font></B>  -Absent
<B><font color = 'blue'> .</font></B>  -Absent
<B><font color = 'blue'> .</font></B>  -Absent
<B><font color = 'blue'> .</font></B>  -Absent
<B><font color = 'blue'> .</font></B>  -Absent
<B><font color = 'blue'> .</font></B>  -Absent
<B><font color = 'blue'> .</font></B>  -Absent
<B><font color = 'blue'> .</font></B>  -Absent
<B><font color = 'blue'> .</font></B>  -Absent
<B><font color = 'blue'> .</font></B>  -Absent
<B><font color = 'blue'> .</font></B>  -Absent
<B><font color = 'blue'> .</font></B>  -Superior Test one 
<B><font color = 'blue'> .</font></B>  -superiorone@gmail.com
<B><font color = 'blue'> .</font></B>  -twoqw
<B><font color = 'blue'> .</font></B>  -2022-11-05
<B><font color = 'blue'> .</font></B>  -Absent
<B><font color = 'blue'> .</font></B>  -Absent
<B><font color = 'blue'> .</font></B>  -undefined
<B><font color = 'blue'> .</font></B>  -Bangalore
<B><font color = 'blue'> .</font></B>  -Testing
<B><font color = 'blue'> .</font></B>  -Absent
<B><font color = 'blue'> .</font></B>  -Absent
<B><font color = 'blue'> .</font></B>  -Absent
<B><font color = 'blue'> .</font></B>  -Absent
<B><font color = 'blue'> .</font></B>  -Absent
<B><font color = 'blue'> .</font></B>  -Absent
<B><font color = 'blue'> .</font></B>  -Absent
<B><font color = 'blue'> .</font></B>  -Absent
<B><font color = 'blue'> .</font></B>  -Absent
<B><font color = 'blue'> .</font></B>  -Absent
<B><font color = 'blue'> .</font></B>  -Absent
<B><font color = 'blue'> .</font></B>  -test testw 
<B><font color = 'blue'> .</font></B>  -test@mac.in
<B><font color = 'blue'> .</font></B>  -aaf123
<B><font color = 'blue'> .</font></B>  -2022-11-05
<B><font color = 'blue'> .</font></B>  -Absent
<B><font color = 'blue'> .</font></B>  -Absent
<B><font color = 'blue'> .</font></B>  -undefined
<B><font color = 'blue'> .</font></B>  -Bangalore
<B><font color = 'blue'> .</font></B>  -Php
<B><font color = 'blue'> .</font></B>  -Absent
<B><font color = 'blue'> .</font></B>  -Absent
<B><font color = 'blue'> .</font></B>  -Absent
<B><font color = 'blue'> .</font></B>  -Absent
<B><font color = 'blue'> .</font></B>  -Absent
<B><font color = 'blue'> .</font></B>  -Absent
<B><font color = 'blue'> .</font></B>  -Absent
<B><font color = 'blue'> .</font></B>  -Absent
<B><font color = 'blue'> .</font></B>  -Absent
<B><font color = 'blue'> .</font></B>  -Absent
<B><font color = 'blue'> .</font></B>  -Absent
<B><font color = 'blue'> .</font></B>  -sam eer 
<B><font color = 'blue'> .</font></B>  -sam@rf.in
<B><font color = 'blue'> .</font></B>  -WSAERT2Q34E
<B><font color = 'blue'> .</font></B>  -2022-11-05
<B><font color = 'blue'> .</font></B>  -Absent
<B><font color = 'blue'> .</font></B>  -Absent
<B><font color = 'blue'> .</font></B>  -undefined
<B><font color = 'blue'> .</font></B>  -Bangalore
<B><font color = 'blue'> .</font></B>  -Testing
<B><font color = 'blue'> .</font></B>  -Absent
<B><font color = 'blue'> .</font></B>  -Absent
<B><font color = 'blue'> .</font></B>  -Absent
<B><font color = 'blue'> .</font></B>  -Absent
<B><font color = 'blue'> .</font></B>  -Absent
<B><font color = 'blue'> .</font></B>  -Absent
<B><font color = 'blue'> .</font></B>  -Absent
<B><font color = 'blue'> .</font></B>  -Absent
<B><font color = 'blue'> .</font></B>  -Absent
<B><font color = 'blue'> .</font></B>  -Absent
<B><font color = 'blue'> .</font></B>  -Absent
<B><font color = 'blue'> .</font></B>  -Test test 
<B><font color = 'blue'> .</font></B>  -sarikajain@gmail.com
<B><font color = 'blue'> .</font></B>  -E-101
<B><font color = 'blue'> .</font></B>  -2022-11-05
<B><font color = 'blue'> .</font></B>  -Absent
<B><font color = 'blue'> .</font></B>  -Absent
<B><font color = 'blue'> .</font></B>  -undefined
<B><font color = 'blue'> .</font></B>  -Bangalore
<B><font color = 'blue'> .</font></B>  -Testing
<B><font color = 'blue'> .</font></B>  -Absent
<B><font color = 'blue'> .</font></B>  -Absent
<B><font color = 'blue'> .</font></B>  -Absent
<B><font color = 'blue'> .</font></B>  -Absent
<B><font color = 'blue'> .</font></B>  -Absent
<B><font color = 'blue'> .</font></B>  -Absent
<B><font color = 'blue'> .</font></B>  -Absent
<B><font color = 'blue'> .</font></B>  -Absent
<B><font color = 'blue'> .</font></B>  -Absent
<B><font color = 'blue'> .</font></B>  -Absent
<B><font color = 'blue'> .</font></B>  -Absent
<B><font color = 'blue'> .</font></B>  -sithu kalluru 
<B><font color = 'blue'> .</font></B>  -sitaramireddy@globussoft.in
<B><font color = 'blue'> .</font></B>  -code12
<B><font color = 'blue'> .</font></B>  -2022-11-05
<B><font color = 'blue'> .</font></B>  -Absent
<B><font color = 'blue'> .</font></B>  -Absent
<B><font color = 'blue'> .</font></B>  -undefined
<B><font color = 'blue'> .</font></B>  -Bangalore
<B><font color = 'blue'> .</font></B>  -Testing
<B><font color = 'blue'> .</font></B>  -Absent
<B><font color = 'blue'> .</font></B>  -Absent
<B><font color = 'blue'> .</font></B>  -Absent
<B><font color = 'blue'> .</font></B>  -Absent
<B><font color = 'blue'> .</font></B>  -Absent
<B><font color = 'blue'> .</font></B>  -Absent
<B><font color = 'blue'> .</font></B>  -Absent
<B><font color = 'blue'> .</font></B>  -Absent
<B><font color = 'blue'> .</font></B>  -Absent
<B><font color = 'blue'> .</font></B>  -Absent
<B><font color = 'blue'> .</font></B>  -Absent
<B><font color = 'blue'> .</font></B>  -test123 abcd 
<B><font color = 'blue'> .</font></B>  -s@gmail.com
<B><font color = 'blue'> .</font></B>  -code123z
<B><font color = 'blue'> .</font></B>  -2022-11-05
<B><font color = 'blue'> .</font></B>  -Absent
<B><font color = 'blue'> .</font></B>  -Absent
<B><font color = 'blue'> .</font></B>  -undefined
<B><font color = 'blue'> .</font></B>  -Bangalore
<B><font color = 'blue'> .</font></B>  -Testing
<B><font color = 'blue'> .</font></B>  -Absent
<B><font color = 'blue'> .</font></B>  -Absent
<B><font color = 'blue'> .</font></B>  -Absent
<B><font color = 'blue'> .</font></B>  -Absent
<B><font color = 'blue'> .</font></B>  -Absent
<B><font color = 'blue'> .</font></B>  -Absent
<B><font color = 'blue'> .</font></B>  -Absent
<B><font color = 'blue'> .</font></B>  -Absent
<B><font color = 'blue'> .</font></B>  -Absent
<B><font color = 'blue'> .</font></B>  -Absent
<B><font color = 'blue'> .</font></B>  -Absent
<B><font color = 'blue'> .</font></B>  -testing test 
<B><font color = 'blue'> .</font></B>  -aarshajoyson1601@gmail.com
<B><font color = 'blue'> .</font></B>  -glb0008
<B><font color = 'blue'> .</font></B>  -2022-11-05
<B><font color = 'blue'> .</font></B>  -Absent
<B><font color = 'blue'> .</font></B>  -Absent
<B><font color = 'blue'> .</font></B>  -undefined
<B><font color = 'blue'> .</font></B>  -Bangalore
<B><font color = 'blue'> .</font></B>  -Php
<B><font color = 'blue'> .</font></B>  -Absent
<B><font color = 'blue'> .</font></B>  -Absent
<B><font color = 'blue'> .</font></B>  -Absent
<B><font color = 'blue'> .</font></B>  -Absent
<B><font color = 'blue'> .</font></B>  -Absent
<B><font color = 'blue'> .</font></B>  -Absent
<B><font color = 'blue'> .</font></B>  -Absent
<B><font color = 'blue'> .</font></B>  -Absent
<B><font color = 'blue'> .</font></B>  -Absent
<B><font color = 'blue'> .</font></B>  -Absent
<B><font color = 'blue'> .</font></B>  -Absent
<B><font color = 'blue'> .</font></B>  -Automation CodeeeAuto 
<B><font color = 'blue'> .</font></B>  -skabcdef7@gmail.com
<B><font color = 'blue'> .</font></B>  -Emp-Abzcde-1234522
<B><font color = 'blue'> .</font></B>  -2022-11-05
<B><font color = 'blue'> .</font></B>  -Absent
<B><font color = 'blue'> .</font></B>  -Absent
<B><font color = 'blue'> .</font></B>  -undefined
<B><font color = 'blue'> .</font></B>  -Bangalore
<B><font color = 'blue'> .</font></B>  -Testing
<B><font color = 'blue'> .</font></B>  -Absent
<B><font color = 'blue'> .</font></B>  -Absent
<B><font color = 'blue'> .</font></B>  -Absent
<B><font color = 'blue'> .</font></B>  -Absent
<B><font color = 'blue'> .</font></B>  -Absent
<B><font color = 'blue'> .</font></B>  -Absent
<B><font color = 'blue'> .</font></B>  -Absent
<B><font color = 'blue'> .</font></B>  -Absent
<B><font color = 'blue'> .</font></B>  -Absent
<B><font color = 'blue'> .</font></B>  -Absent
<B><font color = 'blue'> .</font></B>  -Absent
<B><font color = 'blue'> .</font></B>  -piyush dfgsfg 
<B><font color = 'blue'> .</font></B>  -jos@gmail.com
<B><font color = 'blue'> .</font></B>  -sdgff
<B><font color = 'blue'> .</font></B>  -2022-11-05
<B><font color = 'blue'> .</font></B>  -Absent
<B><font color = 'blue'> .</font></B>  -Absent
<B><font color = 'blue'> .</font></B>  -undefined
<B><font color = 'blue'> .</font></B>  -Bangalore
<B><font color = 'blue'> .</font></B>  -Testing
<B><font color = 'blue'> .</font></B>  -Absent
<B><font color = 'blue'> .</font></B>  -Absent
<B><font color = 'blue'> .</font></B>  -Absent
<B><font color = 'blue'> .</font></B>  -Absent
<B><font color = 'blue'> .</font></B>  -Absent
<B><font color = 'blue'> .</font></B>  -Absent
<B><font color = 'blue'> .</font></B>  -Absent
<B><font color = 'blue'> .</font></B>  -Absent
<B><font color = 'blue'> .</font></B>  -Absent
<B><font color = 'blue'> .</font></B>  -Absent
<B><font color = 'blue'> .</font></B>  -Absent
<B><font color = 'blue'> .</font></B>  -Aryan raj 
<B><font color = 'blue'> .</font></B>  -alex@gmail.com
<B><font color = 'blue'> .</font></B>  -126
<B><font color = 'blue'> .</font></B>  -2022-11-05
<B><font color = 'blue'> .</font></B>  -Absent
<B><font color = 'blue'> .</font></B>  -Absent
<B><font color = 'blue'> .</font></B>  -undefined
<B><font color = 'blue'> .</font></B>  -Bangalore
<B><font color = 'blue'> .</font></B>  -Testing
<B><font color = 'blue'> .</font></B>  -Absent
<B><font color = 'blue'> .</font></B>  -Absent
<B><font color = 'blue'> .</font></B>  -Absent
<B><font color = 'blue'> .</font></B>  -Absent
<B><font color = 'blue'> .</font></B>  -Absent
<B><font color = 'blue'> .</font></B>  -Absent
<B><font color = 'blue'> .</font></B>  -Absent
<B><font color = 'blue'> .</font></B>  -Absent
<B><font color = 'blue'> .</font></B>  -Absent
<B><font color = 'blue'> .</font></B>  -Absent
<B><font color = 'blue'> .</font></B>  -Absent
<B><font color = 'blue'> .</font></B>  -Automation CodeeeAuto 
<B><font color = 'blue'> .</font></B>  -skabcdef38@gmail.com
<B><font color = 'blue'> .</font></B>  -Emp-Abzcde-123457
<B><font color = 'blue'> .</font></B>  -2022-11-05
<B><font color = 'blue'> .</font></B>  -Absent
<B><font color = 'blue'> .</font></B>  -Absent
<B><font color = 'blue'> .</font></B>  -undefined
<B><font color = 'blue'> .</font></B>  -Bangalore
<B><font color = 'blue'> .</font></B>  -Testing
<B><font color = 'blue'> .</font></B>  -Absent
<B><font color = 'blue'> .</font></B>  -Absent
<B><font color = 'blue'> .</font></B>  -Absent
<B><font color = 'blue'> .</font></B>  -Absent
<B><font color = 'blue'> .</font></B>  -Absent
<B><font color = 'blue'> .</font></B>  -Absent
<B><font color = 'blue'> .</font></B>  -Absent
<B><font color = 'blue'> .</font></B>  -Absent
<B><font color = 'blue'> .</font></B>  -Absent
<B><font color = 'blue'> .</font></B>  -Absent
<B><font color = 'blue'> .</font></B>  -Absent
<B><font color = 'blue'> .</font></B>  -Automation CodeeeAuto 
<B><font color = 'blue'> .</font></B>  -skabcdef33@gmail.com
<B><font color = 'blue'> .</font></B>  -Emp-Abzcde-1234557
<B><font color = 'blue'> .</font></B>  -2022-11-05
<B><font color = 'blue'> .</font></B>  -Absent
<B><font color = 'blue'> .</font></B>  -Absent
<B><font color = 'blue'> .</font></B>  -undefined
<B><font color = 'blue'> .</font></B>  -Bangalore
<B><font color = 'blue'> .</font></B>  -Testing
<B><font color = 'blue'> .</font></B>  -Absent
<B><font color = 'blue'> .</font></B>  -Absent
<B><font color = 'blue'> .</font></B>  -Absent
<B><font color = 'blue'> .</font></B>  -Absent
<B><font color = 'blue'> .</font></B>  -Absent
<B><font color = 'blue'> .</font></B>  -Absent
<B><font color = 'blue'> .</font></B>  -Absent
<B><font color = 'blue'> .</font></B>  -Absent
<B><font color = 'blue'> .</font></B>  -Absent
<B><font color = 'blue'> .</font></B>  -Absent
<B><font color = 'blue'> .</font></B>  -Absent
<B><font color = 'blue'> .</font></B>  -D Surya Prabhakar 
<B><font color = 'blue'> .</font></B>  -surya1@gmail.com
<B><font color = 'blue'> .</font></B>  -EM010
<B><font color = 'blue'> .</font></B>  -2022-11-05
<B><font color = 'blue'> .</font></B>  -Absent
<B><font color = 'blue'> .</font></B>  -Absent
<B><font color = 'blue'> .</font></B>  -undefined
<B><font color = 'blue'> .</font></B>  -bengaluru
<B><font color = 'blue'> .</font></B>  -Testing
<B><font color = 'blue'> .</font></B>  -Absent
<B><font color = 'blue'> .</font></B>  -Absent
<B><font color = 'blue'> .</font></B>  -Absent
<B><font color = 'blue'> .</font></B>  -Absent
<B><font color = 'blue'> .</font></B>  -Absent
<B><font color = 'blue'> .</font></B>  -Absent
<B><font color = 'blue'> .</font></B>  -Absent
<B><font color = 'blue'> .</font></B>  -Absent
<B><font color = 'blue'> .</font></B>  -Absent
<B><font color = 'blue'> .</font></B>  -Absent
<B><font color = 'blue'> .</font></B>  -Absent
<B><font color = 'blue'> .</font></B>  -R o       hit Sharma 
<B><font color = 'blue'> .</font></B>  -rahulrajt5613928@gmail.com
<B><font color = 'blue'> .</font></B>  -67645
<B><font color = 'blue'> .</font></B>  -2022-11-05
<B><font color = 'blue'> .</font></B>  -Absent
<B><font color = 'blue'> .</font></B>  -Absent
<B><font color = 'blue'> .</font></B>  -undefined
<B><font color = 'blue'> .</font></B>  -bengaluru
<B><font color = 'blue'> .</font></B>  -Testing
<B><font color = 'blue'> .</font></B>  -Absent
<B><font color = 'blue'> .</font></B>  -Absent
<B><font color = 'blue'> .</font></B>  -Absent
<B><font color = 'blue'> .</font></B>  -Absent
<B><font color = 'blue'> .</font></B>  -Absent
<B><font color = 'blue'> .</font></B>  -Absent
<B><font color = 'blue'> .</font></B>  -Absent
<B><font color = 'blue'> .</font></B>  -Absent
<B><font color = 'blue'> .</font></B>  -Absent
<B><font color = 'blue'> .</font></B>  -Absent
<B><font color = 'blue'> .</font></B>  -Absent
<B><font color = 'blue'> .</font></B>  -ni test 
<B><font color = 'blue'> .</font></B>  -nitest12@gmail.com
<B><font color = 'blue'> .</font></B>  -GLB678
<B><font color = 'blue'> .</font></B>  -2022-11-05
<B><font color = 'blue'> .</font></B>  -Absent
<B><font color = 'blue'> .</font></B>  -Absent
<B><font color = 'blue'> .</font></B>  -undefined
<B><font color = 'blue'> .</font></B>  -bengaluru
<B><font color = 'blue'> .</font></B>  -Testing
<B><font color = 'blue'> .</font></B>  -Absent
<B><font color = 'blue'> .</font></B>  -Absent
<B><font color = 'blue'> .</font></B>  -Absent
<B><font color = 'blue'> .</font></B>  -Absent
<B><font color = 'blue'> .</font></B>  -Absent
<B><font color = 'blue'> .</font></B>  -Absent
<B><font color = 'blue'> .</font></B>  -Absent
<B><font color = 'blue'> .</font></B>  -Absent
<B><font color = 'blue'> .</font></B>  -Absent
<B><font color = 'blue'> .</font></B>  -Absent
<B><font color = 'blue'> .</font></B>  -Absent
<B><font color = 'blue'> .</font></B>  -one test 
<B><font color = 'blue'> .</font></B>  -testone1234@gmail.com
<B><font color = 'blue'> .</font></B>  -0110
<B><font color = 'blue'> .</font></B>  -2022-11-05
<B><font color = 'blue'> .</font></B>  -Absent
<B><font color = 'blue'> .</font></B>  -Absent
<B><font color = 'blue'> .</font></B>  -undefined
<B><font color = 'blue'> .</font></B>  -bengaluru
<B><font color = 'blue'> .</font></B>  -Testing
<B><font color = 'blue'> .</font></B>  -Absent
<B><font color = 'blue'> .</font></B>  -Absent
<B><font color = 'blue'> .</font></B>  -Absent
<B><font color = 'blue'> .</font></B>  -Absent
<B><font color = 'blue'> .</font></B>  -Absent
<B><font color = 'blue'> .</font></B>  -Absent
<B><font color = 'blue'> .</font></B>  -Absent
<B><font color = 'blue'> .</font></B>  -Absent
<B><font color = 'blue'> .</font></B>  -Absent
<B><font color = 'blue'> .</font></B>  -Absent
<B><font color = 'blue'> .</font></B>  -Absent
<B><font color = 'blue'> .</font></B>  -GLB-BLR-010-PC - GLB-BLR-010 
<B><font color = 'blue'> .</font></B>  -abcd@yuksdgus
<B><font color = 'blue'> .</font></B>  -GLB-BLR-010
<B><font color = 'blue'> .</font></B>  -2022-11-05
<B><font color = 'blue'> .</font></B>  -Absent
<B><font color = 'blue'> .</font></B>  -Absent
<B><font color = 'blue'> .</font></B>  -undefined
<B><font color = 'blue'> .</font></B>  -bengaluru
<B><font color = 'blue'> .</font></B>  -Testing
<B><font color = 'blue'> .</font></B>  -Absent
<B><font color = 'blue'> .</font></B>  -Absent
<B><font color = 'blue'> .</font></B>  -Absent
<B><font color = 'blue'> .</font></B>  -Absent
<B><font color = 'blue'> .</font></B>  -Absent
<B><font color = 'blue'> .</font></B>  -Absent
<B><font color = 'blue'> .</font></B>  -Absent
<B><font color = 'blue'> .</font></B>  -Absent
<B><font color = 'blue'> .</font></B>  -Absent
<B><font color = 'blue'> .</font></B>  -Absent
<B><font color = 'blue'> .</font></B>  -Absent
<B><font color = 'blue'> .</font></B>  -surya kk 
<B><font color = 'blue'> .</font></B>  -123@gmail.com
<B><font color = 'blue'> .</font></B>  -mmmmm
<B><font color = 'blue'> .</font></B>  -2022-11-05
<B><font color = 'blue'> .</font></B>  -Absent
<B><font color = 'blue'> .</font></B>  -Absent
<B><font color = 'blue'> .</font></B>  -undefined
<B><font color = 'blue'> .</font></B>  -Tamilnadu
<B><font color = 'blue'> .</font></B>  -Test and Dev
<B><font color = 'blue'> .</font></B>  -Absent
<B><font color = 'blue'> .</font></B>  -Absent
<B><font color = 'blue'> .</font></B>  -Absent
<B><font color = 'blue'> .</font></B>  -Absent
<B><font color = 'blue'> .</font></B>  -Absent
<B><font color = 'blue'> .</font></B>  -Absent
<B><font color = 'blue'> .</font></B>  -Absent
<B><font color = 'blue'> .</font></B>  -Absent
<B><font color = 'blue'> .</font></B>  -Absent
<B><font color = 'blue'> .</font></B>  -Absent
<B><font color = 'blue'> .</font></B>  -Absent
<B><font color = 'blue'> .</font></B>  -sai kk 
<B><font color = 'blue'> .</font></B>  -saikk19876@gmail.com
<B><font color = 'blue'> .</font></B>  -20221019
<B><font color = 'blue'> .</font></B>  -2022-11-05
<B><font color = 'blue'> .</font></B>  -Absent
<B><font color = 'blue'> .</font></B>  -Absent
<B><font color = 'blue'> .</font></B>  -undefined
<B><font color = 'blue'> .</font></B>  -Tamilnadu
<B><font color = 'blue'> .</font></B>  -Test and Dev
<B><font color = 'blue'> .</font></B>  -Absent
<B><font color = 'blue'> .</font></B>  -Absent
<B><font color = 'blue'> .</font></B>  -Absent
<B><font color = 'blue'> .</font></B>  -Absent
<B><font color = 'blue'> .</font></B>  -Absent
<B><font color = 'blue'> .</font></B>  -Absent
<B><font color = 'blue'> .</font></B>  -Absent
<B><font color = 'blue'> .</font></B>  -Absent
<B><font color = 'blue'> .</font></B>  -Absent
<B><font color = 'blue'> .</font></B>  -Absent
<B><font color = 'blue'> .</font></B>  -Absent
<B><font color = 'blue'> .</font></B>  -ajeethemp test 
<B><font color = 'blue'> .</font></B>  -ajeethemp@gmail.com
<B><font color = 'blue'> .</font></B>  -A01
<B><font color = 'blue'> .</font></B>  -2022-11-05
<B><font color = 'blue'> .</font></B>  -Absent
<B><font color = 'blue'> .</font></B>  -Absent
<B><font color = 'blue'> .</font></B>  -undefined
<B><font color = 'blue'> .</font></B>  -Tamilnadu
<B><font color = 'blue'> .</font></B>  -Test and Dev
<B><font color = 'blue'> .</font></B>  -Absent
<B><font color = 'blue'> .</font></B>  -Absent
<B><font color = 'blue'> .</font></B>  -Absent
<B><font color = 'blue'> .</font></B>  -Absent
<B><font color = 'blue'> .</font></B>  -Absent
<B><font color = 'blue'> .</font></B>  -Absent
<B><font color = 'blue'> .</font></B>  -Absent
<B><font color = 'blue'> .</font></B>  -Absent
<B><font color = 'blue'> .</font></B>  -Absent
<B><font color = 'blue'> .</font></B>  -Absent
<B><font color = 'blue'> .</font></B>  -Absent
<B><font color = 'blue'> .</font></B>  -test user two 
<B><font color = 'blue'> .</font></B>  -testuser@two.io
<B><font color = 'blue'> .</font></B>  -GSLL-327
<B><font color = 'blue'> .</font></B>  -2022-11-05
<B><font color = 'blue'> .</font></B>  -Absent
<B><font color = 'blue'> .</font></B>  -Absent
<B><font color = 'blue'> .</font></B>  -undefined
<B><font color = 'blue'> .</font></B>  -Tamilnadu
<B><font color = 'blue'> .</font></B>  -Test and Dev
<B><font color = 'blue'> .</font></B>  -Absent
<B><font color = 'blue'> .</font></B>  -Absent
<B><font color = 'blue'> .</font></B>  -Absent
<B><font color = 'blue'> .</font></B>  -Absent
<B><font color = 'blue'> .</font></B>  -Absent
<B><font color = 'blue'> .</font></B>  -Absent
<B><font color = 'blue'> .</font></B>  -Absent
<B><font color = 'blue'> .</font></B>  -Absent
<B><font color = 'blue'> .</font></B>  -Absent
<B><font color = 'blue'> .</font></B>  -Absent
<B><font color = 'blue'> .</font></B>  -Absent
<B><font color = 'blue'> .</font></B>  -Himanshu Kumar 
<B><font color = 'blue'> .</font></B>  -himanshu1@gmail.com
<B><font color = 'blue'> .</font></B>  -EM011
<B><font color = 'blue'> .</font></B>  -2022-11-05
<B><font color = 'blue'> .</font></B>  -Absent
<B><font color = 'blue'> .</font></B>  -Absent
<B><font color = 'blue'> .</font></B>  -undefined
<B><font color = 'blue'> .</font></B>  -bagalkot
<B><font color = 'blue'> .</font></B>  -manual testing
<B><font color = 'blue'> .</font></B>  -Absent
<B><font color = 'blue'> .</font></B>  -Absent
<B><font color = 'blue'> .</font></B>  -Absent
<B><font color = 'blue'> .</font></B>  -Absent
<B><font color = 'blue'> .</font></B>  -Absent
<B><font color = 'blue'> .</font></B>  -Absent
<B><font color = 'blue'> .</font></B>  -Absent
<B><font color = 'blue'> .</font></B>  -Absent
<B><font color = 'blue'> .</font></B>  -Absent
<B><font color = 'blue'> .</font></B>  -Absent
<B><font color = 'blue'> .</font></B>  -Absent
<B><font color = 'blue'> .</font></B>  -dxgfdxg gssdg 
<B><font color = 'blue'> .</font></B>  -sdgsg@dgksodkg.in
<B><font color = 'blue'> .</font></B>  -asfda343443
<B><font color = 'blue'> .</font></B>  -2022-11-05
<B><font color = 'blue'> .</font></B>  -Absent
<B><font color = 'blue'> .</font></B>  -Absent
<B><font color = 'blue'> .</font></B>  -undefined
<B><font color = 'blue'> .</font></B>  -Bhilai
<B><font color = 'blue'> .</font></B>  -Php
<B><font color = 'blue'> .</font></B>  -Absent
<B><font color = 'blue'> .</font></B>  -Absent
<B><font color = 'blue'> .</font></B>  -Absent
<B><font color = 'blue'> .</font></B>  -Absent
<B><font color = 'blue'> .</font></B>  -Absent
<B><font color = 'blue'> .</font></B>  -Absent
<B><font color = 'blue'> .</font></B>  -Absent
<B><font color = 'blue'> .</font></B>  -Absent
<B><font color = 'blue'> .</font></B>  -Absent
<B><font color = 'blue'> .</font></B>  -Absent
<B><font color = 'blue'> .</font></B>  -Absent
<B><font color = 'blue'> .</font></B>  -Guest User 
<B><font color = 'blue'> .</font></B>  -guestuser@gmail.com
<B><font color = 'blue'> .</font></B>  -GLB-777
<B><font color = 'blue'> .</font></B>  -2022-11-05
<B><font color = 'blue'> .</font></B>  -Absent
<B><font color = 'blue'> .</font></B>  -Absent
<B><font color = 'blue'> .</font></B>  -undefined
<B><font color = 'blue'> .</font></B>  -Bhilai
<B><font color = 'blue'> .</font></B>  -Php
<B><font color = 'blue'> .</font></B>  -Absent
<B><font color = 'blue'> .</font></B>  -Absent
<B><font color = 'blue'> .</font></B>  -Absent
<B><font color = 'blue'> .</font></B>  -Absent
<B><font color = 'blue'> .</font></B>  -Absent
<B><font color = 'blue'> .</font></B>  -Absent
<B><font color = 'blue'> .</font></B>  -Absent
<B><font color = 'blue'> .</font></B>  -Absent
<B><font color = 'blue'> .</font></B>  -Absent
<B><font color = 'blue'> .</font></B>  -Absent
<B><font color = 'blue'> .</font></B>  -Absent
<B><font color = 'blue'> .</font></B>  -Himanshu Kumar 
<B><font color = 'blue'> .</font></B>  -himanshu1@gmail.com
<B><font color = 'blue'> .</font></B>  -EM011
<B><font color = 'blue'> .</font></B>  -2022-11-04
<B><font color = 'blue'> .</font></B>  -04-11-2022 00:01:15
<B><font color = 'blue'> .</font></B>  -04-11-2022 00:04:15
<B><font color = 'blue'> .</font></B>  -GLB-181
<B><font color = 'blue'> .</font></B>  -bagalkot
<B><font color = 'blue'> .</font></B>  -manual testing
<B><font color = 'blue'> .</font></B>  -00:03:00
<B><font color = 'blue'> .</font></B>  -00:00:00
<B><font color = 'blue'> .</font></B>  -00:00:00
<B><font color = 'blue'> .</font></B>  -00:00:00
<B><font color = 'blue'> .</font></B>  -00:00:00
<B><font color = 'blue'> .</font></B>  -00:00:00
<B><font color = 'blue'> .</font></B>  -00:00:00
<B><font color = 'blue'> .</font></B>  -00:03:00
<B><font color = 'blue'> .</font></B>  -0.00%
<B><font color = 'blue'> .</font></B>  --480:00
<B><font color = 'blue'> .</font></B>  -0.00
<B><font color = 'blue'> .</font></B>  -Virat kohli 
<B><font color = 'blue'> .</font></B>  -rahukbgdxgsf@gmail.com
<B><font color = 'blue'> .</font></B>  -65332
<B><font color = 'blue'> .</font></B>  -2022-11-04
<B><font color = 'blue'> .</font></B>  -04-11-2022 13:51:32
<B><font color = 'blue'> .</font></B>  -04-11-2022 17:15:32
<B><font color = 'blue'> .</font></B>  -GLB-124-PC
<B><font color = 'blue'> .</font></B>  -Default
<B><font color = 'blue'> .</font></B>  -Default
<B><font color = 'blue'> .</font></B>  -03:24:00
<B><font color = 'blue'> .</font></B>  -00:00:00
<B><font color = 'blue'> .</font></B>  -00:00:00
<B><font color = 'blue'> .</font></B>  -00:00:00
<B><font color = 'blue'> .</font></B>  -00:00:00
<B><font color = 'blue'> .</font></B>  -00:00:00
<B><font color = 'blue'> .</font></B>  -00:00:00
<B><font color = 'blue'> .</font></B>  -03:24:00
<B><font color = 'blue'> .</font></B>  -0.00%
<B><font color = 'blue'> .</font></B>  --480:00
<B><font color = 'blue'> .</font></B>  -0.00
<B><font color = 'blue'> .</font></B>  -test testtt 
<B><font color = 'blue'> .</font></B>  -abcd@gmail.com
<B><font color = 'blue'> .</font></B>  -GLB55
<B><font color = 'blue'> .</font></B>  -2022-11-04
<B><font color = 'blue'> .</font></B>  -04-11-2022 16:05:53
<B><font color = 'blue'> .</font></B>  -05-11-2022 00:00:00
<B><font color = 'blue'> .</font></B>  -GLB-124-PC
<B><font color = 'blue'> .</font></B>  -Bangalore
<B><font color = 'blue'> .</font></B>  -Testing
<B><font color = 'blue'> .</font></B>  -07:54:07
<B><font color = 'blue'> .</font></B>  -00:00:00
<B><font color = 'blue'> .</font></B>  -00:00:00
<B><font color = 'blue'> .</font></B>  -00:00:00
<B><font color = 'blue'> .</font></B>  -00:00:00
<B><font color = 'blue'> .</font></B>  -00:00:00
<B><font color = 'blue'> .</font></B>  -00:00:00
<B><font color = 'blue'> .</font></B>  -07:54:07
<B><font color = 'blue'> .</font></B>  -0.00%
<B><font color = 'blue'> .</font></B>  --480:00
<B><font color = 'blue'> .</font></B>  -0.00
<B><font color = 'blue'> .</font></B>  -dominic toretto 
<B><font color = 'blue'> .</font></B>  -dom.toretto737@gmail.com
<B><font color = 'blue'> .</font></B>  -EMP011
<B><font color = 'blue'> .</font></B>  -2022-11-04
<B><font color = 'blue'> .</font></B>  -04-11-2022 10:33:07
<B><font color = 'blue'> .</font></B>  -04-11-2022 11:00:07
<B><font color = 'blue'> .</font></B>  -GLB-110-PC
<B><font color = 'blue'> .</font></B>  -Bangalore
<B><font color = 'blue'> .</font></B>  -Testing
<B><font color = 'blue'> .</font></B>  -00:27:00
<B><font color = 'blue'> .</font></B>  -00:00:00
<B><font color = 'blue'> .</font></B>  -00:00:00
<B><font color = 'blue'> .</font></B>  -00:00:00
<B><font color = 'blue'> .</font></B>  -00:00:00
<B><font color = 'blue'> .</font></B>  -00:00:00
<B><font color = 'blue'> .</font></B>  -00:00:00
<B><font color = 'blue'> .</font></B>  -00:27:00
<B><font color = 'blue'> .</font></B>  -0.00%
<B><font color = 'blue'> .</font></B>  --480:00
<B><font color = 'blue'> .</font></B>  -0.00
<B><font color = 'blue'> .</font></B>  -test user two 
<B><font color = 'blue'> .</font></B>  -testuser@two.io
<B><font color = 'blue'> .</font></B>  -GSLL-327
<B><font color = 'blue'> .</font></B>  -2022-11-04
<B><font color = 'blue'> .</font></B>  -04-11-2022 17:28:59
<B><font color = 'blue'> .</font></B>  -04-11-2022 18:07:59
<B><font color = 'blue'> .</font></B>  -GLB-124-PC
<B><font color = 'blue'> .</font></B>  -Tamilnadu
<B><font color = 'blue'> .</font></B>  -Test and Dev
<B><font color = 'blue'> .</font></B>  -00:39:00
<B><font color = 'blue'> .</font></B>  -00:00:00
<B><font color = 'blue'> .</font></B>  -00:00:00
<B><font color = 'blue'> .</font></B>  -00:00:00
<B><font color = 'blue'> .</font></B>  -00:00:00
<B><font color = 'blue'> .</font></B>  -00:00:00
<B><font color = 'blue'> .</font></B>  -00:00:00
<B><font color = 'blue'> .</font></B>  -00:39:00
<B><font color = 'blue'> .</font></B>  -0.00%
<B><font color = 'blue'> .</font></B>  --480:00
<B><font color = 'blue'> .</font></B>  -0.00
<B><font color = 'blue'> .</font></B>  -Update Check 
<B><font color = 'blue'> .</font></B>  -updates@gmail.com
<B><font color = 'blue'> .</font></B>  -emp543
<B><font color = 'blue'> .</font></B>  -2022-11-04
<B><font color = 'blue'> .</font></B>  -04-11-2022 11:05:47
<B><font color = 'blue'> .</font></B>  -04-11-2022 13:26:47
<B><font color = 'blue'> .</font></B>  -GLB-124-PC
<B><font color = 'blue'> .</font></B>  -Default
<B><font color = 'blue'> .</font></B>  -Default
<B><font color = 'blue'> .</font></B>  -02:21:00
<B><font color = 'blue'> .</font></B>  -00:00:00
<B><font color = 'blue'> .</font></B>  -00:00:00
<B><font color = 'blue'> .</font></B>  -00:00:00
<B><font color = 'blue'> .</font></B>  -00:00:00
<B><font color = 'blue'> .</font></B>  -00:00:00
<B><font color = 'blue'> .</font></B>  -00:00:00
<B><font color = 'blue'> .</font></B>  -02:21:00
<B><font color = 'blue'> .</font></B>  -0.00%
<B><font color = 'blue'> .</font></B>  --480:00
<B><font color = 'blue'> .</font></B>  -0.00
<B><font color = 'blue'> .</font></B>  -sadas kadkasdj 
<B><font color = 'blue'> .</font></B>  -dsa@eqe
<B><font color = 'blue'> .</font></B>  -emp129666
<B><font color = 'blue'> .</font></B>  -2022-11-04
<B><font color = 'blue'> .</font></B>  -Absent
<B><font color = 'blue'> .</font></B>  -Absent
<B><font color = 'blue'> .</font></B>  -undefined
<B><font color = 'blue'> .</font></B>  -Default
<B><font color = 'blue'> .</font></B>  -Default
<B><font color = 'blue'> .</font></B>  -Absent
<B><font color = 'blue'> .</font></B>  -Absent
<B><font color = 'blue'> .</font></B>  -Absent
<B><font color = 'blue'> .</font></B>  -Absent
<B><font color = 'blue'> .</font></B>  -Absent
<B><font color = 'blue'> .</font></B>  -Absent
<B><font color = 'blue'> .</font></B>  -Absent
<B><font color = 'blue'> .</font></B>  -Absent
<B><font color = 'blue'> .</font></B>  -Absent
<B><font color = 'blue'> .</font></B>  -Absent
<B><font color = 'blue'> .</font></B>  -Absent
<B><font color = 'blue'> .</font></B>  -New Test 
<B><font color = 'blue'> .</font></B>  -newtest@gmail.com
<B><font color = 'blue'> .</font></B>  -ewer334443
<B><font color = 'blue'> .</font></B>  -2022-11-04
<B><font color = 'blue'> .</font></B>  -Absent
<B><font color = 'blue'> .</font></B>  -Absent
<B><font color = 'blue'> .</font></B>  -undefined
<B><font color = 'blue'> .</font></B>  -Default
<B><font color = 'blue'> .</font></B>  -Default
<B><font color = 'blue'> .</font></B>  -Absent
<B><font color = 'blue'> .</font></B>  -Absent
<B><font color = 'blue'> .</font></B>  -Absent
<B><font color = 'blue'> .</font></B>  -Absent
<B><font color = 'blue'> .</font></B>  -Absent
<B><font color = 'blue'> .</font></B>  -Absent
<B><font color = 'blue'> .</font></B>  -Absent
<B><font color = 'blue'> .</font></B>  -Absent
<B><font color = 'blue'> .</font></B>  -Absent
<B><font color = 'blue'> .</font></B>  -Absent
<B><font color = 'blue'> .</font></B>  -Absent
<B><font color = 'blue'> .</font></B>  -dshcdb uidsbf 
<B><font color = 'blue'> .</font></B>  -dvbvdb@yahoo.com
<B><font color = 'blue'> .</font></B>  -435454
<B><font color = 'blue'> .</font></B>  -2022-11-04
<B><font color = 'blue'> .</font></B>  -Absent
<B><font color = 'blue'> .</font></B>  -Absent
<B><font color = 'blue'> .</font></B>  -undefined
<B><font color = 'blue'> .</font></B>  -Default
<B><font color = 'blue'> .</font></B>  -Default
<B><font color = 'blue'> .</font></B>  -Absent
<B><font color = 'blue'> .</font></B>  -Absent
<B><font color = 'blue'> .</font></B>  -Absent
<B><font color = 'blue'> .</font></B>  -Absent
<B><font color = 'blue'> .</font></B>  -Absent
<B><font color = 'blue'> .</font></B>  -Absent
<B><font color = 'blue'> .</font></B>  -Absent
<B><font color = 'blue'> .</font></B>  -Absent
<B><font color = 'blue'> .</font></B>  -Absent
<B><font color = 'blue'> .</font></B>  -Absent
<B><font color = 'blue'> .</font></B>  -Absent
<B><font color = 'blue'> .</font></B>  -try last 
<B><font color = 'blue'> .</font></B>  -try@gmail.com
<B><font color = 'blue'> .</font></B>  -1225455
<B><font color = 'blue'> .</font></B>  -2022-11-04
<B><font color = 'blue'> .</font></B>  -Absent
<B><font color = 'blue'> .</font></B>  -Absent
<B><font color = 'blue'> .</font></B>  -undefined
<B><font color = 'blue'> .</font></B>  -Default
<B><font color = 'blue'> .</font></B>  -Default
<B><font color = 'blue'> .</font></B>  -Absent
<B><font color = 'blue'> .</font></B>  -Absent
<B><font color = 'blue'> .</font></B>  -Absent
<B><font color = 'blue'> .</font></B>  -Absent
<B><font color = 'blue'> .</font></B>  -Absent
<B><font color = 'blue'> .</font></B>  -Absent
<B><font color = 'blue'> .</font></B>  -Absent
<B><font color = 'blue'> .</font></B>  -Absent
<B><font color = 'blue'> .</font></B>  -Absent
<B><font color = 'blue'> .</font></B>  -Absent
<B><font color = 'blue'> .</font></B>  -Absent
<B><font color = 'blue'> .</font></B>  -vdjvdb yusvdvbbh 
<B><font color = 'blue'> .</font></B>  -dvhbfdh@gmail.com
<B><font color = 'blue'> .</font></B>  -wq534342
<B><font color = 'blue'> .</font></B>  -2022-11-04
<B><font color = 'blue'> .</font></B>  -Absent
<B><font color = 'blue'> .</font></B>  -Absent
<B><font color = 'blue'> .</font></B>  -undefined
<B><font color = 'blue'> .</font></B>  -Default
<B><font color = 'blue'> .</font></B>  -Default
<B><font color = 'blue'> .</font></B>  -Absent
<B><font color = 'blue'> .</font></B>  -Absent
<B><font color = 'blue'> .</font></B>  -Absent
<B><font color = 'blue'> .</font></B>  -Absent
<B><font color = 'blue'> .</font></B>  -Absent
<B><font color = 'blue'> .</font></B>  -Absent
<B><font color = 'blue'> .</font></B>  -Absent
<B><font color = 'blue'> .</font></B>  -Absent
<B><font color = 'blue'> .</font></B>  -Absent
<B><font color = 'blue'> .</font></B>  -Absent
<B><font color = 'blue'> .</font></B>  -Absent
<B><font color = 'blue'> .</font></B>  -Mail Test user 
<B><font color = 'blue'> .</font></B>  -maintest@user.io
<B><font color = 'blue'> .</font></B>  -GLB-1223888
<B><font color = 'blue'> .</font></B>  -2022-11-04
<B><font color = 'blue'> .</font></B>  -Absent
<B><font color = 'blue'> .</font></B>  -Absent
<B><font color = 'blue'> .</font></B>  -undefined
<B><font color = 'blue'> .</font></B>  -Default
<B><font color = 'blue'> .</font></B>  -Default
<B><font color = 'blue'> .</font></B>  -Absent
<B><font color = 'blue'> .</font></B>  -Absent
<B><font color = 'blue'> .</font></B>  -Absent
<B><font color = 'blue'> .</font></B>  -Absent
<B><font color = 'blue'> .</font></B>  -Absent
<B><font color = 'blue'> .</font></B>  -Absent
<B><font color = 'blue'> .</font></B>  -Absent
<B><font color = 'blue'> .</font></B>  -Absent
<B><font color = 'blue'> .</font></B>  -Absent
<B><font color = 'blue'> .</font></B>  -Absent
<B><font color = 'blue'> .</font></B>  -Absent
<B><font color = 'blue'> .</font></B>  -test manager 
<B><font color = 'blue'> .</font></B>  -manageremp@gmail.com
<B><font color = 'blue'> .</font></B>  -glb020
<B><font color = 'blue'> .</font></B>  -2022-11-04
<B><font color = 'blue'> .</font></B>  -Absent
<B><font color = 'blue'> .</font></B>  -Absent
<B><font color = 'blue'> .</font></B>  -undefined
<B><font color = 'blue'> .</font></B>  -Default
<B><font color = 'blue'> .</font></B>  -Default
<B><font color = 'blue'> .</font></B>  -Absent
<B><font color = 'blue'> .</font></B>  -Absent
<B><font color = 'blue'> .</font></B>  -Absent
<B><font color = 'blue'> .</font></B>  -Absent
<B><font color = 'blue'> .</font></B>  -Absent
<B><font color = 'blue'> .</font></B>  -Absent
<B><font color = 'blue'> .</font></B>  -Absent
<B><font color = 'blue'> .</font></B>  -Absent
<B><font color = 'blue'> .</font></B>  -Absent
<B><font color = 'blue'> .</font></B>  -Absent
<B><font color = 'blue'> .</font></B>  -Absent
<B><font color = 'blue'> .</font></B>  -DESKTOP-PJJHB19 - GLB-BLR-002OjUpRD2 
<B><font color = 'blue'> .</font></B>  --
<B><font color = 'blue'> .</font></B>  -GLB-BLR-002OjUpRD2
<B><font color = 'blue'> .</font></B>  -2022-11-04
<B><font color = 'blue'> .</font></B>  -Absent
<B><font color = 'blue'> .</font></B>  -Absent
<B><font color = 'blue'> .</font></B>  -undefined
<B><font color = 'blue'> .</font></B>  -Default
<B><font color = 'blue'> .</font></B>  -Default
<B><font color = 'blue'> .</font></B>  -Absent
<B><font color = 'blue'> .</font></B>  -Absent
<B><font color = 'blue'> .</font></B>  -Absent
<B><font color = 'blue'> .</font></B>  -Absent
<B><font color = 'blue'> .</font></B>  -Absent
<B><font color = 'blue'> .</font></B>  -Absent
<B><font color = 'blue'> .</font></B>  -Absent
<B><font color = 'blue'> .</font></B>  -Absent
<B><font color = 'blue'> .</font></B>  -Absent
<B><font color = 'blue'> .</font></B>  -Absent
<B><font color = 'blue'> .</font></B>  -Absent
<B><font color = 'blue'> .</font></B>  -Usb Test 
<B><font color = 'blue'> .</font></B>  -usbtest123@gmail.com
<B><font color = 'blue'> .</font></B>  -emp0097
<B><font color = 'blue'> .</font></B>  -2022-11-04
<B><font color = 'blue'> .</font></B>  -Absent
<B><font color = 'blue'> .</font></B>  -Absent
<B><font color = 'blue'> .</font></B>  -undefined
<B><font color = 'blue'> .</font></B>  -Default
<B><font color = 'blue'> .</font></B>  -Default
<B><font color = 'blue'> .</font></B>  -Absent
<B><font color = 'blue'> .</font></B>  -Absent
<B><font color = 'blue'> .</font></B>  -Absent
<B><font color = 'blue'> .</font></B>  -Absent
<B><font color = 'blue'> .</font></B>  -Absent
<B><font color = 'blue'> .</font></B>  -Absent
<B><font color = 'blue'> .</font></B>  -Absent
<B><font color = 'blue'> .</font></B>  -Absent
<B><font color = 'blue'> .</font></B>  -Absent
<B><font color = 'blue'> .</font></B>  -Absent
<B><font color = 'blue'> .</font></B>  -Absent
<B><font color = 'blue'> .</font></B>  -SS Keystrokes 
<B><font color = 'blue'> .</font></B>  -sskey@gmail.com
<B><font color = 'blue'> .</font></B>  -emp98y
<B><font color = 'blue'> .</font></B>  -2022-11-04
<B><font color = 'blue'> .</font></B>  -Absent
<B><font color = 'blue'> .</font></B>  -Absent
<B><font color = 'blue'> .</font></B>  -undefined
<B><font color = 'blue'> .</font></B>  -Default
<B><font color = 'blue'> .</font></B>  -Default
<B><font color = 'blue'> .</font></B>  -Absent
<B><font color = 'blue'> .</font></B>  -Absent
<B><font color = 'blue'> .</font></B>  -Absent
<B><font color = 'blue'> .</font></B>  -Absent
<B><font color = 'blue'> .</font></B>  -Absent
<B><font color = 'blue'> .</font></B>  -Absent
<B><font color = 'blue'> .</font></B>  -Absent
<B><font color = 'blue'> .</font></B>  -Absent
<B><font color = 'blue'> .</font></B>  -Absent
<B><font color = 'blue'> .</font></B>  -Absent
<B><font color = 'blue'> .</font></B>  -Absent
<B><font color = 'blue'> .</font></B>  -shivammmmmmmmmmmmmmmmmmmm Kumar 
<B><font color = 'blue'> .</font></B>  -kgfyash545@gmail.com
<B><font color = 'blue'> .</font></B>  -hsakhdjk414
<B><font color = 'blue'> .</font></B>  -2022-11-04
<B><font color = 'blue'> .</font></B>  -Absent
<B><font color = 'blue'> .</font></B>  -Absent
<B><font color = 'blue'> .</font></B>  -undefined
<B><font color = 'blue'> .</font></B>  -Default
<B><font color = 'blue'> .</font></B>  -Default
<B><font color = 'blue'> .</font></B>  -Absent
<B><font color = 'blue'> .</font></B>  -Absent
<B><font color = 'blue'> .</font></B>  -Absent
<B><font color = 'blue'> .</font></B>  -Absent
<B><font color = 'blue'> .</font></B>  -Absent
<B><font color = 'blue'> .</font></B>  -Absent
<B><font color = 'blue'> .</font></B>  -Absent
<B><font color = 'blue'> .</font></B>  -Absent
<B><font color = 'blue'> .</font></B>  -Absent
<B><font color = 'blue'> .</font></B>  -Absent
<B><font color = 'blue'> .</font></B>  -Absent
<B><font color = 'blue'> .</font></B>  -Abhishek Four tf test 
<B><font color = 'blue'> .</font></B>  -abhishekfourtf@mail.com
<B><font color = 'blue'> .</font></B>  -HLIKSJ98
<B><font color = 'blue'> .</font></B>  -2022-11-04
<B><font color = 'blue'> .</font></B>  -Absent
<B><font color = 'blue'> .</font></B>  -Absent
<B><font color = 'blue'> .</font></B>  -undefined
<B><font color = 'blue'> .</font></B>  -Default
<B><font color = 'blue'> .</font></B>  -Default
<B><font color = 'blue'> .</font></B>  -Absent
<B><font color = 'blue'> .</font></B>  -Absent
<B><font color = 'blue'> .</font></B>  -Absent
<B><font color = 'blue'> .</font></B>  -Absent
<B><font color = 'blue'> .</font></B>  -Absent
<B><font color = 'blue'> .</font></B>  -Absent
<B><font color = 'blue'> .</font></B>  -Absent
<B><font color = 'blue'> .</font></B>  -Absent
<B><font color = 'blue'> .</font></B>  -Absent
<B><font color = 'blue'> .</font></B>  -Absent
<B><font color = 'blue'> .</font></B>  -Absent
<B><font color = 'blue'> .</font></B>  -new dev user 
<B><font color = 'blue'> .</font></B>  -new@dev.user
<B><font color = 'blue'> .</font></B>  -fdfsfsd
<B><font color = 'blue'> .</font></B>  -2022-11-04
<B><font color = 'blue'> .</font></B>  -Absent
<B><font color = 'blue'> .</font></B>  -Absent
<B><font color = 'blue'> .</font></B>  -undefined
<B><font color = 'blue'> .</font></B>  -Default
<B><font color = 'blue'> .</font></B>  -Default
<B><font color = 'blue'> .</font></B>  -Absent
<B><font color = 'blue'> .</font></B>  -Absent
<B><font color = 'blue'> .</font></B>  -Absent
<B><font color = 'blue'> .</font></B>  -Absent
<B><font color = 'blue'> .</font></B>  -Absent
<B><font color = 'blue'> .</font></B>  -Absent
<B><font color = 'blue'> .</font></B>  -Absent
<B><font color = 'blue'> .</font></B>  -Absent
<B><font color = 'blue'> .</font></B>  -Absent
<B><font color = 'blue'> .</font></B>  -Absent
<B><font color = 'blue'> .</font></B>  -Absent
<B><font color = 'blue'> .</font></B>  -aaaaaaaaaa aaaaaaaaa 
<B><font color = 'blue'> .</font></B>  -mmmm@gmail.com
<B><font color = 'blue'> .</font></B>  -80765s
<B><font color = 'blue'> .</font></B>  -2022-11-04
<B><font color = 'blue'> .</font></B>  -Absent
<B><font color = 'blue'> .</font></B>  -Absent
<B><font color = 'blue'> .</font></B>  -undefined
<B><font color = 'blue'> .</font></B>  -Bangalore
<B><font color = 'blue'> .</font></B>  -Testing
<B><font color = 'blue'> .</font></B>  -Absent
<B><font color = 'blue'> .</font></B>  -Absent
<B><font color = 'blue'> .</font></B>  -Absent
<B><font color = 'blue'> .</font></B>  -Absent
<B><font color = 'blue'> .</font></B>  -Absent
<B><font color = 'blue'> .</font></B>  -Absent
<B><font color = 'blue'> .</font></B>  -Absent
<B><font color = 'blue'> .</font></B>  -Absent
<B><font color = 'blue'> .</font></B>  -Absent
<B><font color = 'blue'> .</font></B>  -Absent
<B><font color = 'blue'> .</font></B>  -Absent
<B><font color = 'blue'> .</font></B>  -sumesh test 
<B><font color = 'blue'> .</font></B>  -sumesh@mail.com
<B><font color = 'blue'> .</font></B>  -fdgfdgf
<B><font color = 'blue'> .</font></B>  -2022-11-04
<B><font color = 'blue'> .</font></B>  -Absent
<B><font color = 'blue'> .</font></B>  -Absent
<B><font color = 'blue'> .</font></B>  -undefined
<B><font color = 'blue'> .</font></B>  -Bangalore
<B><font color = 'blue'> .</font></B>  -Testing
<B><font color = 'blue'> .</font></B>  -Absent
<B><font color = 'blue'> .</font></B>  -Absent
<B><font color = 'blue'> .</font></B>  -Absent
<B><font color = 'blue'> .</font></B>  -Absent
<B><font color = 'blue'> .</font></B>  -Absent
<B><font color = 'blue'> .</font></B>  -Absent
<B><font color = 'blue'> .</font></B>  -Absent
<B><font color = 'blue'> .</font></B>  -Absent
<B><font color = 'blue'> .</font></B>  -Absent
<B><font color = 'blue'> .</font></B>  -Absent
<B><font color = 'blue'> .</font></B>  -Absent
<B><font color = 'blue'> .</font></B>  -Test msc 
<B><font color = 'blue'> .</font></B>  -test123@gmail.com
<B><font color = 'blue'> .</font></B>  -12254
<B><font color = 'blue'> .</font></B>  -2022-11-04
<B><font color = 'blue'> .</font></B>  -Absent
<B><font color = 'blue'> .</font></B>  -Absent
<B><font color = 'blue'> .</font></B>  -undefined
<B><font color = 'blue'> .</font></B>  -Bangalore
<B><font color = 'blue'> .</font></B>  -Testing
<B><font color = 'blue'> .</font></B>  -Absent
<B><font color = 'blue'> .</font></B>  -Absent
<B><font color = 'blue'> .</font></B>  -Absent
<B><font color = 'blue'> .</font></B>  -Absent
<B><font color = 'blue'> .</font></B>  -Absent
<B><font color = 'blue'> .</font></B>  -Absent
<B><font color = 'blue'> .</font></B>  -Absent
<B><font color = 'blue'> .</font></B>  -Absent
<B><font color = 'blue'> .</font></B>  -Absent
<B><font color = 'blue'> .</font></B>  -Absent
<B><font color = 'blue'> .</font></B>  -Absent
<B><font color = 'blue'> .</font></B>  -deffdfds vscsc 
<B><font color = 'blue'> .</font></B>  -cscsdw123@gmail.com
<B><font color = 'blue'> .</font></B>  -1234512
<B><font color = 'blue'> .</font></B>  -2022-11-04
<B><font color = 'blue'> .</font></B>  -Absent
<B><font color = 'blue'> .</font></B>  -Absent
<B><font color = 'blue'> .</font></B>  -undefined
<B><font color = 'blue'> .</font></B>  -Bangalore
<B><font color = 'blue'> .</font></B>  -Testing
<B><font color = 'blue'> .</font></B>  -Absent
<B><font color = 'blue'> .</font></B>  -Absent
<B><font color = 'blue'> .</font></B>  -Absent
<B><font color = 'blue'> .</font></B>  -Absent
<B><font color = 'blue'> .</font></B>  -Absent
<B><font color = 'blue'> .</font></B>  -Absent
<B><font color = 'blue'> .</font></B>  -Absent
<B><font color = 'blue'> .</font></B>  -Absent
<B><font color = 'blue'> .</font></B>  -Absent
<B><font color = 'blue'> .</font></B>  -Absent
<B><font color = 'blue'> .</font></B>  -Absent
<B><font color = 'blue'> .</font></B>  -Abhishe tt 
<B><font color = 'blue'> .</font></B>  -ab@ab.com
<B><font color = 'blue'> .</font></B>  -GKD567
<B><font color = 'blue'> .</font></B>  -2022-11-04
<B><font color = 'blue'> .</font></B>  -Absent
<B><font color = 'blue'> .</font></B>  -Absent
<B><font color = 'blue'> .</font></B>  -undefined
<B><font color = 'blue'> .</font></B>  -Bangalore
<B><font color = 'blue'> .</font></B>  -Testing
<B><font color = 'blue'> .</font></B>  -Absent
<B><font color = 'blue'> .</font></B>  -Absent
<B><font color = 'blue'> .</font></B>  -Absent
<B><font color = 'blue'> .</font></B>  -Absent
<B><font color = 'blue'> .</font></B>  -Absent
<B><font color = 'blue'> .</font></B>  -Absent
<B><font color = 'blue'> .</font></B>  -Absent
<B><font color = 'blue'> .</font></B>  -Absent
<B><font color = 'blue'> .</font></B>  -Absent
<B><font color = 'blue'> .</font></B>  -Absent
<B><font color = 'blue'> .</font></B>  -Absent
<B><font color = 'blue'> .</font></B>  -test nonadmin 
<B><font color = 'blue'> .</font></B>  -testnonadmin@gmail.com
<B><font color = 'blue'> .</font></B>  -GLB026
<B><font color = 'blue'> .</font></B>  -2022-11-04
<B><font color = 'blue'> .</font></B>  -Absent
<B><font color = 'blue'> .</font></B>  -Absent
<B><font color = 'blue'> .</font></B>  -undefined
<B><font color = 'blue'> .</font></B>  -Bangalore
<B><font color = 'blue'> .</font></B>  -Php
<B><font color = 'blue'> .</font></B>  -Absent
<B><font color = 'blue'> .</font></B>  -Absent
<B><font color = 'blue'> .</font></B>  -Absent
<B><font color = 'blue'> .</font></B>  -Absent
<B><font color = 'blue'> .</font></B>  -Absent
<B><font color = 'blue'> .</font></B>  -Absent
<B><font color = 'blue'> .</font></B>  -Absent
<B><font color = 'blue'> .</font></B>  -Absent
<B><font color = 'blue'> .</font></B>  -Absent
<B><font color = 'blue'> .</font></B>  -Absent
<B><font color = 'blue'> .</font></B>  -Absent
<B><font color = 'blue'> .</font></B>  -adg ckj 
<B><font color = 'blue'> .</font></B>  -adcs@1234
<B><font color = 'blue'> .</font></B>  -583
<B><font color = 'blue'> .</font></B>  -2022-11-04
<B><font color = 'blue'> .</font></B>  -Absent
<B><font color = 'blue'> .</font></B>  -Absent
<B><font color = 'blue'> .</font></B>  -undefined
<B><font color = 'blue'> .</font></B>  -Bangalore
<B><font color = 'blue'> .</font></B>  -Testing
<B><font color = 'blue'> .</font></B>  -Absent
<B><font color = 'blue'> .</font></B>  -Absent
<B><font color = 'blue'> .</font></B>  -Absent
<B><font color = 'blue'> .</font></B>  -Absent
<B><font color = 'blue'> .</font></B>  -Absent
<B><font color = 'blue'> .</font></B>  -Absent
<B><font color = 'blue'> .</font></B>  -Absent
<B><font color = 'blue'> .</font></B>  -Absent
<B><font color = 'blue'> .</font></B>  -Absent
<B><font color = 'blue'> .</font></B>  -Absent
<B><font color = 'blue'> .</font></B>  -Absent
<B><font color = 'blue'> .</font></B>  -Abhishek Test 
<B><font color = 'blue'> .</font></B>  -abhishektrest@glb.in
<B><font color = 'blue'> .</font></B>  -rN7tvEiDPGNi4fD
<B><font color = 'blue'> .</font></B>  -2022-11-04
<B><font color = 'blue'> .</font></B>  -Absent
<B><font color = 'blue'> .</font></B>  -Absent
<B><font color = 'blue'> .</font></B>  -undefined
<B><font color = 'blue'> .</font></B>  -Bangalore
<B><font color = 'blue'> .</font></B>  -Php
<B><font color = 'blue'> .</font></B>  -Absent
<B><font color = 'blue'> .</font></B>  -Absent
<B><font color = 'blue'> .</font></B>  -Absent
<B><font color = 'blue'> .</font></B>  -Absent
<B><font color = 'blue'> .</font></B>  -Absent
<B><font color = 'blue'> .</font></B>  -Absent
<B><font color = 'blue'> .</font></B>  -Absent
<B><font color = 'blue'> .</font></B>  -Absent
<B><font color = 'blue'> .</font></B>  -Absent
<B><font color = 'blue'> .</font></B>  -Absent
<B><font color = 'blue'> .</font></B>  -Absent
<B><font color = 'blue'> .</font></B>  -Superior Test one 
<B><font color = 'blue'> .</font></B>  -superiorone@gmail.com
<B><font color = 'blue'> .</font></B>  -twoqw
<B><font color = 'blue'> .</font></B>  -2022-11-04
<B><font color = 'blue'> .</font></B>  -Absent
<B><font color = 'blue'> .</font></B>  -Absent
<B><font color = 'blue'> .</font></B>  -undefined
<B><font color = 'blue'> .</font></B>  -Bangalore
<B><font color = 'blue'> .</font></B>  -Testing
<B><font color = 'blue'> .</font></B>  -Absent
<B><font color = 'blue'> .</font></B>  -Absent
<B><font color = 'blue'> .</font></B>  -Absent
<B><font color = 'blue'> .</font></B>  -Absent
<B><font color = 'blue'> .</font></B>  -Absent
<B><font color = 'blue'> .</font></B>  -Absent
<B><font color = 'blue'> .</font></B>  -Absent
<B><font color = 'blue'> .</font></B>  -Absent
<B><font color = 'blue'> .</font></B>  -Absent
<B><font color = 'blue'> .</font></B>  -Absent
<B><font color = 'blue'> .</font></B>  -Absent
<B><font color = 'blue'> .</font></B>  -test testw 
<B><font color = 'blue'> .</font></B>  -test@mac.in
<B><font color = 'blue'> .</font></B>  -aaf123
<B><font color = 'blue'> .</font></B>  -2022-11-04
<B><font color = 'blue'> .</font></B>  -Absent
<B><font color = 'blue'> .</font></B>  -Absent
<B><font color = 'blue'> .</font></B>  -undefined
<B><font color = 'blue'> .</font></B>  -Bangalore
<B><font color = 'blue'> .</font></B>  -Php
<B><font color = 'blue'> .</font></B>  -Absent
<B><font color = 'blue'> .</font></B>  -Absent
<B><font color = 'blue'> .</font></B>  -Absent
<B><font color = 'blue'> .</font></B>  -Absent
<B><font color = 'blue'> .</font></B>  -Absent
<B><font color = 'blue'> .</font></B>  -Absent
<B><font color = 'blue'> .</font></B>  -Absent
<B><font color = 'blue'> .</font></B>  -Absent
<B><font color = 'blue'> .</font></B>  -Absent
<B><font color = 'blue'> .</font></B>  -Absent
<B><font color = 'blue'> .</font></B>  -Absent
<B><font color = 'blue'> .</font></B>  -sam eer 
<B><font color = 'blue'> .</font></B>  -sam@rf.in
<B><font color = 'blue'> .</font></B>  -WSAERT2Q34E
<B><font color = 'blue'> .</font></B>  -2022-11-04
<B><font color = 'blue'> .</font></B>  -Absent
<B><font color = 'blue'> .</font></B>  -Absent
<B><font color = 'blue'> .</font></B>  -undefined
<B><font color = 'blue'> .</font></B>  -Bangalore
<B><font color = 'blue'> .</font></B>  -Testing
<B><font color = 'blue'> .</font></B>  -Absent
<B><font color = 'blue'> .</font></B>  -Absent
<B><font color = 'blue'> .</font></B>  -Absent
<B><font color = 'blue'> .</font></B>  -Absent
<B><font color = 'blue'> .</font></B>  -Absent
<B><font color = 'blue'> .</font></B>  -Absent
<B><font color = 'blue'> .</font></B>  -Absent
<B><font color = 'blue'> .</font></B>  -Absent
<B><font color = 'blue'> .</font></B>  -Absent
<B><font color = 'blue'> .</font></B>  -Absent
<B><font color = 'blue'> .</font></B>  -Absent
<B><font color = 'blue'> .</font></B>  -Test test 
<B><font color = 'blue'> .</font></B>  -sarikajain@gmail.com
<B><font color = 'blue'> .</font></B>  -E-101
<B><font color = 'blue'> .</font></B>  -2022-11-04
<B><font color = 'blue'> .</font></B>  -Absent
<B><font color = 'blue'> .</font></B>  -Absent
<B><font color = 'blue'> .</font></B>  -undefined
<B><font color = 'blue'> .</font></B>  -Bangalore
<B><font color = 'blue'> .</font></B>  -Testing
<B><font color = 'blue'> .</font></B>  -Absent
<B><font color = 'blue'> .</font></B>  -Absent
<B><font color = 'blue'> .</font></B>  -Absent
<B><font color = 'blue'> .</font></B>  -Absent
<B><font color = 'blue'> .</font></B>  -Absent
<B><font color = 'blue'> .</font></B>  -Absent
<B><font color = 'blue'> .</font></B>  -Absent
<B><font color = 'blue'> .</font></B>  -Absent
<B><font color = 'blue'> .</font></B>  -Absent
<B><font color = 'blue'> .</font></B>  -Absent
<B><font color = 'blue'> .</font></B>  -Absent
<B><font color = 'blue'> .</font></B>  -sithu kalluru 
<B><font color = 'blue'> .</font></B>  -sitaramireddy@globussoft.in
<B><font color = 'blue'> .</font></B>  -code12
<B><font color = 'blue'> .</font></B>  -2022-11-04
<B><font color = 'blue'> .</font></B>  -Absent
<B><font color = 'blue'> .</font></B>  -Absent
<B><font color = 'blue'> .</font></B>  -undefined
<B><font color = 'blue'> .</font></B>  -Bangalore
<B><font color = 'blue'> .</font></B>  -Testing
<B><font color = 'blue'> .</font></B>  -Absent
<B><font color = 'blue'> .</font></B>  -Absent
<B><font color = 'blue'> .</font></B>  -Absent
<B><font color = 'blue'> .</font></B>  -Absent
<B><font color = 'blue'> .</font></B>  -Absent
<B><font color = 'blue'> .</font></B>  -Absent
<B><font color = 'blue'> .</font></B>  -Absent
<B><font color = 'blue'> .</font></B>  -Absent
<B><font color = 'blue'> .</font></B>  -Absent
<B><font color = 'blue'> .</font></B>  -Absent
<B><font color = 'blue'> .</font></B>  -Absent
<B><font color = 'blue'> .</font></B>  -test123 abcd 
<B><font color = 'blue'> .</font></B>  -s@gmail.com
<B><font color = 'blue'> .</font></B>  -code123z
<B><font color = 'blue'> .</font></B>  -2022-11-04
<B><font color = 'blue'> .</font></B>  -Absent
<B><font color = 'blue'> .</font></B>  -Absent
<B><font color = 'blue'> .</font></B>  -undefined
<B><font color = 'blue'> .</font></B>  -Bangalore
<B><font color = 'blue'> .</font></B>  -Testing
<B><font color = 'blue'> .</font></B>  -Absent
<B><font color = 'blue'> .</font></B>  -Absent
<B><font color = 'blue'> .</font></B>  -Absent
<B><font color = 'blue'> .</font></B>  -Absent
<B><font color = 'blue'> .</font></B>  -Absent
<B><font color = 'blue'> .</font></B>  -Absent
<B><font color = 'blue'> .</font></B>  -Absent
<B><font color = 'blue'> .</font></B>  -Absent
<B><font color = 'blue'> .</font></B>  -Absent
<B><font color = 'blue'> .</font></B>  -Absent
<B><font color = 'blue'> .</font></B>  -Absent
<B><font color = 'blue'> .</font></B>  -testing test 
<B><font color = 'blue'> .</font></B>  -aarshajoyson1601@gmail.com
<B><font color = 'blue'> .</font></B>  -glb0008
<B><font color = 'blue'> .</font></B>  -2022-11-04
<B><font color = 'blue'> .</font></B>  -Absent
<B><font color = 'blue'> .</font></B>  -Absent
<B><font color = 'blue'> .</font></B>  -undefined
<B><font color = 'blue'> .</font></B>  -Bangalore
<B><font color = 'blue'> .</font></B>  -Php
<B><font color = 'blue'> .</font></B>  -Absent
<B><font color = 'blue'> .</font></B>  -Absent
<B><font color = 'blue'> .</font></B>  -Absent
<B><font color = 'blue'> .</font></B>  -Absent
<B><font color = 'blue'> .</font></B>  -Absent
<B><font color = 'blue'> .</font></B>  -Absent
<B><font color = 'blue'> .</font></B>  -Absent
<B><font color = 'blue'> .</font></B>  -Absent
<B><font color = 'blue'> .</font></B>  -Absent
<B><font color = 'blue'> .</font></B>  -Absent
<B><font color = 'blue'> .</font></B>  -Absent
<B><font color = 'blue'> .</font></B>  -Automation CodeeeAuto 
<B><font color = 'blue'> .</font></B>  -skabcdef7@gmail.com
<B><font color = 'blue'> .</font></B>  -Emp-Abzcde-1234522
<B><font color = 'blue'> .</font></B>  -2022-11-04
<B><font color = 'blue'> .</font></B>  -Absent
<B><font color = 'blue'> .</font></B>  -Absent
<B><font color = 'blue'> .</font></B>  -undefined
<B><font color = 'blue'> .</font></B>  -Bangalore
<B><font color = 'blue'> .</font></B>  -Testing
<B><font color = 'blue'> .</font></B>  -Absent
<B><font color = 'blue'> .</font></B>  -Absent
<B><font color = 'blue'> .</font></B>  -Absent
<B><font color = 'blue'> .</font></B>  -Absent
<B><font color = 'blue'> .</font></B>  -Absent
<B><font color = 'blue'> .</font></B>  -Absent
<B><font color = 'blue'> .</font></B>  -Absent
<B><font color = 'blue'> .</font></B>  -Absent
<B><font color = 'blue'> .</font></B>  -Absent
<B><font color = 'blue'> .</font></B>  -Absent
<B><font color = 'blue'> .</font></B>  -Absent
<B><font color = 'blue'> .</font></B>  -piyush dfgsfg 
<B><font color = 'blue'> .</font></B>  -jos@gmail.com
<B><font color = 'blue'> .</font></B>  -sdgff
<B><font color = 'blue'> .</font></B>  -2022-11-04
<B><font color = 'blue'> .</font></B>  -Absent
<B><font color = 'blue'> .</font></B>  -Absent
<B><font color = 'blue'> .</font></B>  -undefined
<B><font color = 'blue'> .</font></B>  -Bangalore
<B><font color = 'blue'> .</font></B>  -Testing
<B><font color = 'blue'> .</font></B>  -Absent
<B><font color = 'blue'> .</font></B>  -Absent
<B><font color = 'blue'> .</font></B>  -Absent
<B><font color = 'blue'> .</font></B>  -Absent
<B><font color = 'blue'> .</font></B>  -Absent
<B><font color = 'blue'> .</font></B>  -Absent
<B><font color = 'blue'> .</font></B>  -Absent
<B><font color = 'blue'> .</font></B>  -Absent
<B><font color = 'blue'> .</font></B>  -Absent
<B><font color = 'blue'> .</font></B>  -Absent
<B><font color = 'blue'> .</font></B>  -Absent
<B><font color = 'blue'> .</font></B>  -Aryan raj 
<B><font color = 'blue'> .</font></B>  -alex@gmail.com
<B><font color = 'blue'> .</font></B>  -126
<B><font color = 'blue'> .</font></B>  -2022-11-04
<B><font color = 'blue'> .</font></B>  -Absent
<B><font color = 'blue'> .</font></B>  -Absent
<B><font color = 'blue'> .</font></B>  -undefined
<B><font color = 'blue'> .</font></B>  -Bangalore
<B><font color = 'blue'> .</font></B>  -Testing
<B><font color = 'blue'> .</font></B>  -Absent
<B><font color = 'blue'> .</font></B>  -Absent
<B><font color = 'blue'> .</font></B>  -Absent
<B><font color = 'blue'> .</font></B>  -Absent
<B><font color = 'blue'> .</font></B>  -Absent
<B><font color = 'blue'> .</font></B>  -Absent
<B><font color = 'blue'> .</font></B>  -Absent
<B><font color = 'blue'> .</font></B>  -Absent
<B><font color = 'blue'> .</font></B>  -Absent
<B><font color = 'blue'> .</font></B>  -Absent
<B><font color = 'blue'> .</font></B>  -Absent
<B><font color = 'blue'> .</font></B>  -Automation CodeeeAuto 
<B><font color = 'blue'> .</font></B>  -skabcdef38@gmail.com
<B><font color = 'blue'> .</font></B>  -Emp-Abzcde-123457
<B><font color = 'blue'> .</font></B>  -2022-11-04
<B><font color = 'blue'> .</font></B>  -Absent
<B><font color = 'blue'> .</font></B>  -Absent
<B><font color = 'blue'> .</font></B>  -undefined
<B><font color = 'blue'> .</font></B>  -Bangalore
<B><font color = 'blue'> .</font></B>  -Testing
<B><font color = 'blue'> .</font></B>  -Absent
<B><font color = 'blue'> .</font></B>  -Absent
<B><font color = 'blue'> .</font></B>  -Absent
<B><font color = 'blue'> .</font></B>  -Absent
<B><font color = 'blue'> .</font></B>  -Absent
<B><font color = 'blue'> .</font></B>  -Absent
<B><font color = 'blue'> .</font></B>  -Absent
<B><font color = 'blue'> .</font></B>  -Absent
<B><font color = 'blue'> .</font></B>  -Absent
<B><font color = 'blue'> .</font></B>  -Absent
<B><font color = 'blue'> .</font></B>  -Absent
<B><font color = 'blue'> .</font></B>  -Automation CodeeeAuto 
<B><font color = 'blue'> .</font></B>  -skabcdef33@gmail.com
<B><font color = 'blue'> .</font></B>  -Emp-Abzcde-1234557
<B><font color = 'blue'> .</font></B>  -2022-11-04
<B><font color = 'blue'> .</font></B>  -Absent
<B><font color = 'blue'> .</font></B>  -Absent
<B><font color = 'blue'> .</font></B>  -undefined
<B><font color = 'blue'> .</font></B>  -Bangalore
<B><font color = 'blue'> .</font></B>  -Testing
<B><font color = 'blue'> .</font></B>  -Absent
<B><font color = 'blue'> .</font></B>  -Absent
<B><font color = 'blue'> .</font></B>  -Absent
<B><font color = 'blue'> .</font></B>  -Absent
<B><font color = 'blue'> .</font></B>  -Absent
<B><font color = 'blue'> .</font></B>  -Absent
<B><font color = 'blue'> .</font></B>  -Absent
<B><font color = 'blue'> .</font></B>  -Absent
<B><font color = 'blue'> .</font></B>  -Absent
<B><font color = 'blue'> .</font></B>  -Absent
<B><font color = 'blue'> .</font></B>  -Absent
<B><font color = 'blue'> .</font></B>  -D Surya Prabhakar 
<B><font color = 'blue'> .</font></B>  -surya1@gmail.com
<B><font color = 'blue'> .</font></B>  -EM010
<B><font color = 'blue'> .</font></B>  -2022-11-04
<B><font color = 'blue'> .</font></B>  -Absent
<B><font color = 'blue'> .</font></B>  -Absent
<B><font color = 'blue'> .</font></B>  -undefined
<B><font color = 'blue'> .</font></B>  -bengaluru
<B><font color = 'blue'> .</font></B>  -Testing
<B><font color = 'blue'> .</font></B>  -Absent
<B><font color = 'blue'> .</font></B>  -Absent
<B><font color = 'blue'> .</font></B>  -Absent
<B><font color = 'blue'> .</font></B>  -Absent
<B><font color = 'blue'> .</font></B>  -Absent
<B><font color = 'blue'> .</font></B>  -Absent
<B><font color = 'blue'> .</font></B>  -Absent
<B><font color = 'blue'> .</font></B>  -Absent
<B><font color = 'blue'> .</font></B>  -Absent
<B><font color = 'blue'> .</font></B>  -Absent
<B><font color = 'blue'> .</font></B>  -Absent
<B><font color = 'blue'> .</font></B>  -R o       hit Sharma 
<B><font color = 'blue'> .</font></B>  -rahulrajt5613928@gmail.com
<B><font color = 'blue'> .</font></B>  -67645
<B><font color = 'blue'> .</font></B>  -2022-11-04
<B><font color = 'blue'> .</font></B>  -Absent
<B><font color = 'blue'> .</font></B>  -Absent
<B><font color = 'blue'> .</font></B>  -undefined
<B><font color = 'blue'> .</font></B>  -bengaluru
<B><font color = 'blue'> .</font></B>  -Testing
<B><font color = 'blue'> .</font></B>  -Absent
<B><font color = 'blue'> .</font></B>  -Absent
<B><font color = 'blue'> .</font></B>  -Absent
<B><font color = 'blue'> .</font></B>  -Absent
<B><font color = 'blue'> .</font></B>  -Absent
<B><font color = 'blue'> .</font></B>  -Absent
<B><font color = 'blue'> .</font></B>  -Absent
<B><font color = 'blue'> .</font></B>  -Absent
<B><font color = 'blue'> .</font></B>  -Absent
<B><font color = 'blue'> .</font></B>  -Absent
<B><font color = 'blue'> .</font></B>  -Absent
<B><font color = 'blue'> .</font></B>  -ni test 
<B><font color = 'blue'> .</font></B>  -nitest12@gmail.com
<B><font color = 'blue'> .</font></B>  -GLB678
<B><font color = 'blue'> .</font></B>  -2022-11-04
<B><font color = 'blue'> .</font></B>  -Absent
<B><font color = 'blue'> .</font></B>  -Absent
<B><font color = 'blue'> .</font></B>  -undefined
<B><font color = 'blue'> .</font></B>  -bengaluru
<B><font color = 'blue'> .</font></B>  -Testing
<B><font color = 'blue'> .</font></B>  -Absent
<B><font color = 'blue'> .</font></B>  -Absent
<B><font color = 'blue'> .</font></B>  -Absent
<B><font color = 'blue'> .</font></B>  -Absent
<B><font color = 'blue'> .</font></B>  -Absent
<B><font color = 'blue'> .</font></B>  -Absent
<B><font color = 'blue'> .</font></B>  -Absent
<B><font color = 'blue'> .</font></B>  -Absent
<B><font color = 'blue'> .</font></B>  -Absent
<B><font color = 'blue'> .</font></B>  -Absent
<B><font color = 'blue'> .</font></B>  -Absent
<B><font color = 'blue'> .</font></B>  -one test 
<B><font color = 'blue'> .</font></B>  -testone1234@gmail.com
<B><font color = 'blue'> .</font></B>  -0110
<B><font color = 'blue'> .</font></B>  -2022-11-04
<B><font color = 'blue'> .</font></B>  -Absent
<B><font color = 'blue'> .</font></B>  -Absent
<B><font color = 'blue'> .</font></B>  -undefined
<B><font color = 'blue'> .</font></B>  -bengaluru
<B><font color = 'blue'> .</font></B>  -Testing
<B><font color = 'blue'> .</font></B>  -Absent
<B><font color = 'blue'> .</font></B>  -Absent
<B><font color = 'blue'> .</font></B>  -Absent
<B><font color = 'blue'> .</font></B>  -Absent
<B><font color = 'blue'> .</font></B>  -Absent
<B><font color = 'blue'> .</font></B>  -Absent
<B><font color = 'blue'> .</font></B>  -Absent
<B><font color = 'blue'> .</font></B>  -Absent
<B><font color = 'blue'> .</font></B>  -Absent
<B><font color = 'blue'> .</font></B>  -Absent
<B><font color = 'blue'> .</font></B>  -Absent
<B><font color = 'blue'> .</font></B>  -GLB-BLR-010-PC - GLB-BLR-010 
<B><font color = 'blue'> .</font></B>  -abcd@yuksdgus
<B><font color = 'blue'> .</font></B>  -GLB-BLR-010
<B><font color = 'blue'> .</font></B>  -2022-11-04
<B><font color = 'blue'> .</font></B>  -Absent
<B><font color = 'blue'> .</font></B>  -Absent
<B><font color = 'blue'> .</font></B>  -undefined
<B><font color = 'blue'> .</font></B>  -bengaluru
<B><font color = 'blue'> .</font></B>  -Testing
<B><font color = 'blue'> .</font></B>  -Absent
<B><font color = 'blue'> .</font></B>  -Absent
<B><font color = 'blue'> .</font></B>  -Absent
<B><font color = 'blue'> .</font></B>  -Absent
<B><font color = 'blue'> .</font></B>  -Absent
<B><font color = 'blue'> .</font></B>  -Absent
<B><font color = 'blue'> .</font></B>  -Absent
<B><font color = 'blue'> .</font></B>  -Absent
<B><font color = 'blue'> .</font></B>  -Absent
<B><font color = 'blue'> .</font></B>  -Absent
<B><font color = 'blue'> .</font></B>  -Absent
<B><font color = 'blue'> .</font></B>  -surya kk 
<B><font color = 'blue'> .</font></B>  -123@gmail.com
<B><font color = 'blue'> .</font></B>  -mmmmm
<B><font color = 'blue'> .</font></B>  -2022-11-04
<B><font color = 'blue'> .</font></B>  -Absent
<B><font color = 'blue'> .</font></B>  -Absent
<B><font color = 'blue'> .</font></B>  -undefined
<B><font color = 'blue'> .</font></B>  -Tamilnadu
<B><font color = 'blue'> .</font></B>  -Test and Dev
<B><font color = 'blue'> .</font></B>  -Absent
<B><font color = 'blue'> .</font></B>  -Absent
<B><font color = 'blue'> .</font></B>  -Absent
<B><font color = 'blue'> .</font></B>  -Absent
<B><font color = 'blue'> .</font></B>  -Absent
<B><font color = 'blue'> .</font></B>  -Absent
<B><font color = 'blue'> .</font></B>  -Absent
<B><font color = 'blue'> .</font></B>  -Absent
<B><font color = 'blue'> .</font></B>  -Absent
<B><font color = 'blue'> .</font></B>  -Absent
<B><font color = 'blue'> .</font></B>  -Absent
<B><font color = 'blue'> .</font></B>  -sai kk 
<B><font color = 'blue'> .</font></B>  -saikk19876@gmail.com
<B><font color = 'blue'> .</font></B>  -20221019
<B><font color = 'blue'> .</font></B>  -2022-11-04
<B><font color = 'blue'> .</font></B>  -Absent
<B><font color = 'blue'> .</font></B>  -Absent
<B><font color = 'blue'> .</font></B>  -undefined
<B><font color = 'blue'> .</font></B>  -Tamilnadu
<B><font color = 'blue'> .</font></B>  -Test and Dev
<B><font color = 'blue'> .</font></B>  -Absent
<B><font color = 'blue'> .</font></B>  -Absent
<B><font color = 'blue'> .</font></B>  -Absent
<B><font color = 'blue'> .</font></B>  -Absent
<B><font color = 'blue'> .</font></B>  -Absent
<B><font color = 'blue'> .</font></B>  -Absent
<B><font color = 'blue'> .</font></B>  -Absent
<B><font color = 'blue'> .</font></B>  -Absent
<B><font color = 'blue'> .</font></B>  -Absent
<B><font color = 'blue'> .</font></B>  -Absent
<B><font color = 'blue'> .</font></B>  -Absent
<B><font color = 'blue'> .</font></B>  -ajeethemp test 
<B><font color = 'blue'> .</font></B>  -ajeethemp@gmail.com
<B><font color = 'blue'> .</font></B>  -A01
<B><font color = 'blue'> .</font></B>  -2022-11-04
<B><font color = 'blue'> .</font></B>  -Absent
<B><font color = 'blue'> .</font></B>  -Absent
<B><font color = 'blue'> .</font></B>  -undefined
<B><font color = 'blue'> .</font></B>  -Tamilnadu
<B><font color = 'blue'> .</font></B>  -Test and Dev
<B><font color = 'blue'> .</font></B>  -Absent
<B><font color = 'blue'> .</font></B>  -Absent
<B><font color = 'blue'> .</font></B>  -Absent
<B><font color = 'blue'> .</font></B>  -Absent
<B><font color = 'blue'> .</font></B>  -Absent
<B><font color = 'blue'> .</font></B>  -Absent
<B><font color = 'blue'> .</font></B>  -Absent
<B><font color = 'blue'> .</font></B>  -Absent
<B><font color = 'blue'> .</font></B>  -Absent
<B><font color = 'blue'> .</font></B>  -Absent
<B><font color = 'blue'> .</font></B>  -Absent
<B><font color = 'blue'> .</font></B>  -dxgfdxg gssdg 
<B><font color = 'blue'> .</font></B>  -sdgsg@dgksodkg.in
<B><font color = 'blue'> .</font></B>  -asfda343443
<B><font color = 'blue'> .</font></B>  -2022-11-04
<B><font color = 'blue'> .</font></B>  -Absent
<B><font color = 'blue'> .</font></B>  -Absent
<B><font color = 'blue'> .</font></B>  -undefined
<B><font color = 'blue'> .</font></B>  -Bhilai
<B><font color = 'blue'> .</font></B>  -Php
<B><font color = 'blue'> .</font></B>  -Absent
<B><font color = 'blue'> .</font></B>  -Absent
<B><font color = 'blue'> .</font></B>  -Absent
<B><font color = 'blue'> .</font></B>  -Absent
<B><font color = 'blue'> .</font></B>  -Absent
<B><font color = 'blue'> .</font></B>  -Absent
<B><font color = 'blue'> .</font></B>  -Absent
<B><font color = 'blue'> .</font></B>  -Absent
<B><font color = 'blue'> .</font></B>  -Absent
<B><font color = 'blue'> .</font></B>  -Absent
<B><font color = 'blue'> .</font></B>  -Absent
<B><font color = 'blue'> .</font></B>  -Guest User 
<B><font color = 'blue'> .</font></B>  -guestuser@gmail.com
<B><font color = 'blue'> .</font></B>  -GLB-777
<B><font color = 'blue'> .</font></B>  -2022-11-04
<B><font color = 'blue'> .</font></B>  -Absent
<B><font color = 'blue'> .</font></B>  -Absent
<B><font color = 'blue'> .</font></B>  -undefined
<B><font color = 'blue'> .</font></B>  -Bhilai
<B><font color = 'blue'> .</font></B>  -Php
<B><font color = 'blue'> .</font></B>  -Absent
<B><font color = 'blue'> .</font></B>  -Absent
<B><font color = 'blue'> .</font></B>  -Absent
<B><font color = 'blue'> .</font></B>  -Absent
<B><font color = 'blue'> .</font></B>  -Absent
<B><font color = 'blue'> .</font></B>  -Absent
<B><font color = 'blue'> .</font></B>  -Absent
<B><font color = 'blue'> .</font></B>  -Absent
<B><font color = 'blue'> .</font></B>  -Absent
<B><font color = 'blue'> .</font></B>  -Absent
<B><font color = 'blue'> .</font></B>  -Absent
<B><font color = 'blue'> .</font></B>  -Update Check 
<B><font color = 'blue'> .</font></B>  -updates@gmail.com
<B><font color = 'blue'> .</font></B>  -emp543
<B><font color = 'blue'> .</font></B>  -2022-11-03
<B><font color = 'blue'> .</font></B>  -03-11-2022 10:25:23
<B><font color = 'blue'> .</font></B>  -03-11-2022 16:20:45
<B><font color = 'blue'> .</font></B>  -GLB-124-PC
<B><font color = 'blue'> .</font></B>  -Default
<B><font color = 'blue'> .</font></B>  -Default
<B><font color = 'blue'> .</font></B>  -05:55:22
<B><font color = 'blue'> .</font></B>  -00:00:00
<B><font color = 'blue'> .</font></B>  -00:00:00
<B><font color = 'blue'> .</font></B>  -00:00:00
<B><font color = 'blue'> .</font></B>  -00:00:00
<B><font color = 'blue'> .</font></B>  -00:00:00
<B><font color = 'blue'> .</font></B>  -00:00:00
<B><font color = 'blue'> .</font></B>  -05:55:22
<B><font color = 'blue'> .</font></B>  -0.00%
<B><font color = 'blue'> .</font></B>  --480:00
<B><font color = 'blue'> .</font></B>  -0.00
<B><font color = 'blue'> .</font></B>  -sam eer 
<B><font color = 'blue'> .</font></B>  -sam@rf.in
<B><font color = 'blue'> .</font></B>  -WSAERT2Q34E
<B><font color = 'blue'> .</font></B>  -2022-11-03
<B><font color = 'blue'> .</font></B>  -03-11-2022 00:00:00
<B><font color = 'blue'> .</font></B>  -03-11-2022 00:01:34
<B><font color = 'blue'> .</font></B>  -GLB-181
<B><font color = 'blue'> .</font></B>  -Bangalore
<B><font color = 'blue'> .</font></B>  -Testing
<B><font color = 'blue'> .</font></B>  -00:01:34
<B><font color = 'blue'> .</font></B>  -00:00:00
<B><font color = 'blue'> .</font></B>  -00:00:00
<B><font color = 'blue'> .</font></B>  -00:00:00
<B><font color = 'blue'> .</font></B>  -00:00:00
<B><font color = 'blue'> .</font></B>  -00:00:00
<B><font color = 'blue'> .</font></B>  -00:00:00
<B><font color = 'blue'> .</font></B>  -00:01:34
<B><font color = 'blue'> .</font></B>  -0.00%
<B><font color = 'blue'> .</font></B>  --480:00
<B><font color = 'blue'> .</font></B>  -0.00
<B><font color = 'blue'> .</font></B>  -test manager 
<B><font color = 'blue'> .</font></B>  -manageremp@gmail.com
<B><font color = 'blue'> .</font></B>  -glb020
<B><font color = 'blue'> .</font></B>  -2022-11-03
<B><font color = 'blue'> .</font></B>  -03-11-2022 00:00:00
<B><font color = 'blue'> .</font></B>  -03-11-2022 00:02:20
<B><font color = 'blue'> .</font></B>  -GLB-193-PC
<B><font color = 'blue'> .</font></B>  -Default
<B><font color = 'blue'> .</font></B>  -Default
<B><font color = 'blue'> .</font></B>  -00:02:20
<B><font color = 'blue'> .</font></B>  -00:00:00
<B><font color = 'blue'> .</font></B>  -00:00:00
<B><font color = 'blue'> .</font></B>  -00:00:00
<B><font color = 'blue'> .</font></B>  -00:00:00
<B><font color = 'blue'> .</font></B>  -00:00:00
<B><font color = 'blue'> .</font></B>  -00:00:00
<B><font color = 'blue'> .</font></B>  -00:02:20
<B><font color = 'blue'> .</font></B>  -0.00%
<B><font color = 'blue'> .</font></B>  --480:00
<B><font color = 'blue'> .</font></B>  -0.00
<B><font color = 'blue'> .</font></B>  -Himanshu Kumar 
<B><font color = 'blue'> .</font></B>  -himanshu1@gmail.com
<B><font color = 'blue'> .</font></B>  -EM011
<B><font color = 'blue'> .</font></B>  -2022-11-03
<B><font color = 'blue'> .</font></B>  -03-11-2022 00:00:31
<B><font color = 'blue'> .</font></B>  -03-11-2022 00:03:31
<B><font color = 'blue'> .</font></B>  -GLB-181
<B><font color = 'blue'> .</font></B>  -bagalkot
<B><font color = 'blue'> .</font></B>  -manual testing
<B><font color = 'blue'> .</font></B>  -00:03:00
<B><font color = 'blue'> .</font></B>  -00:00:00
<B><font color = 'blue'> .</font></B>  -00:00:00
<B><font color = 'blue'> .</font></B>  -00:00:00
<B><font color = 'blue'> .</font></B>  -00:00:00
<B><font color = 'blue'> .</font></B>  -00:00:00
<B><font color = 'blue'> .</font></B>  -00:00:00
<B><font color = 'blue'> .</font></B>  -00:03:00
<B><font color = 'blue'> .</font></B>  -0.00%
<B><font color = 'blue'> .</font></B>  --480:00
<B><font color = 'blue'> .</font></B>  -0.00
<B><font color = 'blue'> .</font></B>  -Virat kohli 
<B><font color = 'blue'> .</font></B>  -rahukbgdxgsf@gmail.com
<B><font color = 'blue'> .</font></B>  -65332
<B><font color = 'blue'> .</font></B>  -2022-11-03
<B><font color = 'blue'> .</font></B>  -03-11-2022 17:20:05
<B><font color = 'blue'> .</font></B>  -03-11-2022 17:53:05
<B><font color = 'blue'> .</font></B>  -GLB-124-PC
<B><font color = 'blue'> .</font></B>  -Default
<B><font color = 'blue'> .</font></B>  -Default
<B><font color = 'blue'> .</font></B>  -00:33:00
<B><font color = 'blue'> .</font></B>  -00:00:00
<B><font color = 'blue'> .</font></B>  -00:00:00
<B><font color = 'blue'> .</font></B>  -00:00:00
<B><font color = 'blue'> .</font></B>  -00:00:00
<B><font color = 'blue'> .</font></B>  -00:00:00
<B><font color = 'blue'> .</font></B>  -00:00:00
<B><font color = 'blue'> .</font></B>  -00:33:00
<B><font color = 'blue'> .</font></B>  -0.00%
<B><font color = 'blue'> .</font></B>  --480:00
<B><font color = 'blue'> .</font></B>  -0.00
<B><font color = 'blue'> .</font></B>  -sadas kadkasdj 
<B><font color = 'blue'> .</font></B>  -dsa@eqe
<B><font color = 'blue'> .</font></B>  -emp129666
<B><font color = 'blue'> .</font></B>  -2022-11-03
<B><font color = 'blue'> .</font></B>  -Absent
<B><font color = 'blue'> .</font></B>  -Absent
<B><font color = 'blue'> .</font></B>  -undefined
<B><font color = 'blue'> .</font></B>  -Default
<B><font color = 'blue'> .</font></B>  -Default
<B><font color = 'blue'> .</font></B>  -Absent
<B><font color = 'blue'> .</font></B>  -Absent
<B><font color = 'blue'> .</font></B>  -Absent
<B><font color = 'blue'> .</font></B>  -Absent
<B><font color = 'blue'> .</font></B>  -Absent
<B><font color = 'blue'> .</font></B>  -Absent
<B><font color = 'blue'> .</font></B>  -Absent
<B><font color = 'blue'> .</font></B>  -Absent
<B><font color = 'blue'> .</font></B>  -Absent
<B><font color = 'blue'> .</font></B>  -Absent
<B><font color = 'blue'> .</font></B>  -Absent
<B><font color = 'blue'> .</font></B>  -New Test 
<B><font color = 'blue'> .</font></B>  -newtest@gmail.com
<B><font color = 'blue'> .</font></B>  -ewer334443
<B><font color = 'blue'> .</font></B>  -2022-11-03
<B><font color = 'blue'> .</font></B>  -Absent
<B><font color = 'blue'> .</font></B>  -Absent
<B><font color = 'blue'> .</font></B>  -undefined
<B><font color = 'blue'> .</font></B>  -Default
<B><font color = 'blue'> .</font></B>  -Default
<B><font color = 'blue'> .</font></B>  -Absent
<B><font color = 'blue'> .</font></B>  -Absent
<B><font color = 'blue'> .</font></B>  -Absent
<B><font color = 'blue'> .</font></B>  -Absent
<B><font color = 'blue'> .</font></B>  -Absent
<B><font color = 'blue'> .</font></B>  -Absent
<B><font color = 'blue'> .</font></B>  -Absent
<B><font color = 'blue'> .</font></B>  -Absent
<B><font color = 'blue'> .</font></B>  -Absent
<B><font color = 'blue'> .</font></B>  -Absent
<B><font color = 'blue'> .</font></B>  -Absent
<B><font color = 'blue'> .</font></B>  -dshcdb uidsbf 
<B><font color = 'blue'> .</font></B>  -dvbvdb@yahoo.com
<B><font color = 'blue'> .</font></B>  -435454
<B><font color = 'blue'> .</font></B>  -2022-11-03
<B><font color = 'blue'> .</font></B>  -Absent
<B><font color = 'blue'> .</font></B>  -Absent
<B><font color = 'blue'> .</font></B>  -undefined
<B><font color = 'blue'> .</font></B>  -Default
<B><font color = 'blue'> .</font></B>  -Default
<B><font color = 'blue'> .</font></B>  -Absent
<B><font color = 'blue'> .</font></B>  -Absent
<B><font color = 'blue'> .</font></B>  -Absent
<B><font color = 'blue'> .</font></B>  -Absent
<B><font color = 'blue'> .</font></B>  -Absent
<B><font color = 'blue'> .</font></B>  -Absent
<B><font color = 'blue'> .</font></B>  -Absent
<B><font color = 'blue'> .</font></B>  -Absent
<B><font color = 'blue'> .</font></B>  -Absent
<B><font color = 'blue'> .</font></B>  -Absent
<B><font color = 'blue'> .</font></B>  -Absent
<B><font color = 'blue'> .</font></B>  -try last 
<B><font color = 'blue'> .</font></B>  -try@gmail.com
<B><font color = 'blue'> .</font></B>  -1225455
<B><font color = 'blue'> .</font></B>  -2022-11-03
<B><font color = 'blue'> .</font></B>  -Absent
<B><font color = 'blue'> .</font></B>  -Absent
<B><font color = 'blue'> .</font></B>  -undefined
<B><font color = 'blue'> .</font></B>  -Default
<B><font color = 'blue'> .</font></B>  -Default
<B><font color = 'blue'> .</font></B>  -Absent
<B><font color = 'blue'> .</font></B>  -Absent
<B><font color = 'blue'> .</font></B>  -Absent
<B><font color = 'blue'> .</font></B>  -Absent
<B><font color = 'blue'> .</font></B>  -Absent
<B><font color = 'blue'> .</font></B>  -Absent
<B><font color = 'blue'> .</font></B>  -Absent
<B><font color = 'blue'> .</font></B>  -Absent
<B><font color = 'blue'> .</font></B>  -Absent
<B><font color = 'blue'> .</font></B>  -Absent
<B><font color = 'blue'> .</font></B>  -Absent
<B><font color = 'blue'> .</font></B>  -vdjvdb yusvdvbbh 
<B><font color = 'blue'> .</font></B>  -dvhbfdh@gmail.com
<B><font color = 'blue'> .</font></B>  -wq534342
<B><font color = 'blue'> .</font></B>  -2022-11-03
<B><font color = 'blue'> .</font></B>  -Absent
<B><font color = 'blue'> .</font></B>  -Absent
<B><font color = 'blue'> .</font></B>  -undefined
<B><font color = 'blue'> .</font></B>  -Default
<B><font color = 'blue'> .</font></B>  -Default
<B><font color = 'blue'> .</font></B>  -Absent
<B><font color = 'blue'> .</font></B>  -Absent
<B><font color = 'blue'> .</font></B>  -Absent
<B><font color = 'blue'> .</font></B>  -Absent
<B><font color = 'blue'> .</font></B>  -Absent
<B><font color = 'blue'> .</font></B>  -Absent
<B><font color = 'blue'> .</font></B>  -Absent
<B><font color = 'blue'> .</font></B>  -Absent
<B><font color = 'blue'> .</font></B>  -Absent
<B><font color = 'blue'> .</font></B>  -Absent
<B><font color = 'blue'> .</font></B>  -Absent
<B><font color = 'blue'> .</font></B>  -Mail Test user 
<B><font color = 'blue'> .</font></B>  -maintest@user.io
<B><font color = 'blue'> .</font></B>  -GLB-1223888
<B><font color = 'blue'> .</font></B>  -2022-11-03
<B><font color = 'blue'> .</font></B>  -Absent
<B><font color = 'blue'> .</font></B>  -Absent
<B><font color = 'blue'> .</font></B>  -undefined
<B><font color = 'blue'> .</font></B>  -Default
<B><font color = 'blue'> .</font></B>  -Default
<B><font color = 'blue'> .</font></B>  -Absent
<B><font color = 'blue'> .</font></B>  -Absent
<B><font color = 'blue'> .</font></B>  -Absent
<B><font color = 'blue'> .</font></B>  -Absent
<B><font color = 'blue'> .</font></B>  -Absent
<B><font color = 'blue'> .</font></B>  -Absent
<B><font color = 'blue'> .</font></B>  -Absent
<B><font color = 'blue'> .</font></B>  -Absent
<B><font color = 'blue'> .</font></B>  -Absent
<B><font color = 'blue'> .</font></B>  -Absent
<B><font color = 'blue'> .</font></B>  -Absent
<B><font color = 'blue'> .</font></B>  -DESKTOP-PJJHB19 - GLB-BLR-002OjUpRD2 
<B><font color = 'blue'> .</font></B>  --
<B><font color = 'blue'> .</font></B>  -GLB-BLR-002OjUpRD2
<B><font color = 'blue'> .</font></B>  -2022-11-03
<B><font color = 'blue'> .</font></B>  -Absent
<B><font color = 'blue'> .</font></B>  -Absent
<B><font color = 'blue'> .</font></B>  -undefined
<B><font color = 'blue'> .</font></B>  -Default
<B><font color = 'blue'> .</font></B>  -Default
<B><font color = 'blue'> .</font></B>  -Absent
<B><font color = 'blue'> .</font></B>  -Absent
<B><font color = 'blue'> .</font></B>  -Absent
<B><font color = 'blue'> .</font></B>  -Absent
<B><font color = 'blue'> .</font></B>  -Absent
<B><font color = 'blue'> .</font></B>  -Absent
<B><font color = 'blue'> .</font></B>  -Absent
<B><font color = 'blue'> .</font></B>  -Absent
<B><font color = 'blue'> .</font></B>  -Absent
<B><font color = 'blue'> .</font></B>  -Absent
<B><font color = 'blue'> .</font></B>  -Absent
<B><font color = 'blue'> .</font></B>  -Usb Test 
<B><font color = 'blue'> .</font></B>  -usbtest123@gmail.com
<B><font color = 'blue'> .</font></B>  -emp0097
<B><font color = 'blue'> .</font></B>  -2022-11-03
<B><font color = 'blue'> .</font></B>  -Absent
<B><font color = 'blue'> .</font></B>  -Absent
<B><font color = 'blue'> .</font></B>  -undefined
<B><font color = 'blue'> .</font></B>  -Default
<B><font color = 'blue'> .</font></B>  -Default
<B><font color = 'blue'> .</font></B>  -Absent
<B><font color = 'blue'> .</font></B>  -Absent
<B><font color = 'blue'> .</font></B>  -Absent
<B><font color = 'blue'> .</font></B>  -Absent
<B><font color = 'blue'> .</font></B>  -Absent
<B><font color = 'blue'> .</font></B>  -Absent
<B><font color = 'blue'> .</font></B>  -Absent
<B><font color = 'blue'> .</font></B>  -Absent
<B><font color = 'blue'> .</font></B>  -Absent
<B><font color = 'blue'> .</font></B>  -Absent
<B><font color = 'blue'> .</font></B>  -Absent
<B><font color = 'blue'> .</font></B>  -SS Keystrokes 
<B><font color = 'blue'> .</font></B>  -sskey@gmail.com
<B><font color = 'blue'> .</font></B>  -emp98y
<B><font color = 'blue'> .</font></B>  -2022-11-03
<B><font color = 'blue'> .</font></B>  -Absent
<B><font color = 'blue'> .</font></B>  -Absent
<B><font color = 'blue'> .</font></B>  -undefined
<B><font color = 'blue'> .</font></B>  -Default
<B><font color = 'blue'> .</font></B>  -Default
<B><font color = 'blue'> .</font></B>  -Absent
<B><font color = 'blue'> .</font></B>  -Absent
<B><font color = 'blue'> .</font></B>  -Absent
<B><font color = 'blue'> .</font></B>  -Absent
<B><font color = 'blue'> .</font></B>  -Absent
<B><font color = 'blue'> .</font></B>  -Absent
<B><font color = 'blue'> .</font></B>  -Absent
<B><font color = 'blue'> .</font></B>  -Absent
<B><font color = 'blue'> .</font></B>  -Absent
<B><font color = 'blue'> .</font></B>  -Absent
<B><font color = 'blue'> .</font></B>  -Absent
<B><font color = 'blue'> .</font></B>  -shivammmmmmmmmmmmmmmmmmmm Kumar 
<B><font color = 'blue'> .</font></B>  -kgfyash545@gmail.com
<B><font color = 'blue'> .</font></B>  -hsakhdjk414
<B><font color = 'blue'> .</font></B>  -2022-11-03
<B><font color = 'blue'> .</font></B>  -Absent
<B><font color = 'blue'> .</font></B>  -Absent
<B><font color = 'blue'> .</font></B>  -undefined
<B><font color = 'blue'> .</font></B>  -Default
<B><font color = 'blue'> .</font></B>  -Default
<B><font color = 'blue'> .</font></B>  -Absent
<B><font color = 'blue'> .</font></B>  -Absent
<B><font color = 'blue'> .</font></B>  -Absent
<B><font color = 'blue'> .</font></B>  -Absent
<B><font color = 'blue'> .</font></B>  -Absent
<B><font color = 'blue'> .</font></B>  -Absent
<B><font color = 'blue'> .</font></B>  -Absent
<B><font color = 'blue'> .</font></B>  -Absent
<B><font color = 'blue'> .</font></B>  -Absent
<B><font color = 'blue'> .</font></B>  -Absent
<B><font color = 'blue'> .</font></B>  -Absent
<B><font color = 'blue'> .</font></B>  -Abhishek Four tf test 
<B><font color = 'blue'> .</font></B>  -abhishekfourtf@mail.com
<B><font color = 'blue'> .</font></B>  -HLIKSJ98
<B><font color = 'blue'> .</font></B>  -2022-11-03
<B><font color = 'blue'> .</font></B>  -Absent
<B><font color = 'blue'> .</font></B>  -Absent
<B><font color = 'blue'> .</font></B>  -undefined
<B><font color = 'blue'> .</font></B>  -Default
<B><font color = 'blue'> .</font></B>  -Default
<B><font color = 'blue'> .</font></B>  -Absent
<B><font color = 'blue'> .</font></B>  -Absent
<B><font color = 'blue'> .</font></B>  -Absent
<B><font color = 'blue'> .</font></B>  -Absent
<B><font color = 'blue'> .</font></B>  -Absent
<B><font color = 'blue'> .</font></B>  -Absent
<B><font color = 'blue'> .</font></B>  -Absent
<B><font color = 'blue'> .</font></B>  -Absent
<B><font color = 'blue'> .</font></B>  -Absent
<B><font color = 'blue'> .</font></B>  -Absent
<B><font color = 'blue'> .</font></B>  -Absent
<B><font color = 'blue'> .</font></B>  -new dev user 
<B><font color = 'blue'> .</font></B>  -new@dev.user
<B><font color = 'blue'> .</font></B>  -fdfsfsd
<B><font color = 'blue'> .</font></B>  -2022-11-03
<B><font color = 'blue'> .</font></B>  -Absent
<B><font color = 'blue'> .</font></B>  -Absent
<B><font color = 'blue'> .</font></B>  -undefined
<B><font color = 'blue'> .</font></B>  -Default
<B><font color = 'blue'> .</font></B>  -Default
<B><font color = 'blue'> .</font></B>  -Absent
<B><font color = 'blue'> .</font></B>  -Absent
<B><font color = 'blue'> .</font></B>  -Absent
<B><font color = 'blue'> .</font></B>  -Absent
<B><font color = 'blue'> .</font></B>  -Absent
<B><font color = 'blue'> .</font></B>  -Absent
<B><font color = 'blue'> .</font></B>  -Absent
<B><font color = 'blue'> .</font></B>  -Absent
<B><font color = 'blue'> .</font></B>  -Absent
<B><font color = 'blue'> .</font></B>  -Absent
<B><font color = 'blue'> .</font></B>  -Absent
<B><font color = 'blue'> .</font></B>  -aaaaaaaaaa aaaaaaaaa 
<B><font color = 'blue'> .</font></B>  -mmmm@gmail.com
<B><font color = 'blue'> .</font></B>  -80765s
<B><font color = 'blue'> .</font></B>  -2022-11-03
<B><font color = 'blue'> .</font></B>  -Absent
<B><font color = 'blue'> .</font></B>  -Absent
<B><font color = 'blue'> .</font></B>  -undefined
<B><font color = 'blue'> .</font></B>  -Bangalore
<B><font color = 'blue'> .</font></B>  -Testing
<B><font color = 'blue'> .</font></B>  -Absent
<B><font color = 'blue'> .</font></B>  -Absent
<B><font color = 'blue'> .</font></B>  -Absent
<B><font color = 'blue'> .</font></B>  -Absent
<B><font color = 'blue'> .</font></B>  -Absent
<B><font color = 'blue'> .</font></B>  -Absent
<B><font color = 'blue'> .</font></B>  -Absent
<B><font color = 'blue'> .</font></B>  -Absent
<B><font color = 'blue'> .</font></B>  -Absent
<B><font color = 'blue'> .</font></B>  -Absent
<B><font color = 'blue'> .</font></B>  -Absent
<B><font color = 'blue'> .</font></B>  -sumesh test 
<B><font color = 'blue'> .</font></B>  -sumesh@mail.com
<B><font color = 'blue'> .</font></B>  -fdgfdgf
<B><font color = 'blue'> .</font></B>  -2022-11-03
<B><font color = 'blue'> .</font></B>  -Absent
<B><font color = 'blue'> .</font></B>  -Absent
<B><font color = 'blue'> .</font></B>  -undefined
<B><font color = 'blue'> .</font></B>  -Bangalore
<B><font color = 'blue'> .</font></B>  -Testing
<B><font color = 'blue'> .</font></B>  -Absent
<B><font color = 'blue'> .</font></B>  -Absent
<B><font color = 'blue'> .</font></B>  -Absent
<B><font color = 'blue'> .</font></B>  -Absent
<B><font color = 'blue'> .</font></B>  -Absent
<B><font color = 'blue'> .</font></B>  -Absent
<B><font color = 'blue'> .</font></B>  -Absent
<B><font color = 'blue'> .</font></B>  -Absent
<B><font color = 'blue'> .</font></B>  -Absent
<B><font color = 'blue'> .</font></B>  -Absent
<B><font color = 'blue'> .</font></B>  -Absent
<B><font color = 'blue'> .</font></B>  -Test msc 
<B><font color = 'blue'> .</font></B>  -test123@gmail.com
<B><font color = 'blue'> .</font></B>  -12254
<B><font color = 'blue'> .</font></B>  -2022-11-03
<B><font color = 'blue'> .</font></B>  -Absent
<B><font color = 'blue'> .</font></B>  -Absent
<B><font color = 'blue'> .</font></B>  -undefined
<B><font color = 'blue'> .</font></B>  -Bangalore
<B><font color = 'blue'> .</font></B>  -Testing
<B><font color = 'blue'> .</font></B>  -Absent
<B><font color = 'blue'> .</font></B>  -Absent
<B><font color = 'blue'> .</font></B>  -Absent
<B><font color = 'blue'> .</font></B>  -Absent
<B><font color = 'blue'> .</font></B>  -Absent
<B><font color = 'blue'> .</font></B>  -Absent
<B><font color = 'blue'> .</font></B>  -Absent
<B><font color = 'blue'> .</font></B>  -Absent
<B><font color = 'blue'> .</font></B>  -Absent
<B><font color = 'blue'> .</font></B>  -Absent
<B><font color = 'blue'> .</font></B>  -Absent
<B><font color = 'blue'> .</font></B>  -deffdfds vscsc 
<B><font color = 'blue'> .</font></B>  -cscsdw123@gmail.com
<B><font color = 'blue'> .</font></B>  -1234512
<B><font color = 'blue'> .</font></B>  -2022-11-03
<B><font color = 'blue'> .</font></B>  -Absent
<B><font color = 'blue'> .</font></B>  -Absent
<B><font color = 'blue'> .</font></B>  -undefined
<B><font color = 'blue'> .</font></B>  -Bangalore
<B><font color = 'blue'> .</font></B>  -Testing
<B><font color = 'blue'> .</font></B>  -Absent
<B><font color = 'blue'> .</font></B>  -Absent
<B><font color = 'blue'> .</font></B>  -Absent
<B><font color = 'blue'> .</font></B>  -Absent
<B><font color = 'blue'> .</font></B>  -Absent
<B><font color = 'blue'> .</font></B>  -Absent
<B><font color = 'blue'> .</font></B>  -Absent
<B><font color = 'blue'> .</font></B>  -Absent
<B><font color = 'blue'> .</font></B>  -Absent
<B><font color = 'blue'> .</font></B>  -Absent
<B><font color = 'blue'> .</font></B>  -Absent
<B><font color = 'blue'> .</font></B>  -test testtt 
<B><font color = 'blue'> .</font></B>  -abcd@gmail.com
<B><font color = 'blue'> .</font></B>  -GLB55
<B><font color = 'blue'> .</font></B>  -2022-11-03
<B><font color = 'blue'> .</font></B>  -Absent
<B><font color = 'blue'> .</font></B>  -Absent
<B><font color = 'blue'> .</font></B>  -undefined
<B><font color = 'blue'> .</font></B>  -Bangalore
<B><font color = 'blue'> .</font></B>  -Testing
<B><font color = 'blue'> .</font></B>  -Absent
<B><font color = 'blue'> .</font></B>  -Absent
<B><font color = 'blue'> .</font></B>  -Absent
<B><font color = 'blue'> .</font></B>  -Absent
<B><font color = 'blue'> .</font></B>  -Absent
<B><font color = 'blue'> .</font></B>  -Absent
<B><font color = 'blue'> .</font></B>  -Absent
<B><font color = 'blue'> .</font></B>  -Absent
<B><font color = 'blue'> .</font></B>  -Absent
<B><font color = 'blue'> .</font></B>  -Absent
<B><font color = 'blue'> .</font></B>  -Absent
<B><font color = 'blue'> .</font></B>  -Abhishe tt 
<B><font color = 'blue'> .</font></B>  -ab@ab.com
<B><font color = 'blue'> .</font></B>  -GKD567
<B><font color = 'blue'> .</font></B>  -2022-11-03
<B><font color = 'blue'> .</font></B>  -Absent
<B><font color = 'blue'> .</font></B>  -Absent
<B><font color = 'blue'> .</font></B>  -undefined
<B><font color = 'blue'> .</font></B>  -Bangalore
<B><font color = 'blue'> .</font></B>  -Testing
<B><font color = 'blue'> .</font></B>  -Absent
<B><font color = 'blue'> .</font></B>  -Absent
<B><font color = 'blue'> .</font></B>  -Absent
<B><font color = 'blue'> .</font></B>  -Absent
<B><font color = 'blue'> .</font></B>  -Absent
<B><font color = 'blue'> .</font></B>  -Absent
<B><font color = 'blue'> .</font></B>  -Absent
<B><font color = 'blue'> .</font></B>  -Absent
<B><font color = 'blue'> .</font></B>  -Absent
<B><font color = 'blue'> .</font></B>  -Absent
<B><font color = 'blue'> .</font></B>  -Absent
<B><font color = 'blue'> .</font></B>  -test nonadmin 
<B><font color = 'blue'> .</font></B>  -testnonadmin@gmail.com
<B><font color = 'blue'> .</font></B>  -GLB026
<B><font color = 'blue'> .</font></B>  -2022-11-03
<B><font color = 'blue'> .</font></B>  -Absent
<B><font color = 'blue'> .</font></B>  -Absent
<B><font color = 'blue'> .</font></B>  -undefined
<B><font color = 'blue'> .</font></B>  -Bangalore
<B><font color = 'blue'> .</font></B>  -Php
<B><font color = 'blue'> .</font></B>  -Absent
<B><font color = 'blue'> .</font></B>  -Absent
<B><font color = 'blue'> .</font></B>  -Absent
<B><font color = 'blue'> .</font></B>  -Absent
<B><font color = 'blue'> .</font></B>  -Absent
<B><font color = 'blue'> .</font></B>  -Absent
<B><font color = 'blue'> .</font></B>  -Absent
<B><font color = 'blue'> .</font></B>  -Absent
<B><font color = 'blue'> .</font></B>  -Absent
<B><font color = 'blue'> .</font></B>  -Absent
<B><font color = 'blue'> .</font></B>  -Absent
<B><font color = 'blue'> .</font></B>  -adg ckj 
<B><font color = 'blue'> .</font></B>  -adcs@1234
<B><font color = 'blue'> .</font></B>  -583
<B><font color = 'blue'> .</font></B>  -2022-11-03
<B><font color = 'blue'> .</font></B>  -Absent
<B><font color = 'blue'> .</font></B>  -Absent
<B><font color = 'blue'> .</font></B>  -undefined
<B><font color = 'blue'> .</font></B>  -Bangalore
<B><font color = 'blue'> .</font></B>  -Testing
<B><font color = 'blue'> .</font></B>  -Absent
<B><font color = 'blue'> .</font></B>  -Absent
<B><font color = 'blue'> .</font></B>  -Absent
<B><font color = 'blue'> .</font></B>  -Absent
<B><font color = 'blue'> .</font></B>  -Absent
<B><font color = 'blue'> .</font></B>  -Absent
<B><font color = 'blue'> .</font></B>  -Absent
<B><font color = 'blue'> .</font></B>  -Absent
<B><font color = 'blue'> .</font></B>  -Absent
<B><font color = 'blue'> .</font></B>  -Absent
<B><font color = 'blue'> .</font></B>  -Absent
<B><font color = 'blue'> .</font></B>  -dominic toretto 
<B><font color = 'blue'> .</font></B>  -dom.toretto737@gmail.com
<B><font color = 'blue'> .</font></B>  -EMP011
<B><font color = 'blue'> .</font></B>  -2022-11-03
<B><font color = 'blue'> .</font></B>  -Absent
<B><font color = 'blue'> .</font></B>  -Absent
<B><font color = 'blue'> .</font></B>  -undefined
<B><font color = 'blue'> .</font></B>  -Bangalore
<B><font color = 'blue'> .</font></B>  -Testing
<B><font color = 'blue'> .</font></B>  -Absent
<B><font color = 'blue'> .</font></B>  -Absent
<B><font color = 'blue'> .</font></B>  -Absent
<B><font color = 'blue'> .</font></B>  -Absent
<B><font color = 'blue'> .</font></B>  -Absent
<B><font color = 'blue'> .</font></B>  -Absent
<B><font color = 'blue'> .</font></B>  -Absent
<B><font color = 'blue'> .</font></B>  -Absent
<B><font color = 'blue'> .</font></B>  -Absent
<B><font color = 'blue'> .</font></B>  -Absent
<B><font color = 'blue'> .</font></B>  -Absent
<B><font color = 'blue'> .</font></B>  -Abhishek Test 
<B><font color = 'blue'> .</font></B>  -abhishektrest@glb.in
<B><font color = 'blue'> .</font></B>  -rN7tvEiDPGNi4fD
<B><font color = 'blue'> .</font></B>  -2022-11-03
<B><font color = 'blue'> .</font></B>  -Absent
<B><font color = 'blue'> .</font></B>  -Absent
<B><font color = 'blue'> .</font></B>  -undefined
<B><font color = 'blue'> .</font></B>  -Bangalore
<B><font color = 'blue'> .</font></B>  -Php
<B><font color = 'blue'> .</font></B>  -Absent
<B><font color = 'blue'> .</font></B>  -Absent
<B><font color = 'blue'> .</font></B>  -Absent
<B><font color = 'blue'> .</font></B>  -Absent
<B><font color = 'blue'> .</font></B>  -Absent
<B><font color = 'blue'> .</font></B>  -Absent
<B><font color = 'blue'> .</font></B>  -Absent
<B><font color = 'blue'> .</font></B>  -Absent
<B><font color = 'blue'> .</font></B>  -Absent
<B><font color = 'blue'> .</font></B>  -Absent
<B><font color = 'blue'> .</font></B>  -Absent
<B><font color = 'blue'> .</font></B>  -Superior Test one 
<B><font color = 'blue'> .</font></B>  -superiorone@gmail.com
<B><font color = 'blue'> .</font></B>  -twoqw
<B><font color = 'blue'> .</font></B>  -2022-11-03
<B><font color = 'blue'> .</font></B>  -Absent
<B><font color = 'blue'> .</font></B>  -Absent
<B><font color = 'blue'> .</font></B>  -undefined
<B><font color = 'blue'> .</font></B>  -Bangalore
<B><font color = 'blue'> .</font></B>  -Testing
<B><font color = 'blue'> .</font></B>  -Absent
<B><font color = 'blue'> .</font></B>  -Absent
<B><font color = 'blue'> .</font></B>  -Absent
<B><font color = 'blue'> .</font></B>  -Absent
<B><font color = 'blue'> .</font></B>  -Absent
<B><font color = 'blue'> .</font></B>  -Absent
<B><font color = 'blue'> .</font></B>  -Absent
<B><font color = 'blue'> .</font></B>  -Absent
<B><font color = 'blue'> .</font></B>  -Absent
<B><font color = 'blue'> .</font></B>  -Absent
<B><font color = 'blue'> .</font></B>  -Absent
<B><font color = 'blue'> .</font></B>  -test testw 
<B><font color = 'blue'> .</font></B>  -test@mac.in
<B><font color = 'blue'> .</font></B>  -aaf123
<B><font color = 'blue'> .</font></B>  -2022-11-03
<B><font color = 'blue'> .</font></B>  -Absent
<B><font color = 'blue'> .</font></B>  -Absent
<B><font color = 'blue'> .</font></B>  -undefined
<B><font color = 'blue'> .</font></B>  -Bangalore
<B><font color = 'blue'> .</font></B>  -Php
<B><font color = 'blue'> .</font></B>  -Absent
<B><font color = 'blue'> .</font></B>  -Absent
<B><font color = 'blue'> .</font></B>  -Absent
<B><font color = 'blue'> .</font></B>  -Absent
<B><font color = 'blue'> .</font></B>  -Absent
<B><font color = 'blue'> .</font></B>  -Absent
<B><font color = 'blue'> .</font></B>  -Absent
<B><font color = 'blue'> .</font></B>  -Absent
<B><font color = 'blue'> .</font></B>  -Absent
<B><font color = 'blue'> .</font></B>  -Absent
<B><font color = 'blue'> .</font></B>  -Absent
<B><font color = 'blue'> .</font></B>  -Test test 
<B><font color = 'blue'> .</font></B>  -sarikajain@gmail.com
<B><font color = 'blue'> .</font></B>  -E-101
<B><font color = 'blue'> .</font></B>  -2022-11-03
<B><font color = 'blue'> .</font></B>  -Absent
<B><font color = 'blue'> .</font></B>  -Absent
<B><font color = 'blue'> .</font></B>  -undefined
<B><font color = 'blue'> .</font></B>  -Bangalore
<B><font color = 'blue'> .</font></B>  -Testing
<B><font color = 'blue'> .</font></B>  -Absent
<B><font color = 'blue'> .</font></B>  -Absent
<B><font color = 'blue'> .</font></B>  -Absent
<B><font color = 'blue'> .</font></B>  -Absent
<B><font color = 'blue'> .</font></B>  -Absent
<B><font color = 'blue'> .</font></B>  -Absent
<B><font color = 'blue'> .</font></B>  -Absent
<B><font color = 'blue'> .</font></B>  -Absent
<B><font color = 'blue'> .</font></B>  -Absent
<B><font color = 'blue'> .</font></B>  -Absent
<B><font color = 'blue'> .</font></B>  -Absent
<B><font color = 'blue'> .</font></B>  -sithu kalluru 
<B><font color = 'blue'> .</font></B>  -sitaramireddy@globussoft.in
<B><font color = 'blue'> .</font></B>  -code12
<B><font color = 'blue'> .</font></B>  -2022-11-03
<B><font color = 'blue'> .</font></B>  -Absent
<B><font color = 'blue'> .</font></B>  -Absent
<B><font color = 'blue'> .</font></B>  -undefined
<B><font color = 'blue'> .</font></B>  -Bangalore
<B><font color = 'blue'> .</font></B>  -Testing
<B><font color = 'blue'> .</font></B>  -Absent
<B><font color = 'blue'> .</font></B>  -Absent
<B><font color = 'blue'> .</font></B>  -Absent
<B><font color = 'blue'> .</font></B>  -Absent
<B><font color = 'blue'> .</font></B>  -Absent
<B><font color = 'blue'> .</font></B>  -Absent
<B><font color = 'blue'> .</font></B>  -Absent
<B><font color = 'blue'> .</font></B>  -Absent
<B><font color = 'blue'> .</font></B>  -Absent
<B><font color = 'blue'> .</font></B>  -Absent
<B><font color = 'blue'> .</font></B>  -Absent
<B><font color = 'blue'> .</font></B>  -test123 abcd 
<B><font color = 'blue'> .</font></B>  -s@gmail.com
<B><font color = 'blue'> .</font></B>  -code123z
<B><font color = 'blue'> .</font></B>  -2022-11-03
<B><font color = 'blue'> .</font></B>  -Absent
<B><font color = 'blue'> .</font></B>  -Absent
<B><font color = 'blue'> .</font></B>  -undefined
<B><font color = 'blue'> .</font></B>  -Bangalore
<B><font color = 'blue'> .</font></B>  -Testing
<B><font color = 'blue'> .</font></B>  -Absent
<B><font color = 'blue'> .</font></B>  -Absent
<B><font color = 'blue'> .</font></B>  -Absent
<B><font color = 'blue'> .</font></B>  -Absent
<B><font color = 'blue'> .</font></B>  -Absent
<B><font color = 'blue'> .</font></B>  -Absent
<B><font color = 'blue'> .</font></B>  -Absent
<B><font color = 'blue'> .</font></B>  -Absent
<B><font color = 'blue'> .</font></B>  -Absent
<B><font color = 'blue'> .</font></B>  -Absent
<B><font color = 'blue'> .</font></B>  -Absent
<B><font color = 'blue'> .</font></B>  -testing test 
<B><font color = 'blue'> .</font></B>  -aarshajoyson1601@gmail.com
<B><font color = 'blue'> .</font></B>  -glb0008
<B><font color = 'blue'> .</font></B>  -2022-11-03
<B><font color = 'blue'> .</font></B>  -Absent
<B><font color = 'blue'> .</font></B>  -Absent
<B><font color = 'blue'> .</font></B>  -undefined
<B><font color = 'blue'> .</font></B>  -Bangalore
<B><font color = 'blue'> .</font></B>  -Php
<B><font color = 'blue'> .</font></B>  -Absent
<B><font color = 'blue'> .</font></B>  -Absent
<B><font color = 'blue'> .</font></B>  -Absent
<B><font color = 'blue'> .</font></B>  -Absent
<B><font color = 'blue'> .</font></B>  -Absent
<B><font color = 'blue'> .</font></B>  -Absent
<B><font color = 'blue'> .</font></B>  -Absent
<B><font color = 'blue'> .</font></B>  -Absent
<B><font color = 'blue'> .</font></B>  -Absent
<B><font color = 'blue'> .</font></B>  -Absent
<B><font color = 'blue'> .</font></B>  -Absent
<B><font color = 'blue'> .</font></B>  -Automation CodeeeAuto 
<B><font color = 'blue'> .</font></B>  -skabcdef7@gmail.com
<B><font color = 'blue'> .</font></B>  -Emp-Abzcde-1234522
<B><font color = 'blue'> .</font></B>  -2022-11-03
<B><font color = 'blue'> .</font></B>  -Absent
<B><font color = 'blue'> .</font></B>  -Absent
<B><font color = 'blue'> .</font></B>  -undefined
<B><font color = 'blue'> .</font></B>  -Bangalore
<B><font color = 'blue'> .</font></B>  -Testing
<B><font color = 'blue'> .</font></B>  -Absent
<B><font color = 'blue'> .</font></B>  -Absent
<B><font color = 'blue'> .</font></B>  -Absent
<B><font color = 'blue'> .</font></B>  -Absent
<B><font color = 'blue'> .</font></B>  -Absent
<B><font color = 'blue'> .</font></B>  -Absent
<B><font color = 'blue'> .</font></B>  -Absent
<B><font color = 'blue'> .</font></B>  -Absent
<B><font color = 'blue'> .</font></B>  -Absent
<B><font color = 'blue'> .</font></B>  -Absent
<B><font color = 'blue'> .</font></B>  -Absent
<B><font color = 'blue'> .</font></B>  -piyush dfgsfg 
<B><font color = 'blue'> .</font></B>  -jos@gmail.com
<B><font color = 'blue'> .</font></B>  -sdgff
<B><font color = 'blue'> .</font></B>  -2022-11-03
<B><font color = 'blue'> .</font></B>  -Absent
<B><font color = 'blue'> .</font></B>  -Absent
<B><font color = 'blue'> .</font></B>  -undefined
<B><font color = 'blue'> .</font></B>  -Bangalore
<B><font color = 'blue'> .</font></B>  -Testing
<B><font color = 'blue'> .</font></B>  -Absent
<B><font color = 'blue'> .</font></B>  -Absent
<B><font color = 'blue'> .</font></B>  -Absent
<B><font color = 'blue'> .</font></B>  -Absent
<B><font color = 'blue'> .</font></B>  -Absent
<B><font color = 'blue'> .</font></B>  -Absent
<B><font color = 'blue'> .</font></B>  -Absent
<B><font color = 'blue'> .</font></B>  -Absent
<B><font color = 'blue'> .</font></B>  -Absent
<B><font color = 'blue'> .</font></B>  -Absent
<B><font color = 'blue'> .</font></B>  -Absent
<B><font color = 'blue'> .</font></B>  -Aryan raj 
<B><font color = 'blue'> .</font></B>  -alex@gmail.com
<B><font color = 'blue'> .</font></B>  -126
<B><font color = 'blue'> .</font></B>  -2022-11-03
<B><font color = 'blue'> .</font></B>  -Absent
<B><font color = 'blue'> .</font></B>  -Absent
<B><font color = 'blue'> .</font></B>  -undefined
<B><font color = 'blue'> .</font></B>  -Bangalore
<B><font color = 'blue'> .</font></B>  -Testing
<B><font color = 'blue'> .</font></B>  -Absent
<B><font color = 'blue'> .</font></B>  -Absent
<B><font color = 'blue'> .</font></B>  -Absent
<B><font color = 'blue'> .</font></B>  -Absent
<B><font color = 'blue'> .</font></B>  -Absent
<B><font color = 'blue'> .</font></B>  -Absent
<B><font color = 'blue'> .</font></B>  -Absent
<B><font color = 'blue'> .</font></B>  -Absent
<B><font color = 'blue'> .</font></B>  -Absent
<B><font color = 'blue'> .</font></B>  -Absent
<B><font color = 'blue'> .</font></B>  -Absent
<B><font color = 'blue'> .</font></B>  -Automation CodeeeAuto 
<B><font color = 'blue'> .</font></B>  -skabcdef38@gmail.com
<B><font color = 'blue'> .</font></B>  -Emp-Abzcde-123457
<B><font color = 'blue'> .</font></B>  -2022-11-03
<B><font color = 'blue'> .</font></B>  -Absent
<B><font color = 'blue'> .</font></B>  -Absent
<B><font color = 'blue'> .</font></B>  -undefined
<B><font color = 'blue'> .</font></B>  -Bangalore
<B><font color = 'blue'> .</font></B>  -Testing
<B><font color = 'blue'> .</font></B>  -Absent
<B><font color = 'blue'> .</font></B>  -Absent
<B><font color = 'blue'> .</font></B>  -Absent
<B><font color = 'blue'> .</font></B>  -Absent
<B><font color = 'blue'> .</font></B>  -Absent
<B><font color = 'blue'> .</font></B>  -Absent
<B><font color = 'blue'> .</font></B>  -Absent
<B><font color = 'blue'> .</font></B>  -Absent
<B><font color = 'blue'> .</font></B>  -Absent
<B><font color = 'blue'> .</font></B>  -Absent
<B><font color = 'blue'> .</font></B>  -Absent
<B><font color = 'blue'> .</font></B>  -Automation CodeeeAuto 
<B><font color = 'blue'> .</font></B>  -skabcdef33@gmail.com
<B><font color = 'blue'> .</font></B>  -Emp-Abzcde-1234557
<B><font color = 'blue'> .</font></B>  -2022-11-03
<B><font color = 'blue'> .</font></B>  -Absent
<B><font color = 'blue'> .</font></B>  -Absent
<B><font color = 'blue'> .</font></B>  -undefined
<B><font color = 'blue'> .</font></B>  -Bangalore
<B><font color = 'blue'> .</font></B>  -Testing
<B><font color = 'blue'> .</font></B>  -Absent
<B><font color = 'blue'> .</font></B>  -Absent
<B><font color = 'blue'> .</font></B>  -Absent
<B><font color = 'blue'> .</font></B>  -Absent
<B><font color = 'blue'> .</font></B>  -Absent
<B><font color = 'blue'> .</font></B>  -Absent
<B><font color = 'blue'> .</font></B>  -Absent
<B><font color = 'blue'> .</font></B>  -Absent
<B><font color = 'blue'> .</font></B>  -Absent
<B><font color = 'blue'> .</font></B>  -Absent
<B><font color = 'blue'> .</font></B>  -Absent
<B><font color = 'blue'> .</font></B>  -D Surya Prabhakar 
<B><font color = 'blue'> .</font></B>  -surya1@gmail.com
<B><font color = 'blue'> .</font></B>  -EM010
<B><font color = 'blue'> .</font></B>  -2022-11-03
<B><font color = 'blue'> .</font></B>  -Absent
<B><font color = 'blue'> .</font></B>  -Absent
<B><font color = 'blue'> .</font></B>  -undefined
<B><font color = 'blue'> .</font></B>  -bengaluru
<B><font color = 'blue'> .</font></B>  -Testing
<B><font color = 'blue'> .</font></B>  -Absent
<B><font color = 'blue'> .</font></B>  -Absent
<B><font color = 'blue'> .</font></B>  -Absent
<B><font color = 'blue'> .</font></B>  -Absent
<B><font color = 'blue'> .</font></B>  -Absent
<B><font color = 'blue'> .</font></B>  -Absent
<B><font color = 'blue'> .</font></B>  -Absent
<B><font color = 'blue'> .</font></B>  -Absent
<B><font color = 'blue'> .</font></B>  -Absent
<B><font color = 'blue'> .</font></B>  -Absent
<B><font color = 'blue'> .</font></B>  -Absent
<B><font color = 'blue'> .</font></B>  -R o       hit Sharma 
<B><font color = 'blue'> .</font></B>  -rahulrajt5613928@gmail.com
<B><font color = 'blue'> .</font></B>  -67645
<B><font color = 'blue'> .</font></B>  -2022-11-03
<B><font color = 'blue'> .</font></B>  -Absent
<B><font color = 'blue'> .</font></B>  -Absent
<B><font color = 'blue'> .</font></B>  -undefined
<B><font color = 'blue'> .</font></B>  -bengaluru
<B><font color = 'blue'> .</font></B>  -Testing
<B><font color = 'blue'> .</font></B>  -Absent
<B><font color = 'blue'> .</font></B>  -Absent
<B><font color = 'blue'> .</font></B>  -Absent
<B><font color = 'blue'> .</font></B>  -Absent
<B><font color = 'blue'> .</font></B>  -Absent
<B><font color = 'blue'> .</font></B>  -Absent
<B><font color = 'blue'> .</font></B>  -Absent
<B><font color = 'blue'> .</font></B>  -Absent
<B><font color = 'blue'> .</font></B>  -Absent
<B><font color = 'blue'> .</font></B>  -Absent
<B><font color = 'blue'> .</font></B>  -Absent
<B><font color = 'blue'> .</font></B>  -ni test 
<B><font color = 'blue'> .</font></B>  -nitest12@gmail.com
<B><font color = 'blue'> .</font></B>  -GLB678
<B><font color = 'blue'> .</font></B>  -2022-11-03
<B><font color = 'blue'> .</font></B>  -Absent
<B><font color = 'blue'> .</font></B>  -Absent
<B><font color = 'blue'> .</font></B>  -undefined
<B><font color = 'blue'> .</font></B>  -bengaluru
<B><font color = 'blue'> .</font></B>  -Testing
<B><font color = 'blue'> .</font></B>  -Absent
<B><font color = 'blue'> .</font></B>  -Absent
<B><font color = 'blue'> .</font></B>  -Absent
<B><font color = 'blue'> .</font></B>  -Absent
<B><font color = 'blue'> .</font></B>  -Absent
<B><font color = 'blue'> .</font></B>  -Absent
<B><font color = 'blue'> .</font></B>  -Absent
<B><font color = 'blue'> .</font></B>  -Absent
<B><font color = 'blue'> .</font></B>  -Absent
<B><font color = 'blue'> .</font></B>  -Absent
<B><font color = 'blue'> .</font></B>  -Absent
<B><font color = 'blue'> .</font></B>  -one test 
<B><font color = 'blue'> .</font></B>  -testone1234@gmail.com
<B><font color = 'blue'> .</font></B>  -0110
<B><font color = 'blue'> .</font></B>  -2022-11-03
<B><font color = 'blue'> .</font></B>  -Absent
<B><font color = 'blue'> .</font></B>  -Absent
<B><font color = 'blue'> .</font></B>  -undefined
<B><font color = 'blue'> .</font></B>  -bengaluru
<B><font color = 'blue'> .</font></B>  -Testing
<B><font color = 'blue'> .</font></B>  -Absent
<B><font color = 'blue'> .</font></B>  -Absent
<B><font color = 'blue'> .</font></B>  -Absent
<B><font color = 'blue'> .</font></B>  -Absent
<B><font color = 'blue'> .</font></B>  -Absent
<B><font color = 'blue'> .</font></B>  -Absent
<B><font color = 'blue'> .</font></B>  -Absent
<B><font color = 'blue'> .</font></B>  -Absent
<B><font color = 'blue'> .</font></B>  -Absent
<B><font color = 'blue'> .</font></B>  -Absent
<B><font color = 'blue'> .</font></B>  -Absent
<B><font color = 'blue'> .</font></B>  -GLB-BLR-010-PC - GLB-BLR-010 
<B><font color = 'blue'> .</font></B>  -abcd@yuksdgus
<B><font color = 'blue'> .</font></B>  -GLB-BLR-010
<B><font color = 'blue'> .</font></B>  -2022-11-03
<B><font color = 'blue'> .</font></B>  -Absent
<B><font color = 'blue'> .</font></B>  -Absent
<B><font color = 'blue'> .</font></B>  -undefined
<B><font color = 'blue'> .</font></B>  -bengaluru
<B><font color = 'blue'> .</font></B>  -Testing
<B><font color = 'blue'> .</font></B>  -Absent
<B><font color = 'blue'> .</font></B>  -Absent
<B><font color = 'blue'> .</font></B>  -Absent
<B><font color = 'blue'> .</font></B>  -Absent
<B><font color = 'blue'> .</font></B>  -Absent
<B><font color = 'blue'> .</font></B>  -Absent
<B><font color = 'blue'> .</font></B>  -Absent
<B><font color = 'blue'> .</font></B>  -Absent
<B><font color = 'blue'> .</font></B>  -Absent
<B><font color = 'blue'> .</font></B>  -Absent
<B><font color = 'blue'> .</font></B>  -Absent
<B><font color = 'blue'> .</font></B>  -surya kk 
<B><font color = 'blue'> .</font></B>  -123@gmail.com
<B><font color = 'blue'> .</font></B>  -mmmmm
<B><font color = 'blue'> .</font></B>  -2022-11-03
<B><font color = 'blue'> .</font></B>  -Absent
<B><font color = 'blue'> .</font></B>  -Absent
<B><font color = 'blue'> .</font></B>  -undefined
<B><font color = 'blue'> .</font></B>  -Tamilnadu
<B><font color = 'blue'> .</font></B>  -Test and Dev
<B><font color = 'blue'> .</font></B>  -Absent
<B><font color = 'blue'> .</font></B>  -Absent
<B><font color = 'blue'> .</font></B>  -Absent
<B><font color = 'blue'> .</font></B>  -Absent
<B><font color = 'blue'> .</font></B>  -Absent
<B><font color = 'blue'> .</font></B>  -Absent
<B><font color = 'blue'> .</font></B>  -Absent
<B><font color = 'blue'> .</font></B>  -Absent
<B><font color = 'blue'> .</font></B>  -Absent
<B><font color = 'blue'> .</font></B>  -Absent
<B><font color = 'blue'> .</font></B>  -Absent
<B><font color = 'blue'> .</font></B>  -sai kk 
<B><font color = 'blue'> .</font></B>  -saikk19876@gmail.com
<B><font color = 'blue'> .</font></B>  -20221019
<B><font color = 'blue'> .</font></B>  -2022-11-03
<B><font color = 'blue'> .</font></B>  -Absent
<B><font color = 'blue'> .</font></B>  -Absent
<B><font color = 'blue'> .</font></B>  -undefined
<B><font color = 'blue'> .</font></B>  -Tamilnadu
<B><font color = 'blue'> .</font></B>  -Test and Dev
<B><font color = 'blue'> .</font></B>  -Absent
<B><font color = 'blue'> .</font></B>  -Absent
<B><font color = 'blue'> .</font></B>  -Absent
<B><font color = 'blue'> .</font></B>  -Absent
<B><font color = 'blue'> .</font></B>  -Absent
<B><font color = 'blue'> .</font></B>  -Absent
<B><font color = 'blue'> .</font></B>  -Absent
<B><font color = 'blue'> .</font></B>  -Absent
<B><font color = 'blue'> .</font></B>  -Absent
<B><font color = 'blue'> .</font></B>  -Absent
<B><font color = 'blue'> .</font></B>  -Absent
<B><font color = 'blue'> .</font></B>  -ajeethemp test 
<B><font color = 'blue'> .</font></B>  -ajeethemp@gmail.com
<B><font color = 'blue'> .</font></B>  -A01
<B><font color = 'blue'> .</font></B>  -2022-11-03
<B><font color = 'blue'> .</font></B>  -Absent
<B><font color = 'blue'> .</font></B>  -Absent
<B><font color = 'blue'> .</font></B>  -undefined
<B><font color = 'blue'> .</font></B>  -Tamilnadu
<B><font color = 'blue'> .</font></B>  -Test and Dev
<B><font color = 'blue'> .</font></B>  -Absent
<B><font color = 'blue'> .</font></B>  -Absent
<B><font color = 'blue'> .</font></B>  -Absent
<B><font color = 'blue'> .</font></B>  -Absent
<B><font color = 'blue'> .</font></B>  -Absent
<B><font color = 'blue'> .</font></B>  -Absent
<B><font color = 'blue'> .</font></B>  -Absent
<B><font color = 'blue'> .</font></B>  -Absent
<B><font color = 'blue'> .</font></B>  -Absent
<B><font color = 'blue'> .</font></B>  -Absent
<B><font color = 'blue'> .</font></B>  -Absent
<B><font color = 'blue'> .</font></B>  -test user two 
<B><font color = 'blue'> .</font></B>  -testuser@two.io
<B><font color = 'blue'> .</font></B>  -GSLL-327
<B><font color = 'blue'> .</font></B>  -2022-11-03
<B><font color = 'blue'> .</font></B>  -Absent
<B><font color = 'blue'> .</font></B>  -Absent
<B><font color = 'blue'> .</font></B>  -undefined
<B><font color = 'blue'> .</font></B>  -Tamilnadu
<B><font color = 'blue'> .</font></B>  -Test and Dev
<B><font color = 'blue'> .</font></B>  -Absent
<B><font color = 'blue'> .</font></B>  -Absent
<B><font color = 'blue'> .</font></B>  -Absent
<B><font color = 'blue'> .</font></B>  -Absent
<B><font color = 'blue'> .</font></B>  -Absent
<B><font color = 'blue'> .</font></B>  -Absent
<B><font color = 'blue'> .</font></B>  -Absent
<B><font color = 'blue'> .</font></B>  -Absent
<B><font color = 'blue'> .</font></B>  -Absent
<B><font color = 'blue'> .</font></B>  -Absent
<B><font color = 'blue'> .</font></B>  -Absent
<B><font color = 'blue'> .</font></B>  -dxgfdxg gssdg 
<B><font color = 'blue'> .</font></B>  -sdgsg@dgksodkg.in
<B><font color = 'blue'> .</font></B>  -asfda343443
<B><font color = 'blue'> .</font></B>  -2022-11-03
<B><font color = 'blue'> .</font></B>  -Absent
<B><font color = 'blue'> .</font></B>  -Absent
<B><font color = 'blue'> .</font></B>  -undefined
<B><font color = 'blue'> .</font></B>  -Bhilai
<B><font color = 'blue'> .</font></B>  -Php
<B><font color = 'blue'> .</font></B>  -Absent
<B><font color = 'blue'> .</font></B>  -Absent
<B><font color = 'blue'> .</font></B>  -Absent
<B><font color = 'blue'> .</font></B>  -Absent
<B><font color = 'blue'> .</font></B>  -Absent
<B><font color = 'blue'> .</font></B>  -Absent
<B><font color = 'blue'> .</font></B>  -Absent
<B><font color = 'blue'> .</font></B>  -Absent
<B><font color = 'blue'> .</font></B>  -Absent
<B><font color = 'blue'> .</font></B>  -Absent
<B><font color = 'blue'> .</font></B>  -Absent
<B><font color = 'blue'> .</font></B>  -Guest User 
<B><font color = 'blue'> .</font></B>  -guestuser@gmail.com
<B><font color = 'blue'> .</font></B>  -GLB-777
<B><font color = 'blue'> .</font></B>  -2022-11-03
<B><font color = 'blue'> .</font></B>  -Absent
<B><font color = 'blue'> .</font></B>  -Absent
<B><font color = 'blue'> .</font></B>  -undefined
<B><font color = 'blue'> .</font></B>  -Bhilai
<B><font color = 'blue'> .</font></B>  -Php
<B><font color = 'blue'> .</font></B>  -Absent
<B><font color = 'blue'> .</font></B>  -Absent
<B><font color = 'blue'> .</font></B>  -Absent
<B><font color = 'blue'> .</font></B>  -Absent
<B><font color = 'blue'> .</font></B>  -Absent
<B><font color = 'blue'> .</font></B>  -Absent
<B><font color = 'blue'> .</font></B>  -Absent
<B><font color = 'blue'> .</font></B>  -Absent
<B><font color = 'blue'> .</font></B>  -Absent
<B><font color = 'blue'> .</font></B>  -Absent
<B><font color = 'blue'> .</font></B>  -Absent
<B><font color = 'blue'> .</font></B>  -test user two 
<B><font color = 'blue'> .</font></B>  -testuser@two.io
<B><font color = 'blue'> .</font></B>  -GSLL-327
<B><font color = 'blue'> .</font></B>  -2022-11-02
<B><font color = 'blue'> .</font></B>  -02-11-2022 00:00:00
<B><font color = 'blue'> .</font></B>  -02-11-2022 00:02:15
<B><font color = 'blue'> .</font></B>  -GLB-124-PC
<B><font color = 'blue'> .</font></B>  -Tamilnadu
<B><font color = 'blue'> .</font></B>  -Test and Dev
<B><font color = 'blue'> .</font></B>  -00:02:15
<B><font color = 'blue'> .</font></B>  -00:00:00
<B><font color = 'blue'> .</font></B>  -00:00:00
<B><font color = 'blue'> .</font></B>  -00:00:00
<B><font color = 'blue'> .</font></B>  -00:00:00
<B><font color = 'blue'> .</font></B>  -00:00:00
<B><font color = 'blue'> .</font></B>  -00:00:00
<B><font color = 'blue'> .</font></B>  -00:02:15
<B><font color = 'blue'> .</font></B>  -0.00%
<B><font color = 'blue'> .</font></B>  --480:00
<B><font color = 'blue'> .</font></B>  -0.00
<B><font color = 'blue'> .</font></B>  -Superior Test one 
<B><font color = 'blue'> .</font></B>  -superiorone@gmail.com
<B><font color = 'blue'> .</font></B>  -twoqw
<B><font color = 'blue'> .</font></B>  -2022-11-02
<B><font color = 'blue'> .</font></B>  -02-11-2022 16:10:48
<B><font color = 'blue'> .</font></B>  -02-11-2022 16:13:48
<B><font color = 'blue'> .</font></B>  -GLB-124-PC
<B><font color = 'blue'> .</font></B>  -Bangalore
<B><font color = 'blue'> .</font></B>  -Testing
<B><font color = 'blue'> .</font></B>  -00:03:00
<B><font color = 'blue'> .</font></B>  -00:00:00
<B><font color = 'blue'> .</font></B>  -00:00:00
<B><font color = 'blue'> .</font></B>  -00:00:00
<B><font color = 'blue'> .</font></B>  -00:00:00
<B><font color = 'blue'> .</font></B>  -00:00:00
<B><font color = 'blue'> .</font></B>  -00:00:00
<B><font color = 'blue'> .</font></B>  -00:03:00
<B><font color = 'blue'> .</font></B>  -0.00%
<B><font color = 'blue'> .</font></B>  --480:00
<B><font color = 'blue'> .</font></B>  -0.00
<B><font color = 'blue'> .</font></B>  -Himanshu Kumar 
<B><font color = 'blue'> .</font></B>  -himanshu1@gmail.com
<B><font color = 'blue'> .</font></B>  -EM011
<B><font color = 'blue'> .</font></B>  -2022-11-02
<B><font color = 'blue'> .</font></B>  -02-11-2022 00:00:00
<B><font color = 'blue'> .</font></B>  -02-11-2022 00:00:06
<B><font color = 'blue'> .</font></B>  -GLB-181
<B><font color = 'blue'> .</font></B>  -bagalkot
<B><font color = 'blue'> .</font></B>  -manual testing
<B><font color = 'blue'> .</font></B>  -00:00:06
<B><font color = 'blue'> .</font></B>  -00:00:00
<B><font color = 'blue'> .</font></B>  -00:00:00
<B><font color = 'blue'> .</font></B>  -00:00:00
<B><font color = 'blue'> .</font></B>  -00:00:00
<B><font color = 'blue'> .</font></B>  -00:00:00
<B><font color = 'blue'> .</font></B>  -00:00:00
<B><font color = 'blue'> .</font></B>  -00:00:06
<B><font color = 'blue'> .</font></B>  -0.00%
<B><font color = 'blue'> .</font></B>  --480:00
<B><font color = 'blue'> .</font></B>  -0.00
<B><font color = 'blue'> .</font></B>  -sithu kalluru 
<B><font color = 'blue'> .</font></B>  -sitaramireddy@globussoft.in
<B><font color = 'blue'> .</font></B>  -code12
<B><font color = 'blue'> .</font></B>  -2022-11-02
<B><font color = 'blue'> .</font></B>  -02-11-2022 13:05:22
<B><font color = 'blue'> .</font></B>  -02-11-2022 13:15:36
<B><font color = 'blue'> .</font></B>  -DESKTOP-PJJHB19
<B><font color = 'blue'> .</font></B>  -Bangalore
<B><font color = 'blue'> .</font></B>  -Testing
<B><font color = 'blue'> .</font></B>  -00:10:14
<B><font color = 'blue'> .</font></B>  -00:00:00
<B><font color = 'blue'> .</font></B>  -00:00:00
<B><font color = 'blue'> .</font></B>  -00:00:00
<B><font color = 'blue'> .</font></B>  -00:00:00
<B><font color = 'blue'> .</font></B>  -00:00:00
<B><font color = 'blue'> .</font></B>  -00:00:00
<B><font color = 'blue'> .</font></B>  -00:10:14
<B><font color = 'blue'> .</font></B>  -0.00%
<B><font color = 'blue'> .</font></B>  --480:00
<B><font color = 'blue'> .</font></B>  -0.00
<B><font color = 'blue'> .</font></B>  -sam eer 
<B><font color = 'blue'> .</font></B>  -sam@rf.in
<B><font color = 'blue'> .</font></B>  -WSAERT2Q34E
<B><font color = 'blue'> .</font></B>  -2022-11-02
<B><font color = 'blue'> .</font></B>  -02-11-2022 12:40:34
<B><font color = 'blue'> .</font></B>  -03-11-2022 00:00:00
<B><font color = 'blue'> .</font></B>  -GLB-181
<B><font color = 'blue'> .</font></B>  -Bangalore
<B><font color = 'blue'> .</font></B>  -Testing
<B><font color = 'blue'> .</font></B>  -11:19:26
<B><font color = 'blue'> .</font></B>  -00:00:00
<B><font color = 'blue'> .</font></B>  -00:00:00
<B><font color = 'blue'> .</font></B>  -00:00:00
<B><font color = 'blue'> .</font></B>  -00:00:00
<B><font color = 'blue'> .</font></B>  -00:00:00
<B><font color = 'blue'> .</font></B>  -00:00:00
<B><font color = 'blue'> .</font></B>  -11:19:26
<B><font color = 'blue'> .</font></B>  -0.00%
<B><font color = 'blue'> .</font></B>  --480:00
<B><font color = 'blue'> .</font></B>  -0.00
<B><font color = 'blue'> .</font></B>  -test manager 
<B><font color = 'blue'> .</font></B>  -manageremp@gmail.com
<B><font color = 'blue'> .</font></B>  -glb020
<B><font color = 'blue'> .</font></B>  -2022-11-02
<B><font color = 'blue'> .</font></B>  -02-11-2022 13:17:58
<B><font color = 'blue'> .</font></B>  -03-11-2022 00:00:00
<B><font color = 'blue'> .</font></B>  -GLB-193-PC
<B><font color = 'blue'> .</font></B>  -Default
<B><font color = 'blue'> .</font></B>  -Default
<B><font color = 'blue'> .</font></B>  -10:42:02
<B><font color = 'blue'> .</font></B>  -00:00:00
<B><font color = 'blue'> .</font></B>  -00:00:00
<B><font color = 'blue'> .</font></B>  -00:00:00
<B><font color = 'blue'> .</font></B>  -00:00:00
<B><font color = 'blue'> .</font></B>  -00:00:00
<B><font color = 'blue'> .</font></B>  -00:00:00
<B><font color = 'blue'> .</font></B>  -10:42:02
<B><font color = 'blue'> .</font></B>  -0.00%
<B><font color = 'blue'> .</font></B>  --480:00
<B><font color = 'blue'> .</font></B>  -0.00
<B><font color = 'blue'> .</font></B>  -Virat kohli 
<B><font color = 'blue'> .</font></B>  -rahukbgdxgsf@gmail.com
<B><font color = 'blue'> .</font></B>  -65332
<B><font color = 'blue'> .</font></B>  -2022-11-02
<B><font color = 'blue'> .</font></B>  -Absent
<B><font color = 'blue'> .</font></B>  -Absent
<B><font color = 'blue'> .</font></B>  -undefined
<B><font color = 'blue'> .</font></B>  -Default
<B><font color = 'blue'> .</font></B>  -Default
<B><font color = 'blue'> .</font></B>  -Absent
<B><font color = 'blue'> .</font></B>  -Absent
<B><font color = 'blue'> .</font></B>  -Absent
<B><font color = 'blue'> .</font></B>  -Absent
<B><font color = 'blue'> .</font></B>  -Absent
<B><font color = 'blue'> .</font></B>  -Absent
<B><font color = 'blue'> .</font></B>  -Absent
<B><font color = 'blue'> .</font></B>  -Absent
<B><font color = 'blue'> .</font></B>  -Absent
<B><font color = 'blue'> .</font></B>  -Absent
<B><font color = 'blue'> .</font></B>  -Absent
<B><font color = 'blue'> .</font></B>  -sadas kadkasdj 
<B><font color = 'blue'> .</font></B>  -dsa@eqe
<B><font color = 'blue'> .</font></B>  -emp129666
<B><font color = 'blue'> .</font></B>  -2022-11-02
<B><font color = 'blue'> .</font></B>  -Absent
<B><font color = 'blue'> .</font></B>  -Absent
<B><font color = 'blue'> .</font></B>  -undefined
<B><font color = 'blue'> .</font></B>  -Default
<B><font color = 'blue'> .</font></B>  -Default
<B><font color = 'blue'> .</font></B>  -Absent
<B><font color = 'blue'> .</font></B>  -Absent
<B><font color = 'blue'> .</font></B>  -Absent
<B><font color = 'blue'> .</font></B>  -Absent
<B><font color = 'blue'> .</font></B>  -Absent
<B><font color = 'blue'> .</font></B>  -Absent
<B><font color = 'blue'> .</font></B>  -Absent
<B><font color = 'blue'> .</font></B>  -Absent
<B><font color = 'blue'> .</font></B>  -Absent
<B><font color = 'blue'> .</font></B>  -Absent
<B><font color = 'blue'> .</font></B>  -Absent
<B><font color = 'blue'> .</font></B>  -New Test 
<B><font color = 'blue'> .</font></B>  -newtest@gmail.com
<B><font color = 'blue'> .</font></B>  -ewer334443
<B><font color = 'blue'> .</font></B>  -2022-11-02
<B><font color = 'blue'> .</font></B>  -Absent
<B><font color = 'blue'> .</font></B>  -Absent
<B><font color = 'blue'> .</font></B>  -undefined
<B><font color = 'blue'> .</font></B>  -Default
<B><font color = 'blue'> .</font></B>  -Default
<B><font color = 'blue'> .</font></B>  -Absent
<B><font color = 'blue'> .</font></B>  -Absent
<B><font color = 'blue'> .</font></B>  -Absent
<B><font color = 'blue'> .</font></B>  -Absent
<B><font color = 'blue'> .</font></B>  -Absent
<B><font color = 'blue'> .</font></B>  -Absent
<B><font color = 'blue'> .</font></B>  -Absent
<B><font color = 'blue'> .</font></B>  -Absent
<B><font color = 'blue'> .</font></B>  -Absent
<B><font color = 'blue'> .</font></B>  -Absent
<B><font color = 'blue'> .</font></B>  -Absent
<B><font color = 'blue'> .</font></B>  -dshcdb uidsbf 
<B><font color = 'blue'> .</font></B>  -dvbvdb@yahoo.com
<B><font color = 'blue'> .</font></B>  -435454
<B><font color = 'blue'> .</font></B>  -2022-11-02
<B><font color = 'blue'> .</font></B>  -Absent
<B><font color = 'blue'> .</font></B>  -Absent
<B><font color = 'blue'> .</font></B>  -undefined
<B><font color = 'blue'> .</font></B>  -Default
<B><font color = 'blue'> .</font></B>  -Default
<B><font color = 'blue'> .</font></B>  -Absent
<B><font color = 'blue'> .</font></B>  -Absent
<B><font color = 'blue'> .</font></B>  -Absent
<B><font color = 'blue'> .</font></B>  -Absent
<B><font color = 'blue'> .</font></B>  -Absent
<B><font color = 'blue'> .</font></B>  -Absent
<B><font color = 'blue'> .</font></B>  -Absent
<B><font color = 'blue'> .</font></B>  -Absent
<B><font color = 'blue'> .</font></B>  -Absent
<B><font color = 'blue'> .</font></B>  -Absent
<B><font color = 'blue'> .</font></B>  -Absent
<B><font color = 'blue'> .</font></B>  -try last 
<B><font color = 'blue'> .</font></B>  -try@gmail.com
<B><font color = 'blue'> .</font></B>  -1225455
<B><font color = 'blue'> .</font></B>  -2022-11-02
<B><font color = 'blue'> .</font></B>  -Absent
<B><font color = 'blue'> .</font></B>  -Absent
<B><font color = 'blue'> .</font></B>  -undefined
<B><font color = 'blue'> .</font></B>  -Default
<B><font color = 'blue'> .</font></B>  -Default
<B><font color = 'blue'> .</font></B>  -Absent
<B><font color = 'blue'> .</font></B>  -Absent
<B><font color = 'blue'> .</font></B>  -Absent
<B><font color = 'blue'> .</font></B>  -Absent
<B><font color = 'blue'> .</font></B>  -Absent
<B><font color = 'blue'> .</font></B>  -Absent
<B><font color = 'blue'> .</font></B>  -Absent
<B><font color = 'blue'> .</font></B>  -Absent
<B><font color = 'blue'> .</font></B>  -Absent
<B><font color = 'blue'> .</font></B>  -Absent
<B><font color = 'blue'> .</font></B>  -Absent
<B><font color = 'blue'> .</font></B>  -vdjvdb yusvdvbbh 
<B><font color = 'blue'> .</font></B>  -dvhbfdh@gmail.com
<B><font color = 'blue'> .</font></B>  -wq534342
<B><font color = 'blue'> .</font></B>  -2022-11-02
<B><font color = 'blue'> .</font></B>  -Absent
<B><font color = 'blue'> .</font></B>  -Absent
<B><font color = 'blue'> .</font></B>  -undefined
<B><font color = 'blue'> .</font></B>  -Default
<B><font color = 'blue'> .</font></B>  -Default
<B><font color = 'blue'> .</font></B>  -Absent
<B><font color = 'blue'> .</font></B>  -Absent
<B><font color = 'blue'> .</font></B>  -Absent
<B><font color = 'blue'> .</font></B>  -Absent
<B><font color = 'blue'> .</font></B>  -Absent
<B><font color = 'blue'> .</font></B>  -Absent
<B><font color = 'blue'> .</font></B>  -Absent
<B><font color = 'blue'> .</font></B>  -Absent
<B><font color = 'blue'> .</font></B>  -Absent
<B><font color = 'blue'> .</font></B>  -Absent
<B><font color = 'blue'> .</font></B>  -Absent
<B><font color = 'blue'> .</font></B>  -Mail Test user 
<B><font color = 'blue'> .</font></B>  -maintest@user.io
<B><font color = 'blue'> .</font></B>  -GLB-1223888
<B><font color = 'blue'> .</font></B>  -2022-11-02
<B><font color = 'blue'> .</font></B>  -Absent
<B><font color = 'blue'> .</font></B>  -Absent
<B><font color = 'blue'> .</font></B>  -undefined
<B><font color = 'blue'> .</font></B>  -Default
<B><font color = 'blue'> .</font></B>  -Default
<B><font color = 'blue'> .</font></B>  -Absent
<B><font color = 'blue'> .</font></B>  -Absent
<B><font color = 'blue'> .</font></B>  -Absent
<B><font color = 'blue'> .</font></B>  -Absent
<B><font color = 'blue'> .</font></B>  -Absent
<B><font color = 'blue'> .</font></B>  -Absent
<B><font color = 'blue'> .</font></B>  -Absent
<B><font color = 'blue'> .</font></B>  -Absent
<B><font color = 'blue'> .</font></B>  -Absent
<B><font color = 'blue'> .</font></B>  -Absent
<B><font color = 'blue'> .</font></B>  -Absent
<B><font color = 'blue'> .</font></B>  -Update Check 
<B><font color = 'blue'> .</font></B>  -updates@gmail.com
<B><font color = 'blue'> .</font></B>  -emp543
<B><font color = 'blue'> .</font></B>  -2022-11-02
<B><font color = 'blue'> .</font></B>  -Absent
<B><font color = 'blue'> .</font></B>  -Absent
<B><font color = 'blue'> .</font></B>  -undefined
<B><font color = 'blue'> .</font></B>  -Default
<B><font color = 'blue'> .</font></B>  -Default
<B><font color = 'blue'> .</font></B>  -Absent
<B><font color = 'blue'> .</font></B>  -Absent
<B><font color = 'blue'> .</font></B>  -Absent
<B><font color = 'blue'> .</font></B>  -Absent
<B><font color = 'blue'> .</font></B>  -Absent
<B><font color = 'blue'> .</font></B>  -Absent
<B><font color = 'blue'> .</font></B>  -Absent
<B><font color = 'blue'> .</font></B>  -Absent
<B><font color = 'blue'> .</font></B>  -Absent
<B><font color = 'blue'> .</font></B>  -Absent
<B><font color = 'blue'> .</font></B>  -Absent
<B><font color = 'blue'> .</font></B>  -DESKTOP-PJJHB19 - GLB-BLR-002OjUpRD2 
<B><font color = 'blue'> .</font></B>  --
<B><font color = 'blue'> .</font></B>  -GLB-BLR-002OjUpRD2
<B><font color = 'blue'> .</font></B>  -2022-11-02
<B><font color = 'blue'> .</font></B>  -Absent
<B><font color = 'blue'> .</font></B>  -Absent
<B><font color = 'blue'> .</font></B>  -undefined
<B><font color = 'blue'> .</font></B>  -Default
<B><font color = 'blue'> .</font></B>  -Default
<B><font color = 'blue'> .</font></B>  -Absent
<B><font color = 'blue'> .</font></B>  -Absent
<B><font color = 'blue'> .</font></B>  -Absent
<B><font color = 'blue'> .</font></B>  -Absent
<B><font color = 'blue'> .</font></B>  -Absent
<B><font color = 'blue'> .</font></B>  -Absent
<B><font color = 'blue'> .</font></B>  -Absent
<B><font color = 'blue'> .</font></B>  -Absent
<B><font color = 'blue'> .</font></B>  -Absent
<B><font color = 'blue'> .</font></B>  -Absent
<B><font color = 'blue'> .</font></B>  -Absent
<B><font color = 'blue'> .</font></B>  -Usb Test 
<B><font color = 'blue'> .</font></B>  -usbtest123@gmail.com
<B><font color = 'blue'> .</font></B>  -emp0097
<B><font color = 'blue'> .</font></B>  -2022-11-02
<B><font color = 'blue'> .</font></B>  -Absent
<B><font color = 'blue'> .</font></B>  -Absent
<B><font color = 'blue'> .</font></B>  -undefined
<B><font color = 'blue'> .</font></B>  -Default
<B><font color = 'blue'> .</font></B>  -Default
<B><font color = 'blue'> .</font></B>  -Absent
<B><font color = 'blue'> .</font></B>  -Absent
<B><font color = 'blue'> .</font></B>  -Absent
<B><font color = 'blue'> .</font></B>  -Absent
<B><font color = 'blue'> .</font></B>  -Absent
<B><font color = 'blue'> .</font></B>  -Absent
<B><font color = 'blue'> .</font></B>  -Absent
<B><font color = 'blue'> .</font></B>  -Absent
<B><font color = 'blue'> .</font></B>  -Absent
<B><font color = 'blue'> .</font></B>  -Absent
<B><font color = 'blue'> .</font></B>  -Absent
<B><font color = 'blue'> .</font></B>  -SS Keystrokes 
<B><font color = 'blue'> .</font></B>  -sskey@gmail.com
<B><font color = 'blue'> .</font></B>  -emp98y
<B><font color = 'blue'> .</font></B>  -2022-11-02
<B><font color = 'blue'> .</font></B>  -Absent
<B><font color = 'blue'> .</font></B>  -Absent
<B><font color = 'blue'> .</font></B>  -undefined
<B><font color = 'blue'> .</font></B>  -Default
<B><font color = 'blue'> .</font></B>  -Default
<B><font color = 'blue'> .</font></B>  -Absent
<B><font color = 'blue'> .</font></B>  -Absent
<B><font color = 'blue'> .</font></B>  -Absent
<B><font color = 'blue'> .</font></B>  -Absent
<B><font color = 'blue'> .</font></B>  -Absent
<B><font color = 'blue'> .</font></B>  -Absent
<B><font color = 'blue'> .</font></B>  -Absent
<B><font color = 'blue'> .</font></B>  -Absent
<B><font color = 'blue'> .</font></B>  -Absent
<B><font color = 'blue'> .</font></B>  -Absent
<B><font color = 'blue'> .</font></B>  -Absent
<B><font color = 'blue'> .</font></B>  -shivammmmmmmmmmmmmmmmmmmm Kumar 
<B><font color = 'blue'> .</font></B>  -kgfyash545@gmail.com
<B><font color = 'blue'> .</font></B>  -hsakhdjk414
<B><font color = 'blue'> .</font></B>  -2022-11-02
<B><font color = 'blue'> .</font></B>  -Absent
<B><font color = 'blue'> .</font></B>  -Absent
<B><font color = 'blue'> .</font></B>  -undefined
<B><font color = 'blue'> .</font></B>  -Default
<B><font color = 'blue'> .</font></B>  -Default
<B><font color = 'blue'> .</font></B>  -Absent
<B><font color = 'blue'> .</font></B>  -Absent
<B><font color = 'blue'> .</font></B>  -Absent
<B><font color = 'blue'> .</font></B>  -Absent
<B><font color = 'blue'> .</font></B>  -Absent
<B><font color = 'blue'> .</font></B>  -Absent
<B><font color = 'blue'> .</font></B>  -Absent
<B><font color = 'blue'> .</font></B>  -Absent
<B><font color = 'blue'> .</font></B>  -Absent
<B><font color = 'blue'> .</font></B>  -Absent
<B><font color = 'blue'> .</font></B>  -Absent
<B><font color = 'blue'> .</font></B>  -Abhishek Four tf test 
<B><font color = 'blue'> .</font></B>  -abhishekfourtf@mail.com
<B><font color = 'blue'> .</font></B>  -HLIKSJ98
<B><font color = 'blue'> .</font></B>  -2022-11-02
<B><font color = 'blue'> .</font></B>  -Absent
<B><font color = 'blue'> .</font></B>  -Absent
<B><font color = 'blue'> .</font></B>  -undefined
<B><font color = 'blue'> .</font></B>  -Default
<B><font color = 'blue'> .</font></B>  -Default
<B><font color = 'blue'> .</font></B>  -Absent
<B><font color = 'blue'> .</font></B>  -Absent
<B><font color = 'blue'> .</font></B>  -Absent
<B><font color = 'blue'> .</font></B>  -Absent
<B><font color = 'blue'> .</font></B>  -Absent
<B><font color = 'blue'> .</font></B>  -Absent
<B><font color = 'blue'> .</font></B>  -Absent
<B><font color = 'blue'> .</font></B>  -Absent
<B><font color = 'blue'> .</font></B>  -Absent
<B><font color = 'blue'> .</font></B>  -Absent
<B><font color = 'blue'> .</font></B>  -Absent
<B><font color = 'blue'> .</font></B>  -new dev user 
<B><font color = 'blue'> .</font></B>  -new@dev.user
<B><font color = 'blue'> .</font></B>  -fdfsfsd
<B><font color = 'blue'> .</font></B>  -2022-11-02
<B><font color = 'blue'> .</font></B>  -Absent
<B><font color = 'blue'> .</font></B>  -Absent
<B><font color = 'blue'> .</font></B>  -undefined
<B><font color = 'blue'> .</font></B>  -Default
<B><font color = 'blue'> .</font></B>  -Default
<B><font color = 'blue'> .</font></B>  -Absent
<B><font color = 'blue'> .</font></B>  -Absent
<B><font color = 'blue'> .</font></B>  -Absent
<B><font color = 'blue'> .</font></B>  -Absent
<B><font color = 'blue'> .</font></B>  -Absent
<B><font color = 'blue'> .</font></B>  -Absent
<B><font color = 'blue'> .</font></B>  -Absent
<B><font color = 'blue'> .</font></B>  -Absent
<B><font color = 'blue'> .</font></B>  -Absent
<B><font color = 'blue'> .</font></B>  -Absent
<B><font color = 'blue'> .</font></B>  -Absent
<B><font color = 'blue'> .</font></B>  -aaaaaaaaaa aaaaaaaaa 
<B><font color = 'blue'> .</font></B>  -mmmm@gmail.com
<B><font color = 'blue'> .</font></B>  -80765s
<B><font color = 'blue'> .</font></B>  -2022-11-02
<B><font color = 'blue'> .</font></B>  -Absent
<B><font color = 'blue'> .</font></B>  -Absent
<B><font color = 'blue'> .</font></B>  -undefined
<B><font color = 'blue'> .</font></B>  -Bangalore
<B><font color = 'blue'> .</font></B>  -Testing
<B><font color = 'blue'> .</font></B>  -Absent
<B><font color = 'blue'> .</font></B>  -Absent
<B><font color = 'blue'> .</font></B>  -Absent
<B><font color = 'blue'> .</font></B>  -Absent
<B><font color = 'blue'> .</font></B>  -Absent
<B><font color = 'blue'> .</font></B>  -Absent
<B><font color = 'blue'> .</font></B>  -Absent
<B><font color = 'blue'> .</font></B>  -Absent
<B><font color = 'blue'> .</font></B>  -Absent
<B><font color = 'blue'> .</font></B>  -Absent
<B><font color = 'blue'> .</font></B>  -Absent
<B><font color = 'blue'> .</font></B>  -sumesh test 
<B><font color = 'blue'> .</font></B>  -sumesh@mail.com
<B><font color = 'blue'> .</font></B>  -fdgfdgf
<B><font color = 'blue'> .</font></B>  -2022-11-02
<B><font color = 'blue'> .</font></B>  -Absent
<B><font color = 'blue'> .</font></B>  -Absent
<B><font color = 'blue'> .</font></B>  -undefined
<B><font color = 'blue'> .</font></B>  -Bangalore
<B><font color = 'blue'> .</font></B>  -Testing
<B><font color = 'blue'> .</font></B>  -Absent
<B><font color = 'blue'> .</font></B>  -Absent
<B><font color = 'blue'> .</font></B>  -Absent
<B><font color = 'blue'> .</font></B>  -Absent
<B><font color = 'blue'> .</font></B>  -Absent
<B><font color = 'blue'> .</font></B>  -Absent
<B><font color = 'blue'> .</font></B>  -Absent
<B><font color = 'blue'> .</font></B>  -Absent
<B><font color = 'blue'> .</font></B>  -Absent
<B><font color = 'blue'> .</font></B>  -Absent
<B><font color = 'blue'> .</font></B>  -Absent
<B><font color = 'blue'> .</font></B>  -Test msc 
<B><font color = 'blue'> .</font></B>  -test123@gmail.com
<B><font color = 'blue'> .</font></B>  -12254
<B><font color = 'blue'> .</font></B>  -2022-11-02
<B><font color = 'blue'> .</font></B>  -Absent
<B><font color = 'blue'> .</font></B>  -Absent
<B><font color = 'blue'> .</font></B>  -undefined
<B><font color = 'blue'> .</font></B>  -Bangalore
<B><font color = 'blue'> .</font></B>  -Testing
<B><font color = 'blue'> .</font></B>  -Absent
<B><font color = 'blue'> .</font></B>  -Absent
<B><font color = 'blue'> .</font></B>  -Absent
<B><font color = 'blue'> .</font></B>  -Absent
<B><font color = 'blue'> .</font></B>  -Absent
<B><font color = 'blue'> .</font></B>  -Absent
<B><font color = 'blue'> .</font></B>  -Absent
<B><font color = 'blue'> .</font></B>  -Absent
<B><font color = 'blue'> .</font></B>  -Absent
<B><font color = 'blue'> .</font></B>  -Absent
<B><font color = 'blue'> .</font></B>  -Absent
<B><font color = 'blue'> .</font></B>  -deffdfds vscsc 
<B><font color = 'blue'> .</font></B>  -cscsdw123@gmail.com
<B><font color = 'blue'> .</font></B>  -1234512
<B><font color = 'blue'> .</font></B>  -2022-11-02
<B><font color = 'blue'> .</font></B>  -Absent
<B><font color = 'blue'> .</font></B>  -Absent
<B><font color = 'blue'> .</font></B>  -undefined
<B><font color = 'blue'> .</font></B>  -Bangalore
<B><font color = 'blue'> .</font></B>  -Testing
<B><font color = 'blue'> .</font></B>  -Absent
<B><font color = 'blue'> .</font></B>  -Absent
<B><font color = 'blue'> .</font></B>  -Absent
<B><font color = 'blue'> .</font></B>  -Absent
<B><font color = 'blue'> .</font></B>  -Absent
<B><font color = 'blue'> .</font></B>  -Absent
<B><font color = 'blue'> .</font></B>  -Absent
<B><font color = 'blue'> .</font></B>  -Absent
<B><font color = 'blue'> .</font></B>  -Absent
<B><font color = 'blue'> .</font></B>  -Absent
<B><font color = 'blue'> .</font></B>  -Absent
<B><font color = 'blue'> .</font></B>  -test testtt 
<B><font color = 'blue'> .</font></B>  -abcd@gmail.com
<B><font color = 'blue'> .</font></B>  -GLB55
<B><font color = 'blue'> .</font></B>  -2022-11-02
<B><font color = 'blue'> .</font></B>  -Absent
<B><font color = 'blue'> .</font></B>  -Absent
<B><font color = 'blue'> .</font></B>  -undefined
<B><font color = 'blue'> .</font></B>  -Bangalore
<B><font color = 'blue'> .</font></B>  -Testing
<B><font color = 'blue'> .</font></B>  -Absent
<B><font color = 'blue'> .</font></B>  -Absent
<B><font color = 'blue'> .</font></B>  -Absent
<B><font color = 'blue'> .</font></B>  -Absent
<B><font color = 'blue'> .</font></B>  -Absent
<B><font color = 'blue'> .</font></B>  -Absent
<B><font color = 'blue'> .</font></B>  -Absent
<B><font color = 'blue'> .</font></B>  -Absent
<B><font color = 'blue'> .</font></B>  -Absent
<B><font color = 'blue'> .</font></B>  -Absent
<B><font color = 'blue'> .</font></B>  -Absent
<B><font color = 'blue'> .</font></B>  -Abhishe tt 
<B><font color = 'blue'> .</font></B>  -ab@ab.com
<B><font color = 'blue'> .</font></B>  -GKD567
<B><font color = 'blue'> .</font></B>  -2022-11-02
<B><font color = 'blue'> .</font></B>  -Absent
<B><font color = 'blue'> .</font></B>  -Absent
<B><font color = 'blue'> .</font></B>  -undefined
<B><font color = 'blue'> .</font></B>  -Bangalore
<B><font color = 'blue'> .</font></B>  -Testing
<B><font color = 'blue'> .</font></B>  -Absent
<B><font color = 'blue'> .</font></B>  -Absent
<B><font color = 'blue'> .</font></B>  -Absent
<B><font color = 'blue'> .</font></B>  -Absent
<B><font color = 'blue'> .</font></B>  -Absent
<B><font color = 'blue'> .</font></B>  -Absent
<B><font color = 'blue'> .</font></B>  -Absent
<B><font color = 'blue'> .</font></B>  -Absent
<B><font color = 'blue'> .</font></B>  -Absent
<B><font color = 'blue'> .</font></B>  -Absent
<B><font color = 'blue'> .</font></B>  -Absent
<B><font color = 'blue'> .</font></B>  -test nonadmin 
<B><font color = 'blue'> .</font></B>  -testnonadmin@gmail.com
<B><font color = 'blue'> .</font></B>  -GLB026
<B><font color = 'blue'> .</font></B>  -2022-11-02
<B><font color = 'blue'> .</font></B>  -Absent
<B><font color = 'blue'> .</font></B>  -Absent
<B><font color = 'blue'> .</font></B>  -undefined
<B><font color = 'blue'> .</font></B>  -Bangalore
<B><font color = 'blue'> .</font></B>  -Php
<B><font color = 'blue'> .</font></B>  -Absent
<B><font color = 'blue'> .</font></B>  -Absent
<B><font color = 'blue'> .</font></B>  -Absent
<B><font color = 'blue'> .</font></B>  -Absent
<B><font color = 'blue'> .</font></B>  -Absent
<B><font color = 'blue'> .</font></B>  -Absent
<B><font color = 'blue'> .</font></B>  -Absent
<B><font color = 'blue'> .</font></B>  -Absent
<B><font color = 'blue'> .</font></B>  -Absent
<B><font color = 'blue'> .</font></B>  -Absent
<B><font color = 'blue'> .</font></B>  -Absent
<B><font color = 'blue'> .</font></B>  -adg ckj 
<B><font color = 'blue'> .</font></B>  -adcs@1234
<B><font color = 'blue'> .</font></B>  -583
<B><font color = 'blue'> .</font></B>  -2022-11-02
<B><font color = 'blue'> .</font></B>  -Absent
<B><font color = 'blue'> .</font></B>  -Absent
<B><font color = 'blue'> .</font></B>  -undefined
<B><font color = 'blue'> .</font></B>  -Bangalore
<B><font color = 'blue'> .</font></B>  -Testing
<B><font color = 'blue'> .</font></B>  -Absent
<B><font color = 'blue'> .</font></B>  -Absent
<B><font color = 'blue'> .</font></B>  -Absent
<B><font color = 'blue'> .</font></B>  -Absent
<B><font color = 'blue'> .</font></B>  -Absent
<B><font color = 'blue'> .</font></B>  -Absent
<B><font color = 'blue'> .</font></B>  -Absent
<B><font color = 'blue'> .</font></B>  -Absent
<B><font color = 'blue'> .</font></B>  -Absent
<B><font color = 'blue'> .</font></B>  -Absent
<B><font color = 'blue'> .</font></B>  -Absent
<B><font color = 'blue'> .</font></B>  -dominic toretto 
<B><font color = 'blue'> .</font></B>  -dom.toretto737@gmail.com
<B><font color = 'blue'> .</font></B>  -EMP011
<B><font color = 'blue'> .</font></B>  -2022-11-02
<B><font color = 'blue'> .</font></B>  -Absent
<B><font color = 'blue'> .</font></B>  -Absent
<B><font color = 'blue'> .</font></B>  -undefined
<B><font color = 'blue'> .</font></B>  -Bangalore
<B><font color = 'blue'> .</font></B>  -Testing
<B><font color = 'blue'> .</font></B>  -Absent
<B><font color = 'blue'> .</font></B>  -Absent
<B><font color = 'blue'> .</font></B>  -Absent
<B><font color = 'blue'> .</font></B>  -Absent
<B><font color = 'blue'> .</font></B>  -Absent
<B><font color = 'blue'> .</font></B>  -Absent
<B><font color = 'blue'> .</font></B>  -Absent
<B><font color = 'blue'> .</font></B>  -Absent
<B><font color = 'blue'> .</font></B>  -Absent
<B><font color = 'blue'> .</font></B>  -Absent
<B><font color = 'blue'> .</font></B>  -Absent
<B><font color = 'blue'> .</font></B>  -Abhishek Test 
<B><font color = 'blue'> .</font></B>  -abhishektrest@glb.in
<B><font color = 'blue'> .</font></B>  -rN7tvEiDPGNi4fD
<B><font color = 'blue'> .</font></B>  -2022-11-02
<B><font color = 'blue'> .</font></B>  -Absent
<B><font color = 'blue'> .</font></B>  -Absent
<B><font color = 'blue'> .</font></B>  -undefined
<B><font color = 'blue'> .</font></B>  -Bangalore
<B><font color = 'blue'> .</font></B>  -Php
<B><font color = 'blue'> .</font></B>  -Absent
<B><font color = 'blue'> .</font></B>  -Absent
<B><font color = 'blue'> .</font></B>  -Absent
<B><font color = 'blue'> .</font></B>  -Absent
<B><font color = 'blue'> .</font></B>  -Absent
<B><font color = 'blue'> .</font></B>  -Absent
<B><font color = 'blue'> .</font></B>  -Absent
<B><font color = 'blue'> .</font></B>  -Absent
<B><font color = 'blue'> .</font></B>  -Absent
<B><font color = 'blue'> .</font></B>  -Absent
<B><font color = 'blue'> .</font></B>  -Absent
<B><font color = 'blue'> .</font></B>  -test testw 
<B><font color = 'blue'> .</font></B>  -test@mac.in
<B><font color = 'blue'> .</font></B>  -aaf123
<B><font color = 'blue'> .</font></B>  -2022-11-02
<B><font color = 'blue'> .</font></B>  -Absent
<B><font color = 'blue'> .</font></B>  -Absent
<B><font color = 'blue'> .</font></B>  -undefined
<B><font color = 'blue'> .</font></B>  -Bangalore
<B><font color = 'blue'> .</font></B>  -Php
<B><font color = 'blue'> .</font></B>  -Absent
<B><font color = 'blue'> .</font></B>  -Absent
<B><font color = 'blue'> .</font></B>  -Absent
<B><font color = 'blue'> .</font></B>  -Absent
<B><font color = 'blue'> .</font></B>  -Absent
<B><font color = 'blue'> .</font></B>  -Absent
<B><font color = 'blue'> .</font></B>  -Absent
<B><font color = 'blue'> .</font></B>  -Absent
<B><font color = 'blue'> .</font></B>  -Absent
<B><font color = 'blue'> .</font></B>  -Absent
<B><font color = 'blue'> .</font></B>  -Absent
<B><font color = 'blue'> .</font></B>  -Test test 
<B><font color = 'blue'> .</font></B>  -sarikajain@gmail.com
<B><font color = 'blue'> .</font></B>  -E-101
<B><font color = 'blue'> .</font></B>  -2022-11-02
<B><font color = 'blue'> .</font></B>  -Absent
<B><font color = 'blue'> .</font></B>  -Absent
<B><font color = 'blue'> .</font></B>  -undefined
<B><font color = 'blue'> .</font></B>  -Bangalore
<B><font color = 'blue'> .</font></B>  -Testing
<B><font color = 'blue'> .</font></B>  -Absent
<B><font color = 'blue'> .</font></B>  -Absent
<B><font color = 'blue'> .</font></B>  -Absent
<B><font color = 'blue'> .</font></B>  -Absent
<B><font color = 'blue'> .</font></B>  -Absent
<B><font color = 'blue'> .</font></B>  -Absent
<B><font color = 'blue'> .</font></B>  -Absent
<B><font color = 'blue'> .</font></B>  -Absent
<B><font color = 'blue'> .</font></B>  -Absent
<B><font color = 'blue'> .</font></B>  -Absent
<B><font color = 'blue'> .</font></B>  -Absent
<B><font color = 'blue'> .</font></B>  -test123 abcd 
<B><font color = 'blue'> .</font></B>  -s@gmail.com
<B><font color = 'blue'> .</font></B>  -code123z
<B><font color = 'blue'> .</font></B>  -2022-11-02
<B><font color = 'blue'> .</font></B>  -Absent
<B><font color = 'blue'> .</font></B>  -Absent
<B><font color = 'blue'> .</font></B>  -undefined
<B><font color = 'blue'> .</font></B>  -Bangalore
<B><font color = 'blue'> .</font></B>  -Testing
<B><font color = 'blue'> .</font></B>  -Absent
<B><font color = 'blue'> .</font></B>  -Absent
<B><font color = 'blue'> .</font></B>  -Absent
<B><font color = 'blue'> .</font></B>  -Absent
<B><font color = 'blue'> .</font></B>  -Absent
<B><font color = 'blue'> .</font></B>  -Absent
<B><font color = 'blue'> .</font></B>  -Absent
<B><font color = 'blue'> .</font></B>  -Absent
<B><font color = 'blue'> .</font></B>  -Absent
<B><font color = 'blue'> .</font></B>  -Absent
<B><font color = 'blue'> .</font></B>  -Absent
<B><font color = 'blue'> .</font></B>  -testing test 
<B><font color = 'blue'> .</font></B>  -aarshajoyson1601@gmail.com
<B><font color = 'blue'> .</font></B>  -glb0008
<B><font color = 'blue'> .</font></B>  -2022-11-02
<B><font color = 'blue'> .</font></B>  -Absent
<B><font color = 'blue'> .</font></B>  -Absent
<B><font color = 'blue'> .</font></B>  -undefined
<B><font color = 'blue'> .</font></B>  -Bangalore
<B><font color = 'blue'> .</font></B>  -Php
<B><font color = 'blue'> .</font></B>  -Absent
<B><font color = 'blue'> .</font></B>  -Absent
<B><font color = 'blue'> .</font></B>  -Absent
<B><font color = 'blue'> .</font></B>  -Absent
<B><font color = 'blue'> .</font></B>  -Absent
<B><font color = 'blue'> .</font></B>  -Absent
<B><font color = 'blue'> .</font></B>  -Absent
<B><font color = 'blue'> .</font></B>  -Absent
<B><font color = 'blue'> .</font></B>  -Absent
<B><font color = 'blue'> .</font></B>  -Absent
<B><font color = 'blue'> .</font></B>  -Absent
<B><font color = 'blue'> .</font></B>  -Automation CodeeeAuto 
<B><font color = 'blue'> .</font></B>  -skabcdef7@gmail.com
<B><font color = 'blue'> .</font></B>  -Emp-Abzcde-1234522
<B><font color = 'blue'> .</font></B>  -2022-11-02
<B><font color = 'blue'> .</font></B>  -Absent
<B><font color = 'blue'> .</font></B>  -Absent
<B><font color = 'blue'> .</font></B>  -undefined
<B><font color = 'blue'> .</font></B>  -Bangalore
<B><font color = 'blue'> .</font></B>  -Testing
<B><font color = 'blue'> .</font></B>  -Absent
<B><font color = 'blue'> .</font></B>  -Absent
<B><font color = 'blue'> .</font></B>  -Absent
<B><font color = 'blue'> .</font></B>  -Absent
<B><font color = 'blue'> .</font></B>  -Absent
<B><font color = 'blue'> .</font></B>  -Absent
<B><font color = 'blue'> .</font></B>  -Absent
<B><font color = 'blue'> .</font></B>  -Absent
<B><font color = 'blue'> .</font></B>  -Absent
<B><font color = 'blue'> .</font></B>  -Absent
<B><font color = 'blue'> .</font></B>  -Absent
<B><font color = 'blue'> .</font></B>  -piyush dfgsfg 
<B><font color = 'blue'> .</font></B>  -jos@gmail.com
<B><font color = 'blue'> .</font></B>  -sdgff
<B><font color = 'blue'> .</font></B>  -2022-11-02
<B><font color = 'blue'> .</font></B>  -Absent
<B><font color = 'blue'> .</font></B>  -Absent
<B><font color = 'blue'> .</font></B>  -undefined
<B><font color = 'blue'> .</font></B>  -Bangalore
<B><font color = 'blue'> .</font></B>  -Testing
<B><font color = 'blue'> .</font></B>  -Absent
<B><font color = 'blue'> .</font></B>  -Absent
<B><font color = 'blue'> .</font></B>  -Absent
<B><font color = 'blue'> .</font></B>  -Absent
<B><font color = 'blue'> .</font></B>  -Absent
<B><font color = 'blue'> .</font></B>  -Absent
<B><font color = 'blue'> .</font></B>  -Absent
<B><font color = 'blue'> .</font></B>  -Absent
<B><font color = 'blue'> .</font></B>  -Absent
<B><font color = 'blue'> .</font></B>  -Absent
<B><font color = 'blue'> .</font></B>  -Absent
<B><font color = 'blue'> .</font></B>  -Aryan raj 
<B><font color = 'blue'> .</font></B>  -alex@gmail.com
<B><font color = 'blue'> .</font></B>  -126
<B><font color = 'blue'> .</font></B>  -2022-11-02
<B><font color = 'blue'> .</font></B>  -Absent
<B><font color = 'blue'> .</font></B>  -Absent
<B><font color = 'blue'> .</font></B>  -undefined
<B><font color = 'blue'> .</font></B>  -Bangalore
<B><font color = 'blue'> .</font></B>  -Testing
<B><font color = 'blue'> .</font></B>  -Absent
<B><font color = 'blue'> .</font></B>  -Absent
<B><font color = 'blue'> .</font></B>  -Absent
<B><font color = 'blue'> .</font></B>  -Absent
<B><font color = 'blue'> .</font></B>  -Absent
<B><font color = 'blue'> .</font></B>  -Absent
<B><font color = 'blue'> .</font></B>  -Absent
<B><font color = 'blue'> .</font></B>  -Absent
<B><font color = 'blue'> .</font></B>  -Absent
<B><font color = 'blue'> .</font></B>  -Absent
<B><font color = 'blue'> .</font></B>  -Absent
<B><font color = 'blue'> .</font></B>  -Automation CodeeeAuto 
<B><font color = 'blue'> .</font></B>  -skabcdef38@gmail.com
<B><font color = 'blue'> .</font></B>  -Emp-Abzcde-123457
<B><font color = 'blue'> .</font></B>  -2022-11-02
<B><font color = 'blue'> .</font></B>  -Absent
<B><font color = 'blue'> .</font></B>  -Absent
<B><font color = 'blue'> .</font></B>  -undefined
<B><font color = 'blue'> .</font></B>  -Bangalore
<B><font color = 'blue'> .</font></B>  -Testing
<B><font color = 'blue'> .</font></B>  -Absent
<B><font color = 'blue'> .</font></B>  -Absent
<B><font color = 'blue'> .</font></B>  -Absent
<B><font color = 'blue'> .</font></B>  -Absent
<B><font color = 'blue'> .</font></B>  -Absent
<B><font color = 'blue'> .</font></B>  -Absent
<B><font color = 'blue'> .</font></B>  -Absent
<B><font color = 'blue'> .</font></B>  -Absent
<B><font color = 'blue'> .</font></B>  -Absent
<B><font color = 'blue'> .</font></B>  -Absent
<B><font color = 'blue'> .</font></B>  -Absent
<B><font color = 'blue'> .</font></B>  -Automation CodeeeAuto 
<B><font color = 'blue'> .</font></B>  -skabcdef33@gmail.com
<B><font color = 'blue'> .</font></B>  -Emp-Abzcde-1234557
<B><font color = 'blue'> .</font></B>  -2022-11-02
<B><font color = 'blue'> .</font></B>  -Absent
<B><font color = 'blue'> .</font></B>  -Absent
<B><font color = 'blue'> .</font></B>  -undefined
<B><font color = 'blue'> .</font></B>  -Bangalore
<B><font color = 'blue'> .</font></B>  -Testing
<B><font color = 'blue'> .</font></B>  -Absent
<B><font color = 'blue'> .</font></B>  -Absent
<B><font color = 'blue'> .</font></B>  -Absent
<B><font color = 'blue'> .</font></B>  -Absent
<B><font color = 'blue'> .</font></B>  -Absent
<B><font color = 'blue'> .</font></B>  -Absent
<B><font color = 'blue'> .</font></B>  -Absent
<B><font color = 'blue'> .</font></B>  -Absent
<B><font color = 'blue'> .</font></B>  -Absent
<B><font color = 'blue'> .</font></B>  -Absent
<B><font color = 'blue'> .</font></B>  -Absent
<B><font color = 'blue'> .</font></B>  -D Surya Prabhakar 
<B><font color = 'blue'> .</font></B>  -surya1@gmail.com
<B><font color = 'blue'> .</font></B>  -EM010
<B><font color = 'blue'> .</font></B>  -2022-11-02
<B><font color = 'blue'> .</font></B>  -Absent
<B><font color = 'blue'> .</font></B>  -Absent
<B><font color = 'blue'> .</font></B>  -undefined
<B><font color = 'blue'> .</font></B>  -bengaluru
<B><font color = 'blue'> .</font></B>  -Testing
<B><font color = 'blue'> .</font></B>  -Absent
<B><font color = 'blue'> .</font></B>  -Absent
<B><font color = 'blue'> .</font></B>  -Absent
<B><font color = 'blue'> .</font></B>  -Absent
<B><font color = 'blue'> .</font></B>  -Absent
<B><font color = 'blue'> .</font></B>  -Absent
<B><font color = 'blue'> .</font></B>  -Absent
<B><font color = 'blue'> .</font></B>  -Absent
<B><font color = 'blue'> .</font></B>  -Absent
<B><font color = 'blue'> .</font></B>  -Absent
<B><font color = 'blue'> .</font></B>  -Absent
<B><font color = 'blue'> .</font></B>  -R o       hit Sharma 
<B><font color = 'blue'> .</font></B>  -rahulrajt5613928@gmail.com
<B><font color = 'blue'> .</font></B>  -67645
<B><font color = 'blue'> .</font></B>  -2022-11-02
<B><font color = 'blue'> .</font></B>  -Absent
<B><font color = 'blue'> .</font></B>  -Absent
<B><font color = 'blue'> .</font></B>  -undefined
<B><font color = 'blue'> .</font></B>  -bengaluru
<B><font color = 'blue'> .</font></B>  -Testing
<B><font color = 'blue'> .</font></B>  -Absent
<B><font color = 'blue'> .</font></B>  -Absent
<B><font color = 'blue'> .</font></B>  -Absent
<B><font color = 'blue'> .</font></B>  -Absent
<B><font color = 'blue'> .</font></B>  -Absent
<B><font color = 'blue'> .</font></B>  -Absent
<B><font color = 'blue'> .</font></B>  -Absent
<B><font color = 'blue'> .</font></B>  -Absent
<B><font color = 'blue'> .</font></B>  -Absent
<B><font color = 'blue'> .</font></B>  -Absent
<B><font color = 'blue'> .</font></B>  -Absent
<B><font color = 'blue'> .</font></B>  -ni test 
<B><font color = 'blue'> .</font></B>  -nitest12@gmail.com
<B><font color = 'blue'> .</font></B>  -GLB678
<B><font color = 'blue'> .</font></B>  -2022-11-02
<B><font color = 'blue'> .</font></B>  -Absent
<B><font color = 'blue'> .</font></B>  -Absent
<B><font color = 'blue'> .</font></B>  -undefined
<B><font color = 'blue'> .</font></B>  -bengaluru
<B><font color = 'blue'> .</font></B>  -Testing
<B><font color = 'blue'> .</font></B>  -Absent
<B><font color = 'blue'> .</font></B>  -Absent
<B><font color = 'blue'> .</font></B>  -Absent
<B><font color = 'blue'> .</font></B>  -Absent
<B><font color = 'blue'> .</font></B>  -Absent
<B><font color = 'blue'> .</font></B>  -Absent
<B><font color = 'blue'> .</font></B>  -Absent
<B><font color = 'blue'> .</font></B>  -Absent
<B><font color = 'blue'> .</font></B>  -Absent
<B><font color = 'blue'> .</font></B>  -Absent
<B><font color = 'blue'> .</font></B>  -Absent
<B><font color = 'blue'> .</font></B>  -one test 
<B><font color = 'blue'> .</font></B>  -testone1234@gmail.com
<B><font color = 'blue'> .</font></B>  -0110
<B><font color = 'blue'> .</font></B>  -2022-11-02
<B><font color = 'blue'> .</font></B>  -Absent
<B><font color = 'blue'> .</font></B>  -Absent
<B><font color = 'blue'> .</font></B>  -undefined
<B><font color = 'blue'> .</font></B>  -bengaluru
<B><font color = 'blue'> .</font></B>  -Testing
<B><font color = 'blue'> .</font></B>  -Absent
<B><font color = 'blue'> .</font></B>  -Absent
<B><font color = 'blue'> .</font></B>  -Absent
<B><font color = 'blue'> .</font></B>  -Absent
<B><font color = 'blue'> .</font></B>  -Absent
<B><font color = 'blue'> .</font></B>  -Absent
<B><font color = 'blue'> .</font></B>  -Absent
<B><font color = 'blue'> .</font></B>  -Absent
<B><font color = 'blue'> .</font></B>  -Absent
<B><font color = 'blue'> .</font></B>  -Absent
<B><font color = 'blue'> .</font></B>  -Absent
<B><font color = 'blue'> .</font></B>  -GLB-BLR-010-PC - GLB-BLR-010 
<B><font color = 'blue'> .</font></B>  -abcd@yuksdgus
<B><font color = 'blue'> .</font></B>  -GLB-BLR-010
<B><font color = 'blue'> .</font></B>  -2022-11-02
<B><font color = 'blue'> .</font></B>  -Absent
<B><font color = 'blue'> .</font></B>  -Absent
<B><font color = 'blue'> .</font></B>  -undefined
<B><font color = 'blue'> .</font></B>  -bengaluru
<B><font color = 'blue'> .</font></B>  -Testing
<B><font color = 'blue'> .</font></B>  -Absent
<B><font color = 'blue'> .</font></B>  -Absent
<B><font color = 'blue'> .</font></B>  -Absent
<B><font color = 'blue'> .</font></B>  -Absent
<B><font color = 'blue'> .</font></B>  -Absent
<B><font color = 'blue'> .</font></B>  -Absent
<B><font color = 'blue'> .</font></B>  -Absent
<B><font color = 'blue'> .</font></B>  -Absent
<B><font color = 'blue'> .</font></B>  -Absent
<B><font color = 'blue'> .</font></B>  -Absent
<B><font color = 'blue'> .</font></B>  -Absent
<B><font color = 'blue'> .</font></B>  -surya kk 
<B><font color = 'blue'> .</font></B>  -123@gmail.com
<B><font color = 'blue'> .</font></B>  -mmmmm
<B><font color = 'blue'> .</font></B>  -2022-11-02
<B><font color = 'blue'> .</font></B>  -Absent
<B><font color = 'blue'> .</font></B>  -Absent
<B><font color = 'blue'> .</font></B>  -undefined
<B><font color = 'blue'> .</font></B>  -Tamilnadu
<B><font color = 'blue'> .</font></B>  -Test and Dev
<B><font color = 'blue'> .</font></B>  -Absent
<B><font color = 'blue'> .</font></B>  -Absent
<B><font color = 'blue'> .</font></B>  -Absent
<B><font color = 'blue'> .</font></B>  -Absent
<B><font color = 'blue'> .</font></B>  -Absent
<B><font color = 'blue'> .</font></B>  -Absent
<B><font color = 'blue'> .</font></B>  -Absent
<B><font color = 'blue'> .</font></B>  -Absent
<B><font color = 'blue'> .</font></B>  -Absent
<B><font color = 'blue'> .</font></B>  -Absent
<B><font color = 'blue'> .</font></B>  -Absent
<B><font color = 'blue'> .</font></B>  -sai kk 
<B><font color = 'blue'> .</font></B>  -saikk19876@gmail.com
<B><font color = 'blue'> .</font></B>  -20221019
<B><font color = 'blue'> .</font></B>  -2022-11-02
<B><font color = 'blue'> .</font></B>  -Absent
<B><font color = 'blue'> .</font></B>  -Absent
<B><font color = 'blue'> .</font></B>  -undefined
<B><font color = 'blue'> .</font></B>  -Tamilnadu
<B><font color = 'blue'> .</font></B>  -Test and Dev
<B><font color = 'blue'> .</font></B>  -Absent
<B><font color = 'blue'> .</font></B>  -Absent
<B><font color = 'blue'> .</font></B>  -Absent
<B><font color = 'blue'> .</font></B>  -Absent
<B><font color = 'blue'> .</font></B>  -Absent
<B><font color = 'blue'> .</font></B>  -Absent
<B><font color = 'blue'> .</font></B>  -Absent
<B><font color = 'blue'> .</font></B>  -Absent
<B><font color = 'blue'> .</font></B>  -Absent
<B><font color = 'blue'> .</font></B>  -Absent
<B><font color = 'blue'> .</font></B>  -Absent
<B><font color = 'blue'> .</font></B>  -ajeethemp test 
<B><font color = 'blue'> .</font></B>  -ajeethemp@gmail.com
<B><font color = 'blue'> .</font></B>  -A01
<B><font color = 'blue'> .</font></B>  -2022-11-02
<B><font color = 'blue'> .</font></B>  -Absent
<B><font color = 'blue'> .</font></B>  -Absent
<B><font color = 'blue'> .</font></B>  -undefined
<B><font color = 'blue'> .</font></B>  -Tamilnadu
<B><font color = 'blue'> .</font></B>  -Test and Dev
<B><font color = 'blue'> .</font></B>  -Absent
<B><font color = 'blue'> .</font></B>  -Absent
<B><font color = 'blue'> .</font></B>  -Absent
<B><font color = 'blue'> .</font></B>  -Absent
<B><font color = 'blue'> .</font></B>  -Absent
<B><font color = 'blue'> .</font></B>  -Absent
<B><font color = 'blue'> .</font></B>  -Absent
<B><font color = 'blue'> .</font></B>  -Absent
<B><font color = 'blue'> .</font></B>  -Absent
<B><font color = 'blue'> .</font></B>  -Absent
<B><font color = 'blue'> .</font></B>  -Absent
<B><font color = 'blue'> .</font></B>  -dxgfdxg gssdg 
<B><font color = 'blue'> .</font></B>  -sdgsg@dgksodkg.in
<B><font color = 'blue'> .</font></B>  -asfda343443
<B><font color = 'blue'> .</font></B>  -2022-11-02
<B><font color = 'blue'> .</font></B>  -Absent
<B><font color = 'blue'> .</font></B>  -Absent
<B><font color = 'blue'> .</font></B>  -undefined
<B><font color = 'blue'> .</font></B>  -Bhilai
<B><font color = 'blue'> .</font></B>  -Php
<B><font color = 'blue'> .</font></B>  -Absent
<B><font color = 'blue'> .</font></B>  -Absent
<B><font color = 'blue'> .</font></B>  -Absent
<B><font color = 'blue'> .</font></B>  -Absent
<B><font color = 'blue'> .</font></B>  -Absent
<B><font color = 'blue'> .</font></B>  -Absent
<B><font color = 'blue'> .</font></B>  -Absent
<B><font color = 'blue'> .</font></B>  -Absent
<B><font color = 'blue'> .</font></B>  -Absent
<B><font color = 'blue'> .</font></B>  -Absent
<B><font color = 'blue'> .</font></B>  -Absent
<B><font color = 'blue'> .</font></B>  -Guest User 
<B><font color = 'blue'> .</font></B>  -guestuser@gmail.com
<B><font color = 'blue'> .</font></B>  -GLB-777
<B><font color = 'blue'> .</font></B>  -2022-11-02
<B><font color = 'blue'> .</font></B>  -Absent
<B><font color = 'blue'> .</font></B>  -Absent
<B><font color = 'blue'> .</font></B>  -undefined
<B><font color = 'blue'> .</font></B>  -Bhilai
<B><font color = 'blue'> .</font></B>  -Php
<B><font color = 'blue'> .</font></B>  -Absent
<B><font color = 'blue'> .</font></B>  -Absent
<B><font color = 'blue'> .</font></B>  -Absent
<B><font color = 'blue'> .</font></B>  -Absent
<B><font color = 'blue'> .</font></B>  -Absent
<B><font color = 'blue'> .</font></B>  -Absent
<B><font color = 'blue'> .</font></B>  -Absent
<B><font color = 'blue'> .</font></B>  -Absent
<B><font color = 'blue'> .</font></B>  -Absent
<B><font color = 'blue'> .</font></B>  -Absent
<B><font color = 'blue'> .</font></B>  -Absent
<B><font color = 'blue'> .</font></B>  -dominic toretto 
<B><font color = 'blue'> .</font></B>  -dom.toretto737@gmail.com
<B><font color = 'blue'> .</font></B>  -EMP011
<B><font color = 'blue'> .</font></B>  -2022-11-01
<B><font color = 'blue'> .</font></B>  -01-11-2022 15:19:17
<B><font color = 'blue'> .</font></B>  -01-11-2022 15:19:18
<B><font color = 'blue'> .</font></B>  -GLB-110-PC
<B><font color = 'blue'> .</font></B>  -Bangalore
<B><font color = 'blue'> .</font></B>  -Testing
<B><font color = 'blue'> .</font></B>  -00:00:01
<B><font color = 'blue'> .</font></B>  -00:00:00
<B><font color = 'blue'> .</font></B>  -00:00:00
<B><font color = 'blue'> .</font></B>  -00:00:00
<B><font color = 'blue'> .</font></B>  -00:00:00
<B><font color = 'blue'> .</font></B>  -00:00:00
<B><font color = 'blue'> .</font></B>  -00:00:00
<B><font color = 'blue'> .</font></B>  -00:00:01
<B><font color = 'blue'> .</font></B>  -0.00%
<B><font color = 'blue'> .</font></B>  --480:00
<B><font color = 'blue'> .</font></B>  -0.00
<B><font color = 'blue'> .</font></B>  -ni test 
<B><font color = 'blue'> .</font></B>  -nitest12@gmail.com
<B><font color = 'blue'> .</font></B>  -GLB678
<B><font color = 'blue'> .</font></B>  -2022-11-01
<B><font color = 'blue'> .</font></B>  -01-11-2022 15:48:04
<B><font color = 'blue'> .</font></B>  -01-11-2022 15:48:05
<B><font color = 'blue'> .</font></B>  -GLB-124-PC
<B><font color = 'blue'> .</font></B>  -bengaluru
<B><font color = 'blue'> .</font></B>  -Testing
<B><font color = 'blue'> .</font></B>  -00:00:01
<B><font color = 'blue'> .</font></B>  -00:00:00
<B><font color = 'blue'> .</font></B>  -00:00:00
<B><font color = 'blue'> .</font></B>  -00:00:00
<B><font color = 'blue'> .</font></B>  -00:00:00
<B><font color = 'blue'> .</font></B>  -00:00:00
<B><font color = 'blue'> .</font></B>  -00:00:00
<B><font color = 'blue'> .</font></B>  -00:00:01
<B><font color = 'blue'> .</font></B>  -0.00%
<B><font color = 'blue'> .</font></B>  --480:00
<B><font color = 'blue'> .</font></B>  -0.00
<B><font color = 'blue'> .</font></B>  -sithu kalluru 
<B><font color = 'blue'> .</font></B>  -sitaramireddy@globussoft.in
<B><font color = 'blue'> .</font></B>  -code12
<B><font color = 'blue'> .</font></B>  -2022-11-01
<B><font color = 'blue'> .</font></B>  -01-11-2022 16:14:32
<B><font color = 'blue'> .</font></B>  -01-11-2022 16:17:32
<B><font color = 'blue'> .</font></B>  -DESKTOP-PJJHB19
<B><font color = 'blue'> .</font></B>  -Bangalore
<B><font color = 'blue'> .</font></B>  -Testing
<B><font color = 'blue'> .</font></B>  -00:03:00
<B><font color = 'blue'> .</font></B>  -00:00:00
<B><font color = 'blue'> .</font></B>  -00:00:00
<B><font color = 'blue'> .</font></B>  -00:00:00
<B><font color = 'blue'> .</font></B>  -00:00:00
<B><font color = 'blue'> .</font></B>  -00:00:00
<B><font color = 'blue'> .</font></B>  -00:00:00
<B><font color = 'blue'> .</font></B>  -00:03:00
<B><font color = 'blue'> .</font></B>  -0.00%
<B><font color = 'blue'> .</font></B>  --480:00
<B><font color = 'blue'> .</font></B>  -0.00
<B><font color = 'blue'> .</font></B>  -Virat kohli 
<B><font color = 'blue'> .</font></B>  -rahukbgdxgsf@gmail.com
<B><font color = 'blue'> .</font></B>  -65332
<B><font color = 'blue'> .</font></B>  -2022-11-01
<B><font color = 'blue'> .</font></B>  -01-11-2022 00:00:00
<B><font color = 'blue'> .</font></B>  -01-11-2022 00:01:04
<B><font color = 'blue'> .</font></B>  -GLB-124-PC
<B><font color = 'blue'> .</font></B>  -Default
<B><font color = 'blue'> .</font></B>  -Default
<B><font color = 'blue'> .</font></B>  -00:01:04
<B><font color = 'blue'> .</font></B>  -00:00:00
<B><font color = 'blue'> .</font></B>  -00:00:00
<B><font color = 'blue'> .</font></B>  -00:00:00
<B><font color = 'blue'> .</font></B>  -00:00:00
<B><font color = 'blue'> .</font></B>  -00:00:00
<B><font color = 'blue'> .</font></B>  -00:00:00
<B><font color = 'blue'> .</font></B>  -00:01:04
<B><font color = 'blue'> .</font></B>  -0.00%
<B><font color = 'blue'> .</font></B>  --480:00
<B><font color = 'blue'> .</font></B>  -0.00
<B><font color = 'blue'> .</font></B>  -Mail Test user 
<B><font color = 'blue'> .</font></B>  -maintest@user.io
<B><font color = 'blue'> .</font></B>  -GLB-1223888
<B><font color = 'blue'> .</font></B>  -2022-11-01
<B><font color = 'blue'> .</font></B>  -01-11-2022 12:28:37
<B><font color = 'blue'> .</font></B>  -01-11-2022 12:28:38
<B><font color = 'blue'> .</font></B>  -GLB-124-PC
<B><font color = 'blue'> .</font></B>  -Default
<B><font color = 'blue'> .</font></B>  -Default
<B><font color = 'blue'> .</font></B>  -00:00:01
<B><font color = 'blue'> .</font></B>  -00:00:00
<B><font color = 'blue'> .</font></B>  -00:00:00
<B><font color = 'blue'> .</font></B>  -00:00:00
<B><font color = 'blue'> .</font></B>  -00:00:00
<B><font color = 'blue'> .</font></B>  -00:00:00
<B><font color = 'blue'> .</font></B>  -00:00:00
<B><font color = 'blue'> .</font></B>  -00:00:01
<B><font color = 'blue'> .</font></B>  -0.00%
<B><font color = 'blue'> .</font></B>  --480:00
<B><font color = 'blue'> .</font></B>  -0.00
<B><font color = 'blue'> .</font></B>  -test user two 
<B><font color = 'blue'> .</font></B>  -testuser@two.io
<B><font color = 'blue'> .</font></B>  -GSLL-327
<B><font color = 'blue'> .</font></B>  -2022-11-01
<B><font color = 'blue'> .</font></B>  -01-11-2022 13:07:59
<B><font color = 'blue'> .</font></B>  -02-11-2022 00:00:00
<B><font color = 'blue'> .</font></B>  -GLB-124-PC
<B><font color = 'blue'> .</font></B>  -Tamilnadu
<B><font color = 'blue'> .</font></B>  -Test and Dev
<B><font color = 'blue'> .</font></B>  -10:52:01
<B><font color = 'blue'> .</font></B>  -00:00:00
<B><font color = 'blue'> .</font></B>  -00:00:00
<B><font color = 'blue'> .</font></B>  -00:00:00
<B><font color = 'blue'> .</font></B>  -00:00:00
<B><font color = 'blue'> .</font></B>  -00:00:00
<B><font color = 'blue'> .</font></B>  -00:00:00
<B><font color = 'blue'> .</font></B>  -10:52:01
<B><font color = 'blue'> .</font></B>  -0.00%
<B><font color = 'blue'> .</font></B>  --480:00
<B><font color = 'blue'> .</font></B>  -0.00
<B><font color = 'blue'> .</font></B>  -Update Check 
<B><font color = 'blue'> .</font></B>  -updates@gmail.com
<B><font color = 'blue'> .</font></B>  -emp543
<B><font color = 'blue'> .</font></B>  -2022-11-01
<B><font color = 'blue'> .</font></B>  -01-11-2022 12:10:26
<B><font color = 'blue'> .</font></B>  -01-11-2022 18:27:49
<B><font color = 'blue'> .</font></B>  -GLB-124-PC
<B><font color = 'blue'> .</font></B>  -Default
<B><font color = 'blue'> .</font></B>  -Default
<B><font color = 'blue'> .</font></B>  -06:17:23
<B><font color = 'blue'> .</font></B>  -00:00:00
<B><font color = 'blue'> .</font></B>  -00:00:00
<B><font color = 'blue'> .</font></B>  -00:00:00
<B><font color = 'blue'> .</font></B>  -00:00:00
<B><font color = 'blue'> .</font></B>  -00:00:00
<B><font color = 'blue'> .</font></B>  -00:00:00
<B><font color = 'blue'> .</font></B>  -06:17:23
<B><font color = 'blue'> .</font></B>  -0.00%
<B><font color = 'blue'> .</font></B>  --480:00
<B><font color = 'blue'> .</font></B>  -0.00
<B><font color = 'blue'> .</font></B>  -Himanshu Kumar 
<B><font color = 'blue'> .</font></B>  -himanshu1@gmail.com
<B><font color = 'blue'> .</font></B>  -EM011
<B><font color = 'blue'> .</font></B>  -2022-11-01
<B><font color = 'blue'> .</font></B>  -01-11-2022 15:27:34
<B><font color = 'blue'> .</font></B>  -02-11-2022 00:00:00
<B><font color = 'blue'> .</font></B>  -GLB-181
<B><font color = 'blue'> .</font></B>  -bagalkot
<B><font color = 'blue'> .</font></B>  -manual testing
<B><font color = 'blue'> .</font></B>  -08:32:26
<B><font color = 'blue'> .</font></B>  -00:00:00
<B><font color = 'blue'> .</font></B>  -00:00:00
<B><font color = 'blue'> .</font></B>  -00:00:00
<B><font color = 'blue'> .</font></B>  -00:00:00
<B><font color = 'blue'> .</font></B>  -00:00:00
<B><font color = 'blue'> .</font></B>  -00:00:00
<B><font color = 'blue'> .</font></B>  -08:32:26
<B><font color = 'blue'> .</font></B>  -0.00%
<B><font color = 'blue'> .</font></B>  --480:00
<B><font color = 'blue'> .</font></B>  -0.00
<B><font color = 'blue'> .</font></B>  -sadas kadkasdj 
<B><font color = 'blue'> .</font></B>  -dsa@eqe
<B><font color = 'blue'> .</font></B>  -emp129666
<B><font color = 'blue'> .</font></B>  -2022-11-01
<B><font color = 'blue'> .</font></B>  -Absent
<B><font color = 'blue'> .</font></B>  -Absent
<B><font color = 'blue'> .</font></B>  -undefined
<B><font color = 'blue'> .</font></B>  -Default
<B><font color = 'blue'> .</font></B>  -Default
<B><font color = 'blue'> .</font></B>  -Absent
<B><font color = 'blue'> .</font></B>  -Absent
<B><font color = 'blue'> .</font></B>  -Absent
<B><font color = 'blue'> .</font></B>  -Absent
<B><font color = 'blue'> .</font></B>  -Absent
<B><font color = 'blue'> .</font></B>  -Absent
<B><font color = 'blue'> .</font></B>  -Absent
<B><font color = 'blue'> .</font></B>  -Absent
<B><font color = 'blue'> .</font></B>  -Absent
<B><font color = 'blue'> .</font></B>  -Absent
<B><font color = 'blue'> .</font></B>  -Absent
<B><font color = 'blue'> .</font></B>  -New Test 
<B><font color = 'blue'> .</font></B>  -newtest@gmail.com
<B><font color = 'blue'> .</font></B>  -ewer334443
<B><font color = 'blue'> .</font></B>  -2022-11-01
<B><font color = 'blue'> .</font></B>  -Absent
<B><font color = 'blue'> .</font></B>  -Absent
<B><font color = 'blue'> .</font></B>  -undefined
<B><font color = 'blue'> .</font></B>  -Default
<B><font color = 'blue'> .</font></B>  -Default
<B><font color = 'blue'> .</font></B>  -Absent
<B><font color = 'blue'> .</font></B>  -Absent
<B><font color = 'blue'> .</font></B>  -Absent
<B><font color = 'blue'> .</font></B>  -Absent
<B><font color = 'blue'> .</font></B>  -Absent
<B><font color = 'blue'> .</font></B>  -Absent
<B><font color = 'blue'> .</font></B>  -Absent
<B><font color = 'blue'> .</font></B>  -Absent
<B><font color = 'blue'> .</font></B>  -Absent
<B><font color = 'blue'> .</font></B>  -Absent
<B><font color = 'blue'> .</font></B>  -Absent
<B><font color = 'blue'> .</font></B>  -dshcdb uidsbf 
<B><font color = 'blue'> .</font></B>  -dvbvdb@yahoo.com
<B><font color = 'blue'> .</font></B>  -435454
<B><font color = 'blue'> .</font></B>  -2022-11-01
<B><font color = 'blue'> .</font></B>  -Absent
<B><font color = 'blue'> .</font></B>  -Absent
<B><font color = 'blue'> .</font></B>  -undefined
<B><font color = 'blue'> .</font></B>  -Default
<B><font color = 'blue'> .</font></B>  -Default
<B><font color = 'blue'> .</font></B>  -Absent
<B><font color = 'blue'> .</font></B>  -Absent
<B><font color = 'blue'> .</font></B>  -Absent
<B><font color = 'blue'> .</font></B>  -Absent
<B><font color = 'blue'> .</font></B>  -Absent
<B><font color = 'blue'> .</font></B>  -Absent
<B><font color = 'blue'> .</font></B>  -Absent
<B><font color = 'blue'> .</font></B>  -Absent
<B><font color = 'blue'> .</font></B>  -Absent
<B><font color = 'blue'> .</font></B>  -Absent
<B><font color = 'blue'> .</font></B>  -Absent
<B><font color = 'blue'> .</font></B>  -try last 
<B><font color = 'blue'> .</font></B>  -try@gmail.com
<B><font color = 'blue'> .</font></B>  -1225455
<B><font color = 'blue'> .</font></B>  -2022-11-01
<B><font color = 'blue'> .</font></B>  -Absent
<B><font color = 'blue'> .</font></B>  -Absent
<B><font color = 'blue'> .</font></B>  -undefined
<B><font color = 'blue'> .</font></B>  -Default
<B><font color = 'blue'> .</font></B>  -Default
<B><font color = 'blue'> .</font></B>  -Absent
<B><font color = 'blue'> .</font></B>  -Absent
<B><font color = 'blue'> .</font></B>  -Absent
<B><font color = 'blue'> .</font></B>  -Absent
<B><font color = 'blue'> .</font></B>  -Absent
<B><font color = 'blue'> .</font></B>  -Absent
<B><font color = 'blue'> .</font></B>  -Absent
<B><font color = 'blue'> .</font></B>  -Absent
<B><font color = 'blue'> .</font></B>  -Absent
<B><font color = 'blue'> .</font></B>  -Absent
<B><font color = 'blue'> .</font></B>  -Absent
<B><font color = 'blue'> .</font></B>  -vdjvdb yusvdvbbh 
<B><font color = 'blue'> .</font></B>  -dvhbfdh@gmail.com
<B><font color = 'blue'> .</font></B>  -wq534342
<B><font color = 'blue'> .</font></B>  -2022-11-01
<B><font color = 'blue'> .</font></B>  -Absent
<B><font color = 'blue'> .</font></B>  -Absent
<B><font color = 'blue'> .</font></B>  -undefined
<B><font color = 'blue'> .</font></B>  -Default
<B><font color = 'blue'> .</font></B>  -Default
<B><font color = 'blue'> .</font></B>  -Absent
<B><font color = 'blue'> .</font></B>  -Absent
<B><font color = 'blue'> .</font></B>  -Absent
<B><font color = 'blue'> .</font></B>  -Absent
<B><font color = 'blue'> .</font></B>  -Absent
<B><font color = 'blue'> .</font></B>  -Absent
<B><font color = 'blue'> .</font></B>  -Absent
<B><font color = 'blue'> .</font></B>  -Absent
<B><font color = 'blue'> .</font></B>  -Absent
<B><font color = 'blue'> .</font></B>  -Absent
<B><font color = 'blue'> .</font></B>  -Absent
<B><font color = 'blue'> .</font></B>  -test manager 
<B><font color = 'blue'> .</font></B>  -manageremp@gmail.com
<B><font color = 'blue'> .</font></B>  -glb020
<B><font color = 'blue'> .</font></B>  -2022-11-01
<B><font color = 'blue'> .</font></B>  -Absent
<B><font color = 'blue'> .</font></B>  -Absent
<B><font color = 'blue'> .</font></B>  -undefined
<B><font color = 'blue'> .</font></B>  -Default
<B><font color = 'blue'> .</font></B>  -Default
<B><font color = 'blue'> .</font></B>  -Absent
<B><font color = 'blue'> .</font></B>  -Absent
<B><font color = 'blue'> .</font></B>  -Absent
<B><font color = 'blue'> .</font></B>  -Absent
<B><font color = 'blue'> .</font></B>  -Absent
<B><font color = 'blue'> .</font></B>  -Absent
<B><font color = 'blue'> .</font></B>  -Absent
<B><font color = 'blue'> .</font></B>  -Absent
<B><font color = 'blue'> .</font></B>  -Absent
<B><font color = 'blue'> .</font></B>  -Absent
<B><font color = 'blue'> .</font></B>  -Absent
<B><font color = 'blue'> .</font></B>  -DESKTOP-PJJHB19 - GLB-BLR-002OjUpRD2 
<B><font color = 'blue'> .</font></B>  --
<B><font color = 'blue'> .</font></B>  -GLB-BLR-002OjUpRD2
<B><font color = 'blue'> .</font></B>  -2022-11-01
<B><font color = 'blue'> .</font></B>  -Absent
<B><font color = 'blue'> .</font></B>  -Absent
<B><font color = 'blue'> .</font></B>  -undefined
<B><font color = 'blue'> .</font></B>  -Default
<B><font color = 'blue'> .</font></B>  -Default
<B><font color = 'blue'> .</font></B>  -Absent
<B><font color = 'blue'> .</font></B>  -Absent
<B><font color = 'blue'> .</font></B>  -Absent
<B><font color = 'blue'> .</font></B>  -Absent
<B><font color = 'blue'> .</font></B>  -Absent
<B><font color = 'blue'> .</font></B>  -Absent
<B><font color = 'blue'> .</font></B>  -Absent
<B><font color = 'blue'> .</font></B>  -Absent
<B><font color = 'blue'> .</font></B>  -Absent
<B><font color = 'blue'> .</font></B>  -Absent
<B><font color = 'blue'> .</font></B>  -Absent
<B><font color = 'blue'> .</font></B>  -Usb Test 
<B><font color = 'blue'> .</font></B>  -usbtest123@gmail.com
<B><font color = 'blue'> .</font></B>  -emp0097
<B><font color = 'blue'> .</font></B>  -2022-11-01
<B><font color = 'blue'> .</font></B>  -Absent
<B><font color = 'blue'> .</font></B>  -Absent
<B><font color = 'blue'> .</font></B>  -undefined
<B><font color = 'blue'> .</font></B>  -Default
<B><font color = 'blue'> .</font></B>  -Default
<B><font color = 'blue'> .</font></B>  -Absent
<B><font color = 'blue'> .</font></B>  -Absent
<B><font color = 'blue'> .</font></B>  -Absent
<B><font color = 'blue'> .</font></B>  -Absent
<B><font color = 'blue'> .</font></B>  -Absent
<B><font color = 'blue'> .</font></B>  -Absent
<B><font color = 'blue'> .</font></B>  -Absent
<B><font color = 'blue'> .</font></B>  -Absent
<B><font color = 'blue'> .</font></B>  -Absent
<B><font color = 'blue'> .</font></B>  -Absent
<B><font color = 'blue'> .</font></B>  -Absent
<B><font color = 'blue'> .</font></B>  -SS Keystrokes 
<B><font color = 'blue'> .</font></B>  -sskey@gmail.com
<B><font color = 'blue'> .</font></B>  -emp98y
<B><font color = 'blue'> .</font></B>  -2022-11-01
<B><font color = 'blue'> .</font></B>  -Absent
<B><font color = 'blue'> .</font></B>  -Absent
<B><font color = 'blue'> .</font></B>  -undefined
<B><font color = 'blue'> .</font></B>  -Default
<B><font color = 'blue'> .</font></B>  -Default
<B><font color = 'blue'> .</font></B>  -Absent
<B><font color = 'blue'> .</font></B>  -Absent
<B><font color = 'blue'> .</font></B>  -Absent
<B><font color = 'blue'> .</font></B>  -Absent
<B><font color = 'blue'> .</font></B>  -Absent
<B><font color = 'blue'> .</font></B>  -Absent
<B><font color = 'blue'> .</font></B>  -Absent
<B><font color = 'blue'> .</font></B>  -Absent
<B><font color = 'blue'> .</font></B>  -Absent
<B><font color = 'blue'> .</font></B>  -Absent
<B><font color = 'blue'> .</font></B>  -Absent
<B><font color = 'blue'> .</font></B>  -shivammmmmmmmmmmmmmmmmmmm Kumar 
<B><font color = 'blue'> .</font></B>  -kgfyash545@gmail.com
<B><font color = 'blue'> .</font></B>  -hsakhdjk414
<B><font color = 'blue'> .</font></B>  -2022-11-01
<B><font color = 'blue'> .</font></B>  -Absent
<B><font color = 'blue'> .</font></B>  -Absent
<B><font color = 'blue'> .</font></B>  -undefined
<B><font color = 'blue'> .</font></B>  -Default
<B><font color = 'blue'> .</font></B>  -Default
<B><font color = 'blue'> .</font></B>  -Absent
<B><font color = 'blue'> .</font></B>  -Absent
<B><font color = 'blue'> .</font></B>  -Absent
<B><font color = 'blue'> .</font></B>  -Absent
<B><font color = 'blue'> .</font></B>  -Absent
<B><font color = 'blue'> .</font></B>  -Absent
<B><font color = 'blue'> .</font></B>  -Absent
<B><font color = 'blue'> .</font></B>  -Absent
<B><font color = 'blue'> .</font></B>  -Absent
<B><font color = 'blue'> .</font></B>  -Absent
<B><font color = 'blue'> .</font></B>  -Absent
<B><font color = 'blue'> .</font></B>  -Abhishek Four tf test 
<B><font color = 'blue'> .</font></B>  -abhishekfourtf@mail.com
<B><font color = 'blue'> .</font></B>  -HLIKSJ98
<B><font color = 'blue'> .</font></B>  -2022-11-01
<B><font color = 'blue'> .</font></B>  -Absent
<B><font color = 'blue'> .</font></B>  -Absent
<B><font color = 'blue'> .</font></B>  -undefined
<B><font color = 'blue'> .</font></B>  -Default
<B><font color = 'blue'> .</font></B>  -Default
<B><font color = 'blue'> .</font></B>  -Absent
<B><font color = 'blue'> .</font></B>  -Absent
<B><font color = 'blue'> .</font></B>  -Absent
<B><font color = 'blue'> .</font></B>  -Absent
<B><font color = 'blue'> .</font></B>  -Absent
<B><font color = 'blue'> .</font></B>  -Absent
<B><font color = 'blue'> .</font></B>  -Absent
<B><font color = 'blue'> .</font></B>  -Absent
<B><font color = 'blue'> .</font></B>  -Absent
<B><font color = 'blue'> .</font></B>  -Absent
<B><font color = 'blue'> .</font></B>  -Absent
<B><font color = 'blue'> .</font></B>  -new dev user 
<B><font color = 'blue'> .</font></B>  -new@dev.user
<B><font color = 'blue'> .</font></B>  -fdfsfsd
<B><font color = 'blue'> .</font></B>  -2022-11-01
<B><font color = 'blue'> .</font></B>  -Absent
<B><font color = 'blue'> .</font></B>  -Absent
<B><font color = 'blue'> .</font></B>  -undefined
<B><font color = 'blue'> .</font></B>  -Default
<B><font color = 'blue'> .</font></B>  -Default
<B><font color = 'blue'> .</font></B>  -Absent
<B><font color = 'blue'> .</font></B>  -Absent
<B><font color = 'blue'> .</font></B>  -Absent
<B><font color = 'blue'> .</font></B>  -Absent
<B><font color = 'blue'> .</font></B>  -Absent
<B><font color = 'blue'> .</font></B>  -Absent
<B><font color = 'blue'> .</font></B>  -Absent
<B><font color = 'blue'> .</font></B>  -Absent
<B><font color = 'blue'> .</font></B>  -Absent
<B><font color = 'blue'> .</font></B>  -Absent
<B><font color = 'blue'> .</font></B>  -Absent
<B><font color = 'blue'> .</font></B>  -aaaaaaaaaa aaaaaaaaa 
<B><font color = 'blue'> .</font></B>  -mmmm@gmail.com
<B><font color = 'blue'> .</font></B>  -80765s
<B><font color = 'blue'> .</font></B>  -2022-11-01
<B><font color = 'blue'> .</font></B>  -Absent
<B><font color = 'blue'> .</font></B>  -Absent
<B><font color = 'blue'> .</font></B>  -undefined
<B><font color = 'blue'> .</font></B>  -Bangalore
<B><font color = 'blue'> .</font></B>  -Testing
<B><font color = 'blue'> .</font></B>  -Absent
<B><font color = 'blue'> .</font></B>  -Absent
<B><font color = 'blue'> .</font></B>  -Absent
<B><font color = 'blue'> .</font></B>  -Absent
<B><font color = 'blue'> .</font></B>  -Absent
<B><font color = 'blue'> .</font></B>  -Absent
<B><font color = 'blue'> .</font></B>  -Absent
<B><font color = 'blue'> .</font></B>  -Absent
<B><font color = 'blue'> .</font></B>  -Absent
<B><font color = 'blue'> .</font></B>  -Absent
<B><font color = 'blue'> .</font></B>  -Absent
<B><font color = 'blue'> .</font></B>  -sumesh test 
<B><font color = 'blue'> .</font></B>  -sumesh@mail.com
<B><font color = 'blue'> .</font></B>  -fdgfdgf
<B><font color = 'blue'> .</font></B>  -2022-11-01
<B><font color = 'blue'> .</font></B>  -Absent
<B><font color = 'blue'> .</font></B>  -Absent
<B><font color = 'blue'> .</font></B>  -undefined
<B><font color = 'blue'> .</font></B>  -Bangalore
<B><font color = 'blue'> .</font></B>  -Testing
<B><font color = 'blue'> .</font></B>  -Absent
<B><font color = 'blue'> .</font></B>  -Absent
<B><font color = 'blue'> .</font></B>  -Absent
<B><font color = 'blue'> .</font></B>  -Absent
<B><font color = 'blue'> .</font></B>  -Absent
<B><font color = 'blue'> .</font></B>  -Absent
<B><font color = 'blue'> .</font></B>  -Absent
<B><font color = 'blue'> .</font></B>  -Absent
<B><font color = 'blue'> .</font></B>  -Absent
<B><font color = 'blue'> .</font></B>  -Absent
<B><font color = 'blue'> .</font></B>  -Absent
<B><font color = 'blue'> .</font></B>  -Test msc 
<B><font color = 'blue'> .</font></B>  -test123@gmail.com
<B><font color = 'blue'> .</font></B>  -12254
<B><font color = 'blue'> .</font></B>  -2022-11-01
<B><font color = 'blue'> .</font></B>  -Absent
<B><font color = 'blue'> .</font></B>  -Absent
<B><font color = 'blue'> .</font></B>  -undefined
<B><font color = 'blue'> .</font></B>  -Bangalore
<B><font color = 'blue'> .</font></B>  -Testing
<B><font color = 'blue'> .</font></B>  -Absent
<B><font color = 'blue'> .</font></B>  -Absent
<B><font color = 'blue'> .</font></B>  -Absent
<B><font color = 'blue'> .</font></B>  -Absent
<B><font color = 'blue'> .</font></B>  -Absent
<B><font color = 'blue'> .</font></B>  -Absent
<B><font color = 'blue'> .</font></B>  -Absent
<B><font color = 'blue'> .</font></B>  -Absent
<B><font color = 'blue'> .</font></B>  -Absent
<B><font color = 'blue'> .</font></B>  -Absent
<B><font color = 'blue'> .</font></B>  -Absent
<B><font color = 'blue'> .</font></B>  -deffdfds vscsc 
<B><font color = 'blue'> .</font></B>  -cscsdw123@gmail.com
<B><font color = 'blue'> .</font></B>  -1234512
<B><font color = 'blue'> .</font></B>  -2022-11-01
<B><font color = 'blue'> .</font></B>  -Absent
<B><font color = 'blue'> .</font></B>  -Absent
<B><font color = 'blue'> .</font></B>  -undefined
<B><font color = 'blue'> .</font></B>  -Bangalore
<B><font color = 'blue'> .</font></B>  -Testing
<B><font color = 'blue'> .</font></B>  -Absent
<B><font color = 'blue'> .</font></B>  -Absent
<B><font color = 'blue'> .</font></B>  -Absent
<B><font color = 'blue'> .</font></B>  -Absent
<B><font color = 'blue'> .</font></B>  -Absent
<B><font color = 'blue'> .</font></B>  -Absent
<B><font color = 'blue'> .</font></B>  -Absent
<B><font color = 'blue'> .</font></B>  -Absent
<B><font color = 'blue'> .</font></B>  -Absent
<B><font color = 'blue'> .</font></B>  -Absent
<B><font color = 'blue'> .</font></B>  -Absent
<B><font color = 'blue'> .</font></B>  -test testtt 
<B><font color = 'blue'> .</font></B>  -abcd@gmail.com
<B><font color = 'blue'> .</font></B>  -GLB55
<B><font color = 'blue'> .</font></B>  -2022-11-01
<B><font color = 'blue'> .</font></B>  -Absent
<B><font color = 'blue'> .</font></B>  -Absent
<B><font color = 'blue'> .</font></B>  -undefined
<B><font color = 'blue'> .</font></B>  -Bangalore
<B><font color = 'blue'> .</font></B>  -Testing
<B><font color = 'blue'> .</font></B>  -Absent
<B><font color = 'blue'> .</font></B>  -Absent
<B><font color = 'blue'> .</font></B>  -Absent
<B><font color = 'blue'> .</font></B>  -Absent
<B><font color = 'blue'> .</font></B>  -Absent
<B><font color = 'blue'> .</font></B>  -Absent
<B><font color = 'blue'> .</font></B>  -Absent
<B><font color = 'blue'> .</font></B>  -Absent
<B><font color = 'blue'> .</font></B>  -Absent
<B><font color = 'blue'> .</font></B>  -Absent
<B><font color = 'blue'> .</font></B>  -Absent
<B><font color = 'blue'> .</font></B>  -Abhishe tt 
<B><font color = 'blue'> .</font></B>  -ab@ab.com
<B><font color = 'blue'> .</font></B>  -GKD567
<B><font color = 'blue'> .</font></B>  -2022-11-01
<B><font color = 'blue'> .</font></B>  -Absent
<B><font color = 'blue'> .</font></B>  -Absent
<B><font color = 'blue'> .</font></B>  -undefined
<B><font color = 'blue'> .</font></B>  -Bangalore
<B><font color = 'blue'> .</font></B>  -Testing
<B><font color = 'blue'> .</font></B>  -Absent
<B><font color = 'blue'> .</font></B>  -Absent
<B><font color = 'blue'> .</font></B>  -Absent
<B><font color = 'blue'> .</font></B>  -Absent
<B><font color = 'blue'> .</font></B>  -Absent
<B><font color = 'blue'> .</font></B>  -Absent
<B><font color = 'blue'> .</font></B>  -Absent
<B><font color = 'blue'> .</font></B>  -Absent
<B><font color = 'blue'> .</font></B>  -Absent
<B><font color = 'blue'> .</font></B>  -Absent
<B><font color = 'blue'> .</font></B>  -Absent
<B><font color = 'blue'> .</font></B>  -test nonadmin 
<B><font color = 'blue'> .</font></B>  -testnonadmin@gmail.com
<B><font color = 'blue'> .</font></B>  -GLB026
<B><font color = 'blue'> .</font></B>  -2022-11-01
<B><font color = 'blue'> .</font></B>  -Absent
<B><font color = 'blue'> .</font></B>  -Absent
<B><font color = 'blue'> .</font></B>  -undefined
<B><font color = 'blue'> .</font></B>  -Bangalore
<B><font color = 'blue'> .</font></B>  -Php
<B><font color = 'blue'> .</font></B>  -Absent
<B><font color = 'blue'> .</font></B>  -Absent
<B><font color = 'blue'> .</font></B>  -Absent
<B><font color = 'blue'> .</font></B>  -Absent
<B><font color = 'blue'> .</font></B>  -Absent
<B><font color = 'blue'> .</font></B>  -Absent
<B><font color = 'blue'> .</font></B>  -Absent
<B><font color = 'blue'> .</font></B>  -Absent
<B><font color = 'blue'> .</font></B>  -Absent
<B><font color = 'blue'> .</font></B>  -Absent
<B><font color = 'blue'> .</font></B>  -Absent
<B><font color = 'blue'> .</font></B>  -adg ckj 
<B><font color = 'blue'> .</font></B>  -adcs@1234
<B><font color = 'blue'> .</font></B>  -583
<B><font color = 'blue'> .</font></B>  -2022-11-01
<B><font color = 'blue'> .</font></B>  -Absent
<B><font color = 'blue'> .</font></B>  -Absent
<B><font color = 'blue'> .</font></B>  -undefined
<B><font color = 'blue'> .</font></B>  -Bangalore
<B><font color = 'blue'> .</font></B>  -Testing
<B><font color = 'blue'> .</font></B>  -Absent
<B><font color = 'blue'> .</font></B>  -Absent
<B><font color = 'blue'> .</font></B>  -Absent
<B><font color = 'blue'> .</font></B>  -Absent
<B><font color = 'blue'> .</font></B>  -Absent
<B><font color = 'blue'> .</font></B>  -Absent
<B><font color = 'blue'> .</font></B>  -Absent
<B><font color = 'blue'> .</font></B>  -Absent
<B><font color = 'blue'> .</font></B>  -Absent
<B><font color = 'blue'> .</font></B>  -Absent
<B><font color = 'blue'> .</font></B>  -Absent
<B><font color = 'blue'> .</font></B>  -Abhishek Test 
<B><font color = 'blue'> .</font></B>  -abhishektrest@glb.in
<B><font color = 'blue'> .</font></B>  -rN7tvEiDPGNi4fD
<B><font color = 'blue'> .</font></B>  -2022-11-01
<B><font color = 'blue'> .</font></B>  -Absent
<B><font color = 'blue'> .</font></B>  -Absent
<B><font color = 'blue'> .</font></B>  -undefined
<B><font color = 'blue'> .</font></B>  -Bangalore
<B><font color = 'blue'> .</font></B>  -Php
<B><font color = 'blue'> .</font></B>  -Absent
<B><font color = 'blue'> .</font></B>  -Absent
<B><font color = 'blue'> .</font></B>  -Absent
<B><font color = 'blue'> .</font></B>  -Absent
<B><font color = 'blue'> .</font></B>  -Absent
<B><font color = 'blue'> .</font></B>  -Absent
<B><font color = 'blue'> .</font></B>  -Absent
<B><font color = 'blue'> .</font></B>  -Absent
<B><font color = 'blue'> .</font></B>  -Absent
<B><font color = 'blue'> .</font></B>  -Absent
<B><font color = 'blue'> .</font></B>  -Absent
<B><font color = 'blue'> .</font></B>  -Superior Test one 
<B><font color = 'blue'> .</font></B>  -superiorone@gmail.com
<B><font color = 'blue'> .</font></B>  -twoqw
<B><font color = 'blue'> .</font></B>  -2022-11-01
<B><font color = 'blue'> .</font></B>  -Absent
<B><font color = 'blue'> .</font></B>  -Absent
<B><font color = 'blue'> .</font></B>  -undefined
<B><font color = 'blue'> .</font></B>  -Bangalore
<B><font color = 'blue'> .</font></B>  -Testing
<B><font color = 'blue'> .</font></B>  -Absent
<B><font color = 'blue'> .</font></B>  -Absent
<B><font color = 'blue'> .</font></B>  -Absent
<B><font color = 'blue'> .</font></B>  -Absent
<B><font color = 'blue'> .</font></B>  -Absent
<B><font color = 'blue'> .</font></B>  -Absent
<B><font color = 'blue'> .</font></B>  -Absent
<B><font color = 'blue'> .</font></B>  -Absent
<B><font color = 'blue'> .</font></B>  -Absent
<B><font color = 'blue'> .</font></B>  -Absent
<B><font color = 'blue'> .</font></B>  -Absent
<B><font color = 'blue'> .</font></B>  -test testw 
<B><font color = 'blue'> .</font></B>  -test@mac.in
<B><font color = 'blue'> .</font></B>  -aaf123
<B><font color = 'blue'> .</font></B>  -2022-11-01
<B><font color = 'blue'> .</font></B>  -Absent
<B><font color = 'blue'> .</font></B>  -Absent
<B><font color = 'blue'> .</font></B>  -undefined
<B><font color = 'blue'> .</font></B>  -Bangalore
<B><font color = 'blue'> .</font></B>  -Php
<B><font color = 'blue'> .</font></B>  -Absent
<B><font color = 'blue'> .</font></B>  -Absent
<B><font color = 'blue'> .</font></B>  -Absent
<B><font color = 'blue'> .</font></B>  -Absent
<B><font color = 'blue'> .</font></B>  -Absent
<B><font color = 'blue'> .</font></B>  -Absent
<B><font color = 'blue'> .</font></B>  -Absent
<B><font color = 'blue'> .</font></B>  -Absent
<B><font color = 'blue'> .</font></B>  -Absent
<B><font color = 'blue'> .</font></B>  -Absent
<B><font color = 'blue'> .</font></B>  -Absent
<B><font color = 'blue'> .</font></B>  -sam eer 
<B><font color = 'blue'> .</font></B>  -sam@rf.in
<B><font color = 'blue'> .</font></B>  -WSAERT2Q34E
<B><font color = 'blue'> .</font></B>  -2022-11-01
<B><font color = 'blue'> .</font></B>  -Absent
<B><font color = 'blue'> .</font></B>  -Absent
<B><font color = 'blue'> .</font></B>  -undefined
<B><font color = 'blue'> .</font></B>  -Bangalore
<B><font color = 'blue'> .</font></B>  -Testing
<B><font color = 'blue'> .</font></B>  -Absent
<B><font color = 'blue'> .</font></B>  -Absent
<B><font color = 'blue'> .</font></B>  -Absent
<B><font color = 'blue'> .</font></B>  -Absent
<B><font color = 'blue'> .</font></B>  -Absent
<B><font color = 'blue'> .</font></B>  -Absent
<B><font color = 'blue'> .</font></B>  -Absent
<B><font color = 'blue'> .</font></B>  -Absent
<B><font color = 'blue'> .</font></B>  -Absent
<B><font color = 'blue'> .</font></B>  -Absent
<B><font color = 'blue'> .</font></B>  -Absent
<B><font color = 'blue'> .</font></B>  -Test test 
<B><font color = 'blue'> .</font></B>  -sarikajain@gmail.com
<B><font color = 'blue'> .</font></B>  -E-101
<B><font color = 'blue'> .</font></B>  -2022-11-01
<B><font color = 'blue'> .</font></B>  -Absent
<B><font color = 'blue'> .</font></B>  -Absent
<B><font color = 'blue'> .</font></B>  -undefined
<B><font color = 'blue'> .</font></B>  -Bangalore
<B><font color = 'blue'> .</font></B>  -Testing
<B><font color = 'blue'> .</font></B>  -Absent
<B><font color = 'blue'> .</font></B>  -Absent
<B><font color = 'blue'> .</font></B>  -Absent
<B><font color = 'blue'> .</font></B>  -Absent
<B><font color = 'blue'> .</font></B>  -Absent
<B><font color = 'blue'> .</font></B>  -Absent
<B><font color = 'blue'> .</font></B>  -Absent
<B><font color = 'blue'> .</font></B>  -Absent
<B><font color = 'blue'> .</font></B>  -Absent
<B><font color = 'blue'> .</font></B>  -Absent
<B><font color = 'blue'> .</font></B>  -Absent
<B><font color = 'blue'> .</font></B>  -test123 abcd 
<B><font color = 'blue'> .</font></B>  -s@gmail.com
<B><font color = 'blue'> .</font></B>  -code123z
<B><font color = 'blue'> .</font></B>  -2022-11-01
<B><font color = 'blue'> .</font></B>  -Absent
<B><font color = 'blue'> .</font></B>  -Absent
<B><font color = 'blue'> .</font></B>  -undefined
<B><font color = 'blue'> .</font></B>  -Bangalore
<B><font color = 'blue'> .</font></B>  -Testing
<B><font color = 'blue'> .</font></B>  -Absent
<B><font color = 'blue'> .</font></B>  -Absent
<B><font color = 'blue'> .</font></B>  -Absent
<B><font color = 'blue'> .</font></B>  -Absent
<B><font color = 'blue'> .</font></B>  -Absent
<B><font color = 'blue'> .</font></B>  -Absent
<B><font color = 'blue'> .</font></B>  -Absent
<B><font color = 'blue'> .</font></B>  -Absent
<B><font color = 'blue'> .</font></B>  -Absent
<B><font color = 'blue'> .</font></B>  -Absent
<B><font color = 'blue'> .</font></B>  -Absent
<B><font color = 'blue'> .</font></B>  -testing test 
<B><font color = 'blue'> .</font></B>  -aarshajoyson1601@gmail.com
<B><font color = 'blue'> .</font></B>  -glb0008
<B><font color = 'blue'> .</font></B>  -2022-11-01
<B><font color = 'blue'> .</font></B>  -Absent
<B><font color = 'blue'> .</font></B>  -Absent
<B><font color = 'blue'> .</font></B>  -undefined
<B><font color = 'blue'> .</font></B>  -Bangalore
<B><font color = 'blue'> .</font></B>  -Php
<B><font color = 'blue'> .</font></B>  -Absent
<B><font color = 'blue'> .</font></B>  -Absent
<B><font color = 'blue'> .</font></B>  -Absent
<B><font color = 'blue'> .</font></B>  -Absent
<B><font color = 'blue'> .</font></B>  -Absent
<B><font color = 'blue'> .</font></B>  -Absent
<B><font color = 'blue'> .</font></B>  -Absent
<B><font color = 'blue'> .</font></B>  -Absent
<B><font color = 'blue'> .</font></B>  -Absent
<B><font color = 'blue'> .</font></B>  -Absent
<B><font color = 'blue'> .</font></B>  -Absent
<B><font color = 'blue'> .</font></B>  -Automation CodeeeAuto 
<B><font color = 'blue'> .</font></B>  -skabcdef7@gmail.com
<B><font color = 'blue'> .</font></B>  -Emp-Abzcde-1234522
<B><font color = 'blue'> .</font></B>  -2022-11-01
<B><font color = 'blue'> .</font></B>  -Absent
<B><font color = 'blue'> .</font></B>  -Absent
<B><font color = 'blue'> .</font></B>  -undefined
<B><font color = 'blue'> .</font></B>  -Bangalore
<B><font color = 'blue'> .</font></B>  -Testing
<B><font color = 'blue'> .</font></B>  -Absent
<B><font color = 'blue'> .</font></B>  -Absent
<B><font color = 'blue'> .</font></B>  -Absent
<B><font color = 'blue'> .</font></B>  -Absent
<B><font color = 'blue'> .</font></B>  -Absent
<B><font color = 'blue'> .</font></B>  -Absent
<B><font color = 'blue'> .</font></B>  -Absent
<B><font color = 'blue'> .</font></B>  -Absent
<B><font color = 'blue'> .</font></B>  -Absent
<B><font color = 'blue'> .</font></B>  -Absent
<B><font color = 'blue'> .</font></B>  -Absent
<B><font color = 'blue'> .</font></B>  -piyush dfgsfg 
<B><font color = 'blue'> .</font></B>  -jos@gmail.com
<B><font color = 'blue'> .</font></B>  -sdgff
<B><font color = 'blue'> .</font></B>  -2022-11-01
<B><font color = 'blue'> .</font></B>  -Absent
<B><font color = 'blue'> .</font></B>  -Absent
<B><font color = 'blue'> .</font></B>  -undefined
<B><font color = 'blue'> .</font></B>  -Bangalore
<B><font color = 'blue'> .</font></B>  -Testing
<B><font color = 'blue'> .</font></B>  -Absent
<B><font color = 'blue'> .</font></B>  -Absent
<B><font color = 'blue'> .</font></B>  -Absent
<B><font color = 'blue'> .</font></B>  -Absent
<B><font color = 'blue'> .</font></B>  -Absent
<B><font color = 'blue'> .</font></B>  -Absent
<B><font color = 'blue'> .</font></B>  -Absent
<B><font color = 'blue'> .</font></B>  -Absent
<B><font color = 'blue'> .</font></B>  -Absent
<B><font color = 'blue'> .</font></B>  -Absent
<B><font color = 'blue'> .</font></B>  -Absent
<B><font color = 'blue'> .</font></B>  -Aryan raj 
<B><font color = 'blue'> .</font></B>  -alex@gmail.com
<B><font color = 'blue'> .</font></B>  -126
<B><font color = 'blue'> .</font></B>  -2022-11-01
<B><font color = 'blue'> .</font></B>  -Absent
<B><font color = 'blue'> .</font></B>  -Absent
<B><font color = 'blue'> .</font></B>  -undefined
<B><font color = 'blue'> .</font></B>  -Bangalore
<B><font color = 'blue'> .</font></B>  -Testing
<B><font color = 'blue'> .</font></B>  -Absent
<B><font color = 'blue'> .</font></B>  -Absent
<B><font color = 'blue'> .</font></B>  -Absent
<B><font color = 'blue'> .</font></B>  -Absent
<B><font color = 'blue'> .</font></B>  -Absent
<B><font color = 'blue'> .</font></B>  -Absent
<B><font color = 'blue'> .</font></B>  -Absent
<B><font color = 'blue'> .</font></B>  -Absent
<B><font color = 'blue'> .</font></B>  -Absent
<B><font color = 'blue'> .</font></B>  -Absent
<B><font color = 'blue'> .</font></B>  -Absent
<B><font color = 'blue'> .</font></B>  -Automation CodeeeAuto 
<B><font color = 'blue'> .</font></B>  -skabcdef38@gmail.com
<B><font color = 'blue'> .</font></B>  -Emp-Abzcde-123457
<B><font color = 'blue'> .</font></B>  -2022-11-01
<B><font color = 'blue'> .</font></B>  -Absent
<B><font color = 'blue'> .</font></B>  -Absent
<B><font color = 'blue'> .</font></B>  -undefined
<B><font color = 'blue'> .</font></B>  -Bangalore
<B><font color = 'blue'> .</font></B>  -Testing
<B><font color = 'blue'> .</font></B>  -Absent
<B><font color = 'blue'> .</font></B>  -Absent
<B><font color = 'blue'> .</font></B>  -Absent
<B><font color = 'blue'> .</font></B>  -Absent
<B><font color = 'blue'> .</font></B>  -Absent
<B><font color = 'blue'> .</font></B>  -Absent
<B><font color = 'blue'> .</font></B>  -Absent
<B><font color = 'blue'> .</font></B>  -Absent
<B><font color = 'blue'> .</font></B>  -Absent
<B><font color = 'blue'> .</font></B>  -Absent
<B><font color = 'blue'> .</font></B>  -Absent
<B><font color = 'blue'> .</font></B>  -Automation CodeeeAuto 
<B><font color = 'blue'> .</font></B>  -skabcdef33@gmail.com
<B><font color = 'blue'> .</font></B>  -Emp-Abzcde-1234557
<B><font color = 'blue'> .</font></B>  -2022-11-01
<B><font color = 'blue'> .</font></B>  -Absent
<B><font color = 'blue'> .</font></B>  -Absent
<B><font color = 'blue'> .</font></B>  -undefined
<B><font color = 'blue'> .</font></B>  -Bangalore
<B><font color = 'blue'> .</font></B>  -Testing
<B><font color = 'blue'> .</font></B>  -Absent
<B><font color = 'blue'> .</font></B>  -Absent
<B><font color = 'blue'> .</font></B>  -Absent
<B><font color = 'blue'> .</font></B>  -Absent
<B><font color = 'blue'> .</font></B>  -Absent
<B><font color = 'blue'> .</font></B>  -Absent
<B><font color = 'blue'> .</font></B>  -Absent
<B><font color = 'blue'> .</font></B>  -Absent
<B><font color = 'blue'> .</font></B>  -Absent
<B><font color = 'blue'> .</font></B>  -Absent
<B><font color = 'blue'> .</font></B>  -Absent
<B><font color = 'blue'> .</font></B>  -D Surya Prabhakar 
<B><font color = 'blue'> .</font></B>  -surya1@gmail.com
<B><font color = 'blue'> .</font></B>  -EM010
<B><font color = 'blue'> .</font></B>  -2022-11-01
<B><font color = 'blue'> .</font></B>  -Absent
<B><font color = 'blue'> .</font></B>  -Absent
<B><font color = 'blue'> .</font></B>  -undefined
<B><font color = 'blue'> .</font></B>  -bengaluru
<B><font color = 'blue'> .</font></B>  -Testing
<B><font color = 'blue'> .</font></B>  -Absent
<B><font color = 'blue'> .</font></B>  -Absent
<B><font color = 'blue'> .</font></B>  -Absent
<B><font color = 'blue'> .</font></B>  -Absent
<B><font color = 'blue'> .</font></B>  -Absent
<B><font color = 'blue'> .</font></B>  -Absent
<B><font color = 'blue'> .</font></B>  -Absent
<B><font color = 'blue'> .</font></B>  -Absent
<B><font color = 'blue'> .</font></B>  -Absent
<B><font color = 'blue'> .</font></B>  -Absent
<B><font color = 'blue'> .</font></B>  -Absent
<B><font color = 'blue'> .</font></B>  -R o       hit Sharma 
<B><font color = 'blue'> .</font></B>  -rahulrajt5613928@gmail.com
<B><font color = 'blue'> .</font></B>  -67645
<B><font color = 'blue'> .</font></B>  -2022-11-01
<B><font color = 'blue'> .</font></B>  -Absent
<B><font color = 'blue'> .</font></B>  -Absent
<B><font color = 'blue'> .</font></B>  -undefined
<B><font color = 'blue'> .</font></B>  -bengaluru
<B><font color = 'blue'> .</font></B>  -Testing
<B><font color = 'blue'> .</font></B>  -Absent
<B><font color = 'blue'> .</font></B>  -Absent
<B><font color = 'blue'> .</font></B>  -Absent
<B><font color = 'blue'> .</font></B>  -Absent
<B><font color = 'blue'> .</font></B>  -Absent
<B><font color = 'blue'> .</font></B>  -Absent
<B><font color = 'blue'> .</font></B>  -Absent
<B><font color = 'blue'> .</font></B>  -Absent
<B><font color = 'blue'> .</font></B>  -Absent
<B><font color = 'blue'> .</font></B>  -Absent
<B><font color = 'blue'> .</font></B>  -Absent
<B><font color = 'blue'> .</font></B>  -one test 
<B><font color = 'blue'> .</font></B>  -testone1234@gmail.com
<B><font color = 'blue'> .</font></B>  -0110
<B><font color = 'blue'> .</font></B>  -2022-11-01
<B><font color = 'blue'> .</font></B>  -Absent
<B><font color = 'blue'> .</font></B>  -Absent
<B><font color = 'blue'> .</font></B>  -undefined
<B><font color = 'blue'> .</font></B>  -bengaluru
<B><font color = 'blue'> .</font></B>  -Testing
<B><font color = 'blue'> .</font></B>  -Absent
<B><font color = 'blue'> .</font></B>  -Absent
<B><font color = 'blue'> .</font></B>  -Absent
<B><font color = 'blue'> .</font></B>  -Absent
<B><font color = 'blue'> .</font></B>  -Absent
<B><font color = 'blue'> .</font></B>  -Absent
<B><font color = 'blue'> .</font></B>  -Absent
<B><font color = 'blue'> .</font></B>  -Absent
<B><font color = 'blue'> .</font></B>  -Absent
<B><font color = 'blue'> .</font></B>  -Absent
<B><font color = 'blue'> .</font></B>  -Absent
<B><font color = 'blue'> .</font></B>  -GLB-BLR-010-PC - GLB-BLR-010 
<B><font color = 'blue'> .</font></B>  -abcd@yuksdgus
<B><font color = 'blue'> .</font></B>  -GLB-BLR-010
<B><font color = 'blue'> .</font></B>  -2022-11-01
<B><font color = 'blue'> .</font></B>  -Absent
<B><font color = 'blue'> .</font></B>  -Absent
<B><font color = 'blue'> .</font></B>  -undefined
<B><font color = 'blue'> .</font></B>  -bengaluru
<B><font color = 'blue'> .</font></B>  -Testing
<B><font color = 'blue'> .</font></B>  -Absent
<B><font color = 'blue'> .</font></B>  -Absent
<B><font color = 'blue'> .</font></B>  -Absent
<B><font color = 'blue'> .</font></B>  -Absent
<B><font color = 'blue'> .</font></B>  -Absent
<B><font color = 'blue'> .</font></B>  -Absent
<B><font color = 'blue'> .</font></B>  -Absent
<B><font color = 'blue'> .</font></B>  -Absent
<B><font color = 'blue'> .</font></B>  -Absent
<B><font color = 'blue'> .</font></B>  -Absent
<B><font color = 'blue'> .</font></B>  -Absent
<B><font color = 'blue'> .</font></B>  -surya kk 
<B><font color = 'blue'> .</font></B>  -123@gmail.com
<B><font color = 'blue'> .</font></B>  -mmmmm
<B><font color = 'blue'> .</font></B>  -2022-11-01
<B><font color = 'blue'> .</font></B>  -Absent
<B><font color = 'blue'> .</font></B>  -Absent
<B><font color = 'blue'> .</font></B>  -undefined
<B><font color = 'blue'> .</font></B>  -Tamilnadu
<B><font color = 'blue'> .</font></B>  -Test and Dev
<B><font color = 'blue'> .</font></B>  -Absent
<B><font color = 'blue'> .</font></B>  -Absent
<B><font color = 'blue'> .</font></B>  -Absent
<B><font color = 'blue'> .</font></B>  -Absent
<B><font color = 'blue'> .</font></B>  -Absent
<B><font color = 'blue'> .</font></B>  -Absent
<B><font color = 'blue'> .</font></B>  -Absent
<B><font color = 'blue'> .</font></B>  -Absent
<B><font color = 'blue'> .</font></B>  -Absent
<B><font color = 'blue'> .</font></B>  -Absent
<B><font color = 'blue'> .</font></B>  -Absent
<B><font color = 'blue'> .</font></B>  -sai kk 
<B><font color = 'blue'> .</font></B>  -saikk19876@gmail.com
<B><font color = 'blue'> .</font></B>  -20221019
<B><font color = 'blue'> .</font></B>  -2022-11-01
<B><font color = 'blue'> .</font></B>  -Absent
<B><font color = 'blue'> .</font></B>  -Absent
<B><font color = 'blue'> .</font></B>  -undefined
<B><font color = 'blue'> .</font></B>  -Tamilnadu
<B><font color = 'blue'> .</font></B>  -Test and Dev
<B><font color = 'blue'> .</font></B>  -Absent
<B><font color = 'blue'> .</font></B>  -Absent
<B><font color = 'blue'> .</font></B>  -Absent
<B><font color = 'blue'> .</font></B>  -Absent
<B><font color = 'blue'> .</font></B>  -Absent
<B><font color = 'blue'> .</font></B>  -Absent
<B><font color = 'blue'> .</font></B>  -Absent
<B><font color = 'blue'> .</font></B>  -Absent
<B><font color = 'blue'> .</font></B>  -Absent
<B><font color = 'blue'> .</font></B>  -Absent
<B><font color = 'blue'> .</font></B>  -Absent
<B><font color = 'blue'> .</font></B>  -ajeethemp test 
<B><font color = 'blue'> .</font></B>  -ajeethemp@gmail.com
<B><font color = 'blue'> .</font></B>  -A01
<B><font color = 'blue'> .</font></B>  -2022-11-01
<B><font color = 'blue'> .</font></B>  -Absent
<B><font color = 'blue'> .</font></B>  -Absent
<B><font color = 'blue'> .</font></B>  -undefined
<B><font color = 'blue'> .</font></B>  -Tamilnadu
<B><font color = 'blue'> .</font></B>  -Test and Dev
<B><font color = 'blue'> .</font></B>  -Absent
<B><font color = 'blue'> .</font></B>  -Absent
<B><font color = 'blue'> .</font></B>  -Absent
<B><font color = 'blue'> .</font></B>  -Absent
<B><font color = 'blue'> .</font></B>  -Absent
<B><font color = 'blue'> .</font></B>  -Absent
<B><font color = 'blue'> .</font></B>  -Absent
<B><font color = 'blue'> .</font></B>  -Absent
<B><font color = 'blue'> .</font></B>  -Absent
<B><font color = 'blue'> .</font></B>  -Absent
<B><font color = 'blue'> .</font></B>  -Absent
<B><font color = 'blue'> .</font></B>  -dxgfdxg gssdg 
<B><font color = 'blue'> .</font></B>  -sdgsg@dgksodkg.in
<B><font color = 'blue'> .</font></B>  -asfda343443
<B><font color = 'blue'> .</font></B>  -2022-11-01
<B><font color = 'blue'> .</font></B>  -Absent
<B><font color = 'blue'> .</font></B>  -Absent
<B><font color = 'blue'> .</font></B>  -undefined
<B><font color = 'blue'> .</font></B>  -Bhilai
<B><font color = 'blue'> .</font></B>  -Php
<B><font color = 'blue'> .</font></B>  -Absent
<B><font color = 'blue'> .</font></B>  -Absent
<B><font color = 'blue'> .</font></B>  -Absent
<B><font color = 'blue'> .</font></B>  -Absent
<B><font color = 'blue'> .</font></B>  -Absent
<B><font color = 'blue'> .</font></B>  -Absent
<B><font color = 'blue'> .</font></B>  -Absent
<B><font color = 'blue'> .</font></B>  -Absent
<B><font color = 'blue'> .</font></B>  -Absent
<B><font color = 'blue'> .</font></B>  -Absent
<B><font color = 'blue'> .</font></B>  -Absent
<B><font color = 'blue'> .</font></B>  -Guest User 
<B><font color = 'blue'> .</font></B>  -guestuser@gmail.com
<B><font color = 'blue'> .</font></B>  -GLB-777
<B><font color = 'blue'> .</font></B>  -2022-11-01
<B><font color = 'blue'> .</font></B>  -Absent
<B><font color = 'blue'> .</font></B>  -Absent
<B><font color = 'blue'> .</font></B>  -undefined
<B><font color = 'blue'> .</font></B>  -Bhilai
<B><font color = 'blue'> .</font></B>  -Php
<B><font color = 'blue'> .</font></B>  -Absent
<B><font color = 'blue'> .</font></B>  -Absent
<B><font color = 'blue'> .</font></B>  -Absent
<B><font color = 'blue'> .</font></B>  -Absent
<B><font color = 'blue'> .</font></B>  -Absent
<B><font color = 'blue'> .</font></B>  -Absent
<B><font color = 'blue'> .</font></B>  -Absent
<B><font color = 'blue'> .</font></B>  -Absent
<B><font color = 'blue'> .</font></B>  -Absent
<B><font color = 'blue'> .</font></B>  -Absent
<B><font color = 'blue'> .</font></B>  -Absent
<B><font color = 'blue'> .</font></B>  -Virat kohli 
<B><font color = 'blue'> .</font></B>  -rahukbgdxgsf@gmail.com
<B><font color = 'blue'> .</font></B>  -65332
<B><font color = 'blue'> .</font></B>  -2022-10-31
<B><font color = 'blue'> .</font></B>  -31-10-2022 09:46:04
<B><font color = 'blue'> .</font></B>  -01-11-2022 00:00:00
<B><font color = 'blue'> .</font></B>  -GLB-124-PC
<B><font color = 'blue'> .</font></B>  -Default
<B><font color = 'blue'> .</font></B>  -Default
<B><font color = 'blue'> .</font></B>  -14:13:56
<B><font color = 'blue'> .</font></B>  -00:00:00
<B><font color = 'blue'> .</font></B>  -00:00:00
<B><font color = 'blue'> .</font></B>  -00:00:00
<B><font color = 'blue'> .</font></B>  -00:00:00
<B><font color = 'blue'> .</font></B>  -00:00:00
<B><font color = 'blue'> .</font></B>  -00:00:00
<B><font color = 'blue'> .</font></B>  -14:13:56
<B><font color = 'blue'> .</font></B>  -0.00%
<B><font color = 'blue'> .</font></B>  --480:00
<B><font color = 'blue'> .</font></B>  -0.00
<B><font color = 'blue'> .</font></B>  -Abhishek Test 
<B><font color = 'blue'> .</font></B>  -abhishektrest@glb.in
<B><font color = 'blue'> .</font></B>  -rN7tvEiDPGNi4fD
<B><font color = 'blue'> .</font></B>  -2022-10-31
<B><font color = 'blue'> .</font></B>  -31-10-2022 00:00:52
<B><font color = 'blue'> .</font></B>  -31-10-2022 08:45:52
<B><font color = 'blue'> .</font></B>  -GLB-124-PC
<B><font color = 'blue'> .</font></B>  -Bangalore
<B><font color = 'blue'> .</font></B>  -Php
<B><font color = 'blue'> .</font></B>  -08:45:00
<B><font color = 'blue'> .</font></B>  -00:00:00
<B><font color = 'blue'> .</font></B>  -00:00:00
<B><font color = 'blue'> .</font></B>  -00:00:00
<B><font color = 'blue'> .</font></B>  -00:00:00
<B><font color = 'blue'> .</font></B>  -00:00:00
<B><font color = 'blue'> .</font></B>  -00:00:00
<B><font color = 'blue'> .</font></B>  -08:45:00
<B><font color = 'blue'> .</font></B>  -0.00%
<B><font color = 'blue'> .</font></B>  --480:00
<B><font color = 'blue'> .</font></B>  -0.00
<B><font color = 'blue'> .</font></B>  -New Test 
<B><font color = 'blue'> .</font></B>  -newtest@gmail.com
<B><font color = 'blue'> .</font></B>  -ewer334443
<B><font color = 'blue'> .</font></B>  -2022-10-31
<B><font color = 'blue'> .</font></B>  -31-10-2022 09:37:49
<B><font color = 'blue'> .</font></B>  -31-10-2022 11:44:04
<B><font color = 'blue'> .</font></B>  -GLB-BLR-010-PC
<B><font color = 'blue'> .</font></B>  -Default
<B><font color = 'blue'> .</font></B>  -Default
<B><font color = 'blue'> .</font></B>  -02:06:15
<B><font color = 'blue'> .</font></B>  -00:00:00
<B><font color = 'blue'> .</font></B>  -00:00:00
<B><font color = 'blue'> .</font></B>  -00:00:00
<B><font color = 'blue'> .</font></B>  -00:00:00
<B><font color = 'blue'> .</font></B>  -00:00:00
<B><font color = 'blue'> .</font></B>  -00:00:00
<B><font color = 'blue'> .</font></B>  -02:06:15
<B><font color = 'blue'> .</font></B>  -0.00%
<B><font color = 'blue'> .</font></B>  --480:00
<B><font color = 'blue'> .</font></B>  -0.00
<B><font color = 'blue'> .</font></B>  -sam eer 
<B><font color = 'blue'> .</font></B>  -sam@rf.in
<B><font color = 'blue'> .</font></B>  -WSAERT2Q34E
<B><font color = 'blue'> .</font></B>  -2022-10-31
<B><font color = 'blue'> .</font></B>  -31-10-2022 11:51:19
<B><font color = 'blue'> .</font></B>  -31-10-2022 13:08:30
<B><font color = 'blue'> .</font></B>  -GLB-181
<B><font color = 'blue'> .</font></B>  -Bangalore
<B><font color = 'blue'> .</font></B>  -Testing
<B><font color = 'blue'> .</font></B>  -01:17:11
<B><font color = 'blue'> .</font></B>  -00:00:00
<B><font color = 'blue'> .</font></B>  -00:00:00
<B><font color = 'blue'> .</font></B>  -00:00:00
<B><font color = 'blue'> .</font></B>  -00:00:00
<B><font color = 'blue'> .</font></B>  -00:00:00
<B><font color = 'blue'> .</font></B>  -00:00:00
<B><font color = 'blue'> .</font></B>  -01:17:11
<B><font color = 'blue'> .</font></B>  -0.00%
<B><font color = 'blue'> .</font></B>  --480:00
<B><font color = 'blue'> .</font></B>  -0.00
<B><font color = 'blue'> .</font></B>  -sithu kalluru 
<B><font color = 'blue'> .</font></B>  -sitaramireddy@globussoft.in
<B><font color = 'blue'> .</font></B>  -code12
<B><font color = 'blue'> .</font></B>  -2022-10-31
<B><font color = 'blue'> .</font></B>  -31-10-2022 13:19:10
<B><font color = 'blue'> .</font></B>  -31-10-2022 15:38:01
<B><font color = 'blue'> .</font></B>  -DESKTOP-PJJHB19
<B><font color = 'blue'> .</font></B>  -Bangalore
<B><font color = 'blue'> .</font></B>  -Testing
<B><font color = 'blue'> .</font></B>  -02:18:51
<B><font color = 'blue'> .</font></B>  -00:00:00
<B><font color = 'blue'> .</font></B>  -00:00:00
<B><font color = 'blue'> .</font></B>  -00:00:00
<B><font color = 'blue'> .</font></B>  -00:00:00
<B><font color = 'blue'> .</font></B>  -00:00:00
<B><font color = 'blue'> .</font></B>  -00:00:00
<B><font color = 'blue'> .</font></B>  -02:18:51
<B><font color = 'blue'> .</font></B>  -0.00%
<B><font color = 'blue'> .</font></B>  --480:00
<B><font color = 'blue'> .</font></B>  -0.00
<B><font color = 'blue'> .</font></B>  -sadas kadkasdj 
<B><font color = 'blue'> .</font></B>  -dsa@eqe
<B><font color = 'blue'> .</font></B>  -emp129666
<B><font color = 'blue'> .</font></B>  -2022-10-31
<B><font color = 'blue'> .</font></B>  -Absent
<B><font color = 'blue'> .</font></B>  -Absent
<B><font color = 'blue'> .</font></B>  -undefined
<B><font color = 'blue'> .</font></B>  -Default
<B><font color = 'blue'> .</font></B>  -Default
<B><font color = 'blue'> .</font></B>  -Absent
<B><font color = 'blue'> .</font></B>  -Absent
<B><font color = 'blue'> .</font></B>  -Absent
<B><font color = 'blue'> .</font></B>  -Absent
<B><font color = 'blue'> .</font></B>  -Absent
<B><font color = 'blue'> .</font></B>  -Absent
<B><font color = 'blue'> .</font></B>  -Absent
<B><font color = 'blue'> .</font></B>  -Absent
<B><font color = 'blue'> .</font></B>  -Absent
<B><font color = 'blue'> .</font></B>  -Absent
<B><font color = 'blue'> .</font></B>  -Absent
<B><font color = 'blue'> .</font></B>  -dshcdb uidsbf 
<B><font color = 'blue'> .</font></B>  -dvbvdb@yahoo.com
<B><font color = 'blue'> .</font></B>  -435454
<B><font color = 'blue'> .</font></B>  -2022-10-31
<B><font color = 'blue'> .</font></B>  -Absent
<B><font color = 'blue'> .</font></B>  -Absent
<B><font color = 'blue'> .</font></B>  -undefined
<B><font color = 'blue'> .</font></B>  -Default
<B><font color = 'blue'> .</font></B>  -Default
<B><font color = 'blue'> .</font></B>  -Absent
<B><font color = 'blue'> .</font></B>  -Absent
<B><font color = 'blue'> .</font></B>  -Absent
<B><font color = 'blue'> .</font></B>  -Absent
<B><font color = 'blue'> .</font></B>  -Absent
<B><font color = 'blue'> .</font></B>  -Absent
<B><font color = 'blue'> .</font></B>  -Absent
<B><font color = 'blue'> .</font></B>  -Absent
<B><font color = 'blue'> .</font></B>  -Absent
<B><font color = 'blue'> .</font></B>  -Absent
<B><font color = 'blue'> .</font></B>  -Absent
<B><font color = 'blue'> .</font></B>  -try last 
<B><font color = 'blue'> .</font></B>  -try@gmail.com
<B><font color = 'blue'> .</font></B>  -1225455
<B><font color = 'blue'> .</font></B>  -2022-10-31
<B><font color = 'blue'> .</font></B>  -Absent
<B><font color = 'blue'> .</font></B>  -Absent
<B><font color = 'blue'> .</font></B>  -undefined
<B><font color = 'blue'> .</font></B>  -Default
<B><font color = 'blue'> .</font></B>  -Default
<B><font color = 'blue'> .</font></B>  -Absent
<B><font color = 'blue'> .</font></B>  -Absent
<B><font color = 'blue'> .</font></B>  -Absent
<B><font color = 'blue'> .</font></B>  -Absent
<B><font color = 'blue'> .</font></B>  -Absent
<B><font color = 'blue'> .</font></B>  -Absent
<B><font color = 'blue'> .</font></B>  -Absent
<B><font color = 'blue'> .</font></B>  -Absent
<B><font color = 'blue'> .</font></B>  -Absent
<B><font color = 'blue'> .</font></B>  -Absent
<B><font color = 'blue'> .</font></B>  -Absent
<B><font color = 'blue'> .</font></B>  -vdjvdb yusvdvbbh 
<B><font color = 'blue'> .</font></B>  -dvhbfdh@gmail.com
<B><font color = 'blue'> .</font></B>  -wq534342
<B><font color = 'blue'> .</font></B>  -2022-10-31
<B><font color = 'blue'> .</font></B>  -Absent
<B><font color = 'blue'> .</font></B>  -Absent
<B><font color = 'blue'> .</font></B>  -undefined
<B><font color = 'blue'> .</font></B>  -Default
<B><font color = 'blue'> .</font></B>  -Default
<B><font color = 'blue'> .</font></B>  -Absent
<B><font color = 'blue'> .</font></B>  -Absent
<B><font color = 'blue'> .</font></B>  -Absent
<B><font color = 'blue'> .</font></B>  -Absent
<B><font color = 'blue'> .</font></B>  -Absent
<B><font color = 'blue'> .</font></B>  -Absent
<B><font color = 'blue'> .</font></B>  -Absent
<B><font color = 'blue'> .</font></B>  -Absent
<B><font color = 'blue'> .</font></B>  -Absent
<B><font color = 'blue'> .</font></B>  -Absent
<B><font color = 'blue'> .</font></B>  -Absent
<B><font color = 'blue'> .</font></B>  -Mail Test user 
<B><font color = 'blue'> .</font></B>  -maintest@user.io
<B><font color = 'blue'> .</font></B>  -GLB-1223888
<B><font color = 'blue'> .</font></B>  -2022-10-31
<B><font color = 'blue'> .</font></B>  -Absent
<B><font color = 'blue'> .</font></B>  -Absent
<B><font color = 'blue'> .</font></B>  -undefined
<B><font color = 'blue'> .</font></B>  -Default
<B><font color = 'blue'> .</font></B>  -Default
<B><font color = 'blue'> .</font></B>  -Absent
<B><font color = 'blue'> .</font></B>  -Absent
<B><font color = 'blue'> .</font></B>  -Absent
<B><font color = 'blue'> .</font></B>  -Absent
<B><font color = 'blue'> .</font></B>  -Absent
<B><font color = 'blue'> .</font></B>  -Absent
<B><font color = 'blue'> .</font></B>  -Absent
<B><font color = 'blue'> .</font></B>  -Absent
<B><font color = 'blue'> .</font></B>  -Absent
<B><font color = 'blue'> .</font></B>  -Absent
<B><font color = 'blue'> .</font></B>  -Absent
<B><font color = 'blue'> .</font></B>  -Update Check 
<B><font color = 'blue'> .</font></B>  -updates@gmail.com
<B><font color = 'blue'> .</font></B>  -emp543
<B><font color = 'blue'> .</font></B>  -2022-10-31
<B><font color = 'blue'> .</font></B>  -Absent
<B><font color = 'blue'> .</font></B>  -Absent
<B><font color = 'blue'> .</font></B>  -undefined
<B><font color = 'blue'> .</font></B>  -Default
<B><font color = 'blue'> .</font></B>  -Default
<B><font color = 'blue'> .</font></B>  -Absent
<B><font color = 'blue'> .</font></B>  -Absent
<B><font color = 'blue'> .</font></B>  -Absent
<B><font color = 'blue'> .</font></B>  -Absent
<B><font color = 'blue'> .</font></B>  -Absent
<B><font color = 'blue'> .</font></B>  -Absent
<B><font color = 'blue'> .</font></B>  -Absent
<B><font color = 'blue'> .</font></B>  -Absent
<B><font color = 'blue'> .</font></B>  -Absent
<B><font color = 'blue'> .</font></B>  -Absent
<B><font color = 'blue'> .</font></B>  -Absent
<B><font color = 'blue'> .</font></B>  -test manager 
<B><font color = 'blue'> .</font></B>  -manageremp@gmail.com
<B><font color = 'blue'> .</font></B>  -glb020
<B><font color = 'blue'> .</font></B>  -2022-10-31
<B><font color = 'blue'> .</font></B>  -Absent
<B><font color = 'blue'> .</font></B>  -Absent
<B><font color = 'blue'> .</font></B>  -undefined
<B><font color = 'blue'> .</font></B>  -Default
<B><font color = 'blue'> .</font></B>  -Default
<B><font color = 'blue'> .</font></B>  -Absent
<B><font color = 'blue'> .</font></B>  -Absent
<B><font color = 'blue'> .</font></B>  -Absent
<B><font color = 'blue'> .</font></B>  -Absent
<B><font color = 'blue'> .</font></B>  -Absent
<B><font color = 'blue'> .</font></B>  -Absent
<B><font color = 'blue'> .</font></B>  -Absent
<B><font color = 'blue'> .</font></B>  -Absent
<B><font color = 'blue'> .</font></B>  -Absent
<B><font color = 'blue'> .</font></B>  -Absent
<B><font color = 'blue'> .</font></B>  -Absent
<B><font color = 'blue'> .</font></B>  -DESKTOP-PJJHB19 - GLB-BLR-002OjUpRD2 
<B><font color = 'blue'> .</font></B>  --
<B><font color = 'blue'> .</font></B>  -GLB-BLR-002OjUpRD2
<B><font color = 'blue'> .</font></B>  -2022-10-31
<B><font color = 'blue'> .</font></B>  -Absent
<B><font color = 'blue'> .</font></B>  -Absent
<B><font color = 'blue'> .</font></B>  -undefined
<B><font color = 'blue'> .</font></B>  -Default
<B><font color = 'blue'> .</font></B>  -Default
<B><font color = 'blue'> .</font></B>  -Absent
<B><font color = 'blue'> .</font></B>  -Absent
<B><font color = 'blue'> .</font></B>  -Absent
<B><font color = 'blue'> .</font></B>  -Absent
<B><font color = 'blue'> .</font></B>  -Absent
<B><font color = 'blue'> .</font></B>  -Absent
<B><font color = 'blue'> .</font></B>  -Absent
<B><font color = 'blue'> .</font></B>  -Absent
<B><font color = 'blue'> .</font></B>  -Absent
<B><font color = 'blue'> .</font></B>  -Absent
<B><font color = 'blue'> .</font></B>  -Absent
<B><font color = 'blue'> .</font></B>  -Usb Test 
<B><font color = 'blue'> .</font></B>  -usbtest123@gmail.com
<B><font color = 'blue'> .</font></B>  -emp0097
<B><font color = 'blue'> .</font></B>  -2022-10-31
<B><font color = 'blue'> .</font></B>  -Absent
<B><font color = 'blue'> .</font></B>  -Absent
<B><font color = 'blue'> .</font></B>  -undefined
<B><font color = 'blue'> .</font></B>  -Default
<B><font color = 'blue'> .</font></B>  -Default
<B><font color = 'blue'> .</font></B>  -Absent
<B><font color = 'blue'> .</font></B>  -Absent
<B><font color = 'blue'> .</font></B>  -Absent
<B><font color = 'blue'> .</font></B>  -Absent
<B><font color = 'blue'> .</font></B>  -Absent
<B><font color = 'blue'> .</font></B>  -Absent
<B><font color = 'blue'> .</font></B>  -Absent
<B><font color = 'blue'> .</font></B>  -Absent
<B><font color = 'blue'> .</font></B>  -Absent
<B><font color = 'blue'> .</font></B>  -Absent
<B><font color = 'blue'> .</font></B>  -Absent
<B><font color = 'blue'> .</font></B>  -SS Keystrokes 
<B><font color = 'blue'> .</font></B>  -sskey@gmail.com
<B><font color = 'blue'> .</font></B>  -emp98y
<B><font color = 'blue'> .</font></B>  -2022-10-31
<B><font color = 'blue'> .</font></B>  -Absent
<B><font color = 'blue'> .</font></B>  -Absent
<B><font color = 'blue'> .</font></B>  -undefined
<B><font color = 'blue'> .</font></B>  -Default
<B><font color = 'blue'> .</font></B>  -Default
<B><font color = 'blue'> .</font></B>  -Absent
<B><font color = 'blue'> .</font></B>  -Absent
<B><font color = 'blue'> .</font></B>  -Absent
<B><font color = 'blue'> .</font></B>  -Absent
<B><font color = 'blue'> .</font></B>  -Absent
<B><font color = 'blue'> .</font></B>  -Absent
<B><font color = 'blue'> .</font></B>  -Absent
<B><font color = 'blue'> .</font></B>  -Absent
<B><font color = 'blue'> .</font></B>  -Absent
<B><font color = 'blue'> .</font></B>  -Absent
<B><font color = 'blue'> .</font></B>  -Absent
<B><font color = 'blue'> .</font></B>  -shivammmmmmmmmmmmmmmmmmmm Kumar 
<B><font color = 'blue'> .</font></B>  -kgfyash545@gmail.com
<B><font color = 'blue'> .</font></B>  -hsakhdjk414
<B><font color = 'blue'> .</font></B>  -2022-10-31
<B><font color = 'blue'> .</font></B>  -Absent
<B><font color = 'blue'> .</font></B>  -Absent
<B><font color = 'blue'> .</font></B>  -undefined
<B><font color = 'blue'> .</font></B>  -Default
<B><font color = 'blue'> .</font></B>  -Default
<B><font color = 'blue'> .</font></B>  -Absent
<B><font color = 'blue'> .</font></B>  -Absent
<B><font color = 'blue'> .</font></B>  -Absent
<B><font color = 'blue'> .</font></B>  -Absent
<B><font color = 'blue'> .</font></B>  -Absent
<B><font color = 'blue'> .</font></B>  -Absent
<B><font color = 'blue'> .</font></B>  -Absent
<B><font color = 'blue'> .</font></B>  -Absent
<B><font color = 'blue'> .</font></B>  -Absent
<B><font color = 'blue'> .</font></B>  -Absent
<B><font color = 'blue'> .</font></B>  -Absent
<B><font color = 'blue'> .</font></B>  -Abhishek Four tf test 
<B><font color = 'blue'> .</font></B>  -abhishekfourtf@mail.com
<B><font color = 'blue'> .</font></B>  -HLIKSJ98
<B><font color = 'blue'> .</font></B>  -2022-10-31
<B><font color = 'blue'> .</font></B>  -Absent
<B><font color = 'blue'> .</font></B>  -Absent
<B><font color = 'blue'> .</font></B>  -undefined
<B><font color = 'blue'> .</font></B>  -Default
<B><font color = 'blue'> .</font></B>  -Default
<B><font color = 'blue'> .</font></B>  -Absent
<B><font color = 'blue'> .</font></B>  -Absent
<B><font color = 'blue'> .</font></B>  -Absent
<B><font color = 'blue'> .</font></B>  -Absent
<B><font color = 'blue'> .</font></B>  -Absent
<B><font color = 'blue'> .</font></B>  -Absent
<B><font color = 'blue'> .</font></B>  -Absent
<B><font color = 'blue'> .</font></B>  -Absent
<B><font color = 'blue'> .</font></B>  -Absent
<B><font color = 'blue'> .</font></B>  -Absent
<B><font color = 'blue'> .</font></B>  -Absent
<B><font color = 'blue'> .</font></B>  -new dev user 
<B><font color = 'blue'> .</font></B>  -new@dev.user
<B><font color = 'blue'> .</font></B>  -fdfsfsd
<B><font color = 'blue'> .</font></B>  -2022-10-31
<B><font color = 'blue'> .</font></B>  -Absent
<B><font color = 'blue'> .</font></B>  -Absent
<B><font color = 'blue'> .</font></B>  -undefined
<B><font color = 'blue'> .</font></B>  -Default
<B><font color = 'blue'> .</font></B>  -Default
<B><font color = 'blue'> .</font></B>  -Absent
<B><font color = 'blue'> .</font></B>  -Absent
<B><font color = 'blue'> .</font></B>  -Absent
<B><font color = 'blue'> .</font></B>  -Absent
<B><font color = 'blue'> .</font></B>  -Absent
<B><font color = 'blue'> .</font></B>  -Absent
<B><font color = 'blue'> .</font></B>  -Absent
<B><font color = 'blue'> .</font></B>  -Absent
<B><font color = 'blue'> .</font></B>  -Absent
<B><font color = 'blue'> .</font></B>  -Absent
<B><font color = 'blue'> .</font></B>  -Absent
<B><font color = 'blue'> .</font></B>  -aaaaaaaaaa aaaaaaaaa 
<B><font color = 'blue'> .</font></B>  -mmmm@gmail.com
<B><font color = 'blue'> .</font></B>  -80765s
<B><font color = 'blue'> .</font></B>  -2022-10-31
<B><font color = 'blue'> .</font></B>  -Absent
<B><font color = 'blue'> .</font></B>  -Absent
<B><font color = 'blue'> .</font></B>  -undefined
<B><font color = 'blue'> .</font></B>  -Bangalore
<B><font color = 'blue'> .</font></B>  -Testing
<B><font color = 'blue'> .</font></B>  -Absent
<B><font color = 'blue'> .</font></B>  -Absent
<B><font color = 'blue'> .</font></B>  -Absent
<B><font color = 'blue'> .</font></B>  -Absent
<B><font color = 'blue'> .</font></B>  -Absent
<B><font color = 'blue'> .</font></B>  -Absent
<B><font color = 'blue'> .</font></B>  -Absent
<B><font color = 'blue'> .</font></B>  -Absent
<B><font color = 'blue'> .</font></B>  -Absent
<B><font color = 'blue'> .</font></B>  -Absent
<B><font color = 'blue'> .</font></B>  -Absent
<B><font color = 'blue'> .</font></B>  -sumesh test 
<B><font color = 'blue'> .</font></B>  -sumesh@mail.com
<B><font color = 'blue'> .</font></B>  -fdgfdgf
<B><font color = 'blue'> .</font></B>  -2022-10-31
<B><font color = 'blue'> .</font></B>  -Absent
<B><font color = 'blue'> .</font></B>  -Absent
<B><font color = 'blue'> .</font></B>  -undefined
<B><font color = 'blue'> .</font></B>  -Bangalore
<B><font color = 'blue'> .</font></B>  -Testing
<B><font color = 'blue'> .</font></B>  -Absent
<B><font color = 'blue'> .</font></B>  -Absent
<B><font color = 'blue'> .</font></B>  -Absent
<B><font color = 'blue'> .</font></B>  -Absent
<B><font color = 'blue'> .</font></B>  -Absent
<B><font color = 'blue'> .</font></B>  -Absent
<B><font color = 'blue'> .</font></B>  -Absent
<B><font color = 'blue'> .</font></B>  -Absent
<B><font color = 'blue'> .</font></B>  -Absent
<B><font color = 'blue'> .</font></B>  -Absent
<B><font color = 'blue'> .</font></B>  -Absent
<B><font color = 'blue'> .</font></B>  -Test msc 
<B><font color = 'blue'> .</font></B>  -test123@gmail.com
<B><font color = 'blue'> .</font></B>  -12254
<B><font color = 'blue'> .</font></B>  -2022-10-31
<B><font color = 'blue'> .</font></B>  -Absent
<B><font color = 'blue'> .</font></B>  -Absent
<B><font color = 'blue'> .</font></B>  -undefined
<B><font color = 'blue'> .</font></B>  -Bangalore
<B><font color = 'blue'> .</font></B>  -Testing
<B><font color = 'blue'> .</font></B>  -Absent
<B><font color = 'blue'> .</font></B>  -Absent
<B><font color = 'blue'> .</font></B>  -Absent
<B><font color = 'blue'> .</font></B>  -Absent
<B><font color = 'blue'> .</font></B>  -Absent
<B><font color = 'blue'> .</font></B>  -Absent
<B><font color = 'blue'> .</font></B>  -Absent
<B><font color = 'blue'> .</font></B>  -Absent
<B><font color = 'blue'> .</font></B>  -Absent
<B><font color = 'blue'> .</font></B>  -Absent
<B><font color = 'blue'> .</font></B>  -Absent
<B><font color = 'blue'> .</font></B>  -deffdfds vscsc 
<B><font color = 'blue'> .</font></B>  -cscsdw123@gmail.com
<B><font color = 'blue'> .</font></B>  -1234512
<B><font color = 'blue'> .</font></B>  -2022-10-31
<B><font color = 'blue'> .</font></B>  -Absent
<B><font color = 'blue'> .</font></B>  -Absent
<B><font color = 'blue'> .</font></B>  -undefined
<B><font color = 'blue'> .</font></B>  -Bangalore
<B><font color = 'blue'> .</font></B>  -Testing
<B><font color = 'blue'> .</font></B>  -Absent
<B><font color = 'blue'> .</font></B>  -Absent
<B><font color = 'blue'> .</font></B>  -Absent
<B><font color = 'blue'> .</font></B>  -Absent
<B><font color = 'blue'> .</font></B>  -Absent
<B><font color = 'blue'> .</font></B>  -Absent
<B><font color = 'blue'> .</font></B>  -Absent
<B><font color = 'blue'> .</font></B>  -Absent
<B><font color = 'blue'> .</font></B>  -Absent
<B><font color = 'blue'> .</font></B>  -Absent
<B><font color = 'blue'> .</font></B>  -Absent
<B><font color = 'blue'> .</font></B>  -test testtt 
<B><font color = 'blue'> .</font></B>  -abcd@gmail.com
<B><font color = 'blue'> .</font></B>  -GLB55
<B><font color = 'blue'> .</font></B>  -2022-10-31
<B><font color = 'blue'> .</font></B>  -Absent
<B><font color = 'blue'> .</font></B>  -Absent
<B><font color = 'blue'> .</font></B>  -undefined
<B><font color = 'blue'> .</font></B>  -Bangalore
<B><font color = 'blue'> .</font></B>  -Testing
<B><font color = 'blue'> .</font></B>  -Absent
<B><font color = 'blue'> .</font></B>  -Absent
<B><font color = 'blue'> .</font></B>  -Absent
<B><font color = 'blue'> .</font></B>  -Absent
<B><font color = 'blue'> .</font></B>  -Absent
<B><font color = 'blue'> .</font></B>  -Absent
<B><font color = 'blue'> .</font></B>  -Absent
<B><font color = 'blue'> .</font></B>  -Absent
<B><font color = 'blue'> .</font></B>  -Absent
<B><font color = 'blue'> .</font></B>  -Absent
<B><font color = 'blue'> .</font></B>  -Absent
<B><font color = 'blue'> .</font></B>  -Abhishe tt 
<B><font color = 'blue'> .</font></B>  -ab@ab.com
<B><font color = 'blue'> .</font></B>  -GKD567
<B><font color = 'blue'> .</font></B>  -2022-10-31
<B><font color = 'blue'> .</font></B>  -Absent
<B><font color = 'blue'> .</font></B>  -Absent
<B><font color = 'blue'> .</font></B>  -undefined
<B><font color = 'blue'> .</font></B>  -Bangalore
<B><font color = 'blue'> .</font></B>  -Testing
<B><font color = 'blue'> .</font></B>  -Absent
<B><font color = 'blue'> .</font></B>  -Absent
<B><font color = 'blue'> .</font></B>  -Absent
<B><font color = 'blue'> .</font></B>  -Absent
<B><font color = 'blue'> .</font></B>  -Absent
<B><font color = 'blue'> .</font></B>  -Absent
<B><font color = 'blue'> .</font></B>  -Absent
<B><font color = 'blue'> .</font></B>  -Absent
<B><font color = 'blue'> .</font></B>  -Absent
<B><font color = 'blue'> .</font></B>  -Absent
<B><font color = 'blue'> .</font></B>  -Absent
<B><font color = 'blue'> .</font></B>  -test nonadmin 
<B><font color = 'blue'> .</font></B>  -testnonadmin@gmail.com
<B><font color = 'blue'> .</font></B>  -GLB026
<B><font color = 'blue'> .</font></B>  -2022-10-31
<B><font color = 'blue'> .</font></B>  -Absent
<B><font color = 'blue'> .</font></B>  -Absent
<B><font color = 'blue'> .</font></B>  -undefined
<B><font color = 'blue'> .</font></B>  -Bangalore
<B><font color = 'blue'> .</font></B>  -Php
<B><font color = 'blue'> .</font></B>  -Absent
<B><font color = 'blue'> .</font></B>  -Absent
<B><font color = 'blue'> .</font></B>  -Absent
<B><font color = 'blue'> .</font></B>  -Absent
<B><font color = 'blue'> .</font></B>  -Absent
<B><font color = 'blue'> .</font></B>  -Absent
<B><font color = 'blue'> .</font></B>  -Absent
<B><font color = 'blue'> .</font></B>  -Absent
<B><font color = 'blue'> .</font></B>  -Absent
<B><font color = 'blue'> .</font></B>  -Absent
<B><font color = 'blue'> .</font></B>  -Absent
<B><font color = 'blue'> .</font></B>  -adg ckj 
<B><font color = 'blue'> .</font></B>  -adcs@1234
<B><font color = 'blue'> .</font></B>  -583
<B><font color = 'blue'> .</font></B>  -2022-10-31
<B><font color = 'blue'> .</font></B>  -Absent
<B><font color = 'blue'> .</font></B>  -Absent
<B><font color = 'blue'> .</font></B>  -undefined
<B><font color = 'blue'> .</font></B>  -Bangalore
<B><font color = 'blue'> .</font></B>  -Testing
<B><font color = 'blue'> .</font></B>  -Absent
<B><font color = 'blue'> .</font></B>  -Absent
<B><font color = 'blue'> .</font></B>  -Absent
<B><font color = 'blue'> .</font></B>  -Absent
<B><font color = 'blue'> .</font></B>  -Absent
<B><font color = 'blue'> .</font></B>  -Absent
<B><font color = 'blue'> .</font></B>  -Absent
<B><font color = 'blue'> .</font></B>  -Absent
<B><font color = 'blue'> .</font></B>  -Absent
<B><font color = 'blue'> .</font></B>  -Absent
<B><font color = 'blue'> .</font></B>  -Absent
<B><font color = 'blue'> .</font></B>  -dominic toretto 
<B><font color = 'blue'> .</font></B>  -dom.toretto737@gmail.com
<B><font color = 'blue'> .</font></B>  -EMP011
<B><font color = 'blue'> .</font></B>  -2022-10-31
<B><font color = 'blue'> .</font></B>  -Absent
<B><font color = 'blue'> .</font></B>  -Absent
<B><font color = 'blue'> .</font></B>  -undefined
<B><font color = 'blue'> .</font></B>  -Bangalore
<B><font color = 'blue'> .</font></B>  -Testing
<B><font color = 'blue'> .</font></B>  -Absent
<B><font color = 'blue'> .</font></B>  -Absent
<B><font color = 'blue'> .</font></B>  -Absent
<B><font color = 'blue'> .</font></B>  -Absent
<B><font color = 'blue'> .</font></B>  -Absent
<B><font color = 'blue'> .</font></B>  -Absent
<B><font color = 'blue'> .</font></B>  -Absent
<B><font color = 'blue'> .</font></B>  -Absent
<B><font color = 'blue'> .</font></B>  -Absent
<B><font color = 'blue'> .</font></B>  -Absent
<B><font color = 'blue'> .</font></B>  -Absent
<B><font color = 'blue'> .</font></B>  -Superior Test one 
<B><font color = 'blue'> .</font></B>  -superiorone@gmail.com
<B><font color = 'blue'> .</font></B>  -twoqw
<B><font color = 'blue'> .</font></B>  -2022-10-31
<B><font color = 'blue'> .</font></B>  -Absent
<B><font color = 'blue'> .</font></B>  -Absent
<B><font color = 'blue'> .</font></B>  -undefined
<B><font color = 'blue'> .</font></B>  -Bangalore
<B><font color = 'blue'> .</font></B>  -Testing
<B><font color = 'blue'> .</font></B>  -Absent
<B><font color = 'blue'> .</font></B>  -Absent
<B><font color = 'blue'> .</font></B>  -Absent
<B><font color = 'blue'> .</font></B>  -Absent
<B><font color = 'blue'> .</font></B>  -Absent
<B><font color = 'blue'> .</font></B>  -Absent
<B><font color = 'blue'> .</font></B>  -Absent
<B><font color = 'blue'> .</font></B>  -Absent
<B><font color = 'blue'> .</font></B>  -Absent
<B><font color = 'blue'> .</font></B>  -Absent
<B><font color = 'blue'> .</font></B>  -Absent
<B><font color = 'blue'> .</font></B>  -test testw 
<B><font color = 'blue'> .</font></B>  -test@mac.in
<B><font color = 'blue'> .</font></B>  -aaf123
<B><font color = 'blue'> .</font></B>  -2022-10-31
<B><font color = 'blue'> .</font></B>  -Absent
<B><font color = 'blue'> .</font></B>  -Absent
<B><font color = 'blue'> .</font></B>  -undefined
<B><font color = 'blue'> .</font></B>  -Bangalore
<B><font color = 'blue'> .</font></B>  -Php
<B><font color = 'blue'> .</font></B>  -Absent
<B><font color = 'blue'> .</font></B>  -Absent
<B><font color = 'blue'> .</font></B>  -Absent
<B><font color = 'blue'> .</font></B>  -Absent
<B><font color = 'blue'> .</font></B>  -Absent
<B><font color = 'blue'> .</font></B>  -Absent
<B><font color = 'blue'> .</font></B>  -Absent
<B><font color = 'blue'> .</font></B>  -Absent
<B><font color = 'blue'> .</font></B>  -Absent
<B><font color = 'blue'> .</font></B>  -Absent
<B><font color = 'blue'> .</font></B>  -Absent
<B><font color = 'blue'> .</font></B>  -Test test 
<B><font color = 'blue'> .</font></B>  -sarikajain@gmail.com
<B><font color = 'blue'> .</font></B>  -E-101
<B><font color = 'blue'> .</font></B>  -2022-10-31
<B><font color = 'blue'> .</font></B>  -Absent
<B><font color = 'blue'> .</font></B>  -Absent
<B><font color = 'blue'> .</font></B>  -undefined
<B><font color = 'blue'> .</font></B>  -Bangalore
<B><font color = 'blue'> .</font></B>  -Testing
<B><font color = 'blue'> .</font></B>  -Absent
<B><font color = 'blue'> .</font></B>  -Absent
<B><font color = 'blue'> .</font></B>  -Absent
<B><font color = 'blue'> .</font></B>  -Absent
<B><font color = 'blue'> .</font></B>  -Absent
<B><font color = 'blue'> .</font></B>  -Absent
<B><font color = 'blue'> .</font></B>  -Absent
<B><font color = 'blue'> .</font></B>  -Absent
<B><font color = 'blue'> .</font></B>  -Absent
<B><font color = 'blue'> .</font></B>  -Absent
<B><font color = 'blue'> .</font></B>  -Absent
<B><font color = 'blue'> .</font></B>  -test123 abcd 
<B><font color = 'blue'> .</font></B>  -s@gmail.com
<B><font color = 'blue'> .</font></B>  -code123z
<B><font color = 'blue'> .</font></B>  -2022-10-31
<B><font color = 'blue'> .</font></B>  -Absent
<B><font color = 'blue'> .</font></B>  -Absent
<B><font color = 'blue'> .</font></B>  -undefined
<B><font color = 'blue'> .</font></B>  -Bangalore
<B><font color = 'blue'> .</font></B>  -Testing
<B><font color = 'blue'> .</font></B>  -Absent
<B><font color = 'blue'> .</font></B>  -Absent
<B><font color = 'blue'> .</font></B>  -Absent
<B><font color = 'blue'> .</font></B>  -Absent
<B><font color = 'blue'> .</font></B>  -Absent
<B><font color = 'blue'> .</font></B>  -Absent
<B><font color = 'blue'> .</font></B>  -Absent
<B><font color = 'blue'> .</font></B>  -Absent
<B><font color = 'blue'> .</font></B>  -Absent
<B><font color = 'blue'> .</font></B>  -Absent
<B><font color = 'blue'> .</font></B>  -Absent
<B><font color = 'blue'> .</font></B>  -testing test 
<B><font color = 'blue'> .</font></B>  -aarshajoyson1601@gmail.com
<B><font color = 'blue'> .</font></B>  -glb0008
<B><font color = 'blue'> .</font></B>  -2022-10-31
<B><font color = 'blue'> .</font></B>  -Absent
<B><font color = 'blue'> .</font></B>  -Absent
<B><font color = 'blue'> .</font></B>  -undefined
<B><font color = 'blue'> .</font></B>  -Bangalore
<B><font color = 'blue'> .</font></B>  -Php
<B><font color = 'blue'> .</font></B>  -Absent
<B><font color = 'blue'> .</font></B>  -Absent
<B><font color = 'blue'> .</font></B>  -Absent
<B><font color = 'blue'> .</font></B>  -Absent
<B><font color = 'blue'> .</font></B>  -Absent
<B><font color = 'blue'> .</font></B>  -Absent
<B><font color = 'blue'> .</font></B>  -Absent
<B><font color = 'blue'> .</font></B>  -Absent
<B><font color = 'blue'> .</font></B>  -Absent
<B><font color = 'blue'> .</font></B>  -Absent
<B><font color = 'blue'> .</font></B>  -Absent
<B><font color = 'blue'> .</font></B>  -Automation CodeeeAuto 
<B><font color = 'blue'> .</font></B>  -skabcdef7@gmail.com
<B><font color = 'blue'> .</font></B>  -Emp-Abzcde-1234522
<B><font color = 'blue'> .</font></B>  -2022-10-31
<B><font color = 'blue'> .</font></B>  -Absent
<B><font color = 'blue'> .</font></B>  -Absent
<B><font color = 'blue'> .</font></B>  -undefined
<B><font color = 'blue'> .</font></B>  -Bangalore
<B><font color = 'blue'> .</font></B>  -Testing
<B><font color = 'blue'> .</font></B>  -Absent
<B><font color = 'blue'> .</font></B>  -Absent
<B><font color = 'blue'> .</font></B>  -Absent
<B><font color = 'blue'> .</font></B>  -Absent
<B><font color = 'blue'> .</font></B>  -Absent
<B><font color = 'blue'> .</font></B>  -Absent
<B><font color = 'blue'> .</font></B>  -Absent
<B><font color = 'blue'> .</font></B>  -Absent
<B><font color = 'blue'> .</font></B>  -Absent
<B><font color = 'blue'> .</font></B>  -Absent
<B><font color = 'blue'> .</font></B>  -Absent
<B><font color = 'blue'> .</font></B>  -piyush dfgsfg 
<B><font color = 'blue'> .</font></B>  -jos@gmail.com
<B><font color = 'blue'> .</font></B>  -sdgff
<B><font color = 'blue'> .</font></B>  -2022-10-31
<B><font color = 'blue'> .</font></B>  -Absent
<B><font color = 'blue'> .</font></B>  -Absent
<B><font color = 'blue'> .</font></B>  -undefined
<B><font color = 'blue'> .</font></B>  -Bangalore
<B><font color = 'blue'> .</font></B>  -Testing
<B><font color = 'blue'> .</font></B>  -Absent
<B><font color = 'blue'> .</font></B>  -Absent
<B><font color = 'blue'> .</font></B>  -Absent
<B><font color = 'blue'> .</font></B>  -Absent
<B><font color = 'blue'> .</font></B>  -Absent
<B><font color = 'blue'> .</font></B>  -Absent
<B><font color = 'blue'> .</font></B>  -Absent
<B><font color = 'blue'> .</font></B>  -Absent
<B><font color = 'blue'> .</font></B>  -Absent
<B><font color = 'blue'> .</font></B>  -Absent
<B><font color = 'blue'> .</font></B>  -Absent
<B><font color = 'blue'> .</font></B>  -Aryan raj 
<B><font color = 'blue'> .</font></B>  -alex@gmail.com
<B><font color = 'blue'> .</font></B>  -126
<B><font color = 'blue'> .</font></B>  -2022-10-31
<B><font color = 'blue'> .</font></B>  -Absent
<B><font color = 'blue'> .</font></B>  -Absent
<B><font color = 'blue'> .</font></B>  -undefined
<B><font color = 'blue'> .</font></B>  -Bangalore
<B><font color = 'blue'> .</font></B>  -Testing
<B><font color = 'blue'> .</font></B>  -Absent
<B><font color = 'blue'> .</font></B>  -Absent
<B><font color = 'blue'> .</font></B>  -Absent
<B><font color = 'blue'> .</font></B>  -Absent
<B><font color = 'blue'> .</font></B>  -Absent
<B><font color = 'blue'> .</font></B>  -Absent
<B><font color = 'blue'> .</font></B>  -Absent
<B><font color = 'blue'> .</font></B>  -Absent
<B><font color = 'blue'> .</font></B>  -Absent
<B><font color = 'blue'> .</font></B>  -Absent
<B><font color = 'blue'> .</font></B>  -Absent
<B><font color = 'blue'> .</font></B>  -Automation CodeeeAuto 
<B><font color = 'blue'> .</font></B>  -skabcdef38@gmail.com
<B><font color = 'blue'> .</font></B>  -Emp-Abzcde-123457
<B><font color = 'blue'> .</font></B>  -2022-10-31
<B><font color = 'blue'> .</font></B>  -Absent
<B><font color = 'blue'> .</font></B>  -Absent
<B><font color = 'blue'> .</font></B>  -undefined
<B><font color = 'blue'> .</font></B>  -Bangalore
<B><font color = 'blue'> .</font></B>  -Testing
<B><font color = 'blue'> .</font></B>  -Absent
<B><font color = 'blue'> .</font></B>  -Absent
<B><font color = 'blue'> .</font></B>  -Absent
<B><font color = 'blue'> .</font></B>  -Absent
<B><font color = 'blue'> .</font></B>  -Absent
<B><font color = 'blue'> .</font></B>  -Absent
<B><font color = 'blue'> .</font></B>  -Absent
<B><font color = 'blue'> .</font></B>  -Absent
<B><font color = 'blue'> .</font></B>  -Absent
<B><font color = 'blue'> .</font></B>  -Absent
<B><font color = 'blue'> .</font></B>  -Absent
<B><font color = 'blue'> .</font></B>  -Automation CodeeeAuto 
<B><font color = 'blue'> .</font></B>  -skabcdef33@gmail.com
<B><font color = 'blue'> .</font></B>  -Emp-Abzcde-1234557
<B><font color = 'blue'> .</font></B>  -2022-10-31
<B><font color = 'blue'> .</font></B>  -Absent
<B><font color = 'blue'> .</font></B>  -Absent
<B><font color = 'blue'> .</font></B>  -undefined
<B><font color = 'blue'> .</font></B>  -Bangalore
<B><font color = 'blue'> .</font></B>  -Testing
<B><font color = 'blue'> .</font></B>  -Absent
<B><font color = 'blue'> .</font></B>  -Absent
<B><font color = 'blue'> .</font></B>  -Absent
<B><font color = 'blue'> .</font></B>  -Absent
<B><font color = 'blue'> .</font></B>  -Absent
<B><font color = 'blue'> .</font></B>  -Absent
<B><font color = 'blue'> .</font></B>  -Absent
<B><font color = 'blue'> .</font></B>  -Absent
<B><font color = 'blue'> .</font></B>  -Absent
<B><font color = 'blue'> .</font></B>  -Absent
<B><font color = 'blue'> .</font></B>  -Absent
<B><font color = 'blue'> .</font></B>  -D Surya Prabhakar 
<B><font color = 'blue'> .</font></B>  -surya1@gmail.com
<B><font color = 'blue'> .</font></B>  -EM010
<B><font color = 'blue'> .</font></B>  -2022-10-31
<B><font color = 'blue'> .</font></B>  -Absent
<B><font color = 'blue'> .</font></B>  -Absent
<B><font color = 'blue'> .</font></B>  -undefined
<B><font color = 'blue'> .</font></B>  -bengaluru
<B><font color = 'blue'> .</font></B>  -Testing
<B><font color = 'blue'> .</font></B>  -Absent
<B><font color = 'blue'> .</font></B>  -Absent
<B><font color = 'blue'> .</font></B>  -Absent
<B><font color = 'blue'> .</font></B>  -Absent
<B><font color = 'blue'> .</font></B>  -Absent
<B><font color = 'blue'> .</font></B>  -Absent
<B><font color = 'blue'> .</font></B>  -Absent
<B><font color = 'blue'> .</font></B>  -Absent
<B><font color = 'blue'> .</font></B>  -Absent
<B><font color = 'blue'> .</font></B>  -Absent
<B><font color = 'blue'> .</font></B>  -Absent
<B><font color = 'blue'> .</font></B>  -R o       hit Sharma 
<B><font color = 'blue'> .</font></B>  -rahulrajt5613928@gmail.com
<B><font color = 'blue'> .</font></B>  -67645
<B><font color = 'blue'> .</font></B>  -2022-10-31
<B><font color = 'blue'> .</font></B>  -Absent
<B><font color = 'blue'> .</font></B>  -Absent
<B><font color = 'blue'> .</font></B>  -undefined
<B><font color = 'blue'> .</font></B>  -bengaluru
<B><font color = 'blue'> .</font></B>  -Testing
<B><font color = 'blue'> .</font></B>  -Absent
<B><font color = 'blue'> .</font></B>  -Absent
<B><font color = 'blue'> .</font></B>  -Absent
<B><font color = 'blue'> .</font></B>  -Absent
<B><font color = 'blue'> .</font></B>  -Absent
<B><font color = 'blue'> .</font></B>  -Absent
<B><font color = 'blue'> .</font></B>  -Absent
<B><font color = 'blue'> .</font></B>  -Absent
<B><font color = 'blue'> .</font></B>  -Absent
<B><font color = 'blue'> .</font></B>  -Absent
<B><font color = 'blue'> .</font></B>  -Absent
<B><font color = 'blue'> .</font></B>  -ni test 
<B><font color = 'blue'> .</font></B>  -nitest12@gmail.com
<B><font color = 'blue'> .</font></B>  -GLB678
<B><font color = 'blue'> .</font></B>  -2022-10-31
<B><font color = 'blue'> .</font></B>  -Absent
<B><font color = 'blue'> .</font></B>  -Absent
<B><font color = 'blue'> .</font></B>  -undefined
<B><font color = 'blue'> .</font></B>  -bengaluru
<B><font color = 'blue'> .</font></B>  -Testing
<B><font color = 'blue'> .</font></B>  -Absent
<B><font color = 'blue'> .</font></B>  -Absent
<B><font color = 'blue'> .</font></B>  -Absent
<B><font color = 'blue'> .</font></B>  -Absent
<B><font color = 'blue'> .</font></B>  -Absent
<B><font color = 'blue'> .</font></B>  -Absent
<B><font color = 'blue'> .</font></B>  -Absent
<B><font color = 'blue'> .</font></B>  -Absent
<B><font color = 'blue'> .</font></B>  -Absent
<B><font color = 'blue'> .</font></B>  -Absent
<B><font color = 'blue'> .</font></B>  -Absent
<B><font color = 'blue'> .</font></B>  -one test 
<B><font color = 'blue'> .</font></B>  -testone1234@gmail.com
<B><font color = 'blue'> .</font></B>  -0110
<B><font color = 'blue'> .</font></B>  -2022-10-31
<B><font color = 'blue'> .</font></B>  -Absent
<B><font color = 'blue'> .</font></B>  -Absent
<B><font color = 'blue'> .</font></B>  -undefined
<B><font color = 'blue'> .</font></B>  -bengaluru
<B><font color = 'blue'> .</font></B>  -Testing
<B><font color = 'blue'> .</font></B>  -Absent
<B><font color = 'blue'> .</font></B>  -Absent
<B><font color = 'blue'> .</font></B>  -Absent
<B><font color = 'blue'> .</font></B>  -Absent
<B><font color = 'blue'> .</font></B>  -Absent
<B><font color = 'blue'> .</font></B>  -Absent
<B><font color = 'blue'> .</font></B>  -Absent
<B><font color = 'blue'> .</font></B>  -Absent
<B><font color = 'blue'> .</font></B>  -Absent
<B><font color = 'blue'> .</font></B>  -Absent
<B><font color = 'blue'> .</font></B>  -Absent
<B><font color = 'blue'> .</font></B>  -GLB-BLR-010-PC - GLB-BLR-010 
<B><font color = 'blue'> .</font></B>  -abcd@yuksdgus
<B><font color = 'blue'> .</font></B>  -GLB-BLR-010
<B><font color = 'blue'> .</font></B>  -2022-10-31
<B><font color = 'blue'> .</font></B>  -Absent
<B><font color = 'blue'> .</font></B>  -Absent
<B><font color = 'blue'> .</font></B>  -undefined
<B><font color = 'blue'> .</font></B>  -bengaluru
<B><font color = 'blue'> .</font></B>  -Testing
<B><font color = 'blue'> .</font></B>  -Absent
<B><font color = 'blue'> .</font></B>  -Absent
<B><font color = 'blue'> .</font></B>  -Absent
<B><font color = 'blue'> .</font></B>  -Absent
<B><font color = 'blue'> .</font></B>  -Absent
<B><font color = 'blue'> .</font></B>  -Absent
<B><font color = 'blue'> .</font></B>  -Absent
<B><font color = 'blue'> .</font></B>  -Absent
<B><font color = 'blue'> .</font></B>  -Absent
<B><font color = 'blue'> .</font></B>  -Absent
<B><font color = 'blue'> .</font></B>  -Absent
<B><font color = 'blue'> .</font></B>  -surya kk 
<B><font color = 'blue'> .</font></B>  -123@gmail.com
<B><font color = 'blue'> .</font></B>  -mmmmm
<B><font color = 'blue'> .</font></B>  -2022-10-31
<B><font color = 'blue'> .</font></B>  -Absent
<B><font color = 'blue'> .</font></B>  -Absent
<B><font color = 'blue'> .</font></B>  -undefined
<B><font color = 'blue'> .</font></B>  -Tamilnadu
<B><font color = 'blue'> .</font></B>  -Test and Dev
<B><font color = 'blue'> .</font></B>  -Absent
<B><font color = 'blue'> .</font></B>  -Absent
<B><font color = 'blue'> .</font></B>  -Absent
<B><font color = 'blue'> .</font></B>  -Absent
<B><font color = 'blue'> .</font></B>  -Absent
<B><font color = 'blue'> .</font></B>  -Absent
<B><font color = 'blue'> .</font></B>  -Absent
<B><font color = 'blue'> .</font></B>  -Absent
<B><font color = 'blue'> .</font></B>  -Absent
<B><font color = 'blue'> .</font></B>  -Absent
<B><font color = 'blue'> .</font></B>  -Absent
<B><font color = 'blue'> .</font></B>  -sai kk 
<B><font color = 'blue'> .</font></B>  -saikk19876@gmail.com
<B><font color = 'blue'> .</font></B>  -20221019
<B><font color = 'blue'> .</font></B>  -2022-10-31
<B><font color = 'blue'> .</font></B>  -Absent
<B><font color = 'blue'> .</font></B>  -Absent
<B><font color = 'blue'> .</font></B>  -undefined
<B><font color = 'blue'> .</font></B>  -Tamilnadu
<B><font color = 'blue'> .</font></B>  -Test and Dev
<B><font color = 'blue'> .</font></B>  -Absent
<B><font color = 'blue'> .</font></B>  -Absent
<B><font color = 'blue'> .</font></B>  -Absent
<B><font color = 'blue'> .</font></B>  -Absent
<B><font color = 'blue'> .</font></B>  -Absent
<B><font color = 'blue'> .</font></B>  -Absent
<B><font color = 'blue'> .</font></B>  -Absent
<B><font color = 'blue'> .</font></B>  -Absent
<B><font color = 'blue'> .</font></B>  -Absent
<B><font color = 'blue'> .</font></B>  -Absent
<B><font color = 'blue'> .</font></B>  -Absent
<B><font color = 'blue'> .</font></B>  -ajeethemp test 
<B><font color = 'blue'> .</font></B>  -ajeethemp@gmail.com
<B><font color = 'blue'> .</font></B>  -A01
<B><font color = 'blue'> .</font></B>  -2022-10-31
<B><font color = 'blue'> .</font></B>  -Absent
<B><font color = 'blue'> .</font></B>  -Absent
<B><font color = 'blue'> .</font></B>  -undefined
<B><font color = 'blue'> .</font></B>  -Tamilnadu
<B><font color = 'blue'> .</font></B>  -Test and Dev
<B><font color = 'blue'> .</font></B>  -Absent
<B><font color = 'blue'> .</font></B>  -Absent
<B><font color = 'blue'> .</font></B>  -Absent
<B><font color = 'blue'> .</font></B>  -Absent
<B><font color = 'blue'> .</font></B>  -Absent
<B><font color = 'blue'> .</font></B>  -Absent
<B><font color = 'blue'> .</font></B>  -Absent
<B><font color = 'blue'> .</font></B>  -Absent
<B><font color = 'blue'> .</font></B>  -Absent
<B><font color = 'blue'> .</font></B>  -Absent
<B><font color = 'blue'> .</font></B>  -Absent
<B><font color = 'blue'> .</font></B>  -test user two 
<B><font color = 'blue'> .</font></B>  -testuser@two.io
<B><font color = 'blue'> .</font></B>  -GSLL-327
<B><font color = 'blue'> .</font></B>  -2022-10-31
<B><font color = 'blue'> .</font></B>  -Absent
<B><font color = 'blue'> .</font></B>  -Absent
<B><font color = 'blue'> .</font></B>  -undefined
<B><font color = 'blue'> .</font></B>  -Tamilnadu
<B><font color = 'blue'> .</font></B>  -Test and Dev
<B><font color = 'blue'> .</font></B>  -Absent
<B><font color = 'blue'> .</font></B>  -Absent
<B><font color = 'blue'> .</font></B>  -Absent
<B><font color = 'blue'> .</font></B>  -Absent
<B><font color = 'blue'> .</font></B>  -Absent
<B><font color = 'blue'> .</font></B>  -Absent
<B><font color = 'blue'> .</font></B>  -Absent
<B><font color = 'blue'> .</font></B>  -Absent
<B><font color = 'blue'> .</font></B>  -Absent
<B><font color = 'blue'> .</font></B>  -Absent
<B><font color = 'blue'> .</font></B>  -Absent
<B><font color = 'blue'> .</font></B>  -Himanshu Kumar 
<B><font color = 'blue'> .</font></B>  -himanshu1@gmail.com
<B><font color = 'blue'> .</font></B>  -EM011
<B><font color = 'blue'> .</font></B>  -2022-10-31
<B><font color = 'blue'> .</font></B>  -Absent
<B><font color = 'blue'> .</font></B>  -Absent
<B><font color = 'blue'> .</font></B>  -undefined
<B><font color = 'blue'> .</font></B>  -bagalkot
<B><font color = 'blue'> .</font></B>  -manual testing
<B><font color = 'blue'> .</font></B>  -Absent
<B><font color = 'blue'> .</font></B>  -Absent
<B><font color = 'blue'> .</font></B>  -Absent
<B><font color = 'blue'> .</font></B>  -Absent
<B><font color = 'blue'> .</font></B>  -Absent
<B><font color = 'blue'> .</font></B>  -Absent
<B><font color = 'blue'> .</font></B>  -Absent
<B><font color = 'blue'> .</font></B>  -Absent
<B><font color = 'blue'> .</font></B>  -Absent
<B><font color = 'blue'> .</font></B>  -Absent
<B><font color = 'blue'> .</font></B>  -Absent
<B><font color = 'blue'> .</font></B>  -dxgfdxg gssdg 
<B><font color = 'blue'> .</font></B>  -sdgsg@dgksodkg.in
<B><font color = 'blue'> .</font></B>  -asfda343443
<B><font color = 'blue'> .</font></B>  -2022-10-31
<B><font color = 'blue'> .</font></B>  -Absent
<B><font color = 'blue'> .</font></B>  -Absent
<B><font color = 'blue'> .</font></B>  -undefined
<B><font color = 'blue'> .</font></B>  -Bhilai
<B><font color = 'blue'> .</font></B>  -Php
<B><font color = 'blue'> .</font></B>  -Absent
<B><font color = 'blue'> .</font></B>  -Absent
<B><font color = 'blue'> .</font></B>  -Absent
<B><font color = 'blue'> .</font></B>  -Absent
<B><font color = 'blue'> .</font></B>  -Absent
<B><font color = 'blue'> .</font></B>  -Absent
<B><font color = 'blue'> .</font></B>  -Absent
<B><font color = 'blue'> .</font></B>  -Absent
<B><font color = 'blue'> .</font></B>  -Absent
<B><font color = 'blue'> .</font></B>  -Absent
<B><font color = 'blue'> .</font></B>  -Absent
<B><font color = 'blue'> .</font></B>  -Guest User 
<B><font color = 'blue'> .</font></B>  -guestuser@gmail.com
<B><font color = 'blue'> .</font></B>  -GLB-777
<B><font color = 'blue'> .</font></B>  -2022-10-31
<B><font color = 'blue'> .</font></B>  -Absent
<B><font color = 'blue'> .</font></B>  -Absent
<B><font color = 'blue'> .</font></B>  -undefined
<B><font color = 'blue'> .</font></B>  -Bhilai
<B><font color = 'blue'> .</font></B>  -Php
<B><font color = 'blue'> .</font></B>  -Absent
<B><font color = 'blue'> .</font></B>  -Absent
<B><font color = 'blue'> .</font></B>  -Absent
<B><font color = 'blue'> .</font></B>  -Absent
<B><font color = 'blue'> .</font></B>  -Absent
<B><font color = 'blue'> .</font></B>  -Absent
<B><font color = 'blue'> .</font></B>  -Absent
<B><font color = 'blue'> .</font></B>  -Absent
<B><font color = 'blue'> .</font></B>  -Absent
<B><font color = 'blue'> .</font></B>  -Absent
<B><font color = 'blue'> .</font></B>  -Absent
<B><font color = 'blue'> .</font></B>  -Abhishek Test 
<B><font color = 'blue'> .</font></B>  -abhishektrest@glb.in
<B><font color = 'blue'> .</font></B>  -rN7tvEiDPGNi4fD
<B><font color = 'blue'> .</font></B>  -2022-10-30
<B><font color = 'blue'> .</font></B>  -30-10-2022 00:00:53
<B><font color = 'blue'> .</font></B>  -30-10-2022 15:10:01
<B><font color = 'blue'> .</font></B>  -GLB-124-PC
<B><font color = 'blue'> .</font></B>  -Bangalore
<B><font color = 'blue'> .</font></B>  -Php
<B><font color = 'blue'> .</font></B>  -15:09:08
<B><font color = 'blue'> .</font></B>  -00:00:00
<B><font color = 'blue'> .</font></B>  -00:00:00
<B><font color = 'blue'> .</font></B>  -00:00:00
<B><font color = 'blue'> .</font></B>  -00:00:00
<B><font color = 'blue'> .</font></B>  -00:00:00
<B><font color = 'blue'> .</font></B>  -00:00:00
<B><font color = 'blue'> .</font></B>  -15:09:08
<B><font color = 'blue'> .</font></B>  -0.00%
<B><font color = 'blue'> .</font></B>  --480:00
<B><font color = 'blue'> .</font></B>  -0.00
<B><font color = 'blue'> .</font></B>  -Virat kohli 
<B><font color = 'blue'> .</font></B>  -rahukbgdxgsf@gmail.com
<B><font color = 'blue'> .</font></B>  -65332
<B><font color = 'blue'> .</font></B>  -2022-10-30
<B><font color = 'blue'> .</font></B>  -Absent
<B><font color = 'blue'> .</font></B>  -Absent
<B><font color = 'blue'> .</font></B>  -undefined
<B><font color = 'blue'> .</font></B>  -Default
<B><font color = 'blue'> .</font></B>  -Default
<B><font color = 'blue'> .</font></B>  -Absent
<B><font color = 'blue'> .</font></B>  -Absent
<B><font color = 'blue'> .</font></B>  -Absent
<B><font color = 'blue'> .</font></B>  -Absent
<B><font color = 'blue'> .</font></B>  -Absent
<B><font color = 'blue'> .</font></B>  -Absent
<B><font color = 'blue'> .</font></B>  -Absent
<B><font color = 'blue'> .</font></B>  -Absent
<B><font color = 'blue'> .</font></B>  -Absent
<B><font color = 'blue'> .</font></B>  -Absent
<B><font color = 'blue'> .</font></B>  -Absent
<B><font color = 'blue'> .</font></B>  -sadas kadkasdj 
<B><font color = 'blue'> .</font></B>  -dsa@eqe
<B><font color = 'blue'> .</font></B>  -emp129666
<B><font color = 'blue'> .</font></B>  -2022-10-30
<B><font color = 'blue'> .</font></B>  -Absent
<B><font color = 'blue'> .</font></B>  -Absent
<B><font color = 'blue'> .</font></B>  -undefined
<B><font color = 'blue'> .</font></B>  -Default
<B><font color = 'blue'> .</font></B>  -Default
<B><font color = 'blue'> .</font></B>  -Absent
<B><font color = 'blue'> .</font></B>  -Absent
<B><font color = 'blue'> .</font></B>  -Absent
<B><font color = 'blue'> .</font></B>  -Absent
<B><font color = 'blue'> .</font></B>  -Absent
<B><font color = 'blue'> .</font></B>  -Absent
<B><font color = 'blue'> .</font></B>  -Absent
<B><font color = 'blue'> .</font></B>  -Absent
<B><font color = 'blue'> .</font></B>  -Absent
<B><font color = 'blue'> .</font></B>  -Absent
<B><font color = 'blue'> .</font></B>  -Absent
<B><font color = 'blue'> .</font></B>  -New Test 
<B><font color = 'blue'> .</font></B>  -newtest@gmail.com
<B><font color = 'blue'> .</font></B>  -ewer334443
<B><font color = 'blue'> .</font></B>  -2022-10-30
<B><font color = 'blue'> .</font></B>  -Absent
<B><font color = 'blue'> .</font></B>  -Absent
<B><font color = 'blue'> .</font></B>  -undefined
<B><font color = 'blue'> .</font></B>  -Default
<B><font color = 'blue'> .</font></B>  -Default
<B><font color = 'blue'> .</font></B>  -Absent
<B><font color = 'blue'> .</font></B>  -Absent
<B><font color = 'blue'> .</font></B>  -Absent
<B><font color = 'blue'> .</font></B>  -Absent
<B><font color = 'blue'> .</font></B>  -Absent
<B><font color = 'blue'> .</font></B>  -Absent
<B><font color = 'blue'> .</font></B>  -Absent
<B><font color = 'blue'> .</font></B>  -Absent
<B><font color = 'blue'> .</font></B>  -Absent
<B><font color = 'blue'> .</font></B>  -Absent
<B><font color = 'blue'> .</font></B>  -Absent
<B><font color = 'blue'> .</font></B>  -dshcdb uidsbf 
<B><font color = 'blue'> .</font></B>  -dvbvdb@yahoo.com
<B><font color = 'blue'> .</font></B>  -435454
<B><font color = 'blue'> .</font></B>  -2022-10-30
<B><font color = 'blue'> .</font></B>  -Absent
<B><font color = 'blue'> .</font></B>  -Absent
<B><font color = 'blue'> .</font></B>  -undefined
<B><font color = 'blue'> .</font></B>  -Default
<B><font color = 'blue'> .</font></B>  -Default
<B><font color = 'blue'> .</font></B>  -Absent
<B><font color = 'blue'> .</font></B>  -Absent
<B><font color = 'blue'> .</font></B>  -Absent
<B><font color = 'blue'> .</font></B>  -Absent
<B><font color = 'blue'> .</font></B>  -Absent
<B><font color = 'blue'> .</font></B>  -Absent
<B><font color = 'blue'> .</font></B>  -Absent
<B><font color = 'blue'> .</font></B>  -Absent
<B><font color = 'blue'> .</font></B>  -Absent
<B><font color = 'blue'> .</font></B>  -Absent
<B><font color = 'blue'> .</font></B>  -Absent
<B><font color = 'blue'> .</font></B>  -try last 
<B><font color = 'blue'> .</font></B>  -try@gmail.com
<B><font color = 'blue'> .</font></B>  -1225455
<B><font color = 'blue'> .</font></B>  -2022-10-30
<B><font color = 'blue'> .</font></B>  -Absent
<B><font color = 'blue'> .</font></B>  -Absent
<B><font color = 'blue'> .</font></B>  -undefined
<B><font color = 'blue'> .</font></B>  -Default
<B><font color = 'blue'> .</font></B>  -Default
<B><font color = 'blue'> .</font></B>  -Absent
<B><font color = 'blue'> .</font></B>  -Absent
<B><font color = 'blue'> .</font></B>  -Absent
<B><font color = 'blue'> .</font></B>  -Absent
<B><font color = 'blue'> .</font></B>  -Absent
<B><font color = 'blue'> .</font></B>  -Absent
<B><font color = 'blue'> .</font></B>  -Absent
<B><font color = 'blue'> .</font></B>  -Absent
<B><font color = 'blue'> .</font></B>  -Absent
<B><font color = 'blue'> .</font></B>  -Absent
<B><font color = 'blue'> .</font></B>  -Absent
<B><font color = 'blue'> .</font></B>  -vdjvdb yusvdvbbh 
<B><font color = 'blue'> .</font></B>  -dvhbfdh@gmail.com
<B><font color = 'blue'> .</font></B>  -wq534342
<B><font color = 'blue'> .</font></B>  -2022-10-30
<B><font color = 'blue'> .</font></B>  -Absent
<B><font color = 'blue'> .</font></B>  -Absent
<B><font color = 'blue'> .</font></B>  -undefined
<B><font color = 'blue'> .</font></B>  -Default
<B><font color = 'blue'> .</font></B>  -Default
<B><font color = 'blue'> .</font></B>  -Absent
<B><font color = 'blue'> .</font></B>  -Absent
<B><font color = 'blue'> .</font></B>  -Absent
<B><font color = 'blue'> .</font></B>  -Absent
<B><font color = 'blue'> .</font></B>  -Absent
<B><font color = 'blue'> .</font></B>  -Absent
<B><font color = 'blue'> .</font></B>  -Absent
<B><font color = 'blue'> .</font></B>  -Absent
<B><font color = 'blue'> .</font></B>  -Absent
<B><font color = 'blue'> .</font></B>  -Absent
<B><font color = 'blue'> .</font></B>  -Absent
<B><font color = 'blue'> .</font></B>  -Mail Test user 
<B><font color = 'blue'> .</font></B>  -maintest@user.io
<B><font color = 'blue'> .</font></B>  -GLB-1223888
<B><font color = 'blue'> .</font></B>  -2022-10-30
<B><font color = 'blue'> .</font></B>  -Absent
<B><font color = 'blue'> .</font></B>  -Absent
<B><font color = 'blue'> .</font></B>  -undefined
<B><font color = 'blue'> .</font></B>  -Default
<B><font color = 'blue'> .</font></B>  -Default
<B><font color = 'blue'> .</font></B>  -Absent
<B><font color = 'blue'> .</font></B>  -Absent
<B><font color = 'blue'> .</font></B>  -Absent
<B><font color = 'blue'> .</font></B>  -Absent
<B><font color = 'blue'> .</font></B>  -Absent
<B><font color = 'blue'> .</font></B>  -Absent
<B><font color = 'blue'> .</font></B>  -Absent
<B><font color = 'blue'> .</font></B>  -Absent
<B><font color = 'blue'> .</font></B>  -Absent
<B><font color = 'blue'> .</font></B>  -Absent
<B><font color = 'blue'> .</font></B>  -Absent
<B><font color = 'blue'> .</font></B>  -Update Check 
<B><font color = 'blue'> .</font></B>  -updates@gmail.com
<B><font color = 'blue'> .</font></B>  -emp543
<B><font color = 'blue'> .</font></B>  -2022-10-30
<B><font color = 'blue'> .</font></B>  -Absent
<B><font color = 'blue'> .</font></B>  -Absent
<B><font color = 'blue'> .</font></B>  -undefined
<B><font color = 'blue'> .</font></B>  -Default
<B><font color = 'blue'> .</font></B>  -Default
<B><font color = 'blue'> .</font></B>  -Absent
<B><font color = 'blue'> .</font></B>  -Absent
<B><font color = 'blue'> .</font></B>  -Absent
<B><font color = 'blue'> .</font></B>  -Absent
<B><font color = 'blue'> .</font></B>  -Absent
<B><font color = 'blue'> .</font></B>  -Absent
<B><font color = 'blue'> .</font></B>  -Absent
<B><font color = 'blue'> .</font></B>  -Absent
<B><font color = 'blue'> .</font></B>  -Absent
<B><font color = 'blue'> .</font></B>  -Absent
<B><font color = 'blue'> .</font></B>  -Absent
<B><font color = 'blue'> .</font></B>  -test manager 
<B><font color = 'blue'> .</font></B>  -manageremp@gmail.com
<B><font color = 'blue'> .</font></B>  -glb020
<B><font color = 'blue'> .</font></B>  -2022-10-30
<B><font color = 'blue'> .</font></B>  -Absent
<B><font color = 'blue'> .</font></B>  -Absent
<B><font color = 'blue'> .</font></B>  -undefined
<B><font color = 'blue'> .</font></B>  -Default
<B><font color = 'blue'> .</font></B>  -Default
<B><font color = 'blue'> .</font></B>  -Absent
<B><font color = 'blue'> .</font></B>  -Absent
<B><font color = 'blue'> .</font></B>  -Absent
<B><font color = 'blue'> .</font></B>  -Absent
<B><font color = 'blue'> .</font></B>  -Absent
<B><font color = 'blue'> .</font></B>  -Absent
<B><font color = 'blue'> .</font></B>  -Absent
<B><font color = 'blue'> .</font></B>  -Absent
<B><font color = 'blue'> .</font></B>  -Absent
<B><font color = 'blue'> .</font></B>  -Absent
<B><font color = 'blue'> .</font></B>  -Absent
<B><font color = 'blue'> .</font></B>  -DESKTOP-PJJHB19 - GLB-BLR-002OjUpRD2 
<B><font color = 'blue'> .</font></B>  --
<B><font color = 'blue'> .</font></B>  -GLB-BLR-002OjUpRD2
<B><font color = 'blue'> .</font></B>  -2022-10-30
<B><font color = 'blue'> .</font></B>  -Absent
<B><font color = 'blue'> .</font></B>  -Absent
<B><font color = 'blue'> .</font></B>  -undefined
<B><font color = 'blue'> .</font></B>  -Default
<B><font color = 'blue'> .</font></B>  -Default
<B><font color = 'blue'> .</font></B>  -Absent
<B><font color = 'blue'> .</font></B>  -Absent
<B><font color = 'blue'> .</font></B>  -Absent
<B><font color = 'blue'> .</font></B>  -Absent
<B><font color = 'blue'> .</font></B>  -Absent
<B><font color = 'blue'> .</font></B>  -Absent
<B><font color = 'blue'> .</font></B>  -Absent
<B><font color = 'blue'> .</font></B>  -Absent
<B><font color = 'blue'> .</font></B>  -Absent
<B><font color = 'blue'> .</font></B>  -Absent
<B><font color = 'blue'> .</font></B>  -Absent
<B><font color = 'blue'> .</font></B>  -Usb Test 
<B><font color = 'blue'> .</font></B>  -usbtest123@gmail.com
<B><font color = 'blue'> .</font></B>  -emp0097
<B><font color = 'blue'> .</font></B>  -2022-10-30
<B><font color = 'blue'> .</font></B>  -Absent
<B><font color = 'blue'> .</font></B>  -Absent
<B><font color = 'blue'> .</font></B>  -undefined
<B><font color = 'blue'> .</font></B>  -Default
<B><font color = 'blue'> .</font></B>  -Default
<B><font color = 'blue'> .</font></B>  -Absent
<B><font color = 'blue'> .</font></B>  -Absent
<B><font color = 'blue'> .</font></B>  -Absent
<B><font color = 'blue'> .</font></B>  -Absent
<B><font color = 'blue'> .</font></B>  -Absent
<B><font color = 'blue'> .</font></B>  -Absent
<B><font color = 'blue'> .</font></B>  -Absent
<B><font color = 'blue'> .</font></B>  -Absent
<B><font color = 'blue'> .</font></B>  -Absent
<B><font color = 'blue'> .</font></B>  -Absent
<B><font color = 'blue'> .</font></B>  -Absent
<B><font color = 'blue'> .</font></B>  -SS Keystrokes 
<B><font color = 'blue'> .</font></B>  -sskey@gmail.com
<B><font color = 'blue'> .</font></B>  -emp98y
<B><font color = 'blue'> .</font></B>  -2022-10-30
<B><font color = 'blue'> .</font></B>  -Absent
<B><font color = 'blue'> .</font></B>  -Absent
<B><font color = 'blue'> .</font></B>  -undefined
<B><font color = 'blue'> .</font></B>  -Default
<B><font color = 'blue'> .</font></B>  -Default
<B><font color = 'blue'> .</font></B>  -Absent
<B><font color = 'blue'> .</font></B>  -Absent
<B><font color = 'blue'> .</font></B>  -Absent
<B><font color = 'blue'> .</font></B>  -Absent
<B><font color = 'blue'> .</font></B>  -Absent
<B><font color = 'blue'> .</font></B>  -Absent
<B><font color = 'blue'> .</font></B>  -Absent
<B><font color = 'blue'> .</font></B>  -Absent
<B><font color = 'blue'> .</font></B>  -Absent
<B><font color = 'blue'> .</font></B>  -Absent
<B><font color = 'blue'> .</font></B>  -Absent
<B><font color = 'blue'> .</font></B>  -shivammmmmmmmmmmmmmmmmmmm Kumar 
<B><font color = 'blue'> .</font></B>  -kgfyash545@gmail.com
<B><font color = 'blue'> .</font></B>  -hsakhdjk414
<B><font color = 'blue'> .</font></B>  -2022-10-30
<B><font color = 'blue'> .</font></B>  -Absent
<B><font color = 'blue'> .</font></B>  -Absent
<B><font color = 'blue'> .</font></B>  -undefined
<B><font color = 'blue'> .</font></B>  -Default
<B><font color = 'blue'> .</font></B>  -Default
<B><font color = 'blue'> .</font></B>  -Absent
<B><font color = 'blue'> .</font></B>  -Absent
<B><font color = 'blue'> .</font></B>  -Absent
<B><font color = 'blue'> .</font></B>  -Absent
<B><font color = 'blue'> .</font></B>  -Absent
<B><font color = 'blue'> .</font></B>  -Absent
<B><font color = 'blue'> .</font></B>  -Absent
<B><font color = 'blue'> .</font></B>  -Absent
<B><font color = 'blue'> .</font></B>  -Absent
<B><font color = 'blue'> .</font></B>  -Absent
<B><font color = 'blue'> .</font></B>  -Absent
<B><font color = 'blue'> .</font></B>  -Abhishek Four tf test 
<B><font color = 'blue'> .</font></B>  -abhishekfourtf@mail.com
<B><font color = 'blue'> .</font></B>  -HLIKSJ98
<B><font color = 'blue'> .</font></B>  -2022-10-30
<B><font color = 'blue'> .</font></B>  -Absent
<B><font color = 'blue'> .</font></B>  -Absent
<B><font color = 'blue'> .</font></B>  -undefined
<B><font color = 'blue'> .</font></B>  -Default
<B><font color = 'blue'> .</font></B>  -Default
<B><font color = 'blue'> .</font></B>  -Absent
<B><font color = 'blue'> .</font></B>  -Absent
<B><font color = 'blue'> .</font></B>  -Absent
<B><font color = 'blue'> .</font></B>  -Absent
<B><font color = 'blue'> .</font></B>  -Absent
<B><font color = 'blue'> .</font></B>  -Absent
<B><font color = 'blue'> .</font></B>  -Absent
<B><font color = 'blue'> .</font></B>  -Absent
<B><font color = 'blue'> .</font></B>  -Absent
<B><font color = 'blue'> .</font></B>  -Absent
<B><font color = 'blue'> .</font></B>  -Absent
<B><font color = 'blue'> .</font></B>  -new dev user 
<B><font color = 'blue'> .</font></B>  -new@dev.user
<B><font color = 'blue'> .</font></B>  -fdfsfsd
<B><font color = 'blue'> .</font></B>  -2022-10-30
<B><font color = 'blue'> .</font></B>  -Absent
<B><font color = 'blue'> .</font></B>  -Absent
<B><font color = 'blue'> .</font></B>  -undefined
<B><font color = 'blue'> .</font></B>  -Default
<B><font color = 'blue'> .</font></B>  -Default
<B><font color = 'blue'> .</font></B>  -Absent
<B><font color = 'blue'> .</font></B>  -Absent
<B><font color = 'blue'> .</font></B>  -Absent
<B><font color = 'blue'> .</font></B>  -Absent
<B><font color = 'blue'> .</font></B>  -Absent
<B><font color = 'blue'> .</font></B>  -Absent
<B><font color = 'blue'> .</font></B>  -Absent
<B><font color = 'blue'> .</font></B>  -Absent
<B><font color = 'blue'> .</font></B>  -Absent
<B><font color = 'blue'> .</font></B>  -Absent
<B><font color = 'blue'> .</font></B>  -Absent
<B><font color = 'blue'> .</font></B>  -aaaaaaaaaa aaaaaaaaa 
<B><font color = 'blue'> .</font></B>  -mmmm@gmail.com
<B><font color = 'blue'> .</font></B>  -80765s
<B><font color = 'blue'> .</font></B>  -2022-10-30
<B><font color = 'blue'> .</font></B>  -Absent
<B><font color = 'blue'> .</font></B>  -Absent
<B><font color = 'blue'> .</font></B>  -undefined
<B><font color = 'blue'> .</font></B>  -Bangalore
<B><font color = 'blue'> .</font></B>  -Testing
<B><font color = 'blue'> .</font></B>  -Absent
<B><font color = 'blue'> .</font></B>  -Absent
<B><font color = 'blue'> .</font></B>  -Absent
<B><font color = 'blue'> .</font></B>  -Absent
<B><font color = 'blue'> .</font></B>  -Absent
<B><font color = 'blue'> .</font></B>  -Absent
<B><font color = 'blue'> .</font></B>  -Absent
<B><font color = 'blue'> .</font></B>  -Absent
<B><font color = 'blue'> .</font></B>  -Absent
<B><font color = 'blue'> .</font></B>  -Absent
<B><font color = 'blue'> .</font></B>  -Absent
<B><font color = 'blue'> .</font></B>  -sumesh test 
<B><font color = 'blue'> .</font></B>  -sumesh@mail.com
<B><font color = 'blue'> .</font></B>  -fdgfdgf
<B><font color = 'blue'> .</font></B>  -2022-10-30
<B><font color = 'blue'> .</font></B>  -Absent
<B><font color = 'blue'> .</font></B>  -Absent
<B><font color = 'blue'> .</font></B>  -undefined
<B><font color = 'blue'> .</font></B>  -Bangalore
<B><font color = 'blue'> .</font></B>  -Testing
<B><font color = 'blue'> .</font></B>  -Absent
<B><font color = 'blue'> .</font></B>  -Absent
<B><font color = 'blue'> .</font></B>  -Absent
<B><font color = 'blue'> .</font></B>  -Absent
<B><font color = 'blue'> .</font></B>  -Absent
<B><font color = 'blue'> .</font></B>  -Absent
<B><font color = 'blue'> .</font></B>  -Absent
<B><font color = 'blue'> .</font></B>  -Absent
<B><font color = 'blue'> .</font></B>  -Absent
<B><font color = 'blue'> .</font></B>  -Absent
<B><font color = 'blue'> .</font></B>  -Absent
<B><font color = 'blue'> .</font></B>  -Test msc 
<B><font color = 'blue'> .</font></B>  -test123@gmail.com
<B><font color = 'blue'> .</font></B>  -12254
<B><font color = 'blue'> .</font></B>  -2022-10-30
<B><font color = 'blue'> .</font></B>  -Absent
<B><font color = 'blue'> .</font></B>  -Absent
<B><font color = 'blue'> .</font></B>  -undefined
<B><font color = 'blue'> .</font></B>  -Bangalore
<B><font color = 'blue'> .</font></B>  -Testing
<B><font color = 'blue'> .</font></B>  -Absent
<B><font color = 'blue'> .</font></B>  -Absent
<B><font color = 'blue'> .</font></B>  -Absent
<B><font color = 'blue'> .</font></B>  -Absent
<B><font color = 'blue'> .</font></B>  -Absent
<B><font color = 'blue'> .</font></B>  -Absent
<B><font color = 'blue'> .</font></B>  -Absent
<B><font color = 'blue'> .</font></B>  -Absent
<B><font color = 'blue'> .</font></B>  -Absent
<B><font color = 'blue'> .</font></B>  -Absent
<B><font color = 'blue'> .</font></B>  -Absent
<B><font color = 'blue'> .</font></B>  -deffdfds vscsc 
<B><font color = 'blue'> .</font></B>  -cscsdw123@gmail.com
<B><font color = 'blue'> .</font></B>  -1234512
<B><font color = 'blue'> .</font></B>  -2022-10-30
<B><font color = 'blue'> .</font></B>  -Absent
<B><font color = 'blue'> .</font></B>  -Absent
<B><font color = 'blue'> .</font></B>  -undefined
<B><font color = 'blue'> .</font></B>  -Bangalore
<B><font color = 'blue'> .</font></B>  -Testing
<B><font color = 'blue'> .</font></B>  -Absent
<B><font color = 'blue'> .</font></B>  -Absent
<B><font color = 'blue'> .</font></B>  -Absent
<B><font color = 'blue'> .</font></B>  -Absent
<B><font color = 'blue'> .</font></B>  -Absent
<B><font color = 'blue'> .</font></B>  -Absent
<B><font color = 'blue'> .</font></B>  -Absent
<B><font color = 'blue'> .</font></B>  -Absent
<B><font color = 'blue'> .</font></B>  -Absent
<B><font color = 'blue'> .</font></B>  -Absent
<B><font color = 'blue'> .</font></B>  -Absent
<B><font color = 'blue'> .</font></B>  -test testtt 
<B><font color = 'blue'> .</font></B>  -abcd@gmail.com
<B><font color = 'blue'> .</font></B>  -GLB55
<B><font color = 'blue'> .</font></B>  -2022-10-30
<B><font color = 'blue'> .</font></B>  -Absent
<B><font color = 'blue'> .</font></B>  -Absent
<B><font color = 'blue'> .</font></B>  -undefined
<B><font color = 'blue'> .</font></B>  -Bangalore
<B><font color = 'blue'> .</font></B>  -Testing
<B><font color = 'blue'> .</font></B>  -Absent
<B><font color = 'blue'> .</font></B>  -Absent
<B><font color = 'blue'> .</font></B>  -Absent
<B><font color = 'blue'> .</font></B>  -Absent
<B><font color = 'blue'> .</font></B>  -Absent
<B><font color = 'blue'> .</font></B>  -Absent
<B><font color = 'blue'> .</font></B>  -Absent
<B><font color = 'blue'> .</font></B>  -Absent
<B><font color = 'blue'> .</font></B>  -Absent
<B><font color = 'blue'> .</font></B>  -Absent
<B><font color = 'blue'> .</font></B>  -Absent
<B><font color = 'blue'> .</font></B>  -Abhishe tt 
<B><font color = 'blue'> .</font></B>  -ab@ab.com
<B><font color = 'blue'> .</font></B>  -GKD567
<B><font color = 'blue'> .</font></B>  -2022-10-30
<B><font color = 'blue'> .</font></B>  -Absent
<B><font color = 'blue'> .</font></B>  -Absent
<B><font color = 'blue'> .</font></B>  -undefined
<B><font color = 'blue'> .</font></B>  -Bangalore
<B><font color = 'blue'> .</font></B>  -Testing
<B><font color = 'blue'> .</font></B>  -Absent
<B><font color = 'blue'> .</font></B>  -Absent
<B><font color = 'blue'> .</font></B>  -Absent
<B><font color = 'blue'> .</font></B>  -Absent
<B><font color = 'blue'> .</font></B>  -Absent
<B><font color = 'blue'> .</font></B>  -Absent
<B><font color = 'blue'> .</font></B>  -Absent
<B><font color = 'blue'> .</font></B>  -Absent
<B><font color = 'blue'> .</font></B>  -Absent
<B><font color = 'blue'> .</font></B>  -Absent
<B><font color = 'blue'> .</font></B>  -Absent
<B><font color = 'blue'> .</font></B>  -test nonadmin 
<B><font color = 'blue'> .</font></B>  -testnonadmin@gmail.com
<B><font color = 'blue'> .</font></B>  -GLB026
<B><font color = 'blue'> .</font></B>  -2022-10-30
<B><font color = 'blue'> .</font></B>  -Absent
<B><font color = 'blue'> .</font></B>  -Absent
<B><font color = 'blue'> .</font></B>  -undefined
<B><font color = 'blue'> .</font></B>  -Bangalore
<B><font color = 'blue'> .</font></B>  -Php
<B><font color = 'blue'> .</font></B>  -Absent
<B><font color = 'blue'> .</font></B>  -Absent
<B><font color = 'blue'> .</font></B>  -Absent
<B><font color = 'blue'> .</font></B>  -Absent
<B><font color = 'blue'> .</font></B>  -Absent
<B><font color = 'blue'> .</font></B>  -Absent
<B><font color = 'blue'> .</font></B>  -Absent
<B><font color = 'blue'> .</font></B>  -Absent
<B><font color = 'blue'> .</font></B>  -Absent
<B><font color = 'blue'> .</font></B>  -Absent
<B><font color = 'blue'> .</font></B>  -Absent
<B><font color = 'blue'> .</font></B>  -adg ckj 
<B><font color = 'blue'> .</font></B>  -adcs@1234
<B><font color = 'blue'> .</font></B>  -583
<B><font color = 'blue'> .</font></B>  -2022-10-30
<B><font color = 'blue'> .</font></B>  -Absent
<B><font color = 'blue'> .</font></B>  -Absent
<B><font color = 'blue'> .</font></B>  -undefined
<B><font color = 'blue'> .</font></B>  -Bangalore
<B><font color = 'blue'> .</font></B>  -Testing
<B><font color = 'blue'> .</font></B>  -Absent
<B><font color = 'blue'> .</font></B>  -Absent
<B><font color = 'blue'> .</font></B>  -Absent
<B><font color = 'blue'> .</font></B>  -Absent
<B><font color = 'blue'> .</font></B>  -Absent
<B><font color = 'blue'> .</font></B>  -Absent
<B><font color = 'blue'> .</font></B>  -Absent
<B><font color = 'blue'> .</font></B>  -Absent
<B><font color = 'blue'> .</font></B>  -Absent
<B><font color = 'blue'> .</font></B>  -Absent
<B><font color = 'blue'> .</font></B>  -Absent
<B><font color = 'blue'> .</font></B>  -dominic toretto 
<B><font color = 'blue'> .</font></B>  -dom.toretto737@gmail.com
<B><font color = 'blue'> .</font></B>  -EMP011
<B><font color = 'blue'> .</font></B>  -2022-10-30
<B><font color = 'blue'> .</font></B>  -Absent
<B><font color = 'blue'> .</font></B>  -Absent
<B><font color = 'blue'> .</font></B>  -undefined
<B><font color = 'blue'> .</font></B>  -Bangalore
<B><font color = 'blue'> .</font></B>  -Testing
<B><font color = 'blue'> .</font></B>  -Absent
<B><font color = 'blue'> .</font></B>  -Absent
<B><font color = 'blue'> .</font></B>  -Absent
<B><font color = 'blue'> .</font></B>  -Absent
<B><font color = 'blue'> .</font></B>  -Absent
<B><font color = 'blue'> .</font></B>  -Absent
<B><font color = 'blue'> .</font></B>  -Absent
<B><font color = 'blue'> .</font></B>  -Absent
<B><font color = 'blue'> .</font></B>  -Absent
<B><font color = 'blue'> .</font></B>  -Absent
<B><font color = 'blue'> .</font></B>  -Absent
<B><font color = 'blue'> .</font></B>  -Superior Test one 
<B><font color = 'blue'> .</font></B>  -superiorone@gmail.com
<B><font color = 'blue'> .</font></B>  -twoqw
<B><font color = 'blue'> .</font></B>  -2022-10-30
<B><font color = 'blue'> .</font></B>  -Absent
<B><font color = 'blue'> .</font></B>  -Absent
<B><font color = 'blue'> .</font></B>  -undefined
<B><font color = 'blue'> .</font></B>  -Bangalore
<B><font color = 'blue'> .</font></B>  -Testing
<B><font color = 'blue'> .</font></B>  -Absent
<B><font color = 'blue'> .</font></B>  -Absent
<B><font color = 'blue'> .</font></B>  -Absent
<B><font color = 'blue'> .</font></B>  -Absent
<B><font color = 'blue'> .</font></B>  -Absent
<B><font color = 'blue'> .</font></B>  -Absent
<B><font color = 'blue'> .</font></B>  -Absent
<B><font color = 'blue'> .</font></B>  -Absent
<B><font color = 'blue'> .</font></B>  -Absent
<B><font color = 'blue'> .</font></B>  -Absent
<B><font color = 'blue'> .</font></B>  -Absent
<B><font color = 'blue'> .</font></B>  -test testw 
<B><font color = 'blue'> .</font></B>  -test@mac.in
<B><font color = 'blue'> .</font></B>  -aaf123
<B><font color = 'blue'> .</font></B>  -2022-10-30
<B><font color = 'blue'> .</font></B>  -Absent
<B><font color = 'blue'> .</font></B>  -Absent
<B><font color = 'blue'> .</font></B>  -undefined
<B><font color = 'blue'> .</font></B>  -Bangalore
<B><font color = 'blue'> .</font></B>  -Php
<B><font color = 'blue'> .</font></B>  -Absent
<B><font color = 'blue'> .</font></B>  -Absent
<B><font color = 'blue'> .</font></B>  -Absent
<B><font color = 'blue'> .</font></B>  -Absent
<B><font color = 'blue'> .</font></B>  -Absent
<B><font color = 'blue'> .</font></B>  -Absent
<B><font color = 'blue'> .</font></B>  -Absent
<B><font color = 'blue'> .</font></B>  -Absent
<B><font color = 'blue'> .</font></B>  -Absent
<B><font color = 'blue'> .</font></B>  -Absent
<B><font color = 'blue'> .</font></B>  -Absent
<B><font color = 'blue'> .</font></B>  -sam eer 
<B><font color = 'blue'> .</font></B>  -sam@rf.in
<B><font color = 'blue'> .</font></B>  -WSAERT2Q34E
<B><font color = 'blue'> .</font></B>  -2022-10-30
<B><font color = 'blue'> .</font></B>  -Absent
<B><font color = 'blue'> .</font></B>  -Absent
<B><font color = 'blue'> .</font></B>  -undefined
<B><font color = 'blue'> .</font></B>  -Bangalore
<B><font color = 'blue'> .</font></B>  -Testing
<B><font color = 'blue'> .</font></B>  -Absent
<B><font color = 'blue'> .</font></B>  -Absent
<B><font color = 'blue'> .</font></B>  -Absent
<B><font color = 'blue'> .</font></B>  -Absent
<B><font color = 'blue'> .</font></B>  -Absent
<B><font color = 'blue'> .</font></B>  -Absent
<B><font color = 'blue'> .</font></B>  -Absent
<B><font color = 'blue'> .</font></B>  -Absent
<B><font color = 'blue'> .</font></B>  -Absent
<B><font color = 'blue'> .</font></B>  -Absent
<B><font color = 'blue'> .</font></B>  -Absent
<B><font color = 'blue'> .</font></B>  -Test test 
<B><font color = 'blue'> .</font></B>  -sarikajain@gmail.com
<B><font color = 'blue'> .</font></B>  -E-101
<B><font color = 'blue'> .</font></B>  -2022-10-30
<B><font color = 'blue'> .</font></B>  -Absent
<B><font color = 'blue'> .</font></B>  -Absent
<B><font color = 'blue'> .</font></B>  -undefined
<B><font color = 'blue'> .</font></B>  -Bangalore
<B><font color = 'blue'> .</font></B>  -Testing
<B><font color = 'blue'> .</font></B>  -Absent
<B><font color = 'blue'> .</font></B>  -Absent
<B><font color = 'blue'> .</font></B>  -Absent
<B><font color = 'blue'> .</font></B>  -Absent
<B><font color = 'blue'> .</font></B>  -Absent
<B><font color = 'blue'> .</font></B>  -Absent
<B><font color = 'blue'> .</font></B>  -Absent
<B><font color = 'blue'> .</font></B>  -Absent
<B><font color = 'blue'> .</font></B>  -Absent
<B><font color = 'blue'> .</font></B>  -Absent
<B><font color = 'blue'> .</font></B>  -Absent
<B><font color = 'blue'> .</font></B>  -sithu kalluru 
<B><font color = 'blue'> .</font></B>  -sitaramireddy@globussoft.in
<B><font color = 'blue'> .</font></B>  -code12
<B><font color = 'blue'> .</font></B>  -2022-10-30
<B><font color = 'blue'> .</font></B>  -Absent
<B><font color = 'blue'> .</font></B>  -Absent
<B><font color = 'blue'> .</font></B>  -undefined
<B><font color = 'blue'> .</font></B>  -Bangalore
<B><font color = 'blue'> .</font></B>  -Testing
<B><font color = 'blue'> .</font></B>  -Absent
<B><font color = 'blue'> .</font></B>  -Absent
<B><font color = 'blue'> .</font></B>  -Absent
<B><font color = 'blue'> .</font></B>  -Absent
<B><font color = 'blue'> .</font></B>  -Absent
<B><font color = 'blue'> .</font></B>  -Absent
<B><font color = 'blue'> .</font></B>  -Absent
<B><font color = 'blue'> .</font></B>  -Absent
<B><font color = 'blue'> .</font></B>  -Absent
<B><font color = 'blue'> .</font></B>  -Absent
<B><font color = 'blue'> .</font></B>  -Absent
<B><font color = 'blue'> .</font></B>  -test123 abcd 
<B><font color = 'blue'> .</font></B>  -s@gmail.com
<B><font color = 'blue'> .</font></B>  -code123z
<B><font color = 'blue'> .</font></B>  -2022-10-30
<B><font color = 'blue'> .</font></B>  -Absent
<B><font color = 'blue'> .</font></B>  -Absent
<B><font color = 'blue'> .</font></B>  -undefined
<B><font color = 'blue'> .</font></B>  -Bangalore
<B><font color = 'blue'> .</font></B>  -Testing
<B><font color = 'blue'> .</font></B>  -Absent
<B><font color = 'blue'> .</font></B>  -Absent
<B><font color = 'blue'> .</font></B>  -Absent
<B><font color = 'blue'> .</font></B>  -Absent
<B><font color = 'blue'> .</font></B>  -Absent
<B><font color = 'blue'> .</font></B>  -Absent
<B><font color = 'blue'> .</font></B>  -Absent
<B><font color = 'blue'> .</font></B>  -Absent
<B><font color = 'blue'> .</font></B>  -Absent
<B><font color = 'blue'> .</font></B>  -Absent
<B><font color = 'blue'> .</font></B>  -Absent
<B><font color = 'blue'> .</font></B>  -testing test 
<B><font color = 'blue'> .</font></B>  -aarshajoyson1601@gmail.com
<B><font color = 'blue'> .</font></B>  -glb0008
<B><font color = 'blue'> .</font></B>  -2022-10-30
<B><font color = 'blue'> .</font></B>  -Absent
<B><font color = 'blue'> .</font></B>  -Absent
<B><font color = 'blue'> .</font></B>  -undefined
<B><font color = 'blue'> .</font></B>  -Bangalore
<B><font color = 'blue'> .</font></B>  -Php
<B><font color = 'blue'> .</font></B>  -Absent
<B><font color = 'blue'> .</font></B>  -Absent
<B><font color = 'blue'> .</font></B>  -Absent
<B><font color = 'blue'> .</font></B>  -Absent
<B><font color = 'blue'> .</font></B>  -Absent
<B><font color = 'blue'> .</font></B>  -Absent
<B><font color = 'blue'> .</font></B>  -Absent
<B><font color = 'blue'> .</font></B>  -Absent
<B><font color = 'blue'> .</font></B>  -Absent
<B><font color = 'blue'> .</font></B>  -Absent
<B><font color = 'blue'> .</font></B>  -Absent
<B><font color = 'blue'> .</font></B>  -Automation CodeeeAuto 
<B><font color = 'blue'> .</font></B>  -skabcdef7@gmail.com
<B><font color = 'blue'> .</font></B>  -Emp-Abzcde-1234522
<B><font color = 'blue'> .</font></B>  -2022-10-30
<B><font color = 'blue'> .</font></B>  -Absent
<B><font color = 'blue'> .</font></B>  -Absent
<B><font color = 'blue'> .</font></B>  -undefined
<B><font color = 'blue'> .</font></B>  -Bangalore
<B><font color = 'blue'> .</font></B>  -Testing
<B><font color = 'blue'> .</font></B>  -Absent
<B><font color = 'blue'> .</font></B>  -Absent
<B><font color = 'blue'> .</font></B>  -Absent
<B><font color = 'blue'> .</font></B>  -Absent
<B><font color = 'blue'> .</font></B>  -Absent
<B><font color = 'blue'> .</font></B>  -Absent
<B><font color = 'blue'> .</font></B>  -Absent
<B><font color = 'blue'> .</font></B>  -Absent
<B><font color = 'blue'> .</font></B>  -Absent
<B><font color = 'blue'> .</font></B>  -Absent
<B><font color = 'blue'> .</font></B>  -Absent
<B><font color = 'blue'> .</font></B>  -piyush dfgsfg 
<B><font color = 'blue'> .</font></B>  -jos@gmail.com
<B><font color = 'blue'> .</font></B>  -sdgff
<B><font color = 'blue'> .</font></B>  -2022-10-30
<B><font color = 'blue'> .</font></B>  -Absent
<B><font color = 'blue'> .</font></B>  -Absent
<B><font color = 'blue'> .</font></B>  -undefined
<B><font color = 'blue'> .</font></B>  -Bangalore
<B><font color = 'blue'> .</font></B>  -Testing
<B><font color = 'blue'> .</font></B>  -Absent
<B><font color = 'blue'> .</font></B>  -Absent
<B><font color = 'blue'> .</font></B>  -Absent
<B><font color = 'blue'> .</font></B>  -Absent
<B><font color = 'blue'> .</font></B>  -Absent
<B><font color = 'blue'> .</font></B>  -Absent
<B><font color = 'blue'> .</font></B>  -Absent
<B><font color = 'blue'> .</font></B>  -Absent
<B><font color = 'blue'> .</font></B>  -Absent
<B><font color = 'blue'> .</font></B>  -Absent
<B><font color = 'blue'> .</font></B>  -Absent
<B><font color = 'blue'> .</font></B>  -Aryan raj 
<B><font color = 'blue'> .</font></B>  -alex@gmail.com
<B><font color = 'blue'> .</font></B>  -126
<B><font color = 'blue'> .</font></B>  -2022-10-30
<B><font color = 'blue'> .</font></B>  -Absent
<B><font color = 'blue'> .</font></B>  -Absent
<B><font color = 'blue'> .</font></B>  -undefined
<B><font color = 'blue'> .</font></B>  -Bangalore
<B><font color = 'blue'> .</font></B>  -Testing
<B><font color = 'blue'> .</font></B>  -Absent
<B><font color = 'blue'> .</font></B>  -Absent
<B><font color = 'blue'> .</font></B>  -Absent
<B><font color = 'blue'> .</font></B>  -Absent
<B><font color = 'blue'> .</font></B>  -Absent
<B><font color = 'blue'> .</font></B>  -Absent
<B><font color = 'blue'> .</font></B>  -Absent
<B><font color = 'blue'> .</font></B>  -Absent
<B><font color = 'blue'> .</font></B>  -Absent
<B><font color = 'blue'> .</font></B>  -Absent
<B><font color = 'blue'> .</font></B>  -Absent
<B><font color = 'blue'> .</font></B>  -Automation CodeeeAuto 
<B><font color = 'blue'> .</font></B>  -skabcdef38@gmail.com
<B><font color = 'blue'> .</font></B>  -Emp-Abzcde-123457
<B><font color = 'blue'> .</font></B>  -2022-10-30
<B><font color = 'blue'> .</font></B>  -Absent
<B><font color = 'blue'> .</font></B>  -Absent
<B><font color = 'blue'> .</font></B>  -undefined
<B><font color = 'blue'> .</font></B>  -Bangalore
<B><font color = 'blue'> .</font></B>  -Testing
<B><font color = 'blue'> .</font></B>  -Absent
<B><font color = 'blue'> .</font></B>  -Absent
<B><font color = 'blue'> .</font></B>  -Absent
<B><font color = 'blue'> .</font></B>  -Absent
<B><font color = 'blue'> .</font></B>  -Absent
<B><font color = 'blue'> .</font></B>  -Absent
<B><font color = 'blue'> .</font></B>  -Absent
<B><font color = 'blue'> .</font></B>  -Absent
<B><font color = 'blue'> .</font></B>  -Absent
<B><font color = 'blue'> .</font></B>  -Absent
<B><font color = 'blue'> .</font></B>  -Absent
<B><font color = 'blue'> .</font></B>  -Automation CodeeeAuto 
<B><font color = 'blue'> .</font></B>  -skabcdef33@gmail.com
<B><font color = 'blue'> .</font></B>  -Emp-Abzcde-1234557
<B><font color = 'blue'> .</font></B>  -2022-10-30
<B><font color = 'blue'> .</font></B>  -Absent
<B><font color = 'blue'> .</font></B>  -Absent
<B><font color = 'blue'> .</font></B>  -undefined
<B><font color = 'blue'> .</font></B>  -Bangalore
<B><font color = 'blue'> .</font></B>  -Testing
<B><font color = 'blue'> .</font></B>  -Absent
<B><font color = 'blue'> .</font></B>  -Absent
<B><font color = 'blue'> .</font></B>  -Absent
<B><font color = 'blue'> .</font></B>  -Absent
<B><font color = 'blue'> .</font></B>  -Absent
<B><font color = 'blue'> .</font></B>  -Absent
<B><font color = 'blue'> .</font></B>  -Absent
<B><font color = 'blue'> .</font></B>  -Absent
<B><font color = 'blue'> .</font></B>  -Absent
<B><font color = 'blue'> .</font></B>  -Absent
<B><font color = 'blue'> .</font></B>  -Absent
<B><font color = 'blue'> .</font></B>  -D Surya Prabhakar 
<B><font color = 'blue'> .</font></B>  -surya1@gmail.com
<B><font color = 'blue'> .</font></B>  -EM010
<B><font color = 'blue'> .</font></B>  -2022-10-30
<B><font color = 'blue'> .</font></B>  -Absent
<B><font color = 'blue'> .</font></B>  -Absent
<B><font color = 'blue'> .</font></B>  -undefined
<B><font color = 'blue'> .</font></B>  -bengaluru
<B><font color = 'blue'> .</font></B>  -Testing
<B><font color = 'blue'> .</font></B>  -Absent
<B><font color = 'blue'> .</font></B>  -Absent
<B><font color = 'blue'> .</font></B>  -Absent
<B><font color = 'blue'> .</font></B>  -Absent
<B><font color = 'blue'> .</font></B>  -Absent
<B><font color = 'blue'> .</font></B>  -Absent
<B><font color = 'blue'> .</font></B>  -Absent
<B><font color = 'blue'> .</font></B>  -Absent
<B><font color = 'blue'> .</font></B>  -Absent
<B><font color = 'blue'> .</font></B>  -Absent
<B><font color = 'blue'> .</font></B>  -Absent
<B><font color = 'blue'> .</font></B>  -R o       hit Sharma 
<B><font color = 'blue'> .</font></B>  -rahulrajt5613928@gmail.com
<B><font color = 'blue'> .</font></B>  -67645
<B><font color = 'blue'> .</font></B>  -2022-10-30
<B><font color = 'blue'> .</font></B>  -Absent
<B><font color = 'blue'> .</font></B>  -Absent
<B><font color = 'blue'> .</font></B>  -undefined
<B><font color = 'blue'> .</font></B>  -bengaluru
<B><font color = 'blue'> .</font></B>  -Testing
<B><font color = 'blue'> .</font></B>  -Absent
<B><font color = 'blue'> .</font></B>  -Absent
<B><font color = 'blue'> .</font></B>  -Absent
<B><font color = 'blue'> .</font></B>  -Absent
<B><font color = 'blue'> .</font></B>  -Absent
<B><font color = 'blue'> .</font></B>  -Absent
<B><font color = 'blue'> .</font></B>  -Absent
<B><font color = 'blue'> .</font></B>  -Absent
<B><font color = 'blue'> .</font></B>  -Absent
<B><font color = 'blue'> .</font></B>  -Absent
<B><font color = 'blue'> .</font></B>  -Absent
<B><font color = 'blue'> .</font></B>  -ni test 
<B><font color = 'blue'> .</font></B>  -nitest12@gmail.com
<B><font color = 'blue'> .</font></B>  -GLB678
<B><font color = 'blue'> .</font></B>  -2022-10-30
<B><font color = 'blue'> .</font></B>  -Absent
<B><font color = 'blue'> .</font></B>  -Absent
<B><font color = 'blue'> .</font></B>  -undefined
<B><font color = 'blue'> .</font></B>  -bengaluru
<B><font color = 'blue'> .</font></B>  -Testing
<B><font color = 'blue'> .</font></B>  -Absent
<B><font color = 'blue'> .</font></B>  -Absent
<B><font color = 'blue'> .</font></B>  -Absent
<B><font color = 'blue'> .</font></B>  -Absent
<B><font color = 'blue'> .</font></B>  -Absent
<B><font color = 'blue'> .</font></B>  -Absent
<B><font color = 'blue'> .</font></B>  -Absent
<B><font color = 'blue'> .</font></B>  -Absent
<B><font color = 'blue'> .</font></B>  -Absent
<B><font color = 'blue'> .</font></B>  -Absent
<B><font color = 'blue'> .</font></B>  -Absent
<B><font color = 'blue'> .</font></B>  -one test 
<B><font color = 'blue'> .</font></B>  -testone1234@gmail.com
<B><font color = 'blue'> .</font></B>  -0110
<B><font color = 'blue'> .</font></B>  -2022-10-30
<B><font color = 'blue'> .</font></B>  -Absent
<B><font color = 'blue'> .</font></B>  -Absent
<B><font color = 'blue'> .</font></B>  -undefined
<B><font color = 'blue'> .</font></B>  -bengaluru
<B><font color = 'blue'> .</font></B>  -Testing
<B><font color = 'blue'> .</font></B>  -Absent
<B><font color = 'blue'> .</font></B>  -Absent
<B><font color = 'blue'> .</font></B>  -Absent
<B><font color = 'blue'> .</font></B>  -Absent
<B><font color = 'blue'> .</font></B>  -Absent
<B><font color = 'blue'> .</font></B>  -Absent
<B><font color = 'blue'> .</font></B>  -Absent
<B><font color = 'blue'> .</font></B>  -Absent
<B><font color = 'blue'> .</font></B>  -Absent
<B><font color = 'blue'> .</font></B>  -Absent
<B><font color = 'blue'> .</font></B>  -Absent
<B><font color = 'blue'> .</font></B>  -GLB-BLR-010-PC - GLB-BLR-010 
<B><font color = 'blue'> .</font></B>  -abcd@yuksdgus
<B><font color = 'blue'> .</font></B>  -GLB-BLR-010
<B><font color = 'blue'> .</font></B>  -2022-10-30
<B><font color = 'blue'> .</font></B>  -Absent
<B><font color = 'blue'> .</font></B>  -Absent
<B><font color = 'blue'> .</font></B>  -undefined
<B><font color = 'blue'> .</font></B>  -bengaluru
<B><font color = 'blue'> .</font></B>  -Testing
<B><font color = 'blue'> .</font></B>  -Absent
<B><font color = 'blue'> .</font></B>  -Absent
<B><font color = 'blue'> .</font></B>  -Absent
<B><font color = 'blue'> .</font></B>  -Absent
<B><font color = 'blue'> .</font></B>  -Absent
<B><font color = 'blue'> .</font></B>  -Absent
<B><font color = 'blue'> .</font></B>  -Absent
<B><font color = 'blue'> .</font></B>  -Absent
<B><font color = 'blue'> .</font></B>  -Absent
<B><font color = 'blue'> .</font></B>  -Absent
<B><font color = 'blue'> .</font></B>  -Absent
<B><font color = 'blue'> .</font></B>  -surya kk 
<B><font color = 'blue'> .</font></B>  -123@gmail.com
<B><font color = 'blue'> .</font></B>  -mmmmm
<B><font color = 'blue'> .</font></B>  -2022-10-30
<B><font color = 'blue'> .</font></B>  -Absent
<B><font color = 'blue'> .</font></B>  -Absent
<B><font color = 'blue'> .</font></B>  -undefined
<B><font color = 'blue'> .</font></B>  -Tamilnadu
<B><font color = 'blue'> .</font></B>  -Test and Dev
<B><font color = 'blue'> .</font></B>  -Absent
<B><font color = 'blue'> .</font></B>  -Absent
<B><font color = 'blue'> .</font></B>  -Absent
<B><font color = 'blue'> .</font></B>  -Absent
<B><font color = 'blue'> .</font></B>  -Absent
<B><font color = 'blue'> .</font></B>  -Absent
<B><font color = 'blue'> .</font></B>  -Absent
<B><font color = 'blue'> .</font></B>  -Absent
<B><font color = 'blue'> .</font></B>  -Absent
<B><font color = 'blue'> .</font></B>  -Absent
<B><font color = 'blue'> .</font></B>  -Absent
<B><font color = 'blue'> .</font></B>  -sai kk 
<B><font color = 'blue'> .</font></B>  -saikk19876@gmail.com
<B><font color = 'blue'> .</font></B>  -20221019
<B><font color = 'blue'> .</font></B>  -2022-10-30
<B><font color = 'blue'> .</font></B>  -Absent
<B><font color = 'blue'> .</font></B>  -Absent
<B><font color = 'blue'> .</font></B>  -undefined
<B><font color = 'blue'> .</font></B>  -Tamilnadu
<B><font color = 'blue'> .</font></B>  -Test and Dev
<B><font color = 'blue'> .</font></B>  -Absent
<B><font color = 'blue'> .</font></B>  -Absent
<B><font color = 'blue'> .</font></B>  -Absent
<B><font color = 'blue'> .</font></B>  -Absent
<B><font color = 'blue'> .</font></B>  -Absent
<B><font color = 'blue'> .</font></B>  -Absent
<B><font color = 'blue'> .</font></B>  -Absent
<B><font color = 'blue'> .</font></B>  -Absent
<B><font color = 'blue'> .</font></B>  -Absent
<B><font color = 'blue'> .</font></B>  -Absent
<B><font color = 'blue'> .</font></B>  -Absent
<B><font color = 'blue'> .</font></B>  -ajeethemp test 
<B><font color = 'blue'> .</font></B>  -ajeethemp@gmail.com
<B><font color = 'blue'> .</font></B>  -A01
<B><font color = 'blue'> .</font></B>  -2022-10-30
<B><font color = 'blue'> .</font></B>  -Absent
<B><font color = 'blue'> .</font></B>  -Absent
<B><font color = 'blue'> .</font></B>  -undefined
<B><font color = 'blue'> .</font></B>  -Tamilnadu
<B><font color = 'blue'> .</font></B>  -Test and Dev
<B><font color = 'blue'> .</font></B>  -Absent
<B><font color = 'blue'> .</font></B>  -Absent
<B><font color = 'blue'> .</font></B>  -Absent
<B><font color = 'blue'> .</font></B>  -Absent
<B><font color = 'blue'> .</font></B>  -Absent
<B><font color = 'blue'> .</font></B>  -Absent
<B><font color = 'blue'> .</font></B>  -Absent
<B><font color = 'blue'> .</font></B>  -Absent
<B><font color = 'blue'> .</font></B>  -Absent
<B><font color = 'blue'> .</font></B>  -Absent
<B><font color = 'blue'> .</font></B>  -Absent
<B><font color = 'blue'> .</font></B>  -test user two 
<B><font color = 'blue'> .</font></B>  -testuser@two.io
<B><font color = 'blue'> .</font></B>  -GSLL-327
<B><font color = 'blue'> .</font></B>  -2022-10-30
<B><font color = 'blue'> .</font></B>  -Absent
<B><font color = 'blue'> .</font></B>  -Absent
<B><font color = 'blue'> .</font></B>  -undefined
<B><font color = 'blue'> .</font></B>  -Tamilnadu
<B><font color = 'blue'> .</font></B>  -Test and Dev
<B><font color = 'blue'> .</font></B>  -Absent
<B><font color = 'blue'> .</font></B>  -Absent
<B><font color = 'blue'> .</font></B>  -Absent
<B><font color = 'blue'> .</font></B>  -Absent
<B><font color = 'blue'> .</font></B>  -Absent
<B><font color = 'blue'> .</font></B>  -Absent
<B><font color = 'blue'> .</font></B>  -Absent
<B><font color = 'blue'> .</font></B>  -Absent
<B><font color = 'blue'> .</font></B>  -Absent
<B><font color = 'blue'> .</font></B>  -Absent
<B><font color = 'blue'> .</font></B>  -Absent
<B><font color = 'blue'> .</font></B>  -Himanshu Kumar 
<B><font color = 'blue'> .</font></B>  -himanshu1@gmail.com
<B><font color = 'blue'> .</font></B>  -EM011
<B><font color = 'blue'> .</font></B>  -2022-10-30
<B><font color = 'blue'> .</font></B>  -Absent
<B><font color = 'blue'> .</font></B>  -Absent
<B><font color = 'blue'> .</font></B>  -undefined
<B><font color = 'blue'> .</font></B>  -bagalkot
<B><font color = 'blue'> .</font></B>  -manual testing
<B><font color = 'blue'> .</font></B>  -Absent
<B><font color = 'blue'> .</font></B>  -Absent
<B><font color = 'blue'> .</font></B>  -Absent
<B><font color = 'blue'> .</font></B>  -Absent
<B><font color = 'blue'> .</font></B>  -Absent
<B><font color = 'blue'> .</font></B>  -Absent
<B><font color = 'blue'> .</font></B>  -Absent
<B><font color = 'blue'> .</font></B>  -Absent
<B><font color = 'blue'> .</font></B>  -Absent
<B><font color = 'blue'> .</font></B>  -Absent
<B><font color = 'blue'> .</font></B>  -Absent
<B><font color = 'blue'> .</font></B>  -dxgfdxg gssdg 
<B><font color = 'blue'> .</font></B>  -sdgsg@dgksodkg.in
<B><font color = 'blue'> .</font></B>  -asfda343443
<B><font color = 'blue'> .</font></B>  -2022-10-30
<B><font color = 'blue'> .</font></B>  -Absent
<B><font color = 'blue'> .</font></B>  -Absent
<B><font color = 'blue'> .</font></B>  -undefined
<B><font color = 'blue'> .</font></B>  -Bhilai
<B><font color = 'blue'> .</font></B>  -Php
<B><font color = 'blue'> .</font></B>  -Absent
<B><font color = 'blue'> .</font></B>  -Absent
<B><font color = 'blue'> .</font></B>  -Absent
<B><font color = 'blue'> .</font></B>  -Absent
<B><font color = 'blue'> .</font></B>  -Absent
<B><font color = 'blue'> .</font></B>  -Absent
<B><font color = 'blue'> .</font></B>  -Absent
<B><font color = 'blue'> .</font></B>  -Absent
<B><font color = 'blue'> .</font></B>  -Absent
<B><font color = 'blue'> .</font></B>  -Absent
<B><font color = 'blue'> .</font></B>  -Absent
<B><font color = 'blue'> .</font></B>  -Guest User 
<B><font color = 'blue'> .</font></B>  -guestuser@gmail.com
<B><font color = 'blue'> .</font></B>  -GLB-777
<B><font color = 'blue'> .</font></B>  -2022-10-30
<B><font color = 'blue'> .</font></B>  -Absent
<B><font color = 'blue'> .</font></B>  -Absent
<B><font color = 'blue'> .</font></B>  -undefined
<B><font color = 'blue'> .</font></B>  -Bhilai
<B><font color = 'blue'> .</font></B>  -Php
<B><font color = 'blue'> .</font></B>  -Absent
<B><font color = 'blue'> .</font></B>  -Absent
<B><font color = 'blue'> .</font></B>  -Absent
<B><font color = 'blue'> .</font></B>  -Absent
<B><font color = 'blue'> .</font></B>  -Absent
<B><font color = 'blue'> .</font></B>  -Absent
<B><font color = 'blue'> .</font></B>  -Absent
<B><font color = 'blue'> .</font></B>  -Absent
<B><font color = 'blue'> .</font></B>  -Absent
<B><font color = 'blue'> .</font></B>  -Absent
<B><font color = 'blue'> .</font></B>  -Absent
<B><font color = 'blue'> .</font></B>  -New Test 
<B><font color = 'blue'> .</font></B>  -newtest@gmail.com
<B><font color = 'blue'> .</font></B>  -ewer334443
<B><font color = 'blue'> .</font></B>  -2022-10-29
<B><font color = 'blue'> .</font></B>  -29-10-2022 11:31:13
<B><font color = 'blue'> .</font></B>  -29-10-2022 22:00:44
<B><font color = 'blue'> .</font></B>  -GLB-BLR-010-PC
<B><font color = 'blue'> .</font></B>  -Default
<B><font color = 'blue'> .</font></B>  -Default
<B><font color = 'blue'> .</font></B>  -10:29:31
<B><font color = 'blue'> .</font></B>  -00:00:00
<B><font color = 'blue'> .</font></B>  -00:00:00
<B><font color = 'blue'> .</font></B>  -00:00:00
<B><font color = 'blue'> .</font></B>  -00:00:00
<B><font color = 'blue'> .</font></B>  -00:00:00
<B><font color = 'blue'> .</font></B>  -00:00:00
<B><font color = 'blue'> .</font></B>  -10:29:31
<B><font color = 'blue'> .</font></B>  -0.00%
<B><font color = 'blue'> .</font></B>  --480:00
<B><font color = 'blue'> .</font></B>  -0.00
<B><font color = 'blue'> .</font></B>  -Abhishek Test 
<B><font color = 'blue'> .</font></B>  -abhishektrest@glb.in
<B><font color = 'blue'> .</font></B>  -rN7tvEiDPGNi4fD
<B><font color = 'blue'> .</font></B>  -2022-10-29
<B><font color = 'blue'> .</font></B>  -29-10-2022 00:00:00
<B><font color = 'blue'> .</font></B>  -29-10-2022 15:10:01
<B><font color = 'blue'> .</font></B>  -GLB-124-PC
<B><font color = 'blue'> .</font></B>  -Bangalore
<B><font color = 'blue'> .</font></B>  -Php
<B><font color = 'blue'> .</font></B>  -15:10:01
<B><font color = 'blue'> .</font></B>  -00:00:00
<B><font color = 'blue'> .</font></B>  -00:00:00
<B><font color = 'blue'> .</font></B>  -00:00:00
<B><font color = 'blue'> .</font></B>  -00:00:00
<B><font color = 'blue'> .</font></B>  -00:00:00
<B><font color = 'blue'> .</font></B>  -00:00:00
<B><font color = 'blue'> .</font></B>  -15:10:01
<B><font color = 'blue'> .</font></B>  -0.00%
<B><font color = 'blue'> .</font></B>  --480:00
<B><font color = 'blue'> .</font></B>  -0.00
<B><font color = 'blue'> .</font></B>  -Virat kohli 
<B><font color = 'blue'> .</font></B>  -rahukbgdxgsf@gmail.com
<B><font color = 'blue'> .</font></B>  -65332
<B><font color = 'blue'> .</font></B>  -2022-10-29
<B><font color = 'blue'> .</font></B>  -Absent
<B><font color = 'blue'> .</font></B>  -Absent
<B><font color = 'blue'> .</font></B>  -undefined
<B><font color = 'blue'> .</font></B>  -Default
<B><font color = 'blue'> .</font></B>  -Default
<B><font color = 'blue'> .</font></B>  -Absent
<B><font color = 'blue'> .</font></B>  -Absent
<B><font color = 'blue'> .</font></B>  -Absent
<B><font color = 'blue'> .</font></B>  -Absent
<B><font color = 'blue'> .</font></B>  -Absent
<B><font color = 'blue'> .</font></B>  -Absent
<B><font color = 'blue'> .</font></B>  -Absent
<B><font color = 'blue'> .</font></B>  -Absent
<B><font color = 'blue'> .</font></B>  -Absent
<B><font color = 'blue'> .</font></B>  -Absent
<B><font color = 'blue'> .</font></B>  -Absent
<B><font color = 'blue'> .</font></B>  -sadas kadkasdj 
<B><font color = 'blue'> .</font></B>  -dsa@eqe
<B><font color = 'blue'> .</font></B>  -emp129666
<B><font color = 'blue'> .</font></B>  -2022-10-29
<B><font color = 'blue'> .</font></B>  -Absent
<B><font color = 'blue'> .</font></B>  -Absent
<B><font color = 'blue'> .</font></B>  -undefined
<B><font color = 'blue'> .</font></B>  -Default
<B><font color = 'blue'> .</font></B>  -Default
<B><font color = 'blue'> .</font></B>  -Absent
<B><font color = 'blue'> .</font></B>  -Absent
<B><font color = 'blue'> .</font></B>  -Absent
<B><font color = 'blue'> .</font></B>  -Absent
<B><font color = 'blue'> .</font></B>  -Absent
<B><font color = 'blue'> .</font></B>  -Absent
<B><font color = 'blue'> .</font></B>  -Absent
<B><font color = 'blue'> .</font></B>  -Absent
<B><font color = 'blue'> .</font></B>  -Absent
<B><font color = 'blue'> .</font></B>  -Absent
<B><font color = 'blue'> .</font></B>  -Absent
<B><font color = 'blue'> .</font></B>  -dshcdb uidsbf 
<B><font color = 'blue'> .</font></B>  -dvbvdb@yahoo.com
<B><font color = 'blue'> .</font></B>  -435454
<B><font color = 'blue'> .</font></B>  -2022-10-29
<B><font color = 'blue'> .</font></B>  -Absent
<B><font color = 'blue'> .</font></B>  -Absent
<B><font color = 'blue'> .</font></B>  -undefined
<B><font color = 'blue'> .</font></B>  -Default
<B><font color = 'blue'> .</font></B>  -Default
<B><font color = 'blue'> .</font></B>  -Absent
<B><font color = 'blue'> .</font></B>  -Absent
<B><font color = 'blue'> .</font></B>  -Absent
<B><font color = 'blue'> .</font></B>  -Absent
<B><font color = 'blue'> .</font></B>  -Absent
<B><font color = 'blue'> .</font></B>  -Absent
<B><font color = 'blue'> .</font></B>  -Absent
<B><font color = 'blue'> .</font></B>  -Absent
<B><font color = 'blue'> .</font></B>  -Absent
<B><font color = 'blue'> .</font></B>  -Absent
<B><font color = 'blue'> .</font></B>  -Absent
<B><font color = 'blue'> .</font></B>  -try last 
<B><font color = 'blue'> .</font></B>  -try@gmail.com
<B><font color = 'blue'> .</font></B>  -1225455
<B><font color = 'blue'> .</font></B>  -2022-10-29
<B><font color = 'blue'> .</font></B>  -Absent
<B><font color = 'blue'> .</font></B>  -Absent
<B><font color = 'blue'> .</font></B>  -undefined
<B><font color = 'blue'> .</font></B>  -Default
<B><font color = 'blue'> .</font></B>  -Default
<B><font color = 'blue'> .</font></B>  -Absent
<B><font color = 'blue'> .</font></B>  -Absent
<B><font color = 'blue'> .</font></B>  -Absent
<B><font color = 'blue'> .</font></B>  -Absent
<B><font color = 'blue'> .</font></B>  -Absent
<B><font color = 'blue'> .</font></B>  -Absent
<B><font color = 'blue'> .</font></B>  -Absent
<B><font color = 'blue'> .</font></B>  -Absent
<B><font color = 'blue'> .</font></B>  -Absent
<B><font color = 'blue'> .</font></B>  -Absent
<B><font color = 'blue'> .</font></B>  -Absent
<B><font color = 'blue'> .</font></B>  -vdjvdb yusvdvbbh 
<B><font color = 'blue'> .</font></B>  -dvhbfdh@gmail.com
<B><font color = 'blue'> .</font></B>  -wq534342
<B><font color = 'blue'> .</font></B>  -2022-10-29
<B><font color = 'blue'> .</font></B>  -Absent
<B><font color = 'blue'> .</font></B>  -Absent
<B><font color = 'blue'> .</font></B>  -undefined
<B><font color = 'blue'> .</font></B>  -Default
<B><font color = 'blue'> .</font></B>  -Default
<B><font color = 'blue'> .</font></B>  -Absent
<B><font color = 'blue'> .</font></B>  -Absent
<B><font color = 'blue'> .</font></B>  -Absent
<B><font color = 'blue'> .</font></B>  -Absent
<B><font color = 'blue'> .</font></B>  -Absent
<B><font color = 'blue'> .</font></B>  -Absent
<B><font color = 'blue'> .</font></B>  -Absent
<B><font color = 'blue'> .</font></B>  -Absent
<B><font color = 'blue'> .</font></B>  -Absent
<B><font color = 'blue'> .</font></B>  -Absent
<B><font color = 'blue'> .</font></B>  -Absent
<B><font color = 'blue'> .</font></B>  -Mail Test user 
<B><font color = 'blue'> .</font></B>  -maintest@user.io
<B><font color = 'blue'> .</font></B>  -GLB-1223888
<B><font color = 'blue'> .</font></B>  -2022-10-29
<B><font color = 'blue'> .</font></B>  -Absent
<B><font color = 'blue'> .</font></B>  -Absent
<B><font color = 'blue'> .</font></B>  -undefined
<B><font color = 'blue'> .</font></B>  -Default
<B><font color = 'blue'> .</font></B>  -Default
<B><font color = 'blue'> .</font></B>  -Absent
<B><font color = 'blue'> .</font></B>  -Absent
<B><font color = 'blue'> .</font></B>  -Absent
<B><font color = 'blue'> .</font></B>  -Absent
<B><font color = 'blue'> .</font></B>  -Absent
<B><font color = 'blue'> .</font></B>  -Absent
<B><font color = 'blue'> .</font></B>  -Absent
<B><font color = 'blue'> .</font></B>  -Absent
<B><font color = 'blue'> .</font></B>  -Absent
<B><font color = 'blue'> .</font></B>  -Absent
<B><font color = 'blue'> .</font></B>  -Absent
<B><font color = 'blue'> .</font></B>  -Update Check 
<B><font color = 'blue'> .</font></B>  -updates@gmail.com
<B><font color = 'blue'> .</font></B>  -emp543
<B><font color = 'blue'> .</font></B>  -2022-10-29
<B><font color = 'blue'> .</font></B>  -Absent
<B><font color = 'blue'> .</font></B>  -Absent
<B><font color = 'blue'> .</font></B>  -undefined
<B><font color = 'blue'> .</font></B>  -Default
<B><font color = 'blue'> .</font></B>  -Default
<B><font color = 'blue'> .</font></B>  -Absent
<B><font color = 'blue'> .</font></B>  -Absent
<B><font color = 'blue'> .</font></B>  -Absent
<B><font color = 'blue'> .</font></B>  -Absent
<B><font color = 'blue'> .</font></B>  -Absent
<B><font color = 'blue'> .</font></B>  -Absent
<B><font color = 'blue'> .</font></B>  -Absent
<B><font color = 'blue'> .</font></B>  -Absent
<B><font color = 'blue'> .</font></B>  -Absent
<B><font color = 'blue'> .</font></B>  -Absent
<B><font color = 'blue'> .</font></B>  -Absent
<B><font color = 'blue'> .</font></B>  -test manager 
<B><font color = 'blue'> .</font></B>  -manageremp@gmail.com
<B><font color = 'blue'> .</font></B>  -glb020
<B><font color = 'blue'> .</font></B>  -2022-10-29
<B><font color = 'blue'> .</font></B>  -Absent
<B><font color = 'blue'> .</font></B>  -Absent
<B><font color = 'blue'> .</font></B>  -undefined
<B><font color = 'blue'> .</font></B>  -Default
<B><font color = 'blue'> .</font></B>  -Default
<B><font color = 'blue'> .</font></B>  -Absent
<B><font color = 'blue'> .</font></B>  -Absent
<B><font color = 'blue'> .</font></B>  -Absent
<B><font color = 'blue'> .</font></B>  -Absent
<B><font color = 'blue'> .</font></B>  -Absent
<B><font color = 'blue'> .</font></B>  -Absent
<B><font color = 'blue'> .</font></B>  -Absent
<B><font color = 'blue'> .</font></B>  -Absent
<B><font color = 'blue'> .</font></B>  -Absent
<B><font color = 'blue'> .</font></B>  -Absent
<B><font color = 'blue'> .</font></B>  -Absent
<B><font color = 'blue'> .</font></B>  -DESKTOP-PJJHB19 - GLB-BLR-002OjUpRD2 
<B><font color = 'blue'> .</font></B>  --
<B><font color = 'blue'> .</font></B>  -GLB-BLR-002OjUpRD2
<B><font color = 'blue'> .</font></B>  -2022-10-29
<B><font color = 'blue'> .</font></B>  -Absent
<B><font color = 'blue'> .</font></B>  -Absent
<B><font color = 'blue'> .</font></B>  -undefined
<B><font color = 'blue'> .</font></B>  -Default
<B><font color = 'blue'> .</font></B>  -Default
<B><font color = 'blue'> .</font></B>  -Absent
<B><font color = 'blue'> .</font></B>  -Absent
<B><font color = 'blue'> .</font></B>  -Absent
<B><font color = 'blue'> .</font></B>  -Absent
<B><font color = 'blue'> .</font></B>  -Absent
<B><font color = 'blue'> .</font></B>  -Absent
<B><font color = 'blue'> .</font></B>  -Absent
<B><font color = 'blue'> .</font></B>  -Absent
<B><font color = 'blue'> .</font></B>  -Absent
<B><font color = 'blue'> .</font></B>  -Absent
<B><font color = 'blue'> .</font></B>  -Absent
<B><font color = 'blue'> .</font></B>  -Usb Test 
<B><font color = 'blue'> .</font></B>  -usbtest123@gmail.com
<B><font color = 'blue'> .</font></B>  -emp0097
<B><font color = 'blue'> .</font></B>  -2022-10-29
<B><font color = 'blue'> .</font></B>  -Absent
<B><font color = 'blue'> .</font></B>  -Absent
<B><font color = 'blue'> .</font></B>  -undefined
<B><font color = 'blue'> .</font></B>  -Default
<B><font color = 'blue'> .</font></B>  -Default
<B><font color = 'blue'> .</font></B>  -Absent
<B><font color = 'blue'> .</font></B>  -Absent
<B><font color = 'blue'> .</font></B>  -Absent
<B><font color = 'blue'> .</font></B>  -Absent
<B><font color = 'blue'> .</font></B>  -Absent
<B><font color = 'blue'> .</font></B>  -Absent
<B><font color = 'blue'> .</font></B>  -Absent
<B><font color = 'blue'> .</font></B>  -Absent
<B><font color = 'blue'> .</font></B>  -Absent
<B><font color = 'blue'> .</font></B>  -Absent
<B><font color = 'blue'> .</font></B>  -Absent
<B><font color = 'blue'> .</font></B>  -SS Keystrokes 
<B><font color = 'blue'> .</font></B>  -sskey@gmail.com
<B><font color = 'blue'> .</font></B>  -emp98y
<B><font color = 'blue'> .</font></B>  -2022-10-29
<B><font color = 'blue'> .</font></B>  -Absent
<B><font color = 'blue'> .</font></B>  -Absent
<B><font color = 'blue'> .</font></B>  -undefined
<B><font color = 'blue'> .</font></B>  -Default
<B><font color = 'blue'> .</font></B>  -Default
<B><font color = 'blue'> .</font></B>  -Absent
<B><font color = 'blue'> .</font></B>  -Absent
<B><font color = 'blue'> .</font></B>  -Absent
<B><font color = 'blue'> .</font></B>  -Absent
<B><font color = 'blue'> .</font></B>  -Absent
<B><font color = 'blue'> .</font></B>  -Absent
<B><font color = 'blue'> .</font></B>  -Absent
<B><font color = 'blue'> .</font></B>  -Absent
<B><font color = 'blue'> .</font></B>  -Absent
<B><font color = 'blue'> .</font></B>  -Absent
<B><font color = 'blue'> .</font></B>  -Absent
<B><font color = 'blue'> .</font></B>  -shivammmmmmmmmmmmmmmmmmmm Kumar 
<B><font color = 'blue'> .</font></B>  -kgfyash545@gmail.com
<B><font color = 'blue'> .</font></B>  -hsakhdjk414
<B><font color = 'blue'> .</font></B>  -2022-10-29
<B><font color = 'blue'> .</font></B>  -Absent
<B><font color = 'blue'> .</font></B>  -Absent
<B><font color = 'blue'> .</font></B>  -undefined
<B><font color = 'blue'> .</font></B>  -Default
<B><font color = 'blue'> .</font></B>  -Default
<B><font color = 'blue'> .</font></B>  -Absent
<B><font color = 'blue'> .</font></B>  -Absent
<B><font color = 'blue'> .</font></B>  -Absent
<B><font color = 'blue'> .</font></B>  -Absent
<B><font color = 'blue'> .</font></B>  -Absent
<B><font color = 'blue'> .</font></B>  -Absent
<B><font color = 'blue'> .</font></B>  -Absent
<B><font color = 'blue'> .</font></B>  -Absent
<B><font color = 'blue'> .</font></B>  -Absent
<B><font color = 'blue'> .</font></B>  -Absent
<B><font color = 'blue'> .</font></B>  -Absent
<B><font color = 'blue'> .</font></B>  -Abhishek Four tf test 
<B><font color = 'blue'> .</font></B>  -abhishekfourtf@mail.com
<B><font color = 'blue'> .</font></B>  -HLIKSJ98
<B><font color = 'blue'> .</font></B>  -2022-10-29
<B><font color = 'blue'> .</font></B>  -Absent
<B><font color = 'blue'> .</font></B>  -Absent
<B><font color = 'blue'> .</font></B>  -undefined
<B><font color = 'blue'> .</font></B>  -Default
<B><font color = 'blue'> .</font></B>  -Default
<B><font color = 'blue'> .</font></B>  -Absent
<B><font color = 'blue'> .</font></B>  -Absent
<B><font color = 'blue'> .</font></B>  -Absent
<B><font color = 'blue'> .</font></B>  -Absent
<B><font color = 'blue'> .</font></B>  -Absent
<B><font color = 'blue'> .</font></B>  -Absent
<B><font color = 'blue'> .</font></B>  -Absent
<B><font color = 'blue'> .</font></B>  -Absent
<B><font color = 'blue'> .</font></B>  -Absent
<B><font color = 'blue'> .</font></B>  -Absent
<B><font color = 'blue'> .</font></B>  -Absent
<B><font color = 'blue'> .</font></B>  -new dev user 
<B><font color = 'blue'> .</font></B>  -new@dev.user
<B><font color = 'blue'> .</font></B>  -fdfsfsd
<B><font color = 'blue'> .</font></B>  -2022-10-29
<B><font color = 'blue'> .</font></B>  -Absent
<B><font color = 'blue'> .</font></B>  -Absent
<B><font color = 'blue'> .</font></B>  -undefined
<B><font color = 'blue'> .</font></B>  -Default
<B><font color = 'blue'> .</font></B>  -Default
<B><font color = 'blue'> .</font></B>  -Absent
<B><font color = 'blue'> .</font></B>  -Absent
<B><font color = 'blue'> .</font></B>  -Absent
<B><font color = 'blue'> .</font></B>  -Absent
<B><font color = 'blue'> .</font></B>  -Absent
<B><font color = 'blue'> .</font></B>  -Absent
<B><font color = 'blue'> .</font></B>  -Absent
<B><font color = 'blue'> .</font></B>  -Absent
<B><font color = 'blue'> .</font></B>  -Absent
<B><font color = 'blue'> .</font></B>  -Absent
<B><font color = 'blue'> .</font></B>  -Absent
<B><font color = 'blue'> .</font></B>  -aaaaaaaaaa aaaaaaaaa 
<B><font color = 'blue'> .</font></B>  -mmmm@gmail.com
<B><font color = 'blue'> .</font></B>  -80765s
<B><font color = 'blue'> .</font></B>  -2022-10-29
<B><font color = 'blue'> .</font></B>  -Absent
<B><font color = 'blue'> .</font></B>  -Absent
<B><font color = 'blue'> .</font></B>  -undefined
<B><font color = 'blue'> .</font></B>  -Bangalore
<B><font color = 'blue'> .</font></B>  -Testing
<B><font color = 'blue'> .</font></B>  -Absent
<B><font color = 'blue'> .</font></B>  -Absent
<B><font color = 'blue'> .</font></B>  -Absent
<B><font color = 'blue'> .</font></B>  -Absent
<B><font color = 'blue'> .</font></B>  -Absent
<B><font color = 'blue'> .</font></B>  -Absent
<B><font color = 'blue'> .</font></B>  -Absent
<B><font color = 'blue'> .</font></B>  -Absent
<B><font color = 'blue'> .</font></B>  -Absent
<B><font color = 'blue'> .</font></B>  -Absent
<B><font color = 'blue'> .</font></B>  -Absent
<B><font color = 'blue'> .</font></B>  -sumesh test 
<B><font color = 'blue'> .</font></B>  -sumesh@mail.com
<B><font color = 'blue'> .</font></B>  -fdgfdgf
<B><font color = 'blue'> .</font></B>  -2022-10-29
<B><font color = 'blue'> .</font></B>  -Absent
<B><font color = 'blue'> .</font></B>  -Absent
<B><font color = 'blue'> .</font></B>  -undefined
<B><font color = 'blue'> .</font></B>  -Bangalore
<B><font color = 'blue'> .</font></B>  -Testing
<B><font color = 'blue'> .</font></B>  -Absent
<B><font color = 'blue'> .</font></B>  -Absent
<B><font color = 'blue'> .</font></B>  -Absent
<B><font color = 'blue'> .</font></B>  -Absent
<B><font color = 'blue'> .</font></B>  -Absent
<B><font color = 'blue'> .</font></B>  -Absent
<B><font color = 'blue'> .</font></B>  -Absent
<B><font color = 'blue'> .</font></B>  -Absent
<B><font color = 'blue'> .</font></B>  -Absent
<B><font color = 'blue'> .</font></B>  -Absent
<B><font color = 'blue'> .</font></B>  -Absent
<B><font color = 'blue'> .</font></B>  -Test msc 
<B><font color = 'blue'> .</font></B>  -test123@gmail.com
<B><font color = 'blue'> .</font></B>  -12254
<B><font color = 'blue'> .</font></B>  -2022-10-29
<B><font color = 'blue'> .</font></B>  -Absent
<B><font color = 'blue'> .</font></B>  -Absent
<B><font color = 'blue'> .</font></B>  -undefined
<B><font color = 'blue'> .</font></B>  -Bangalore
<B><font color = 'blue'> .</font></B>  -Testing
<B><font color = 'blue'> .</font></B>  -Absent
<B><font color = 'blue'> .</font></B>  -Absent
<B><font color = 'blue'> .</font></B>  -Absent
<B><font color = 'blue'> .</font></B>  -Absent
<B><font color = 'blue'> .</font></B>  -Absent
<B><font color = 'blue'> .</font></B>  -Absent
<B><font color = 'blue'> .</font></B>  -Absent
<B><font color = 'blue'> .</font></B>  -Absent
<B><font color = 'blue'> .</font></B>  -Absent
<B><font color = 'blue'> .</font></B>  -Absent
<B><font color = 'blue'> .</font></B>  -Absent
<B><font color = 'blue'> .</font></B>  -deffdfds vscsc 
<B><font color = 'blue'> .</font></B>  -cscsdw123@gmail.com
<B><font color = 'blue'> .</font></B>  -1234512
<B><font color = 'blue'> .</font></B>  -2022-10-29
<B><font color = 'blue'> .</font></B>  -Absent
<B><font color = 'blue'> .</font></B>  -Absent
<B><font color = 'blue'> .</font></B>  -undefined
<B><font color = 'blue'> .</font></B>  -Bangalore
<B><font color = 'blue'> .</font></B>  -Testing
<B><font color = 'blue'> .</font></B>  -Absent
<B><font color = 'blue'> .</font></B>  -Absent
<B><font color = 'blue'> .</font></B>  -Absent
<B><font color = 'blue'> .</font></B>  -Absent
<B><font color = 'blue'> .</font></B>  -Absent
<B><font color = 'blue'> .</font></B>  -Absent
<B><font color = 'blue'> .</font></B>  -Absent
<B><font color = 'blue'> .</font></B>  -Absent
<B><font color = 'blue'> .</font></B>  -Absent
<B><font color = 'blue'> .</font></B>  -Absent
<B><font color = 'blue'> .</font></B>  -Absent
<B><font color = 'blue'> .</font></B>  -test testtt 
<B><font color = 'blue'> .</font></B>  -abcd@gmail.com
<B><font color = 'blue'> .</font></B>  -GLB55
<B><font color = 'blue'> .</font></B>  -2022-10-29
<B><font color = 'blue'> .</font></B>  -Absent
<B><font color = 'blue'> .</font></B>  -Absent
<B><font color = 'blue'> .</font></B>  -undefined
<B><font color = 'blue'> .</font></B>  -Bangalore
<B><font color = 'blue'> .</font></B>  -Testing
<B><font color = 'blue'> .</font></B>  -Absent
<B><font color = 'blue'> .</font></B>  -Absent
<B><font color = 'blue'> .</font></B>  -Absent
<B><font color = 'blue'> .</font></B>  -Absent
<B><font color = 'blue'> .</font></B>  -Absent
<B><font color = 'blue'> .</font></B>  -Absent
<B><font color = 'blue'> .</font></B>  -Absent
<B><font color = 'blue'> .</font></B>  -Absent
<B><font color = 'blue'> .</font></B>  -Absent
<B><font color = 'blue'> .</font></B>  -Absent
<B><font color = 'blue'> .</font></B>  -Absent
<B><font color = 'blue'> .</font></B>  -Abhishe tt 
<B><font color = 'blue'> .</font></B>  -ab@ab.com
<B><font color = 'blue'> .</font></B>  -GKD567
<B><font color = 'blue'> .</font></B>  -2022-10-29
<B><font color = 'blue'> .</font></B>  -Absent
<B><font color = 'blue'> .</font></B>  -Absent
<B><font color = 'blue'> .</font></B>  -undefined
<B><font color = 'blue'> .</font></B>  -Bangalore
<B><font color = 'blue'> .</font></B>  -Testing
<B><font color = 'blue'> .</font></B>  -Absent
<B><font color = 'blue'> .</font></B>  -Absent
<B><font color = 'blue'> .</font></B>  -Absent
<B><font color = 'blue'> .</font></B>  -Absent
<B><font color = 'blue'> .</font></B>  -Absent
<B><font color = 'blue'> .</font></B>  -Absent
<B><font color = 'blue'> .</font></B>  -Absent
<B><font color = 'blue'> .</font></B>  -Absent
<B><font color = 'blue'> .</font></B>  -Absent
<B><font color = 'blue'> .</font></B>  -Absent
<B><font color = 'blue'> .</font></B>  -Absent
<B><font color = 'blue'> .</font></B>  -test nonadmin 
<B><font color = 'blue'> .</font></B>  -testnonadmin@gmail.com
<B><font color = 'blue'> .</font></B>  -GLB026
<B><font color = 'blue'> .</font></B>  -2022-10-29
<B><font color = 'blue'> .</font></B>  -Absent
<B><font color = 'blue'> .</font></B>  -Absent
<B><font color = 'blue'> .</font></B>  -undefined
<B><font color = 'blue'> .</font></B>  -Bangalore
<B><font color = 'blue'> .</font></B>  -Php
<B><font color = 'blue'> .</font></B>  -Absent
<B><font color = 'blue'> .</font></B>  -Absent
<B><font color = 'blue'> .</font></B>  -Absent
<B><font color = 'blue'> .</font></B>  -Absent
<B><font color = 'blue'> .</font></B>  -Absent
<B><font color = 'blue'> .</font></B>  -Absent
<B><font color = 'blue'> .</font></B>  -Absent
<B><font color = 'blue'> .</font></B>  -Absent
<B><font color = 'blue'> .</font></B>  -Absent
<B><font color = 'blue'> .</font></B>  -Absent
<B><font color = 'blue'> .</font></B>  -Absent
<B><font color = 'blue'> .</font></B>  -adg ckj 
<B><font color = 'blue'> .</font></B>  -adcs@1234
<B><font color = 'blue'> .</font></B>  -583
<B><font color = 'blue'> .</font></B>  -2022-10-29
<B><font color = 'blue'> .</font></B>  -Absent
<B><font color = 'blue'> .</font></B>  -Absent
<B><font color = 'blue'> .</font></B>  -undefined
<B><font color = 'blue'> .</font></B>  -Bangalore
<B><font color = 'blue'> .</font></B>  -Testing
<B><font color = 'blue'> .</font></B>  -Absent
<B><font color = 'blue'> .</font></B>  -Absent
<B><font color = 'blue'> .</font></B>  -Absent
<B><font color = 'blue'> .</font></B>  -Absent
<B><font color = 'blue'> .</font></B>  -Absent
<B><font color = 'blue'> .</font></B>  -Absent
<B><font color = 'blue'> .</font></B>  -Absent
<B><font color = 'blue'> .</font></B>  -Absent
<B><font color = 'blue'> .</font></B>  -Absent
<B><font color = 'blue'> .</font></B>  -Absent
<B><font color = 'blue'> .</font></B>  -Absent
<B><font color = 'blue'> .</font></B>  -dominic toretto 
<B><font color = 'blue'> .</font></B>  -dom.toretto737@gmail.com
<B><font color = 'blue'> .</font></B>  -EMP011
<B><font color = 'blue'> .</font></B>  -2022-10-29
<B><font color = 'blue'> .</font></B>  -Absent
<B><font color = 'blue'> .</font></B>  -Absent
<B><font color = 'blue'> .</font></B>  -undefined
<B><font color = 'blue'> .</font></B>  -Bangalore
<B><font color = 'blue'> .</font></B>  -Testing
<B><font color = 'blue'> .</font></B>  -Absent
<B><font color = 'blue'> .</font></B>  -Absent
<B><font color = 'blue'> .</font></B>  -Absent
<B><font color = 'blue'> .</font></B>  -Absent
<B><font color = 'blue'> .</font></B>  -Absent
<B><font color = 'blue'> .</font></B>  -Absent
<B><font color = 'blue'> .</font></B>  -Absent
<B><font color = 'blue'> .</font></B>  -Absent
<B><font color = 'blue'> .</font></B>  -Absent
<B><font color = 'blue'> .</font></B>  -Absent
<B><font color = 'blue'> .</font></B>  -Absent
<B><font color = 'blue'> .</font></B>  -Superior Test one 
<B><font color = 'blue'> .</font></B>  -superiorone@gmail.com
<B><font color = 'blue'> .</font></B>  -twoqw
<B><font color = 'blue'> .</font></B>  -2022-10-29
<B><font color = 'blue'> .</font></B>  -Absent
<B><font color = 'blue'> .</font></B>  -Absent
<B><font color = 'blue'> .</font></B>  -undefined
<B><font color = 'blue'> .</font></B>  -Bangalore
<B><font color = 'blue'> .</font></B>  -Testing
<B><font color = 'blue'> .</font></B>  -Absent
<B><font color = 'blue'> .</font></B>  -Absent
<B><font color = 'blue'> .</font></B>  -Absent
<B><font color = 'blue'> .</font></B>  -Absent
<B><font color = 'blue'> .</font></B>  -Absent
<B><font color = 'blue'> .</font></B>  -Absent
<B><font color = 'blue'> .</font></B>  -Absent
<B><font color = 'blue'> .</font></B>  -Absent
<B><font color = 'blue'> .</font></B>  -Absent
<B><font color = 'blue'> .</font></B>  -Absent
<B><font color = 'blue'> .</font></B>  -Absent
<B><font color = 'blue'> .</font></B>  -test testw 
<B><font color = 'blue'> .</font></B>  -test@mac.in
<B><font color = 'blue'> .</font></B>  -aaf123
<B><font color = 'blue'> .</font></B>  -2022-10-29
<B><font color = 'blue'> .</font></B>  -Absent
<B><font color = 'blue'> .</font></B>  -Absent
<B><font color = 'blue'> .</font></B>  -undefined
<B><font color = 'blue'> .</font></B>  -Bangalore
<B><font color = 'blue'> .</font></B>  -Php
<B><font color = 'blue'> .</font></B>  -Absent
<B><font color = 'blue'> .</font></B>  -Absent
<B><font color = 'blue'> .</font></B>  -Absent
<B><font color = 'blue'> .</font></B>  -Absent
<B><font color = 'blue'> .</font></B>  -Absent
<B><font color = 'blue'> .</font></B>  -Absent
<B><font color = 'blue'> .</font></B>  -Absent
<B><font color = 'blue'> .</font></B>  -Absent
<B><font color = 'blue'> .</font></B>  -Absent
<B><font color = 'blue'> .</font></B>  -Absent
<B><font color = 'blue'> .</font></B>  -Absent
<B><font color = 'blue'> .</font></B>  -sam eer 
<B><font color = 'blue'> .</font></B>  -sam@rf.in
<B><font color = 'blue'> .</font></B>  -WSAERT2Q34E
<B><font color = 'blue'> .</font></B>  -2022-10-29
<B><font color = 'blue'> .</font></B>  -Absent
<B><font color = 'blue'> .</font></B>  -Absent
<B><font color = 'blue'> .</font></B>  -undefined
<B><font color = 'blue'> .</font></B>  -Bangalore
<B><font color = 'blue'> .</font></B>  -Testing
<B><font color = 'blue'> .</font></B>  -Absent
<B><font color = 'blue'> .</font></B>  -Absent
<B><font color = 'blue'> .</font></B>  -Absent
<B><font color = 'blue'> .</font></B>  -Absent
<B><font color = 'blue'> .</font></B>  -Absent
<B><font color = 'blue'> .</font></B>  -Absent
<B><font color = 'blue'> .</font></B>  -Absent
<B><font color = 'blue'> .</font></B>  -Absent
<B><font color = 'blue'> .</font></B>  -Absent
<B><font color = 'blue'> .</font></B>  -Absent
<B><font color = 'blue'> .</font></B>  -Absent
<B><font color = 'blue'> .</font></B>  -Test test 
<B><font color = 'blue'> .</font></B>  -sarikajain@gmail.com
<B><font color = 'blue'> .</font></B>  -E-101
<B><font color = 'blue'> .</font></B>  -2022-10-29
<B><font color = 'blue'> .</font></B>  -Absent
<B><font color = 'blue'> .</font></B>  -Absent
<B><font color = 'blue'> .</font></B>  -undefined
<B><font color = 'blue'> .</font></B>  -Bangalore
<B><font color = 'blue'> .</font></B>  -Testing
<B><font color = 'blue'> .</font></B>  -Absent
<B><font color = 'blue'> .</font></B>  -Absent
<B><font color = 'blue'> .</font></B>  -Absent
<B><font color = 'blue'> .</font></B>  -Absent
<B><font color = 'blue'> .</font></B>  -Absent
<B><font color = 'blue'> .</font></B>  -Absent
<B><font color = 'blue'> .</font></B>  -Absent
<B><font color = 'blue'> .</font></B>  -Absent
<B><font color = 'blue'> .</font></B>  -Absent
<B><font color = 'blue'> .</font></B>  -Absent
<B><font color = 'blue'> .</font></B>  -Absent
<B><font color = 'blue'> .</font></B>  -sithu kalluru 
<B><font color = 'blue'> .</font></B>  -sitaramireddy@globussoft.in
<B><font color = 'blue'> .</font></B>  -code12
<B><font color = 'blue'> .</font></B>  -2022-10-29
<B><font color = 'blue'> .</font></B>  -Absent
<B><font color = 'blue'> .</font></B>  -Absent
<B><font color = 'blue'> .</font></B>  -undefined
<B><font color = 'blue'> .</font></B>  -Bangalore
<B><font color = 'blue'> .</font></B>  -Testing
<B><font color = 'blue'> .</font></B>  -Absent
<B><font color = 'blue'> .</font></B>  -Absent
<B><font color = 'blue'> .</font></B>  -Absent
<B><font color = 'blue'> .</font></B>  -Absent
<B><font color = 'blue'> .</font></B>  -Absent
<B><font color = 'blue'> .</font></B>  -Absent
<B><font color = 'blue'> .</font></B>  -Absent
<B><font color = 'blue'> .</font></B>  -Absent
<B><font color = 'blue'> .</font></B>  -Absent
<B><font color = 'blue'> .</font></B>  -Absent
<B><font color = 'blue'> .</font></B>  -Absent
<B><font color = 'blue'> .</font></B>  -test123 abcd 
<B><font color = 'blue'> .</font></B>  -s@gmail.com
<B><font color = 'blue'> .</font></B>  -code123z
<B><font color = 'blue'> .</font></B>  -2022-10-29
<B><font color = 'blue'> .</font></B>  -Absent
<B><font color = 'blue'> .</font></B>  -Absent
<B><font color = 'blue'> .</font></B>  -undefined
<B><font color = 'blue'> .</font></B>  -Bangalore
<B><font color = 'blue'> .</font></B>  -Testing
<B><font color = 'blue'> .</font></B>  -Absent
<B><font color = 'blue'> .</font></B>  -Absent
<B><font color = 'blue'> .</font></B>  -Absent
<B><font color = 'blue'> .</font></B>  -Absent
<B><font color = 'blue'> .</font></B>  -Absent
<B><font color = 'blue'> .</font></B>  -Absent
<B><font color = 'blue'> .</font></B>  -Absent
<B><font color = 'blue'> .</font></B>  -Absent
<B><font color = 'blue'> .</font></B>  -Absent
<B><font color = 'blue'> .</font></B>  -Absent
<B><font color = 'blue'> .</font></B>  -Absent
<B><font color = 'blue'> .</font></B>  -testing test 
<B><font color = 'blue'> .</font></B>  -aarshajoyson1601@gmail.com
<B><font color = 'blue'> .</font></B>  -glb0008
<B><font color = 'blue'> .</font></B>  -2022-10-29
<B><font color = 'blue'> .</font></B>  -Absent
<B><font color = 'blue'> .</font></B>  -Absent
<B><font color = 'blue'> .</font></B>  -undefined
<B><font color = 'blue'> .</font></B>  -Bangalore
<B><font color = 'blue'> .</font></B>  -Php
<B><font color = 'blue'> .</font></B>  -Absent
<B><font color = 'blue'> .</font></B>  -Absent
<B><font color = 'blue'> .</font></B>  -Absent
<B><font color = 'blue'> .</font></B>  -Absent
<B><font color = 'blue'> .</font></B>  -Absent
<B><font color = 'blue'> .</font></B>  -Absent
<B><font color = 'blue'> .</font></B>  -Absent
<B><font color = 'blue'> .</font></B>  -Absent
<B><font color = 'blue'> .</font></B>  -Absent
<B><font color = 'blue'> .</font></B>  -Absent
<B><font color = 'blue'> .</font></B>  -Absent
<B><font color = 'blue'> .</font></B>  -Automation CodeeeAuto 
<B><font color = 'blue'> .</font></B>  -skabcdef7@gmail.com
<B><font color = 'blue'> .</font></B>  -Emp-Abzcde-1234522
<B><font color = 'blue'> .</font></B>  -2022-10-29
<B><font color = 'blue'> .</font></B>  -Absent
<B><font color = 'blue'> .</font></B>  -Absent
<B><font color = 'blue'> .</font></B>  -undefined
<B><font color = 'blue'> .</font></B>  -Bangalore
<B><font color = 'blue'> .</font></B>  -Testing
<B><font color = 'blue'> .</font></B>  -Absent
<B><font color = 'blue'> .</font></B>  -Absent
<B><font color = 'blue'> .</font></B>  -Absent
<B><font color = 'blue'> .</font></B>  -Absent
<B><font color = 'blue'> .</font></B>  -Absent
<B><font color = 'blue'> .</font></B>  -Absent
<B><font color = 'blue'> .</font></B>  -Absent
<B><font color = 'blue'> .</font></B>  -Absent
<B><font color = 'blue'> .</font></B>  -Absent
<B><font color = 'blue'> .</font></B>  -Absent
<B><font color = 'blue'> .</font></B>  -Absent
<B><font color = 'blue'> .</font></B>  -piyush dfgsfg 
<B><font color = 'blue'> .</font></B>  -jos@gmail.com
<B><font color = 'blue'> .</font></B>  -sdgff
<B><font color = 'blue'> .</font></B>  -2022-10-29
<B><font color = 'blue'> .</font></B>  -Absent
<B><font color = 'blue'> .</font></B>  -Absent
<B><font color = 'blue'> .</font></B>  -undefined
<B><font color = 'blue'> .</font></B>  -Bangalore
<B><font color = 'blue'> .</font></B>  -Testing
<B><font color = 'blue'> .</font></B>  -Absent
<B><font color = 'blue'> .</font></B>  -Absent
<B><font color = 'blue'> .</font></B>  -Absent
<B><font color = 'blue'> .</font></B>  -Absent
<B><font color = 'blue'> .</font></B>  -Absent
<B><font color = 'blue'> .</font></B>  -Absent
<B><font color = 'blue'> .</font></B>  -Absent
<B><font color = 'blue'> .</font></B>  -Absent
<B><font color = 'blue'> .</font></B>  -Absent
<B><font color = 'blue'> .</font></B>  -Absent
<B><font color = 'blue'> .</font></B>  -Absent
<B><font color = 'blue'> .</font></B>  -Aryan raj 
<B><font color = 'blue'> .</font></B>  -alex@gmail.com
<B><font color = 'blue'> .</font></B>  -126
<B><font color = 'blue'> .</font></B>  -2022-10-29
<B><font color = 'blue'> .</font></B>  -Absent
<B><font color = 'blue'> .</font></B>  -Absent
<B><font color = 'blue'> .</font></B>  -undefined
<B><font color = 'blue'> .</font></B>  -Bangalore
<B><font color = 'blue'> .</font></B>  -Testing
<B><font color = 'blue'> .</font></B>  -Absent
<B><font color = 'blue'> .</font></B>  -Absent
<B><font color = 'blue'> .</font></B>  -Absent
<B><font color = 'blue'> .</font></B>  -Absent
<B><font color = 'blue'> .</font></B>  -Absent
<B><font color = 'blue'> .</font></B>  -Absent
<B><font color = 'blue'> .</font></B>  -Absent
<B><font color = 'blue'> .</font></B>  -Absent
<B><font color = 'blue'> .</font></B>  -Absent
<B><font color = 'blue'> .</font></B>  -Absent
<B><font color = 'blue'> .</font></B>  -Absent
<B><font color = 'blue'> .</font></B>  -Automation CodeeeAuto 
<B><font color = 'blue'> .</font></B>  -skabcdef38@gmail.com
<B><font color = 'blue'> .</font></B>  -Emp-Abzcde-123457
<B><font color = 'blue'> .</font></B>  -2022-10-29
<B><font color = 'blue'> .</font></B>  -Absent
<B><font color = 'blue'> .</font></B>  -Absent
<B><font color = 'blue'> .</font></B>  -undefined
<B><font color = 'blue'> .</font></B>  -Bangalore
<B><font color = 'blue'> .</font></B>  -Testing
<B><font color = 'blue'> .</font></B>  -Absent
<B><font color = 'blue'> .</font></B>  -Absent
<B><font color = 'blue'> .</font></B>  -Absent
<B><font color = 'blue'> .</font></B>  -Absent
<B><font color = 'blue'> .</font></B>  -Absent
<B><font color = 'blue'> .</font></B>  -Absent
<B><font color = 'blue'> .</font></B>  -Absent
<B><font color = 'blue'> .</font></B>  -Absent
<B><font color = 'blue'> .</font></B>  -Absent
<B><font color = 'blue'> .</font></B>  -Absent
<B><font color = 'blue'> .</font></B>  -Absent
<B><font color = 'blue'> .</font></B>  -Automation CodeeeAuto 
<B><font color = 'blue'> .</font></B>  -skabcdef33@gmail.com
<B><font color = 'blue'> .</font></B>  -Emp-Abzcde-1234557
<B><font color = 'blue'> .</font></B>  -2022-10-29
<B><font color = 'blue'> .</font></B>  -Absent
<B><font color = 'blue'> .</font></B>  -Absent
<B><font color = 'blue'> .</font></B>  -undefined
<B><font color = 'blue'> .</font></B>  -Bangalore
<B><font color = 'blue'> .</font></B>  -Testing
<B><font color = 'blue'> .</font></B>  -Absent
<B><font color = 'blue'> .</font></B>  -Absent
<B><font color = 'blue'> .</font></B>  -Absent
<B><font color = 'blue'> .</font></B>  -Absent
<B><font color = 'blue'> .</font></B>  -Absent
<B><font color = 'blue'> .</font></B>  -Absent
<B><font color = 'blue'> .</font></B>  -Absent
<B><font color = 'blue'> .</font></B>  -Absent
<B><font color = 'blue'> .</font></B>  -Absent
<B><font color = 'blue'> .</font></B>  -Absent
<B><font color = 'blue'> .</font></B>  -Absent
<B><font color = 'blue'> .</font></B>  -D Surya Prabhakar 
<B><font color = 'blue'> .</font></B>  -surya1@gmail.com
<B><font color = 'blue'> .</font></B>  -EM010
<B><font color = 'blue'> .</font></B>  -2022-10-29
<B><font color = 'blue'> .</font></B>  -Absent
<B><font color = 'blue'> .</font></B>  -Absent
<B><font color = 'blue'> .</font></B>  -undefined
<B><font color = 'blue'> .</font></B>  -bengaluru
<B><font color = 'blue'> .</font></B>  -Testing
<B><font color = 'blue'> .</font></B>  -Absent
<B><font color = 'blue'> .</font></B>  -Absent
<B><font color = 'blue'> .</font></B>  -Absent
<B><font color = 'blue'> .</font></B>  -Absent
<B><font color = 'blue'> .</font></B>  -Absent
<B><font color = 'blue'> .</font></B>  -Absent
<B><font color = 'blue'> .</font></B>  -Absent
<B><font color = 'blue'> .</font></B>  -Absent
<B><font color = 'blue'> .</font></B>  -Absent
<B><font color = 'blue'> .</font></B>  -Absent
<B><font color = 'blue'> .</font></B>  -Absent
<B><font color = 'blue'> .</font></B>  -R o       hit Sharma 
<B><font color = 'blue'> .</font></B>  -rahulrajt5613928@gmail.com
<B><font color = 'blue'> .</font></B>  -67645
<B><font color = 'blue'> .</font></B>  -2022-10-29
<B><font color = 'blue'> .</font></B>  -Absent
<B><font color = 'blue'> .</font></B>  -Absent
<B><font color = 'blue'> .</font></B>  -undefined
<B><font color = 'blue'> .</font></B>  -bengaluru
<B><font color = 'blue'> .</font></B>  -Testing
<B><font color = 'blue'> .</font></B>  -Absent
<B><font color = 'blue'> .</font></B>  -Absent
<B><font color = 'blue'> .</font></B>  -Absent
<B><font color = 'blue'> .</font></B>  -Absent
<B><font color = 'blue'> .</font></B>  -Absent
<B><font color = 'blue'> .</font></B>  -Absent
<B><font color = 'blue'> .</font></B>  -Absent
<B><font color = 'blue'> .</font></B>  -Absent
<B><font color = 'blue'> .</font></B>  -Absent
<B><font color = 'blue'> .</font></B>  -Absent
<B><font color = 'blue'> .</font></B>  -Absent
<B><font color = 'blue'> .</font></B>  -ni test 
<B><font color = 'blue'> .</font></B>  -nitest12@gmail.com
<B><font color = 'blue'> .</font></B>  -GLB678
<B><font color = 'blue'> .</font></B>  -2022-10-29
<B><font color = 'blue'> .</font></B>  -Absent
<B><font color = 'blue'> .</font></B>  -Absent
<B><font color = 'blue'> .</font></B>  -undefined
<B><font color = 'blue'> .</font></B>  -bengaluru
<B><font color = 'blue'> .</font></B>  -Testing
<B><font color = 'blue'> .</font></B>  -Absent
<B><font color = 'blue'> .</font></B>  -Absent
<B><font color = 'blue'> .</font></B>  -Absent
<B><font color = 'blue'> .</font></B>  -Absent
<B><font color = 'blue'> .</font></B>  -Absent
<B><font color = 'blue'> .</font></B>  -Absent
<B><font color = 'blue'> .</font></B>  -Absent
<B><font color = 'blue'> .</font></B>  -Absent
<B><font color = 'blue'> .</font></B>  -Absent
<B><font color = 'blue'> .</font></B>  -Absent
<B><font color = 'blue'> .</font></B>  -Absent
<B><font color = 'blue'> .</font></B>  -one test 
<B><font color = 'blue'> .</font></B>  -testone1234@gmail.com
<B><font color = 'blue'> .</font></B>  -0110
<B><font color = 'blue'> .</font></B>  -2022-10-29
<B><font color = 'blue'> .</font></B>  -Absent
<B><font color = 'blue'> .</font></B>  -Absent
<B><font color = 'blue'> .</font></B>  -undefined
<B><font color = 'blue'> .</font></B>  -bengaluru
<B><font color = 'blue'> .</font></B>  -Testing
<B><font color = 'blue'> .</font></B>  -Absent
<B><font color = 'blue'> .</font></B>  -Absent
<B><font color = 'blue'> .</font></B>  -Absent
<B><font color = 'blue'> .</font></B>  -Absent
<B><font color = 'blue'> .</font></B>  -Absent
<B><font color = 'blue'> .</font></B>  -Absent
<B><font color = 'blue'> .</font></B>  -Absent
<B><font color = 'blue'> .</font></B>  -Absent
<B><font color = 'blue'> .</font></B>  -Absent
<B><font color = 'blue'> .</font></B>  -Absent
<B><font color = 'blue'> .</font></B>  -Absent
<B><font color = 'blue'> .</font></B>  -GLB-BLR-010-PC - GLB-BLR-010 
<B><font color = 'blue'> .</font></B>  -abcd@yuksdgus
<B><font color = 'blue'> .</font></B>  -GLB-BLR-010
<B><font color = 'blue'> .</font></B>  -2022-10-29
<B><font color = 'blue'> .</font></B>  -Absent
<B><font color = 'blue'> .</font></B>  -Absent
<B><font color = 'blue'> .</font></B>  -undefined
<B><font color = 'blue'> .</font></B>  -bengaluru
<B><font color = 'blue'> .</font></B>  -Testing
<B><font color = 'blue'> .</font></B>  -Absent
<B><font color = 'blue'> .</font></B>  -Absent
<B><font color = 'blue'> .</font></B>  -Absent
<B><font color = 'blue'> .</font></B>  -Absent
<B><font color = 'blue'> .</font></B>  -Absent
<B><font color = 'blue'> .</font></B>  -Absent
<B><font color = 'blue'> .</font></B>  -Absent
<B><font color = 'blue'> .</font></B>  -Absent
<B><font color = 'blue'> .</font></B>  -Absent
<B><font color = 'blue'> .</font></B>  -Absent
<B><font color = 'blue'> .</font></B>  -Absent
<B><font color = 'blue'> .</font></B>  -surya kk 
<B><font color = 'blue'> .</font></B>  -123@gmail.com
<B><font color = 'blue'> .</font></B>  -mmmmm
<B><font color = 'blue'> .</font></B>  -2022-10-29
<B><font color = 'blue'> .</font></B>  -Absent
<B><font color = 'blue'> .</font></B>  -Absent
<B><font color = 'blue'> .</font></B>  -undefined
<B><font color = 'blue'> .</font></B>  -Tamilnadu
<B><font color = 'blue'> .</font></B>  -Test and Dev
<B><font color = 'blue'> .</font></B>  -Absent
<B><font color = 'blue'> .</font></B>  -Absent
<B><font color = 'blue'> .</font></B>  -Absent
<B><font color = 'blue'> .</font></B>  -Absent
<B><font color = 'blue'> .</font></B>  -Absent
<B><font color = 'blue'> .</font></B>  -Absent
<B><font color = 'blue'> .</font></B>  -Absent
<B><font color = 'blue'> .</font></B>  -Absent
<B><font color = 'blue'> .</font></B>  -Absent
<B><font color = 'blue'> .</font></B>  -Absent
<B><font color = 'blue'> .</font></B>  -Absent
<B><font color = 'blue'> .</font></B>  -sai kk 
<B><font color = 'blue'> .</font></B>  -saikk19876@gmail.com
<B><font color = 'blue'> .</font></B>  -20221019
<B><font color = 'blue'> .</font></B>  -2022-10-29
<B><font color = 'blue'> .</font></B>  -Absent
<B><font color = 'blue'> .</font></B>  -Absent
<B><font color = 'blue'> .</font></B>  -undefined
<B><font color = 'blue'> .</font></B>  -Tamilnadu
<B><font color = 'blue'> .</font></B>  -Test and Dev
<B><font color = 'blue'> .</font></B>  -Absent
<B><font color = 'blue'> .</font></B>  -Absent
<B><font color = 'blue'> .</font></B>  -Absent
<B><font color = 'blue'> .</font></B>  -Absent
<B><font color = 'blue'> .</font></B>  -Absent
<B><font color = 'blue'> .</font></B>  -Absent
<B><font color = 'blue'> .</font></B>  -Absent
<B><font color = 'blue'> .</font></B>  -Absent
<B><font color = 'blue'> .</font></B>  -Absent
<B><font color = 'blue'> .</font></B>  -Absent
<B><font color = 'blue'> .</font></B>  -Absent
<B><font color = 'blue'> .</font></B>  -ajeethemp test 
<B><font color = 'blue'> .</font></B>  -ajeethemp@gmail.com
<B><font color = 'blue'> .</font></B>  -A01
<B><font color = 'blue'> .</font></B>  -2022-10-29
<B><font color = 'blue'> .</font></B>  -Absent
<B><font color = 'blue'> .</font></B>  -Absent
<B><font color = 'blue'> .</font></B>  -undefined
<B><font color = 'blue'> .</font></B>  -Tamilnadu
<B><font color = 'blue'> .</font></B>  -Test and Dev
<B><font color = 'blue'> .</font></B>  -Absent
<B><font color = 'blue'> .</font></B>  -Absent
<B><font color = 'blue'> .</font></B>  -Absent
<B><font color = 'blue'> .</font></B>  -Absent
<B><font color = 'blue'> .</font></B>  -Absent
<B><font color = 'blue'> .</font></B>  -Absent
<B><font color = 'blue'> .</font></B>  -Absent
<B><font color = 'blue'> .</font></B>  -Absent
<B><font color = 'blue'> .</font></B>  -Absent
<B><font color = 'blue'> .</font></B>  -Absent
<B><font color = 'blue'> .</font></B>  -Absent
<B><font color = 'blue'> .</font></B>  -test user two 
<B><font color = 'blue'> .</font></B>  -testuser@two.io
<B><font color = 'blue'> .</font></B>  -GSLL-327
<B><font color = 'blue'> .</font></B>  -2022-10-29
<B><font color = 'blue'> .</font></B>  -Absent
<B><font color = 'blue'> .</font></B>  -Absent
<B><font color = 'blue'> .</font></B>  -undefined
<B><font color = 'blue'> .</font></B>  -Tamilnadu
<B><font color = 'blue'> .</font></B>  -Test and Dev
<B><font color = 'blue'> .</font></B>  -Absent
<B><font color = 'blue'> .</font></B>  -Absent
<B><font color = 'blue'> .</font></B>  -Absent
<B><font color = 'blue'> .</font></B>  -Absent
<B><font color = 'blue'> .</font></B>  -Absent
<B><font color = 'blue'> .</font></B>  -Absent
<B><font color = 'blue'> .</font></B>  -Absent
<B><font color = 'blue'> .</font></B>  -Absent
<B><font color = 'blue'> .</font></B>  -Absent
<B><font color = 'blue'> .</font></B>  -Absent
<B><font color = 'blue'> .</font></B>  -Absent
<B><font color = 'blue'> .</font></B>  -Himanshu Kumar 
<B><font color = 'blue'> .</font></B>  -himanshu1@gmail.com
<B><font color = 'blue'> .</font></B>  -EM011
<B><font color = 'blue'> .</font></B>  -2022-10-29
<B><font color = 'blue'> .</font></B>  -Absent
<B><font color = 'blue'> .</font></B>  -Absent
<B><font color = 'blue'> .</font></B>  -undefined
<B><font color = 'blue'> .</font></B>  -bagalkot
<B><font color = 'blue'> .</font></B>  -manual testing
<B><font color = 'blue'> .</font></B>  -Absent
<B><font color = 'blue'> .</font></B>  -Absent
<B><font color = 'blue'> .</font></B>  -Absent
<B><font color = 'blue'> .</font></B>  -Absent
<B><font color = 'blue'> .</font></B>  -Absent
<B><font color = 'blue'> .</font></B>  -Absent
<B><font color = 'blue'> .</font></B>  -Absent
<B><font color = 'blue'> .</font></B>  -Absent
<B><font color = 'blue'> .</font></B>  -Absent
<B><font color = 'blue'> .</font></B>  -Absent
<B><font color = 'blue'> .</font></B>  -Absent
<B><font color = 'blue'> .</font></B>  -dxgfdxg gssdg 
<B><font color = 'blue'> .</font></B>  -sdgsg@dgksodkg.in
<B><font color = 'blue'> .</font></B>  -asfda343443
<B><font color = 'blue'> .</font></B>  -2022-10-29
<B><font color = 'blue'> .</font></B>  -Absent
<B><font color = 'blue'> .</font></B>  -Absent
<B><font color = 'blue'> .</font></B>  -undefined
<B><font color = 'blue'> .</font></B>  -Bhilai
<B><font color = 'blue'> .</font></B>  -Php
<B><font color = 'blue'> .</font></B>  -Absent
<B><font color = 'blue'> .</font></B>  -Absent
<B><font color = 'blue'> .</font></B>  -Absent
<B><font color = 'blue'> .</font></B>  -Absent
<B><font color = 'blue'> .</font></B>  -Absent
<B><font color = 'blue'> .</font></B>  -Absent
<B><font color = 'blue'> .</font></B>  -Absent
<B><font color = 'blue'> .</font></B>  -Absent
<B><font color = 'blue'> .</font></B>  -Absent
<B><font color = 'blue'> .</font></B>  -Absent
<B><font color = 'blue'> .</font></B>  -Absent
<B><font color = 'blue'> .</font></B>  -Guest User 
<B><font color = 'blue'> .</font></B>  -guestuser@gmail.com
<B><font color = 'blue'> .</font></B>  -GLB-777
<B><font color = 'blue'> .</font></B>  -2022-10-29
<B><font color = 'blue'> .</font></B>  -Absent
<B><font color = 'blue'> .</font></B>  -Absent
<B><font color = 'blue'> .</font></B>  -undefined
<B><font color = 'blue'> .</font></B>  -Bhilai
<B><font color = 'blue'> .</font></B>  -Php
<B><font color = 'blue'> .</font></B>  -Absent
<B><font color = 'blue'> .</font></B>  -Absent
<B><font color = 'blue'> .</font></B>  -Absent
<B><font color = 'blue'> .</font></B>  -Absent
<B><font color = 'blue'> .</font></B>  -Absent
<B><font color = 'blue'> .</font></B>  -Absent
<B><font color = 'blue'> .</font></B>  -Absent
<B><font color = 'blue'> .</font></B>  -Absent
<B><font color = 'blue'> .</font></B>  -Absent
<B><font color = 'blue'> .</font></B>  -Absent
<B><font color = 'blue'> .</font></B>  -Absent
<B><font color = 'blue'> .</font></B>  -Abhishek Test 
<B><font color = 'blue'> .</font></B>  -abhishektrest@glb.in
<B><font color = 'blue'> .</font></B>  -rN7tvEiDPGNi4fD
<B><font color = 'blue'> .</font></B>  -2022-10-28
<B><font color = 'blue'> .</font></B>  -28-10-2022 16:33:54
<B><font color = 'blue'> .</font></B>  -29-10-2022 00:00:00
<B><font color = 'blue'> .</font></B>  -GLB-124-PC
<B><font color = 'blue'> .</font></B>  -Bangalore
<B><font color = 'blue'> .</font></B>  -Php
<B><font color = 'blue'> .</font></B>  -07:26:06
<B><font color = 'blue'> .</font></B>  -00:00:00
<B><font color = 'blue'> .</font></B>  -00:00:00
<B><font color = 'blue'> .</font></B>  -00:00:00
<B><font color = 'blue'> .</font></B>  -00:00:00
<B><font color = 'blue'> .</font></B>  -00:00:00
<B><font color = 'blue'> .</font></B>  -00:00:00
<B><font color = 'blue'> .</font></B>  -07:26:06
<B><font color = 'blue'> .</font></B>  -0.00%
<B><font color = 'blue'> .</font></B>  --480:00
<B><font color = 'blue'> .</font></B>  -0.00
<B><font color = 'blue'> .</font></B>  -Test test 
<B><font color = 'blue'> .</font></B>  -sarikajain@gmail.com
<B><font color = 'blue'> .</font></B>  -E-101
<B><font color = 'blue'> .</font></B>  -2022-10-28
<B><font color = 'blue'> .</font></B>  -28-10-2022 11:30:01
<B><font color = 'blue'> .</font></B>  -28-10-2022 16:37:28
<B><font color = 'blue'> .</font></B>  -GLB-110-PC
<B><font color = 'blue'> .</font></B>  -Bangalore
<B><font color = 'blue'> .</font></B>  -Testing
<B><font color = 'blue'> .</font></B>  -05:07:27
<B><font color = 'blue'> .</font></B>  -00:00:00
<B><font color = 'blue'> .</font></B>  -00:00:00
<B><font color = 'blue'> .</font></B>  -00:00:00
<B><font color = 'blue'> .</font></B>  -00:00:00
<B><font color = 'blue'> .</font></B>  -00:00:00
<B><font color = 'blue'> .</font></B>  -00:00:00
<B><font color = 'blue'> .</font></B>  -05:07:27
<B><font color = 'blue'> .</font></B>  -0.00%
<B><font color = 'blue'> .</font></B>  --480:00
<B><font color = 'blue'> .</font></B>  -0.00
<B><font color = 'blue'> .</font></B>  -dominic toretto 
<B><font color = 'blue'> .</font></B>  -dom.toretto737@gmail.com
<B><font color = 'blue'> .</font></B>  -EMP011
<B><font color = 'blue'> .</font></B>  -2022-10-28
<B><font color = 'blue'> .</font></B>  -28-10-2022 00:00:00
<B><font color = 'blue'> .</font></B>  -28-10-2022 00:02:09
<B><font color = 'blue'> .</font></B>  -GLB-110-PC
<B><font color = 'blue'> .</font></B>  -Bangalore
<B><font color = 'blue'> .</font></B>  -Testing
<B><font color = 'blue'> .</font></B>  -00:02:09
<B><font color = 'blue'> .</font></B>  -00:00:00
<B><font color = 'blue'> .</font></B>  -00:00:00
<B><font color = 'blue'> .</font></B>  -00:00:00
<B><font color = 'blue'> .</font></B>  -00:00:00
<B><font color = 'blue'> .</font></B>  -00:00:00
<B><font color = 'blue'> .</font></B>  -00:00:00
<B><font color = 'blue'> .</font></B>  -00:02:09
<B><font color = 'blue'> .</font></B>  -0.00%
<B><font color = 'blue'> .</font></B>  --480:00
<B><font color = 'blue'> .</font></B>  -0.00
<B><font color = 'blue'> .</font></B>  -New Test 
<B><font color = 'blue'> .</font></B>  -newtest@gmail.com
<B><font color = 'blue'> .</font></B>  -ewer334443
<B><font color = 'blue'> .</font></B>  -2022-10-28
<B><font color = 'blue'> .</font></B>  -28-10-2022 19:20:26
<B><font color = 'blue'> .</font></B>  -28-10-2022 21:29:02
<B><font color = 'blue'> .</font></B>  -GLB-BLR-010-PC
<B><font color = 'blue'> .</font></B>  -Default
<B><font color = 'blue'> .</font></B>  -Default
<B><font color = 'blue'> .</font></B>  -02:08:36
<B><font color = 'blue'> .</font></B>  -00:00:00
<B><font color = 'blue'> .</font></B>  -00:00:00
<B><font color = 'blue'> .</font></B>  -00:00:00
<B><font color = 'blue'> .</font></B>  -00:00:00
<B><font color = 'blue'> .</font></B>  -00:00:00
<B><font color = 'blue'> .</font></B>  -00:00:00
<B><font color = 'blue'> .</font></B>  -02:08:36
<B><font color = 'blue'> .</font></B>  -0.00%
<B><font color = 'blue'> .</font></B>  --480:00
<B><font color = 'blue'> .</font></B>  -0.00
<B><font color = 'blue'> .</font></B>  -Virat kohli 
<B><font color = 'blue'> .</font></B>  -rahukbgdxgsf@gmail.com
<B><font color = 'blue'> .</font></B>  -65332
<B><font color = 'blue'> .</font></B>  -2022-10-28
<B><font color = 'blue'> .</font></B>  -Absent
<B><font color = 'blue'> .</font></B>  -Absent
<B><font color = 'blue'> .</font></B>  -undefined
<B><font color = 'blue'> .</font></B>  -Default
<B><font color = 'blue'> .</font></B>  -Default
<B><font color = 'blue'> .</font></B>  -Absent
<B><font color = 'blue'> .</font></B>  -Absent
<B><font color = 'blue'> .</font></B>  -Absent
<B><font color = 'blue'> .</font></B>  -Absent
<B><font color = 'blue'> .</font></B>  -Absent
<B><font color = 'blue'> .</font></B>  -Absent
<B><font color = 'blue'> .</font></B>  -Absent
<B><font color = 'blue'> .</font></B>  -Absent
<B><font color = 'blue'> .</font></B>  -Absent
<B><font color = 'blue'> .</font></B>  -Absent
<B><font color = 'blue'> .</font></B>  -Absent
<B><font color = 'blue'> .</font></B>  -sadas kadkasdj 
<B><font color = 'blue'> .</font></B>  -dsa@eqe
<B><font color = 'blue'> .</font></B>  -emp129666
<B><font color = 'blue'> .</font></B>  -2022-10-28
<B><font color = 'blue'> .</font></B>  -Absent
<B><font color = 'blue'> .</font></B>  -Absent
<B><font color = 'blue'> .</font></B>  -undefined
<B><font color = 'blue'> .</font></B>  -Default
<B><font color = 'blue'> .</font></B>  -Default
<B><font color = 'blue'> .</font></B>  -Absent
<B><font color = 'blue'> .</font></B>  -Absent
<B><font color = 'blue'> .</font></B>  -Absent
<B><font color = 'blue'> .</font></B>  -Absent
<B><font color = 'blue'> .</font></B>  -Absent
<B><font color = 'blue'> .</font></B>  -Absent
<B><font color = 'blue'> .</font></B>  -Absent
<B><font color = 'blue'> .</font></B>  -Absent
<B><font color = 'blue'> .</font></B>  -Absent
<B><font color = 'blue'> .</font></B>  -Absent
<B><font color = 'blue'> .</font></B>  -Absent
<B><font color = 'blue'> .</font></B>  -dshcdb uidsbf 
<B><font color = 'blue'> .</font></B>  -dvbvdb@yahoo.com
<B><font color = 'blue'> .</font></B>  -435454
<B><font color = 'blue'> .</font></B>  -2022-10-28
<B><font color = 'blue'> .</font></B>  -Absent
<B><font color = 'blue'> .</font></B>  -Absent
<B><font color = 'blue'> .</font></B>  -undefined
<B><font color = 'blue'> .</font></B>  -Default
<B><font color = 'blue'> .</font></B>  -Default
<B><font color = 'blue'> .</font></B>  -Absent
<B><font color = 'blue'> .</font></B>  -Absent
<B><font color = 'blue'> .</font></B>  -Absent
<B><font color = 'blue'> .</font></B>  -Absent
<B><font color = 'blue'> .</font></B>  -Absent
<B><font color = 'blue'> .</font></B>  -Absent
<B><font color = 'blue'> .</font></B>  -Absent
<B><font color = 'blue'> .</font></B>  -Absent
<B><font color = 'blue'> .</font></B>  -Absent
<B><font color = 'blue'> .</font></B>  -Absent
<B><font color = 'blue'> .</font></B>  -Absent
<B><font color = 'blue'> .</font></B>  -try last 
<B><font color = 'blue'> .</font></B>  -try@gmail.com
<B><font color = 'blue'> .</font></B>  -1225455
<B><font color = 'blue'> .</font></B>  -2022-10-28
<B><font color = 'blue'> .</font></B>  -Absent
<B><font color = 'blue'> .</font></B>  -Absent
<B><font color = 'blue'> .</font></B>  -undefined
<B><font color = 'blue'> .</font></B>  -Default
<B><font color = 'blue'> .</font></B>  -Default
<B><font color = 'blue'> .</font></B>  -Absent
<B><font color = 'blue'> .</font></B>  -Absent
<B><font color = 'blue'> .</font></B>  -Absent
<B><font color = 'blue'> .</font></B>  -Absent
<B><font color = 'blue'> .</font></B>  -Absent
<B><font color = 'blue'> .</font></B>  -Absent
<B><font color = 'blue'> .</font></B>  -Absent
<B><font color = 'blue'> .</font></B>  -Absent
<B><font color = 'blue'> .</font></B>  -Absent
<B><font color = 'blue'> .</font></B>  -Absent
<B><font color = 'blue'> .</font></B>  -Absent
<B><font color = 'blue'> .</font></B>  -vdjvdb yusvdvbbh 
<B><font color = 'blue'> .</font></B>  -dvhbfdh@gmail.com
<B><font color = 'blue'> .</font></B>  -wq534342
<B><font color = 'blue'> .</font></B>  -2022-10-28
<B><font color = 'blue'> .</font></B>  -Absent
<B><font color = 'blue'> .</font></B>  -Absent
<B><font color = 'blue'> .</font></B>  -undefined
<B><font color = 'blue'> .</font></B>  -Default
<B><font color = 'blue'> .</font></B>  -Default
<B><font color = 'blue'> .</font></B>  -Absent
<B><font color = 'blue'> .</font></B>  -Absent
<B><font color = 'blue'> .</font></B>  -Absent
<B><font color = 'blue'> .</font></B>  -Absent
<B><font color = 'blue'> .</font></B>  -Absent
<B><font color = 'blue'> .</font></B>  -Absent
<B><font color = 'blue'> .</font></B>  -Absent
<B><font color = 'blue'> .</font></B>  -Absent
<B><font color = 'blue'> .</font></B>  -Absent
<B><font color = 'blue'> .</font></B>  -Absent
<B><font color = 'blue'> .</font></B>  -Absent
<B><font color = 'blue'> .</font></B>  -Mail Test user 
<B><font color = 'blue'> .</font></B>  -maintest@user.io
<B><font color = 'blue'> .</font></B>  -GLB-1223888
<B><font color = 'blue'> .</font></B>  -2022-10-28
<B><font color = 'blue'> .</font></B>  -Absent
<B><font color = 'blue'> .</font></B>  -Absent
<B><font color = 'blue'> .</font></B>  -undefined
<B><font color = 'blue'> .</font></B>  -Default
<B><font color = 'blue'> .</font></B>  -Default
<B><font color = 'blue'> .</font></B>  -Absent
<B><font color = 'blue'> .</font></B>  -Absent
<B><font color = 'blue'> .</font></B>  -Absent
<B><font color = 'blue'> .</font></B>  -Absent
<B><font color = 'blue'> .</font></B>  -Absent
<B><font color = 'blue'> .</font></B>  -Absent
<B><font color = 'blue'> .</font></B>  -Absent
<B><font color = 'blue'> .</font></B>  -Absent
<B><font color = 'blue'> .</font></B>  -Absent
<B><font color = 'blue'> .</font></B>  -Absent
<B><font color = 'blue'> .</font></B>  -Absent
<B><font color = 'blue'> .</font></B>  -Update Check 
<B><font color = 'blue'> .</font></B>  -updates@gmail.com
<B><font color = 'blue'> .</font></B>  -emp543
<B><font color = 'blue'> .</font></B>  -2022-10-28
<B><font color = 'blue'> .</font></B>  -Absent
<B><font color = 'blue'> .</font></B>  -Absent
<B><font color = 'blue'> .</font></B>  -undefined
<B><font color = 'blue'> .</font></B>  -Default
<B><font color = 'blue'> .</font></B>  -Default
<B><font color = 'blue'> .</font></B>  -Absent
<B><font color = 'blue'> .</font></B>  -Absent
<B><font color = 'blue'> .</font></B>  -Absent
<B><font color = 'blue'> .</font></B>  -Absent
<B><font color = 'blue'> .</font></B>  -Absent
<B><font color = 'blue'> .</font></B>  -Absent
<B><font color = 'blue'> .</font></B>  -Absent
<B><font color = 'blue'> .</font></B>  -Absent
<B><font color = 'blue'> .</font></B>  -Absent
<B><font color = 'blue'> .</font></B>  -Absent
<B><font color = 'blue'> .</font></B>  -Absent
<B><font color = 'blue'> .</font></B>  -test manager 
<B><font color = 'blue'> .</font></B>  -manageremp@gmail.com
<B><font color = 'blue'> .</font></B>  -glb020
<B><font color = 'blue'> .</font></B>  -2022-10-28
<B><font color = 'blue'> .</font></B>  -Absent
<B><font color = 'blue'> .</font></B>  -Absent
<B><font color = 'blue'> .</font></B>  -undefined
<B><font color = 'blue'> .</font></B>  -Default
<B><font color = 'blue'> .</font></B>  -Default
<B><font color = 'blue'> .</font></B>  -Absent
<B><font color = 'blue'> .</font></B>  -Absent
<B><font color = 'blue'> .</font></B>  -Absent
<B><font color = 'blue'> .</font></B>  -Absent
<B><font color = 'blue'> .</font></B>  -Absent
<B><font color = 'blue'> .</font></B>  -Absent
<B><font color = 'blue'> .</font></B>  -Absent
<B><font color = 'blue'> .</font></B>  -Absent
<B><font color = 'blue'> .</font></B>  -Absent
<B><font color = 'blue'> .</font></B>  -Absent
<B><font color = 'blue'> .</font></B>  -Absent
<B><font color = 'blue'> .</font></B>  -DESKTOP-PJJHB19 - GLB-BLR-002OjUpRD2 
<B><font color = 'blue'> .</font></B>  --
<B><font color = 'blue'> .</font></B>  -GLB-BLR-002OjUpRD2
<B><font color = 'blue'> .</font></B>  -2022-10-28
<B><font color = 'blue'> .</font></B>  -Absent
<B><font color = 'blue'> .</font></B>  -Absent
<B><font color = 'blue'> .</font></B>  -undefined
<B><font color = 'blue'> .</font></B>  -Default
<B><font color = 'blue'> .</font></B>  -Default
<B><font color = 'blue'> .</font></B>  -Absent
<B><font color = 'blue'> .</font></B>  -Absent
<B><font color = 'blue'> .</font></B>  -Absent
<B><font color = 'blue'> .</font></B>  -Absent
<B><font color = 'blue'> .</font></B>  -Absent
<B><font color = 'blue'> .</font></B>  -Absent
<B><font color = 'blue'> .</font></B>  -Absent
<B><font color = 'blue'> .</font></B>  -Absent
<B><font color = 'blue'> .</font></B>  -Absent
<B><font color = 'blue'> .</font></B>  -Absent
<B><font color = 'blue'> .</font></B>  -Absent
<B><font color = 'blue'> .</font></B>  -Usb Test 
<B><font color = 'blue'> .</font></B>  -usbtest123@gmail.com
<B><font color = 'blue'> .</font></B>  -emp0097
<B><font color = 'blue'> .</font></B>  -2022-10-28
<B><font color = 'blue'> .</font></B>  -Absent
<B><font color = 'blue'> .</font></B>  -Absent
<B><font color = 'blue'> .</font></B>  -undefined
<B><font color = 'blue'> .</font></B>  -Default
<B><font color = 'blue'> .</font></B>  -Default
<B><font color = 'blue'> .</font></B>  -Absent
<B><font color = 'blue'> .</font></B>  -Absent
<B><font color = 'blue'> .</font></B>  -Absent
<B><font color = 'blue'> .</font></B>  -Absent
<B><font color = 'blue'> .</font></B>  -Absent
<B><font color = 'blue'> .</font></B>  -Absent
<B><font color = 'blue'> .</font></B>  -Absent
<B><font color = 'blue'> .</font></B>  -Absent
<B><font color = 'blue'> .</font></B>  -Absent
<B><font color = 'blue'> .</font></B>  -Absent
<B><font color = 'blue'> .</font></B>  -Absent
<B><font color = 'blue'> .</font></B>  -SS Keystrokes 
<B><font color = 'blue'> .</font></B>  -sskey@gmail.com
<B><font color = 'blue'> .</font></B>  -emp98y
<B><font color = 'blue'> .</font></B>  -2022-10-28
<B><font color = 'blue'> .</font></B>  -Absent
<B><font color = 'blue'> .</font></B>  -Absent
<B><font color = 'blue'> .</font></B>  -undefined
<B><font color = 'blue'> .</font></B>  -Default
<B><font color = 'blue'> .</font></B>  -Default
<B><font color = 'blue'> .</font></B>  -Absent
<B><font color = 'blue'> .</font></B>  -Absent
<B><font color = 'blue'> .</font></B>  -Absent
<B><font color = 'blue'> .</font></B>  -Absent
<B><font color = 'blue'> .</font></B>  -Absent
<B><font color = 'blue'> .</font></B>  -Absent
<B><font color = 'blue'> .</font></B>  -Absent
<B><font color = 'blue'> .</font></B>  -Absent
<B><font color = 'blue'> .</font></B>  -Absent
<B><font color = 'blue'> .</font></B>  -Absent
<B><font color = 'blue'> .</font></B>  -Absent
<B><font color = 'blue'> .</font></B>  -shivammmmmmmmmmmmmmmmmmmm Kumar 
<B><font color = 'blue'> .</font></B>  -kgfyash545@gmail.com
<B><font color = 'blue'> .</font></B>  -hsakhdjk414
<B><font color = 'blue'> .</font></B>  -2022-10-28
<B><font color = 'blue'> .</font></B>  -Absent
<B><font color = 'blue'> .</font></B>  -Absent
<B><font color = 'blue'> .</font></B>  -undefined
<B><font color = 'blue'> .</font></B>  -Default
<B><font color = 'blue'> .</font></B>  -Default
<B><font color = 'blue'> .</font></B>  -Absent
<B><font color = 'blue'> .</font></B>  -Absent
<B><font color = 'blue'> .</font></B>  -Absent
<B><font color = 'blue'> .</font></B>  -Absent
<B><font color = 'blue'> .</font></B>  -Absent
<B><font color = 'blue'> .</font></B>  -Absent
<B><font color = 'blue'> .</font></B>  -Absent
<B><font color = 'blue'> .</font></B>  -Absent
<B><font color = 'blue'> .</font></B>  -Absent
<B><font color = 'blue'> .</font></B>  -Absent
<B><font color = 'blue'> .</font></B>  -Absent
<B><font color = 'blue'> .</font></B>  -Abhishek Four tf test 
<B><font color = 'blue'> .</font></B>  -abhishekfourtf@mail.com
<B><font color = 'blue'> .</font></B>  -HLIKSJ98
<B><font color = 'blue'> .</font></B>  -2022-10-28
<B><font color = 'blue'> .</font></B>  -Absent
<B><font color = 'blue'> .</font></B>  -Absent
<B><font color = 'blue'> .</font></B>  -undefined
<B><font color = 'blue'> .</font></B>  -Default
<B><font color = 'blue'> .</font></B>  -Default
<B><font color = 'blue'> .</font></B>  -Absent
<B><font color = 'blue'> .</font></B>  -Absent
<B><font color = 'blue'> .</font></B>  -Absent
<B><font color = 'blue'> .</font></B>  -Absent
<B><font color = 'blue'> .</font></B>  -Absent
<B><font color = 'blue'> .</font></B>  -Absent
<B><font color = 'blue'> .</font></B>  -Absent
<B><font color = 'blue'> .</font></B>  -Absent
<B><font color = 'blue'> .</font></B>  -Absent
<B><font color = 'blue'> .</font></B>  -Absent
<B><font color = 'blue'> .</font></B>  -Absent
<B><font color = 'blue'> .</font></B>  -new dev user 
<B><font color = 'blue'> .</font></B>  -new@dev.user
<B><font color = 'blue'> .</font></B>  -fdfsfsd
<B><font color = 'blue'> .</font></B>  -2022-10-28
<B><font color = 'blue'> .</font></B>  -Absent
<B><font color = 'blue'> .</font></B>  -Absent
<B><font color = 'blue'> .</font></B>  -undefined
<B><font color = 'blue'> .</font></B>  -Default
<B><font color = 'blue'> .</font></B>  -Default
<B><font color = 'blue'> .</font></B>  -Absent
<B><font color = 'blue'> .</font></B>  -Absent
<B><font color = 'blue'> .</font></B>  -Absent
<B><font color = 'blue'> .</font></B>  -Absent
<B><font color = 'blue'> .</font></B>  -Absent
<B><font color = 'blue'> .</font></B>  -Absent
<B><font color = 'blue'> .</font></B>  -Absent
<B><font color = 'blue'> .</font></B>  -Absent
<B><font color = 'blue'> .</font></B>  -Absent
<B><font color = 'blue'> .</font></B>  -Absent
<B><font color = 'blue'> .</font></B>  -Absent
<B><font color = 'blue'> .</font></B>  -aaaaaaaaaa aaaaaaaaa 
<B><font color = 'blue'> .</font></B>  -mmmm@gmail.com
<B><font color = 'blue'> .</font></B>  -80765s
<B><font color = 'blue'> .</font></B>  -2022-10-28
<B><font color = 'blue'> .</font></B>  -Absent
<B><font color = 'blue'> .</font></B>  -Absent
<B><font color = 'blue'> .</font></B>  -undefined
<B><font color = 'blue'> .</font></B>  -Bangalore
<B><font color = 'blue'> .</font></B>  -Testing
<B><font color = 'blue'> .</font></B>  -Absent
<B><font color = 'blue'> .</font></B>  -Absent
<B><font color = 'blue'> .</font></B>  -Absent
<B><font color = 'blue'> .</font></B>  -Absent
<B><font color = 'blue'> .</font></B>  -Absent
<B><font color = 'blue'> .</font></B>  -Absent
<B><font color = 'blue'> .</font></B>  -Absent
<B><font color = 'blue'> .</font></B>  -Absent
<B><font color = 'blue'> .</font></B>  -Absent
<B><font color = 'blue'> .</font></B>  -Absent
<B><font color = 'blue'> .</font></B>  -Absent
<B><font color = 'blue'> .</font></B>  -sumesh test 
<B><font color = 'blue'> .</font></B>  -sumesh@mail.com
<B><font color = 'blue'> .</font></B>  -fdgfdgf
<B><font color = 'blue'> .</font></B>  -2022-10-28
<B><font color = 'blue'> .</font></B>  -Absent
<B><font color = 'blue'> .</font></B>  -Absent
<B><font color = 'blue'> .</font></B>  -undefined
<B><font color = 'blue'> .</font></B>  -Bangalore
<B><font color = 'blue'> .</font></B>  -Testing
<B><font color = 'blue'> .</font></B>  -Absent
<B><font color = 'blue'> .</font></B>  -Absent
<B><font color = 'blue'> .</font></B>  -Absent
<B><font color = 'blue'> .</font></B>  -Absent
<B><font color = 'blue'> .</font></B>  -Absent
<B><font color = 'blue'> .</font></B>  -Absent
<B><font color = 'blue'> .</font></B>  -Absent
<B><font color = 'blue'> .</font></B>  -Absent
<B><font color = 'blue'> .</font></B>  -Absent
<B><font color = 'blue'> .</font></B>  -Absent
<B><font color = 'blue'> .</font></B>  -Absent
<B><font color = 'blue'> .</font></B>  -Test msc 
<B><font color = 'blue'> .</font></B>  -test123@gmail.com
<B><font color = 'blue'> .</font></B>  -12254
<B><font color = 'blue'> .</font></B>  -2022-10-28
<B><font color = 'blue'> .</font></B>  -Absent
<B><font color = 'blue'> .</font></B>  -Absent
<B><font color = 'blue'> .</font></B>  -undefined
<B><font color = 'blue'> .</font></B>  -Bangalore
<B><font color = 'blue'> .</font></B>  -Testing
<B><font color = 'blue'> .</font></B>  -Absent
<B><font color = 'blue'> .</font></B>  -Absent
<B><font color = 'blue'> .</font></B>  -Absent
<B><font color = 'blue'> .</font></B>  -Absent
<B><font color = 'blue'> .</font></B>  -Absent
<B><font color = 'blue'> .</font></B>  -Absent
<B><font color = 'blue'> .</font></B>  -Absent
<B><font color = 'blue'> .</font></B>  -Absent
<B><font color = 'blue'> .</font></B>  -Absent
<B><font color = 'blue'> .</font></B>  -Absent
<B><font color = 'blue'> .</font></B>  -Absent
<B><font color = 'blue'> .</font></B>  -deffdfds vscsc 
<B><font color = 'blue'> .</font></B>  -cscsdw123@gmail.com
<B><font color = 'blue'> .</font></B>  -1234512
<B><font color = 'blue'> .</font></B>  -2022-10-28
<B><font color = 'blue'> .</font></B>  -Absent
<B><font color = 'blue'> .</font></B>  -Absent
<B><font color = 'blue'> .</font></B>  -undefined
<B><font color = 'blue'> .</font></B>  -Bangalore
<B><font color = 'blue'> .</font></B>  -Testing
<B><font color = 'blue'> .</font></B>  -Absent
<B><font color = 'blue'> .</font></B>  -Absent
<B><font color = 'blue'> .</font></B>  -Absent
<B><font color = 'blue'> .</font></B>  -Absent
<B><font color = 'blue'> .</font></B>  -Absent
<B><font color = 'blue'> .</font></B>  -Absent
<B><font color = 'blue'> .</font></B>  -Absent
<B><font color = 'blue'> .</font></B>  -Absent
<B><font color = 'blue'> .</font></B>  -Absent
<B><font color = 'blue'> .</font></B>  -Absent
<B><font color = 'blue'> .</font></B>  -Absent
<B><font color = 'blue'> .</font></B>  -test testtt 
<B><font color = 'blue'> .</font></B>  -abcd@gmail.com
<B><font color = 'blue'> .</font></B>  -GLB55
<B><font color = 'blue'> .</font></B>  -2022-10-28
<B><font color = 'blue'> .</font></B>  -Absent
<B><font color = 'blue'> .</font></B>  -Absent
<B><font color = 'blue'> .</font></B>  -undefined
<B><font color = 'blue'> .</font></B>  -Bangalore
<B><font color = 'blue'> .</font></B>  -Testing
<B><font color = 'blue'> .</font></B>  -Absent
<B><font color = 'blue'> .</font></B>  -Absent
<B><font color = 'blue'> .</font></B>  -Absent
<B><font color = 'blue'> .</font></B>  -Absent
<B><font color = 'blue'> .</font></B>  -Absent
<B><font color = 'blue'> .</font></B>  -Absent
<B><font color = 'blue'> .</font></B>  -Absent
<B><font color = 'blue'> .</font></B>  -Absent
<B><font color = 'blue'> .</font></B>  -Absent
<B><font color = 'blue'> .</font></B>  -Absent
<B><font color = 'blue'> .</font></B>  -Absent
<B><font color = 'blue'> .</font></B>  -Abhishe tt 
<B><font color = 'blue'> .</font></B>  -ab@ab.com
<B><font color = 'blue'> .</font></B>  -GKD567
<B><font color = 'blue'> .</font></B>  -2022-10-28
<B><font color = 'blue'> .</font></B>  -Absent
<B><font color = 'blue'> .</font></B>  -Absent
<B><font color = 'blue'> .</font></B>  -undefined
<B><font color = 'blue'> .</font></B>  -Bangalore
<B><font color = 'blue'> .</font></B>  -Testing
<B><font color = 'blue'> .</font></B>  -Absent
<B><font color = 'blue'> .</font></B>  -Absent
<B><font color = 'blue'> .</font></B>  -Absent
<B><font color = 'blue'> .</font></B>  -Absent
<B><font color = 'blue'> .</font></B>  -Absent
<B><font color = 'blue'> .</font></B>  -Absent
<B><font color = 'blue'> .</font></B>  -Absent
<B><font color = 'blue'> .</font></B>  -Absent
<B><font color = 'blue'> .</font></B>  -Absent
<B><font color = 'blue'> .</font></B>  -Absent
<B><font color = 'blue'> .</font></B>  -Absent
<B><font color = 'blue'> .</font></B>  -test nonadmin 
<B><font color = 'blue'> .</font></B>  -testnonadmin@gmail.com
<B><font color = 'blue'> .</font></B>  -GLB026
<B><font color = 'blue'> .</font></B>  -2022-10-28
<B><font color = 'blue'> .</font></B>  -Absent
<B><font color = 'blue'> .</font></B>  -Absent
<B><font color = 'blue'> .</font></B>  -undefined
<B><font color = 'blue'> .</font></B>  -Bangalore
<B><font color = 'blue'> .</font></B>  -Php
<B><font color = 'blue'> .</font></B>  -Absent
<B><font color = 'blue'> .</font></B>  -Absent
<B><font color = 'blue'> .</font></B>  -Absent
<B><font color = 'blue'> .</font></B>  -Absent
<B><font color = 'blue'> .</font></B>  -Absent
<B><font color = 'blue'> .</font></B>  -Absent
<B><font color = 'blue'> .</font></B>  -Absent
<B><font color = 'blue'> .</font></B>  -Absent
<B><font color = 'blue'> .</font></B>  -Absent
<B><font color = 'blue'> .</font></B>  -Absent
<B><font color = 'blue'> .</font></B>  -Absent
<B><font color = 'blue'> .</font></B>  -adg ckj 
<B><font color = 'blue'> .</font></B>  -adcs@1234
<B><font color = 'blue'> .</font></B>  -583
<B><font color = 'blue'> .</font></B>  -2022-10-28
<B><font color = 'blue'> .</font></B>  -Absent
<B><font color = 'blue'> .</font></B>  -Absent
<B><font color = 'blue'> .</font></B>  -undefined
<B><font color = 'blue'> .</font></B>  -Bangalore
<B><font color = 'blue'> .</font></B>  -Testing
<B><font color = 'blue'> .</font></B>  -Absent
<B><font color = 'blue'> .</font></B>  -Absent
<B><font color = 'blue'> .</font></B>  -Absent
<B><font color = 'blue'> .</font></B>  -Absent
<B><font color = 'blue'> .</font></B>  -Absent
<B><font color = 'blue'> .</font></B>  -Absent
<B><font color = 'blue'> .</font></B>  -Absent
<B><font color = 'blue'> .</font></B>  -Absent
<B><font color = 'blue'> .</font></B>  -Absent
<B><font color = 'blue'> .</font></B>  -Absent
<B><font color = 'blue'> .</font></B>  -Absent
<B><font color = 'blue'> .</font></B>  -Superior Test one 
<B><font color = 'blue'> .</font></B>  -superiorone@gmail.com
<B><font color = 'blue'> .</font></B>  -twoqw
<B><font color = 'blue'> .</font></B>  -2022-10-28
<B><font color = 'blue'> .</font></B>  -Absent
<B><font color = 'blue'> .</font></B>  -Absent
<B><font color = 'blue'> .</font></B>  -undefined
<B><font color = 'blue'> .</font></B>  -Bangalore
<B><font color = 'blue'> .</font></B>  -Testing
<B><font color = 'blue'> .</font></B>  -Absent
<B><font color = 'blue'> .</font></B>  -Absent
<B><font color = 'blue'> .</font></B>  -Absent
<B><font color = 'blue'> .</font></B>  -Absent
<B><font color = 'blue'> .</font></B>  -Absent
<B><font color = 'blue'> .</font></B>  -Absent
<B><font color = 'blue'> .</font></B>  -Absent
<B><font color = 'blue'> .</font></B>  -Absent
<B><font color = 'blue'> .</font></B>  -Absent
<B><font color = 'blue'> .</font></B>  -Absent
<B><font color = 'blue'> .</font></B>  -Absent
<B><font color = 'blue'> .</font></B>  -test testw 
<B><font color = 'blue'> .</font></B>  -test@mac.in
<B><font color = 'blue'> .</font></B>  -aaf123
<B><font color = 'blue'> .</font></B>  -2022-10-28
<B><font color = 'blue'> .</font></B>  -Absent
<B><font color = 'blue'> .</font></B>  -Absent
<B><font color = 'blue'> .</font></B>  -undefined
<B><font color = 'blue'> .</font></B>  -Bangalore
<B><font color = 'blue'> .</font></B>  -Php
<B><font color = 'blue'> .</font></B>  -Absent
<B><font color = 'blue'> .</font></B>  -Absent
<B><font color = 'blue'> .</font></B>  -Absent
<B><font color = 'blue'> .</font></B>  -Absent
<B><font color = 'blue'> .</font></B>  -Absent
<B><font color = 'blue'> .</font></B>  -Absent
<B><font color = 'blue'> .</font></B>  -Absent
<B><font color = 'blue'> .</font></B>  -Absent
<B><font color = 'blue'> .</font></B>  -Absent
<B><font color = 'blue'> .</font></B>  -Absent
<B><font color = 'blue'> .</font></B>  -Absent
<B><font color = 'blue'> .</font></B>  -sam eer 
<B><font color = 'blue'> .</font></B>  -sam@rf.in
<B><font color = 'blue'> .</font></B>  -WSAERT2Q34E
<B><font color = 'blue'> .</font></B>  -2022-10-28
<B><font color = 'blue'> .</font></B>  -Absent
<B><font color = 'blue'> .</font></B>  -Absent
<B><font color = 'blue'> .</font></B>  -undefined
<B><font color = 'blue'> .</font></B>  -Bangalore
<B><font color = 'blue'> .</font></B>  -Testing
<B><font color = 'blue'> .</font></B>  -Absent
<B><font color = 'blue'> .</font></B>  -Absent
<B><font color = 'blue'> .</font></B>  -Absent
<B><font color = 'blue'> .</font></B>  -Absent
<B><font color = 'blue'> .</font></B>  -Absent
<B><font color = 'blue'> .</font></B>  -Absent
<B><font color = 'blue'> .</font></B>  -Absent
<B><font color = 'blue'> .</font></B>  -Absent
<B><font color = 'blue'> .</font></B>  -Absent
<B><font color = 'blue'> .</font></B>  -Absent
<B><font color = 'blue'> .</font></B>  -Absent
<B><font color = 'blue'> .</font></B>  -sithu kalluru 
<B><font color = 'blue'> .</font></B>  -sitaramireddy@globussoft.in
<B><font color = 'blue'> .</font></B>  -code12
<B><font color = 'blue'> .</font></B>  -2022-10-28
<B><font color = 'blue'> .</font></B>  -Absent
<B><font color = 'blue'> .</font></B>  -Absent
<B><font color = 'blue'> .</font></B>  -undefined
<B><font color = 'blue'> .</font></B>  -Bangalore
<B><font color = 'blue'> .</font></B>  -Testing
<B><font color = 'blue'> .</font></B>  -Absent
<B><font color = 'blue'> .</font></B>  -Absent
<B><font color = 'blue'> .</font></B>  -Absent
<B><font color = 'blue'> .</font></B>  -Absent
<B><font color = 'blue'> .</font></B>  -Absent
<B><font color = 'blue'> .</font></B>  -Absent
<B><font color = 'blue'> .</font></B>  -Absent
<B><font color = 'blue'> .</font></B>  -Absent
<B><font color = 'blue'> .</font></B>  -Absent
<B><font color = 'blue'> .</font></B>  -Absent
<B><font color = 'blue'> .</font></B>  -Absent
<B><font color = 'blue'> .</font></B>  -test123 abcd 
<B><font color = 'blue'> .</font></B>  -s@gmail.com
<B><font color = 'blue'> .</font></B>  -code123z
<B><font color = 'blue'> .</font></B>  -2022-10-28
<B><font color = 'blue'> .</font></B>  -Absent
<B><font color = 'blue'> .</font></B>  -Absent
<B><font color = 'blue'> .</font></B>  -undefined
<B><font color = 'blue'> .</font></B>  -Bangalore
<B><font color = 'blue'> .</font></B>  -Testing
<B><font color = 'blue'> .</font></B>  -Absent
<B><font color = 'blue'> .</font></B>  -Absent
<B><font color = 'blue'> .</font></B>  -Absent
<B><font color = 'blue'> .</font></B>  -Absent
<B><font color = 'blue'> .</font></B>  -Absent
<B><font color = 'blue'> .</font></B>  -Absent
<B><font color = 'blue'> .</font></B>  -Absent
<B><font color = 'blue'> .</font></B>  -Absent
<B><font color = 'blue'> .</font></B>  -Absent
<B><font color = 'blue'> .</font></B>  -Absent
<B><font color = 'blue'> .</font></B>  -Absent
<B><font color = 'blue'> .</font></B>  -testing test 
<B><font color = 'blue'> .</font></B>  -aarshajoyson1601@gmail.com
<B><font color = 'blue'> .</font></B>  -glb0008
<B><font color = 'blue'> .</font></B>  -2022-10-28
<B><font color = 'blue'> .</font></B>  -Absent
<B><font color = 'blue'> .</font></B>  -Absent
<B><font color = 'blue'> .</font></B>  -undefined
<B><font color = 'blue'> .</font></B>  -Bangalore
<B><font color = 'blue'> .</font></B>  -Php
<B><font color = 'blue'> .</font></B>  -Absent
<B><font color = 'blue'> .</font></B>  -Absent
<B><font color = 'blue'> .</font></B>  -Absent
<B><font color = 'blue'> .</font></B>  -Absent
<B><font color = 'blue'> .</font></B>  -Absent
<B><font color = 'blue'> .</font></B>  -Absent
<B><font color = 'blue'> .</font></B>  -Absent
<B><font color = 'blue'> .</font></B>  -Absent
<B><font color = 'blue'> .</font></B>  -Absent
<B><font color = 'blue'> .</font></B>  -Absent
<B><font color = 'blue'> .</font></B>  -Absent
<B><font color = 'blue'> .</font></B>  -Automation CodeeeAuto 
<B><font color = 'blue'> .</font></B>  -skabcdef7@gmail.com
<B><font color = 'blue'> .</font></B>  -Emp-Abzcde-1234522
<B><font color = 'blue'> .</font></B>  -2022-10-28
<B><font color = 'blue'> .</font></B>  -Absent
<B><font color = 'blue'> .</font></B>  -Absent
<B><font color = 'blue'> .</font></B>  -undefined
<B><font color = 'blue'> .</font></B>  -Bangalore
<B><font color = 'blue'> .</font></B>  -Testing
<B><font color = 'blue'> .</font></B>  -Absent
<B><font color = 'blue'> .</font></B>  -Absent
<B><font color = 'blue'> .</font></B>  -Absent
<B><font color = 'blue'> .</font></B>  -Absent
<B><font color = 'blue'> .</font></B>  -Absent
<B><font color = 'blue'> .</font></B>  -Absent
<B><font color = 'blue'> .</font></B>  -Absent
<B><font color = 'blue'> .</font></B>  -Absent
<B><font color = 'blue'> .</font></B>  -Absent
<B><font color = 'blue'> .</font></B>  -Absent
<B><font color = 'blue'> .</font></B>  -Absent
<B><font color = 'blue'> .</font></B>  -piyush dfgsfg 
<B><font color = 'blue'> .</font></B>  -jos@gmail.com
<B><font color = 'blue'> .</font></B>  -sdgff
<B><font color = 'blue'> .</font></B>  -2022-10-28
<B><font color = 'blue'> .</font></B>  -Absent
<B><font color = 'blue'> .</font></B>  -Absent
<B><font color = 'blue'> .</font></B>  -undefined
<B><font color = 'blue'> .</font></B>  -Bangalore
<B><font color = 'blue'> .</font></B>  -Testing
<B><font color = 'blue'> .</font></B>  -Absent
<B><font color = 'blue'> .</font></B>  -Absent
<B><font color = 'blue'> .</font></B>  -Absent
<B><font color = 'blue'> .</font></B>  -Absent
<B><font color = 'blue'> .</font></B>  -Absent
<B><font color = 'blue'> .</font></B>  -Absent
<B><font color = 'blue'> .</font></B>  -Absent
<B><font color = 'blue'> .</font></B>  -Absent
<B><font color = 'blue'> .</font></B>  -Absent
<B><font color = 'blue'> .</font></B>  -Absent
<B><font color = 'blue'> .</font></B>  -Absent
<B><font color = 'blue'> .</font></B>  -Aryan raj 
<B><font color = 'blue'> .</font></B>  -alex@gmail.com
<B><font color = 'blue'> .</font></B>  -126
<B><font color = 'blue'> .</font></B>  -2022-10-28
<B><font color = 'blue'> .</font></B>  -Absent
<B><font color = 'blue'> .</font></B>  -Absent
<B><font color = 'blue'> .</font></B>  -undefined
<B><font color = 'blue'> .</font></B>  -Bangalore
<B><font color = 'blue'> .</font></B>  -Testing
<B><font color = 'blue'> .</font></B>  -Absent
<B><font color = 'blue'> .</font></B>  -Absent
<B><font color = 'blue'> .</font></B>  -Absent
<B><font color = 'blue'> .</font></B>  -Absent
<B><font color = 'blue'> .</font></B>  -Absent
<B><font color = 'blue'> .</font></B>  -Absent
<B><font color = 'blue'> .</font></B>  -Absent
<B><font color = 'blue'> .</font></B>  -Absent
<B><font color = 'blue'> .</font></B>  -Absent
<B><font color = 'blue'> .</font></B>  -Absent
<B><font color = 'blue'> .</font></B>  -Absent
<B><font color = 'blue'> .</font></B>  -Automation CodeeeAuto 
<B><font color = 'blue'> .</font></B>  -skabcdef38@gmail.com
<B><font color = 'blue'> .</font></B>  -Emp-Abzcde-123457
<B><font color = 'blue'> .</font></B>  -2022-10-28
<B><font color = 'blue'> .</font></B>  -Absent
<B><font color = 'blue'> .</font></B>  -Absent
<B><font color = 'blue'> .</font></B>  -undefined
<B><font color = 'blue'> .</font></B>  -Bangalore
<B><font color = 'blue'> .</font></B>  -Testing
<B><font color = 'blue'> .</font></B>  -Absent
<B><font color = 'blue'> .</font></B>  -Absent
<B><font color = 'blue'> .</font></B>  -Absent
<B><font color = 'blue'> .</font></B>  -Absent
<B><font color = 'blue'> .</font></B>  -Absent
<B><font color = 'blue'> .</font></B>  -Absent
<B><font color = 'blue'> .</font></B>  -Absent
<B><font color = 'blue'> .</font></B>  -Absent
<B><font color = 'blue'> .</font></B>  -Absent
<B><font color = 'blue'> .</font></B>  -Absent
<B><font color = 'blue'> .</font></B>  -Absent
<B><font color = 'blue'> .</font></B>  -Automation CodeeeAuto 
<B><font color = 'blue'> .</font></B>  -skabcdef33@gmail.com
<B><font color = 'blue'> .</font></B>  -Emp-Abzcde-1234557
<B><font color = 'blue'> .</font></B>  -2022-10-28
<B><font color = 'blue'> .</font></B>  -Absent
<B><font color = 'blue'> .</font></B>  -Absent
<B><font color = 'blue'> .</font></B>  -undefined
<B><font color = 'blue'> .</font></B>  -Bangalore
<B><font color = 'blue'> .</font></B>  -Testing
<B><font color = 'blue'> .</font></B>  -Absent
<B><font color = 'blue'> .</font></B>  -Absent
<B><font color = 'blue'> .</font></B>  -Absent
<B><font color = 'blue'> .</font></B>  -Absent
<B><font color = 'blue'> .</font></B>  -Absent
<B><font color = 'blue'> .</font></B>  -Absent
<B><font color = 'blue'> .</font></B>  -Absent
<B><font color = 'blue'> .</font></B>  -Absent
<B><font color = 'blue'> .</font></B>  -Absent
<B><font color = 'blue'> .</font></B>  -Absent
<B><font color = 'blue'> .</font></B>  -Absent
<B><font color = 'blue'> .</font></B>  -D Surya Prabhakar 
<B><font color = 'blue'> .</font></B>  -surya1@gmail.com
<B><font color = 'blue'> .</font></B>  -EM010
<B><font color = 'blue'> .</font></B>  -2022-10-28
<B><font color = 'blue'> .</font></B>  -Absent
<B><font color = 'blue'> .</font></B>  -Absent
<B><font color = 'blue'> .</font></B>  -undefined
<B><font color = 'blue'> .</font></B>  -bengaluru
<B><font color = 'blue'> .</font></B>  -Testing
<B><font color = 'blue'> .</font></B>  -Absent
<B><font color = 'blue'> .</font></B>  -Absent
<B><font color = 'blue'> .</font></B>  -Absent
<B><font color = 'blue'> .</font></B>  -Absent
<B><font color = 'blue'> .</font></B>  -Absent
<B><font color = 'blue'> .</font></B>  -Absent
<B><font color = 'blue'> .</font></B>  -Absent
<B><font color = 'blue'> .</font></B>  -Absent
<B><font color = 'blue'> .</font></B>  -Absent
<B><font color = 'blue'> .</font></B>  -Absent
<B><font color = 'blue'> .</font></B>  -Absent
<B><font color = 'blue'> .</font></B>  -R o       hit Sharma 
<B><font color = 'blue'> .</font></B>  -rahulrajt5613928@gmail.com
<B><font color = 'blue'> .</font></B>  -67645
<B><font color = 'blue'> .</font></B>  -2022-10-28
<B><font color = 'blue'> .</font></B>  -Absent
<B><font color = 'blue'> .</font></B>  -Absent
<B><font color = 'blue'> .</font></B>  -undefined
<B><font color = 'blue'> .</font></B>  -bengaluru
<B><font color = 'blue'> .</font></B>  -Testing
<B><font color = 'blue'> .</font></B>  -Absent
<B><font color = 'blue'> .</font></B>  -Absent
<B><font color = 'blue'> .</font></B>  -Absent
<B><font color = 'blue'> .</font></B>  -Absent
<B><font color = 'blue'> .</font></B>  -Absent
<B><font color = 'blue'> .</font></B>  -Absent
<B><font color = 'blue'> .</font></B>  -Absent
<B><font color = 'blue'> .</font></B>  -Absent
<B><font color = 'blue'> .</font></B>  -Absent
<B><font color = 'blue'> .</font></B>  -Absent
<B><font color = 'blue'> .</font></B>  -Absent
<B><font color = 'blue'> .</font></B>  -ni test 
<B><font color = 'blue'> .</font></B>  -nitest12@gmail.com
<B><font color = 'blue'> .</font></B>  -GLB678
<B><font color = 'blue'> .</font></B>  -2022-10-28
<B><font color = 'blue'> .</font></B>  -Absent
<B><font color = 'blue'> .</font></B>  -Absent
<B><font color = 'blue'> .</font></B>  -undefined
<B><font color = 'blue'> .</font></B>  -bengaluru
<B><font color = 'blue'> .</font></B>  -Testing
<B><font color = 'blue'> .</font></B>  -Absent
<B><font color = 'blue'> .</font></B>  -Absent
<B><font color = 'blue'> .</font></B>  -Absent
<B><font color = 'blue'> .</font></B>  -Absent
<B><font color = 'blue'> .</font></B>  -Absent
<B><font color = 'blue'> .</font></B>  -Absent
<B><font color = 'blue'> .</font></B>  -Absent
<B><font color = 'blue'> .</font></B>  -Absent
<B><font color = 'blue'> .</font></B>  -Absent
<B><font color = 'blue'> .</font></B>  -Absent
<B><font color = 'blue'> .</font></B>  -Absent
<B><font color = 'blue'> .</font></B>  -one test 
<B><font color = 'blue'> .</font></B>  -testone1234@gmail.com
<B><font color = 'blue'> .</font></B>  -0110
<B><font color = 'blue'> .</font></B>  -2022-10-28
<B><font color = 'blue'> .</font></B>  -Absent
<B><font color = 'blue'> .</font></B>  -Absent
<B><font color = 'blue'> .</font></B>  -undefined
<B><font color = 'blue'> .</font></B>  -bengaluru
<B><font color = 'blue'> .</font></B>  -Testing
<B><font color = 'blue'> .</font></B>  -Absent
<B><font color = 'blue'> .</font></B>  -Absent
<B><font color = 'blue'> .</font></B>  -Absent
<B><font color = 'blue'> .</font></B>  -Absent
<B><font color = 'blue'> .</font></B>  -Absent
<B><font color = 'blue'> .</font></B>  -Absent
<B><font color = 'blue'> .</font></B>  -Absent
<B><font color = 'blue'> .</font></B>  -Absent
<B><font color = 'blue'> .</font></B>  -Absent
<B><font color = 'blue'> .</font></B>  -Absent
<B><font color = 'blue'> .</font></B>  -Absent
<B><font color = 'blue'> .</font></B>  -GLB-BLR-010-PC - GLB-BLR-010 
<B><font color = 'blue'> .</font></B>  -abcd@yuksdgus
<B><font color = 'blue'> .</font></B>  -GLB-BLR-010
<B><font color = 'blue'> .</font></B>  -2022-10-28
<B><font color = 'blue'> .</font></B>  -Absent
<B><font color = 'blue'> .</font></B>  -Absent
<B><font color = 'blue'> .</font></B>  -undefined
<B><font color = 'blue'> .</font></B>  -bengaluru
<B><font color = 'blue'> .</font></B>  -Testing
<B><font color = 'blue'> .</font></B>  -Absent
<B><font color = 'blue'> .</font></B>  -Absent
<B><font color = 'blue'> .</font></B>  -Absent
<B><font color = 'blue'> .</font></B>  -Absent
<B><font color = 'blue'> .</font></B>  -Absent
<B><font color = 'blue'> .</font></B>  -Absent
<B><font color = 'blue'> .</font></B>  -Absent
<B><font color = 'blue'> .</font></B>  -Absent
<B><font color = 'blue'> .</font></B>  -Absent
<B><font color = 'blue'> .</font></B>  -Absent
<B><font color = 'blue'> .</font></B>  -Absent
<B><font color = 'blue'> .</font></B>  -surya kk 
<B><font color = 'blue'> .</font></B>  -123@gmail.com
<B><font color = 'blue'> .</font></B>  -mmmmm
<B><font color = 'blue'> .</font></B>  -2022-10-28
<B><font color = 'blue'> .</font></B>  -Absent
<B><font color = 'blue'> .</font></B>  -Absent
<B><font color = 'blue'> .</font></B>  -undefined
<B><font color = 'blue'> .</font></B>  -Tamilnadu
<B><font color = 'blue'> .</font></B>  -Test and Dev
<B><font color = 'blue'> .</font></B>  -Absent
<B><font color = 'blue'> .</font></B>  -Absent
<B><font color = 'blue'> .</font></B>  -Absent
<B><font color = 'blue'> .</font></B>  -Absent
<B><font color = 'blue'> .</font></B>  -Absent
<B><font color = 'blue'> .</font></B>  -Absent
<B><font color = 'blue'> .</font></B>  -Absent
<B><font color = 'blue'> .</font></B>  -Absent
<B><font color = 'blue'> .</font></B>  -Absent
<B><font color = 'blue'> .</font></B>  -Absent
<B><font color = 'blue'> .</font></B>  -Absent
<B><font color = 'blue'> .</font></B>  -sai kk 
<B><font color = 'blue'> .</font></B>  -saikk19876@gmail.com
<B><font color = 'blue'> .</font></B>  -20221019
<B><font color = 'blue'> .</font></B>  -2022-10-28
<B><font color = 'blue'> .</font></B>  -Absent
<B><font color = 'blue'> .</font></B>  -Absent
<B><font color = 'blue'> .</font></B>  -undefined
<B><font color = 'blue'> .</font></B>  -Tamilnadu
<B><font color = 'blue'> .</font></B>  -Test and Dev
<B><font color = 'blue'> .</font></B>  -Absent
<B><font color = 'blue'> .</font></B>  -Absent
<B><font color = 'blue'> .</font></B>  -Absent
<B><font color = 'blue'> .</font></B>  -Absent
<B><font color = 'blue'> .</font></B>  -Absent
<B><font color = 'blue'> .</font></B>  -Absent
<B><font color = 'blue'> .</font></B>  -Absent
<B><font color = 'blue'> .</font></B>  -Absent
<B><font color = 'blue'> .</font></B>  -Absent
<B><font color = 'blue'> .</font></B>  -Absent
<B><font color = 'blue'> .</font></B>  -Absent
<B><font color = 'blue'> .</font></B>  -ajeethemp test 
<B><font color = 'blue'> .</font></B>  -ajeethemp@gmail.com
<B><font color = 'blue'> .</font></B>  -A01
<B><font color = 'blue'> .</font></B>  -2022-10-28
<B><font color = 'blue'> .</font></B>  -Absent
<B><font color = 'blue'> .</font></B>  -Absent
<B><font color = 'blue'> .</font></B>  -undefined
<B><font color = 'blue'> .</font></B>  -Tamilnadu
<B><font color = 'blue'> .</font></B>  -Test and Dev
<B><font color = 'blue'> .</font></B>  -Absent
<B><font color = 'blue'> .</font></B>  -Absent
<B><font color = 'blue'> .</font></B>  -Absent
<B><font color = 'blue'> .</font></B>  -Absent
<B><font color = 'blue'> .</font></B>  -Absent
<B><font color = 'blue'> .</font></B>  -Absent
<B><font color = 'blue'> .</font></B>  -Absent
<B><font color = 'blue'> .</font></B>  -Absent
<B><font color = 'blue'> .</font></B>  -Absent
<B><font color = 'blue'> .</font></B>  -Absent
<B><font color = 'blue'> .</font></B>  -Absent
<B><font color = 'blue'> .</font></B>  -test user two 
<B><font color = 'blue'> .</font></B>  -testuser@two.io
<B><font color = 'blue'> .</font></B>  -GSLL-327
<B><font color = 'blue'> .</font></B>  -2022-10-28
<B><font color = 'blue'> .</font></B>  -Absent
<B><font color = 'blue'> .</font></B>  -Absent
<B><font color = 'blue'> .</font></B>  -undefined
<B><font color = 'blue'> .</font></B>  -Tamilnadu
<B><font color = 'blue'> .</font></B>  -Test and Dev
<B><font color = 'blue'> .</font></B>  -Absent
<B><font color = 'blue'> .</font></B>  -Absent
<B><font color = 'blue'> .</font></B>  -Absent
<B><font color = 'blue'> .</font></B>  -Absent
<B><font color = 'blue'> .</font></B>  -Absent
<B><font color = 'blue'> .</font></B>  -Absent
<B><font color = 'blue'> .</font></B>  -Absent
<B><font color = 'blue'> .</font></B>  -Absent
<B><font color = 'blue'> .</font></B>  -Absent
<B><font color = 'blue'> .</font></B>  -Absent
<B><font color = 'blue'> .</font></B>  -Absent
<B><font color = 'blue'> .</font></B>  -Himanshu Kumar 
<B><font color = 'blue'> .</font></B>  -himanshu1@gmail.com
<B><font color = 'blue'> .</font></B>  -EM011
<B><font color = 'blue'> .</font></B>  -2022-10-28
<B><font color = 'blue'> .</font></B>  -Absent
<B><font color = 'blue'> .</font></B>  -Absent
<B><font color = 'blue'> .</font></B>  -undefined
<B><font color = 'blue'> .</font></B>  -bagalkot
<B><font color = 'blue'> .</font></B>  -manual testing
<B><font color = 'blue'> .</font></B>  -Absent
<B><font color = 'blue'> .</font></B>  -Absent
<B><font color = 'blue'> .</font></B>  -Absent
<B><font color = 'blue'> .</font></B>  -Absent
<B><font color = 'blue'> .</font></B>  -Absent
<B><font color = 'blue'> .</font></B>  -Absent
<B><font color = 'blue'> .</font></B>  -Absent
<B><font color = 'blue'> .</font></B>  -Absent
<B><font color = 'blue'> .</font></B>  -Absent
<B><font color = 'blue'> .</font></B>  -Absent
<B><font color = 'blue'> .</font></B>  -Absent
<B><font color = 'blue'> .</font></B>  -dxgfdxg gssdg 
<B><font color = 'blue'> .</font></B>  -sdgsg@dgksodkg.in
<B><font color = 'blue'> .</font></B>  -asfda343443
<B><font color = 'blue'> .</font></B>  -2022-10-28
<B><font color = 'blue'> .</font></B>  -Absent
<B><font color = 'blue'> .</font></B>  -Absent
<B><font color = 'blue'> .</font></B>  -undefined
<B><font color = 'blue'> .</font></B>  -Bhilai
<B><font color = 'blue'> .</font></B>  -Php
<B><font color = 'blue'> .</font></B>  -Absent
<B><font color = 'blue'> .</font></B>  -Absent
<B><font color = 'blue'> .</font></B>  -Absent
<B><font color = 'blue'> .</font></B>  -Absent
<B><font color = 'blue'> .</font></B>  -Absent
<B><font color = 'blue'> .</font></B>  -Absent
<B><font color = 'blue'> .</font></B>  -Absent
<B><font color = 'blue'> .</font></B>  -Absent
<B><font color = 'blue'> .</font></B>  -Absent
<B><font color = 'blue'> .</font></B>  -Absent
<B><font color = 'blue'> .</font></B>  -Absent
<B><font color = 'blue'> .</font></B>  -Guest User 
<B><font color = 'blue'> .</font></B>  -guestuser@gmail.com
<B><font color = 'blue'> .</font></B>  -GLB-777
<B><font color = 'blue'> .</font></B>  -2022-10-28
<B><font color = 'blue'> .</font></B>  -Absent
<B><font color = 'blue'> .</font></B>  -Absent
<B><font color = 'blue'> .</font></B>  -undefined
<B><font color = 'blue'> .</font></B>  -Bhilai
<B><font color = 'blue'> .</font></B>  -Php
<B><font color = 'blue'> .</font></B>  -Absent
<B><font color = 'blue'> .</font></B>  -Absent
<B><font color = 'blue'> .</font></B>  -Absent
<B><font color = 'blue'> .</font></B>  -Absent
<B><font color = 'blue'> .</font></B>  -Absent
<B><font color = 'blue'> .</font></B>  -Absent
<B><font color = 'blue'> .</font></B>  -Absent
<B><font color = 'blue'> .</font></B>  -Absent
<B><font color = 'blue'> .</font></B>  -Absent
<B><font color = 'blue'> .</font></B>  -Absent
<B><font color = 'blue'> .</font></B>  -Absent
<B><font color = 'blue'> .</font></B>  -Test msc 
<B><font color = 'blue'> .</font></B>  -test123@gmail.com
<B><font color = 'blue'> .</font></B>  -12254
<B><font color = 'blue'> .</font></B>  -2022-10-27
<B><font color = 'blue'> .</font></B>  -27-10-2022 16:07:00
<B><font color = 'blue'> .</font></B>  -27-10-2022 16:49:00
<B><font color = 'blue'> .</font></B>  -GLB-124-PC
<B><font color = 'blue'> .</font></B>  -Bangalore
<B><font color = 'blue'> .</font></B>  -Testing
<B><font color = 'blue'> .</font></B>  -00:42:00
<B><font color = 'blue'> .</font></B>  -00:00:00
<B><font color = 'blue'> .</font></B>  -00:00:00
<B><font color = 'blue'> .</font></B>  -00:00:00
<B><font color = 'blue'> .</font></B>  -00:00:00
<B><font color = 'blue'> .</font></B>  -00:00:00
<B><font color = 'blue'> .</font></B>  -00:00:00
<B><font color = 'blue'> .</font></B>  -00:42:00
<B><font color = 'blue'> .</font></B>  -0.00%
<B><font color = 'blue'> .</font></B>  --480:00
<B><font color = 'blue'> .</font></B>  -0.00
<B><font color = 'blue'> .</font></B>  -D Surya Prabhakar 
<B><font color = 'blue'> .</font></B>  -surya1@gmail.com
<B><font color = 'blue'> .</font></B>  -EM010
<B><font color = 'blue'> .</font></B>  -2022-10-27
<B><font color = 'blue'> .</font></B>  -27-10-2022 00:00:00
<B><font color = 'blue'> .</font></B>  -27-10-2022 00:01:23
<B><font color = 'blue'> .</font></B>  -GLB-110-PC
<B><font color = 'blue'> .</font></B>  -bengaluru
<B><font color = 'blue'> .</font></B>  -Testing
<B><font color = 'blue'> .</font></B>  -00:01:23
<B><font color = 'blue'> .</font></B>  -00:00:00
<B><font color = 'blue'> .</font></B>  -00:00:00
<B><font color = 'blue'> .</font></B>  -00:00:00
<B><font color = 'blue'> .</font></B>  -00:00:00
<B><font color = 'blue'> .</font></B>  -00:00:00
<B><font color = 'blue'> .</font></B>  -00:00:00
<B><font color = 'blue'> .</font></B>  -00:01:23
<B><font color = 'blue'> .</font></B>  -0.00%
<B><font color = 'blue'> .</font></B>  --480:00
<B><font color = 'blue'> .</font></B>  -0.00
<B><font color = 'blue'> .</font></B>  -adg ckj 
<B><font color = 'blue'> .</font></B>  -adcs@1234
<B><font color = 'blue'> .</font></B>  -583
<B><font color = 'blue'> .</font></B>  -2022-10-27
<B><font color = 'blue'> .</font></B>  -27-10-2022 04:18:50
<B><font color = 'blue'> .</font></B>  -27-10-2022 04:21:50
<B><font color = 'blue'> .</font></B>  -GLB-193-PC
<B><font color = 'blue'> .</font></B>  -Bangalore
<B><font color = 'blue'> .</font></B>  -Testing
<B><font color = 'blue'> .</font></B>  -00:03:00
<B><font color = 'blue'> .</font></B>  -00:00:00
<B><font color = 'blue'> .</font></B>  -00:00:00
<B><font color = 'blue'> .</font></B>  -00:00:00
<B><font color = 'blue'> .</font></B>  -00:00:00
<B><font color = 'blue'> .</font></B>  -00:00:00
<B><font color = 'blue'> .</font></B>  -00:00:00
<B><font color = 'blue'> .</font></B>  -00:03:00
<B><font color = 'blue'> .</font></B>  -0.00%
<B><font color = 'blue'> .</font></B>  --480:00
<B><font color = 'blue'> .</font></B>  -0.00
<B><font color = 'blue'> .</font></B>  -dominic toretto 
<B><font color = 'blue'> .</font></B>  -dom.toretto737@gmail.com
<B><font color = 'blue'> .</font></B>  -EMP011
<B><font color = 'blue'> .</font></B>  -2022-10-27
<B><font color = 'blue'> .</font></B>  -27-10-2022 16:53:09
<B><font color = 'blue'> .</font></B>  -28-10-2022 00:00:00
<B><font color = 'blue'> .</font></B>  -GLB-110-PC
<B><font color = 'blue'> .</font></B>  -Bangalore
<B><font color = 'blue'> .</font></B>  -Testing
<B><font color = 'blue'> .</font></B>  -07:06:51
<B><font color = 'blue'> .</font></B>  -00:00:00
<B><font color = 'blue'> .</font></B>  -00:00:00
<B><font color = 'blue'> .</font></B>  -00:00:00
<B><font color = 'blue'> .</font></B>  -00:00:00
<B><font color = 'blue'> .</font></B>  -00:00:00
<B><font color = 'blue'> .</font></B>  -00:00:00
<B><font color = 'blue'> .</font></B>  -07:06:51
<B><font color = 'blue'> .</font></B>  -0.00%
<B><font color = 'blue'> .</font></B>  --480:00
<B><font color = 'blue'> .</font></B>  -0.00
<B><font color = 'blue'> .</font></B>  -Virat kohli 
<B><font color = 'blue'> .</font></B>  -rahukbgdxgsf@gmail.com
<B><font color = 'blue'> .</font></B>  -65332
<B><font color = 'blue'> .</font></B>  -2022-10-27
<B><font color = 'blue'> .</font></B>  -Absent
<B><font color = 'blue'> .</font></B>  -Absent
<B><font color = 'blue'> .</font></B>  -undefined
<B><font color = 'blue'> .</font></B>  -Default
<B><font color = 'blue'> .</font></B>  -Default
<B><font color = 'blue'> .</font></B>  -Absent
<B><font color = 'blue'> .</font></B>  -Absent
<B><font color = 'blue'> .</font></B>  -Absent
<B><font color = 'blue'> .</font></B>  -Absent
<B><font color = 'blue'> .</font></B>  -Absent
<B><font color = 'blue'> .</font></B>  -Absent
<B><font color = 'blue'> .</font></B>  -Absent
<B><font color = 'blue'> .</font></B>  -Absent
<B><font color = 'blue'> .</font></B>  -Absent
<B><font color = 'blue'> .</font></B>  -Absent
<B><font color = 'blue'> .</font></B>  -Absent
<B><font color = 'blue'> .</font></B>  -sadas kadkasdj 
<B><font color = 'blue'> .</font></B>  -dsa@eqe
<B><font color = 'blue'> .</font></B>  -emp129666
<B><font color = 'blue'> .</font></B>  -2022-10-27
<B><font color = 'blue'> .</font></B>  -Absent
<B><font color = 'blue'> .</font></B>  -Absent
<B><font color = 'blue'> .</font></B>  -undefined
<B><font color = 'blue'> .</font></B>  -Default
<B><font color = 'blue'> .</font></B>  -Default
<B><font color = 'blue'> .</font></B>  -Absent
<B><font color = 'blue'> .</font></B>  -Absent
<B><font color = 'blue'> .</font></B>  -Absent
<B><font color = 'blue'> .</font></B>  -Absent
<B><font color = 'blue'> .</font></B>  -Absent
<B><font color = 'blue'> .</font></B>  -Absent
<B><font color = 'blue'> .</font></B>  -Absent
<B><font color = 'blue'> .</font></B>  -Absent
<B><font color = 'blue'> .</font></B>  -Absent
<B><font color = 'blue'> .</font></B>  -Absent
<B><font color = 'blue'> .</font></B>  -Absent
<B><font color = 'blue'> .</font></B>  -New Test 
<B><font color = 'blue'> .</font></B>  -newtest@gmail.com
<B><font color = 'blue'> .</font></B>  -ewer334443
<B><font color = 'blue'> .</font></B>  -2022-10-27
<B><font color = 'blue'> .</font></B>  -Absent
<B><font color = 'blue'> .</font></B>  -Absent
<B><font color = 'blue'> .</font></B>  -undefined
<B><font color = 'blue'> .</font></B>  -Default
<B><font color = 'blue'> .</font></B>  -Default
<B><font color = 'blue'> .</font></B>  -Absent
<B><font color = 'blue'> .</font></B>  -Absent
<B><font color = 'blue'> .</font></B>  -Absent
<B><font color = 'blue'> .</font></B>  -Absent
<B><font color = 'blue'> .</font></B>  -Absent
<B><font color = 'blue'> .</font></B>  -Absent
<B><font color = 'blue'> .</font></B>  -Absent
<B><font color = 'blue'> .</font></B>  -Absent
<B><font color = 'blue'> .</font></B>  -Absent
<B><font color = 'blue'> .</font></B>  -Absent
<B><font color = 'blue'> .</font></B>  -Absent
<B><font color = 'blue'> .</font></B>  -dshcdb uidsbf 
<B><font color = 'blue'> .</font></B>  -dvbvdb@yahoo.com
<B><font color = 'blue'> .</font></B>  -435454
<B><font color = 'blue'> .</font></B>  -2022-10-27
<B><font color = 'blue'> .</font></B>  -Absent
<B><font color = 'blue'> .</font></B>  -Absent
<B><font color = 'blue'> .</font></B>  -undefined
<B><font color = 'blue'> .</font></B>  -Default
<B><font color = 'blue'> .</font></B>  -Default
<B><font color = 'blue'> .</font></B>  -Absent
<B><font color = 'blue'> .</font></B>  -Absent
<B><font color = 'blue'> .</font></B>  -Absent
<B><font color = 'blue'> .</font></B>  -Absent
<B><font color = 'blue'> .</font></B>  -Absent
<B><font color = 'blue'> .</font></B>  -Absent
<B><font color = 'blue'> .</font></B>  -Absent
<B><font color = 'blue'> .</font></B>  -Absent
<B><font color = 'blue'> .</font></B>  -Absent
<B><font color = 'blue'> .</font></B>  -Absent
<B><font color = 'blue'> .</font></B>  -Absent
<B><font color = 'blue'> .</font></B>  -try last 
<B><font color = 'blue'> .</font></B>  -try@gmail.com
<B><font color = 'blue'> .</font></B>  -1225455
<B><font color = 'blue'> .</font></B>  -2022-10-27
<B><font color = 'blue'> .</font></B>  -Absent
<B><font color = 'blue'> .</font></B>  -Absent
<B><font color = 'blue'> .</font></B>  -undefined
<B><font color = 'blue'> .</font></B>  -Default
<B><font color = 'blue'> .</font></B>  -Default
<B><font color = 'blue'> .</font></B>  -Absent
<B><font color = 'blue'> .</font></B>  -Absent
<B><font color = 'blue'> .</font></B>  -Absent
<B><font color = 'blue'> .</font></B>  -Absent
<B><font color = 'blue'> .</font></B>  -Absent
<B><font color = 'blue'> .</font></B>  -Absent
<B><font color = 'blue'> .</font></B>  -Absent
<B><font color = 'blue'> .</font></B>  -Absent
<B><font color = 'blue'> .</font></B>  -Absent
<B><font color = 'blue'> .</font></B>  -Absent
<B><font color = 'blue'> .</font></B>  -Absent
<B><font color = 'blue'> .</font></B>  -vdjvdb yusvdvbbh 
<B><font color = 'blue'> .</font></B>  -dvhbfdh@gmail.com
<B><font color = 'blue'> .</font></B>  -wq534342
<B><font color = 'blue'> .</font></B>  -2022-10-27
<B><font color = 'blue'> .</font></B>  -Absent
<B><font color = 'blue'> .</font></B>  -Absent
<B><font color = 'blue'> .</font></B>  -undefined
<B><font color = 'blue'> .</font></B>  -Default
<B><font color = 'blue'> .</font></B>  -Default
<B><font color = 'blue'> .</font></B>  -Absent
<B><font color = 'blue'> .</font></B>  -Absent
<B><font color = 'blue'> .</font></B>  -Absent
<B><font color = 'blue'> .</font></B>  -Absent
<B><font color = 'blue'> .</font></B>  -Absent
<B><font color = 'blue'> .</font></B>  -Absent
<B><font color = 'blue'> .</font></B>  -Absent
<B><font color = 'blue'> .</font></B>  -Absent
<B><font color = 'blue'> .</font></B>  -Absent
<B><font color = 'blue'> .</font></B>  -Absent
<B><font color = 'blue'> .</font></B>  -Absent
<B><font color = 'blue'> .</font></B>  -Mail Test user 
<B><font color = 'blue'> .</font></B>  -maintest@user.io
<B><font color = 'blue'> .</font></B>  -GLB-1223888
<B><font color = 'blue'> .</font></B>  -2022-10-27
<B><font color = 'blue'> .</font></B>  -Absent
<B><font color = 'blue'> .</font></B>  -Absent
<B><font color = 'blue'> .</font></B>  -undefined
<B><font color = 'blue'> .</font></B>  -Default
<B><font color = 'blue'> .</font></B>  -Default
<B><font color = 'blue'> .</font></B>  -Absent
<B><font color = 'blue'> .</font></B>  -Absent
<B><font color = 'blue'> .</font></B>  -Absent
<B><font color = 'blue'> .</font></B>  -Absent
<B><font color = 'blue'> .</font></B>  -Absent
<B><font color = 'blue'> .</font></B>  -Absent
<B><font color = 'blue'> .</font></B>  -Absent
<B><font color = 'blue'> .</font></B>  -Absent
<B><font color = 'blue'> .</font></B>  -Absent
<B><font color = 'blue'> .</font></B>  -Absent
<B><font color = 'blue'> .</font></B>  -Absent
<B><font color = 'blue'> .</font></B>  -Update Check 
<B><font color = 'blue'> .</font></B>  -updates@gmail.com
<B><font color = 'blue'> .</font></B>  -emp543
<B><font color = 'blue'> .</font></B>  -2022-10-27
<B><font color = 'blue'> .</font></B>  -Absent
<B><font color = 'blue'> .</font></B>  -Absent
<B><font color = 'blue'> .</font></B>  -undefined
<B><font color = 'blue'> .</font></B>  -Default
<B><font color = 'blue'> .</font></B>  -Default
<B><font color = 'blue'> .</font></B>  -Absent
<B><font color = 'blue'> .</font></B>  -Absent
<B><font color = 'blue'> .</font></B>  -Absent
<B><font color = 'blue'> .</font></B>  -Absent
<B><font color = 'blue'> .</font></B>  -Absent
<B><font color = 'blue'> .</font></B>  -Absent
<B><font color = 'blue'> .</font></B>  -Absent
<B><font color = 'blue'> .</font></B>  -Absent
<B><font color = 'blue'> .</font></B>  -Absent
<B><font color = 'blue'> .</font></B>  -Absent
<B><font color = 'blue'> .</font></B>  -Absent
<B><font color = 'blue'> .</font></B>  -test manager 
<B><font color = 'blue'> .</font></B>  -manageremp@gmail.com
<B><font color = 'blue'> .</font></B>  -glb020
<B><font color = 'blue'> .</font></B>  -2022-10-27
<B><font color = 'blue'> .</font></B>  -Absent
<B><font color = 'blue'> .</font></B>  -Absent
<B><font color = 'blue'> .</font></B>  -undefined
<B><font color = 'blue'> .</font></B>  -Default
<B><font color = 'blue'> .</font></B>  -Default
<B><font color = 'blue'> .</font></B>  -Absent
<B><font color = 'blue'> .</font></B>  -Absent
<B><font color = 'blue'> .</font></B>  -Absent
<B><font color = 'blue'> .</font></B>  -Absent
<B><font color = 'blue'> .</font></B>  -Absent
<B><font color = 'blue'> .</font></B>  -Absent
<B><font color = 'blue'> .</font></B>  -Absent
<B><font color = 'blue'> .</font></B>  -Absent
<B><font color = 'blue'> .</font></B>  -Absent
<B><font color = 'blue'> .</font></B>  -Absent
<B><font color = 'blue'> .</font></B>  -Absent
<B><font color = 'blue'> .</font></B>  -DESKTOP-PJJHB19 - GLB-BLR-002OjUpRD2 
<B><font color = 'blue'> .</font></B>  --
<B><font color = 'blue'> .</font></B>  -GLB-BLR-002OjUpRD2
<B><font color = 'blue'> .</font></B>  -2022-10-27
<B><font color = 'blue'> .</font></B>  -Absent
<B><font color = 'blue'> .</font></B>  -Absent
<B><font color = 'blue'> .</font></B>  -undefined
<B><font color = 'blue'> .</font></B>  -Default
<B><font color = 'blue'> .</font></B>  -Default
<B><font color = 'blue'> .</font></B>  -Absent
<B><font color = 'blue'> .</font></B>  -Absent
<B><font color = 'blue'> .</font></B>  -Absent
<B><font color = 'blue'> .</font></B>  -Absent
<B><font color = 'blue'> .</font></B>  -Absent
<B><font color = 'blue'> .</font></B>  -Absent
<B><font color = 'blue'> .</font></B>  -Absent
<B><font color = 'blue'> .</font></B>  -Absent
<B><font color = 'blue'> .</font></B>  -Absent
<B><font color = 'blue'> .</font></B>  -Absent
<B><font color = 'blue'> .</font></B>  -Absent
<B><font color = 'blue'> .</font></B>  -Usb Test 
<B><font color = 'blue'> .</font></B>  -usbtest123@gmail.com
<B><font color = 'blue'> .</font></B>  -emp0097
<B><font color = 'blue'> .</font></B>  -2022-10-27
<B><font color = 'blue'> .</font></B>  -Absent
<B><font color = 'blue'> .</font></B>  -Absent
<B><font color = 'blue'> .</font></B>  -undefined
<B><font color = 'blue'> .</font></B>  -Default
<B><font color = 'blue'> .</font></B>  -Default
<B><font color = 'blue'> .</font></B>  -Absent
<B><font color = 'blue'> .</font></B>  -Absent
<B><font color = 'blue'> .</font></B>  -Absent
<B><font color = 'blue'> .</font></B>  -Absent
<B><font color = 'blue'> .</font></B>  -Absent
<B><font color = 'blue'> .</font></B>  -Absent
<B><font color = 'blue'> .</font></B>  -Absent
<B><font color = 'blue'> .</font></B>  -Absent
<B><font color = 'blue'> .</font></B>  -Absent
<B><font color = 'blue'> .</font></B>  -Absent
<B><font color = 'blue'> .</font></B>  -Absent
<B><font color = 'blue'> .</font></B>  -SS Keystrokes 
<B><font color = 'blue'> .</font></B>  -sskey@gmail.com
<B><font color = 'blue'> .</font></B>  -emp98y
<B><font color = 'blue'> .</font></B>  -2022-10-27
<B><font color = 'blue'> .</font></B>  -Absent
<B><font color = 'blue'> .</font></B>  -Absent
<B><font color = 'blue'> .</font></B>  -undefined
<B><font color = 'blue'> .</font></B>  -Default
<B><font color = 'blue'> .</font></B>  -Default
<B><font color = 'blue'> .</font></B>  -Absent
<B><font color = 'blue'> .</font></B>  -Absent
<B><font color = 'blue'> .</font></B>  -Absent
<B><font color = 'blue'> .</font></B>  -Absent
<B><font color = 'blue'> .</font></B>  -Absent
<B><font color = 'blue'> .</font></B>  -Absent
<B><font color = 'blue'> .</font></B>  -Absent
<B><font color = 'blue'> .</font></B>  -Absent
<B><font color = 'blue'> .</font></B>  -Absent
<B><font color = 'blue'> .</font></B>  -Absent
<B><font color = 'blue'> .</font></B>  -Absent
<B><font color = 'blue'> .</font></B>  -shivammmmmmmmmmmmmmmmmmmm Kumar 
<B><font color = 'blue'> .</font></B>  -kgfyash545@gmail.com
<B><font color = 'blue'> .</font></B>  -hsakhdjk414
<B><font color = 'blue'> .</font></B>  -2022-10-27
<B><font color = 'blue'> .</font></B>  -Absent
<B><font color = 'blue'> .</font></B>  -Absent
<B><font color = 'blue'> .</font></B>  -undefined
<B><font color = 'blue'> .</font></B>  -Default
<B><font color = 'blue'> .</font></B>  -Default
<B><font color = 'blue'> .</font></B>  -Absent
<B><font color = 'blue'> .</font></B>  -Absent
<B><font color = 'blue'> .</font></B>  -Absent
<B><font color = 'blue'> .</font></B>  -Absent
<B><font color = 'blue'> .</font></B>  -Absent
<B><font color = 'blue'> .</font></B>  -Absent
<B><font color = 'blue'> .</font></B>  -Absent
<B><font color = 'blue'> .</font></B>  -Absent
<B><font color = 'blue'> .</font></B>  -Absent
<B><font color = 'blue'> .</font></B>  -Absent
<B><font color = 'blue'> .</font></B>  -Absent
<B><font color = 'blue'> .</font></B>  -Abhishek Four tf test 
<B><font color = 'blue'> .</font></B>  -abhishekfourtf@mail.com
<B><font color = 'blue'> .</font></B>  -HLIKSJ98
<B><font color = 'blue'> .</font></B>  -2022-10-27
<B><font color = 'blue'> .</font></B>  -Absent
<B><font color = 'blue'> .</font></B>  -Absent
<B><font color = 'blue'> .</font></B>  -undefined
<B><font color = 'blue'> .</font></B>  -Default
<B><font color = 'blue'> .</font></B>  -Default
<B><font color = 'blue'> .</font></B>  -Absent
<B><font color = 'blue'> .</font></B>  -Absent
<B><font color = 'blue'> .</font></B>  -Absent
<B><font color = 'blue'> .</font></B>  -Absent
<B><font color = 'blue'> .</font></B>  -Absent
<B><font color = 'blue'> .</font></B>  -Absent
<B><font color = 'blue'> .</font></B>  -Absent
<B><font color = 'blue'> .</font></B>  -Absent
<B><font color = 'blue'> .</font></B>  -Absent
<B><font color = 'blue'> .</font></B>  -Absent
<B><font color = 'blue'> .</font></B>  -Absent
<B><font color = 'blue'> .</font></B>  -new dev user 
<B><font color = 'blue'> .</font></B>  -new@dev.user
<B><font color = 'blue'> .</font></B>  -fdfsfsd
<B><font color = 'blue'> .</font></B>  -2022-10-27
<B><font color = 'blue'> .</font></B>  -Absent
<B><font color = 'blue'> .</font></B>  -Absent
<B><font color = 'blue'> .</font></B>  -undefined
<B><font color = 'blue'> .</font></B>  -Default
<B><font color = 'blue'> .</font></B>  -Default
<B><font color = 'blue'> .</font></B>  -Absent
<B><font color = 'blue'> .</font></B>  -Absent
<B><font color = 'blue'> .</font></B>  -Absent
<B><font color = 'blue'> .</font></B>  -Absent
<B><font color = 'blue'> .</font></B>  -Absent
<B><font color = 'blue'> .</font></B>  -Absent
<B><font color = 'blue'> .</font></B>  -Absent
<B><font color = 'blue'> .</font></B>  -Absent
<B><font color = 'blue'> .</font></B>  -Absent
<B><font color = 'blue'> .</font></B>  -Absent
<B><font color = 'blue'> .</font></B>  -Absent
<B><font color = 'blue'> .</font></B>  -aaaaaaaaaa aaaaaaaaa 
<B><font color = 'blue'> .</font></B>  -mmmm@gmail.com
<B><font color = 'blue'> .</font></B>  -80765s
<B><font color = 'blue'> .</font></B>  -2022-10-27
<B><font color = 'blue'> .</font></B>  -Absent
<B><font color = 'blue'> .</font></B>  -Absent
<B><font color = 'blue'> .</font></B>  -undefined
<B><font color = 'blue'> .</font></B>  -Bangalore
<B><font color = 'blue'> .</font></B>  -Testing
<B><font color = 'blue'> .</font></B>  -Absent
<B><font color = 'blue'> .</font></B>  -Absent
<B><font color = 'blue'> .</font></B>  -Absent
<B><font color = 'blue'> .</font></B>  -Absent
<B><font color = 'blue'> .</font></B>  -Absent
<B><font color = 'blue'> .</font></B>  -Absent
<B><font color = 'blue'> .</font></B>  -Absent
<B><font color = 'blue'> .</font></B>  -Absent
<B><font color = 'blue'> .</font></B>  -Absent
<B><font color = 'blue'> .</font></B>  -Absent
<B><font color = 'blue'> .</font></B>  -Absent
<B><font color = 'blue'> .</font></B>  -sumesh test 
<B><font color = 'blue'> .</font></B>  -sumesh@mail.com
<B><font color = 'blue'> .</font></B>  -fdgfdgf
<B><font color = 'blue'> .</font></B>  -2022-10-27
<B><font color = 'blue'> .</font></B>  -Absent
<B><font color = 'blue'> .</font></B>  -Absent
<B><font color = 'blue'> .</font></B>  -undefined
<B><font color = 'blue'> .</font></B>  -Bangalore
<B><font color = 'blue'> .</font></B>  -Testing
<B><font color = 'blue'> .</font></B>  -Absent
<B><font color = 'blue'> .</font></B>  -Absent
<B><font color = 'blue'> .</font></B>  -Absent
<B><font color = 'blue'> .</font></B>  -Absent
<B><font color = 'blue'> .</font></B>  -Absent
<B><font color = 'blue'> .</font></B>  -Absent
<B><font color = 'blue'> .</font></B>  -Absent
<B><font color = 'blue'> .</font></B>  -Absent
<B><font color = 'blue'> .</font></B>  -Absent
<B><font color = 'blue'> .</font></B>  -Absent
<B><font color = 'blue'> .</font></B>  -Absent
<B><font color = 'blue'> .</font></B>  -deffdfds vscsc 
<B><font color = 'blue'> .</font></B>  -cscsdw123@gmail.com
<B><font color = 'blue'> .</font></B>  -1234512
<B><font color = 'blue'> .</font></B>  -2022-10-27
<B><font color = 'blue'> .</font></B>  -Absent
<B><font color = 'blue'> .</font></B>  -Absent
<B><font color = 'blue'> .</font></B>  -undefined
<B><font color = 'blue'> .</font></B>  -Bangalore
<B><font color = 'blue'> .</font></B>  -Testing
<B><font color = 'blue'> .</font></B>  -Absent
<B><font color = 'blue'> .</font></B>  -Absent
<B><font color = 'blue'> .</font></B>  -Absent
<B><font color = 'blue'> .</font></B>  -Absent
<B><font color = 'blue'> .</font></B>  -Absent
<B><font color = 'blue'> .</font></B>  -Absent
<B><font color = 'blue'> .</font></B>  -Absent
<B><font color = 'blue'> .</font></B>  -Absent
<B><font color = 'blue'> .</font></B>  -Absent
<B><font color = 'blue'> .</font></B>  -Absent
<B><font color = 'blue'> .</font></B>  -Absent
<B><font color = 'blue'> .</font></B>  -test testtt 
<B><font color = 'blue'> .</font></B>  -abcd@gmail.com
<B><font color = 'blue'> .</font></B>  -GLB55
<B><font color = 'blue'> .</font></B>  -2022-10-27
<B><font color = 'blue'> .</font></B>  -Absent
<B><font color = 'blue'> .</font></B>  -Absent
<B><font color = 'blue'> .</font></B>  -undefined
<B><font color = 'blue'> .</font></B>  -Bangalore
<B><font color = 'blue'> .</font></B>  -Testing
<B><font color = 'blue'> .</font></B>  -Absent
<B><font color = 'blue'> .</font></B>  -Absent
<B><font color = 'blue'> .</font></B>  -Absent
<B><font color = 'blue'> .</font></B>  -Absent
<B><font color = 'blue'> .</font></B>  -Absent
<B><font color = 'blue'> .</font></B>  -Absent
<B><font color = 'blue'> .</font></B>  -Absent
<B><font color = 'blue'> .</font></B>  -Absent
<B><font color = 'blue'> .</font></B>  -Absent
<B><font color = 'blue'> .</font></B>  -Absent
<B><font color = 'blue'> .</font></B>  -Absent
<B><font color = 'blue'> .</font></B>  -Abhishe tt 
<B><font color = 'blue'> .</font></B>  -ab@ab.com
<B><font color = 'blue'> .</font></B>  -GKD567
<B><font color = 'blue'> .</font></B>  -2022-10-27
<B><font color = 'blue'> .</font></B>  -Absent
<B><font color = 'blue'> .</font></B>  -Absent
<B><font color = 'blue'> .</font></B>  -undefined
<B><font color = 'blue'> .</font></B>  -Bangalore
<B><font color = 'blue'> .</font></B>  -Testing
<B><font color = 'blue'> .</font></B>  -Absent
<B><font color = 'blue'> .</font></B>  -Absent
<B><font color = 'blue'> .</font></B>  -Absent
<B><font color = 'blue'> .</font></B>  -Absent
<B><font color = 'blue'> .</font></B>  -Absent
<B><font color = 'blue'> .</font></B>  -Absent
<B><font color = 'blue'> .</font></B>  -Absent
<B><font color = 'blue'> .</font></B>  -Absent
<B><font color = 'blue'> .</font></B>  -Absent
<B><font color = 'blue'> .</font></B>  -Absent
<B><font color = 'blue'> .</font></B>  -Absent
<B><font color = 'blue'> .</font></B>  -test nonadmin 
<B><font color = 'blue'> .</font></B>  -testnonadmin@gmail.com
<B><font color = 'blue'> .</font></B>  -GLB026
<B><font color = 'blue'> .</font></B>  -2022-10-27
<B><font color = 'blue'> .</font></B>  -Absent
<B><font color = 'blue'> .</font></B>  -Absent
<B><font color = 'blue'> .</font></B>  -undefined
<B><font color = 'blue'> .</font></B>  -Bangalore
<B><font color = 'blue'> .</font></B>  -Php
<B><font color = 'blue'> .</font></B>  -Absent
<B><font color = 'blue'> .</font></B>  -Absent
<B><font color = 'blue'> .</font></B>  -Absent
<B><font color = 'blue'> .</font></B>  -Absent
<B><font color = 'blue'> .</font></B>  -Absent
<B><font color = 'blue'> .</font></B>  -Absent
<B><font color = 'blue'> .</font></B>  -Absent
<B><font color = 'blue'> .</font></B>  -Absent
<B><font color = 'blue'> .</font></B>  -Absent
<B><font color = 'blue'> .</font></B>  -Absent
<B><font color = 'blue'> .</font></B>  -Absent
<B><font color = 'blue'> .</font></B>  -Abhishek Test 
<B><font color = 'blue'> .</font></B>  -abhishektrest@glb.in
<B><font color = 'blue'> .</font></B>  -rN7tvEiDPGNi4fD
<B><font color = 'blue'> .</font></B>  -2022-10-27
<B><font color = 'blue'> .</font></B>  -Absent
<B><font color = 'blue'> .</font></B>  -Absent
<B><font color = 'blue'> .</font></B>  -undefined
<B><font color = 'blue'> .</font></B>  -Bangalore
<B><font color = 'blue'> .</font></B>  -Php
<B><font color = 'blue'> .</font></B>  -Absent
<B><font color = 'blue'> .</font></B>  -Absent
<B><font color = 'blue'> .</font></B>  -Absent
<B><font color = 'blue'> .</font></B>  -Absent
<B><font color = 'blue'> .</font></B>  -Absent
<B><font color = 'blue'> .</font></B>  -Absent
<B><font color = 'blue'> .</font></B>  -Absent
<B><font color = 'blue'> .</font></B>  -Absent
<B><font color = 'blue'> .</font></B>  -Absent
<B><font color = 'blue'> .</font></B>  -Absent
<B><font color = 'blue'> .</font></B>  -Absent
<B><font color = 'blue'> .</font></B>  -Superior Test one 
<B><font color = 'blue'> .</font></B>  -superiorone@gmail.com
<B><font color = 'blue'> .</font></B>  -twoqw
<B><font color = 'blue'> .</font></B>  -2022-10-27
<B><font color = 'blue'> .</font></B>  -Absent
<B><font color = 'blue'> .</font></B>  -Absent
<B><font color = 'blue'> .</font></B>  -undefined
<B><font color = 'blue'> .</font></B>  -Bangalore
<B><font color = 'blue'> .</font></B>  -Testing
<B><font color = 'blue'> .</font></B>  -Absent
<B><font color = 'blue'> .</font></B>  -Absent
<B><font color = 'blue'> .</font></B>  -Absent
<B><font color = 'blue'> .</font></B>  -Absent
<B><font color = 'blue'> .</font></B>  -Absent
<B><font color = 'blue'> .</font></B>  -Absent
<B><font color = 'blue'> .</font></B>  -Absent
<B><font color = 'blue'> .</font></B>  -Absent
<B><font color = 'blue'> .</font></B>  -Absent
<B><font color = 'blue'> .</font></B>  -Absent
<B><font color = 'blue'> .</font></B>  -Absent
<B><font color = 'blue'> .</font></B>  -test testw 
<B><font color = 'blue'> .</font></B>  -test@mac.in
<B><font color = 'blue'> .</font></B>  -aaf123
<B><font color = 'blue'> .</font></B>  -2022-10-27
<B><font color = 'blue'> .</font></B>  -Absent
<B><font color = 'blue'> .</font></B>  -Absent
<B><font color = 'blue'> .</font></B>  -undefined
<B><font color = 'blue'> .</font></B>  -Bangalore
<B><font color = 'blue'> .</font></B>  -Php
<B><font color = 'blue'> .</font></B>  -Absent
<B><font color = 'blue'> .</font></B>  -Absent
<B><font color = 'blue'> .</font></B>  -Absent
<B><font color = 'blue'> .</font></B>  -Absent
<B><font color = 'blue'> .</font></B>  -Absent
<B><font color = 'blue'> .</font></B>  -Absent
<B><font color = 'blue'> .</font></B>  -Absent
<B><font color = 'blue'> .</font></B>  -Absent
<B><font color = 'blue'> .</font></B>  -Absent
<B><font color = 'blue'> .</font></B>  -Absent
<B><font color = 'blue'> .</font></B>  -Absent
<B><font color = 'blue'> .</font></B>  -sam eer 
<B><font color = 'blue'> .</font></B>  -sam@rf.in
<B><font color = 'blue'> .</font></B>  -WSAERT2Q34E
<B><font color = 'blue'> .</font></B>  -2022-10-27
<B><font color = 'blue'> .</font></B>  -Absent
<B><font color = 'blue'> .</font></B>  -Absent
<B><font color = 'blue'> .</font></B>  -undefined
<B><font color = 'blue'> .</font></B>  -Bangalore
<B><font color = 'blue'> .</font></B>  -Testing
<B><font color = 'blue'> .</font></B>  -Absent
<B><font color = 'blue'> .</font></B>  -Absent
<B><font color = 'blue'> .</font></B>  -Absent
<B><font color = 'blue'> .</font></B>  -Absent
<B><font color = 'blue'> .</font></B>  -Absent
<B><font color = 'blue'> .</font></B>  -Absent
<B><font color = 'blue'> .</font></B>  -Absent
<B><font color = 'blue'> .</font></B>  -Absent
<B><font color = 'blue'> .</font></B>  -Absent
<B><font color = 'blue'> .</font></B>  -Absent
<B><font color = 'blue'> .</font></B>  -Absent
<B><font color = 'blue'> .</font></B>  -Test test 
<B><font color = 'blue'> .</font></B>  -sarikajain@gmail.com
<B><font color = 'blue'> .</font></B>  -E-101
<B><font color = 'blue'> .</font></B>  -2022-10-27
<B><font color = 'blue'> .</font></B>  -Absent
<B><font color = 'blue'> .</font></B>  -Absent
<B><font color = 'blue'> .</font></B>  -undefined
<B><font color = 'blue'> .</font></B>  -Bangalore
<B><font color = 'blue'> .</font></B>  -Testing
<B><font color = 'blue'> .</font></B>  -Absent
<B><font color = 'blue'> .</font></B>  -Absent
<B><font color = 'blue'> .</font></B>  -Absent
<B><font color = 'blue'> .</font></B>  -Absent
<B><font color = 'blue'> .</font></B>  -Absent
<B><font color = 'blue'> .</font></B>  -Absent
<B><font color = 'blue'> .</font></B>  -Absent
<B><font color = 'blue'> .</font></B>  -Absent
<B><font color = 'blue'> .</font></B>  -Absent
<B><font color = 'blue'> .</font></B>  -Absent
<B><font color = 'blue'> .</font></B>  -Absent
<B><font color = 'blue'> .</font></B>  -sithu kalluru 
<B><font color = 'blue'> .</font></B>  -sitaramireddy@globussoft.in
<B><font color = 'blue'> .</font></B>  -code12
<B><font color = 'blue'> .</font></B>  -2022-10-27
<B><font color = 'blue'> .</font></B>  -Absent
<B><font color = 'blue'> .</font></B>  -Absent
<B><font color = 'blue'> .</font></B>  -undefined
<B><font color = 'blue'> .</font></B>  -Bangalore
<B><font color = 'blue'> .</font></B>  -Testing
<B><font color = 'blue'> .</font></B>  -Absent
<B><font color = 'blue'> .</font></B>  -Absent
<B><font color = 'blue'> .</font></B>  -Absent
<B><font color = 'blue'> .</font></B>  -Absent
<B><font color = 'blue'> .</font></B>  -Absent
<B><font color = 'blue'> .</font></B>  -Absent
<B><font color = 'blue'> .</font></B>  -Absent
<B><font color = 'blue'> .</font></B>  -Absent
<B><font color = 'blue'> .</font></B>  -Absent
<B><font color = 'blue'> .</font></B>  -Absent
<B><font color = 'blue'> .</font></B>  -Absent
<B><font color = 'blue'> .</font></B>  -test123 abcd 
<B><font color = 'blue'> .</font></B>  -s@gmail.com
<B><font color = 'blue'> .</font></B>  -code123z
<B><font color = 'blue'> .</font></B>  -2022-10-27
<B><font color = 'blue'> .</font></B>  -Absent
<B><font color = 'blue'> .</font></B>  -Absent
<B><font color = 'blue'> .</font></B>  -undefined
<B><font color = 'blue'> .</font></B>  -Bangalore
<B><font color = 'blue'> .</font></B>  -Testing
<B><font color = 'blue'> .</font></B>  -Absent
<B><font color = 'blue'> .</font></B>  -Absent
<B><font color = 'blue'> .</font></B>  -Absent
<B><font color = 'blue'> .</font></B>  -Absent
<B><font color = 'blue'> .</font></B>  -Absent
<B><font color = 'blue'> .</font></B>  -Absent
<B><font color = 'blue'> .</font></B>  -Absent
<B><font color = 'blue'> .</font></B>  -Absent
<B><font color = 'blue'> .</font></B>  -Absent
<B><font color = 'blue'> .</font></B>  -Absent
<B><font color = 'blue'> .</font></B>  -Absent
<B><font color = 'blue'> .</font></B>  -testing test 
<B><font color = 'blue'> .</font></B>  -aarshajoyson1601@gmail.com
<B><font color = 'blue'> .</font></B>  -glb0008
<B><font color = 'blue'> .</font></B>  -2022-10-27
<B><font color = 'blue'> .</font></B>  -Absent
<B><font color = 'blue'> .</font></B>  -Absent
<B><font color = 'blue'> .</font></B>  -undefined
<B><font color = 'blue'> .</font></B>  -Bangalore
<B><font color = 'blue'> .</font></B>  -Php
<B><font color = 'blue'> .</font></B>  -Absent
<B><font color = 'blue'> .</font></B>  -Absent
<B><font color = 'blue'> .</font></B>  -Absent
<B><font color = 'blue'> .</font></B>  -Absent
<B><font color = 'blue'> .</font></B>  -Absent
<B><font color = 'blue'> .</font></B>  -Absent
<B><font color = 'blue'> .</font></B>  -Absent
<B><font color = 'blue'> .</font></B>  -Absent
<B><font color = 'blue'> .</font></B>  -Absent
<B><font color = 'blue'> .</font></B>  -Absent
<B><font color = 'blue'> .</font></B>  -Absent
<B><font color = 'blue'> .</font></B>  -Automation CodeeeAuto 
<B><font color = 'blue'> .</font></B>  -skabcdef7@gmail.com
<B><font color = 'blue'> .</font></B>  -Emp-Abzcde-1234522
<B><font color = 'blue'> .</font></B>  -2022-10-27
<B><font color = 'blue'> .</font></B>  -Absent
<B><font color = 'blue'> .</font></B>  -Absent
<B><font color = 'blue'> .</font></B>  -undefined
<B><font color = 'blue'> .</font></B>  -Bangalore
<B><font color = 'blue'> .</font></B>  -Testing
<B><font color = 'blue'> .</font></B>  -Absent
<B><font color = 'blue'> .</font></B>  -Absent
<B><font color = 'blue'> .</font></B>  -Absent
<B><font color = 'blue'> .</font></B>  -Absent
<B><font color = 'blue'> .</font></B>  -Absent
<B><font color = 'blue'> .</font></B>  -Absent
<B><font color = 'blue'> .</font></B>  -Absent
<B><font color = 'blue'> .</font></B>  -Absent
<B><font color = 'blue'> .</font></B>  -Absent
<B><font color = 'blue'> .</font></B>  -Absent
<B><font color = 'blue'> .</font></B>  -Absent
<B><font color = 'blue'> .</font></B>  -piyush dfgsfg 
<B><font color = 'blue'> .</font></B>  -jos@gmail.com
<B><font color = 'blue'> .</font></B>  -sdgff
<B><font color = 'blue'> .</font></B>  -2022-10-27
<B><font color = 'blue'> .</font></B>  -Absent
<B><font color = 'blue'> .</font></B>  -Absent
<B><font color = 'blue'> .</font></B>  -undefined
<B><font color = 'blue'> .</font></B>  -Bangalore
<B><font color = 'blue'> .</font></B>  -Testing
<B><font color = 'blue'> .</font></B>  -Absent
<B><font color = 'blue'> .</font></B>  -Absent
<B><font color = 'blue'> .</font></B>  -Absent
<B><font color = 'blue'> .</font></B>  -Absent
<B><font color = 'blue'> .</font></B>  -Absent
<B><font color = 'blue'> .</font></B>  -Absent
<B><font color = 'blue'> .</font></B>  -Absent
<B><font color = 'blue'> .</font></B>  -Absent
<B><font color = 'blue'> .</font></B>  -Absent
<B><font color = 'blue'> .</font></B>  -Absent
<B><font color = 'blue'> .</font></B>  -Absent
<B><font color = 'blue'> .</font></B>  -Aryan raj 
<B><font color = 'blue'> .</font></B>  -alex@gmail.com
<B><font color = 'blue'> .</font></B>  -126
<B><font color = 'blue'> .</font></B>  -2022-10-27
<B><font color = 'blue'> .</font></B>  -Absent
<B><font color = 'blue'> .</font></B>  -Absent
<B><font color = 'blue'> .</font></B>  -undefined
<B><font color = 'blue'> .</font></B>  -Bangalore
<B><font color = 'blue'> .</font></B>  -Testing
<B><font color = 'blue'> .</font></B>  -Absent
<B><font color = 'blue'> .</font></B>  -Absent
<B><font color = 'blue'> .</font></B>  -Absent
<B><font color = 'blue'> .</font></B>  -Absent
<B><font color = 'blue'> .</font></B>  -Absent
<B><font color = 'blue'> .</font></B>  -Absent
<B><font color = 'blue'> .</font></B>  -Absent
<B><font color = 'blue'> .</font></B>  -Absent
<B><font color = 'blue'> .</font></B>  -Absent
<B><font color = 'blue'> .</font></B>  -Absent
<B><font color = 'blue'> .</font></B>  -Absent
<B><font color = 'blue'> .</font></B>  -Automation CodeeeAuto 
<B><font color = 'blue'> .</font></B>  -skabcdef38@gmail.com
<B><font color = 'blue'> .</font></B>  -Emp-Abzcde-123457
<B><font color = 'blue'> .</font></B>  -2022-10-27
<B><font color = 'blue'> .</font></B>  -Absent
<B><font color = 'blue'> .</font></B>  -Absent
<B><font color = 'blue'> .</font></B>  -undefined
<B><font color = 'blue'> .</font></B>  -Bangalore
<B><font color = 'blue'> .</font></B>  -Testing
<B><font color = 'blue'> .</font></B>  -Absent
<B><font color = 'blue'> .</font></B>  -Absent
<B><font color = 'blue'> .</font></B>  -Absent
<B><font color = 'blue'> .</font></B>  -Absent
<B><font color = 'blue'> .</font></B>  -Absent
<B><font color = 'blue'> .</font></B>  -Absent
<B><font color = 'blue'> .</font></B>  -Absent
<B><font color = 'blue'> .</font></B>  -Absent
<B><font color = 'blue'> .</font></B>  -Absent
<B><font color = 'blue'> .</font></B>  -Absent
<B><font color = 'blue'> .</font></B>  -Absent
<B><font color = 'blue'> .</font></B>  -Automation CodeeeAuto 
<B><font color = 'blue'> .</font></B>  -skabcdef33@gmail.com
<B><font color = 'blue'> .</font></B>  -Emp-Abzcde-1234557
<B><font color = 'blue'> .</font></B>  -2022-10-27
<B><font color = 'blue'> .</font></B>  -Absent
<B><font color = 'blue'> .</font></B>  -Absent
<B><font color = 'blue'> .</font></B>  -undefined
<B><font color = 'blue'> .</font></B>  -Bangalore
<B><font color = 'blue'> .</font></B>  -Testing
<B><font color = 'blue'> .</font></B>  -Absent
<B><font color = 'blue'> .</font></B>  -Absent
<B><font color = 'blue'> .</font></B>  -Absent
<B><font color = 'blue'> .</font></B>  -Absent
<B><font color = 'blue'> .</font></B>  -Absent
<B><font color = 'blue'> .</font></B>  -Absent
<B><font color = 'blue'> .</font></B>  -Absent
<B><font color = 'blue'> .</font></B>  -Absent
<B><font color = 'blue'> .</font></B>  -Absent
<B><font color = 'blue'> .</font></B>  -Absent
<B><font color = 'blue'> .</font></B>  -Absent
<B><font color = 'blue'> .</font></B>  -R o       hit Sharma 
<B><font color = 'blue'> .</font></B>  -rahulrajt5613928@gmail.com
<B><font color = 'blue'> .</font></B>  -67645
<B><font color = 'blue'> .</font></B>  -2022-10-27
<B><font color = 'blue'> .</font></B>  -Absent
<B><font color = 'blue'> .</font></B>  -Absent
<B><font color = 'blue'> .</font></B>  -undefined
<B><font color = 'blue'> .</font></B>  -bengaluru
<B><font color = 'blue'> .</font></B>  -Testing
<B><font color = 'blue'> .</font></B>  -Absent
<B><font color = 'blue'> .</font></B>  -Absent
<B><font color = 'blue'> .</font></B>  -Absent
<B><font color = 'blue'> .</font></B>  -Absent
<B><font color = 'blue'> .</font></B>  -Absent
<B><font color = 'blue'> .</font></B>  -Absent
<B><font color = 'blue'> .</font></B>  -Absent
<B><font color = 'blue'> .</font></B>  -Absent
<B><font color = 'blue'> .</font></B>  -Absent
<B><font color = 'blue'> .</font></B>  -Absent
<B><font color = 'blue'> .</font></B>  -Absent
<B><font color = 'blue'> .</font></B>  -ni test 
<B><font color = 'blue'> .</font></B>  -nitest12@gmail.com
<B><font color = 'blue'> .</font></B>  -GLB678
<B><font color = 'blue'> .</font></B>  -2022-10-27
<B><font color = 'blue'> .</font></B>  -Absent
<B><font color = 'blue'> .</font></B>  -Absent
<B><font color = 'blue'> .</font></B>  -undefined
<B><font color = 'blue'> .</font></B>  -bengaluru
<B><font color = 'blue'> .</font></B>  -Testing
<B><font color = 'blue'> .</font></B>  -Absent
<B><font color = 'blue'> .</font></B>  -Absent
<B><font color = 'blue'> .</font></B>  -Absent
<B><font color = 'blue'> .</font></B>  -Absent
<B><font color = 'blue'> .</font></B>  -Absent
<B><font color = 'blue'> .</font></B>  -Absent
<B><font color = 'blue'> .</font></B>  -Absent
<B><font color = 'blue'> .</font></B>  -Absent
<B><font color = 'blue'> .</font></B>  -Absent
<B><font color = 'blue'> .</font></B>  -Absent
<B><font color = 'blue'> .</font></B>  -Absent
<B><font color = 'blue'> .</font></B>  -one test 
<B><font color = 'blue'> .</font></B>  -testone1234@gmail.com
<B><font color = 'blue'> .</font></B>  -0110
<B><font color = 'blue'> .</font></B>  -2022-10-27
<B><font color = 'blue'> .</font></B>  -Absent
<B><font color = 'blue'> .</font></B>  -Absent
<B><font color = 'blue'> .</font></B>  -undefined
<B><font color = 'blue'> .</font></B>  -bengaluru
<B><font color = 'blue'> .</font></B>  -Testing
<B><font color = 'blue'> .</font></B>  -Absent
<B><font color = 'blue'> .</font></B>  -Absent
<B><font color = 'blue'> .</font></B>  -Absent
<B><font color = 'blue'> .</font></B>  -Absent
<B><font color = 'blue'> .</font></B>  -Absent
<B><font color = 'blue'> .</font></B>  -Absent
<B><font color = 'blue'> .</font></B>  -Absent
<B><font color = 'blue'> .</font></B>  -Absent
<B><font color = 'blue'> .</font></B>  -Absent
<B><font color = 'blue'> .</font></B>  -Absent
<B><font color = 'blue'> .</font></B>  -Absent
<B><font color = 'blue'> .</font></B>  -GLB-BLR-010-PC - GLB-BLR-010 
<B><font color = 'blue'> .</font></B>  -abcd@yuksdgus
<B><font color = 'blue'> .</font></B>  -GLB-BLR-010
<B><font color = 'blue'> .</font></B>  -2022-10-27
<B><font color = 'blue'> .</font></B>  -Absent
<B><font color = 'blue'> .</font></B>  -Absent
<B><font color = 'blue'> .</font></B>  -undefined
<B><font color = 'blue'> .</font></B>  -bengaluru
<B><font color = 'blue'> .</font></B>  -Testing
<B><font color = 'blue'> .</font></B>  -Absent
<B><font color = 'blue'> .</font></B>  -Absent
<B><font color = 'blue'> .</font></B>  -Absent
<B><font color = 'blue'> .</font></B>  -Absent
<B><font color = 'blue'> .</font></B>  -Absent
<B><font color = 'blue'> .</font></B>  -Absent
<B><font color = 'blue'> .</font></B>  -Absent
<B><font color = 'blue'> .</font></B>  -Absent
<B><font color = 'blue'> .</font></B>  -Absent
<B><font color = 'blue'> .</font></B>  -Absent
<B><font color = 'blue'> .</font></B>  -Absent
<B><font color = 'blue'> .</font></B>  -surya kk 
<B><font color = 'blue'> .</font></B>  -123@gmail.com
<B><font color = 'blue'> .</font></B>  -mmmmm
<B><font color = 'blue'> .</font></B>  -2022-10-27
<B><font color = 'blue'> .</font></B>  -Absent
<B><font color = 'blue'> .</font></B>  -Absent
<B><font color = 'blue'> .</font></B>  -undefined
<B><font color = 'blue'> .</font></B>  -Tamilnadu
<B><font color = 'blue'> .</font></B>  -Test and Dev
<B><font color = 'blue'> .</font></B>  -Absent
<B><font color = 'blue'> .</font></B>  -Absent
<B><font color = 'blue'> .</font></B>  -Absent
<B><font color = 'blue'> .</font></B>  -Absent
<B><font color = 'blue'> .</font></B>  -Absent
<B><font color = 'blue'> .</font></B>  -Absent
<B><font color = 'blue'> .</font></B>  -Absent
<B><font color = 'blue'> .</font></B>  -Absent
<B><font color = 'blue'> .</font></B>  -Absent
<B><font color = 'blue'> .</font></B>  -Absent
<B><font color = 'blue'> .</font></B>  -Absent
<B><font color = 'blue'> .</font></B>  -sai kk 
<B><font color = 'blue'> .</font></B>  -saikk19876@gmail.com
<B><font color = 'blue'> .</font></B>  -20221019
<B><font color = 'blue'> .</font></B>  -2022-10-27
<B><font color = 'blue'> .</font></B>  -Absent
<B><font color = 'blue'> .</font></B>  -Absent
<B><font color = 'blue'> .</font></B>  -undefined
<B><font color = 'blue'> .</font></B>  -Tamilnadu
<B><font color = 'blue'> .</font></B>  -Test and Dev
<B><font color = 'blue'> .</font></B>  -Absent
<B><font color = 'blue'> .</font></B>  -Absent
<B><font color = 'blue'> .</font></B>  -Absent
<B><font color = 'blue'> .</font></B>  -Absent
<B><font color = 'blue'> .</font></B>  -Absent
<B><font color = 'blue'> .</font></B>  -Absent
<B><font color = 'blue'> .</font></B>  -Absent
<B><font color = 'blue'> .</font></B>  -Absent
<B><font color = 'blue'> .</font></B>  -Absent
<B><font color = 'blue'> .</font></B>  -Absent
<B><font color = 'blue'> .</font></B>  -Absent
<B><font color = 'blue'> .</font></B>  -ajeethemp test 
<B><font color = 'blue'> .</font></B>  -ajeethemp@gmail.com
<B><font color = 'blue'> .</font></B>  -A01
<B><font color = 'blue'> .</font></B>  -2022-10-27
<B><font color = 'blue'> .</font></B>  -Absent
<B><font color = 'blue'> .</font></B>  -Absent
<B><font color = 'blue'> .</font></B>  -undefined
<B><font color = 'blue'> .</font></B>  -Tamilnadu
<B><font color = 'blue'> .</font></B>  -Test and Dev
<B><font color = 'blue'> .</font></B>  -Absent
<B><font color = 'blue'> .</font></B>  -Absent
<B><font color = 'blue'> .</font></B>  -Absent
<B><font color = 'blue'> .</font></B>  -Absent
<B><font color = 'blue'> .</font></B>  -Absent
<B><font color = 'blue'> .</font></B>  -Absent
<B><font color = 'blue'> .</font></B>  -Absent
<B><font color = 'blue'> .</font></B>  -Absent
<B><font color = 'blue'> .</font></B>  -Absent
<B><font color = 'blue'> .</font></B>  -Absent
<B><font color = 'blue'> .</font></B>  -Absent
<B><font color = 'blue'> .</font></B>  -test user two 
<B><font color = 'blue'> .</font></B>  -testuser@two.io
<B><font color = 'blue'> .</font></B>  -GSLL-327
<B><font color = 'blue'> .</font></B>  -2022-10-27
<B><font color = 'blue'> .</font></B>  -Absent
<B><font color = 'blue'> .</font></B>  -Absent
<B><font color = 'blue'> .</font></B>  -undefined
<B><font color = 'blue'> .</font></B>  -Tamilnadu
<B><font color = 'blue'> .</font></B>  -Test and Dev
<B><font color = 'blue'> .</font></B>  -Absent
<B><font color = 'blue'> .</font></B>  -Absent
<B><font color = 'blue'> .</font></B>  -Absent
<B><font color = 'blue'> .</font></B>  -Absent
<B><font color = 'blue'> .</font></B>  -Absent
<B><font color = 'blue'> .</font></B>  -Absent
<B><font color = 'blue'> .</font></B>  -Absent
<B><font color = 'blue'> .</font></B>  -Absent
<B><font color = 'blue'> .</font></B>  -Absent
<B><font color = 'blue'> .</font></B>  -Absent
<B><font color = 'blue'> .</font></B>  -Absent
<B><font color = 'blue'> .</font></B>  -Himanshu Kumar 
<B><font color = 'blue'> .</font></B>  -himanshu1@gmail.com
<B><font color = 'blue'> .</font></B>  -EM011
<B><font color = 'blue'> .</font></B>  -2022-10-27
<B><font color = 'blue'> .</font></B>  -Absent
<B><font color = 'blue'> .</font></B>  -Absent
<B><font color = 'blue'> .</font></B>  -undefined
<B><font color = 'blue'> .</font></B>  -bagalkot
<B><font color = 'blue'> .</font></B>  -manual testing
<B><font color = 'blue'> .</font></B>  -Absent
<B><font color = 'blue'> .</font></B>  -Absent
<B><font color = 'blue'> .</font></B>  -Absent
<B><font color = 'blue'> .</font></B>  -Absent
<B><font color = 'blue'> .</font></B>  -Absent
<B><font color = 'blue'> .</font></B>  -Absent
<B><font color = 'blue'> .</font></B>  -Absent
<B><font color = 'blue'> .</font></B>  -Absent
<B><font color = 'blue'> .</font></B>  -Absent
<B><font color = 'blue'> .</font></B>  -Absent
<B><font color = 'blue'> .</font></B>  -Absent
<B><font color = 'blue'> .</font></B>  -dxgfdxg gssdg 
<B><font color = 'blue'> .</font></B>  -sdgsg@dgksodkg.in
<B><font color = 'blue'> .</font></B>  -asfda343443
<B><font color = 'blue'> .</font></B>  -2022-10-27
<B><font color = 'blue'> .</font></B>  -Absent
<B><font color = 'blue'> .</font></B>  -Absent
<B><font color = 'blue'> .</font></B>  -undefined
<B><font color = 'blue'> .</font></B>  -Bhilai
<B><font color = 'blue'> .</font></B>  -Php
<B><font color = 'blue'> .</font></B>  -Absent
<B><font color = 'blue'> .</font></B>  -Absent
<B><font color = 'blue'> .</font></B>  -Absent
<B><font color = 'blue'> .</font></B>  -Absent
<B><font color = 'blue'> .</font></B>  -Absent
<B><font color = 'blue'> .</font></B>  -Absent
<B><font color = 'blue'> .</font></B>  -Absent
<B><font color = 'blue'> .</font></B>  -Absent
<B><font color = 'blue'> .</font></B>  -Absent
<B><font color = 'blue'> .</font></B>  -Absent
<B><font color = 'blue'> .</font></B>  -Absent
<B><font color = 'blue'> .</font></B>  -Guest User 
<B><font color = 'blue'> .</font></B>  -guestuser@gmail.com
<B><font color = 'blue'> .</font></B>  -GLB-777
<B><font color = 'blue'> .</font></B>  -2022-10-27
<B><font color = 'blue'> .</font></B>  -Absent
<B><font color = 'blue'> .</font></B>  -Absent
<B><font color = 'blue'> .</font></B>  -undefined
<B><font color = 'blue'> .</font></B>  -Bhilai
<B><font color = 'blue'> .</font></B>  -Php
<B><font color = 'blue'> .</font></B>  -Absent
<B><font color = 'blue'> .</font></B>  -Absent
<B><font color = 'blue'> .</font></B>  -Absent
<B><font color = 'blue'> .</font></B>  -Absent
<B><font color = 'blue'> .</font></B>  -Absent
<B><font color = 'blue'> .</font></B>  -Absent
<B><font color = 'blue'> .</font></B>  -Absent
<B><font color = 'blue'> .</font></B>  -Absent
<B><font color = 'blue'> .</font></B>  -Absent
<B><font color = 'blue'> .</font></B>  -Absent
<B><font color = 'blue'> .</font></B>  -Absent
<B><font color = 'blue'> .</font></B>  -sumesh test 
<B><font color = 'blue'> .</font></B>  -sumesh@mail.com
<B><font color = 'blue'> .</font></B>  -fdgfdgf
<B><font color = 'blue'> .</font></B>  -2022-10-26
<B><font color = 'blue'> .</font></B>  -26-10-2022 16:05:19
<B><font color = 'blue'> .</font></B>  -26-10-2022 16:08:19
<B><font color = 'blue'> .</font></B>  -GLB-124-PC
<B><font color = 'blue'> .</font></B>  -Bangalore
<B><font color = 'blue'> .</font></B>  -Testing
<B><font color = 'blue'> .</font></B>  -00:03:00
<B><font color = 'blue'> .</font></B>  -00:00:00
<B><font color = 'blue'> .</font></B>  -00:00:00
<B><font color = 'blue'> .</font></B>  -00:00:00
<B><font color = 'blue'> .</font></B>  -00:00:00
<B><font color = 'blue'> .</font></B>  -00:00:00
<B><font color = 'blue'> .</font></B>  -00:00:00
<B><font color = 'blue'> .</font></B>  -00:03:00
<B><font color = 'blue'> .</font></B>  -0.00%
<B><font color = 'blue'> .</font></B>  --480:00
<B><font color = 'blue'> .</font></B>  -0.00
<B><font color = 'blue'> .</font></B>  -D Surya Prabhakar 
<B><font color = 'blue'> .</font></B>  -surya1@gmail.com
<B><font color = 'blue'> .</font></B>  -EM010
<B><font color = 'blue'> .</font></B>  -2022-10-26
<B><font color = 'blue'> .</font></B>  -26-10-2022 16:16:23
<B><font color = 'blue'> .</font></B>  -27-10-2022 00:00:00
<B><font color = 'blue'> .</font></B>  -GLB-110-PC
<B><font color = 'blue'> .</font></B>  -bengaluru
<B><font color = 'blue'> .</font></B>  -Testing
<B><font color = 'blue'> .</font></B>  -07:43:37
<B><font color = 'blue'> .</font></B>  -00:00:00
<B><font color = 'blue'> .</font></B>  -00:00:00
<B><font color = 'blue'> .</font></B>  -00:00:00
<B><font color = 'blue'> .</font></B>  -00:00:00
<B><font color = 'blue'> .</font></B>  -00:00:00
<B><font color = 'blue'> .</font></B>  -00:00:00
<B><font color = 'blue'> .</font></B>  -07:43:37
<B><font color = 'blue'> .</font></B>  -0.00%
<B><font color = 'blue'> .</font></B>  --480:00
<B><font color = 'blue'> .</font></B>  -0.00
<B><font color = 'blue'> .</font></B>  -Virat kohli 
<B><font color = 'blue'> .</font></B>  -rahukbgdxgsf@gmail.com
<B><font color = 'blue'> .</font></B>  -65332
<B><font color = 'blue'> .</font></B>  -2022-10-26
<B><font color = 'blue'> .</font></B>  -26-10-2022 17:01:39
<B><font color = 'blue'> .</font></B>  -26-10-2022 18:13:39
<B><font color = 'blue'> .</font></B>  -GLB-124-PC
<B><font color = 'blue'> .</font></B>  -Default
<B><font color = 'blue'> .</font></B>  -Default
<B><font color = 'blue'> .</font></B>  -01:12:00
<B><font color = 'blue'> .</font></B>  -00:00:00
<B><font color = 'blue'> .</font></B>  -00:00:00
<B><font color = 'blue'> .</font></B>  -00:00:00
<B><font color = 'blue'> .</font></B>  -00:00:00
<B><font color = 'blue'> .</font></B>  -00:00:00
<B><font color = 'blue'> .</font></B>  -00:00:00
<B><font color = 'blue'> .</font></B>  -01:12:00
<B><font color = 'blue'> .</font></B>  -0.00%
<B><font color = 'blue'> .</font></B>  --480:00
<B><font color = 'blue'> .</font></B>  -0.00
<B><font color = 'blue'> .</font></B>  -sadas kadkasdj 
<B><font color = 'blue'> .</font></B>  -dsa@eqe
<B><font color = 'blue'> .</font></B>  -emp129666
<B><font color = 'blue'> .</font></B>  -2022-10-26
<B><font color = 'blue'> .</font></B>  -Absent
<B><font color = 'blue'> .</font></B>  -Absent
<B><font color = 'blue'> .</font></B>  -undefined
<B><font color = 'blue'> .</font></B>  -Default
<B><font color = 'blue'> .</font></B>  -Default
<B><font color = 'blue'> .</font></B>  -Absent
<B><font color = 'blue'> .</font></B>  -Absent
<B><font color = 'blue'> .</font></B>  -Absent
<B><font color = 'blue'> .</font></B>  -Absent
<B><font color = 'blue'> .</font></B>  -Absent
<B><font color = 'blue'> .</font></B>  -Absent
<B><font color = 'blue'> .</font></B>  -Absent
<B><font color = 'blue'> .</font></B>  -Absent
<B><font color = 'blue'> .</font></B>  -Absent
<B><font color = 'blue'> .</font></B>  -Absent
<B><font color = 'blue'> .</font></B>  -Absent
<B><font color = 'blue'> .</font></B>  -New Test 
<B><font color = 'blue'> .</font></B>  -newtest@gmail.com
<B><font color = 'blue'> .</font></B>  -ewer334443
<B><font color = 'blue'> .</font></B>  -2022-10-26
<B><font color = 'blue'> .</font></B>  -Absent
<B><font color = 'blue'> .</font></B>  -Absent
<B><font color = 'blue'> .</font></B>  -undefined
<B><font color = 'blue'> .</font></B>  -Default
<B><font color = 'blue'> .</font></B>  -Default
<B><font color = 'blue'> .</font></B>  -Absent
<B><font color = 'blue'> .</font></B>  -Absent
<B><font color = 'blue'> .</font></B>  -Absent
<B><font color = 'blue'> .</font></B>  -Absent
<B><font color = 'blue'> .</font></B>  -Absent
<B><font color = 'blue'> .</font></B>  -Absent
<B><font color = 'blue'> .</font></B>  -Absent
<B><font color = 'blue'> .</font></B>  -Absent
<B><font color = 'blue'> .</font></B>  -Absent
<B><font color = 'blue'> .</font></B>  -Absent
<B><font color = 'blue'> .</font></B>  -Absent
<B><font color = 'blue'> .</font></B>  -dshcdb uidsbf 
<B><font color = 'blue'> .</font></B>  -dvbvdb@yahoo.com
<B><font color = 'blue'> .</font></B>  -435454
<B><font color = 'blue'> .</font></B>  -2022-10-26
<B><font color = 'blue'> .</font></B>  -Absent
<B><font color = 'blue'> .</font></B>  -Absent
<B><font color = 'blue'> .</font></B>  -undefined
<B><font color = 'blue'> .</font></B>  -Default
<B><font color = 'blue'> .</font></B>  -Default
<B><font color = 'blue'> .</font></B>  -Absent
<B><font color = 'blue'> .</font></B>  -Absent
<B><font color = 'blue'> .</font></B>  -Absent
<B><font color = 'blue'> .</font></B>  -Absent
<B><font color = 'blue'> .</font></B>  -Absent
<B><font color = 'blue'> .</font></B>  -Absent
<B><font color = 'blue'> .</font></B>  -Absent
<B><font color = 'blue'> .</font></B>  -Absent
<B><font color = 'blue'> .</font></B>  -Absent
<B><font color = 'blue'> .</font></B>  -Absent
<B><font color = 'blue'> .</font></B>  -Absent
<B><font color = 'blue'> .</font></B>  -try last 
<B><font color = 'blue'> .</font></B>  -try@gmail.com
<B><font color = 'blue'> .</font></B>  -1225455
<B><font color = 'blue'> .</font></B>  -2022-10-26
<B><font color = 'blue'> .</font></B>  -Absent
<B><font color = 'blue'> .</font></B>  -Absent
<B><font color = 'blue'> .</font></B>  -undefined
<B><font color = 'blue'> .</font></B>  -Default
<B><font color = 'blue'> .</font></B>  -Default
<B><font color = 'blue'> .</font></B>  -Absent
<B><font color = 'blue'> .</font></B>  -Absent
<B><font color = 'blue'> .</font></B>  -Absent
<B><font color = 'blue'> .</font></B>  -Absent
<B><font color = 'blue'> .</font></B>  -Absent
<B><font color = 'blue'> .</font></B>  -Absent
<B><font color = 'blue'> .</font></B>  -Absent
<B><font color = 'blue'> .</font></B>  -Absent
<B><font color = 'blue'> .</font></B>  -Absent
<B><font color = 'blue'> .</font></B>  -Absent
<B><font color = 'blue'> .</font></B>  -Absent
<B><font color = 'blue'> .</font></B>  -vdjvdb yusvdvbbh 
<B><font color = 'blue'> .</font></B>  -dvhbfdh@gmail.com
<B><font color = 'blue'> .</font></B>  -wq534342
<B><font color = 'blue'> .</font></B>  -2022-10-26
<B><font color = 'blue'> .</font></B>  -Absent
<B><font color = 'blue'> .</font></B>  -Absent
<B><font color = 'blue'> .</font></B>  -undefined
<B><font color = 'blue'> .</font></B>  -Default
<B><font color = 'blue'> .</font></B>  -Default
<B><font color = 'blue'> .</font></B>  -Absent
<B><font color = 'blue'> .</font></B>  -Absent
<B><font color = 'blue'> .</font></B>  -Absent
<B><font color = 'blue'> .</font></B>  -Absent
<B><font color = 'blue'> .</font></B>  -Absent
<B><font color = 'blue'> .</font></B>  -Absent
<B><font color = 'blue'> .</font></B>  -Absent
<B><font color = 'blue'> .</font></B>  -Absent
<B><font color = 'blue'> .</font></B>  -Absent
<B><font color = 'blue'> .</font></B>  -Absent
<B><font color = 'blue'> .</font></B>  -Absent
<B><font color = 'blue'> .</font></B>  -Mail Test user 
<B><font color = 'blue'> .</font></B>  -maintest@user.io
<B><font color = 'blue'> .</font></B>  -GLB-1223888
<B><font color = 'blue'> .</font></B>  -2022-10-26
<B><font color = 'blue'> .</font></B>  -Absent
<B><font color = 'blue'> .</font></B>  -Absent
<B><font color = 'blue'> .</font></B>  -undefined
<B><font color = 'blue'> .</font></B>  -Default
<B><font color = 'blue'> .</font></B>  -Default
<B><font color = 'blue'> .</font></B>  -Absent
<B><font color = 'blue'> .</font></B>  -Absent
<B><font color = 'blue'> .</font></B>  -Absent
<B><font color = 'blue'> .</font></B>  -Absent
<B><font color = 'blue'> .</font></B>  -Absent
<B><font color = 'blue'> .</font></B>  -Absent
<B><font color = 'blue'> .</font></B>  -Absent
<B><font color = 'blue'> .</font></B>  -Absent
<B><font color = 'blue'> .</font></B>  -Absent
<B><font color = 'blue'> .</font></B>  -Absent
<B><font color = 'blue'> .</font></B>  -Absent
<B><font color = 'blue'> .</font></B>  -Update Check 
<B><font color = 'blue'> .</font></B>  -updates@gmail.com
<B><font color = 'blue'> .</font></B>  -emp543
<B><font color = 'blue'> .</font></B>  -2022-10-26
<B><font color = 'blue'> .</font></B>  -Absent
<B><font color = 'blue'> .</font></B>  -Absent
<B><font color = 'blue'> .</font></B>  -undefined
<B><font color = 'blue'> .</font></B>  -Default
<B><font color = 'blue'> .</font></B>  -Default
<B><font color = 'blue'> .</font></B>  -Absent
<B><font color = 'blue'> .</font></B>  -Absent
<B><font color = 'blue'> .</font></B>  -Absent
<B><font color = 'blue'> .</font></B>  -Absent
<B><font color = 'blue'> .</font></B>  -Absent
<B><font color = 'blue'> .</font></B>  -Absent
<B><font color = 'blue'> .</font></B>  -Absent
<B><font color = 'blue'> .</font></B>  -Absent
<B><font color = 'blue'> .</font></B>  -Absent
<B><font color = 'blue'> .</font></B>  -Absent
<B><font color = 'blue'> .</font></B>  -Absent
<B><font color = 'blue'> .</font></B>  -test manager 
<B><font color = 'blue'> .</font></B>  -manageremp@gmail.com
<B><font color = 'blue'> .</font></B>  -glb020
<B><font color = 'blue'> .</font></B>  -2022-10-26
<B><font color = 'blue'> .</font></B>  -Absent
<B><font color = 'blue'> .</font></B>  -Absent
<B><font color = 'blue'> .</font></B>  -undefined
<B><font color = 'blue'> .</font></B>  -Default
<B><font color = 'blue'> .</font></B>  -Default
<B><font color = 'blue'> .</font></B>  -Absent
<B><font color = 'blue'> .</font></B>  -Absent
<B><font color = 'blue'> .</font></B>  -Absent
<B><font color = 'blue'> .</font></B>  -Absent
<B><font color = 'blue'> .</font></B>  -Absent
<B><font color = 'blue'> .</font></B>  -Absent
<B><font color = 'blue'> .</font></B>  -Absent
<B><font color = 'blue'> .</font></B>  -Absent
<B><font color = 'blue'> .</font></B>  -Absent
<B><font color = 'blue'> .</font></B>  -Absent
<B><font color = 'blue'> .</font></B>  -Absent
<B><font color = 'blue'> .</font></B>  -DESKTOP-PJJHB19 - GLB-BLR-002OjUpRD2 
<B><font color = 'blue'> .</font></B>  --
<B><font color = 'blue'> .</font></B>  -GLB-BLR-002OjUpRD2
<B><font color = 'blue'> .</font></B>  -2022-10-26
<B><font color = 'blue'> .</font></B>  -Absent
<B><font color = 'blue'> .</font></B>  -Absent
<B><font color = 'blue'> .</font></B>  -undefined
<B><font color = 'blue'> .</font></B>  -Default
<B><font color = 'blue'> .</font></B>  -Default
<B><font color = 'blue'> .</font></B>  -Absent
<B><font color = 'blue'> .</font></B>  -Absent
<B><font color = 'blue'> .</font></B>  -Absent
<B><font color = 'blue'> .</font></B>  -Absent
<B><font color = 'blue'> .</font></B>  -Absent
<B><font color = 'blue'> .</font></B>  -Absent
<B><font color = 'blue'> .</font></B>  -Absent
<B><font color = 'blue'> .</font></B>  -Absent
<B><font color = 'blue'> .</font></B>  -Absent
<B><font color = 'blue'> .</font></B>  -Absent
<B><font color = 'blue'> .</font></B>  -Absent
<B><font color = 'blue'> .</font></B>  -Usb Test 
<B><font color = 'blue'> .</font></B>  -usbtest123@gmail.com
<B><font color = 'blue'> .</font></B>  -emp0097
<B><font color = 'blue'> .</font></B>  -2022-10-26
<B><font color = 'blue'> .</font></B>  -Absent
<B><font color = 'blue'> .</font></B>  -Absent
<B><font color = 'blue'> .</font></B>  -undefined
<B><font color = 'blue'> .</font></B>  -Default
<B><font color = 'blue'> .</font></B>  -Default
<B><font color = 'blue'> .</font></B>  -Absent
<B><font color = 'blue'> .</font></B>  -Absent
<B><font color = 'blue'> .</font></B>  -Absent
<B><font color = 'blue'> .</font></B>  -Absent
<B><font color = 'blue'> .</font></B>  -Absent
<B><font color = 'blue'> .</font></B>  -Absent
<B><font color = 'blue'> .</font></B>  -Absent
<B><font color = 'blue'> .</font></B>  -Absent
<B><font color = 'blue'> .</font></B>  -Absent
<B><font color = 'blue'> .</font></B>  -Absent
<B><font color = 'blue'> .</font></B>  -Absent
<B><font color = 'blue'> .</font></B>  -SS Keystrokes 
<B><font color = 'blue'> .</font></B>  -sskey@gmail.com
<B><font color = 'blue'> .</font></B>  -emp98y
<B><font color = 'blue'> .</font></B>  -2022-10-26
<B><font color = 'blue'> .</font></B>  -Absent
<B><font color = 'blue'> .</font></B>  -Absent
<B><font color = 'blue'> .</font></B>  -undefined
<B><font color = 'blue'> .</font></B>  -Default
<B><font color = 'blue'> .</font></B>  -Default
<B><font color = 'blue'> .</font></B>  -Absent
<B><font color = 'blue'> .</font></B>  -Absent
<B><font color = 'blue'> .</font></B>  -Absent
<B><font color = 'blue'> .</font></B>  -Absent
<B><font color = 'blue'> .</font></B>  -Absent
<B><font color = 'blue'> .</font></B>  -Absent
<B><font color = 'blue'> .</font></B>  -Absent
<B><font color = 'blue'> .</font></B>  -Absent
<B><font color = 'blue'> .</font></B>  -Absent
<B><font color = 'blue'> .</font></B>  -Absent
<B><font color = 'blue'> .</font></B>  -Absent
<B><font color = 'blue'> .</font></B>  -shivammmmmmmmmmmmmmmmmmmm Kumar 
<B><font color = 'blue'> .</font></B>  -kgfyash545@gmail.com
<B><font color = 'blue'> .</font></B>  -hsakhdjk414
<B><font color = 'blue'> .</font></B>  -2022-10-26
<B><font color = 'blue'> .</font></B>  -Absent
<B><font color = 'blue'> .</font></B>  -Absent
<B><font color = 'blue'> .</font></B>  -undefined
<B><font color = 'blue'> .</font></B>  -Default
<B><font color = 'blue'> .</font></B>  -Default
<B><font color = 'blue'> .</font></B>  -Absent
<B><font color = 'blue'> .</font></B>  -Absent
<B><font color = 'blue'> .</font></B>  -Absent
<B><font color = 'blue'> .</font></B>  -Absent
<B><font color = 'blue'> .</font></B>  -Absent
<B><font color = 'blue'> .</font></B>  -Absent
<B><font color = 'blue'> .</font></B>  -Absent
<B><font color = 'blue'> .</font></B>  -Absent
<B><font color = 'blue'> .</font></B>  -Absent
<B><font color = 'blue'> .</font></B>  -Absent
<B><font color = 'blue'> .</font></B>  -Absent
<B><font color = 'blue'> .</font></B>  -Abhishek Four tf test 
<B><font color = 'blue'> .</font></B>  -abhishekfourtf@mail.com
<B><font color = 'blue'> .</font></B>  -HLIKSJ98
<B><font color = 'blue'> .</font></B>  -2022-10-26
<B><font color = 'blue'> .</font></B>  -Absent
<B><font color = 'blue'> .</font></B>  -Absent
<B><font color = 'blue'> .</font></B>  -undefined
<B><font color = 'blue'> .</font></B>  -Default
<B><font color = 'blue'> .</font></B>  -Default
<B><font color = 'blue'> .</font></B>  -Absent
<B><font color = 'blue'> .</font></B>  -Absent
<B><font color = 'blue'> .</font></B>  -Absent
<B><font color = 'blue'> .</font></B>  -Absent
<B><font color = 'blue'> .</font></B>  -Absent
<B><font color = 'blue'> .</font></B>  -Absent
<B><font color = 'blue'> .</font></B>  -Absent
<B><font color = 'blue'> .</font></B>  -Absent
<B><font color = 'blue'> .</font></B>  -Absent
<B><font color = 'blue'> .</font></B>  -Absent
<B><font color = 'blue'> .</font></B>  -Absent
<B><font color = 'blue'> .</font></B>  -new dev user 
<B><font color = 'blue'> .</font></B>  -new@dev.user
<B><font color = 'blue'> .</font></B>  -fdfsfsd
<B><font color = 'blue'> .</font></B>  -2022-10-26
<B><font color = 'blue'> .</font></B>  -Absent
<B><font color = 'blue'> .</font></B>  -Absent
<B><font color = 'blue'> .</font></B>  -undefined
<B><font color = 'blue'> .</font></B>  -Default
<B><font color = 'blue'> .</font></B>  -Default
<B><font color = 'blue'> .</font></B>  -Absent
<B><font color = 'blue'> .</font></B>  -Absent
<B><font color = 'blue'> .</font></B>  -Absent
<B><font color = 'blue'> .</font></B>  -Absent
<B><font color = 'blue'> .</font></B>  -Absent
<B><font color = 'blue'> .</font></B>  -Absent
<B><font color = 'blue'> .</font></B>  -Absent
<B><font color = 'blue'> .</font></B>  -Absent
<B><font color = 'blue'> .</font></B>  -Absent
<B><font color = 'blue'> .</font></B>  -Absent
<B><font color = 'blue'> .</font></B>  -Absent
<B><font color = 'blue'> .</font></B>  -aaaaaaaaaa aaaaaaaaa 
<B><font color = 'blue'> .</font></B>  -mmmm@gmail.com
<B><font color = 'blue'> .</font></B>  -80765s
<B><font color = 'blue'> .</font></B>  -2022-10-26
<B><font color = 'blue'> .</font></B>  -Absent
<B><font color = 'blue'> .</font></B>  -Absent
<B><font color = 'blue'> .</font></B>  -undefined
<B><font color = 'blue'> .</font></B>  -Bangalore
<B><font color = 'blue'> .</font></B>  -Testing
<B><font color = 'blue'> .</font></B>  -Absent
<B><font color = 'blue'> .</font></B>  -Absent
<B><font color = 'blue'> .</font></B>  -Absent
<B><font color = 'blue'> .</font></B>  -Absent
<B><font color = 'blue'> .</font></B>  -Absent
<B><font color = 'blue'> .</font></B>  -Absent
<B><font color = 'blue'> .</font></B>  -Absent
<B><font color = 'blue'> .</font></B>  -Absent
<B><font color = 'blue'> .</font></B>  -Absent
<B><font color = 'blue'> .</font></B>  -Absent
<B><font color = 'blue'> .</font></B>  -Absent
<B><font color = 'blue'> .</font></B>  -Test msc 
<B><font color = 'blue'> .</font></B>  -test123@gmail.com
<B><font color = 'blue'> .</font></B>  -12254
<B><font color = 'blue'> .</font></B>  -2022-10-26
<B><font color = 'blue'> .</font></B>  -Absent
<B><font color = 'blue'> .</font></B>  -Absent
<B><font color = 'blue'> .</font></B>  -undefined
<B><font color = 'blue'> .</font></B>  -Bangalore
<B><font color = 'blue'> .</font></B>  -Testing
<B><font color = 'blue'> .</font></B>  -Absent
<B><font color = 'blue'> .</font></B>  -Absent
<B><font color = 'blue'> .</font></B>  -Absent
<B><font color = 'blue'> .</font></B>  -Absent
<B><font color = 'blue'> .</font></B>  -Absent
<B><font color = 'blue'> .</font></B>  -Absent
<B><font color = 'blue'> .</font></B>  -Absent
<B><font color = 'blue'> .</font></B>  -Absent
<B><font color = 'blue'> .</font></B>  -Absent
<B><font color = 'blue'> .</font></B>  -Absent
<B><font color = 'blue'> .</font></B>  -Absent
<B><font color = 'blue'> .</font></B>  -deffdfds vscsc 
<B><font color = 'blue'> .</font></B>  -cscsdw123@gmail.com
<B><font color = 'blue'> .</font></B>  -1234512
<B><font color = 'blue'> .</font></B>  -2022-10-26
<B><font color = 'blue'> .</font></B>  -Absent
<B><font color = 'blue'> .</font></B>  -Absent
<B><font color = 'blue'> .</font></B>  -undefined
<B><font color = 'blue'> .</font></B>  -Bangalore
<B><font color = 'blue'> .</font></B>  -Testing
<B><font color = 'blue'> .</font></B>  -Absent
<B><font color = 'blue'> .</font></B>  -Absent
<B><font color = 'blue'> .</font></B>  -Absent
<B><font color = 'blue'> .</font></B>  -Absent
<B><font color = 'blue'> .</font></B>  -Absent
<B><font color = 'blue'> .</font></B>  -Absent
<B><font color = 'blue'> .</font></B>  -Absent
<B><font color = 'blue'> .</font></B>  -Absent
<B><font color = 'blue'> .</font></B>  -Absent
<B><font color = 'blue'> .</font></B>  -Absent
<B><font color = 'blue'> .</font></B>  -Absent
<B><font color = 'blue'> .</font></B>  -test testtt 
<B><font color = 'blue'> .</font></B>  -abcd@gmail.com
<B><font color = 'blue'> .</font></B>  -GLB55
<B><font color = 'blue'> .</font></B>  -2022-10-26
<B><font color = 'blue'> .</font></B>  -Absent
<B><font color = 'blue'> .</font></B>  -Absent
<B><font color = 'blue'> .</font></B>  -undefined
<B><font color = 'blue'> .</font></B>  -Bangalore
<B><font color = 'blue'> .</font></B>  -Testing
<B><font color = 'blue'> .</font></B>  -Absent
<B><font color = 'blue'> .</font></B>  -Absent
<B><font color = 'blue'> .</font></B>  -Absent
<B><font color = 'blue'> .</font></B>  -Absent
<B><font color = 'blue'> .</font></B>  -Absent
<B><font color = 'blue'> .</font></B>  -Absent
<B><font color = 'blue'> .</font></B>  -Absent
<B><font color = 'blue'> .</font></B>  -Absent
<B><font color = 'blue'> .</font></B>  -Absent
<B><font color = 'blue'> .</font></B>  -Absent
<B><font color = 'blue'> .</font></B>  -Absent
<B><font color = 'blue'> .</font></B>  -Abhishe tt 
<B><font color = 'blue'> .</font></B>  -ab@ab.com
<B><font color = 'blue'> .</font></B>  -GKD567
<B><font color = 'blue'> .</font></B>  -2022-10-26
<B><font color = 'blue'> .</font></B>  -Absent
<B><font color = 'blue'> .</font></B>  -Absent
<B><font color = 'blue'> .</font></B>  -undefined
<B><font color = 'blue'> .</font></B>  -Bangalore
<B><font color = 'blue'> .</font></B>  -Testing
<B><font color = 'blue'> .</font></B>  -Absent
<B><font color = 'blue'> .</font></B>  -Absent
<B><font color = 'blue'> .</font></B>  -Absent
<B><font color = 'blue'> .</font></B>  -Absent
<B><font color = 'blue'> .</font></B>  -Absent
<B><font color = 'blue'> .</font></B>  -Absent
<B><font color = 'blue'> .</font></B>  -Absent
<B><font color = 'blue'> .</font></B>  -Absent
<B><font color = 'blue'> .</font></B>  -Absent
<B><font color = 'blue'> .</font></B>  -Absent
<B><font color = 'blue'> .</font></B>  -Absent
<B><font color = 'blue'> .</font></B>  -test nonadmin 
<B><font color = 'blue'> .</font></B>  -testnonadmin@gmail.com
<B><font color = 'blue'> .</font></B>  -GLB026
<B><font color = 'blue'> .</font></B>  -2022-10-26
<B><font color = 'blue'> .</font></B>  -Absent
<B><font color = 'blue'> .</font></B>  -Absent
<B><font color = 'blue'> .</font></B>  -undefined
<B><font color = 'blue'> .</font></B>  -Bangalore
<B><font color = 'blue'> .</font></B>  -Php
<B><font color = 'blue'> .</font></B>  -Absent
<B><font color = 'blue'> .</font></B>  -Absent
<B><font color = 'blue'> .</font></B>  -Absent
<B><font color = 'blue'> .</font></B>  -Absent
<B><font color = 'blue'> .</font></B>  -Absent
<B><font color = 'blue'> .</font></B>  -Absent
<B><font color = 'blue'> .</font></B>  -Absent
<B><font color = 'blue'> .</font></B>  -Absent
<B><font color = 'blue'> .</font></B>  -Absent
<B><font color = 'blue'> .</font></B>  -Absent
<B><font color = 'blue'> .</font></B>  -Absent
<B><font color = 'blue'> .</font></B>  -adg ckj 
<B><font color = 'blue'> .</font></B>  -adcs@1234
<B><font color = 'blue'> .</font></B>  -583
<B><font color = 'blue'> .</font></B>  -2022-10-26
<B><font color = 'blue'> .</font></B>  -Absent
<B><font color = 'blue'> .</font></B>  -Absent
<B><font color = 'blue'> .</font></B>  -undefined
<B><font color = 'blue'> .</font></B>  -Bangalore
<B><font color = 'blue'> .</font></B>  -Testing
<B><font color = 'blue'> .</font></B>  -Absent
<B><font color = 'blue'> .</font></B>  -Absent
<B><font color = 'blue'> .</font></B>  -Absent
<B><font color = 'blue'> .</font></B>  -Absent
<B><font color = 'blue'> .</font></B>  -Absent
<B><font color = 'blue'> .</font></B>  -Absent
<B><font color = 'blue'> .</font></B>  -Absent
<B><font color = 'blue'> .</font></B>  -Absent
<B><font color = 'blue'> .</font></B>  -Absent
<B><font color = 'blue'> .</font></B>  -Absent
<B><font color = 'blue'> .</font></B>  -Absent
<B><font color = 'blue'> .</font></B>  -dominic toretto 
<B><font color = 'blue'> .</font></B>  -dom.toretto737@gmail.com
<B><font color = 'blue'> .</font></B>  -EMP011
<B><font color = 'blue'> .</font></B>  -2022-10-26
<B><font color = 'blue'> .</font></B>  -Absent
<B><font color = 'blue'> .</font></B>  -Absent
<B><font color = 'blue'> .</font></B>  -undefined
<B><font color = 'blue'> .</font></B>  -Bangalore
<B><font color = 'blue'> .</font></B>  -Testing
<B><font color = 'blue'> .</font></B>  -Absent
<B><font color = 'blue'> .</font></B>  -Absent
<B><font color = 'blue'> .</font></B>  -Absent
<B><font color = 'blue'> .</font></B>  -Absent
<B><font color = 'blue'> .</font></B>  -Absent
<B><font color = 'blue'> .</font></B>  -Absent
<B><font color = 'blue'> .</font></B>  -Absent
<B><font color = 'blue'> .</font></B>  -Absent
<B><font color = 'blue'> .</font></B>  -Absent
<B><font color = 'blue'> .</font></B>  -Absent
<B><font color = 'blue'> .</font></B>  -Absent
<B><font color = 'blue'> .</font></B>  -Abhishek Test 
<B><font color = 'blue'> .</font></B>  -abhishektrest@glb.in
<B><font color = 'blue'> .</font></B>  -rN7tvEiDPGNi4fD
<B><font color = 'blue'> .</font></B>  -2022-10-26
<B><font color = 'blue'> .</font></B>  -Absent
<B><font color = 'blue'> .</font></B>  -Absent
<B><font color = 'blue'> .</font></B>  -undefined
<B><font color = 'blue'> .</font></B>  -Bangalore
<B><font color = 'blue'> .</font></B>  -Php
<B><font color = 'blue'> .</font></B>  -Absent
<B><font color = 'blue'> .</font></B>  -Absent
<B><font color = 'blue'> .</font></B>  -Absent
<B><font color = 'blue'> .</font></B>  -Absent
<B><font color = 'blue'> .</font></B>  -Absent
<B><font color = 'blue'> .</font></B>  -Absent
<B><font color = 'blue'> .</font></B>  -Absent
<B><font color = 'blue'> .</font></B>  -Absent
<B><font color = 'blue'> .</font></B>  -Absent
<B><font color = 'blue'> .</font></B>  -Absent
<B><font color = 'blue'> .</font></B>  -Absent
<B><font color = 'blue'> .</font></B>  -Superior Test one 
<B><font color = 'blue'> .</font></B>  -superiorone@gmail.com
<B><font color = 'blue'> .</font></B>  -twoqw
<B><font color = 'blue'> .</font></B>  -2022-10-26
<B><font color = 'blue'> .</font></B>  -Absent
<B><font color = 'blue'> .</font></B>  -Absent
<B><font color = 'blue'> .</font></B>  -undefined
<B><font color = 'blue'> .</font></B>  -Bangalore
<B><font color = 'blue'> .</font></B>  -Testing
<B><font color = 'blue'> .</font></B>  -Absent
<B><font color = 'blue'> .</font></B>  -Absent
<B><font color = 'blue'> .</font></B>  -Absent
<B><font color = 'blue'> .</font></B>  -Absent
<B><font color = 'blue'> .</font></B>  -Absent
<B><font color = 'blue'> .</font></B>  -Absent
<B><font color = 'blue'> .</font></B>  -Absent
<B><font color = 'blue'> .</font></B>  -Absent
<B><font color = 'blue'> .</font></B>  -Absent
<B><font color = 'blue'> .</font></B>  -Absent
<B><font color = 'blue'> .</font></B>  -Absent
<B><font color = 'blue'> .</font></B>  -test testw 
<B><font color = 'blue'> .</font></B>  -test@mac.in
<B><font color = 'blue'> .</font></B>  -aaf123
<B><font color = 'blue'> .</font></B>  -2022-10-26
<B><font color = 'blue'> .</font></B>  -Absent
<B><font color = 'blue'> .</font></B>  -Absent
<B><font color = 'blue'> .</font></B>  -undefined
<B><font color = 'blue'> .</font></B>  -Bangalore
<B><font color = 'blue'> .</font></B>  -Php
<B><font color = 'blue'> .</font></B>  -Absent
<B><font color = 'blue'> .</font></B>  -Absent
<B><font color = 'blue'> .</font></B>  -Absent
<B><font color = 'blue'> .</font></B>  -Absent
<B><font color = 'blue'> .</font></B>  -Absent
<B><font color = 'blue'> .</font></B>  -Absent
<B><font color = 'blue'> .</font></B>  -Absent
<B><font color = 'blue'> .</font></B>  -Absent
<B><font color = 'blue'> .</font></B>  -Absent
<B><font color = 'blue'> .</font></B>  -Absent
<B><font color = 'blue'> .</font></B>  -Absent
<B><font color = 'blue'> .</font></B>  -sam eer 
<B><font color = 'blue'> .</font></B>  -sam@rf.in
<B><font color = 'blue'> .</font></B>  -WSAERT2Q34E
<B><font color = 'blue'> .</font></B>  -2022-10-26
<B><font color = 'blue'> .</font></B>  -Absent
<B><font color = 'blue'> .</font></B>  -Absent
<B><font color = 'blue'> .</font></B>  -undefined
<B><font color = 'blue'> .</font></B>  -Bangalore
<B><font color = 'blue'> .</font></B>  -Testing
<B><font color = 'blue'> .</font></B>  -Absent
<B><font color = 'blue'> .</font></B>  -Absent
<B><font color = 'blue'> .</font></B>  -Absent
<B><font color = 'blue'> .</font></B>  -Absent
<B><font color = 'blue'> .</font></B>  -Absent
<B><font color = 'blue'> .</font></B>  -Absent
<B><font color = 'blue'> .</font></B>  -Absent
<B><font color = 'blue'> .</font></B>  -Absent
<B><font color = 'blue'> .</font></B>  -Absent
<B><font color = 'blue'> .</font></B>  -Absent
<B><font color = 'blue'> .</font></B>  -Absent
<B><font color = 'blue'> .</font></B>  -Test test 
<B><font color = 'blue'> .</font></B>  -sarikajain@gmail.com
<B><font color = 'blue'> .</font></B>  -E-101
<B><font color = 'blue'> .</font></B>  -2022-10-26
<B><font color = 'blue'> .</font></B>  -Absent
<B><font color = 'blue'> .</font></B>  -Absent
<B><font color = 'blue'> .</font></B>  -undefined
<B><font color = 'blue'> .</font></B>  -Bangalore
<B><font color = 'blue'> .</font></B>  -Testing
<B><font color = 'blue'> .</font></B>  -Absent
<B><font color = 'blue'> .</font></B>  -Absent
<B><font color = 'blue'> .</font></B>  -Absent
<B><font color = 'blue'> .</font></B>  -Absent
<B><font color = 'blue'> .</font></B>  -Absent
<B><font color = 'blue'> .</font></B>  -Absent
<B><font color = 'blue'> .</font></B>  -Absent
<B><font color = 'blue'> .</font></B>  -Absent
<B><font color = 'blue'> .</font></B>  -Absent
<B><font color = 'blue'> .</font></B>  -Absent
<B><font color = 'blue'> .</font></B>  -Absent
<B><font color = 'blue'> .</font></B>  -sithu kalluru 
<B><font color = 'blue'> .</font></B>  -sitaramireddy@globussoft.in
<B><font color = 'blue'> .</font></B>  -code12
<B><font color = 'blue'> .</font></B>  -2022-10-26
<B><font color = 'blue'> .</font></B>  -Absent
<B><font color = 'blue'> .</font></B>  -Absent
<B><font color = 'blue'> .</font></B>  -undefined
<B><font color = 'blue'> .</font></B>  -Bangalore
<B><font color = 'blue'> .</font></B>  -Testing
<B><font color = 'blue'> .</font></B>  -Absent
<B><font color = 'blue'> .</font></B>  -Absent
<B><font color = 'blue'> .</font></B>  -Absent
<B><font color = 'blue'> .</font></B>  -Absent
<B><font color = 'blue'> .</font></B>  -Absent
<B><font color = 'blue'> .</font></B>  -Absent
<B><font color = 'blue'> .</font></B>  -Absent
<B><font color = 'blue'> .</font></B>  -Absent
<B><font color = 'blue'> .</font></B>  -Absent
<B><font color = 'blue'> .</font></B>  -Absent
<B><font color = 'blue'> .</font></B>  -Absent
<B><font color = 'blue'> .</font></B>  -test123 abcd 
<B><font color = 'blue'> .</font></B>  -s@gmail.com
<B><font color = 'blue'> .</font></B>  -code123z
<B><font color = 'blue'> .</font></B>  -2022-10-26
<B><font color = 'blue'> .</font></B>  -Absent
<B><font color = 'blue'> .</font></B>  -Absent
<B><font color = 'blue'> .</font></B>  -undefined
<B><font color = 'blue'> .</font></B>  -Bangalore
<B><font color = 'blue'> .</font></B>  -Testing
<B><font color = 'blue'> .</font></B>  -Absent
<B><font color = 'blue'> .</font></B>  -Absent
<B><font color = 'blue'> .</font></B>  -Absent
<B><font color = 'blue'> .</font></B>  -Absent
<B><font color = 'blue'> .</font></B>  -Absent
<B><font color = 'blue'> .</font></B>  -Absent
<B><font color = 'blue'> .</font></B>  -Absent
<B><font color = 'blue'> .</font></B>  -Absent
<B><font color = 'blue'> .</font></B>  -Absent
<B><font color = 'blue'> .</font></B>  -Absent
<B><font color = 'blue'> .</font></B>  -Absent
<B><font color = 'blue'> .</font></B>  -testing test 
<B><font color = 'blue'> .</font></B>  -aarshajoyson1601@gmail.com
<B><font color = 'blue'> .</font></B>  -glb0008
<B><font color = 'blue'> .</font></B>  -2022-10-26
<B><font color = 'blue'> .</font></B>  -Absent
<B><font color = 'blue'> .</font></B>  -Absent
<B><font color = 'blue'> .</font></B>  -undefined
<B><font color = 'blue'> .</font></B>  -Bangalore
<B><font color = 'blue'> .</font></B>  -Php
<B><font color = 'blue'> .</font></B>  -Absent
<B><font color = 'blue'> .</font></B>  -Absent
<B><font color = 'blue'> .</font></B>  -Absent
<B><font color = 'blue'> .</font></B>  -Absent
<B><font color = 'blue'> .</font></B>  -Absent
<B><font color = 'blue'> .</font></B>  -Absent
<B><font color = 'blue'> .</font></B>  -Absent
<B><font color = 'blue'> .</font></B>  -Absent
<B><font color = 'blue'> .</font></B>  -Absent
<B><font color = 'blue'> .</font></B>  -Absent
<B><font color = 'blue'> .</font></B>  -Absent
<B><font color = 'blue'> .</font></B>  -Automation CodeeeAuto 
<B><font color = 'blue'> .</font></B>  -skabcdef7@gmail.com
<B><font color = 'blue'> .</font></B>  -Emp-Abzcde-1234522
<B><font color = 'blue'> .</font></B>  -2022-10-26
<B><font color = 'blue'> .</font></B>  -Absent
<B><font color = 'blue'> .</font></B>  -Absent
<B><font color = 'blue'> .</font></B>  -undefined
<B><font color = 'blue'> .</font></B>  -Bangalore
<B><font color = 'blue'> .</font></B>  -Testing
<B><font color = 'blue'> .</font></B>  -Absent
<B><font color = 'blue'> .</font></B>  -Absent
<B><font color = 'blue'> .</font></B>  -Absent
<B><font color = 'blue'> .</font></B>  -Absent
<B><font color = 'blue'> .</font></B>  -Absent
<B><font color = 'blue'> .</font></B>  -Absent
<B><font color = 'blue'> .</font></B>  -Absent
<B><font color = 'blue'> .</font></B>  -Absent
<B><font color = 'blue'> .</font></B>  -Absent
<B><font color = 'blue'> .</font></B>  -Absent
<B><font color = 'blue'> .</font></B>  -Absent
<B><font color = 'blue'> .</font></B>  -piyush dfgsfg 
<B><font color = 'blue'> .</font></B>  -jos@gmail.com
<B><font color = 'blue'> .</font></B>  -sdgff
<B><font color = 'blue'> .</font></B>  -2022-10-26
<B><font color = 'blue'> .</font></B>  -Absent
<B><font color = 'blue'> .</font></B>  -Absent
<B><font color = 'blue'> .</font></B>  -undefined
<B><font color = 'blue'> .</font></B>  -Bangalore
<B><font color = 'blue'> .</font></B>  -Testing
<B><font color = 'blue'> .</font></B>  -Absent
<B><font color = 'blue'> .</font></B>  -Absent
<B><font color = 'blue'> .</font></B>  -Absent
<B><font color = 'blue'> .</font></B>  -Absent
<B><font color = 'blue'> .</font></B>  -Absent
<B><font color = 'blue'> .</font></B>  -Absent
<B><font color = 'blue'> .</font></B>  -Absent
<B><font color = 'blue'> .</font></B>  -Absent
<B><font color = 'blue'> .</font></B>  -Absent
<B><font color = 'blue'> .</font></B>  -Absent
<B><font color = 'blue'> .</font></B>  -Absent
<B><font color = 'blue'> .</font></B>  -Aryan raj 
<B><font color = 'blue'> .</font></B>  -alex@gmail.com
<B><font color = 'blue'> .</font></B>  -126
<B><font color = 'blue'> .</font></B>  -2022-10-26
<B><font color = 'blue'> .</font></B>  -Absent
<B><font color = 'blue'> .</font></B>  -Absent
<B><font color = 'blue'> .</font></B>  -undefined
<B><font color = 'blue'> .</font></B>  -Bangalore
<B><font color = 'blue'> .</font></B>  -Testing
<B><font color = 'blue'> .</font></B>  -Absent
<B><font color = 'blue'> .</font></B>  -Absent
<B><font color = 'blue'> .</font></B>  -Absent
<B><font color = 'blue'> .</font></B>  -Absent
<B><font color = 'blue'> .</font></B>  -Absent
<B><font color = 'blue'> .</font></B>  -Absent
<B><font color = 'blue'> .</font></B>  -Absent
<B><font color = 'blue'> .</font></B>  -Absent
<B><font color = 'blue'> .</font></B>  -Absent
<B><font color = 'blue'> .</font></B>  -Absent
<B><font color = 'blue'> .</font></B>  -Absent
<B><font color = 'blue'> .</font></B>  -Automation CodeeeAuto 
<B><font color = 'blue'> .</font></B>  -skabcdef38@gmail.com
<B><font color = 'blue'> .</font></B>  -Emp-Abzcde-123457
<B><font color = 'blue'> .</font></B>  -2022-10-26
<B><font color = 'blue'> .</font></B>  -Absent
<B><font color = 'blue'> .</font></B>  -Absent
<B><font color = 'blue'> .</font></B>  -undefined
<B><font color = 'blue'> .</font></B>  -Bangalore
<B><font color = 'blue'> .</font></B>  -Testing
<B><font color = 'blue'> .</font></B>  -Absent
<B><font color = 'blue'> .</font></B>  -Absent
<B><font color = 'blue'> .</font></B>  -Absent
<B><font color = 'blue'> .</font></B>  -Absent
<B><font color = 'blue'> .</font></B>  -Absent
<B><font color = 'blue'> .</font></B>  -Absent
<B><font color = 'blue'> .</font></B>  -Absent
<B><font color = 'blue'> .</font></B>  -Absent
<B><font color = 'blue'> .</font></B>  -Absent
<B><font color = 'blue'> .</font></B>  -Absent
<B><font color = 'blue'> .</font></B>  -Absent
<B><font color = 'blue'> .</font></B>  -Automation CodeeeAuto 
<B><font color = 'blue'> .</font></B>  -skabcdef33@gmail.com
<B><font color = 'blue'> .</font></B>  -Emp-Abzcde-1234557
<B><font color = 'blue'> .</font></B>  -2022-10-26
<B><font color = 'blue'> .</font></B>  -Absent
<B><font color = 'blue'> .</font></B>  -Absent
<B><font color = 'blue'> .</font></B>  -undefined
<B><font color = 'blue'> .</font></B>  -Bangalore
<B><font color = 'blue'> .</font></B>  -Testing
<B><font color = 'blue'> .</font></B>  -Absent
<B><font color = 'blue'> .</font></B>  -Absent
<B><font color = 'blue'> .</font></B>  -Absent
<B><font color = 'blue'> .</font></B>  -Absent
<B><font color = 'blue'> .</font></B>  -Absent
<B><font color = 'blue'> .</font></B>  -Absent
<B><font color = 'blue'> .</font></B>  -Absent
<B><font color = 'blue'> .</font></B>  -Absent
<B><font color = 'blue'> .</font></B>  -Absent
<B><font color = 'blue'> .</font></B>  -Absent
<B><font color = 'blue'> .</font></B>  -Absent
<B><font color = 'blue'> .</font></B>  -R o       hit Sharma 
<B><font color = 'blue'> .</font></B>  -rahulrajt5613928@gmail.com
<B><font color = 'blue'> .</font></B>  -67645
<B><font color = 'blue'> .</font></B>  -2022-10-26
<B><font color = 'blue'> .</font></B>  -Absent
<B><font color = 'blue'> .</font></B>  -Absent
<B><font color = 'blue'> .</font></B>  -undefined
<B><font color = 'blue'> .</font></B>  -bengaluru
<B><font color = 'blue'> .</font></B>  -Testing
<B><font color = 'blue'> .</font></B>  -Absent
<B><font color = 'blue'> .</font></B>  -Absent
<B><font color = 'blue'> .</font></B>  -Absent
<B><font color = 'blue'> .</font></B>  -Absent
<B><font color = 'blue'> .</font></B>  -Absent
<B><font color = 'blue'> .</font></B>  -Absent
<B><font color = 'blue'> .</font></B>  -Absent
<B><font color = 'blue'> .</font></B>  -Absent
<B><font color = 'blue'> .</font></B>  -Absent
<B><font color = 'blue'> .</font></B>  -Absent
<B><font color = 'blue'> .</font></B>  -Absent
<B><font color = 'blue'> .</font></B>  -ni test 
<B><font color = 'blue'> .</font></B>  -nitest12@gmail.com
<B><font color = 'blue'> .</font></B>  -GLB678
<B><font color = 'blue'> .</font></B>  -2022-10-26
<B><font color = 'blue'> .</font></B>  -Absent
<B><font color = 'blue'> .</font></B>  -Absent
<B><font color = 'blue'> .</font></B>  -undefined
<B><font color = 'blue'> .</font></B>  -bengaluru
<B><font color = 'blue'> .</font></B>  -Testing
<B><font color = 'blue'> .</font></B>  -Absent
<B><font color = 'blue'> .</font></B>  -Absent
<B><font color = 'blue'> .</font></B>  -Absent
<B><font color = 'blue'> .</font></B>  -Absent
<B><font color = 'blue'> .</font></B>  -Absent
<B><font color = 'blue'> .</font></B>  -Absent
<B><font color = 'blue'> .</font></B>  -Absent
<B><font color = 'blue'> .</font></B>  -Absent
<B><font color = 'blue'> .</font></B>  -Absent
<B><font color = 'blue'> .</font></B>  -Absent
<B><font color = 'blue'> .</font></B>  -Absent
<B><font color = 'blue'> .</font></B>  -one test 
<B><font color = 'blue'> .</font></B>  -testone1234@gmail.com
<B><font color = 'blue'> .</font></B>  -0110
<B><font color = 'blue'> .</font></B>  -2022-10-26
<B><font color = 'blue'> .</font></B>  -Absent
<B><font color = 'blue'> .</font></B>  -Absent
<B><font color = 'blue'> .</font></B>  -undefined
<B><font color = 'blue'> .</font></B>  -bengaluru
<B><font color = 'blue'> .</font></B>  -Testing
<B><font color = 'blue'> .</font></B>  -Absent
<B><font color = 'blue'> .</font></B>  -Absent
<B><font color = 'blue'> .</font></B>  -Absent
<B><font color = 'blue'> .</font></B>  -Absent
<B><font color = 'blue'> .</font></B>  -Absent
<B><font color = 'blue'> .</font></B>  -Absent
<B><font color = 'blue'> .</font></B>  -Absent
<B><font color = 'blue'> .</font></B>  -Absent
<B><font color = 'blue'> .</font></B>  -Absent
<B><font color = 'blue'> .</font></B>  -Absent
<B><font color = 'blue'> .</font></B>  -Absent
<B><font color = 'blue'> .</font></B>  -GLB-BLR-010-PC - GLB-BLR-010 
<B><font color = 'blue'> .</font></B>  -abcd@yuksdgus
<B><font color = 'blue'> .</font></B>  -GLB-BLR-010
<B><font color = 'blue'> .</font></B>  -2022-10-26
<B><font color = 'blue'> .</font></B>  -Absent
<B><font color = 'blue'> .</font></B>  -Absent
<B><font color = 'blue'> .</font></B>  -undefined
<B><font color = 'blue'> .</font></B>  -bengaluru
<B><font color = 'blue'> .</font></B>  -Testing
<B><font color = 'blue'> .</font></B>  -Absent
<B><font color = 'blue'> .</font></B>  -Absent
<B><font color = 'blue'> .</font></B>  -Absent
<B><font color = 'blue'> .</font></B>  -Absent
<B><font color = 'blue'> .</font></B>  -Absent
<B><font color = 'blue'> .</font></B>  -Absent
<B><font color = 'blue'> .</font></B>  -Absent
<B><font color = 'blue'> .</font></B>  -Absent
<B><font color = 'blue'> .</font></B>  -Absent
<B><font color = 'blue'> .</font></B>  -Absent
<B><font color = 'blue'> .</font></B>  -Absent
<B><font color = 'blue'> .</font></B>  -surya kk 
<B><font color = 'blue'> .</font></B>  -123@gmail.com
<B><font color = 'blue'> .</font></B>  -mmmmm
<B><font color = 'blue'> .</font></B>  -2022-10-26
<B><font color = 'blue'> .</font></B>  -Absent
<B><font color = 'blue'> .</font></B>  -Absent
<B><font color = 'blue'> .</font></B>  -undefined
<B><font color = 'blue'> .</font></B>  -Tamilnadu
<B><font color = 'blue'> .</font></B>  -Test and Dev
<B><font color = 'blue'> .</font></B>  -Absent
<B><font color = 'blue'> .</font></B>  -Absent
<B><font color = 'blue'> .</font></B>  -Absent
<B><font color = 'blue'> .</font></B>  -Absent
<B><font color = 'blue'> .</font></B>  -Absent
<B><font color = 'blue'> .</font></B>  -Absent
<B><font color = 'blue'> .</font></B>  -Absent
<B><font color = 'blue'> .</font></B>  -Absent
<B><font color = 'blue'> .</font></B>  -Absent
<B><font color = 'blue'> .</font></B>  -Absent
<B><font color = 'blue'> .</font></B>  -Absent
<B><font color = 'blue'> .</font></B>  -sai kk 
<B><font color = 'blue'> .</font></B>  -saikk19876@gmail.com
<B><font color = 'blue'> .</font></B>  -20221019
<B><font color = 'blue'> .</font></B>  -2022-10-26
<B><font color = 'blue'> .</font></B>  -Absent
<B><font color = 'blue'> .</font></B>  -Absent
<B><font color = 'blue'> .</font></B>  -undefined
<B><font color = 'blue'> .</font></B>  -Tamilnadu
<B><font color = 'blue'> .</font></B>  -Test and Dev
<B><font color = 'blue'> .</font></B>  -Absent
<B><font color = 'blue'> .</font></B>  -Absent
<B><font color = 'blue'> .</font></B>  -Absent
<B><font color = 'blue'> .</font></B>  -Absent
<B><font color = 'blue'> .</font></B>  -Absent
<B><font color = 'blue'> .</font></B>  -Absent
<B><font color = 'blue'> .</font></B>  -Absent
<B><font color = 'blue'> .</font></B>  -Absent
<B><font color = 'blue'> .</font></B>  -Absent
<B><font color = 'blue'> .</font></B>  -Absent
<B><font color = 'blue'> .</font></B>  -Absent
<B><font color = 'blue'> .</font></B>  -ajeethemp test 
<B><font color = 'blue'> .</font></B>  -ajeethemp@gmail.com
<B><font color = 'blue'> .</font></B>  -A01
<B><font color = 'blue'> .</font></B>  -2022-10-26
<B><font color = 'blue'> .</font></B>  -Absent
<B><font color = 'blue'> .</font></B>  -Absent
<B><font color = 'blue'> .</font></B>  -undefined
<B><font color = 'blue'> .</font></B>  -Tamilnadu
<B><font color = 'blue'> .</font></B>  -Test and Dev
<B><font color = 'blue'> .</font></B>  -Absent
<B><font color = 'blue'> .</font></B>  -Absent
<B><font color = 'blue'> .</font></B>  -Absent
<B><font color = 'blue'> .</font></B>  -Absent
<B><font color = 'blue'> .</font></B>  -Absent
<B><font color = 'blue'> .</font></B>  -Absent
<B><font color = 'blue'> .</font></B>  -Absent
<B><font color = 'blue'> .</font></B>  -Absent
<B><font color = 'blue'> .</font></B>  -Absent
<B><font color = 'blue'> .</font></B>  -Absent
<B><font color = 'blue'> .</font></B>  -Absent
<B><font color = 'blue'> .</font></B>  -test user two 
<B><font color = 'blue'> .</font></B>  -testuser@two.io
<B><font color = 'blue'> .</font></B>  -GSLL-327
<B><font color = 'blue'> .</font></B>  -2022-10-26
<B><font color = 'blue'> .</font></B>  -Absent
<B><font color = 'blue'> .</font></B>  -Absent
<B><font color = 'blue'> .</font></B>  -undefined
<B><font color = 'blue'> .</font></B>  -Tamilnadu
<B><font color = 'blue'> .</font></B>  -Test and Dev
<B><font color = 'blue'> .</font></B>  -Absent
<B><font color = 'blue'> .</font></B>  -Absent
<B><font color = 'blue'> .</font></B>  -Absent
<B><font color = 'blue'> .</font></B>  -Absent
<B><font color = 'blue'> .</font></B>  -Absent
<B><font color = 'blue'> .</font></B>  -Absent
<B><font color = 'blue'> .</font></B>  -Absent
<B><font color = 'blue'> .</font></B>  -Absent
<B><font color = 'blue'> .</font></B>  -Absent
<B><font color = 'blue'> .</font></B>  -Absent
<B><font color = 'blue'> .</font></B>  -Absent
<B><font color = 'blue'> .</font></B>  -Himanshu Kumar 
<B><font color = 'blue'> .</font></B>  -himanshu1@gmail.com
<B><font color = 'blue'> .</font></B>  -EM011
<B><font color = 'blue'> .</font></B>  -2022-10-26
<B><font color = 'blue'> .</font></B>  -Absent
<B><font color = 'blue'> .</font></B>  -Absent
<B><font color = 'blue'> .</font></B>  -undefined
<B><font color = 'blue'> .</font></B>  -bagalkot
<B><font color = 'blue'> .</font></B>  -manual testing
<B><font color = 'blue'> .</font></B>  -Absent
<B><font color = 'blue'> .</font></B>  -Absent
<B><font color = 'blue'> .</font></B>  -Absent
<B><font color = 'blue'> .</font></B>  -Absent
<B><font color = 'blue'> .</font></B>  -Absent
<B><font color = 'blue'> .</font></B>  -Absent
<B><font color = 'blue'> .</font></B>  -Absent
<B><font color = 'blue'> .</font></B>  -Absent
<B><font color = 'blue'> .</font></B>  -Absent
<B><font color = 'blue'> .</font></B>  -Absent
<B><font color = 'blue'> .</font></B>  -Absent
<B><font color = 'blue'> .</font></B>  -dxgfdxg gssdg 
<B><font color = 'blue'> .</font></B>  -sdgsg@dgksodkg.in
<B><font color = 'blue'> .</font></B>  -asfda343443
<B><font color = 'blue'> .</font></B>  -2022-10-26
<B><font color = 'blue'> .</font></B>  -Absent
<B><font color = 'blue'> .</font></B>  -Absent
<B><font color = 'blue'> .</font></B>  -undefined
<B><font color = 'blue'> .</font></B>  -Bhilai
<B><font color = 'blue'> .</font></B>  -Php
<B><font color = 'blue'> .</font></B>  -Absent
<B><font color = 'blue'> .</font></B>  -Absent
<B><font color = 'blue'> .</font></B>  -Absent
<B><font color = 'blue'> .</font></B>  -Absent
<B><font color = 'blue'> .</font></B>  -Absent
<B><font color = 'blue'> .</font></B>  -Absent
<B><font color = 'blue'> .</font></B>  -Absent
<B><font color = 'blue'> .</font></B>  -Absent
<B><font color = 'blue'> .</font></B>  -Absent
<B><font color = 'blue'> .</font></B>  -Absent
<B><font color = 'blue'> .</font></B>  -Absent
<B><font color = 'blue'> .</font></B>  -Guest User 
<B><font color = 'blue'> .</font></B>  -guestuser@gmail.com
<B><font color = 'blue'> .</font></B>  -GLB-777
<B><font color = 'blue'> .</font></B>  -2022-10-26
<B><font color = 'blue'> .</font></B>  -Absent
<B><font color = 'blue'> .</font></B>  -Absent
<B><font color = 'blue'> .</font></B>  -undefined
<B><font color = 'blue'> .</font></B>  -Bhilai
<B><font color = 'blue'> .</font></B>  -Php
<B><font color = 'blue'> .</font></B>  -Absent
<B><font color = 'blue'> .</font></B>  -Absent
<B><font color = 'blue'> .</font></B>  -Absent
<B><font color = 'blue'> .</font></B>  -Absent
<B><font color = 'blue'> .</font></B>  -Absent
<B><font color = 'blue'> .</font></B>  -Absent
<B><font color = 'blue'> .</font></B>  -Absent
<B><font color = 'blue'> .</font></B>  -Absent
<B><font color = 'blue'> .</font></B>  -Absent
<B><font color = 'blue'> .</font></B>  -Absent
<B><font color = 'blue'> .</font></B>  -Absent
<B><font color = 'blue'> .</font></B>  -Virat kohli 
<B><font color = 'blue'> .</font></B>  -rahukbgdxgsf@gmail.com
<B><font color = 'blue'> .</font></B>  -65332
<B><font color = 'blue'> .</font></B>  -2022-10-25
<B><font color = 'blue'> .</font></B>  -Absent
<B><font color = 'blue'> .</font></B>  -Absent
<B><font color = 'blue'> .</font></B>  -undefined
<B><font color = 'blue'> .</font></B>  -Default
<B><font color = 'blue'> .</font></B>  -Default
<B><font color = 'blue'> .</font></B>  -Absent
<B><font color = 'blue'> .</font></B>  -Absent
<B><font color = 'blue'> .</font></B>  -Absent
<B><font color = 'blue'> .</font></B>  -Absent
<B><font color = 'blue'> .</font></B>  -Absent
<B><font color = 'blue'> .</font></B>  -Absent
<B><font color = 'blue'> .</font></B>  -Absent
<B><font color = 'blue'> .</font></B>  -Absent
<B><font color = 'blue'> .</font></B>  -Absent
<B><font color = 'blue'> .</font></B>  -Absent
<B><font color = 'blue'> .</font></B>  -Absent
<B><font color = 'blue'> .</font></B>  -sadas kadkasdj 
<B><font color = 'blue'> .</font></B>  -dsa@eqe
<B><font color = 'blue'> .</font></B>  -emp129666
<B><font color = 'blue'> .</font></B>  -2022-10-25
<B><font color = 'blue'> .</font></B>  -Absent
<B><font color = 'blue'> .</font></B>  -Absent
<B><font color = 'blue'> .</font></B>  -undefined
<B><font color = 'blue'> .</font></B>  -Default
<B><font color = 'blue'> .</font></B>  -Default
<B><font color = 'blue'> .</font></B>  -Absent
<B><font color = 'blue'> .</font></B>  -Absent
<B><font color = 'blue'> .</font></B>  -Absent
<B><font color = 'blue'> .</font></B>  -Absent
<B><font color = 'blue'> .</font></B>  -Absent
<B><font color = 'blue'> .</font></B>  -Absent
<B><font color = 'blue'> .</font></B>  -Absent
<B><font color = 'blue'> .</font></B>  -Absent
<B><font color = 'blue'> .</font></B>  -Absent
<B><font color = 'blue'> .</font></B>  -Absent
<B><font color = 'blue'> .</font></B>  -Absent
<B><font color = 'blue'> .</font></B>  -New Test 
<B><font color = 'blue'> .</font></B>  -newtest@gmail.com
<B><font color = 'blue'> .</font></B>  -ewer334443
<B><font color = 'blue'> .</font></B>  -2022-10-25
<B><font color = 'blue'> .</font></B>  -Absent
<B><font color = 'blue'> .</font></B>  -Absent
<B><font color = 'blue'> .</font></B>  -undefined
<B><font color = 'blue'> .</font></B>  -Default
<B><font color = 'blue'> .</font></B>  -Default
<B><font color = 'blue'> .</font></B>  -Absent
<B><font color = 'blue'> .</font></B>  -Absent
<B><font color = 'blue'> .</font></B>  -Absent
<B><font color = 'blue'> .</font></B>  -Absent
<B><font color = 'blue'> .</font></B>  -Absent
<B><font color = 'blue'> .</font></B>  -Absent
<B><font color = 'blue'> .</font></B>  -Absent
<B><font color = 'blue'> .</font></B>  -Absent
<B><font color = 'blue'> .</font></B>  -Absent
<B><font color = 'blue'> .</font></B>  -Absent
<B><font color = 'blue'> .</font></B>  -Absent
<B><font color = 'blue'> .</font></B>  -dshcdb uidsbf 
<B><font color = 'blue'> .</font></B>  -dvbvdb@yahoo.com
<B><font color = 'blue'> .</font></B>  -435454
<B><font color = 'blue'> .</font></B>  -2022-10-25
<B><font color = 'blue'> .</font></B>  -Absent
<B><font color = 'blue'> .</font></B>  -Absent
<B><font color = 'blue'> .</font></B>  -undefined
<B><font color = 'blue'> .</font></B>  -Default
<B><font color = 'blue'> .</font></B>  -Default
<B><font color = 'blue'> .</font></B>  -Absent
<B><font color = 'blue'> .</font></B>  -Absent
<B><font color = 'blue'> .</font></B>  -Absent
<B><font color = 'blue'> .</font></B>  -Absent
<B><font color = 'blue'> .</font></B>  -Absent
<B><font color = 'blue'> .</font></B>  -Absent
<B><font color = 'blue'> .</font></B>  -Absent
<B><font color = 'blue'> .</font></B>  -Absent
<B><font color = 'blue'> .</font></B>  -Absent
<B><font color = 'blue'> .</font></B>  -Absent
<B><font color = 'blue'> .</font></B>  -Absent
<B><font color = 'blue'> .</font></B>  -try last 
<B><font color = 'blue'> .</font></B>  -try@gmail.com
<B><font color = 'blue'> .</font></B>  -1225455
<B><font color = 'blue'> .</font></B>  -2022-10-25
<B><font color = 'blue'> .</font></B>  -Absent
<B><font color = 'blue'> .</font></B>  -Absent
<B><font color = 'blue'> .</font></B>  -undefined
<B><font color = 'blue'> .</font></B>  -Default
<B><font color = 'blue'> .</font></B>  -Default
<B><font color = 'blue'> .</font></B>  -Absent
<B><font color = 'blue'> .</font></B>  -Absent
<B><font color = 'blue'> .</font></B>  -Absent
<B><font color = 'blue'> .</font></B>  -Absent
<B><font color = 'blue'> .</font></B>  -Absent
<B><font color = 'blue'> .</font></B>  -Absent
<B><font color = 'blue'> .</font></B>  -Absent
<B><font color = 'blue'> .</font></B>  -Absent
<B><font color = 'blue'> .</font></B>  -Absent
<B><font color = 'blue'> .</font></B>  -Absent
<B><font color = 'blue'> .</font></B>  -Absent
<B><font color = 'blue'> .</font></B>  -vdjvdb yusvdvbbh 
<B><font color = 'blue'> .</font></B>  -dvhbfdh@gmail.com
<B><font color = 'blue'> .</font></B>  -wq534342
<B><font color = 'blue'> .</font></B>  -2022-10-25
<B><font color = 'blue'> .</font></B>  -Absent
<B><font color = 'blue'> .</font></B>  -Absent
<B><font color = 'blue'> .</font></B>  -undefined
<B><font color = 'blue'> .</font></B>  -Default
<B><font color = 'blue'> .</font></B>  -Default
<B><font color = 'blue'> .</font></B>  -Absent
<B><font color = 'blue'> .</font></B>  -Absent
<B><font color = 'blue'> .</font></B>  -Absent
<B><font color = 'blue'> .</font></B>  -Absent
<B><font color = 'blue'> .</font></B>  -Absent
<B><font color = 'blue'> .</font></B>  -Absent
<B><font color = 'blue'> .</font></B>  -Absent
<B><font color = 'blue'> .</font></B>  -Absent
<B><font color = 'blue'> .</font></B>  -Absent
<B><font color = 'blue'> .</font></B>  -Absent
<B><font color = 'blue'> .</font></B>  -Absent
<B><font color = 'blue'> .</font></B>  -Mail Test user 
<B><font color = 'blue'> .</font></B>  -maintest@user.io
<B><font color = 'blue'> .</font></B>  -GLB-1223888
<B><font color = 'blue'> .</font></B>  -2022-10-25
<B><font color = 'blue'> .</font></B>  -Absent
<B><font color = 'blue'> .</font></B>  -Absent
<B><font color = 'blue'> .</font></B>  -undefined
<B><font color = 'blue'> .</font></B>  -Default
<B><font color = 'blue'> .</font></B>  -Default
<B><font color = 'blue'> .</font></B>  -Absent
<B><font color = 'blue'> .</font></B>  -Absent
<B><font color = 'blue'> .</font></B>  -Absent
<B><font color = 'blue'> .</font></B>  -Absent
<B><font color = 'blue'> .</font></B>  -Absent
<B><font color = 'blue'> .</font></B>  -Absent
<B><font color = 'blue'> .</font></B>  -Absent
<B><font color = 'blue'> .</font></B>  -Absent
<B><font color = 'blue'> .</font></B>  -Absent
<B><font color = 'blue'> .</font></B>  -Absent
<B><font color = 'blue'> .</font></B>  -Absent
<B><font color = 'blue'> .</font></B>  -Update Check 
<B><font color = 'blue'> .</font></B>  -updates@gmail.com
<B><font color = 'blue'> .</font></B>  -emp543
<B><font color = 'blue'> .</font></B>  -2022-10-25
<B><font color = 'blue'> .</font></B>  -Absent
<B><font color = 'blue'> .</font></B>  -Absent
<B><font color = 'blue'> .</font></B>  -undefined
<B><font color = 'blue'> .</font></B>  -Default
<B><font color = 'blue'> .</font></B>  -Default
<B><font color = 'blue'> .</font></B>  -Absent
<B><font color = 'blue'> .</font></B>  -Absent
<B><font color = 'blue'> .</font></B>  -Absent
<B><font color = 'blue'> .</font></B>  -Absent
<B><font color = 'blue'> .</font></B>  -Absent
<B><font color = 'blue'> .</font></B>  -Absent
<B><font color = 'blue'> .</font></B>  -Absent
<B><font color = 'blue'> .</font></B>  -Absent
<B><font color = 'blue'> .</font></B>  -Absent
<B><font color = 'blue'> .</font></B>  -Absent
<B><font color = 'blue'> .</font></B>  -Absent
<B><font color = 'blue'> .</font></B>  -test manager 
<B><font color = 'blue'> .</font></B>  -manageremp@gmail.com
<B><font color = 'blue'> .</font></B>  -glb020
<B><font color = 'blue'> .</font></B>  -2022-10-25
<B><font color = 'blue'> .</font></B>  -Absent
<B><font color = 'blue'> .</font></B>  -Absent
<B><font color = 'blue'> .</font></B>  -undefined
<B><font color = 'blue'> .</font></B>  -Default
<B><font color = 'blue'> .</font></B>  -Default
<B><font color = 'blue'> .</font></B>  -Absent
<B><font color = 'blue'> .</font></B>  -Absent
<B><font color = 'blue'> .</font></B>  -Absent
<B><font color = 'blue'> .</font></B>  -Absent
<B><font color = 'blue'> .</font></B>  -Absent
<B><font color = 'blue'> .</font></B>  -Absent
<B><font color = 'blue'> .</font></B>  -Absent
<B><font color = 'blue'> .</font></B>  -Absent
<B><font color = 'blue'> .</font></B>  -Absent
<B><font color = 'blue'> .</font></B>  -Absent
<B><font color = 'blue'> .</font></B>  -Absent
<B><font color = 'blue'> .</font></B>  -DESKTOP-PJJHB19 - GLB-BLR-002OjUpRD2 
<B><font color = 'blue'> .</font></B>  --
<B><font color = 'blue'> .</font></B>  -GLB-BLR-002OjUpRD2
<B><font color = 'blue'> .</font></B>  -2022-10-25
<B><font color = 'blue'> .</font></B>  -Absent
<B><font color = 'blue'> .</font></B>  -Absent
<B><font color = 'blue'> .</font></B>  -undefined
<B><font color = 'blue'> .</font></B>  -Default
<B><font color = 'blue'> .</font></B>  -Default
<B><font color = 'blue'> .</font></B>  -Absent
<B><font color = 'blue'> .</font></B>  -Absent
<B><font color = 'blue'> .</font></B>  -Absent
<B><font color = 'blue'> .</font></B>  -Absent
<B><font color = 'blue'> .</font></B>  -Absent
<B><font color = 'blue'> .</font></B>  -Absent
<B><font color = 'blue'> .</font></B>  -Absent
<B><font color = 'blue'> .</font></B>  -Absent
<B><font color = 'blue'> .</font></B>  -Absent
<B><font color = 'blue'> .</font></B>  -Absent
<B><font color = 'blue'> .</font></B>  -Absent
<B><font color = 'blue'> .</font></B>  -Usb Test 
<B><font color = 'blue'> .</font></B>  -usbtest123@gmail.com
<B><font color = 'blue'> .</font></B>  -emp0097
<B><font color = 'blue'> .</font></B>  -2022-10-25
<B><font color = 'blue'> .</font></B>  -Absent
<B><font color = 'blue'> .</font></B>  -Absent
<B><font color = 'blue'> .</font></B>  -undefined
<B><font color = 'blue'> .</font></B>  -Default
<B><font color = 'blue'> .</font></B>  -Default
<B><font color = 'blue'> .</font></B>  -Absent
<B><font color = 'blue'> .</font></B>  -Absent
<B><font color = 'blue'> .</font></B>  -Absent
<B><font color = 'blue'> .</font></B>  -Absent
<B><font color = 'blue'> .</font></B>  -Absent
<B><font color = 'blue'> .</font></B>  -Absent
<B><font color = 'blue'> .</font></B>  -Absent
<B><font color = 'blue'> .</font></B>  -Absent
<B><font color = 'blue'> .</font></B>  -Absent
<B><font color = 'blue'> .</font></B>  -Absent
<B><font color = 'blue'> .</font></B>  -Absent
<B><font color = 'blue'> .</font></B>  -SS Keystrokes 
<B><font color = 'blue'> .</font></B>  -sskey@gmail.com
<B><font color = 'blue'> .</font></B>  -emp98y
<B><font color = 'blue'> .</font></B>  -2022-10-25
<B><font color = 'blue'> .</font></B>  -Absent
<B><font color = 'blue'> .</font></B>  -Absent
<B><font color = 'blue'> .</font></B>  -undefined
<B><font color = 'blue'> .</font></B>  -Default
<B><font color = 'blue'> .</font></B>  -Default
<B><font color = 'blue'> .</font></B>  -Absent
<B><font color = 'blue'> .</font></B>  -Absent
<B><font color = 'blue'> .</font></B>  -Absent
<B><font color = 'blue'> .</font></B>  -Absent
<B><font color = 'blue'> .</font></B>  -Absent
<B><font color = 'blue'> .</font></B>  -Absent
<B><font color = 'blue'> .</font></B>  -Absent
<B><font color = 'blue'> .</font></B>  -Absent
<B><font color = 'blue'> .</font></B>  -Absent
<B><font color = 'blue'> .</font></B>  -Absent
<B><font color = 'blue'> .</font></B>  -Absent
<B><font color = 'blue'> .</font></B>  -shivammmmmmmmmmmmmmmmmmmm Kumar 
<B><font color = 'blue'> .</font></B>  -kgfyash545@gmail.com
<B><font color = 'blue'> .</font></B>  -hsakhdjk414
<B><font color = 'blue'> .</font></B>  -2022-10-25
<B><font color = 'blue'> .</font></B>  -Absent
<B><font color = 'blue'> .</font></B>  -Absent
<B><font color = 'blue'> .</font></B>  -undefined
<B><font color = 'blue'> .</font></B>  -Default
<B><font color = 'blue'> .</font></B>  -Default
<B><font color = 'blue'> .</font></B>  -Absent
<B><font color = 'blue'> .</font></B>  -Absent
<B><font color = 'blue'> .</font></B>  -Absent
<B><font color = 'blue'> .</font></B>  -Absent
<B><font color = 'blue'> .</font></B>  -Absent
<B><font color = 'blue'> .</font></B>  -Absent
<B><font color = 'blue'> .</font></B>  -Absent
<B><font color = 'blue'> .</font></B>  -Absent
<B><font color = 'blue'> .</font></B>  -Absent
<B><font color = 'blue'> .</font></B>  -Absent
<B><font color = 'blue'> .</font></B>  -Absent
<B><font color = 'blue'> .</font></B>  -Abhishek Four tf test 
<B><font color = 'blue'> .</font></B>  -abhishekfourtf@mail.com
<B><font color = 'blue'> .</font></B>  -HLIKSJ98
<B><font color = 'blue'> .</font></B>  -2022-10-25
<B><font color = 'blue'> .</font></B>  -Absent
<B><font color = 'blue'> .</font></B>  -Absent
<B><font color = 'blue'> .</font></B>  -undefined
<B><font color = 'blue'> .</font></B>  -Default
<B><font color = 'blue'> .</font></B>  -Default
<B><font color = 'blue'> .</font></B>  -Absent
<B><font color = 'blue'> .</font></B>  -Absent
<B><font color = 'blue'> .</font></B>  -Absent
<B><font color = 'blue'> .</font></B>  -Absent
<B><font color = 'blue'> .</font></B>  -Absent
<B><font color = 'blue'> .</font></B>  -Absent
<B><font color = 'blue'> .</font></B>  -Absent
<B><font color = 'blue'> .</font></B>  -Absent
<B><font color = 'blue'> .</font></B>  -Absent
<B><font color = 'blue'> .</font></B>  -Absent
<B><font color = 'blue'> .</font></B>  -Absent
<B><font color = 'blue'> .</font></B>  -new dev user 
<B><font color = 'blue'> .</font></B>  -new@dev.user
<B><font color = 'blue'> .</font></B>  -fdfsfsd
<B><font color = 'blue'> .</font></B>  -2022-10-25
<B><font color = 'blue'> .</font></B>  -Absent
<B><font color = 'blue'> .</font></B>  -Absent
<B><font color = 'blue'> .</font></B>  -undefined
<B><font color = 'blue'> .</font></B>  -Default
<B><font color = 'blue'> .</font></B>  -Default
<B><font color = 'blue'> .</font></B>  -Absent
<B><font color = 'blue'> .</font></B>  -Absent
<B><font color = 'blue'> .</font></B>  -Absent
<B><font color = 'blue'> .</font></B>  -Absent
<B><font color = 'blue'> .</font></B>  -Absent
<B><font color = 'blue'> .</font></B>  -Absent
<B><font color = 'blue'> .</font></B>  -Absent
<B><font color = 'blue'> .</font></B>  -Absent
<B><font color = 'blue'> .</font></B>  -Absent
<B><font color = 'blue'> .</font></B>  -Absent
<B><font color = 'blue'> .</font></B>  -Absent
<B><font color = 'blue'> .</font></B>  -aaaaaaaaaa aaaaaaaaa 
<B><font color = 'blue'> .</font></B>  -mmmm@gmail.com
<B><font color = 'blue'> .</font></B>  -80765s
<B><font color = 'blue'> .</font></B>  -2022-10-25
<B><font color = 'blue'> .</font></B>  -Absent
<B><font color = 'blue'> .</font></B>  -Absent
<B><font color = 'blue'> .</font></B>  -undefined
<B><font color = 'blue'> .</font></B>  -Bangalore
<B><font color = 'blue'> .</font></B>  -Testing
<B><font color = 'blue'> .</font></B>  -Absent
<B><font color = 'blue'> .</font></B>  -Absent
<B><font color = 'blue'> .</font></B>  -Absent
<B><font color = 'blue'> .</font></B>  -Absent
<B><font color = 'blue'> .</font></B>  -Absent
<B><font color = 'blue'> .</font></B>  -Absent
<B><font color = 'blue'> .</font></B>  -Absent
<B><font color = 'blue'> .</font></B>  -Absent
<B><font color = 'blue'> .</font></B>  -Absent
<B><font color = 'blue'> .</font></B>  -Absent
<B><font color = 'blue'> .</font></B>  -Absent
<B><font color = 'blue'> .</font></B>  -sumesh test 
<B><font color = 'blue'> .</font></B>  -sumesh@mail.com
<B><font color = 'blue'> .</font></B>  -fdgfdgf
<B><font color = 'blue'> .</font></B>  -2022-10-25
<B><font color = 'blue'> .</font></B>  -Absent
<B><font color = 'blue'> .</font></B>  -Absent
<B><font color = 'blue'> .</font></B>  -undefined
<B><font color = 'blue'> .</font></B>  -Bangalore
<B><font color = 'blue'> .</font></B>  -Testing
<B><font color = 'blue'> .</font></B>  -Absent
<B><font color = 'blue'> .</font></B>  -Absent
<B><font color = 'blue'> .</font></B>  -Absent
<B><font color = 'blue'> .</font></B>  -Absent
<B><font color = 'blue'> .</font></B>  -Absent
<B><font color = 'blue'> .</font></B>  -Absent
<B><font color = 'blue'> .</font></B>  -Absent
<B><font color = 'blue'> .</font></B>  -Absent
<B><font color = 'blue'> .</font></B>  -Absent
<B><font color = 'blue'> .</font></B>  -Absent
<B><font color = 'blue'> .</font></B>  -Absent
<B><font color = 'blue'> .</font></B>  -Test msc 
<B><font color = 'blue'> .</font></B>  -test123@gmail.com
<B><font color = 'blue'> .</font></B>  -12254
<B><font color = 'blue'> .</font></B>  -2022-10-25
<B><font color = 'blue'> .</font></B>  -Absent
<B><font color = 'blue'> .</font></B>  -Absent
<B><font color = 'blue'> .</font></B>  -undefined
<B><font color = 'blue'> .</font></B>  -Bangalore
<B><font color = 'blue'> .</font></B>  -Testing
<B><font color = 'blue'> .</font></B>  -Absent
<B><font color = 'blue'> .</font></B>  -Absent
<B><font color = 'blue'> .</font></B>  -Absent
<B><font color = 'blue'> .</font></B>  -Absent
<B><font color = 'blue'> .</font></B>  -Absent
<B><font color = 'blue'> .</font></B>  -Absent
<B><font color = 'blue'> .</font></B>  -Absent
<B><font color = 'blue'> .</font></B>  -Absent
<B><font color = 'blue'> .</font></B>  -Absent
<B><font color = 'blue'> .</font></B>  -Absent
<B><font color = 'blue'> .</font></B>  -Absent
<B><font color = 'blue'> .</font></B>  -deffdfds vscsc 
<B><font color = 'blue'> .</font></B>  -cscsdw123@gmail.com
<B><font color = 'blue'> .</font></B>  -1234512
<B><font color = 'blue'> .</font></B>  -2022-10-25
<B><font color = 'blue'> .</font></B>  -Absent
<B><font color = 'blue'> .</font></B>  -Absent
<B><font color = 'blue'> .</font></B>  -undefined
<B><font color = 'blue'> .</font></B>  -Bangalore
<B><font color = 'blue'> .</font></B>  -Testing
<B><font color = 'blue'> .</font></B>  -Absent
<B><font color = 'blue'> .</font></B>  -Absent
<B><font color = 'blue'> .</font></B>  -Absent
<B><font color = 'blue'> .</font></B>  -Absent
<B><font color = 'blue'> .</font></B>  -Absent
<B><font color = 'blue'> .</font></B>  -Absent
<B><font color = 'blue'> .</font></B>  -Absent
<B><font color = 'blue'> .</font></B>  -Absent
<B><font color = 'blue'> .</font></B>  -Absent
<B><font color = 'blue'> .</font></B>  -Absent
<B><font color = 'blue'> .</font></B>  -Absent
<B><font color = 'blue'> .</font></B>  -test testtt 
<B><font color = 'blue'> .</font></B>  -abcd@gmail.com
<B><font color = 'blue'> .</font></B>  -GLB55
<B><font color = 'blue'> .</font></B>  -2022-10-25
<B><font color = 'blue'> .</font></B>  -Absent
<B><font color = 'blue'> .</font></B>  -Absent
<B><font color = 'blue'> .</font></B>  -undefined
<B><font color = 'blue'> .</font></B>  -Bangalore
<B><font color = 'blue'> .</font></B>  -Testing
<B><font color = 'blue'> .</font></B>  -Absent
<B><font color = 'blue'> .</font></B>  -Absent
<B><font color = 'blue'> .</font></B>  -Absent
<B><font color = 'blue'> .</font></B>  -Absent
<B><font color = 'blue'> .</font></B>  -Absent
<B><font color = 'blue'> .</font></B>  -Absent
<B><font color = 'blue'> .</font></B>  -Absent
<B><font color = 'blue'> .</font></B>  -Absent
<B><font color = 'blue'> .</font></B>  -Absent
<B><font color = 'blue'> .</font></B>  -Absent
<B><font color = 'blue'> .</font></B>  -Absent
<B><font color = 'blue'> .</font></B>  -Abhishe tt 
<B><font color = 'blue'> .</font></B>  -ab@ab.com
<B><font color = 'blue'> .</font></B>  -GKD567
<B><font color = 'blue'> .</font></B>  -2022-10-25
<B><font color = 'blue'> .</font></B>  -Absent
<B><font color = 'blue'> .</font></B>  -Absent
<B><font color = 'blue'> .</font></B>  -undefined
<B><font color = 'blue'> .</font></B>  -Bangalore
<B><font color = 'blue'> .</font></B>  -Testing
<B><font color = 'blue'> .</font></B>  -Absent
<B><font color = 'blue'> .</font></B>  -Absent
<B><font color = 'blue'> .</font></B>  -Absent
<B><font color = 'blue'> .</font></B>  -Absent
<B><font color = 'blue'> .</font></B>  -Absent
<B><font color = 'blue'> .</font></B>  -Absent
<B><font color = 'blue'> .</font></B>  -Absent
<B><font color = 'blue'> .</font></B>  -Absent
<B><font color = 'blue'> .</font></B>  -Absent
<B><font color = 'blue'> .</font></B>  -Absent
<B><font color = 'blue'> .</font></B>  -Absent
<B><font color = 'blue'> .</font></B>  -test nonadmin 
<B><font color = 'blue'> .</font></B>  -testnonadmin@gmail.com
<B><font color = 'blue'> .</font></B>  -GLB026
<B><font color = 'blue'> .</font></B>  -2022-10-25
<B><font color = 'blue'> .</font></B>  -Absent
<B><font color = 'blue'> .</font></B>  -Absent
<B><font color = 'blue'> .</font></B>  -undefined
<B><font color = 'blue'> .</font></B>  -Bangalore
<B><font color = 'blue'> .</font></B>  -Php
<B><font color = 'blue'> .</font></B>  -Absent
<B><font color = 'blue'> .</font></B>  -Absent
<B><font color = 'blue'> .</font></B>  -Absent
<B><font color = 'blue'> .</font></B>  -Absent
<B><font color = 'blue'> .</font></B>  -Absent
<B><font color = 'blue'> .</font></B>  -Absent
<B><font color = 'blue'> .</font></B>  -Absent
<B><font color = 'blue'> .</font></B>  -Absent
<B><font color = 'blue'> .</font></B>  -Absent
<B><font color = 'blue'> .</font></B>  -Absent
<B><font color = 'blue'> .</font></B>  -Absent
<B><font color = 'blue'> .</font></B>  -adg ckj 
<B><font color = 'blue'> .</font></B>  -adcs@1234
<B><font color = 'blue'> .</font></B>  -583
<B><font color = 'blue'> .</font></B>  -2022-10-25
<B><font color = 'blue'> .</font></B>  -Absent
<B><font color = 'blue'> .</font></B>  -Absent
<B><font color = 'blue'> .</font></B>  -undefined
<B><font color = 'blue'> .</font></B>  -Bangalore
<B><font color = 'blue'> .</font></B>  -Testing
<B><font color = 'blue'> .</font></B>  -Absent
<B><font color = 'blue'> .</font></B>  -Absent
<B><font color = 'blue'> .</font></B>  -Absent
<B><font color = 'blue'> .</font></B>  -Absent
<B><font color = 'blue'> .</font></B>  -Absent
<B><font color = 'blue'> .</font></B>  -Absent
<B><font color = 'blue'> .</font></B>  -Absent
<B><font color = 'blue'> .</font></B>  -Absent
<B><font color = 'blue'> .</font></B>  -Absent
<B><font color = 'blue'> .</font></B>  -Absent
<B><font color = 'blue'> .</font></B>  -Absent
<B><font color = 'blue'> .</font></B>  -dominic toretto 
<B><font color = 'blue'> .</font></B>  -dom.toretto737@gmail.com
<B><font color = 'blue'> .</font></B>  -EMP011
<B><font color = 'blue'> .</font></B>  -2022-10-25
<B><font color = 'blue'> .</font></B>  -Absent
<B><font color = 'blue'> .</font></B>  -Absent
<B><font color = 'blue'> .</font></B>  -undefined
<B><font color = 'blue'> .</font></B>  -Bangalore
<B><font color = 'blue'> .</font></B>  -Testing
<B><font color = 'blue'> .</font></B>  -Absent
<B><font color = 'blue'> .</font></B>  -Absent
<B><font color = 'blue'> .</font></B>  -Absent
<B><font color = 'blue'> .</font></B>  -Absent
<B><font color = 'blue'> .</font></B>  -Absent
<B><font color = 'blue'> .</font></B>  -Absent
<B><font color = 'blue'> .</font></B>  -Absent
<B><font color = 'blue'> .</font></B>  -Absent
<B><font color = 'blue'> .</font></B>  -Absent
<B><font color = 'blue'> .</font></B>  -Absent
<B><font color = 'blue'> .</font></B>  -Absent
<B><font color = 'blue'> .</font></B>  -Abhishek Test 
<B><font color = 'blue'> .</font></B>  -abhishektrest@glb.in
<B><font color = 'blue'> .</font></B>  -rN7tvEiDPGNi4fD
<B><font color = 'blue'> .</font></B>  -2022-10-25
<B><font color = 'blue'> .</font></B>  -Absent
<B><font color = 'blue'> .</font></B>  -Absent
<B><font color = 'blue'> .</font></B>  -undefined
<B><font color = 'blue'> .</font></B>  -Bangalore
<B><font color = 'blue'> .</font></B>  -Php
<B><font color = 'blue'> .</font></B>  -Absent
<B><font color = 'blue'> .</font></B>  -Absent
<B><font color = 'blue'> .</font></B>  -Absent
<B><font color = 'blue'> .</font></B>  -Absent
<B><font color = 'blue'> .</font></B>  -Absent
<B><font color = 'blue'> .</font></B>  -Absent
<B><font color = 'blue'> .</font></B>  -Absent
<B><font color = 'blue'> .</font></B>  -Absent
<B><font color = 'blue'> .</font></B>  -Absent
<B><font color = 'blue'> .</font></B>  -Absent
<B><font color = 'blue'> .</font></B>  -Absent
<B><font color = 'blue'> .</font></B>  -Superior Test one 
<B><font color = 'blue'> .</font></B>  -superiorone@gmail.com
<B><font color = 'blue'> .</font></B>  -twoqw
<B><font color = 'blue'> .</font></B>  -2022-10-25
<B><font color = 'blue'> .</font></B>  -Absent
<B><font color = 'blue'> .</font></B>  -Absent
<B><font color = 'blue'> .</font></B>  -undefined
<B><font color = 'blue'> .</font></B>  -Bangalore
<B><font color = 'blue'> .</font></B>  -Testing
<B><font color = 'blue'> .</font></B>  -Absent
<B><font color = 'blue'> .</font></B>  -Absent
<B><font color = 'blue'> .</font></B>  -Absent
<B><font color = 'blue'> .</font></B>  -Absent
<B><font color = 'blue'> .</font></B>  -Absent
<B><font color = 'blue'> .</font></B>  -Absent
<B><font color = 'blue'> .</font></B>  -Absent
<B><font color = 'blue'> .</font></B>  -Absent
<B><font color = 'blue'> .</font></B>  -Absent
<B><font color = 'blue'> .</font></B>  -Absent
<B><font color = 'blue'> .</font></B>  -Absent
<B><font color = 'blue'> .</font></B>  -test testw 
<B><font color = 'blue'> .</font></B>  -test@mac.in
<B><font color = 'blue'> .</font></B>  -aaf123
<B><font color = 'blue'> .</font></B>  -2022-10-25
<B><font color = 'blue'> .</font></B>  -Absent
<B><font color = 'blue'> .</font></B>  -Absent
<B><font color = 'blue'> .</font></B>  -undefined
<B><font color = 'blue'> .</font></B>  -Bangalore
<B><font color = 'blue'> .</font></B>  -Php
<B><font color = 'blue'> .</font></B>  -Absent
<B><font color = 'blue'> .</font></B>  -Absent
<B><font color = 'blue'> .</font></B>  -Absent
<B><font color = 'blue'> .</font></B>  -Absent
<B><font color = 'blue'> .</font></B>  -Absent
<B><font color = 'blue'> .</font></B>  -Absent
<B><font color = 'blue'> .</font></B>  -Absent
<B><font color = 'blue'> .</font></B>  -Absent
<B><font color = 'blue'> .</font></B>  -Absent
<B><font color = 'blue'> .</font></B>  -Absent
<B><font color = 'blue'> .</font></B>  -Absent
<B><font color = 'blue'> .</font></B>  -sam eer 
<B><font color = 'blue'> .</font></B>  -sam@rf.in
<B><font color = 'blue'> .</font></B>  -WSAERT2Q34E
<B><font color = 'blue'> .</font></B>  -2022-10-25
<B><font color = 'blue'> .</font></B>  -Absent
<B><font color = 'blue'> .</font></B>  -Absent
<B><font color = 'blue'> .</font></B>  -undefined
<B><font color = 'blue'> .</font></B>  -Bangalore
<B><font color = 'blue'> .</font></B>  -Testing
<B><font color = 'blue'> .</font></B>  -Absent
<B><font color = 'blue'> .</font></B>  -Absent
<B><font color = 'blue'> .</font></B>  -Absent
<B><font color = 'blue'> .</font></B>  -Absent
<B><font color = 'blue'> .</font></B>  -Absent
<B><font color = 'blue'> .</font></B>  -Absent
<B><font color = 'blue'> .</font></B>  -Absent
<B><font color = 'blue'> .</font></B>  -Absent
<B><font color = 'blue'> .</font></B>  -Absent
<B><font color = 'blue'> .</font></B>  -Absent
<B><font color = 'blue'> .</font></B>  -Absent
<B><font color = 'blue'> .</font></B>  -Test test 
<B><font color = 'blue'> .</font></B>  -sarikajain@gmail.com
<B><font color = 'blue'> .</font></B>  -E-101
<B><font color = 'blue'> .</font></B>  -2022-10-25
<B><font color = 'blue'> .</font></B>  -Absent
<B><font color = 'blue'> .</font></B>  -Absent
<B><font color = 'blue'> .</font></B>  -undefined
<B><font color = 'blue'> .</font></B>  -Bangalore
<B><font color = 'blue'> .</font></B>  -Testing
<B><font color = 'blue'> .</font></B>  -Absent
<B><font color = 'blue'> .</font></B>  -Absent
<B><font color = 'blue'> .</font></B>  -Absent
<B><font color = 'blue'> .</font></B>  -Absent
<B><font color = 'blue'> .</font></B>  -Absent
<B><font color = 'blue'> .</font></B>  -Absent
<B><font color = 'blue'> .</font></B>  -Absent
<B><font color = 'blue'> .</font></B>  -Absent
<B><font color = 'blue'> .</font></B>  -Absent
<B><font color = 'blue'> .</font></B>  -Absent
<B><font color = 'blue'> .</font></B>  -Absent
<B><font color = 'blue'> .</font></B>  -sithu kalluru 
<B><font color = 'blue'> .</font></B>  -sitaramireddy@globussoft.in
<B><font color = 'blue'> .</font></B>  -code12
<B><font color = 'blue'> .</font></B>  -2022-10-25
<B><font color = 'blue'> .</font></B>  -Absent
<B><font color = 'blue'> .</font></B>  -Absent
<B><font color = 'blue'> .</font></B>  -undefined
<B><font color = 'blue'> .</font></B>  -Bangalore
<B><font color = 'blue'> .</font></B>  -Testing
<B><font color = 'blue'> .</font></B>  -Absent
<B><font color = 'blue'> .</font></B>  -Absent
<B><font color = 'blue'> .</font></B>  -Absent
<B><font color = 'blue'> .</font></B>  -Absent
<B><font color = 'blue'> .</font></B>  -Absent
<B><font color = 'blue'> .</font></B>  -Absent
<B><font color = 'blue'> .</font></B>  -Absent
<B><font color = 'blue'> .</font></B>  -Absent
<B><font color = 'blue'> .</font></B>  -Absent
<B><font color = 'blue'> .</font></B>  -Absent
<B><font color = 'blue'> .</font></B>  -Absent
<B><font color = 'blue'> .</font></B>  -test123 abcd 
<B><font color = 'blue'> .</font></B>  -s@gmail.com
<B><font color = 'blue'> .</font></B>  -code123z
<B><font color = 'blue'> .</font></B>  -2022-10-25
<B><font color = 'blue'> .</font></B>  -Absent
<B><font color = 'blue'> .</font></B>  -Absent
<B><font color = 'blue'> .</font></B>  -undefined
<B><font color = 'blue'> .</font></B>  -Bangalore
<B><font color = 'blue'> .</font></B>  -Testing
<B><font color = 'blue'> .</font></B>  -Absent
<B><font color = 'blue'> .</font></B>  -Absent
<B><font color = 'blue'> .</font></B>  -Absent
<B><font color = 'blue'> .</font></B>  -Absent
<B><font color = 'blue'> .</font></B>  -Absent
<B><font color = 'blue'> .</font></B>  -Absent
<B><font color = 'blue'> .</font></B>  -Absent
<B><font color = 'blue'> .</font></B>  -Absent
<B><font color = 'blue'> .</font></B>  -Absent
<B><font color = 'blue'> .</font></B>  -Absent
<B><font color = 'blue'> .</font></B>  -Absent
<B><font color = 'blue'> .</font></B>  -testing test 
<B><font color = 'blue'> .</font></B>  -aarshajoyson1601@gmail.com
<B><font color = 'blue'> .</font></B>  -glb0008
<B><font color = 'blue'> .</font></B>  -2022-10-25
<B><font color = 'blue'> .</font></B>  -Absent
<B><font color = 'blue'> .</font></B>  -Absent
<B><font color = 'blue'> .</font></B>  -undefined
<B><font color = 'blue'> .</font></B>  -Bangalore
<B><font color = 'blue'> .</font></B>  -Php
<B><font color = 'blue'> .</font></B>  -Absent
<B><font color = 'blue'> .</font></B>  -Absent
<B><font color = 'blue'> .</font></B>  -Absent
<B><font color = 'blue'> .</font></B>  -Absent
<B><font color = 'blue'> .</font></B>  -Absent
<B><font color = 'blue'> .</font></B>  -Absent
<B><font color = 'blue'> .</font></B>  -Absent
<B><font color = 'blue'> .</font></B>  -Absent
<B><font color = 'blue'> .</font></B>  -Absent
<B><font color = 'blue'> .</font></B>  -Absent
<B><font color = 'blue'> .</font></B>  -Absent
<B><font color = 'blue'> .</font></B>  -Automation CodeeeAuto 
<B><font color = 'blue'> .</font></B>  -skabcdef7@gmail.com
<B><font color = 'blue'> .</font></B>  -Emp-Abzcde-1234522
<B><font color = 'blue'> .</font></B>  -2022-10-25
<B><font color = 'blue'> .</font></B>  -Absent
<B><font color = 'blue'> .</font></B>  -Absent
<B><font color = 'blue'> .</font></B>  -undefined
<B><font color = 'blue'> .</font></B>  -Bangalore
<B><font color = 'blue'> .</font></B>  -Testing
<B><font color = 'blue'> .</font></B>  -Absent
<B><font color = 'blue'> .</font></B>  -Absent
<B><font color = 'blue'> .</font></B>  -Absent
<B><font color = 'blue'> .</font></B>  -Absent
<B><font color = 'blue'> .</font></B>  -Absent
<B><font color = 'blue'> .</font></B>  -Absent
<B><font color = 'blue'> .</font></B>  -Absent
<B><font color = 'blue'> .</font></B>  -Absent
<B><font color = 'blue'> .</font></B>  -Absent
<B><font color = 'blue'> .</font></B>  -Absent
<B><font color = 'blue'> .</font></B>  -Absent
<B><font color = 'blue'> .</font></B>  -piyush dfgsfg 
<B><font color = 'blue'> .</font></B>  -jos@gmail.com
<B><font color = 'blue'> .</font></B>  -sdgff
<B><font color = 'blue'> .</font></B>  -2022-10-25
<B><font color = 'blue'> .</font></B>  -Absent
<B><font color = 'blue'> .</font></B>  -Absent
<B><font color = 'blue'> .</font></B>  -undefined
<B><font color = 'blue'> .</font></B>  -Bangalore
<B><font color = 'blue'> .</font></B>  -Testing
<B><font color = 'blue'> .</font></B>  -Absent
<B><font color = 'blue'> .</font></B>  -Absent
<B><font color = 'blue'> .</font></B>  -Absent
<B><font color = 'blue'> .</font></B>  -Absent
<B><font color = 'blue'> .</font></B>  -Absent
<B><font color = 'blue'> .</font></B>  -Absent
<B><font color = 'blue'> .</font></B>  -Absent
<B><font color = 'blue'> .</font></B>  -Absent
<B><font color = 'blue'> .</font></B>  -Absent
<B><font color = 'blue'> .</font></B>  -Absent
<B><font color = 'blue'> .</font></B>  -Absent
<B><font color = 'blue'> .</font></B>  -Aryan raj 
<B><font color = 'blue'> .</font></B>  -alex@gmail.com
<B><font color = 'blue'> .</font></B>  -126
<B><font color = 'blue'> .</font></B>  -2022-10-25
<B><font color = 'blue'> .</font></B>  -Absent
<B><font color = 'blue'> .</font></B>  -Absent
<B><font color = 'blue'> .</font></B>  -undefined
<B><font color = 'blue'> .</font></B>  -Bangalore
<B><font color = 'blue'> .</font></B>  -Testing
<B><font color = 'blue'> .</font></B>  -Absent
<B><font color = 'blue'> .</font></B>  -Absent
<B><font color = 'blue'> .</font></B>  -Absent
<B><font color = 'blue'> .</font></B>  -Absent
<B><font color = 'blue'> .</font></B>  -Absent
<B><font color = 'blue'> .</font></B>  -Absent
<B><font color = 'blue'> .</font></B>  -Absent
<B><font color = 'blue'> .</font></B>  -Absent
<B><font color = 'blue'> .</font></B>  -Absent
<B><font color = 'blue'> .</font></B>  -Absent
<B><font color = 'blue'> .</font></B>  -Absent
<B><font color = 'blue'> .</font></B>  -Automation CodeeeAuto 
<B><font color = 'blue'> .</font></B>  -skabcdef38@gmail.com
<B><font color = 'blue'> .</font></B>  -Emp-Abzcde-123457
<B><font color = 'blue'> .</font></B>  -2022-10-25
<B><font color = 'blue'> .</font></B>  -Absent
<B><font color = 'blue'> .</font></B>  -Absent
<B><font color = 'blue'> .</font></B>  -undefined
<B><font color = 'blue'> .</font></B>  -Bangalore
<B><font color = 'blue'> .</font></B>  -Testing
<B><font color = 'blue'> .</font></B>  -Absent
<B><font color = 'blue'> .</font></B>  -Absent
<B><font color = 'blue'> .</font></B>  -Absent
<B><font color = 'blue'> .</font></B>  -Absent
<B><font color = 'blue'> .</font></B>  -Absent
<B><font color = 'blue'> .</font></B>  -Absent
<B><font color = 'blue'> .</font></B>  -Absent
<B><font color = 'blue'> .</font></B>  -Absent
<B><font color = 'blue'> .</font></B>  -Absent
<B><font color = 'blue'> .</font></B>  -Absent
<B><font color = 'blue'> .</font></B>  -Absent
<B><font color = 'blue'> .</font></B>  -Automation CodeeeAuto 
<B><font color = 'blue'> .</font></B>  -skabcdef33@gmail.com
<B><font color = 'blue'> .</font></B>  -Emp-Abzcde-1234557
<B><font color = 'blue'> .</font></B>  -2022-10-25
<B><font color = 'blue'> .</font></B>  -Absent
<B><font color = 'blue'> .</font></B>  -Absent
<B><font color = 'blue'> .</font></B>  -undefined
<B><font color = 'blue'> .</font></B>  -Bangalore
<B><font color = 'blue'> .</font></B>  -Testing
<B><font color = 'blue'> .</font></B>  -Absent
<B><font color = 'blue'> .</font></B>  -Absent
<B><font color = 'blue'> .</font></B>  -Absent
<B><font color = 'blue'> .</font></B>  -Absent
<B><font color = 'blue'> .</font></B>  -Absent
<B><font color = 'blue'> .</font></B>  -Absent
<B><font color = 'blue'> .</font></B>  -Absent
<B><font color = 'blue'> .</font></B>  -Absent
<B><font color = 'blue'> .</font></B>  -Absent
<B><font color = 'blue'> .</font></B>  -Absent
<B><font color = 'blue'> .</font></B>  -Absent
<B><font color = 'blue'> .</font></B>  -D Surya Prabhakar 
<B><font color = 'blue'> .</font></B>  -surya1@gmail.com
<B><font color = 'blue'> .</font></B>  -EM010
<B><font color = 'blue'> .</font></B>  -2022-10-25
<B><font color = 'blue'> .</font></B>  -Absent
<B><font color = 'blue'> .</font></B>  -Absent
<B><font color = 'blue'> .</font></B>  -undefined
<B><font color = 'blue'> .</font></B>  -bengaluru
<B><font color = 'blue'> .</font></B>  -Testing
<B><font color = 'blue'> .</font></B>  -Absent
<B><font color = 'blue'> .</font></B>  -Absent
<B><font color = 'blue'> .</font></B>  -Absent
<B><font color = 'blue'> .</font></B>  -Absent
<B><font color = 'blue'> .</font></B>  -Absent
<B><font color = 'blue'> .</font></B>  -Absent
<B><font color = 'blue'> .</font></B>  -Absent
<B><font color = 'blue'> .</font></B>  -Absent
<B><font color = 'blue'> .</font></B>  -Absent
<B><font color = 'blue'> .</font></B>  -Absent
<B><font color = 'blue'> .</font></B>  -Absent
<B><font color = 'blue'> .</font></B>  -R o       hit Sharma 
<B><font color = 'blue'> .</font></B>  -rahulrajt5613928@gmail.com
<B><font color = 'blue'> .</font></B>  -67645
<B><font color = 'blue'> .</font></B>  -2022-10-25
<B><font color = 'blue'> .</font></B>  -Absent
<B><font color = 'blue'> .</font></B>  -Absent
<B><font color = 'blue'> .</font></B>  -undefined
<B><font color = 'blue'> .</font></B>  -bengaluru
<B><font color = 'blue'> .</font></B>  -Testing
<B><font color = 'blue'> .</font></B>  -Absent
<B><font color = 'blue'> .</font></B>  -Absent
<B><font color = 'blue'> .</font></B>  -Absent
<B><font color = 'blue'> .</font></B>  -Absent
<B><font color = 'blue'> .</font></B>  -Absent
<B><font color = 'blue'> .</font></B>  -Absent
<B><font color = 'blue'> .</font></B>  -Absent
<B><font color = 'blue'> .</font></B>  -Absent
<B><font color = 'blue'> .</font></B>  -Absent
<B><font color = 'blue'> .</font></B>  -Absent
<B><font color = 'blue'> .</font></B>  -Absent
<B><font color = 'blue'> .</font></B>  -ni test 
<B><font color = 'blue'> .</font></B>  -nitest12@gmail.com
<B><font color = 'blue'> .</font></B>  -GLB678
<B><font color = 'blue'> .</font></B>  -2022-10-25
<B><font color = 'blue'> .</font></B>  -Absent
<B><font color = 'blue'> .</font></B>  -Absent
<B><font color = 'blue'> .</font></B>  -undefined
<B><font color = 'blue'> .</font></B>  -bengaluru
<B><font color = 'blue'> .</font></B>  -Testing
<B><font color = 'blue'> .</font></B>  -Absent
<B><font color = 'blue'> .</font></B>  -Absent
<B><font color = 'blue'> .</font></B>  -Absent
<B><font color = 'blue'> .</font></B>  -Absent
<B><font color = 'blue'> .</font></B>  -Absent
<B><font color = 'blue'> .</font></B>  -Absent
<B><font color = 'blue'> .</font></B>  -Absent
<B><font color = 'blue'> .</font></B>  -Absent
<B><font color = 'blue'> .</font></B>  -Absent
<B><font color = 'blue'> .</font></B>  -Absent
<B><font color = 'blue'> .</font></B>  -Absent
<B><font color = 'blue'> .</font></B>  -one test 
<B><font color = 'blue'> .</font></B>  -testone1234@gmail.com
<B><font color = 'blue'> .</font></B>  -0110
<B><font color = 'blue'> .</font></B>  -2022-10-25
<B><font color = 'blue'> .</font></B>  -Absent
<B><font color = 'blue'> .</font></B>  -Absent
<B><font color = 'blue'> .</font></B>  -undefined
<B><font color = 'blue'> .</font></B>  -bengaluru
<B><font color = 'blue'> .</font></B>  -Testing
<B><font color = 'blue'> .</font></B>  -Absent
<B><font color = 'blue'> .</font></B>  -Absent
<B><font color = 'blue'> .</font></B>  -Absent
<B><font color = 'blue'> .</font></B>  -Absent
<B><font color = 'blue'> .</font></B>  -Absent
<B><font color = 'blue'> .</font></B>  -Absent
<B><font color = 'blue'> .</font></B>  -Absent
<B><font color = 'blue'> .</font></B>  -Absent
<B><font color = 'blue'> .</font></B>  -Absent
<B><font color = 'blue'> .</font></B>  -Absent
<B><font color = 'blue'> .</font></B>  -Absent
<B><font color = 'blue'> .</font></B>  -GLB-BLR-010-PC - GLB-BLR-010 
<B><font color = 'blue'> .</font></B>  -abcd@yuksdgus
<B><font color = 'blue'> .</font></B>  -GLB-BLR-010
<B><font color = 'blue'> .</font></B>  -2022-10-25
<B><font color = 'blue'> .</font></B>  -Absent
<B><font color = 'blue'> .</font></B>  -Absent
<B><font color = 'blue'> .</font></B>  -undefined
<B><font color = 'blue'> .</font></B>  -bengaluru
<B><font color = 'blue'> .</font></B>  -Testing
<B><font color = 'blue'> .</font></B>  -Absent
<B><font color = 'blue'> .</font></B>  -Absent
<B><font color = 'blue'> .</font></B>  -Absent
<B><font color = 'blue'> .</font></B>  -Absent
<B><font color = 'blue'> .</font></B>  -Absent
<B><font color = 'blue'> .</font></B>  -Absent
<B><font color = 'blue'> .</font></B>  -Absent
<B><font color = 'blue'> .</font></B>  -Absent
<B><font color = 'blue'> .</font></B>  -Absent
<B><font color = 'blue'> .</font></B>  -Absent
<B><font color = 'blue'> .</font></B>  -Absent
<B><font color = 'blue'> .</font></B>  -surya kk 
<B><font color = 'blue'> .</font></B>  -123@gmail.com
<B><font color = 'blue'> .</font></B>  -mmmmm
<B><font color = 'blue'> .</font></B>  -2022-10-25
<B><font color = 'blue'> .</font></B>  -Absent
<B><font color = 'blue'> .</font></B>  -Absent
<B><font color = 'blue'> .</font></B>  -undefined
<B><font color = 'blue'> .</font></B>  -Tamilnadu
<B><font color = 'blue'> .</font></B>  -Test and Dev
<B><font color = 'blue'> .</font></B>  -Absent
<B><font color = 'blue'> .</font></B>  -Absent
<B><font color = 'blue'> .</font></B>  -Absent
<B><font color = 'blue'> .</font></B>  -Absent
<B><font color = 'blue'> .</font></B>  -Absent
<B><font color = 'blue'> .</font></B>  -Absent
<B><font color = 'blue'> .</font></B>  -Absent
<B><font color = 'blue'> .</font></B>  -Absent
<B><font color = 'blue'> .</font></B>  -Absent
<B><font color = 'blue'> .</font></B>  -Absent
<B><font color = 'blue'> .</font></B>  -Absent
<B><font color = 'blue'> .</font></B>  -sai kk 
<B><font color = 'blue'> .</font></B>  -saikk19876@gmail.com
<B><font color = 'blue'> .</font></B>  -20221019
<B><font color = 'blue'> .</font></B>  -2022-10-25
<B><font color = 'blue'> .</font></B>  -Absent
<B><font color = 'blue'> .</font></B>  -Absent
<B><font color = 'blue'> .</font></B>  -undefined
<B><font color = 'blue'> .</font></B>  -Tamilnadu
<B><font color = 'blue'> .</font></B>  -Test and Dev
<B><font color = 'blue'> .</font></B>  -Absent
<B><font color = 'blue'> .</font></B>  -Absent
<B><font color = 'blue'> .</font></B>  -Absent
<B><font color = 'blue'> .</font></B>  -Absent
<B><font color = 'blue'> .</font></B>  -Absent
<B><font color = 'blue'> .</font></B>  -Absent
<B><font color = 'blue'> .</font></B>  -Absent
<B><font color = 'blue'> .</font></B>  -Absent
<B><font color = 'blue'> .</font></B>  -Absent
<B><font color = 'blue'> .</font></B>  -Absent
<B><font color = 'blue'> .</font></B>  -Absent
<B><font color = 'blue'> .</font></B>  -ajeethemp test 
<B><font color = 'blue'> .</font></B>  -ajeethemp@gmail.com
<B><font color = 'blue'> .</font></B>  -A01
<B><font color = 'blue'> .</font></B>  -2022-10-25
<B><font color = 'blue'> .</font></B>  -Absent
<B><font color = 'blue'> .</font></B>  -Absent
<B><font color = 'blue'> .</font></B>  -undefined
<B><font color = 'blue'> .</font></B>  -Tamilnadu
<B><font color = 'blue'> .</font></B>  -Test and Dev
<B><font color = 'blue'> .</font></B>  -Absent
<B><font color = 'blue'> .</font></B>  -Absent
<B><font color = 'blue'> .</font></B>  -Absent
<B><font color = 'blue'> .</font></B>  -Absent
<B><font color = 'blue'> .</font></B>  -Absent
<B><font color = 'blue'> .</font></B>  -Absent
<B><font color = 'blue'> .</font></B>  -Absent
<B><font color = 'blue'> .</font></B>  -Absent
<B><font color = 'blue'> .</font></B>  -Absent
<B><font color = 'blue'> .</font></B>  -Absent
<B><font color = 'blue'> .</font></B>  -Absent
<B><font color = 'blue'> .</font></B>  -test user two 
<B><font color = 'blue'> .</font></B>  -testuser@two.io
<B><font color = 'blue'> .</font></B>  -GSLL-327
<B><font color = 'blue'> .</font></B>  -2022-10-25
<B><font color = 'blue'> .</font></B>  -Absent
<B><font color = 'blue'> .</font></B>  -Absent
<B><font color = 'blue'> .</font></B>  -undefined
<B><font color = 'blue'> .</font></B>  -Tamilnadu
<B><font color = 'blue'> .</font></B>  -Test and Dev
<B><font color = 'blue'> .</font></B>  -Absent
<B><font color = 'blue'> .</font></B>  -Absent
<B><font color = 'blue'> .</font></B>  -Absent
<B><font color = 'blue'> .</font></B>  -Absent
<B><font color = 'blue'> .</font></B>  -Absent
<B><font color = 'blue'> .</font></B>  -Absent
<B><font color = 'blue'> .</font></B>  -Absent
<B><font color = 'blue'> .</font></B>  -Absent
<B><font color = 'blue'> .</font></B>  -Absent
<B><font color = 'blue'> .</font></B>  -Absent
<B><font color = 'blue'> .</font></B>  -Absent
<B><font color = 'blue'> .</font></B>  -Himanshu Kumar 
<B><font color = 'blue'> .</font></B>  -himanshu1@gmail.com
<B><font color = 'blue'> .</font></B>  -EM011
<B><font color = 'blue'> .</font></B>  -2022-10-25
<B><font color = 'blue'> .</font></B>  -Absent
<B><font color = 'blue'> .</font></B>  -Absent
<B><font color = 'blue'> .</font></B>  -undefined
<B><font color = 'blue'> .</font></B>  -bagalkot
<B><font color = 'blue'> .</font></B>  -manual testing
<B><font color = 'blue'> .</font></B>  -Absent
<B><font color = 'blue'> .</font></B>  -Absent
<B><font color = 'blue'> .</font></B>  -Absent
<B><font color = 'blue'> .</font></B>  -Absent
<B><font color = 'blue'> .</font></B>  -Absent
<B><font color = 'blue'> .</font></B>  -Absent
<B><font color = 'blue'> .</font></B>  -Absent
<B><font color = 'blue'> .</font></B>  -Absent
<B><font color = 'blue'> .</font></B>  -Absent
<B><font color = 'blue'> .</font></B>  -Absent
<B><font color = 'blue'> .</font></B>  -Absent
<B><font color = 'blue'> .</font></B>  -dxgfdxg gssdg 
<B><font color = 'blue'> .</font></B>  -sdgsg@dgksodkg.in
<B><font color = 'blue'> .</font></B>  -asfda343443
<B><font color = 'blue'> .</font></B>  -2022-10-25
<B><font color = 'blue'> .</font></B>  -Absent
<B><font color = 'blue'> .</font></B>  -Absent
<B><font color = 'blue'> .</font></B>  -undefined
<B><font color = 'blue'> .</font></B>  -Bhilai
<B><font color = 'blue'> .</font></B>  -Php
<B><font color = 'blue'> .</font></B>  -Absent
<B><font color = 'blue'> .</font></B>  -Absent
<B><font color = 'blue'> .</font></B>  -Absent
<B><font color = 'blue'> .</font></B>  -Absent
<B><font color = 'blue'> .</font></B>  -Absent
<B><font color = 'blue'> .</font></B>  -Absent
<B><font color = 'blue'> .</font></B>  -Absent
<B><font color = 'blue'> .</font></B>  -Absent
<B><font color = 'blue'> .</font></B>  -Absent
<B><font color = 'blue'> .</font></B>  -Absent
<B><font color = 'blue'> .</font></B>  -Absent
<B><font color = 'blue'> .</font></B>  -Guest User 
<B><font color = 'blue'> .</font></B>  -guestuser@gmail.com
<B><font color = 'blue'> .</font></B>  -GLB-777
<B><font color = 'blue'> .</font></B>  -2022-10-25
<B><font color = 'blue'> .</font></B>  -Absent
<B><font color = 'blue'> .</font></B>  -Absent
<B><font color = 'blue'> .</font></B>  -undefined
<B><font color = 'blue'> .</font></B>  -Bhilai
<B><font color = 'blue'> .</font></B>  -Php
<B><font color = 'blue'> .</font></B>  -Absent
<B><font color = 'blue'> .</font></B>  -Absent
<B><font color = 'blue'> .</font></B>  -Absent
<B><font color = 'blue'> .</font></B>  -Absent
<B><font color = 'blue'> .</font></B>  -Absent
<B><font color = 'blue'> .</font></B>  -Absent
<B><font color = 'blue'> .</font></B>  -Absent
<B><font color = 'blue'> .</font></B>  -Absent
<B><font color = 'blue'> .</font></B>  -Absent
<B><font color = 'blue'> .</font></B>  -Absent
<B><font color = 'blue'> .</font></B>  -Absent
<B><font color = 'blue'> .</font></B>  -Virat kohli 
<B><font color = 'blue'> .</font></B>  -rahukbgdxgsf@gmail.com
<B><font color = 'blue'> .</font></B>  -65332
<B><font color = 'blue'> .</font></B>  -2022-10-24
<B><font color = 'blue'> .</font></B>  -Absent
<B><font color = 'blue'> .</font></B>  -Absent
<B><font color = 'blue'> .</font></B>  -undefined
<B><font color = 'blue'> .</font></B>  -Default
<B><font color = 'blue'> .</font></B>  -Default
<B><font color = 'blue'> .</font></B>  -Absent
<B><font color = 'blue'> .</font></B>  -Absent
<B><font color = 'blue'> .</font></B>  -Absent
<B><font color = 'blue'> .</font></B>  -Absent
<B><font color = 'blue'> .</font></B>  -Absent
<B><font color = 'blue'> .</font></B>  -Absent
<B><font color = 'blue'> .</font></B>  -Absent
<B><font color = 'blue'> .</font></B>  -Absent
<B><font color = 'blue'> .</font></B>  -Absent
<B><font color = 'blue'> .</font></B>  -Absent
<B><font color = 'blue'> .</font></B>  -Absent
<B><font color = 'blue'> .</font></B>  -sadas kadkasdj 
<B><font color = 'blue'> .</font></B>  -dsa@eqe
<B><font color = 'blue'> .</font></B>  -emp129666
<B><font color = 'blue'> .</font></B>  -2022-10-24
<B><font color = 'blue'> .</font></B>  -Absent
<B><font color = 'blue'> .</font></B>  -Absent
<B><font color = 'blue'> .</font></B>  -undefined
<B><font color = 'blue'> .</font></B>  -Default
<B><font color = 'blue'> .</font></B>  -Default
<B><font color = 'blue'> .</font></B>  -Absent
<B><font color = 'blue'> .</font></B>  -Absent
<B><font color = 'blue'> .</font></B>  -Absent
<B><font color = 'blue'> .</font></B>  -Absent
<B><font color = 'blue'> .</font></B>  -Absent
<B><font color = 'blue'> .</font></B>  -Absent
<B><font color = 'blue'> .</font></B>  -Absent
<B><font color = 'blue'> .</font></B>  -Absent
<B><font color = 'blue'> .</font></B>  -Absent
<B><font color = 'blue'> .</font></B>  -Absent
<B><font color = 'blue'> .</font></B>  -Absent
<B><font color = 'blue'> .</font></B>  -New Test 
<B><font color = 'blue'> .</font></B>  -newtest@gmail.com
<B><font color = 'blue'> .</font></B>  -ewer334443
<B><font color = 'blue'> .</font></B>  -2022-10-24
<B><font color = 'blue'> .</font></B>  -Absent
<B><font color = 'blue'> .</font></B>  -Absent
<B><font color = 'blue'> .</font></B>  -undefined
<B><font color = 'blue'> .</font></B>  -Default
<B><font color = 'blue'> .</font></B>  -Default
<B><font color = 'blue'> .</font></B>  -Absent
<B><font color = 'blue'> .</font></B>  -Absent
<B><font color = 'blue'> .</font></B>  -Absent
<B><font color = 'blue'> .</font></B>  -Absent
<B><font color = 'blue'> .</font></B>  -Absent
<B><font color = 'blue'> .</font></B>  -Absent
<B><font color = 'blue'> .</font></B>  -Absent
<B><font color = 'blue'> .</font></B>  -Absent
<B><font color = 'blue'> .</font></B>  -Absent
<B><font color = 'blue'> .</font></B>  -Absent
<B><font color = 'blue'> .</font></B>  -Absent
<B><font color = 'blue'> .</font></B>  -dshcdb uidsbf 
<B><font color = 'blue'> .</font></B>  -dvbvdb@yahoo.com
<B><font color = 'blue'> .</font></B>  -435454
<B><font color = 'blue'> .</font></B>  -2022-10-24
<B><font color = 'blue'> .</font></B>  -Absent
<B><font color = 'blue'> .</font></B>  -Absent
<B><font color = 'blue'> .</font></B>  -undefined
<B><font color = 'blue'> .</font></B>  -Default
<B><font color = 'blue'> .</font></B>  -Default
<B><font color = 'blue'> .</font></B>  -Absent
<B><font color = 'blue'> .</font></B>  -Absent
<B><font color = 'blue'> .</font></B>  -Absent
<B><font color = 'blue'> .</font></B>  -Absent
<B><font color = 'blue'> .</font></B>  -Absent
<B><font color = 'blue'> .</font></B>  -Absent
<B><font color = 'blue'> .</font></B>  -Absent
<B><font color = 'blue'> .</font></B>  -Absent
<B><font color = 'blue'> .</font></B>  -Absent
<B><font color = 'blue'> .</font></B>  -Absent
<B><font color = 'blue'> .</font></B>  -Absent
<B><font color = 'blue'> .</font></B>  -try last 
<B><font color = 'blue'> .</font></B>  -try@gmail.com
<B><font color = 'blue'> .</font></B>  -1225455
<B><font color = 'blue'> .</font></B>  -2022-10-24
<B><font color = 'blue'> .</font></B>  -Absent
<B><font color = 'blue'> .</font></B>  -Absent
<B><font color = 'blue'> .</font></B>  -undefined
<B><font color = 'blue'> .</font></B>  -Default
<B><font color = 'blue'> .</font></B>  -Default
<B><font color = 'blue'> .</font></B>  -Absent
<B><font color = 'blue'> .</font></B>  -Absent
<B><font color = 'blue'> .</font></B>  -Absent
<B><font color = 'blue'> .</font></B>  -Absent
<B><font color = 'blue'> .</font></B>  -Absent
<B><font color = 'blue'> .</font></B>  -Absent
<B><font color = 'blue'> .</font></B>  -Absent
<B><font color = 'blue'> .</font></B>  -Absent
<B><font color = 'blue'> .</font></B>  -Absent
<B><font color = 'blue'> .</font></B>  -Absent
<B><font color = 'blue'> .</font></B>  -Absent
<B><font color = 'blue'> .</font></B>  -vdjvdb yusvdvbbh 
<B><font color = 'blue'> .</font></B>  -dvhbfdh@gmail.com
<B><font color = 'blue'> .</font></B>  -wq534342
<B><font color = 'blue'> .</font></B>  -2022-10-24
<B><font color = 'blue'> .</font></B>  -Absent
<B><font color = 'blue'> .</font></B>  -Absent
<B><font color = 'blue'> .</font></B>  -undefined
<B><font color = 'blue'> .</font></B>  -Default
<B><font color = 'blue'> .</font></B>  -Default
<B><font color = 'blue'> .</font></B>  -Absent
<B><font color = 'blue'> .</font></B>  -Absent
<B><font color = 'blue'> .</font></B>  -Absent
<B><font color = 'blue'> .</font></B>  -Absent
<B><font color = 'blue'> .</font></B>  -Absent
<B><font color = 'blue'> .</font></B>  -Absent
<B><font color = 'blue'> .</font></B>  -Absent
<B><font color = 'blue'> .</font></B>  -Absent
<B><font color = 'blue'> .</font></B>  -Absent
<B><font color = 'blue'> .</font></B>  -Absent
<B><font color = 'blue'> .</font></B>  -Absent
<B><font color = 'blue'> .</font></B>  -Mail Test user 
<B><font color = 'blue'> .</font></B>  -maintest@user.io
<B><font color = 'blue'> .</font></B>  -GLB-1223888
<B><font color = 'blue'> .</font></B>  -2022-10-24
<B><font color = 'blue'> .</font></B>  -Absent
<B><font color = 'blue'> .</font></B>  -Absent
<B><font color = 'blue'> .</font></B>  -undefined
<B><font color = 'blue'> .</font></B>  -Default
<B><font color = 'blue'> .</font></B>  -Default
<B><font color = 'blue'> .</font></B>  -Absent
<B><font color = 'blue'> .</font></B>  -Absent
<B><font color = 'blue'> .</font></B>  -Absent
<B><font color = 'blue'> .</font></B>  -Absent
<B><font color = 'blue'> .</font></B>  -Absent
<B><font color = 'blue'> .</font></B>  -Absent
<B><font color = 'blue'> .</font></B>  -Absent
<B><font color = 'blue'> .</font></B>  -Absent
<B><font color = 'blue'> .</font></B>  -Absent
<B><font color = 'blue'> .</font></B>  -Absent
<B><font color = 'blue'> .</font></B>  -Absent
<B><font color = 'blue'> .</font></B>  -Update Check 
<B><font color = 'blue'> .</font></B>  -updates@gmail.com
<B><font color = 'blue'> .</font></B>  -emp543
<B><font color = 'blue'> .</font></B>  -2022-10-24
<B><font color = 'blue'> .</font></B>  -Absent
<B><font color = 'blue'> .</font></B>  -Absent
<B><font color = 'blue'> .</font></B>  -undefined
<B><font color = 'blue'> .</font></B>  -Default
<B><font color = 'blue'> .</font></B>  -Default
<B><font color = 'blue'> .</font></B>  -Absent
<B><font color = 'blue'> .</font></B>  -Absent
<B><font color = 'blue'> .</font></B>  -Absent
<B><font color = 'blue'> .</font></B>  -Absent
<B><font color = 'blue'> .</font></B>  -Absent
<B><font color = 'blue'> .</font></B>  -Absent
<B><font color = 'blue'> .</font></B>  -Absent
<B><font color = 'blue'> .</font></B>  -Absent
<B><font color = 'blue'> .</font></B>  -Absent
<B><font color = 'blue'> .</font></B>  -Absent
<B><font color = 'blue'> .</font></B>  -Absent
<B><font color = 'blue'> .</font></B>  -test manager 
<B><font color = 'blue'> .</font></B>  -manageremp@gmail.com
<B><font color = 'blue'> .</font></B>  -glb020
<B><font color = 'blue'> .</font></B>  -2022-10-24
<B><font color = 'blue'> .</font></B>  -Absent
<B><font color = 'blue'> .</font></B>  -Absent
<B><font color = 'blue'> .</font></B>  -undefined
<B><font color = 'blue'> .</font></B>  -Default
<B><font color = 'blue'> .</font></B>  -Default
<B><font color = 'blue'> .</font></B>  -Absent
<B><font color = 'blue'> .</font></B>  -Absent
<B><font color = 'blue'> .</font></B>  -Absent
<B><font color = 'blue'> .</font></B>  -Absent
<B><font color = 'blue'> .</font></B>  -Absent
<B><font color = 'blue'> .</font></B>  -Absent
<B><font color = 'blue'> .</font></B>  -Absent
<B><font color = 'blue'> .</font></B>  -Absent
<B><font color = 'blue'> .</font></B>  -Absent
<B><font color = 'blue'> .</font></B>  -Absent
<B><font color = 'blue'> .</font></B>  -Absent
<B><font color = 'blue'> .</font></B>  -DESKTOP-PJJHB19 - GLB-BLR-002OjUpRD2 
<B><font color = 'blue'> .</font></B>  --
<B><font color = 'blue'> .</font></B>  -GLB-BLR-002OjUpRD2
<B><font color = 'blue'> .</font></B>  -2022-10-24
<B><font color = 'blue'> .</font></B>  -Absent
<B><font color = 'blue'> .</font></B>  -Absent
<B><font color = 'blue'> .</font></B>  -undefined
<B><font color = 'blue'> .</font></B>  -Default
<B><font color = 'blue'> .</font></B>  -Default
<B><font color = 'blue'> .</font></B>  -Absent
<B><font color = 'blue'> .</font></B>  -Absent
<B><font color = 'blue'> .</font></B>  -Absent
<B><font color = 'blue'> .</font></B>  -Absent
<B><font color = 'blue'> .</font></B>  -Absent
<B><font color = 'blue'> .</font></B>  -Absent
<B><font color = 'blue'> .</font></B>  -Absent
<B><font color = 'blue'> .</font></B>  -Absent
<B><font color = 'blue'> .</font></B>  -Absent
<B><font color = 'blue'> .</font></B>  -Absent
<B><font color = 'blue'> .</font></B>  -Absent
<B><font color = 'blue'> .</font></B>  -Usb Test 
<B><font color = 'blue'> .</font></B>  -usbtest123@gmail.com
<B><font color = 'blue'> .</font></B>  -emp0097
<B><font color = 'blue'> .</font></B>  -2022-10-24
<B><font color = 'blue'> .</font></B>  -Absent
<B><font color = 'blue'> .</font></B>  -Absent
<B><font color = 'blue'> .</font></B>  -undefined
<B><font color = 'blue'> .</font></B>  -Default
<B><font color = 'blue'> .</font></B>  -Default
<B><font color = 'blue'> .</font></B>  -Absent
<B><font color = 'blue'> .</font></B>  -Absent
<B><font color = 'blue'> .</font></B>  -Absent
<B><font color = 'blue'> .</font></B>  -Absent
<B><font color = 'blue'> .</font></B>  -Absent
<B><font color = 'blue'> .</font></B>  -Absent
<B><font color = 'blue'> .</font></B>  -Absent
<B><font color = 'blue'> .</font></B>  -Absent
<B><font color = 'blue'> .</font></B>  -Absent
<B><font color = 'blue'> .</font></B>  -Absent
<B><font color = 'blue'> .</font></B>  -Absent
<B><font color = 'blue'> .</font></B>  -SS Keystrokes 
<B><font color = 'blue'> .</font></B>  -sskey@gmail.com
<B><font color = 'blue'> .</font></B>  -emp98y
<B><font color = 'blue'> .</font></B>  -2022-10-24
<B><font color = 'blue'> .</font></B>  -Absent
<B><font color = 'blue'> .</font></B>  -Absent
<B><font color = 'blue'> .</font></B>  -undefined
<B><font color = 'blue'> .</font></B>  -Default
<B><font color = 'blue'> .</font></B>  -Default
<B><font color = 'blue'> .</font></B>  -Absent
<B><font color = 'blue'> .</font></B>  -Absent
<B><font color = 'blue'> .</font></B>  -Absent
<B><font color = 'blue'> .</font></B>  -Absent
<B><font color = 'blue'> .</font></B>  -Absent
<B><font color = 'blue'> .</font></B>  -Absent
<B><font color = 'blue'> .</font></B>  -Absent
<B><font color = 'blue'> .</font></B>  -Absent
<B><font color = 'blue'> .</font></B>  -Absent
<B><font color = 'blue'> .</font></B>  -Absent
<B><font color = 'blue'> .</font></B>  -Absent
<B><font color = 'blue'> .</font></B>  -shivammmmmmmmmmmmmmmmmmmm Kumar 
<B><font color = 'blue'> .</font></B>  -kgfyash545@gmail.com
<B><font color = 'blue'> .</font></B>  -hsakhdjk414
<B><font color = 'blue'> .</font></B>  -2022-10-24
<B><font color = 'blue'> .</font></B>  -Absent
<B><font color = 'blue'> .</font></B>  -Absent
<B><font color = 'blue'> .</font></B>  -undefined
<B><font color = 'blue'> .</font></B>  -Default
<B><font color = 'blue'> .</font></B>  -Default
<B><font color = 'blue'> .</font></B>  -Absent
<B><font color = 'blue'> .</font></B>  -Absent
<B><font color = 'blue'> .</font></B>  -Absent
<B><font color = 'blue'> .</font></B>  -Absent
<B><font color = 'blue'> .</font></B>  -Absent
<B><font color = 'blue'> .</font></B>  -Absent
<B><font color = 'blue'> .</font></B>  -Absent
<B><font color = 'blue'> .</font></B>  -Absent
<B><font color = 'blue'> .</font></B>  -Absent
<B><font color = 'blue'> .</font></B>  -Absent
<B><font color = 'blue'> .</font></B>  -Absent
<B><font color = 'blue'> .</font></B>  -Abhishek Four tf test 
<B><font color = 'blue'> .</font></B>  -abhishekfourtf@mail.com
<B><font color = 'blue'> .</font></B>  -HLIKSJ98
<B><font color = 'blue'> .</font></B>  -2022-10-24
<B><font color = 'blue'> .</font></B>  -Absent
<B><font color = 'blue'> .</font></B>  -Absent
<B><font color = 'blue'> .</font></B>  -undefined
<B><font color = 'blue'> .</font></B>  -Default
<B><font color = 'blue'> .</font></B>  -Default
<B><font color = 'blue'> .</font></B>  -Absent
<B><font color = 'blue'> .</font></B>  -Absent
<B><font color = 'blue'> .</font></B>  -Absent
<B><font color = 'blue'> .</font></B>  -Absent
<B><font color = 'blue'> .</font></B>  -Absent
<B><font color = 'blue'> .</font></B>  -Absent
<B><font color = 'blue'> .</font></B>  -Absent
<B><font color = 'blue'> .</font></B>  -Absent
<B><font color = 'blue'> .</font></B>  -Absent
<B><font color = 'blue'> .</font></B>  -Absent
<B><font color = 'blue'> .</font></B>  -Absent
<B><font color = 'blue'> .</font></B>  -new dev user 
<B><font color = 'blue'> .</font></B>  -new@dev.user
<B><font color = 'blue'> .</font></B>  -fdfsfsd
<B><font color = 'blue'> .</font></B>  -2022-10-24
<B><font color = 'blue'> .</font></B>  -Absent
<B><font color = 'blue'> .</font></B>  -Absent
<B><font color = 'blue'> .</font></B>  -undefined
<B><font color = 'blue'> .</font></B>  -Default
<B><font color = 'blue'> .</font></B>  -Default
<B><font color = 'blue'> .</font></B>  -Absent
<B><font color = 'blue'> .</font></B>  -Absent
<B><font color = 'blue'> .</font></B>  -Absent
<B><font color = 'blue'> .</font></B>  -Absent
<B><font color = 'blue'> .</font></B>  -Absent
<B><font color = 'blue'> .</font></B>  -Absent
<B><font color = 'blue'> .</font></B>  -Absent
<B><font color = 'blue'> .</font></B>  -Absent
<B><font color = 'blue'> .</font></B>  -Absent
<B><font color = 'blue'> .</font></B>  -Absent
<B><font color = 'blue'> .</font></B>  -Absent
<B><font color = 'blue'> .</font></B>  -aaaaaaaaaa aaaaaaaaa 
<B><font color = 'blue'> .</font></B>  -mmmm@gmail.com
<B><font color = 'blue'> .</font></B>  -80765s
<B><font color = 'blue'> .</font></B>  -2022-10-24
<B><font color = 'blue'> .</font></B>  -Absent
<B><font color = 'blue'> .</font></B>  -Absent
<B><font color = 'blue'> .</font></B>  -undefined
<B><font color = 'blue'> .</font></B>  -Bangalore
<B><font color = 'blue'> .</font></B>  -Testing
<B><font color = 'blue'> .</font></B>  -Absent
<B><font color = 'blue'> .</font></B>  -Absent
<B><font color = 'blue'> .</font></B>  -Absent
<B><font color = 'blue'> .</font></B>  -Absent
<B><font color = 'blue'> .</font></B>  -Absent
<B><font color = 'blue'> .</font></B>  -Absent
<B><font color = 'blue'> .</font></B>  -Absent
<B><font color = 'blue'> .</font></B>  -Absent
<B><font color = 'blue'> .</font></B>  -Absent
<B><font color = 'blue'> .</font></B>  -Absent
<B><font color = 'blue'> .</font></B>  -Absent
<B><font color = 'blue'> .</font></B>  -sumesh test 
<B><font color = 'blue'> .</font></B>  -sumesh@mail.com
<B><font color = 'blue'> .</font></B>  -fdgfdgf
<B><font color = 'blue'> .</font></B>  -2022-10-24
<B><font color = 'blue'> .</font></B>  -Absent
<B><font color = 'blue'> .</font></B>  -Absent
<B><font color = 'blue'> .</font></B>  -undefined
<B><font color = 'blue'> .</font></B>  -Bangalore
<B><font color = 'blue'> .</font></B>  -Testing
<B><font color = 'blue'> .</font></B>  -Absent
<B><font color = 'blue'> .</font></B>  -Absent
<B><font color = 'blue'> .</font></B>  -Absent
<B><font color = 'blue'> .</font></B>  -Absent
<B><font color = 'blue'> .</font></B>  -Absent
<B><font color = 'blue'> .</font></B>  -Absent
<B><font color = 'blue'> .</font></B>  -Absent
<B><font color = 'blue'> .</font></B>  -Absent
<B><font color = 'blue'> .</font></B>  -Absent
<B><font color = 'blue'> .</font></B>  -Absent
<B><font color = 'blue'> .</font></B>  -Absent
<B><font color = 'blue'> .</font></B>  -Test msc 
<B><font color = 'blue'> .</font></B>  -test123@gmail.com
<B><font color = 'blue'> .</font></B>  -12254
<B><font color = 'blue'> .</font></B>  -2022-10-24
<B><font color = 'blue'> .</font></B>  -Absent
<B><font color = 'blue'> .</font></B>  -Absent
<B><font color = 'blue'> .</font></B>  -undefined
<B><font color = 'blue'> .</font></B>  -Bangalore
<B><font color = 'blue'> .</font></B>  -Testing
<B><font color = 'blue'> .</font></B>  -Absent
<B><font color = 'blue'> .</font></B>  -Absent
<B><font color = 'blue'> .</font></B>  -Absent
<B><font color = 'blue'> .</font></B>  -Absent
<B><font color = 'blue'> .</font></B>  -Absent
<B><font color = 'blue'> .</font></B>  -Absent
<B><font color = 'blue'> .</font></B>  -Absent
<B><font color = 'blue'> .</font></B>  -Absent
<B><font color = 'blue'> .</font></B>  -Absent
<B><font color = 'blue'> .</font></B>  -Absent
<B><font color = 'blue'> .</font></B>  -Absent
<B><font color = 'blue'> .</font></B>  -deffdfds vscsc 
<B><font color = 'blue'> .</font></B>  -cscsdw123@gmail.com
<B><font color = 'blue'> .</font></B>  -1234512
<B><font color = 'blue'> .</font></B>  -2022-10-24
<B><font color = 'blue'> .</font></B>  -Absent
<B><font color = 'blue'> .</font></B>  -Absent
<B><font color = 'blue'> .</font></B>  -undefined
<B><font color = 'blue'> .</font></B>  -Bangalore
<B><font color = 'blue'> .</font></B>  -Testing
<B><font color = 'blue'> .</font></B>  -Absent
<B><font color = 'blue'> .</font></B>  -Absent
<B><font color = 'blue'> .</font></B>  -Absent
<B><font color = 'blue'> .</font></B>  -Absent
<B><font color = 'blue'> .</font></B>  -Absent
<B><font color = 'blue'> .</font></B>  -Absent
<B><font color = 'blue'> .</font></B>  -Absent
<B><font color = 'blue'> .</font></B>  -Absent
<B><font color = 'blue'> .</font></B>  -Absent
<B><font color = 'blue'> .</font></B>  -Absent
<B><font color = 'blue'> .</font></B>  -Absent
<B><font color = 'blue'> .</font></B>  -test testtt 
<B><font color = 'blue'> .</font></B>  -abcd@gmail.com
<B><font color = 'blue'> .</font></B>  -GLB55
<B><font color = 'blue'> .</font></B>  -2022-10-24
<B><font color = 'blue'> .</font></B>  -Absent
<B><font color = 'blue'> .</font></B>  -Absent
<B><font color = 'blue'> .</font></B>  -undefined
<B><font color = 'blue'> .</font></B>  -Bangalore
<B><font color = 'blue'> .</font></B>  -Testing
<B><font color = 'blue'> .</font></B>  -Absent
<B><font color = 'blue'> .</font></B>  -Absent
<B><font color = 'blue'> .</font></B>  -Absent
<B><font color = 'blue'> .</font></B>  -Absent
<B><font color = 'blue'> .</font></B>  -Absent
<B><font color = 'blue'> .</font></B>  -Absent
<B><font color = 'blue'> .</font></B>  -Absent
<B><font color = 'blue'> .</font></B>  -Absent
<B><font color = 'blue'> .</font></B>  -Absent
<B><font color = 'blue'> .</font></B>  -Absent
<B><font color = 'blue'> .</font></B>  -Absent
<B><font color = 'blue'> .</font></B>  -Abhishe tt 
<B><font color = 'blue'> .</font></B>  -ab@ab.com
<B><font color = 'blue'> .</font></B>  -GKD567
<B><font color = 'blue'> .</font></B>  -2022-10-24
<B><font color = 'blue'> .</font></B>  -Absent
<B><font color = 'blue'> .</font></B>  -Absent
<B><font color = 'blue'> .</font></B>  -undefined
<B><font color = 'blue'> .</font></B>  -Bangalore
<B><font color = 'blue'> .</font></B>  -Testing
<B><font color = 'blue'> .</font></B>  -Absent
<B><font color = 'blue'> .</font></B>  -Absent
<B><font color = 'blue'> .</font></B>  -Absent
<B><font color = 'blue'> .</font></B>  -Absent
<B><font color = 'blue'> .</font></B>  -Absent
<B><font color = 'blue'> .</font></B>  -Absent
<B><font color = 'blue'> .</font></B>  -Absent
<B><font color = 'blue'> .</font></B>  -Absent
<B><font color = 'blue'> .</font></B>  -Absent
<B><font color = 'blue'> .</font></B>  -Absent
<B><font color = 'blue'> .</font></B>  -Absent
<B><font color = 'blue'> .</font></B>  -test nonadmin 
<B><font color = 'blue'> .</font></B>  -testnonadmin@gmail.com
<B><font color = 'blue'> .</font></B>  -GLB026
<B><font color = 'blue'> .</font></B>  -2022-10-24
<B><font color = 'blue'> .</font></B>  -Absent
<B><font color = 'blue'> .</font></B>  -Absent
<B><font color = 'blue'> .</font></B>  -undefined
<B><font color = 'blue'> .</font></B>  -Bangalore
<B><font color = 'blue'> .</font></B>  -Php
<B><font color = 'blue'> .</font></B>  -Absent
<B><font color = 'blue'> .</font></B>  -Absent
<B><font color = 'blue'> .</font></B>  -Absent
<B><font color = 'blue'> .</font></B>  -Absent
<B><font color = 'blue'> .</font></B>  -Absent
<B><font color = 'blue'> .</font></B>  -Absent
<B><font color = 'blue'> .</font></B>  -Absent
<B><font color = 'blue'> .</font></B>  -Absent
<B><font color = 'blue'> .</font></B>  -Absent
<B><font color = 'blue'> .</font></B>  -Absent
<B><font color = 'blue'> .</font></B>  -Absent
<B><font color = 'blue'> .</font></B>  -adg ckj 
<B><font color = 'blue'> .</font></B>  -adcs@1234
<B><font color = 'blue'> .</font></B>  -583
<B><font color = 'blue'> .</font></B>  -2022-10-24
<B><font color = 'blue'> .</font></B>  -Absent
<B><font color = 'blue'> .</font></B>  -Absent
<B><font color = 'blue'> .</font></B>  -undefined
<B><font color = 'blue'> .</font></B>  -Bangalore
<B><font color = 'blue'> .</font></B>  -Testing
<B><font color = 'blue'> .</font></B>  -Absent
<B><font color = 'blue'> .</font></B>  -Absent
<B><font color = 'blue'> .</font></B>  -Absent
<B><font color = 'blue'> .</font></B>  -Absent
<B><font color = 'blue'> .</font></B>  -Absent
<B><font color = 'blue'> .</font></B>  -Absent
<B><font color = 'blue'> .</font></B>  -Absent
<B><font color = 'blue'> .</font></B>  -Absent
<B><font color = 'blue'> .</font></B>  -Absent
<B><font color = 'blue'> .</font></B>  -Absent
<B><font color = 'blue'> .</font></B>  -Absent
<B><font color = 'blue'> .</font></B>  -dominic toretto 
<B><font color = 'blue'> .</font></B>  -dom.toretto737@gmail.com
<B><font color = 'blue'> .</font></B>  -EMP011
<B><font color = 'blue'> .</font></B>  -2022-10-24
<B><font color = 'blue'> .</font></B>  -Absent
<B><font color = 'blue'> .</font></B>  -Absent
<B><font color = 'blue'> .</font></B>  -undefined
<B><font color = 'blue'> .</font></B>  -Bangalore
<B><font color = 'blue'> .</font></B>  -Testing
<B><font color = 'blue'> .</font></B>  -Absent
<B><font color = 'blue'> .</font></B>  -Absent
<B><font color = 'blue'> .</font></B>  -Absent
<B><font color = 'blue'> .</font></B>  -Absent
<B><font color = 'blue'> .</font></B>  -Absent
<B><font color = 'blue'> .</font></B>  -Absent
<B><font color = 'blue'> .</font></B>  -Absent
<B><font color = 'blue'> .</font></B>  -Absent
<B><font color = 'blue'> .</font></B>  -Absent
<B><font color = 'blue'> .</font></B>  -Absent
<B><font color = 'blue'> .</font></B>  -Absent
<B><font color = 'blue'> .</font></B>  -Abhishek Test 
<B><font color = 'blue'> .</font></B>  -abhishektrest@glb.in
<B><font color = 'blue'> .</font></B>  -rN7tvEiDPGNi4fD
<B><font color = 'blue'> .</font></B>  -2022-10-24
<B><font color = 'blue'> .</font></B>  -Absent
<B><font color = 'blue'> .</font></B>  -Absent
<B><font color = 'blue'> .</font></B>  -undefined
<B><font color = 'blue'> .</font></B>  -Bangalore
<B><font color = 'blue'> .</font></B>  -Php
<B><font color = 'blue'> .</font></B>  -Absent
<B><font color = 'blue'> .</font></B>  -Absent
<B><font color = 'blue'> .</font></B>  -Absent
<B><font color = 'blue'> .</font></B>  -Absent
<B><font color = 'blue'> .</font></B>  -Absent
<B><font color = 'blue'> .</font></B>  -Absent
<B><font color = 'blue'> .</font></B>  -Absent
<B><font color = 'blue'> .</font></B>  -Absent
<B><font color = 'blue'> .</font></B>  -Absent
<B><font color = 'blue'> .</font></B>  -Absent
<B><font color = 'blue'> .</font></B>  -Absent
<B><font color = 'blue'> .</font></B>  -Superior Test one 
<B><font color = 'blue'> .</font></B>  -superiorone@gmail.com
<B><font color = 'blue'> .</font></B>  -twoqw
<B><font color = 'blue'> .</font></B>  -2022-10-24
<B><font color = 'blue'> .</font></B>  -Absent
<B><font color = 'blue'> .</font></B>  -Absent
<B><font color = 'blue'> .</font></B>  -undefined
<B><font color = 'blue'> .</font></B>  -Bangalore
<B><font color = 'blue'> .</font></B>  -Testing
<B><font color = 'blue'> .</font></B>  -Absent
<B><font color = 'blue'> .</font></B>  -Absent
<B><font color = 'blue'> .</font></B>  -Absent
<B><font color = 'blue'> .</font></B>  -Absent
<B><font color = 'blue'> .</font></B>  -Absent
<B><font color = 'blue'> .</font></B>  -Absent
<B><font color = 'blue'> .</font></B>  -Absent
<B><font color = 'blue'> .</font></B>  -Absent
<B><font color = 'blue'> .</font></B>  -Absent
<B><font color = 'blue'> .</font></B>  -Absent
<B><font color = 'blue'> .</font></B>  -Absent
<B><font color = 'blue'> .</font></B>  -test testw 
<B><font color = 'blue'> .</font></B>  -test@mac.in
<B><font color = 'blue'> .</font></B>  -aaf123
<B><font color = 'blue'> .</font></B>  -2022-10-24
<B><font color = 'blue'> .</font></B>  -Absent
<B><font color = 'blue'> .</font></B>  -Absent
<B><font color = 'blue'> .</font></B>  -undefined
<B><font color = 'blue'> .</font></B>  -Bangalore
<B><font color = 'blue'> .</font></B>  -Php
<B><font color = 'blue'> .</font></B>  -Absent
<B><font color = 'blue'> .</font></B>  -Absent
<B><font color = 'blue'> .</font></B>  -Absent
<B><font color = 'blue'> .</font></B>  -Absent
<B><font color = 'blue'> .</font></B>  -Absent
<B><font color = 'blue'> .</font></B>  -Absent
<B><font color = 'blue'> .</font></B>  -Absent
<B><font color = 'blue'> .</font></B>  -Absent
<B><font color = 'blue'> .</font></B>  -Absent
<B><font color = 'blue'> .</font></B>  -Absent
<B><font color = 'blue'> .</font></B>  -Absent
<B><font color = 'blue'> .</font></B>  -sam eer 
<B><font color = 'blue'> .</font></B>  -sam@rf.in
<B><font color = 'blue'> .</font></B>  -WSAERT2Q34E
<B><font color = 'blue'> .</font></B>  -2022-10-24
<B><font color = 'blue'> .</font></B>  -Absent
<B><font color = 'blue'> .</font></B>  -Absent
<B><font color = 'blue'> .</font></B>  -undefined
<B><font color = 'blue'> .</font></B>  -Bangalore
<B><font color = 'blue'> .</font></B>  -Testing
<B><font color = 'blue'> .</font></B>  -Absent
<B><font color = 'blue'> .</font></B>  -Absent
<B><font color = 'blue'> .</font></B>  -Absent
<B><font color = 'blue'> .</font></B>  -Absent
<B><font color = 'blue'> .</font></B>  -Absent
<B><font color = 'blue'> .</font></B>  -Absent
<B><font color = 'blue'> .</font></B>  -Absent
<B><font color = 'blue'> .</font></B>  -Absent
<B><font color = 'blue'> .</font></B>  -Absent
<B><font color = 'blue'> .</font></B>  -Absent
<B><font color = 'blue'> .</font></B>  -Absent
<B><font color = 'blue'> .</font></B>  -Test test 
<B><font color = 'blue'> .</font></B>  -sarikajain@gmail.com
<B><font color = 'blue'> .</font></B>  -E-101
<B><font color = 'blue'> .</font></B>  -2022-10-24
<B><font color = 'blue'> .</font></B>  -Absent
<B><font color = 'blue'> .</font></B>  -Absent
<B><font color = 'blue'> .</font></B>  -undefined
<B><font color = 'blue'> .</font></B>  -Bangalore
<B><font color = 'blue'> .</font></B>  -Testing
<B><font color = 'blue'> .</font></B>  -Absent
<B><font color = 'blue'> .</font></B>  -Absent
<B><font color = 'blue'> .</font></B>  -Absent
<B><font color = 'blue'> .</font></B>  -Absent
<B><font color = 'blue'> .</font></B>  -Absent
<B><font color = 'blue'> .</font></B>  -Absent
<B><font color = 'blue'> .</font></B>  -Absent
<B><font color = 'blue'> .</font></B>  -Absent
<B><font color = 'blue'> .</font></B>  -Absent
<B><font color = 'blue'> .</font></B>  -Absent
<B><font color = 'blue'> .</font></B>  -Absent
<B><font color = 'blue'> .</font></B>  -sithu kalluru 
<B><font color = 'blue'> .</font></B>  -sitaramireddy@globussoft.in
<B><font color = 'blue'> .</font></B>  -code12
<B><font color = 'blue'> .</font></B>  -2022-10-24
<B><font color = 'blue'> .</font></B>  -Absent
<B><font color = 'blue'> .</font></B>  -Absent
<B><font color = 'blue'> .</font></B>  -undefined
<B><font color = 'blue'> .</font></B>  -Bangalore
<B><font color = 'blue'> .</font></B>  -Testing
<B><font color = 'blue'> .</font></B>  -Absent
<B><font color = 'blue'> .</font></B>  -Absent
<B><font color = 'blue'> .</font></B>  -Absent
<B><font color = 'blue'> .</font></B>  -Absent
<B><font color = 'blue'> .</font></B>  -Absent
<B><font color = 'blue'> .</font></B>  -Absent
<B><font color = 'blue'> .</font></B>  -Absent
<B><font color = 'blue'> .</font></B>  -Absent
<B><font color = 'blue'> .</font></B>  -Absent
<B><font color = 'blue'> .</font></B>  -Absent
<B><font color = 'blue'> .</font></B>  -Absent
<B><font color = 'blue'> .</font></B>  -test123 abcd 
<B><font color = 'blue'> .</font></B>  -s@gmail.com
<B><font color = 'blue'> .</font></B>  -code123z
<B><font color = 'blue'> .</font></B>  -2022-10-24
<B><font color = 'blue'> .</font></B>  -Absent
<B><font color = 'blue'> .</font></B>  -Absent
<B><font color = 'blue'> .</font></B>  -undefined
<B><font color = 'blue'> .</font></B>  -Bangalore
<B><font color = 'blue'> .</font></B>  -Testing
<B><font color = 'blue'> .</font></B>  -Absent
<B><font color = 'blue'> .</font></B>  -Absent
<B><font color = 'blue'> .</font></B>  -Absent
<B><font color = 'blue'> .</font></B>  -Absent
<B><font color = 'blue'> .</font></B>  -Absent
<B><font color = 'blue'> .</font></B>  -Absent
<B><font color = 'blue'> .</font></B>  -Absent
<B><font color = 'blue'> .</font></B>  -Absent
<B><font color = 'blue'> .</font></B>  -Absent
<B><font color = 'blue'> .</font></B>  -Absent
<B><font color = 'blue'> .</font></B>  -Absent
<B><font color = 'blue'> .</font></B>  -testing test 
<B><font color = 'blue'> .</font></B>  -aarshajoyson1601@gmail.com
<B><font color = 'blue'> .</font></B>  -glb0008
<B><font color = 'blue'> .</font></B>  -2022-10-24
<B><font color = 'blue'> .</font></B>  -Absent
<B><font color = 'blue'> .</font></B>  -Absent
<B><font color = 'blue'> .</font></B>  -undefined
<B><font color = 'blue'> .</font></B>  -Bangalore
<B><font color = 'blue'> .</font></B>  -Php
<B><font color = 'blue'> .</font></B>  -Absent
<B><font color = 'blue'> .</font></B>  -Absent
<B><font color = 'blue'> .</font></B>  -Absent
<B><font color = 'blue'> .</font></B>  -Absent
<B><font color = 'blue'> .</font></B>  -Absent
<B><font color = 'blue'> .</font></B>  -Absent
<B><font color = 'blue'> .</font></B>  -Absent
<B><font color = 'blue'> .</font></B>  -Absent
<B><font color = 'blue'> .</font></B>  -Absent
<B><font color = 'blue'> .</font></B>  -Absent
<B><font color = 'blue'> .</font></B>  -Absent
<B><font color = 'blue'> .</font></B>  -Automation CodeeeAuto 
<B><font color = 'blue'> .</font></B>  -skabcdef7@gmail.com
<B><font color = 'blue'> .</font></B>  -Emp-Abzcde-1234522
<B><font color = 'blue'> .</font></B>  -2022-10-24
<B><font color = 'blue'> .</font></B>  -Absent
<B><font color = 'blue'> .</font></B>  -Absent
<B><font color = 'blue'> .</font></B>  -undefined
<B><font color = 'blue'> .</font></B>  -Bangalore
<B><font color = 'blue'> .</font></B>  -Testing
<B><font color = 'blue'> .</font></B>  -Absent
<B><font color = 'blue'> .</font></B>  -Absent
<B><font color = 'blue'> .</font></B>  -Absent
<B><font color = 'blue'> .</font></B>  -Absent
<B><font color = 'blue'> .</font></B>  -Absent
<B><font color = 'blue'> .</font></B>  -Absent
<B><font color = 'blue'> .</font></B>  -Absent
<B><font color = 'blue'> .</font></B>  -Absent
<B><font color = 'blue'> .</font></B>  -Absent
<B><font color = 'blue'> .</font></B>  -Absent
<B><font color = 'blue'> .</font></B>  -Absent
<B><font color = 'blue'> .</font></B>  -piyush dfgsfg 
<B><font color = 'blue'> .</font></B>  -jos@gmail.com
<B><font color = 'blue'> .</font></B>  -sdgff
<B><font color = 'blue'> .</font></B>  -2022-10-24
<B><font color = 'blue'> .</font></B>  -Absent
<B><font color = 'blue'> .</font></B>  -Absent
<B><font color = 'blue'> .</font></B>  -undefined
<B><font color = 'blue'> .</font></B>  -Bangalore
<B><font color = 'blue'> .</font></B>  -Testing
<B><font color = 'blue'> .</font></B>  -Absent
<B><font color = 'blue'> .</font></B>  -Absent
<B><font color = 'blue'> .</font></B>  -Absent
<B><font color = 'blue'> .</font></B>  -Absent
<B><font color = 'blue'> .</font></B>  -Absent
<B><font color = 'blue'> .</font></B>  -Absent
<B><font color = 'blue'> .</font></B>  -Absent
<B><font color = 'blue'> .</font></B>  -Absent
<B><font color = 'blue'> .</font></B>  -Absent
<B><font color = 'blue'> .</font></B>  -Absent
<B><font color = 'blue'> .</font></B>  -Absent
<B><font color = 'blue'> .</font></B>  -Aryan raj 
<B><font color = 'blue'> .</font></B>  -alex@gmail.com
<B><font color = 'blue'> .</font></B>  -126
<B><font color = 'blue'> .</font></B>  -2022-10-24
<B><font color = 'blue'> .</font></B>  -Absent
<B><font color = 'blue'> .</font></B>  -Absent
<B><font color = 'blue'> .</font></B>  -undefined
<B><font color = 'blue'> .</font></B>  -Bangalore
<B><font color = 'blue'> .</font></B>  -Testing
<B><font color = 'blue'> .</font></B>  -Absent
<B><font color = 'blue'> .</font></B>  -Absent
<B><font color = 'blue'> .</font></B>  -Absent
<B><font color = 'blue'> .</font></B>  -Absent
<B><font color = 'blue'> .</font></B>  -Absent
<B><font color = 'blue'> .</font></B>  -Absent
<B><font color = 'blue'> .</font></B>  -Absent
<B><font color = 'blue'> .</font></B>  -Absent
<B><font color = 'blue'> .</font></B>  -Absent
<B><font color = 'blue'> .</font></B>  -Absent
<B><font color = 'blue'> .</font></B>  -Absent
<B><font color = 'blue'> .</font></B>  -Automation CodeeeAuto 
<B><font color = 'blue'> .</font></B>  -skabcdef38@gmail.com
<B><font color = 'blue'> .</font></B>  -Emp-Abzcde-123457
<B><font color = 'blue'> .</font></B>  -2022-10-24
<B><font color = 'blue'> .</font></B>  -Absent
<B><font color = 'blue'> .</font></B>  -Absent
<B><font color = 'blue'> .</font></B>  -undefined
<B><font color = 'blue'> .</font></B>  -Bangalore
<B><font color = 'blue'> .</font></B>  -Testing
<B><font color = 'blue'> .</font></B>  -Absent
<B><font color = 'blue'> .</font></B>  -Absent
<B><font color = 'blue'> .</font></B>  -Absent
<B><font color = 'blue'> .</font></B>  -Absent
<B><font color = 'blue'> .</font></B>  -Absent
<B><font color = 'blue'> .</font></B>  -Absent
<B><font color = 'blue'> .</font></B>  -Absent
<B><font color = 'blue'> .</font></B>  -Absent
<B><font color = 'blue'> .</font></B>  -Absent
<B><font color = 'blue'> .</font></B>  -Absent
<B><font color = 'blue'> .</font></B>  -Absent
<B><font color = 'blue'> .</font></B>  -Automation CodeeeAuto 
<B><font color = 'blue'> .</font></B>  -skabcdef33@gmail.com
<B><font color = 'blue'> .</font></B>  -Emp-Abzcde-1234557
<B><font color = 'blue'> .</font></B>  -2022-10-24
<B><font color = 'blue'> .</font></B>  -Absent
<B><font color = 'blue'> .</font></B>  -Absent
<B><font color = 'blue'> .</font></B>  -undefined
<B><font color = 'blue'> .</font></B>  -Bangalore
<B><font color = 'blue'> .</font></B>  -Testing
<B><font color = 'blue'> .</font></B>  -Absent
<B><font color = 'blue'> .</font></B>  -Absent
<B><font color = 'blue'> .</font></B>  -Absent
<B><font color = 'blue'> .</font></B>  -Absent
<B><font color = 'blue'> .</font></B>  -Absent
<B><font color = 'blue'> .</font></B>  -Absent
<B><font color = 'blue'> .</font></B>  -Absent
<B><font color = 'blue'> .</font></B>  -Absent
<B><font color = 'blue'> .</font></B>  -Absent
<B><font color = 'blue'> .</font></B>  -Absent
<B><font color = 'blue'> .</font></B>  -Absent
<B><font color = 'blue'> .</font></B>  -D Surya Prabhakar 
<B><font color = 'blue'> .</font></B>  -surya1@gmail.com
<B><font color = 'blue'> .</font></B>  -EM010
<B><font color = 'blue'> .</font></B>  -2022-10-24
<B><font color = 'blue'> .</font></B>  -Absent
<B><font color = 'blue'> .</font></B>  -Absent
<B><font color = 'blue'> .</font></B>  -undefined
<B><font color = 'blue'> .</font></B>  -bengaluru
<B><font color = 'blue'> .</font></B>  -Testing
<B><font color = 'blue'> .</font></B>  -Absent
<B><font color = 'blue'> .</font></B>  -Absent
<B><font color = 'blue'> .</font></B>  -Absent
<B><font color = 'blue'> .</font></B>  -Absent
<B><font color = 'blue'> .</font></B>  -Absent
<B><font color = 'blue'> .</font></B>  -Absent
<B><font color = 'blue'> .</font></B>  -Absent
<B><font color = 'blue'> .</font></B>  -Absent
<B><font color = 'blue'> .</font></B>  -Absent
<B><font color = 'blue'> .</font></B>  -Absent
<B><font color = 'blue'> .</font></B>  -Absent
<B><font color = 'blue'> .</font></B>  -R o       hit Sharma 
<B><font color = 'blue'> .</font></B>  -rahulrajt5613928@gmail.com
<B><font color = 'blue'> .</font></B>  -67645
<B><font color = 'blue'> .</font></B>  -2022-10-24
<B><font color = 'blue'> .</font></B>  -Absent
<B><font color = 'blue'> .</font></B>  -Absent
<B><font color = 'blue'> .</font></B>  -undefined
<B><font color = 'blue'> .</font></B>  -bengaluru
<B><font color = 'blue'> .</font></B>  -Testing
<B><font color = 'blue'> .</font></B>  -Absent
<B><font color = 'blue'> .</font></B>  -Absent
<B><font color = 'blue'> .</font></B>  -Absent
<B><font color = 'blue'> .</font></B>  -Absent
<B><font color = 'blue'> .</font></B>  -Absent
<B><font color = 'blue'> .</font></B>  -Absent
<B><font color = 'blue'> .</font></B>  -Absent
<B><font color = 'blue'> .</font></B>  -Absent
<B><font color = 'blue'> .</font></B>  -Absent
<B><font color = 'blue'> .</font></B>  -Absent
<B><font color = 'blue'> .</font></B>  -Absent
<B><font color = 'blue'> .</font></B>  -ni test 
<B><font color = 'blue'> .</font></B>  -nitest12@gmail.com
<B><font color = 'blue'> .</font></B>  -GLB678
<B><font color = 'blue'> .</font></B>  -2022-10-24
<B><font color = 'blue'> .</font></B>  -Absent
<B><font color = 'blue'> .</font></B>  -Absent
<B><font color = 'blue'> .</font></B>  -undefined
<B><font color = 'blue'> .</font></B>  -bengaluru
<B><font color = 'blue'> .</font></B>  -Testing
<B><font color = 'blue'> .</font></B>  -Absent
<B><font color = 'blue'> .</font></B>  -Absent
<B><font color = 'blue'> .</font></B>  -Absent
<B><font color = 'blue'> .</font></B>  -Absent
<B><font color = 'blue'> .</font></B>  -Absent
<B><font color = 'blue'> .</font></B>  -Absent
<B><font color = 'blue'> .</font></B>  -Absent
<B><font color = 'blue'> .</font></B>  -Absent
<B><font color = 'blue'> .</font></B>  -Absent
<B><font color = 'blue'> .</font></B>  -Absent
<B><font color = 'blue'> .</font></B>  -Absent
<B><font color = 'blue'> .</font></B>  -one test 
<B><font color = 'blue'> .</font></B>  -testone1234@gmail.com
<B><font color = 'blue'> .</font></B>  -0110
<B><font color = 'blue'> .</font></B>  -2022-10-24
<B><font color = 'blue'> .</font></B>  -Absent
<B><font color = 'blue'> .</font></B>  -Absent
<B><font color = 'blue'> .</font></B>  -undefined
<B><font color = 'blue'> .</font></B>  -bengaluru
<B><font color = 'blue'> .</font></B>  -Testing
<B><font color = 'blue'> .</font></B>  -Absent
<B><font color = 'blue'> .</font></B>  -Absent
<B><font color = 'blue'> .</font></B>  -Absent
<B><font color = 'blue'> .</font></B>  -Absent
<B><font color = 'blue'> .</font></B>  -Absent
<B><font color = 'blue'> .</font></B>  -Absent
<B><font color = 'blue'> .</font></B>  -Absent
<B><font color = 'blue'> .</font></B>  -Absent
<B><font color = 'blue'> .</font></B>  -Absent
<B><font color = 'blue'> .</font></B>  -Absent
<B><font color = 'blue'> .</font></B>  -Absent
<B><font color = 'blue'> .</font></B>  -GLB-BLR-010-PC - GLB-BLR-010 
<B><font color = 'blue'> .</font></B>  -abcd@yuksdgus
<B><font color = 'blue'> .</font></B>  -GLB-BLR-010
<B><font color = 'blue'> .</font></B>  -2022-10-24
<B><font color = 'blue'> .</font></B>  -Absent
<B><font color = 'blue'> .</font></B>  -Absent
<B><font color = 'blue'> .</font></B>  -undefined
<B><font color = 'blue'> .</font></B>  -bengaluru
<B><font color = 'blue'> .</font></B>  -Testing
<B><font color = 'blue'> .</font></B>  -Absent
<B><font color = 'blue'> .</font></B>  -Absent
<B><font color = 'blue'> .</font></B>  -Absent
<B><font color = 'blue'> .</font></B>  -Absent
<B><font color = 'blue'> .</font></B>  -Absent
<B><font color = 'blue'> .</font></B>  -Absent
<B><font color = 'blue'> .</font></B>  -Absent
<B><font color = 'blue'> .</font></B>  -Absent
<B><font color = 'blue'> .</font></B>  -Absent
<B><font color = 'blue'> .</font></B>  -Absent
<B><font color = 'blue'> .</font></B>  -Absent
<B><font color = 'blue'> .</font></B>  -surya kk 
<B><font color = 'blue'> .</font></B>  -123@gmail.com
<B><font color = 'blue'> .</font></B>  -mmmmm
<B><font color = 'blue'> .</font></B>  -2022-10-24
<B><font color = 'blue'> .</font></B>  -Absent
<B><font color = 'blue'> .</font></B>  -Absent
<B><font color = 'blue'> .</font></B>  -undefined
<B><font color = 'blue'> .</font></B>  -Tamilnadu
<B><font color = 'blue'> .</font></B>  -Test and Dev
<B><font color = 'blue'> .</font></B>  -Absent
<B><font color = 'blue'> .</font></B>  -Absent
<B><font color = 'blue'> .</font></B>  -Absent
<B><font color = 'blue'> .</font></B>  -Absent
<B><font color = 'blue'> .</font></B>  -Absent
<B><font color = 'blue'> .</font></B>  -Absent
<B><font color = 'blue'> .</font></B>  -Absent
<B><font color = 'blue'> .</font></B>  -Absent
<B><font color = 'blue'> .</font></B>  -Absent
<B><font color = 'blue'> .</font></B>  -Absent
<B><font color = 'blue'> .</font></B>  -Absent
<B><font color = 'blue'> .</font></B>  -sai kk 
<B><font color = 'blue'> .</font></B>  -saikk19876@gmail.com
<B><font color = 'blue'> .</font></B>  -20221019
<B><font color = 'blue'> .</font></B>  -2022-10-24
<B><font color = 'blue'> .</font></B>  -Absent
<B><font color = 'blue'> .</font></B>  -Absent
<B><font color = 'blue'> .</font></B>  -undefined
<B><font color = 'blue'> .</font></B>  -Tamilnadu
<B><font color = 'blue'> .</font></B>  -Test and Dev
<B><font color = 'blue'> .</font></B>  -Absent
<B><font color = 'blue'> .</font></B>  -Absent
<B><font color = 'blue'> .</font></B>  -Absent
<B><font color = 'blue'> .</font></B>  -Absent
<B><font color = 'blue'> .</font></B>  -Absent
<B><font color = 'blue'> .</font></B>  -Absent
<B><font color = 'blue'> .</font></B>  -Absent
<B><font color = 'blue'> .</font></B>  -Absent
<B><font color = 'blue'> .</font></B>  -Absent
<B><font color = 'blue'> .</font></B>  -Absent
<B><font color = 'blue'> .</font></B>  -Absent
<B><font color = 'blue'> .</font></B>  -ajeethemp test 
<B><font color = 'blue'> .</font></B>  -ajeethemp@gmail.com
<B><font color = 'blue'> .</font></B>  -A01
<B><font color = 'blue'> .</font></B>  -2022-10-24
<B><font color = 'blue'> .</font></B>  -Absent
<B><font color = 'blue'> .</font></B>  -Absent
<B><font color = 'blue'> .</font></B>  -undefined
<B><font color = 'blue'> .</font></B>  -Tamilnadu
<B><font color = 'blue'> .</font></B>  -Test and Dev
<B><font color = 'blue'> .</font></B>  -Absent
<B><font color = 'blue'> .</font></B>  -Absent
<B><font color = 'blue'> .</font></B>  -Absent
<B><font color = 'blue'> .</font></B>  -Absent
<B><font color = 'blue'> .</font></B>  -Absent
<B><font color = 'blue'> .</font></B>  -Absent
<B><font color = 'blue'> .</font></B>  -Absent
<B><font color = 'blue'> .</font></B>  -Absent
<B><font color = 'blue'> .</font></B>  -Absent
<B><font color = 'blue'> .</font></B>  -Absent
<B><font color = 'blue'> .</font></B>  -Absent
<B><font color = 'blue'> .</font></B>  -test user two 
<B><font color = 'blue'> .</font></B>  -testuser@two.io
<B><font color = 'blue'> .</font></B>  -GSLL-327
<B><font color = 'blue'> .</font></B>  -2022-10-24
<B><font color = 'blue'> .</font></B>  -Absent
<B><font color = 'blue'> .</font></B>  -Absent
<B><font color = 'blue'> .</font></B>  -undefined
<B><font color = 'blue'> .</font></B>  -Tamilnadu
<B><font color = 'blue'> .</font></B>  -Test and Dev
<B><font color = 'blue'> .</font></B>  -Absent
<B><font color = 'blue'> .</font></B>  -Absent
<B><font color = 'blue'> .</font></B>  -Absent
<B><font color = 'blue'> .</font></B>  -Absent
<B><font color = 'blue'> .</font></B>  -Absent
<B><font color = 'blue'> .</font></B>  -Absent
<B><font color = 'blue'> .</font></B>  -Absent
<B><font color = 'blue'> .</font></B>  -Absent
<B><font color = 'blue'> .</font></B>  -Absent
<B><font color = 'blue'> .</font></B>  -Absent
<B><font color = 'blue'> .</font></B>  -Absent
<B><font color = 'blue'> .</font></B>  -Himanshu Kumar 
<B><font color = 'blue'> .</font></B>  -himanshu1@gmail.com
<B><font color = 'blue'> .</font></B>  -EM011
<B><font color = 'blue'> .</font></B>  -2022-10-24
<B><font color = 'blue'> .</font></B>  -Absent
<B><font color = 'blue'> .</font></B>  -Absent
<B><font color = 'blue'> .</font></B>  -undefined
<B><font color = 'blue'> .</font></B>  -bagalkot
<B><font color = 'blue'> .</font></B>  -manual testing
<B><font color = 'blue'> .</font></B>  -Absent
<B><font color = 'blue'> .</font></B>  -Absent
<B><font color = 'blue'> .</font></B>  -Absent
<B><font color = 'blue'> .</font></B>  -Absent
<B><font color = 'blue'> .</font></B>  -Absent
<B><font color = 'blue'> .</font></B>  -Absent
<B><font color = 'blue'> .</font></B>  -Absent
<B><font color = 'blue'> .</font></B>  -Absent
<B><font color = 'blue'> .</font></B>  -Absent
<B><font color = 'blue'> .</font></B>  -Absent
<B><font color = 'blue'> .</font></B>  -Absent
<B><font color = 'blue'> .</font></B>  -dxgfdxg gssdg 
<B><font color = 'blue'> .</font></B>  -sdgsg@dgksodkg.in
<B><font color = 'blue'> .</font></B>  -asfda343443
<B><font color = 'blue'> .</font></B>  -2022-10-24
<B><font color = 'blue'> .</font></B>  -Absent
<B><font color = 'blue'> .</font></B>  -Absent
<B><font color = 'blue'> .</font></B>  -undefined
<B><font color = 'blue'> .</font></B>  -Bhilai
<B><font color = 'blue'> .</font></B>  -Php
<B><font color = 'blue'> .</font></B>  -Absent
<B><font color = 'blue'> .</font></B>  -Absent
<B><font color = 'blue'> .</font></B>  -Absent
<B><font color = 'blue'> .</font></B>  -Absent
<B><font color = 'blue'> .</font></B>  -Absent
<B><font color = 'blue'> .</font></B>  -Absent
<B><font color = 'blue'> .</font></B>  -Absent
<B><font color = 'blue'> .</font></B>  -Absent
<B><font color = 'blue'> .</font></B>  -Absent
<B><font color = 'blue'> .</font></B>  -Absent
<B><font color = 'blue'> .</font></B>  -Absent
<B><font color = 'blue'> .</font></B>  -Guest User 
<B><font color = 'blue'> .</font></B>  -guestuser@gmail.com
<B><font color = 'blue'> .</font></B>  -GLB-777
<B><font color = 'blue'> .</font></B>  -2022-10-24
<B><font color = 'blue'> .</font></B>  -Absent
<B><font color = 'blue'> .</font></B>  -Absent
<B><font color = 'blue'> .</font></B>  -undefined
<B><font color = 'blue'> .</font></B>  -Bhilai
<B><font color = 'blue'> .</font></B>  -Php
<B><font color = 'blue'> .</font></B>  -Absent
<B><font color = 'blue'> .</font></B>  -Absent
<B><font color = 'blue'> .</font></B>  -Absent
<B><font color = 'blue'> .</font></B>  -Absent
<B><font color = 'blue'> .</font></B>  -Absent
<B><font color = 'blue'> .</font></B>  -Absent
<B><font color = 'blue'> .</font></B>  -Absent
<B><font color = 'blue'> .</font></B>  -Absent
<B><font color = 'blue'> .</font></B>  -Absent
<B><font color = 'blue'> .</font></B>  -Absent
<B><font color = 'blue'> .</font></B>  -Absent
<B><font color = 'blue'> .</font></B>  -Virat kohli 
<B><font color = 'blue'> .</font></B>  -rahukbgdxgsf@gmail.com
<B><font color = 'blue'> .</font></B>  -65332
<B><font color = 'blue'> .</font></B>  -2022-10-23
<B><font color = 'blue'> .</font></B>  -Absent
<B><font color = 'blue'> .</font></B>  -Absent
<B><font color = 'blue'> .</font></B>  -undefined
<B><font color = 'blue'> .</font></B>  -Default
<B><font color = 'blue'> .</font></B>  -Default
<B><font color = 'blue'> .</font></B>  -Absent
<B><font color = 'blue'> .</font></B>  -Absent
<B><font color = 'blue'> .</font></B>  -Absent
<B><font color = 'blue'> .</font></B>  -Absent
<B><font color = 'blue'> .</font></B>  -Absent
<B><font color = 'blue'> .</font></B>  -Absent
<B><font color = 'blue'> .</font></B>  -Absent
<B><font color = 'blue'> .</font></B>  -Absent
<B><font color = 'blue'> .</font></B>  -Absent
<B><font color = 'blue'> .</font></B>  -Absent
<B><font color = 'blue'> .</font></B>  -Absent
<B><font color = 'blue'> .</font></B>  -sadas kadkasdj 
<B><font color = 'blue'> .</font></B>  -dsa@eqe
<B><font color = 'blue'> .</font></B>  -emp129666
<B><font color = 'blue'> .</font></B>  -2022-10-23
<B><font color = 'blue'> .</font></B>  -Absent
<B><font color = 'blue'> .</font></B>  -Absent
<B><font color = 'blue'> .</font></B>  -undefined
<B><font color = 'blue'> .</font></B>  -Default
<B><font color = 'blue'> .</font></B>  -Default
<B><font color = 'blue'> .</font></B>  -Absent
<B><font color = 'blue'> .</font></B>  -Absent
<B><font color = 'blue'> .</font></B>  -Absent
<B><font color = 'blue'> .</font></B>  -Absent
<B><font color = 'blue'> .</font></B>  -Absent
<B><font color = 'blue'> .</font></B>  -Absent
<B><font color = 'blue'> .</font></B>  -Absent
<B><font color = 'blue'> .</font></B>  -Absent
<B><font color = 'blue'> .</font></B>  -Absent
<B><font color = 'blue'> .</font></B>  -Absent
<B><font color = 'blue'> .</font></B>  -Absent
<B><font color = 'blue'> .</font></B>  -New Test 
<B><font color = 'blue'> .</font></B>  -newtest@gmail.com
<B><font color = 'blue'> .</font></B>  -ewer334443
<B><font color = 'blue'> .</font></B>  -2022-10-23
<B><font color = 'blue'> .</font></B>  -Absent
<B><font color = 'blue'> .</font></B>  -Absent
<B><font color = 'blue'> .</font></B>  -undefined
<B><font color = 'blue'> .</font></B>  -Default
<B><font color = 'blue'> .</font></B>  -Default
<B><font color = 'blue'> .</font></B>  -Absent
<B><font color = 'blue'> .</font></B>  -Absent
<B><font color = 'blue'> .</font></B>  -Absent
<B><font color = 'blue'> .</font></B>  -Absent
<B><font color = 'blue'> .</font></B>  -Absent
<B><font color = 'blue'> .</font></B>  -Absent
<B><font color = 'blue'> .</font></B>  -Absent
<B><font color = 'blue'> .</font></B>  -Absent
<B><font color = 'blue'> .</font></B>  -Absent
<B><font color = 'blue'> .</font></B>  -Absent
<B><font color = 'blue'> .</font></B>  -Absent
<B><font color = 'blue'> .</font></B>  -dshcdb uidsbf 
<B><font color = 'blue'> .</font></B>  -dvbvdb@yahoo.com
<B><font color = 'blue'> .</font></B>  -435454
<B><font color = 'blue'> .</font></B>  -2022-10-23
<B><font color = 'blue'> .</font></B>  -Absent
<B><font color = 'blue'> .</font></B>  -Absent
<B><font color = 'blue'> .</font></B>  -undefined
<B><font color = 'blue'> .</font></B>  -Default
<B><font color = 'blue'> .</font></B>  -Default
<B><font color = 'blue'> .</font></B>  -Absent
<B><font color = 'blue'> .</font></B>  -Absent
<B><font color = 'blue'> .</font></B>  -Absent
<B><font color = 'blue'> .</font></B>  -Absent
<B><font color = 'blue'> .</font></B>  -Absent
<B><font color = 'blue'> .</font></B>  -Absent
<B><font color = 'blue'> .</font></B>  -Absent
<B><font color = 'blue'> .</font></B>  -Absent
<B><font color = 'blue'> .</font></B>  -Absent
<B><font color = 'blue'> .</font></B>  -Absent
<B><font color = 'blue'> .</font></B>  -Absent
<B><font color = 'blue'> .</font></B>  -try last 
<B><font color = 'blue'> .</font></B>  -try@gmail.com
<B><font color = 'blue'> .</font></B>  -1225455
<B><font color = 'blue'> .</font></B>  -2022-10-23
<B><font color = 'blue'> .</font></B>  -Absent
<B><font color = 'blue'> .</font></B>  -Absent
<B><font color = 'blue'> .</font></B>  -undefined
<B><font color = 'blue'> .</font></B>  -Default
<B><font color = 'blue'> .</font></B>  -Default
<B><font color = 'blue'> .</font></B>  -Absent
<B><font color = 'blue'> .</font></B>  -Absent
<B><font color = 'blue'> .</font></B>  -Absent
<B><font color = 'blue'> .</font></B>  -Absent
<B><font color = 'blue'> .</font></B>  -Absent
<B><font color = 'blue'> .</font></B>  -Absent
<B><font color = 'blue'> .</font></B>  -Absent
<B><font color = 'blue'> .</font></B>  -Absent
<B><font color = 'blue'> .</font></B>  -Absent
<B><font color = 'blue'> .</font></B>  -Absent
<B><font color = 'blue'> .</font></B>  -Absent
<B><font color = 'blue'> .</font></B>  -vdjvdb yusvdvbbh 
<B><font color = 'blue'> .</font></B>  -dvhbfdh@gmail.com
<B><font color = 'blue'> .</font></B>  -wq534342
<B><font color = 'blue'> .</font></B>  -2022-10-23
<B><font color = 'blue'> .</font></B>  -Absent
<B><font color = 'blue'> .</font></B>  -Absent
<B><font color = 'blue'> .</font></B>  -undefined
<B><font color = 'blue'> .</font></B>  -Default
<B><font color = 'blue'> .</font></B>  -Default
<B><font color = 'blue'> .</font></B>  -Absent
<B><font color = 'blue'> .</font></B>  -Absent
<B><font color = 'blue'> .</font></B>  -Absent
<B><font color = 'blue'> .</font></B>  -Absent
<B><font color = 'blue'> .</font></B>  -Absent
<B><font color = 'blue'> .</font></B>  -Absent
<B><font color = 'blue'> .</font></B>  -Absent
<B><font color = 'blue'> .</font></B>  -Absent
<B><font color = 'blue'> .</font></B>  -Absent
<B><font color = 'blue'> .</font></B>  -Absent
<B><font color = 'blue'> .</font></B>  -Absent
<B><font color = 'blue'> .</font></B>  -Mail Test user 
<B><font color = 'blue'> .</font></B>  -maintest@user.io
<B><font color = 'blue'> .</font></B>  -GLB-1223888
<B><font color = 'blue'> .</font></B>  -2022-10-23
<B><font color = 'blue'> .</font></B>  -Absent
<B><font color = 'blue'> .</font></B>  -Absent
<B><font color = 'blue'> .</font></B>  -undefined
<B><font color = 'blue'> .</font></B>  -Default
<B><font color = 'blue'> .</font></B>  -Default
<B><font color = 'blue'> .</font></B>  -Absent
<B><font color = 'blue'> .</font></B>  -Absent
<B><font color = 'blue'> .</font></B>  -Absent
<B><font color = 'blue'> .</font></B>  -Absent
<B><font color = 'blue'> .</font></B>  -Absent
<B><font color = 'blue'> .</font></B>  -Absent
<B><font color = 'blue'> .</font></B>  -Absent
<B><font color = 'blue'> .</font></B>  -Absent
<B><font color = 'blue'> .</font></B>  -Absent
<B><font color = 'blue'> .</font></B>  -Absent
<B><font color = 'blue'> .</font></B>  -Absent
<B><font color = 'blue'> .</font></B>  -Update Check 
<B><font color = 'blue'> .</font></B>  -updates@gmail.com
<B><font color = 'blue'> .</font></B>  -emp543
<B><font color = 'blue'> .</font></B>  -2022-10-23
<B><font color = 'blue'> .</font></B>  -Absent
<B><font color = 'blue'> .</font></B>  -Absent
<B><font color = 'blue'> .</font></B>  -undefined
<B><font color = 'blue'> .</font></B>  -Default
<B><font color = 'blue'> .</font></B>  -Default
<B><font color = 'blue'> .</font></B>  -Absent
<B><font color = 'blue'> .</font></B>  -Absent
<B><font color = 'blue'> .</font></B>  -Absent
<B><font color = 'blue'> .</font></B>  -Absent
<B><font color = 'blue'> .</font></B>  -Absent
<B><font color = 'blue'> .</font></B>  -Absent
<B><font color = 'blue'> .</font></B>  -Absent
<B><font color = 'blue'> .</font></B>  -Absent
<B><font color = 'blue'> .</font></B>  -Absent
<B><font color = 'blue'> .</font></B>  -Absent
<B><font color = 'blue'> .</font></B>  -Absent
<B><font color = 'blue'> .</font></B>  -test manager 
<B><font color = 'blue'> .</font></B>  -manageremp@gmail.com
<B><font color = 'blue'> .</font></B>  -glb020
<B><font color = 'blue'> .</font></B>  -2022-10-23
<B><font color = 'blue'> .</font></B>  -Absent
<B><font color = 'blue'> .</font></B>  -Absent
<B><font color = 'blue'> .</font></B>  -undefined
<B><font color = 'blue'> .</font></B>  -Default
<B><font color = 'blue'> .</font></B>  -Default
<B><font color = 'blue'> .</font></B>  -Absent
<B><font color = 'blue'> .</font></B>  -Absent
<B><font color = 'blue'> .</font></B>  -Absent
<B><font color = 'blue'> .</font></B>  -Absent
<B><font color = 'blue'> .</font></B>  -Absent
<B><font color = 'blue'> .</font></B>  -Absent
<B><font color = 'blue'> .</font></B>  -Absent
<B><font color = 'blue'> .</font></B>  -Absent
<B><font color = 'blue'> .</font></B>  -Absent
<B><font color = 'blue'> .</font></B>  -Absent
<B><font color = 'blue'> .</font></B>  -Absent
<B><font color = 'blue'> .</font></B>  -DESKTOP-PJJHB19 - GLB-BLR-002OjUpRD2 
<B><font color = 'blue'> .</font></B>  --
<B><font color = 'blue'> .</font></B>  -GLB-BLR-002OjUpRD2
<B><font color = 'blue'> .</font></B>  -2022-10-23
<B><font color = 'blue'> .</font></B>  -Absent
<B><font color = 'blue'> .</font></B>  -Absent
<B><font color = 'blue'> .</font></B>  -undefined
<B><font color = 'blue'> .</font></B>  -Default
<B><font color = 'blue'> .</font></B>  -Default
<B><font color = 'blue'> .</font></B>  -Absent
<B><font color = 'blue'> .</font></B>  -Absent
<B><font color = 'blue'> .</font></B>  -Absent
<B><font color = 'blue'> .</font></B>  -Absent
<B><font color = 'blue'> .</font></B>  -Absent
<B><font color = 'blue'> .</font></B>  -Absent
<B><font color = 'blue'> .</font></B>  -Absent
<B><font color = 'blue'> .</font></B>  -Absent
<B><font color = 'blue'> .</font></B>  -Absent
<B><font color = 'blue'> .</font></B>  -Absent
<B><font color = 'blue'> .</font></B>  -Absent
<B><font color = 'blue'> .</font></B>  -Usb Test 
<B><font color = 'blue'> .</font></B>  -usbtest123@gmail.com
<B><font color = 'blue'> .</font></B>  -emp0097
<B><font color = 'blue'> .</font></B>  -2022-10-23
<B><font color = 'blue'> .</font></B>  -Absent
<B><font color = 'blue'> .</font></B>  -Absent
<B><font color = 'blue'> .</font></B>  -undefined
<B><font color = 'blue'> .</font></B>  -Default
<B><font color = 'blue'> .</font></B>  -Default
<B><font color = 'blue'> .</font></B>  -Absent
<B><font color = 'blue'> .</font></B>  -Absent
<B><font color = 'blue'> .</font></B>  -Absent
<B><font color = 'blue'> .</font></B>  -Absent
<B><font color = 'blue'> .</font></B>  -Absent
<B><font color = 'blue'> .</font></B>  -Absent
<B><font color = 'blue'> .</font></B>  -Absent
<B><font color = 'blue'> .</font></B>  -Absent
<B><font color = 'blue'> .</font></B>  -Absent
<B><font color = 'blue'> .</font></B>  -Absent
<B><font color = 'blue'> .</font></B>  -Absent
<B><font color = 'blue'> .</font></B>  -SS Keystrokes 
<B><font color = 'blue'> .</font></B>  -sskey@gmail.com
<B><font color = 'blue'> .</font></B>  -emp98y
<B><font color = 'blue'> .</font></B>  -2022-10-23
<B><font color = 'blue'> .</font></B>  -Absent
<B><font color = 'blue'> .</font></B>  -Absent
<B><font color = 'blue'> .</font></B>  -undefined
<B><font color = 'blue'> .</font></B>  -Default
<B><font color = 'blue'> .</font></B>  -Default
<B><font color = 'blue'> .</font></B>  -Absent
<B><font color = 'blue'> .</font></B>  -Absent
<B><font color = 'blue'> .</font></B>  -Absent
<B><font color = 'blue'> .</font></B>  -Absent
<B><font color = 'blue'> .</font></B>  -Absent
<B><font color = 'blue'> .</font></B>  -Absent
<B><font color = 'blue'> .</font></B>  -Absent
<B><font color = 'blue'> .</font></B>  -Absent
<B><font color = 'blue'> .</font></B>  -Absent
<B><font color = 'blue'> .</font></B>  -Absent
<B><font color = 'blue'> .</font></B>  -Absent
<B><font color = 'blue'> .</font></B>  -shivammmmmmmmmmmmmmmmmmmm Kumar 
<B><font color = 'blue'> .</font></B>  -kgfyash545@gmail.com
<B><font color = 'blue'> .</font></B>  -hsakhdjk414
<B><font color = 'blue'> .</font></B>  -2022-10-23
<B><font color = 'blue'> .</font></B>  -Absent
<B><font color = 'blue'> .</font></B>  -Absent
<B><font color = 'blue'> .</font></B>  -undefined
<B><font color = 'blue'> .</font></B>  -Default
<B><font color = 'blue'> .</font></B>  -Default
<B><font color = 'blue'> .</font></B>  -Absent
<B><font color = 'blue'> .</font></B>  -Absent
<B><font color = 'blue'> .</font></B>  -Absent
<B><font color = 'blue'> .</font></B>  -Absent
<B><font color = 'blue'> .</font></B>  -Absent
<B><font color = 'blue'> .</font></B>  -Absent
<B><font color = 'blue'> .</font></B>  -Absent
<B><font color = 'blue'> .</font></B>  -Absent
<B><font color = 'blue'> .</font></B>  -Absent
<B><font color = 'blue'> .</font></B>  -Absent
<B><font color = 'blue'> .</font></B>  -Absent
<B><font color = 'blue'> .</font></B>  -Abhishek Four tf test 
<B><font color = 'blue'> .</font></B>  -abhishekfourtf@mail.com
<B><font color = 'blue'> .</font></B>  -HLIKSJ98
<B><font color = 'blue'> .</font></B>  -2022-10-23
<B><font color = 'blue'> .</font></B>  -Absent
<B><font color = 'blue'> .</font></B>  -Absent
<B><font color = 'blue'> .</font></B>  -undefined
<B><font color = 'blue'> .</font></B>  -Default
<B><font color = 'blue'> .</font></B>  -Default
<B><font color = 'blue'> .</font></B>  -Absent
<B><font color = 'blue'> .</font></B>  -Absent
<B><font color = 'blue'> .</font></B>  -Absent
<B><font color = 'blue'> .</font></B>  -Absent
<B><font color = 'blue'> .</font></B>  -Absent
<B><font color = 'blue'> .</font></B>  -Absent
<B><font color = 'blue'> .</font></B>  -Absent
<B><font color = 'blue'> .</font></B>  -Absent
<B><font color = 'blue'> .</font></B>  -Absent
<B><font color = 'blue'> .</font></B>  -Absent
<B><font color = 'blue'> .</font></B>  -Absent
<B><font color = 'blue'> .</font></B>  -new dev user 
<B><font color = 'blue'> .</font></B>  -new@dev.user
<B><font color = 'blue'> .</font></B>  -fdfsfsd
<B><font color = 'blue'> .</font></B>  -2022-10-23
<B><font color = 'blue'> .</font></B>  -Absent
<B><font color = 'blue'> .</font></B>  -Absent
<B><font color = 'blue'> .</font></B>  -undefined
<B><font color = 'blue'> .</font></B>  -Default
<B><font color = 'blue'> .</font></B>  -Default
<B><font color = 'blue'> .</font></B>  -Absent
<B><font color = 'blue'> .</font></B>  -Absent
<B><font color = 'blue'> .</font></B>  -Absent
<B><font color = 'blue'> .</font></B>  -Absent
<B><font color = 'blue'> .</font></B>  -Absent
<B><font color = 'blue'> .</font></B>  -Absent
<B><font color = 'blue'> .</font></B>  -Absent
<B><font color = 'blue'> .</font></B>  -Absent
<B><font color = 'blue'> .</font></B>  -Absent
<B><font color = 'blue'> .</font></B>  -Absent
<B><font color = 'blue'> .</font></B>  -Absent
<B><font color = 'blue'> .</font></B>  -aaaaaaaaaa aaaaaaaaa 
<B><font color = 'blue'> .</font></B>  -mmmm@gmail.com
<B><font color = 'blue'> .</font></B>  -80765s
<B><font color = 'blue'> .</font></B>  -2022-10-23
<B><font color = 'blue'> .</font></B>  -Absent
<B><font color = 'blue'> .</font></B>  -Absent
<B><font color = 'blue'> .</font></B>  -undefined
<B><font color = 'blue'> .</font></B>  -Bangalore
<B><font color = 'blue'> .</font></B>  -Testing
<B><font color = 'blue'> .</font></B>  -Absent
<B><font color = 'blue'> .</font></B>  -Absent
<B><font color = 'blue'> .</font></B>  -Absent
<B><font color = 'blue'> .</font></B>  -Absent
<B><font color = 'blue'> .</font></B>  -Absent
<B><font color = 'blue'> .</font></B>  -Absent
<B><font color = 'blue'> .</font></B>  -Absent
<B><font color = 'blue'> .</font></B>  -Absent
<B><font color = 'blue'> .</font></B>  -Absent
<B><font color = 'blue'> .</font></B>  -Absent
<B><font color = 'blue'> .</font></B>  -Absent
<B><font color = 'blue'> .</font></B>  -sumesh test 
<B><font color = 'blue'> .</font></B>  -sumesh@mail.com
<B><font color = 'blue'> .</font></B>  -fdgfdgf
<B><font color = 'blue'> .</font></B>  -2022-10-23
<B><font color = 'blue'> .</font></B>  -Absent
<B><font color = 'blue'> .</font></B>  -Absent
<B><font color = 'blue'> .</font></B>  -undefined
<B><font color = 'blue'> .</font></B>  -Bangalore
<B><font color = 'blue'> .</font></B>  -Testing
<B><font color = 'blue'> .</font></B>  -Absent
<B><font color = 'blue'> .</font></B>  -Absent
<B><font color = 'blue'> .</font></B>  -Absent
<B><font color = 'blue'> .</font></B>  -Absent
<B><font color = 'blue'> .</font></B>  -Absent
<B><font color = 'blue'> .</font></B>  -Absent
<B><font color = 'blue'> .</font></B>  -Absent
<B><font color = 'blue'> .</font></B>  -Absent
<B><font color = 'blue'> .</font></B>  -Absent
<B><font color = 'blue'> .</font></B>  -Absent
<B><font color = 'blue'> .</font></B>  -Absent
<B><font color = 'blue'> .</font></B>  -Test msc 
<B><font color = 'blue'> .</font></B>  -test123@gmail.com
<B><font color = 'blue'> .</font></B>  -12254
<B><font color = 'blue'> .</font></B>  -2022-10-23
<B><font color = 'blue'> .</font></B>  -Absent
<B><font color = 'blue'> .</font></B>  -Absent
<B><font color = 'blue'> .</font></B>  -undefined
<B><font color = 'blue'> .</font></B>  -Bangalore
<B><font color = 'blue'> .</font></B>  -Testing
<B><font color = 'blue'> .</font></B>  -Absent
<B><font color = 'blue'> .</font></B>  -Absent
<B><font color = 'blue'> .</font></B>  -Absent
<B><font color = 'blue'> .</font></B>  -Absent
<B><font color = 'blue'> .</font></B>  -Absent
<B><font color = 'blue'> .</font></B>  -Absent
<B><font color = 'blue'> .</font></B>  -Absent
<B><font color = 'blue'> .</font></B>  -Absent
<B><font color = 'blue'> .</font></B>  -Absent
<B><font color = 'blue'> .</font></B>  -Absent
<B><font color = 'blue'> .</font></B>  -Absent
<B><font color = 'blue'> .</font></B>  -deffdfds vscsc 
<B><font color = 'blue'> .</font></B>  -cscsdw123@gmail.com
<B><font color = 'blue'> .</font></B>  -1234512
<B><font color = 'blue'> .</font></B>  -2022-10-23
<B><font color = 'blue'> .</font></B>  -Absent
<B><font color = 'blue'> .</font></B>  -Absent
<B><font color = 'blue'> .</font></B>  -undefined
<B><font color = 'blue'> .</font></B>  -Bangalore
<B><font color = 'blue'> .</font></B>  -Testing
<B><font color = 'blue'> .</font></B>  -Absent
<B><font color = 'blue'> .</font></B>  -Absent
<B><font color = 'blue'> .</font></B>  -Absent
<B><font color = 'blue'> .</font></B>  -Absent
<B><font color = 'blue'> .</font></B>  -Absent
<B><font color = 'blue'> .</font></B>  -Absent
<B><font color = 'blue'> .</font></B>  -Absent
<B><font color = 'blue'> .</font></B>  -Absent
<B><font color = 'blue'> .</font></B>  -Absent
<B><font color = 'blue'> .</font></B>  -Absent
<B><font color = 'blue'> .</font></B>  -Absent
<B><font color = 'blue'> .</font></B>  -test testtt 
<B><font color = 'blue'> .</font></B>  -abcd@gmail.com
<B><font color = 'blue'> .</font></B>  -GLB55
<B><font color = 'blue'> .</font></B>  -2022-10-23
<B><font color = 'blue'> .</font></B>  -Absent
<B><font color = 'blue'> .</font></B>  -Absent
<B><font color = 'blue'> .</font></B>  -undefined
<B><font color = 'blue'> .</font></B>  -Bangalore
<B><font color = 'blue'> .</font></B>  -Testing
<B><font color = 'blue'> .</font></B>  -Absent
<B><font color = 'blue'> .</font></B>  -Absent
<B><font color = 'blue'> .</font></B>  -Absent
<B><font color = 'blue'> .</font></B>  -Absent
<B><font color = 'blue'> .</font></B>  -Absent
<B><font color = 'blue'> .</font></B>  -Absent
<B><font color = 'blue'> .</font></B>  -Absent
<B><font color = 'blue'> .</font></B>  -Absent
<B><font color = 'blue'> .</font></B>  -Absent
<B><font color = 'blue'> .</font></B>  -Absent
<B><font color = 'blue'> .</font></B>  -Absent
<B><font color = 'blue'> .</font></B>  -Abhishe tt 
<B><font color = 'blue'> .</font></B>  -ab@ab.com
<B><font color = 'blue'> .</font></B>  -GKD567
<B><font color = 'blue'> .</font></B>  -2022-10-23
<B><font color = 'blue'> .</font></B>  -Absent
<B><font color = 'blue'> .</font></B>  -Absent
<B><font color = 'blue'> .</font></B>  -undefined
<B><font color = 'blue'> .</font></B>  -Bangalore
<B><font color = 'blue'> .</font></B>  -Testing
<B><font color = 'blue'> .</font></B>  -Absent
<B><font color = 'blue'> .</font></B>  -Absent
<B><font color = 'blue'> .</font></B>  -Absent
<B><font color = 'blue'> .</font></B>  -Absent
<B><font color = 'blue'> .</font></B>  -Absent
<B><font color = 'blue'> .</font></B>  -Absent
<B><font color = 'blue'> .</font></B>  -Absent
<B><font color = 'blue'> .</font></B>  -Absent
<B><font color = 'blue'> .</font></B>  -Absent
<B><font color = 'blue'> .</font></B>  -Absent
<B><font color = 'blue'> .</font></B>  -Absent
<B><font color = 'blue'> .</font></B>  -test nonadmin 
<B><font color = 'blue'> .</font></B>  -testnonadmin@gmail.com
<B><font color = 'blue'> .</font></B>  -GLB026
<B><font color = 'blue'> .</font></B>  -2022-10-23
<B><font color = 'blue'> .</font></B>  -Absent
<B><font color = 'blue'> .</font></B>  -Absent
<B><font color = 'blue'> .</font></B>  -undefined
<B><font color = 'blue'> .</font></B>  -Bangalore
<B><font color = 'blue'> .</font></B>  -Php
<B><font color = 'blue'> .</font></B>  -Absent
<B><font color = 'blue'> .</font></B>  -Absent
<B><font color = 'blue'> .</font></B>  -Absent
<B><font color = 'blue'> .</font></B>  -Absent
<B><font color = 'blue'> .</font></B>  -Absent
<B><font color = 'blue'> .</font></B>  -Absent
<B><font color = 'blue'> .</font></B>  -Absent
<B><font color = 'blue'> .</font></B>  -Absent
<B><font color = 'blue'> .</font></B>  -Absent
<B><font color = 'blue'> .</font></B>  -Absent
<B><font color = 'blue'> .</font></B>  -Absent
<B><font color = 'blue'> .</font></B>  -adg ckj 
<B><font color = 'blue'> .</font></B>  -adcs@1234
<B><font color = 'blue'> .</font></B>  -583
<B><font color = 'blue'> .</font></B>  -2022-10-23
<B><font color = 'blue'> .</font></B>  -Absent
<B><font color = 'blue'> .</font></B>  -Absent
<B><font color = 'blue'> .</font></B>  -undefined
<B><font color = 'blue'> .</font></B>  -Bangalore
<B><font color = 'blue'> .</font></B>  -Testing
<B><font color = 'blue'> .</font></B>  -Absent
<B><font color = 'blue'> .</font></B>  -Absent
<B><font color = 'blue'> .</font></B>  -Absent
<B><font color = 'blue'> .</font></B>  -Absent
<B><font color = 'blue'> .</font></B>  -Absent
<B><font color = 'blue'> .</font></B>  -Absent
<B><font color = 'blue'> .</font></B>  -Absent
<B><font color = 'blue'> .</font></B>  -Absent
<B><font color = 'blue'> .</font></B>  -Absent
<B><font color = 'blue'> .</font></B>  -Absent
<B><font color = 'blue'> .</font></B>  -Absent
<B><font color = 'blue'> .</font></B>  -dominic toretto 
<B><font color = 'blue'> .</font></B>  -dom.toretto737@gmail.com
<B><font color = 'blue'> .</font></B>  -EMP011
<B><font color = 'blue'> .</font></B>  -2022-10-23
<B><font color = 'blue'> .</font></B>  -Absent
<B><font color = 'blue'> .</font></B>  -Absent
<B><font color = 'blue'> .</font></B>  -undefined
<B><font color = 'blue'> .</font></B>  -Bangalore
<B><font color = 'blue'> .</font></B>  -Testing
<B><font color = 'blue'> .</font></B>  -Absent
<B><font color = 'blue'> .</font></B>  -Absent
<B><font color = 'blue'> .</font></B>  -Absent
<B><font color = 'blue'> .</font></B>  -Absent
<B><font color = 'blue'> .</font></B>  -Absent
<B><font color = 'blue'> .</font></B>  -Absent
<B><font color = 'blue'> .</font></B>  -Absent
<B><font color = 'blue'> .</font></B>  -Absent
<B><font color = 'blue'> .</font></B>  -Absent
<B><font color = 'blue'> .</font></B>  -Absent
<B><font color = 'blue'> .</font></B>  -Absent
<B><font color = 'blue'> .</font></B>  -Abhishek Test 
<B><font color = 'blue'> .</font></B>  -abhishektrest@glb.in
<B><font color = 'blue'> .</font></B>  -rN7tvEiDPGNi4fD
<B><font color = 'blue'> .</font></B>  -2022-10-23
<B><font color = 'blue'> .</font></B>  -Absent
<B><font color = 'blue'> .</font></B>  -Absent
<B><font color = 'blue'> .</font></B>  -undefined
<B><font color = 'blue'> .</font></B>  -Bangalore
<B><font color = 'blue'> .</font></B>  -Php
<B><font color = 'blue'> .</font></B>  -Absent
<B><font color = 'blue'> .</font></B>  -Absent
<B><font color = 'blue'> .</font></B>  -Absent
<B><font color = 'blue'> .</font></B>  -Absent
<B><font color = 'blue'> .</font></B>  -Absent
<B><font color = 'blue'> .</font></B>  -Absent
<B><font color = 'blue'> .</font></B>  -Absent
<B><font color = 'blue'> .</font></B>  -Absent
<B><font color = 'blue'> .</font></B>  -Absent
<B><font color = 'blue'> .</font></B>  -Absent
<B><font color = 'blue'> .</font></B>  -Absent
<B><font color = 'blue'> .</font></B>  -Superior Test one 
<B><font color = 'blue'> .</font></B>  -superiorone@gmail.com
<B><font color = 'blue'> .</font></B>  -twoqw
<B><font color = 'blue'> .</font></B>  -2022-10-23
<B><font color = 'blue'> .</font></B>  -Absent
<B><font color = 'blue'> .</font></B>  -Absent
<B><font color = 'blue'> .</font></B>  -undefined
<B><font color = 'blue'> .</font></B>  -Bangalore
<B><font color = 'blue'> .</font></B>  -Testing
<B><font color = 'blue'> .</font></B>  -Absent
<B><font color = 'blue'> .</font></B>  -Absent
<B><font color = 'blue'> .</font></B>  -Absent
<B><font color = 'blue'> .</font></B>  -Absent
<B><font color = 'blue'> .</font></B>  -Absent
<B><font color = 'blue'> .</font></B>  -Absent
<B><font color = 'blue'> .</font></B>  -Absent
<B><font color = 'blue'> .</font></B>  -Absent
<B><font color = 'blue'> .</font></B>  -Absent
<B><font color = 'blue'> .</font></B>  -Absent
<B><font color = 'blue'> .</font></B>  -Absent
<B><font color = 'blue'> .</font></B>  -test testw 
<B><font color = 'blue'> .</font></B>  -test@mac.in
<B><font color = 'blue'> .</font></B>  -aaf123
<B><font color = 'blue'> .</font></B>  -2022-10-23
<B><font color = 'blue'> .</font></B>  -Absent
<B><font color = 'blue'> .</font></B>  -Absent
<B><font color = 'blue'> .</font></B>  -undefined
<B><font color = 'blue'> .</font></B>  -Bangalore
<B><font color = 'blue'> .</font></B>  -Php
<B><font color = 'blue'> .</font></B>  -Absent
<B><font color = 'blue'> .</font></B>  -Absent
<B><font color = 'blue'> .</font></B>  -Absent
<B><font color = 'blue'> .</font></B>  -Absent
<B><font color = 'blue'> .</font></B>  -Absent
<B><font color = 'blue'> .</font></B>  -Absent
<B><font color = 'blue'> .</font></B>  -Absent
<B><font color = 'blue'> .</font></B>  -Absent
<B><font color = 'blue'> .</font></B>  -Absent
<B><font color = 'blue'> .</font></B>  -Absent
<B><font color = 'blue'> .</font></B>  -Absent
<B><font color = 'blue'> .</font></B>  -sam eer 
<B><font color = 'blue'> .</font></B>  -sam@rf.in
<B><font color = 'blue'> .</font></B>  -WSAERT2Q34E
<B><font color = 'blue'> .</font></B>  -2022-10-23
<B><font color = 'blue'> .</font></B>  -Absent
<B><font color = 'blue'> .</font></B>  -Absent
<B><font color = 'blue'> .</font></B>  -undefined
<B><font color = 'blue'> .</font></B>  -Bangalore
<B><font color = 'blue'> .</font></B>  -Testing
<B><font color = 'blue'> .</font></B>  -Absent
<B><font color = 'blue'> .</font></B>  -Absent
<B><font color = 'blue'> .</font></B>  -Absent
<B><font color = 'blue'> .</font></B>  -Absent
<B><font color = 'blue'> .</font></B>  -Absent
<B><font color = 'blue'> .</font></B>  -Absent
<B><font color = 'blue'> .</font></B>  -Absent
<B><font color = 'blue'> .</font></B>  -Absent
<B><font color = 'blue'> .</font></B>  -Absent
<B><font color = 'blue'> .</font></B>  -Absent
<B><font color = 'blue'> .</font></B>  -Absent
<B><font color = 'blue'> .</font></B>  -Test test 
<B><font color = 'blue'> .</font></B>  -sarikajain@gmail.com
<B><font color = 'blue'> .</font></B>  -E-101
<B><font color = 'blue'> .</font></B>  -2022-10-23
<B><font color = 'blue'> .</font></B>  -Absent
<B><font color = 'blue'> .</font></B>  -Absent
<B><font color = 'blue'> .</font></B>  -undefined
<B><font color = 'blue'> .</font></B>  -Bangalore
<B><font color = 'blue'> .</font></B>  -Testing
<B><font color = 'blue'> .</font></B>  -Absent
<B><font color = 'blue'> .</font></B>  -Absent
<B><font color = 'blue'> .</font></B>  -Absent
<B><font color = 'blue'> .</font></B>  -Absent
<B><font color = 'blue'> .</font></B>  -Absent
<B><font color = 'blue'> .</font></B>  -Absent
<B><font color = 'blue'> .</font></B>  -Absent
<B><font color = 'blue'> .</font></B>  -Absent
<B><font color = 'blue'> .</font></B>  -Absent
<B><font color = 'blue'> .</font></B>  -Absent
<B><font color = 'blue'> .</font></B>  -Absent
<B><font color = 'blue'> .</font></B>  -sithu kalluru 
<B><font color = 'blue'> .</font></B>  -sitaramireddy@globussoft.in
<B><font color = 'blue'> .</font></B>  -code12
<B><font color = 'blue'> .</font></B>  -2022-10-23
<B><font color = 'blue'> .</font></B>  -Absent
<B><font color = 'blue'> .</font></B>  -Absent
<B><font color = 'blue'> .</font></B>  -undefined
<B><font color = 'blue'> .</font></B>  -Bangalore
<B><font color = 'blue'> .</font></B>  -Testing
<B><font color = 'blue'> .</font></B>  -Absent
<B><font color = 'blue'> .</font></B>  -Absent
<B><font color = 'blue'> .</font></B>  -Absent
<B><font color = 'blue'> .</font></B>  -Absent
<B><font color = 'blue'> .</font></B>  -Absent
<B><font color = 'blue'> .</font></B>  -Absent
<B><font color = 'blue'> .</font></B>  -Absent
<B><font color = 'blue'> .</font></B>  -Absent
<B><font color = 'blue'> .</font></B>  -Absent
<B><font color = 'blue'> .</font></B>  -Absent
<B><font color = 'blue'> .</font></B>  -Absent
<B><font color = 'blue'> .</font></B>  -test123 abcd 
<B><font color = 'blue'> .</font></B>  -s@gmail.com
<B><font color = 'blue'> .</font></B>  -code123z
<B><font color = 'blue'> .</font></B>  -2022-10-23
<B><font color = 'blue'> .</font></B>  -Absent
<B><font color = 'blue'> .</font></B>  -Absent
<B><font color = 'blue'> .</font></B>  -undefined
<B><font color = 'blue'> .</font></B>  -Bangalore
<B><font color = 'blue'> .</font></B>  -Testing
<B><font color = 'blue'> .</font></B>  -Absent
<B><font color = 'blue'> .</font></B>  -Absent
<B><font color = 'blue'> .</font></B>  -Absent
<B><font color = 'blue'> .</font></B>  -Absent
<B><font color = 'blue'> .</font></B>  -Absent
<B><font color = 'blue'> .</font></B>  -Absent
<B><font color = 'blue'> .</font></B>  -Absent
<B><font color = 'blue'> .</font></B>  -Absent
<B><font color = 'blue'> .</font></B>  -Absent
<B><font color = 'blue'> .</font></B>  -Absent
<B><font color = 'blue'> .</font></B>  -Absent
<B><font color = 'blue'> .</font></B>  -testing test 
<B><font color = 'blue'> .</font></B>  -aarshajoyson1601@gmail.com
<B><font color = 'blue'> .</font></B>  -glb0008
<B><font color = 'blue'> .</font></B>  -2022-10-23
<B><font color = 'blue'> .</font></B>  -Absent
<B><font color = 'blue'> .</font></B>  -Absent
<B><font color = 'blue'> .</font></B>  -undefined
<B><font color = 'blue'> .</font></B>  -Bangalore
<B><font color = 'blue'> .</font></B>  -Php
<B><font color = 'blue'> .</font></B>  -Absent
<B><font color = 'blue'> .</font></B>  -Absent
<B><font color = 'blue'> .</font></B>  -Absent
<B><font color = 'blue'> .</font></B>  -Absent
<B><font color = 'blue'> .</font></B>  -Absent
<B><font color = 'blue'> .</font></B>  -Absent
<B><font color = 'blue'> .</font></B>  -Absent
<B><font color = 'blue'> .</font></B>  -Absent
<B><font color = 'blue'> .</font></B>  -Absent
<B><font color = 'blue'> .</font></B>  -Absent
<B><font color = 'blue'> .</font></B>  -Absent
<B><font color = 'blue'> .</font></B>  -Automation CodeeeAuto 
<B><font color = 'blue'> .</font></B>  -skabcdef7@gmail.com
<B><font color = 'blue'> .</font></B>  -Emp-Abzcde-1234522
<B><font color = 'blue'> .</font></B>  -2022-10-23
<B><font color = 'blue'> .</font></B>  -Absent
<B><font color = 'blue'> .</font></B>  -Absent
<B><font color = 'blue'> .</font></B>  -undefined
<B><font color = 'blue'> .</font></B>  -Bangalore
<B><font color = 'blue'> .</font></B>  -Testing
<B><font color = 'blue'> .</font></B>  -Absent
<B><font color = 'blue'> .</font></B>  -Absent
<B><font color = 'blue'> .</font></B>  -Absent
<B><font color = 'blue'> .</font></B>  -Absent
<B><font color = 'blue'> .</font></B>  -Absent
<B><font color = 'blue'> .</font></B>  -Absent
<B><font color = 'blue'> .</font></B>  -Absent
<B><font color = 'blue'> .</font></B>  -Absent
<B><font color = 'blue'> .</font></B>  -Absent
<B><font color = 'blue'> .</font></B>  -Absent
<B><font color = 'blue'> .</font></B>  -Absent
<B><font color = 'blue'> .</font></B>  -piyush dfgsfg 
<B><font color = 'blue'> .</font></B>  -jos@gmail.com
<B><font color = 'blue'> .</font></B>  -sdgff
<B><font color = 'blue'> .</font></B>  -2022-10-23
<B><font color = 'blue'> .</font></B>  -Absent
<B><font color = 'blue'> .</font></B>  -Absent
<B><font color = 'blue'> .</font></B>  -undefined
<B><font color = 'blue'> .</font></B>  -Bangalore
<B><font color = 'blue'> .</font></B>  -Testing
<B><font color = 'blue'> .</font></B>  -Absent
<B><font color = 'blue'> .</font></B>  -Absent
<B><font color = 'blue'> .</font></B>  -Absent
<B><font color = 'blue'> .</font></B>  -Absent
<B><font color = 'blue'> .</font></B>  -Absent
<B><font color = 'blue'> .</font></B>  -Absent
<B><font color = 'blue'> .</font></B>  -Absent
<B><font color = 'blue'> .</font></B>  -Absent
<B><font color = 'blue'> .</font></B>  -Absent
<B><font color = 'blue'> .</font></B>  -Absent
<B><font color = 'blue'> .</font></B>  -Absent
<B><font color = 'blue'> .</font></B>  -Aryan raj 
<B><font color = 'blue'> .</font></B>  -alex@gmail.com
<B><font color = 'blue'> .</font></B>  -126
<B><font color = 'blue'> .</font></B>  -2022-10-23
<B><font color = 'blue'> .</font></B>  -Absent
<B><font color = 'blue'> .</font></B>  -Absent
<B><font color = 'blue'> .</font></B>  -undefined
<B><font color = 'blue'> .</font></B>  -Bangalore
<B><font color = 'blue'> .</font></B>  -Testing
<B><font color = 'blue'> .</font></B>  -Absent
<B><font color = 'blue'> .</font></B>  -Absent
<B><font color = 'blue'> .</font></B>  -Absent
<B><font color = 'blue'> .</font></B>  -Absent
<B><font color = 'blue'> .</font></B>  -Absent
<B><font color = 'blue'> .</font></B>  -Absent
<B><font color = 'blue'> .</font></B>  -Absent
<B><font color = 'blue'> .</font></B>  -Absent
<B><font color = 'blue'> .</font></B>  -Absent
<B><font color = 'blue'> .</font></B>  -Absent
<B><font color = 'blue'> .</font></B>  -Absent
<B><font color = 'blue'> .</font></B>  -Automation CodeeeAuto 
<B><font color = 'blue'> .</font></B>  -skabcdef38@gmail.com
<B><font color = 'blue'> .</font></B>  -Emp-Abzcde-123457
<B><font color = 'blue'> .</font></B>  -2022-10-23
<B><font color = 'blue'> .</font></B>  -Absent
<B><font color = 'blue'> .</font></B>  -Absent
<B><font color = 'blue'> .</font></B>  -undefined
<B><font color = 'blue'> .</font></B>  -Bangalore
<B><font color = 'blue'> .</font></B>  -Testing
<B><font color = 'blue'> .</font></B>  -Absent
<B><font color = 'blue'> .</font></B>  -Absent
<B><font color = 'blue'> .</font></B>  -Absent
<B><font color = 'blue'> .</font></B>  -Absent
<B><font color = 'blue'> .</font></B>  -Absent
<B><font color = 'blue'> .</font></B>  -Absent
<B><font color = 'blue'> .</font></B>  -Absent
<B><font color = 'blue'> .</font></B>  -Absent
<B><font color = 'blue'> .</font></B>  -Absent
<B><font color = 'blue'> .</font></B>  -Absent
<B><font color = 'blue'> .</font></B>  -Absent
<B><font color = 'blue'> .</font></B>  -Automation CodeeeAuto 
<B><font color = 'blue'> .</font></B>  -skabcdef33@gmail.com
<B><font color = 'blue'> .</font></B>  -Emp-Abzcde-1234557
<B><font color = 'blue'> .</font></B>  -2022-10-23
<B><font color = 'blue'> .</font></B>  -Absent
<B><font color = 'blue'> .</font></B>  -Absent
<B><font color = 'blue'> .</font></B>  -undefined
<B><font color = 'blue'> .</font></B>  -Bangalore
<B><font color = 'blue'> .</font></B>  -Testing
<B><font color = 'blue'> .</font></B>  -Absent
<B><font color = 'blue'> .</font></B>  -Absent
<B><font color = 'blue'> .</font></B>  -Absent
<B><font color = 'blue'> .</font></B>  -Absent
<B><font color = 'blue'> .</font></B>  -Absent
<B><font color = 'blue'> .</font></B>  -Absent
<B><font color = 'blue'> .</font></B>  -Absent
<B><font color = 'blue'> .</font></B>  -Absent
<B><font color = 'blue'> .</font></B>  -Absent
<B><font color = 'blue'> .</font></B>  -Absent
<B><font color = 'blue'> .</font></B>  -Absent
<B><font color = 'blue'> .</font></B>  -D Surya Prabhakar 
<B><font color = 'blue'> .</font></B>  -surya1@gmail.com
<B><font color = 'blue'> .</font></B>  -EM010
<B><font color = 'blue'> .</font></B>  -2022-10-23
<B><font color = 'blue'> .</font></B>  -Absent
<B><font color = 'blue'> .</font></B>  -Absent
<B><font color = 'blue'> .</font></B>  -undefined
<B><font color = 'blue'> .</font></B>  -bengaluru
<B><font color = 'blue'> .</font></B>  -Testing
<B><font color = 'blue'> .</font></B>  -Absent
<B><font color = 'blue'> .</font></B>  -Absent
<B><font color = 'blue'> .</font></B>  -Absent
<B><font color = 'blue'> .</font></B>  -Absent
<B><font color = 'blue'> .</font></B>  -Absent
<B><font color = 'blue'> .</font></B>  -Absent
<B><font color = 'blue'> .</font></B>  -Absent
<B><font color = 'blue'> .</font></B>  -Absent
<B><font color = 'blue'> .</font></B>  -Absent
<B><font color = 'blue'> .</font></B>  -Absent
<B><font color = 'blue'> .</font></B>  -Absent
<B><font color = 'blue'> .</font></B>  -R o       hit Sharma 
<B><font color = 'blue'> .</font></B>  -rahulrajt5613928@gmail.com
<B><font color = 'blue'> .</font></B>  -67645
<B><font color = 'blue'> .</font></B>  -2022-10-23
<B><font color = 'blue'> .</font></B>  -Absent
<B><font color = 'blue'> .</font></B>  -Absent
<B><font color = 'blue'> .</font></B>  -undefined
<B><font color = 'blue'> .</font></B>  -bengaluru
<B><font color = 'blue'> .</font></B>  -Testing
<B><font color = 'blue'> .</font></B>  -Absent
<B><font color = 'blue'> .</font></B>  -Absent
<B><font color = 'blue'> .</font></B>  -Absent
<B><font color = 'blue'> .</font></B>  -Absent
<B><font color = 'blue'> .</font></B>  -Absent
<B><font color = 'blue'> .</font></B>  -Absent
<B><font color = 'blue'> .</font></B>  -Absent
<B><font color = 'blue'> .</font></B>  -Absent
<B><font color = 'blue'> .</font></B>  -Absent
<B><font color = 'blue'> .</font></B>  -Absent
<B><font color = 'blue'> .</font></B>  -Absent
<B><font color = 'blue'> .</font></B>  -ni test 
<B><font color = 'blue'> .</font></B>  -nitest12@gmail.com
<B><font color = 'blue'> .</font></B>  -GLB678
<B><font color = 'blue'> .</font></B>  -2022-10-23
<B><font color = 'blue'> .</font></B>  -Absent
<B><font color = 'blue'> .</font></B>  -Absent
<B><font color = 'blue'> .</font></B>  -undefined
<B><font color = 'blue'> .</font></B>  -bengaluru
<B><font color = 'blue'> .</font></B>  -Testing
<B><font color = 'blue'> .</font></B>  -Absent
<B><font color = 'blue'> .</font></B>  -Absent
<B><font color = 'blue'> .</font></B>  -Absent
<B><font color = 'blue'> .</font></B>  -Absent
<B><font color = 'blue'> .</font></B>  -Absent
<B><font color = 'blue'> .</font></B>  -Absent
<B><font color = 'blue'> .</font></B>  -Absent
<B><font color = 'blue'> .</font></B>  -Absent
<B><font color = 'blue'> .</font></B>  -Absent
<B><font color = 'blue'> .</font></B>  -Absent
<B><font color = 'blue'> .</font></B>  -Absent
<B><font color = 'blue'> .</font></B>  -one test 
<B><font color = 'blue'> .</font></B>  -testone1234@gmail.com
<B><font color = 'blue'> .</font></B>  -0110
<B><font color = 'blue'> .</font></B>  -2022-10-23
<B><font color = 'blue'> .</font></B>  -Absent
<B><font color = 'blue'> .</font></B>  -Absent
<B><font color = 'blue'> .</font></B>  -undefined
<B><font color = 'blue'> .</font></B>  -bengaluru
<B><font color = 'blue'> .</font></B>  -Testing
<B><font color = 'blue'> .</font></B>  -Absent
<B><font color = 'blue'> .</font></B>  -Absent
<B><font color = 'blue'> .</font></B>  -Absent
<B><font color = 'blue'> .</font></B>  -Absent
<B><font color = 'blue'> .</font></B>  -Absent
<B><font color = 'blue'> .</font></B>  -Absent
<B><font color = 'blue'> .</font></B>  -Absent
<B><font color = 'blue'> .</font></B>  -Absent
<B><font color = 'blue'> .</font></B>  -Absent
<B><font color = 'blue'> .</font></B>  -Absent
<B><font color = 'blue'> .</font></B>  -Absent
<B><font color = 'blue'> .</font></B>  -GLB-BLR-010-PC - GLB-BLR-010 
<B><font color = 'blue'> .</font></B>  -abcd@yuksdgus
<B><font color = 'blue'> .</font></B>  -GLB-BLR-010
<B><font color = 'blue'> .</font></B>  -2022-10-23
<B><font color = 'blue'> .</font></B>  -Absent
<B><font color = 'blue'> .</font></B>  -Absent
<B><font color = 'blue'> .</font></B>  -undefined
<B><font color = 'blue'> .</font></B>  -bengaluru
<B><font color = 'blue'> .</font></B>  -Testing
<B><font color = 'blue'> .</font></B>  -Absent
<B><font color = 'blue'> .</font></B>  -Absent
<B><font color = 'blue'> .</font></B>  -Absent
<B><font color = 'blue'> .</font></B>  -Absent
<B><font color = 'blue'> .</font></B>  -Absent
<B><font color = 'blue'> .</font></B>  -Absent
<B><font color = 'blue'> .</font></B>  -Absent
<B><font color = 'blue'> .</font></B>  -Absent
<B><font color = 'blue'> .</font></B>  -Absent
<B><font color = 'blue'> .</font></B>  -Absent
<B><font color = 'blue'> .</font></B>  -Absent
<B><font color = 'blue'> .</font></B>  -surya kk 
<B><font color = 'blue'> .</font></B>  -123@gmail.com
<B><font color = 'blue'> .</font></B>  -mmmmm
<B><font color = 'blue'> .</font></B>  -2022-10-23
<B><font color = 'blue'> .</font></B>  -Absent
<B><font color = 'blue'> .</font></B>  -Absent
<B><font color = 'blue'> .</font></B>  -undefined
<B><font color = 'blue'> .</font></B>  -Tamilnadu
<B><font color = 'blue'> .</font></B>  -Test and Dev
<B><font color = 'blue'> .</font></B>  -Absent
<B><font color = 'blue'> .</font></B>  -Absent
<B><font color = 'blue'> .</font></B>  -Absent
<B><font color = 'blue'> .</font></B>  -Absent
<B><font color = 'blue'> .</font></B>  -Absent
<B><font color = 'blue'> .</font></B>  -Absent
<B><font color = 'blue'> .</font></B>  -Absent
<B><font color = 'blue'> .</font></B>  -Absent
<B><font color = 'blue'> .</font></B>  -Absent
<B><font color = 'blue'> .</font></B>  -Absent
<B><font color = 'blue'> .</font></B>  -Absent
<B><font color = 'blue'> .</font></B>  -sai kk 
<B><font color = 'blue'> .</font></B>  -saikk19876@gmail.com
<B><font color = 'blue'> .</font></B>  -20221019
<B><font color = 'blue'> .</font></B>  -2022-10-23
<B><font color = 'blue'> .</font></B>  -Absent
<B><font color = 'blue'> .</font></B>  -Absent
<B><font color = 'blue'> .</font></B>  -undefined
<B><font color = 'blue'> .</font></B>  -Tamilnadu
<B><font color = 'blue'> .</font></B>  -Test and Dev
<B><font color = 'blue'> .</font></B>  -Absent
<B><font color = 'blue'> .</font></B>  -Absent
<B><font color = 'blue'> .</font></B>  -Absent
<B><font color = 'blue'> .</font></B>  -Absent
<B><font color = 'blue'> .</font></B>  -Absent
<B><font color = 'blue'> .</font></B>  -Absent
<B><font color = 'blue'> .</font></B>  -Absent
<B><font color = 'blue'> .</font></B>  -Absent
<B><font color = 'blue'> .</font></B>  -Absent
<B><font color = 'blue'> .</font></B>  -Absent
<B><font color = 'blue'> .</font></B>  -Absent
<B><font color = 'blue'> .</font></B>  -ajeethemp test 
<B><font color = 'blue'> .</font></B>  -ajeethemp@gmail.com
<B><font color = 'blue'> .</font></B>  -A01
<B><font color = 'blue'> .</font></B>  -2022-10-23
<B><font color = 'blue'> .</font></B>  -Absent
<B><font color = 'blue'> .</font></B>  -Absent
<B><font color = 'blue'> .</font></B>  -undefined
<B><font color = 'blue'> .</font></B>  -Tamilnadu
<B><font color = 'blue'> .</font></B>  -Test and Dev
<B><font color = 'blue'> .</font></B>  -Absent
<B><font color = 'blue'> .</font></B>  -Absent
<B><font color = 'blue'> .</font></B>  -Absent
<B><font color = 'blue'> .</font></B>  -Absent
<B><font color = 'blue'> .</font></B>  -Absent
<B><font color = 'blue'> .</font></B>  -Absent
<B><font color = 'blue'> .</font></B>  -Absent
<B><font color = 'blue'> .</font></B>  -Absent
<B><font color = 'blue'> .</font></B>  -Absent
<B><font color = 'blue'> .</font></B>  -Absent
<B><font color = 'blue'> .</font></B>  -Absent
<B><font color = 'blue'> .</font></B>  -test user two 
<B><font color = 'blue'> .</font></B>  -testuser@two.io
<B><font color = 'blue'> .</font></B>  -GSLL-327
<B><font color = 'blue'> .</font></B>  -2022-10-23
<B><font color = 'blue'> .</font></B>  -Absent
<B><font color = 'blue'> .</font></B>  -Absent
<B><font color = 'blue'> .</font></B>  -undefined
<B><font color = 'blue'> .</font></B>  -Tamilnadu
<B><font color = 'blue'> .</font></B>  -Test and Dev
<B><font color = 'blue'> .</font></B>  -Absent
<B><font color = 'blue'> .</font></B>  -Absent
<B><font color = 'blue'> .</font></B>  -Absent
<B><font color = 'blue'> .</font></B>  -Absent
<B><font color = 'blue'> .</font></B>  -Absent
<B><font color = 'blue'> .</font></B>  -Absent
<B><font color = 'blue'> .</font></B>  -Absent
<B><font color = 'blue'> .</font></B>  -Absent
<B><font color = 'blue'> .</font></B>  -Absent
<B><font color = 'blue'> .</font></B>  -Absent
<B><font color = 'blue'> .</font></B>  -Absent
<B><font color = 'blue'> .</font></B>  -Himanshu Kumar 
<B><font color = 'blue'> .</font></B>  -himanshu1@gmail.com
<B><font color = 'blue'> .</font></B>  -EM011
<B><font color = 'blue'> .</font></B>  -2022-10-23
<B><font color = 'blue'> .</font></B>  -Absent
<B><font color = 'blue'> .</font></B>  -Absent
<B><font color = 'blue'> .</font></B>  -undefined
<B><font color = 'blue'> .</font></B>  -bagalkot
<B><font color = 'blue'> .</font></B>  -manual testing
<B><font color = 'blue'> .</font></B>  -Absent
<B><font color = 'blue'> .</font></B>  -Absent
<B><font color = 'blue'> .</font></B>  -Absent
<B><font color = 'blue'> .</font></B>  -Absent
<B><font color = 'blue'> .</font></B>  -Absent
<B><font color = 'blue'> .</font></B>  -Absent
<B><font color = 'blue'> .</font></B>  -Absent
<B><font color = 'blue'> .</font></B>  -Absent
<B><font color = 'blue'> .</font></B>  -Absent
<B><font color = 'blue'> .</font></B>  -Absent
<B><font color = 'blue'> .</font></B>  -Absent
<B><font color = 'blue'> .</font></B>  -dxgfdxg gssdg 
<B><font color = 'blue'> .</font></B>  -sdgsg@dgksodkg.in
<B><font color = 'blue'> .</font></B>  -asfda343443
<B><font color = 'blue'> .</font></B>  -2022-10-23
<B><font color = 'blue'> .</font></B>  -Absent
<B><font color = 'blue'> .</font></B>  -Absent
<B><font color = 'blue'> .</font></B>  -undefined
<B><font color = 'blue'> .</font></B>  -Bhilai
<B><font color = 'blue'> .</font></B>  -Php
<B><font color = 'blue'> .</font></B>  -Absent
<B><font color = 'blue'> .</font></B>  -Absent
<B><font color = 'blue'> .</font></B>  -Absent
<B><font color = 'blue'> .</font></B>  -Absent
<B><font color = 'blue'> .</font></B>  -Absent
<B><font color = 'blue'> .</font></B>  -Absent
<B><font color = 'blue'> .</font></B>  -Absent
<B><font color = 'blue'> .</font></B>  -Absent
<B><font color = 'blue'> .</font></B>  -Absent
<B><font color = 'blue'> .</font></B>  -Absent
<B><font color = 'blue'> .</font></B>  -Absent
<B><font color = 'blue'> .</font></B>  -Guest User 
<B><font color = 'blue'> .</font></B>  -guestuser@gmail.com
<B><font color = 'blue'> .</font></B>  -GLB-777
<B><font color = 'blue'> .</font></B>  -2022-10-23
<B><font color = 'blue'> .</font></B>  -Absent
<B><font color = 'blue'> .</font></B>  -Absent
<B><font color = 'blue'> .</font></B>  -undefined
<B><font color = 'blue'> .</font></B>  -Bhilai
<B><font color = 'blue'> .</font></B>  -Php
<B><font color = 'blue'> .</font></B>  -Absent
<B><font color = 'blue'> .</font></B>  -Absent
<B><font color = 'blue'> .</font></B>  -Absent
<B><font color = 'blue'> .</font></B>  -Absent
<B><font color = 'blue'> .</font></B>  -Absent
<B><font color = 'blue'> .</font></B>  -Absent
<B><font color = 'blue'> .</font></B>  -Absent
<B><font color = 'blue'> .</font></B>  -Absent
<B><font color = 'blue'> .</font></B>  -Absent
<B><font color = 'blue'> .</font></B>  -Absent
<B><font color = 'blue'> .</font></B>  -Absent
<B><font color = 'blue'> .</font></B>  -Virat kohli 
<B><font color = 'blue'> .</font></B>  -rahukbgdxgsf@gmail.com
<B><font color = 'blue'> .</font></B>  -65332
<B><font color = 'blue'> .</font></B>  -2022-10-22
<B><font color = 'blue'> .</font></B>  -Absent
<B><font color = 'blue'> .</font></B>  -Absent
<B><font color = 'blue'> .</font></B>  -undefined
<B><font color = 'blue'> .</font></B>  -Default
<B><font color = 'blue'> .</font></B>  -Default
<B><font color = 'blue'> .</font></B>  -Absent
<B><font color = 'blue'> .</font></B>  -Absent
<B><font color = 'blue'> .</font></B>  -Absent
<B><font color = 'blue'> .</font></B>  -Absent
<B><font color = 'blue'> .</font></B>  -Absent
<B><font color = 'blue'> .</font></B>  -Absent
<B><font color = 'blue'> .</font></B>  -Absent
<B><font color = 'blue'> .</font></B>  -Absent
<B><font color = 'blue'> .</font></B>  -Absent
<B><font color = 'blue'> .</font></B>  -Absent
<B><font color = 'blue'> .</font></B>  -Absent
<B><font color = 'blue'> .</font></B>  -sadas kadkasdj 
<B><font color = 'blue'> .</font></B>  -dsa@eqe
<B><font color = 'blue'> .</font></B>  -emp129666
<B><font color = 'blue'> .</font></B>  -2022-10-22
<B><font color = 'blue'> .</font></B>  -Absent
<B><font color = 'blue'> .</font></B>  -Absent
<B><font color = 'blue'> .</font></B>  -undefined
<B><font color = 'blue'> .</font></B>  -Default
<B><font color = 'blue'> .</font></B>  -Default
<B><font color = 'blue'> .</font></B>  -Absent
<B><font color = 'blue'> .</font></B>  -Absent
<B><font color = 'blue'> .</font></B>  -Absent
<B><font color = 'blue'> .</font></B>  -Absent
<B><font color = 'blue'> .</font></B>  -Absent
<B><font color = 'blue'> .</font></B>  -Absent
<B><font color = 'blue'> .</font></B>  -Absent
<B><font color = 'blue'> .</font></B>  -Absent
<B><font color = 'blue'> .</font></B>  -Absent
<B><font color = 'blue'> .</font></B>  -Absent
<B><font color = 'blue'> .</font></B>  -Absent
<B><font color = 'blue'> .</font></B>  -New Test 
<B><font color = 'blue'> .</font></B>  -newtest@gmail.com
<B><font color = 'blue'> .</font></B>  -ewer334443
<B><font color = 'blue'> .</font></B>  -2022-10-22
<B><font color = 'blue'> .</font></B>  -Absent
<B><font color = 'blue'> .</font></B>  -Absent
<B><font color = 'blue'> .</font></B>  -undefined
<B><font color = 'blue'> .</font></B>  -Default
<B><font color = 'blue'> .</font></B>  -Default
<B><font color = 'blue'> .</font></B>  -Absent
<B><font color = 'blue'> .</font></B>  -Absent
<B><font color = 'blue'> .</font></B>  -Absent
<B><font color = 'blue'> .</font></B>  -Absent
<B><font color = 'blue'> .</font></B>  -Absent
<B><font color = 'blue'> .</font></B>  -Absent
<B><font color = 'blue'> .</font></B>  -Absent
<B><font color = 'blue'> .</font></B>  -Absent
<B><font color = 'blue'> .</font></B>  -Absent
<B><font color = 'blue'> .</font></B>  -Absent
<B><font color = 'blue'> .</font></B>  -Absent
<B><font color = 'blue'> .</font></B>  -dshcdb uidsbf 
<B><font color = 'blue'> .</font></B>  -dvbvdb@yahoo.com
<B><font color = 'blue'> .</font></B>  -435454
<B><font color = 'blue'> .</font></B>  -2022-10-22
<B><font color = 'blue'> .</font></B>  -Absent
<B><font color = 'blue'> .</font></B>  -Absent
<B><font color = 'blue'> .</font></B>  -undefined
<B><font color = 'blue'> .</font></B>  -Default
<B><font color = 'blue'> .</font></B>  -Default
<B><font color = 'blue'> .</font></B>  -Absent
<B><font color = 'blue'> .</font></B>  -Absent
<B><font color = 'blue'> .</font></B>  -Absent
<B><font color = 'blue'> .</font></B>  -Absent
<B><font color = 'blue'> .</font></B>  -Absent
<B><font color = 'blue'> .</font></B>  -Absent
<B><font color = 'blue'> .</font></B>  -Absent
<B><font color = 'blue'> .</font></B>  -Absent
<B><font color = 'blue'> .</font></B>  -Absent
<B><font color = 'blue'> .</font></B>  -Absent
<B><font color = 'blue'> .</font></B>  -Absent
<B><font color = 'blue'> .</font></B>  -try last 
<B><font color = 'blue'> .</font></B>  -try@gmail.com
<B><font color = 'blue'> .</font></B>  -1225455
<B><font color = 'blue'> .</font></B>  -2022-10-22
<B><font color = 'blue'> .</font></B>  -Absent
<B><font color = 'blue'> .</font></B>  -Absent
<B><font color = 'blue'> .</font></B>  -undefined
<B><font color = 'blue'> .</font></B>  -Default
<B><font color = 'blue'> .</font></B>  -Default
<B><font color = 'blue'> .</font></B>  -Absent
<B><font color = 'blue'> .</font></B>  -Absent
<B><font color = 'blue'> .</font></B>  -Absent
<B><font color = 'blue'> .</font></B>  -Absent
<B><font color = 'blue'> .</font></B>  -Absent
<B><font color = 'blue'> .</font></B>  -Absent
<B><font color = 'blue'> .</font></B>  -Absent
<B><font color = 'blue'> .</font></B>  -Absent
<B><font color = 'blue'> .</font></B>  -Absent
<B><font color = 'blue'> .</font></B>  -Absent
<B><font color = 'blue'> .</font></B>  -Absent
<B><font color = 'blue'> .</font></B>  -vdjvdb yusvdvbbh 
<B><font color = 'blue'> .</font></B>  -dvhbfdh@gmail.com
<B><font color = 'blue'> .</font></B>  -wq534342
<B><font color = 'blue'> .</font></B>  -2022-10-22
<B><font color = 'blue'> .</font></B>  -Absent
<B><font color = 'blue'> .</font></B>  -Absent
<B><font color = 'blue'> .</font></B>  -undefined
<B><font color = 'blue'> .</font></B>  -Default
<B><font color = 'blue'> .</font></B>  -Default
<B><font color = 'blue'> .</font></B>  -Absent
<B><font color = 'blue'> .</font></B>  -Absent
<B><font color = 'blue'> .</font></B>  -Absent
<B><font color = 'blue'> .</font></B>  -Absent
<B><font color = 'blue'> .</font></B>  -Absent
<B><font color = 'blue'> .</font></B>  -Absent
<B><font color = 'blue'> .</font></B>  -Absent
<B><font color = 'blue'> .</font></B>  -Absent
<B><font color = 'blue'> .</font></B>  -Absent
<B><font color = 'blue'> .</font></B>  -Absent
<B><font color = 'blue'> .</font></B>  -Absent
<B><font color = 'blue'> .</font></B>  -Mail Test user 
<B><font color = 'blue'> .</font></B>  -maintest@user.io
<B><font color = 'blue'> .</font></B>  -GLB-1223888
<B><font color = 'blue'> .</font></B>  -2022-10-22
<B><font color = 'blue'> .</font></B>  -Absent
<B><font color = 'blue'> .</font></B>  -Absent
<B><font color = 'blue'> .</font></B>  -undefined
<B><font color = 'blue'> .</font></B>  -Default
<B><font color = 'blue'> .</font></B>  -Default
<B><font color = 'blue'> .</font></B>  -Absent
<B><font color = 'blue'> .</font></B>  -Absent
<B><font color = 'blue'> .</font></B>  -Absent
<B><font color = 'blue'> .</font></B>  -Absent
<B><font color = 'blue'> .</font></B>  -Absent
<B><font color = 'blue'> .</font></B>  -Absent
<B><font color = 'blue'> .</font></B>  -Absent
<B><font color = 'blue'> .</font></B>  -Absent
<B><font color = 'blue'> .</font></B>  -Absent
<B><font color = 'blue'> .</font></B>  -Absent
<B><font color = 'blue'> .</font></B>  -Absent
<B><font color = 'blue'> .</font></B>  -Update Check 
<B><font color = 'blue'> .</font></B>  -updates@gmail.com
<B><font color = 'blue'> .</font></B>  -emp543
<B><font color = 'blue'> .</font></B>  -2022-10-22
<B><font color = 'blue'> .</font></B>  -Absent
<B><font color = 'blue'> .</font></B>  -Absent
<B><font color = 'blue'> .</font></B>  -undefined
<B><font color = 'blue'> .</font></B>  -Default
<B><font color = 'blue'> .</font></B>  -Default
<B><font color = 'blue'> .</font></B>  -Absent
<B><font color = 'blue'> .</font></B>  -Absent
<B><font color = 'blue'> .</font></B>  -Absent
<B><font color = 'blue'> .</font></B>  -Absent
<B><font color = 'blue'> .</font></B>  -Absent
<B><font color = 'blue'> .</font></B>  -Absent
<B><font color = 'blue'> .</font></B>  -Absent
<B><font color = 'blue'> .</font></B>  -Absent
<B><font color = 'blue'> .</font></B>  -Absent
<B><font color = 'blue'> .</font></B>  -Absent
<B><font color = 'blue'> .</font></B>  -Absent
<B><font color = 'blue'> .</font></B>  -test manager 
<B><font color = 'blue'> .</font></B>  -manageremp@gmail.com
<B><font color = 'blue'> .</font></B>  -glb020
<B><font color = 'blue'> .</font></B>  -2022-10-22
<B><font color = 'blue'> .</font></B>  -Absent
<B><font color = 'blue'> .</font></B>  -Absent
<B><font color = 'blue'> .</font></B>  -undefined
<B><font color = 'blue'> .</font></B>  -Default
<B><font color = 'blue'> .</font></B>  -Default
<B><font color = 'blue'> .</font></B>  -Absent
<B><font color = 'blue'> .</font></B>  -Absent
<B><font color = 'blue'> .</font></B>  -Absent
<B><font color = 'blue'> .</font></B>  -Absent
<B><font color = 'blue'> .</font></B>  -Absent
<B><font color = 'blue'> .</font></B>  -Absent
<B><font color = 'blue'> .</font></B>  -Absent
<B><font color = 'blue'> .</font></B>  -Absent
<B><font color = 'blue'> .</font></B>  -Absent
<B><font color = 'blue'> .</font></B>  -Absent
<B><font color = 'blue'> .</font></B>  -Absent
<B><font color = 'blue'> .</font></B>  -DESKTOP-PJJHB19 - GLB-BLR-002OjUpRD2 
<B><font color = 'blue'> .</font></B>  --
<B><font color = 'blue'> .</font></B>  -GLB-BLR-002OjUpRD2
<B><font color = 'blue'> .</font></B>  -2022-10-22
<B><font color = 'blue'> .</font></B>  -Absent
<B><font color = 'blue'> .</font></B>  -Absent
<B><font color = 'blue'> .</font></B>  -undefined
<B><font color = 'blue'> .</font></B>  -Default
<B><font color = 'blue'> .</font></B>  -Default
<B><font color = 'blue'> .</font></B>  -Absent
<B><font color = 'blue'> .</font></B>  -Absent
<B><font color = 'blue'> .</font></B>  -Absent
<B><font color = 'blue'> .</font></B>  -Absent
<B><font color = 'blue'> .</font></B>  -Absent
<B><font color = 'blue'> .</font></B>  -Absent
<B><font color = 'blue'> .</font></B>  -Absent
<B><font color = 'blue'> .</font></B>  -Absent
<B><font color = 'blue'> .</font></B>  -Absent
<B><font color = 'blue'> .</font></B>  -Absent
<B><font color = 'blue'> .</font></B>  -Absent
<B><font color = 'blue'> .</font></B>  -Usb Test 
<B><font color = 'blue'> .</font></B>  -usbtest123@gmail.com
<B><font color = 'blue'> .</font></B>  -emp0097
<B><font color = 'blue'> .</font></B>  -2022-10-22
<B><font color = 'blue'> .</font></B>  -Absent
<B><font color = 'blue'> .</font></B>  -Absent
<B><font color = 'blue'> .</font></B>  -undefined
<B><font color = 'blue'> .</font></B>  -Default
<B><font color = 'blue'> .</font></B>  -Default
<B><font color = 'blue'> .</font></B>  -Absent
<B><font color = 'blue'> .</font></B>  -Absent
<B><font color = 'blue'> .</font></B>  -Absent
<B><font color = 'blue'> .</font></B>  -Absent
<B><font color = 'blue'> .</font></B>  -Absent
<B><font color = 'blue'> .</font></B>  -Absent
<B><font color = 'blue'> .</font></B>  -Absent
<B><font color = 'blue'> .</font></B>  -Absent
<B><font color = 'blue'> .</font></B>  -Absent
<B><font color = 'blue'> .</font></B>  -Absent
<B><font color = 'blue'> .</font></B>  -Absent
<B><font color = 'blue'> .</font></B>  -SS Keystrokes 
<B><font color = 'blue'> .</font></B>  -sskey@gmail.com
<B><font color = 'blue'> .</font></B>  -emp98y
<B><font color = 'blue'> .</font></B>  -2022-10-22
<B><font color = 'blue'> .</font></B>  -Absent
<B><font color = 'blue'> .</font></B>  -Absent
<B><font color = 'blue'> .</font></B>  -undefined
<B><font color = 'blue'> .</font></B>  -Default
<B><font color = 'blue'> .</font></B>  -Default
<B><font color = 'blue'> .</font></B>  -Absent
<B><font color = 'blue'> .</font></B>  -Absent
<B><font color = 'blue'> .</font></B>  -Absent
<B><font color = 'blue'> .</font></B>  -Absent
<B><font color = 'blue'> .</font></B>  -Absent
<B><font color = 'blue'> .</font></B>  -Absent
<B><font color = 'blue'> .</font></B>  -Absent
<B><font color = 'blue'> .</font></B>  -Absent
<B><font color = 'blue'> .</font></B>  -Absent
<B><font color = 'blue'> .</font></B>  -Absent
<B><font color = 'blue'> .</font></B>  -Absent
<B><font color = 'blue'> .</font></B>  -shivammmmmmmmmmmmmmmmmmmm Kumar 
<B><font color = 'blue'> .</font></B>  -kgfyash545@gmail.com
<B><font color = 'blue'> .</font></B>  -hsakhdjk414
<B><font color = 'blue'> .</font></B>  -2022-10-22
<B><font color = 'blue'> .</font></B>  -Absent
<B><font color = 'blue'> .</font></B>  -Absent
<B><font color = 'blue'> .</font></B>  -undefined
<B><font color = 'blue'> .</font></B>  -Default
<B><font color = 'blue'> .</font></B>  -Default
<B><font color = 'blue'> .</font></B>  -Absent
<B><font color = 'blue'> .</font></B>  -Absent
<B><font color = 'blue'> .</font></B>  -Absent
<B><font color = 'blue'> .</font></B>  -Absent
<B><font color = 'blue'> .</font></B>  -Absent
<B><font color = 'blue'> .</font></B>  -Absent
<B><font color = 'blue'> .</font></B>  -Absent
<B><font color = 'blue'> .</font></B>  -Absent
<B><font color = 'blue'> .</font></B>  -Absent
<B><font color = 'blue'> .</font></B>  -Absent
<B><font color = 'blue'> .</font></B>  -Absent
<B><font color = 'blue'> .</font></B>  -Abhishek Four tf test 
<B><font color = 'blue'> .</font></B>  -abhishekfourtf@mail.com
<B><font color = 'blue'> .</font></B>  -HLIKSJ98
<B><font color = 'blue'> .</font></B>  -2022-10-22
<B><font color = 'blue'> .</font></B>  -Absent
<B><font color = 'blue'> .</font></B>  -Absent
<B><font color = 'blue'> .</font></B>  -undefined
<B><font color = 'blue'> .</font></B>  -Default
<B><font color = 'blue'> .</font></B>  -Default
<B><font color = 'blue'> .</font></B>  -Absent
<B><font color = 'blue'> .</font></B>  -Absent
<B><font color = 'blue'> .</font></B>  -Absent
<B><font color = 'blue'> .</font></B>  -Absent
<B><font color = 'blue'> .</font></B>  -Absent
<B><font color = 'blue'> .</font></B>  -Absent
<B><font color = 'blue'> .</font></B>  -Absent
<B><font color = 'blue'> .</font></B>  -Absent
<B><font color = 'blue'> .</font></B>  -Absent
<B><font color = 'blue'> .</font></B>  -Absent
<B><font color = 'blue'> .</font></B>  -Absent
<B><font color = 'blue'> .</font></B>  -new dev user 
<B><font color = 'blue'> .</font></B>  -new@dev.user
<B><font color = 'blue'> .</font></B>  -fdfsfsd
<B><font color = 'blue'> .</font></B>  -2022-10-22
<B><font color = 'blue'> .</font></B>  -Absent
<B><font color = 'blue'> .</font></B>  -Absent
<B><font color = 'blue'> .</font></B>  -undefined
<B><font color = 'blue'> .</font></B>  -Default
<B><font color = 'blue'> .</font></B>  -Default
<B><font color = 'blue'> .</font></B>  -Absent
<B><font color = 'blue'> .</font></B>  -Absent
<B><font color = 'blue'> .</font></B>  -Absent
<B><font color = 'blue'> .</font></B>  -Absent
<B><font color = 'blue'> .</font></B>  -Absent
<B><font color = 'blue'> .</font></B>  -Absent
<B><font color = 'blue'> .</font></B>  -Absent
<B><font color = 'blue'> .</font></B>  -Absent
<B><font color = 'blue'> .</font></B>  -Absent
<B><font color = 'blue'> .</font></B>  -Absent
<B><font color = 'blue'> .</font></B>  -Absent
<B><font color = 'blue'> .</font></B>  -aaaaaaaaaa aaaaaaaaa 
<B><font color = 'blue'> .</font></B>  -mmmm@gmail.com
<B><font color = 'blue'> .</font></B>  -80765s
<B><font color = 'blue'> .</font></B>  -2022-10-22
<B><font color = 'blue'> .</font></B>  -Absent
<B><font color = 'blue'> .</font></B>  -Absent
<B><font color = 'blue'> .</font></B>  -undefined
<B><font color = 'blue'> .</font></B>  -Bangalore
<B><font color = 'blue'> .</font></B>  -Testing
<B><font color = 'blue'> .</font></B>  -Absent
<B><font color = 'blue'> .</font></B>  -Absent
<B><font color = 'blue'> .</font></B>  -Absent
<B><font color = 'blue'> .</font></B>  -Absent
<B><font color = 'blue'> .</font></B>  -Absent
<B><font color = 'blue'> .</font></B>  -Absent
<B><font color = 'blue'> .</font></B>  -Absent
<B><font color = 'blue'> .</font></B>  -Absent
<B><font color = 'blue'> .</font></B>  -Absent
<B><font color = 'blue'> .</font></B>  -Absent
<B><font color = 'blue'> .</font></B>  -Absent
<B><font color = 'blue'> .</font></B>  -sumesh test 
<B><font color = 'blue'> .</font></B>  -sumesh@mail.com
<B><font color = 'blue'> .</font></B>  -fdgfdgf
<B><font color = 'blue'> .</font></B>  -2022-10-22
<B><font color = 'blue'> .</font></B>  -Absent
<B><font color = 'blue'> .</font></B>  -Absent
<B><font color = 'blue'> .</font></B>  -undefined
<B><font color = 'blue'> .</font></B>  -Bangalore
<B><font color = 'blue'> .</font></B>  -Testing
<B><font color = 'blue'> .</font></B>  -Absent
<B><font color = 'blue'> .</font></B>  -Absent
<B><font color = 'blue'> .</font></B>  -Absent
<B><font color = 'blue'> .</font></B>  -Absent
<B><font color = 'blue'> .</font></B>  -Absent
<B><font color = 'blue'> .</font></B>  -Absent
<B><font color = 'blue'> .</font></B>  -Absent
<B><font color = 'blue'> .</font></B>  -Absent
<B><font color = 'blue'> .</font></B>  -Absent
<B><font color = 'blue'> .</font></B>  -Absent
<B><font color = 'blue'> .</font></B>  -Absent
<B><font color = 'blue'> .</font></B>  -Test msc 
<B><font color = 'blue'> .</font></B>  -test123@gmail.com
<B><font color = 'blue'> .</font></B>  -12254
<B><font color = 'blue'> .</font></B>  -2022-10-22
<B><font color = 'blue'> .</font></B>  -Absent
<B><font color = 'blue'> .</font></B>  -Absent
<B><font color = 'blue'> .</font></B>  -undefined
<B><font color = 'blue'> .</font></B>  -Bangalore
<B><font color = 'blue'> .</font></B>  -Testing
<B><font color = 'blue'> .</font></B>  -Absent
<B><font color = 'blue'> .</font></B>  -Absent
<B><font color = 'blue'> .</font></B>  -Absent
<B><font color = 'blue'> .</font></B>  -Absent
<B><font color = 'blue'> .</font></B>  -Absent
<B><font color = 'blue'> .</font></B>  -Absent
<B><font color = 'blue'> .</font></B>  -Absent
<B><font color = 'blue'> .</font></B>  -Absent
<B><font color = 'blue'> .</font></B>  -Absent
<B><font color = 'blue'> .</font></B>  -Absent
<B><font color = 'blue'> .</font></B>  -Absent
<B><font color = 'blue'> .</font></B>  -deffdfds vscsc 
<B><font color = 'blue'> .</font></B>  -cscsdw123@gmail.com
<B><font color = 'blue'> .</font></B>  -1234512
<B><font color = 'blue'> .</font></B>  -2022-10-22
<B><font color = 'blue'> .</font></B>  -Absent
<B><font color = 'blue'> .</font></B>  -Absent
<B><font color = 'blue'> .</font></B>  -undefined
<B><font color = 'blue'> .</font></B>  -Bangalore
<B><font color = 'blue'> .</font></B>  -Testing
<B><font color = 'blue'> .</font></B>  -Absent
<B><font color = 'blue'> .</font></B>  -Absent
<B><font color = 'blue'> .</font></B>  -Absent
<B><font color = 'blue'> .</font></B>  -Absent
<B><font color = 'blue'> .</font></B>  -Absent
<B><font color = 'blue'> .</font></B>  -Absent
<B><font color = 'blue'> .</font></B>  -Absent
<B><font color = 'blue'> .</font></B>  -Absent
<B><font color = 'blue'> .</font></B>  -Absent
<B><font color = 'blue'> .</font></B>  -Absent
<B><font color = 'blue'> .</font></B>  -Absent
<B><font color = 'blue'> .</font></B>  -test testtt 
<B><font color = 'blue'> .</font></B>  -abcd@gmail.com
<B><font color = 'blue'> .</font></B>  -GLB55
<B><font color = 'blue'> .</font></B>  -2022-10-22
<B><font color = 'blue'> .</font></B>  -Absent
<B><font color = 'blue'> .</font></B>  -Absent
<B><font color = 'blue'> .</font></B>  -undefined
<B><font color = 'blue'> .</font></B>  -Bangalore
<B><font color = 'blue'> .</font></B>  -Testing
<B><font color = 'blue'> .</font></B>  -Absent
<B><font color = 'blue'> .</font></B>  -Absent
<B><font color = 'blue'> .</font></B>  -Absent
<B><font color = 'blue'> .</font></B>  -Absent
<B><font color = 'blue'> .</font></B>  -Absent
<B><font color = 'blue'> .</font></B>  -Absent
<B><font color = 'blue'> .</font></B>  -Absent
<B><font color = 'blue'> .</font></B>  -Absent
<B><font color = 'blue'> .</font></B>  -Absent
<B><font color = 'blue'> .</font></B>  -Absent
<B><font color = 'blue'> .</font></B>  -Absent
<B><font color = 'blue'> .</font></B>  -Abhishe tt 
<B><font color = 'blue'> .</font></B>  -ab@ab.com
<B><font color = 'blue'> .</font></B>  -GKD567
<B><font color = 'blue'> .</font></B>  -2022-10-22
<B><font color = 'blue'> .</font></B>  -Absent
<B><font color = 'blue'> .</font></B>  -Absent
<B><font color = 'blue'> .</font></B>  -undefined
<B><font color = 'blue'> .</font></B>  -Bangalore
<B><font color = 'blue'> .</font></B>  -Testing
<B><font color = 'blue'> .</font></B>  -Absent
<B><font color = 'blue'> .</font></B>  -Absent
<B><font color = 'blue'> .</font></B>  -Absent
<B><font color = 'blue'> .</font></B>  -Absent
<B><font color = 'blue'> .</font></B>  -Absent
<B><font color = 'blue'> .</font></B>  -Absent
<B><font color = 'blue'> .</font></B>  -Absent
<B><font color = 'blue'> .</font></B>  -Absent
<B><font color = 'blue'> .</font></B>  -Absent
<B><font color = 'blue'> .</font></B>  -Absent
<B><font color = 'blue'> .</font></B>  -Absent
<B><font color = 'blue'> .</font></B>  -test nonadmin 
<B><font color = 'blue'> .</font></B>  -testnonadmin@gmail.com
<B><font color = 'blue'> .</font></B>  -GLB026
<B><font color = 'blue'> .</font></B>  -2022-10-22
<B><font color = 'blue'> .</font></B>  -Absent
<B><font color = 'blue'> .</font></B>  -Absent
<B><font color = 'blue'> .</font></B>  -undefined
<B><font color = 'blue'> .</font></B>  -Bangalore
<B><font color = 'blue'> .</font></B>  -Php
<B><font color = 'blue'> .</font></B>  -Absent
<B><font color = 'blue'> .</font></B>  -Absent
<B><font color = 'blue'> .</font></B>  -Absent
<B><font color = 'blue'> .</font></B>  -Absent
<B><font color = 'blue'> .</font></B>  -Absent
<B><font color = 'blue'> .</font></B>  -Absent
<B><font color = 'blue'> .</font></B>  -Absent
<B><font color = 'blue'> .</font></B>  -Absent
<B><font color = 'blue'> .</font></B>  -Absent
<B><font color = 'blue'> .</font></B>  -Absent
<B><font color = 'blue'> .</font></B>  -Absent
<B><font color = 'blue'> .</font></B>  -adg ckj 
<B><font color = 'blue'> .</font></B>  -adcs@1234
<B><font color = 'blue'> .</font></B>  -583
<B><font color = 'blue'> .</font></B>  -2022-10-22
<B><font color = 'blue'> .</font></B>  -Absent
<B><font color = 'blue'> .</font></B>  -Absent
<B><font color = 'blue'> .</font></B>  -undefined
<B><font color = 'blue'> .</font></B>  -Bangalore
<B><font color = 'blue'> .</font></B>  -Testing
<B><font color = 'blue'> .</font></B>  -Absent
<B><font color = 'blue'> .</font></B>  -Absent
<B><font color = 'blue'> .</font></B>  -Absent
<B><font color = 'blue'> .</font></B>  -Absent
<B><font color = 'blue'> .</font></B>  -Absent
<B><font color = 'blue'> .</font></B>  -Absent
<B><font color = 'blue'> .</font></B>  -Absent
<B><font color = 'blue'> .</font></B>  -Absent
<B><font color = 'blue'> .</font></B>  -Absent
<B><font color = 'blue'> .</font></B>  -Absent
<B><font color = 'blue'> .</font></B>  -Absent
<B><font color = 'blue'> .</font></B>  -dominic toretto 
<B><font color = 'blue'> .</font></B>  -dom.toretto737@gmail.com
<B><font color = 'blue'> .</font></B>  -EMP011
<B><font color = 'blue'> .</font></B>  -2022-10-22
<B><font color = 'blue'> .</font></B>  -Absent
<B><font color = 'blue'> .</font></B>  -Absent
<B><font color = 'blue'> .</font></B>  -undefined
<B><font color = 'blue'> .</font></B>  -Bangalore
<B><font color = 'blue'> .</font></B>  -Testing
<B><font color = 'blue'> .</font></B>  -Absent
<B><font color = 'blue'> .</font></B>  -Absent
<B><font color = 'blue'> .</font></B>  -Absent
<B><font color = 'blue'> .</font></B>  -Absent
<B><font color = 'blue'> .</font></B>  -Absent
<B><font color = 'blue'> .</font></B>  -Absent
<B><font color = 'blue'> .</font></B>  -Absent
<B><font color = 'blue'> .</font></B>  -Absent
<B><font color = 'blue'> .</font></B>  -Absent
<B><font color = 'blue'> .</font></B>  -Absent
<B><font color = 'blue'> .</font></B>  -Absent
<B><font color = 'blue'> .</font></B>  -Abhishek Test 
<B><font color = 'blue'> .</font></B>  -abhishektrest@glb.in
<B><font color = 'blue'> .</font></B>  -rN7tvEiDPGNi4fD
<B><font color = 'blue'> .</font></B>  -2022-10-22
<B><font color = 'blue'> .</font></B>  -Absent
<B><font color = 'blue'> .</font></B>  -Absent
<B><font color = 'blue'> .</font></B>  -undefined
<B><font color = 'blue'> .</font></B>  -Bangalore
<B><font color = 'blue'> .</font></B>  -Php
<B><font color = 'blue'> .</font></B>  -Absent
<B><font color = 'blue'> .</font></B>  -Absent
<B><font color = 'blue'> .</font></B>  -Absent
<B><font color = 'blue'> .</font></B>  -Absent
<B><font color = 'blue'> .</font></B>  -Absent
<B><font color = 'blue'> .</font></B>  -Absent
<B><font color = 'blue'> .</font></B>  -Absent
<B><font color = 'blue'> .</font></B>  -Absent
<B><font color = 'blue'> .</font></B>  -Absent
<B><font color = 'blue'> .</font></B>  -Absent
<B><font color = 'blue'> .</font></B>  -Absent
<B><font color = 'blue'> .</font></B>  -Superior Test one 
<B><font color = 'blue'> .</font></B>  -superiorone@gmail.com
<B><font color = 'blue'> .</font></B>  -twoqw
<B><font color = 'blue'> .</font></B>  -2022-10-22
<B><font color = 'blue'> .</font></B>  -Absent
<B><font color = 'blue'> .</font></B>  -Absent
<B><font color = 'blue'> .</font></B>  -undefined
<B><font color = 'blue'> .</font></B>  -Bangalore
<B><font color = 'blue'> .</font></B>  -Testing
<B><font color = 'blue'> .</font></B>  -Absent
<B><font color = 'blue'> .</font></B>  -Absent
<B><font color = 'blue'> .</font></B>  -Absent
<B><font color = 'blue'> .</font></B>  -Absent
<B><font color = 'blue'> .</font></B>  -Absent
<B><font color = 'blue'> .</font></B>  -Absent
<B><font color = 'blue'> .</font></B>  -Absent
<B><font color = 'blue'> .</font></B>  -Absent
<B><font color = 'blue'> .</font></B>  -Absent
<B><font color = 'blue'> .</font></B>  -Absent
<B><font color = 'blue'> .</font></B>  -Absent
<B><font color = 'blue'> .</font></B>  -test testw 
<B><font color = 'blue'> .</font></B>  -test@mac.in
<B><font color = 'blue'> .</font></B>  -aaf123
<B><font color = 'blue'> .</font></B>  -2022-10-22
<B><font color = 'blue'> .</font></B>  -Absent
<B><font color = 'blue'> .</font></B>  -Absent
<B><font color = 'blue'> .</font></B>  -undefined
<B><font color = 'blue'> .</font></B>  -Bangalore
<B><font color = 'blue'> .</font></B>  -Php
<B><font color = 'blue'> .</font></B>  -Absent
<B><font color = 'blue'> .</font></B>  -Absent
<B><font color = 'blue'> .</font></B>  -Absent
<B><font color = 'blue'> .</font></B>  -Absent
<B><font color = 'blue'> .</font></B>  -Absent
<B><font color = 'blue'> .</font></B>  -Absent
<B><font color = 'blue'> .</font></B>  -Absent
<B><font color = 'blue'> .</font></B>  -Absent
<B><font color = 'blue'> .</font></B>  -Absent
<B><font color = 'blue'> .</font></B>  -Absent
<B><font color = 'blue'> .</font></B>  -Absent
<B><font color = 'blue'> .</font></B>  -sam eer 
<B><font color = 'blue'> .</font></B>  -sam@rf.in
<B><font color = 'blue'> .</font></B>  -WSAERT2Q34E
<B><font color = 'blue'> .</font></B>  -2022-10-22
<B><font color = 'blue'> .</font></B>  -Absent
<B><font color = 'blue'> .</font></B>  -Absent
<B><font color = 'blue'> .</font></B>  -undefined
<B><font color = 'blue'> .</font></B>  -Bangalore
<B><font color = 'blue'> .</font></B>  -Testing
<B><font color = 'blue'> .</font></B>  -Absent
<B><font color = 'blue'> .</font></B>  -Absent
<B><font color = 'blue'> .</font></B>  -Absent
<B><font color = 'blue'> .</font></B>  -Absent
<B><font color = 'blue'> .</font></B>  -Absent
<B><font color = 'blue'> .</font></B>  -Absent
<B><font color = 'blue'> .</font></B>  -Absent
<B><font color = 'blue'> .</font></B>  -Absent
<B><font color = 'blue'> .</font></B>  -Absent
<B><font color = 'blue'> .</font></B>  -Absent
<B><font color = 'blue'> .</font></B>  -Absent
<B><font color = 'blue'> .</font></B>  -Test test 
<B><font color = 'blue'> .</font></B>  -sarikajain@gmail.com
<B><font color = 'blue'> .</font></B>  -E-101
<B><font color = 'blue'> .</font></B>  -2022-10-22
<B><font color = 'blue'> .</font></B>  -Absent
<B><font color = 'blue'> .</font></B>  -Absent
<B><font color = 'blue'> .</font></B>  -undefined
<B><font color = 'blue'> .</font></B>  -Bangalore
<B><font color = 'blue'> .</font></B>  -Testing
<B><font color = 'blue'> .</font></B>  -Absent
<B><font color = 'blue'> .</font></B>  -Absent
<B><font color = 'blue'> .</font></B>  -Absent
<B><font color = 'blue'> .</font></B>  -Absent
<B><font color = 'blue'> .</font></B>  -Absent
<B><font color = 'blue'> .</font></B>  -Absent
<B><font color = 'blue'> .</font></B>  -Absent
<B><font color = 'blue'> .</font></B>  -Absent
<B><font color = 'blue'> .</font></B>  -Absent
<B><font color = 'blue'> .</font></B>  -Absent
<B><font color = 'blue'> .</font></B>  -Absent
<B><font color = 'blue'> .</font></B>  -sithu kalluru 
<B><font color = 'blue'> .</font></B>  -sitaramireddy@globussoft.in
<B><font color = 'blue'> .</font></B>  -code12
<B><font color = 'blue'> .</font></B>  -2022-10-22
<B><font color = 'blue'> .</font></B>  -Absent
<B><font color = 'blue'> .</font></B>  -Absent
<B><font color = 'blue'> .</font></B>  -undefined
<B><font color = 'blue'> .</font></B>  -Bangalore
<B><font color = 'blue'> .</font></B>  -Testing
<B><font color = 'blue'> .</font></B>  -Absent
<B><font color = 'blue'> .</font></B>  -Absent
<B><font color = 'blue'> .</font></B>  -Absent
<B><font color = 'blue'> .</font></B>  -Absent
<B><font color = 'blue'> .</font></B>  -Absent
<B><font color = 'blue'> .</font></B>  -Absent
<B><font color = 'blue'> .</font></B>  -Absent
<B><font color = 'blue'> .</font></B>  -Absent
<B><font color = 'blue'> .</font></B>  -Absent
<B><font color = 'blue'> .</font></B>  -Absent
<B><font color = 'blue'> .</font></B>  -Absent
<B><font color = 'blue'> .</font></B>  -test123 abcd 
<B><font color = 'blue'> .</font></B>  -s@gmail.com
<B><font color = 'blue'> .</font></B>  -code123z
<B><font color = 'blue'> .</font></B>  -2022-10-22
<B><font color = 'blue'> .</font></B>  -Absent
<B><font color = 'blue'> .</font></B>  -Absent
<B><font color = 'blue'> .</font></B>  -undefined
<B><font color = 'blue'> .</font></B>  -Bangalore
<B><font color = 'blue'> .</font></B>  -Testing
<B><font color = 'blue'> .</font></B>  -Absent
<B><font color = 'blue'> .</font></B>  -Absent
<B><font color = 'blue'> .</font></B>  -Absent
<B><font color = 'blue'> .</font></B>  -Absent
<B><font color = 'blue'> .</font></B>  -Absent
<B><font color = 'blue'> .</font></B>  -Absent
<B><font color = 'blue'> .</font></B>  -Absent
<B><font color = 'blue'> .</font></B>  -Absent
<B><font color = 'blue'> .</font></B>  -Absent
<B><font color = 'blue'> .</font></B>  -Absent
<B><font color = 'blue'> .</font></B>  -Absent
<B><font color = 'blue'> .</font></B>  -testing test 
<B><font color = 'blue'> .</font></B>  -aarshajoyson1601@gmail.com
<B><font color = 'blue'> .</font></B>  -glb0008
<B><font color = 'blue'> .</font></B>  -2022-10-22
<B><font color = 'blue'> .</font></B>  -Absent
<B><font color = 'blue'> .</font></B>  -Absent
<B><font color = 'blue'> .</font></B>  -undefined
<B><font color = 'blue'> .</font></B>  -Bangalore
<B><font color = 'blue'> .</font></B>  -Php
<B><font color = 'blue'> .</font></B>  -Absent
<B><font color = 'blue'> .</font></B>  -Absent
<B><font color = 'blue'> .</font></B>  -Absent
<B><font color = 'blue'> .</font></B>  -Absent
<B><font color = 'blue'> .</font></B>  -Absent
<B><font color = 'blue'> .</font></B>  -Absent
<B><font color = 'blue'> .</font></B>  -Absent
<B><font color = 'blue'> .</font></B>  -Absent
<B><font color = 'blue'> .</font></B>  -Absent
<B><font color = 'blue'> .</font></B>  -Absent
<B><font color = 'blue'> .</font></B>  -Absent
<B><font color = 'blue'> .</font></B>  -Automation CodeeeAuto 
<B><font color = 'blue'> .</font></B>  -skabcdef7@gmail.com
<B><font color = 'blue'> .</font></B>  -Emp-Abzcde-1234522
<B><font color = 'blue'> .</font></B>  -2022-10-22
<B><font color = 'blue'> .</font></B>  -Absent
<B><font color = 'blue'> .</font></B>  -Absent
<B><font color = 'blue'> .</font></B>  -undefined
<B><font color = 'blue'> .</font></B>  -Bangalore
<B><font color = 'blue'> .</font></B>  -Testing
<B><font color = 'blue'> .</font></B>  -Absent
<B><font color = 'blue'> .</font></B>  -Absent
<B><font color = 'blue'> .</font></B>  -Absent
<B><font color = 'blue'> .</font></B>  -Absent
<B><font color = 'blue'> .</font></B>  -Absent
<B><font color = 'blue'> .</font></B>  -Absent
<B><font color = 'blue'> .</font></B>  -Absent
<B><font color = 'blue'> .</font></B>  -Absent
<B><font color = 'blue'> .</font></B>  -Absent
<B><font color = 'blue'> .</font></B>  -Absent
<B><font color = 'blue'> .</font></B>  -Absent
<B><font color = 'blue'> .</font></B>  -piyush dfgsfg 
<B><font color = 'blue'> .</font></B>  -jos@gmail.com
<B><font color = 'blue'> .</font></B>  -sdgff
<B><font color = 'blue'> .</font></B>  -2022-10-22
<B><font color = 'blue'> .</font></B>  -Absent
<B><font color = 'blue'> .</font></B>  -Absent
<B><font color = 'blue'> .</font></B>  -undefined
<B><font color = 'blue'> .</font></B>  -Bangalore
<B><font color = 'blue'> .</font></B>  -Testing
<B><font color = 'blue'> .</font></B>  -Absent
<B><font color = 'blue'> .</font></B>  -Absent
<B><font color = 'blue'> .</font></B>  -Absent
<B><font color = 'blue'> .</font></B>  -Absent
<B><font color = 'blue'> .</font></B>  -Absent
<B><font color = 'blue'> .</font></B>  -Absent
<B><font color = 'blue'> .</font></B>  -Absent
<B><font color = 'blue'> .</font></B>  -Absent
<B><font color = 'blue'> .</font></B>  -Absent
<B><font color = 'blue'> .</font></B>  -Absent
<B><font color = 'blue'> .</font></B>  -Absent
<B><font color = 'blue'> .</font></B>  -Aryan raj 
<B><font color = 'blue'> .</font></B>  -alex@gmail.com
<B><font color = 'blue'> .</font></B>  -126
<B><font color = 'blue'> .</font></B>  -2022-10-22
<B><font color = 'blue'> .</font></B>  -Absent
<B><font color = 'blue'> .</font></B>  -Absent
<B><font color = 'blue'> .</font></B>  -undefined
<B><font color = 'blue'> .</font></B>  -Bangalore
<B><font color = 'blue'> .</font></B>  -Testing
<B><font color = 'blue'> .</font></B>  -Absent
<B><font color = 'blue'> .</font></B>  -Absent
<B><font color = 'blue'> .</font></B>  -Absent
<B><font color = 'blue'> .</font></B>  -Absent
<B><font color = 'blue'> .</font></B>  -Absent
<B><font color = 'blue'> .</font></B>  -Absent
<B><font color = 'blue'> .</font></B>  -Absent
<B><font color = 'blue'> .</font></B>  -Absent
<B><font color = 'blue'> .</font></B>  -Absent
<B><font color = 'blue'> .</font></B>  -Absent
<B><font color = 'blue'> .</font></B>  -Absent
<B><font color = 'blue'> .</font></B>  -Automation CodeeeAuto 
<B><font color = 'blue'> .</font></B>  -skabcdef38@gmail.com
<B><font color = 'blue'> .</font></B>  -Emp-Abzcde-123457
<B><font color = 'blue'> .</font></B>  -2022-10-22
<B><font color = 'blue'> .</font></B>  -Absent
<B><font color = 'blue'> .</font></B>  -Absent
<B><font color = 'blue'> .</font></B>  -undefined
<B><font color = 'blue'> .</font></B>  -Bangalore
<B><font color = 'blue'> .</font></B>  -Testing
<B><font color = 'blue'> .</font></B>  -Absent
<B><font color = 'blue'> .</font></B>  -Absent
<B><font color = 'blue'> .</font></B>  -Absent
<B><font color = 'blue'> .</font></B>  -Absent
<B><font color = 'blue'> .</font></B>  -Absent
<B><font color = 'blue'> .</font></B>  -Absent
<B><font color = 'blue'> .</font></B>  -Absent
<B><font color = 'blue'> .</font></B>  -Absent
<B><font color = 'blue'> .</font></B>  -Absent
<B><font color = 'blue'> .</font></B>  -Absent
<B><font color = 'blue'> .</font></B>  -Absent
<B><font color = 'blue'> .</font></B>  -Automation CodeeeAuto 
<B><font color = 'blue'> .</font></B>  -skabcdef33@gmail.com
<B><font color = 'blue'> .</font></B>  -Emp-Abzcde-1234557
<B><font color = 'blue'> .</font></B>  -2022-10-22
<B><font color = 'blue'> .</font></B>  -Absent
<B><font color = 'blue'> .</font></B>  -Absent
<B><font color = 'blue'> .</font></B>  -undefined
<B><font color = 'blue'> .</font></B>  -Bangalore
<B><font color = 'blue'> .</font></B>  -Testing
<B><font color = 'blue'> .</font></B>  -Absent
<B><font color = 'blue'> .</font></B>  -Absent
<B><font color = 'blue'> .</font></B>  -Absent
<B><font color = 'blue'> .</font></B>  -Absent
<B><font color = 'blue'> .</font></B>  -Absent
<B><font color = 'blue'> .</font></B>  -Absent
<B><font color = 'blue'> .</font></B>  -Absent
<B><font color = 'blue'> .</font></B>  -Absent
<B><font color = 'blue'> .</font></B>  -Absent
<B><font color = 'blue'> .</font></B>  -Absent
<B><font color = 'blue'> .</font></B>  -Absent
<B><font color = 'blue'> .</font></B>  -D Surya Prabhakar 
<B><font color = 'blue'> .</font></B>  -surya1@gmail.com
<B><font color = 'blue'> .</font></B>  -EM010
<B><font color = 'blue'> .</font></B>  -2022-10-22
<B><font color = 'blue'> .</font></B>  -Absent
<B><font color = 'blue'> .</font></B>  -Absent
<B><font color = 'blue'> .</font></B>  -undefined
<B><font color = 'blue'> .</font></B>  -bengaluru
<B><font color = 'blue'> .</font></B>  -Testing
<B><font color = 'blue'> .</font></B>  -Absent
<B><font color = 'blue'> .</font></B>  -Absent
<B><font color = 'blue'> .</font></B>  -Absent
<B><font color = 'blue'> .</font></B>  -Absent
<B><font color = 'blue'> .</font></B>  -Absent
<B><font color = 'blue'> .</font></B>  -Absent
<B><font color = 'blue'> .</font></B>  -Absent
<B><font color = 'blue'> .</font></B>  -Absent
<B><font color = 'blue'> .</font></B>  -Absent
<B><font color = 'blue'> .</font></B>  -Absent
<B><font color = 'blue'> .</font></B>  -Absent
<B><font color = 'blue'> .</font></B>  -R o       hit Sharma 
<B><font color = 'blue'> .</font></B>  -rahulrajt5613928@gmail.com
<B><font color = 'blue'> .</font></B>  -67645
<B><font color = 'blue'> .</font></B>  -2022-10-22
<B><font color = 'blue'> .</font></B>  -Absent
<B><font color = 'blue'> .</font></B>  -Absent
<B><font color = 'blue'> .</font></B>  -undefined
<B><font color = 'blue'> .</font></B>  -bengaluru
<B><font color = 'blue'> .</font></B>  -Testing
<B><font color = 'blue'> .</font></B>  -Absent
<B><font color = 'blue'> .</font></B>  -Absent
<B><font color = 'blue'> .</font></B>  -Absent
<B><font color = 'blue'> .</font></B>  -Absent
<B><font color = 'blue'> .</font></B>  -Absent
<B><font color = 'blue'> .</font></B>  -Absent
<B><font color = 'blue'> .</font></B>  -Absent
<B><font color = 'blue'> .</font></B>  -Absent
<B><font color = 'blue'> .</font></B>  -Absent
<B><font color = 'blue'> .</font></B>  -Absent
<B><font color = 'blue'> .</font></B>  -Absent
<B><font color = 'blue'> .</font></B>  -ni test 
<B><font color = 'blue'> .</font></B>  -nitest12@gmail.com
<B><font color = 'blue'> .</font></B>  -GLB678
<B><font color = 'blue'> .</font></B>  -2022-10-22
<B><font color = 'blue'> .</font></B>  -Absent
<B><font color = 'blue'> .</font></B>  -Absent
<B><font color = 'blue'> .</font></B>  -undefined
<B><font color = 'blue'> .</font></B>  -bengaluru
<B><font color = 'blue'> .</font></B>  -Testing
<B><font color = 'blue'> .</font></B>  -Absent
<B><font color = 'blue'> .</font></B>  -Absent
<B><font color = 'blue'> .</font></B>  -Absent
<B><font color = 'blue'> .</font></B>  -Absent
<B><font color = 'blue'> .</font></B>  -Absent
<B><font color = 'blue'> .</font></B>  -Absent
<B><font color = 'blue'> .</font></B>  -Absent
<B><font color = 'blue'> .</font></B>  -Absent
<B><font color = 'blue'> .</font></B>  -Absent
<B><font color = 'blue'> .</font></B>  -Absent
<B><font color = 'blue'> .</font></B>  -Absent
<B><font color = 'blue'> .</font></B>  -one test 
<B><font color = 'blue'> .</font></B>  -testone1234@gmail.com
<B><font color = 'blue'> .</font></B>  -0110
<B><font color = 'blue'> .</font></B>  -2022-10-22
<B><font color = 'blue'> .</font></B>  -Absent
<B><font color = 'blue'> .</font></B>  -Absent
<B><font color = 'blue'> .</font></B>  -undefined
<B><font color = 'blue'> .</font></B>  -bengaluru
<B><font color = 'blue'> .</font></B>  -Testing
<B><font color = 'blue'> .</font></B>  -Absent
<B><font color = 'blue'> .</font></B>  -Absent
<B><font color = 'blue'> .</font></B>  -Absent
<B><font color = 'blue'> .</font></B>  -Absent
<B><font color = 'blue'> .</font></B>  -Absent
<B><font color = 'blue'> .</font></B>  -Absent
<B><font color = 'blue'> .</font></B>  -Absent
<B><font color = 'blue'> .</font></B>  -Absent
<B><font color = 'blue'> .</font></B>  -Absent
<B><font color = 'blue'> .</font></B>  -Absent
<B><font color = 'blue'> .</font></B>  -Absent
<B><font color = 'blue'> .</font></B>  -GLB-BLR-010-PC - GLB-BLR-010 
<B><font color = 'blue'> .</font></B>  -abcd@yuksdgus
<B><font color = 'blue'> .</font></B>  -GLB-BLR-010
<B><font color = 'blue'> .</font></B>  -2022-10-22
<B><font color = 'blue'> .</font></B>  -Absent
<B><font color = 'blue'> .</font></B>  -Absent
<B><font color = 'blue'> .</font></B>  -undefined
<B><font color = 'blue'> .</font></B>  -bengaluru
<B><font color = 'blue'> .</font></B>  -Testing
<B><font color = 'blue'> .</font></B>  -Absent
<B><font color = 'blue'> .</font></B>  -Absent
<B><font color = 'blue'> .</font></B>  -Absent
<B><font color = 'blue'> .</font></B>  -Absent
<B><font color = 'blue'> .</font></B>  -Absent
<B><font color = 'blue'> .</font></B>  -Absent
<B><font color = 'blue'> .</font></B>  -Absent
<B><font color = 'blue'> .</font></B>  -Absent
<B><font color = 'blue'> .</font></B>  -Absent
<B><font color = 'blue'> .</font></B>  -Absent
<B><font color = 'blue'> .</font></B>  -Absent
<B><font color = 'blue'> .</font></B>  -surya kk 
<B><font color = 'blue'> .</font></B>  -123@gmail.com
<B><font color = 'blue'> .</font></B>  -mmmmm
<B><font color = 'blue'> .</font></B>  -2022-10-22
<B><font color = 'blue'> .</font></B>  -Absent
<B><font color = 'blue'> .</font></B>  -Absent
<B><font color = 'blue'> .</font></B>  -undefined
<B><font color = 'blue'> .</font></B>  -Tamilnadu
<B><font color = 'blue'> .</font></B>  -Test and Dev
<B><font color = 'blue'> .</font></B>  -Absent
<B><font color = 'blue'> .</font></B>  -Absent
<B><font color = 'blue'> .</font></B>  -Absent
<B><font color = 'blue'> .</font></B>  -Absent
<B><font color = 'blue'> .</font></B>  -Absent
<B><font color = 'blue'> .</font></B>  -Absent
<B><font color = 'blue'> .</font></B>  -Absent
<B><font color = 'blue'> .</font></B>  -Absent
<B><font color = 'blue'> .</font></B>  -Absent
<B><font color = 'blue'> .</font></B>  -Absent
<B><font color = 'blue'> .</font></B>  -Absent
<B><font color = 'blue'> .</font></B>  -sai kk 
<B><font color = 'blue'> .</font></B>  -saikk19876@gmail.com
<B><font color = 'blue'> .</font></B>  -20221019
<B><font color = 'blue'> .</font></B>  -2022-10-22
<B><font color = 'blue'> .</font></B>  -Absent
<B><font color = 'blue'> .</font></B>  -Absent
<B><font color = 'blue'> .</font></B>  -undefined
<B><font color = 'blue'> .</font></B>  -Tamilnadu
<B><font color = 'blue'> .</font></B>  -Test and Dev
<B><font color = 'blue'> .</font></B>  -Absent
<B><font color = 'blue'> .</font></B>  -Absent
<B><font color = 'blue'> .</font></B>  -Absent
<B><font color = 'blue'> .</font></B>  -Absent
<B><font color = 'blue'> .</font></B>  -Absent
<B><font color = 'blue'> .</font></B>  -Absent
<B><font color = 'blue'> .</font></B>  -Absent
<B><font color = 'blue'> .</font></B>  -Absent
<B><font color = 'blue'> .</font></B>  -Absent
<B><font color = 'blue'> .</font></B>  -Absent
<B><font color = 'blue'> .</font></B>  -Absent
<B><font color = 'blue'> .</font></B>  -ajeethemp test 
<B><font color = 'blue'> .</font></B>  -ajeethemp@gmail.com
<B><font color = 'blue'> .</font></B>  -A01
<B><font color = 'blue'> .</font></B>  -2022-10-22
<B><font color = 'blue'> .</font></B>  -Absent
<B><font color = 'blue'> .</font></B>  -Absent
<B><font color = 'blue'> .</font></B>  -undefined
<B><font color = 'blue'> .</font></B>  -Tamilnadu
<B><font color = 'blue'> .</font></B>  -Test and Dev
<B><font color = 'blue'> .</font></B>  -Absent
<B><font color = 'blue'> .</font></B>  -Absent
<B><font color = 'blue'> .</font></B>  -Absent
<B><font color = 'blue'> .</font></B>  -Absent
<B><font color = 'blue'> .</font></B>  -Absent
<B><font color = 'blue'> .</font></B>  -Absent
<B><font color = 'blue'> .</font></B>  -Absent
<B><font color = 'blue'> .</font></B>  -Absent
<B><font color = 'blue'> .</font></B>  -Absent
<B><font color = 'blue'> .</font></B>  -Absent
<B><font color = 'blue'> .</font></B>  -Absent
<B><font color = 'blue'> .</font></B>  -test user two 
<B><font color = 'blue'> .</font></B>  -testuser@two.io
<B><font color = 'blue'> .</font></B>  -GSLL-327
<B><font color = 'blue'> .</font></B>  -2022-10-22
<B><font color = 'blue'> .</font></B>  -Absent
<B><font color = 'blue'> .</font></B>  -Absent
<B><font color = 'blue'> .</font></B>  -undefined
<B><font color = 'blue'> .</font></B>  -Tamilnadu
<B><font color = 'blue'> .</font></B>  -Test and Dev
<B><font color = 'blue'> .</font></B>  -Absent
<B><font color = 'blue'> .</font></B>  -Absent
<B><font color = 'blue'> .</font></B>  -Absent
<B><font color = 'blue'> .</font></B>  -Absent
<B><font color = 'blue'> .</font></B>  -Absent
<B><font color = 'blue'> .</font></B>  -Absent
<B><font color = 'blue'> .</font></B>  -Absent
<B><font color = 'blue'> .</font></B>  -Absent
<B><font color = 'blue'> .</font></B>  -Absent
<B><font color = 'blue'> .</font></B>  -Absent
<B><font color = 'blue'> .</font></B>  -Absent
<B><font color = 'blue'> .</font></B>  -Himanshu Kumar 
<B><font color = 'blue'> .</font></B>  -himanshu1@gmail.com
<B><font color = 'blue'> .</font></B>  -EM011
<B><font color = 'blue'> .</font></B>  -2022-10-22
<B><font color = 'blue'> .</font></B>  -Absent
<B><font color = 'blue'> .</font></B>  -Absent
<B><font color = 'blue'> .</font></B>  -undefined
<B><font color = 'blue'> .</font></B>  -bagalkot
<B><font color = 'blue'> .</font></B>  -manual testing
<B><font color = 'blue'> .</font></B>  -Absent
<B><font color = 'blue'> .</font></B>  -Absent
<B><font color = 'blue'> .</font></B>  -Absent
<B><font color = 'blue'> .</font></B>  -Absent
<B><font color = 'blue'> .</font></B>  -Absent
<B><font color = 'blue'> .</font></B>  -Absent
<B><font color = 'blue'> .</font></B>  -Absent
<B><font color = 'blue'> .</font></B>  -Absent
<B><font color = 'blue'> .</font></B>  -Absent
<B><font color = 'blue'> .</font></B>  -Absent
<B><font color = 'blue'> .</font></B>  -Absent
<B><font color = 'blue'> .</font></B>  -dxgfdxg gssdg 
<B><font color = 'blue'> .</font></B>  -sdgsg@dgksodkg.in
<B><font color = 'blue'> .</font></B>  -asfda343443
<B><font color = 'blue'> .</font></B>  -2022-10-22
<B><font color = 'blue'> .</font></B>  -Absent
<B><font color = 'blue'> .</font></B>  -Absent
<B><font color = 'blue'> .</font></B>  -undefined
<B><font color = 'blue'> .</font></B>  -Bhilai
<B><font color = 'blue'> .</font></B>  -Php
<B><font color = 'blue'> .</font></B>  -Absent
<B><font color = 'blue'> .</font></B>  -Absent
<B><font color = 'blue'> .</font></B>  -Absent
<B><font color = 'blue'> .</font></B>  -Absent
<B><font color = 'blue'> .</font></B>  -Absent
<B><font color = 'blue'> .</font></B>  -Absent
<B><font color = 'blue'> .</font></B>  -Absent
<B><font color = 'blue'> .</font></B>  -Absent
<B><font color = 'blue'> .</font></B>  -Absent
<B><font color = 'blue'> .</font></B>  -Absent
<B><font color = 'blue'> .</font></B>  -Absent
<B><font color = 'blue'> .</font></B>  -Guest User 
<B><font color = 'blue'> .</font></B>  -guestuser@gmail.com
<B><font color = 'blue'> .</font></B>  -GLB-777
<B><font color = 'blue'> .</font></B>  -2022-10-22
<B><font color = 'blue'> .</font></B>  -Absent
<B><font color = 'blue'> .</font></B>  -Absent
<B><font color = 'blue'> .</font></B>  -undefined
<B><font color = 'blue'> .</font></B>  -Bhilai
<B><font color = 'blue'> .</font></B>  -Php
<B><font color = 'blue'> .</font></B>  -Absent
<B><font color = 'blue'> .</font></B>  -Absent
<B><font color = 'blue'> .</font></B>  -Absent
<B><font color = 'blue'> .</font></B>  -Absent
<B><font color = 'blue'> .</font></B>  -Absent
<B><font color = 'blue'> .</font></B>  -Absent
<B><font color = 'blue'> .</font></B>  -Absent
<B><font color = 'blue'> .</font></B>  -Absent
<B><font color = 'blue'> .</font></B>  -Absent
<B><font color = 'blue'> .</font></B>  -Absent
<B><font color = 'blue'> .</font></B>  -Absent
<B><font color = 'blue'> .</font></B>  -Virat kohli 
<B><font color = 'blue'> .</font></B>  -rahukbgdxgsf@gmail.com
<B><font color = 'blue'> .</font></B>  -65332
<B><font color = 'blue'> .</font></B>  -2022-10-21
<B><font color = 'blue'> .</font></B>  -21-10-2022 00:00:53
<B><font color = 'blue'> .</font></B>  -21-10-2022 00:03:53
<B><font color = 'blue'> .</font></B>  -GLB-124-PC
<B><font color = 'blue'> .</font></B>  -Default
<B><font color = 'blue'> .</font></B>  -Default
<B><font color = 'blue'> .</font></B>  -00:03:00
<B><font color = 'blue'> .</font></B>  -00:00:00
<B><font color = 'blue'> .</font></B>  -00:00:00
<B><font color = 'blue'> .</font></B>  -00:00:00
<B><font color = 'blue'> .</font></B>  -00:00:00
<B><font color = 'blue'> .</font></B>  -00:00:00
<B><font color = 'blue'> .</font></B>  -00:00:00
<B><font color = 'blue'> .</font></B>  -00:03:00
<B><font color = 'blue'> .</font></B>  -0.00%
<B><font color = 'blue'> .</font></B>  --480:00
<B><font color = 'blue'> .</font></B>  -0.00
<B><font color = 'blue'> .</font></B>  -ajeethemp test 
<B><font color = 'blue'> .</font></B>  -ajeethemp@gmail.com
<B><font color = 'blue'> .</font></B>  -A01
<B><font color = 'blue'> .</font></B>  -2022-10-21
<B><font color = 'blue'> .</font></B>  -21-10-2022 07:31:15
<B><font color = 'blue'> .</font></B>  -21-10-2022 08:43:15
<B><font color = 'blue'> .</font></B>  -GLB-193-PC
<B><font color = 'blue'> .</font></B>  -Tamilnadu
<B><font color = 'blue'> .</font></B>  -Test and Dev
<B><font color = 'blue'> .</font></B>  -01:12:00
<B><font color = 'blue'> .</font></B>  -00:00:00
<B><font color = 'blue'> .</font></B>  -00:00:00
<B><font color = 'blue'> .</font></B>  -00:00:00
<B><font color = 'blue'> .</font></B>  -00:00:00
<B><font color = 'blue'> .</font></B>  -00:00:00
<B><font color = 'blue'> .</font></B>  -00:00:00
<B><font color = 'blue'> .</font></B>  -01:12:00
<B><font color = 'blue'> .</font></B>  -0.00%
<B><font color = 'blue'> .</font></B>  --480:00
<B><font color = 'blue'> .</font></B>  -0.00
<B><font color = 'blue'> .</font></B>  -sadas kadkasdj 
<B><font color = 'blue'> .</font></B>  -dsa@eqe
<B><font color = 'blue'> .</font></B>  -emp129666
<B><font color = 'blue'> .</font></B>  -2022-10-21
<B><font color = 'blue'> .</font></B>  -Absent
<B><font color = 'blue'> .</font></B>  -Absent
<B><font color = 'blue'> .</font></B>  -undefined
<B><font color = 'blue'> .</font></B>  -Default
<B><font color = 'blue'> .</font></B>  -Default
<B><font color = 'blue'> .</font></B>  -Absent
<B><font color = 'blue'> .</font></B>  -Absent
<B><font color = 'blue'> .</font></B>  -Absent
<B><font color = 'blue'> .</font></B>  -Absent
<B><font color = 'blue'> .</font></B>  -Absent
<B><font color = 'blue'> .</font></B>  -Absent
<B><font color = 'blue'> .</font></B>  -Absent
<B><font color = 'blue'> .</font></B>  -Absent
<B><font color = 'blue'> .</font></B>  -Absent
<B><font color = 'blue'> .</font></B>  -Absent
<B><font color = 'blue'> .</font></B>  -Absent
<B><font color = 'blue'> .</font></B>  -New Test 
<B><font color = 'blue'> .</font></B>  -newtest@gmail.com
<B><font color = 'blue'> .</font></B>  -ewer334443
<B><font color = 'blue'> .</font></B>  -2022-10-21
<B><font color = 'blue'> .</font></B>  -Absent
<B><font color = 'blue'> .</font></B>  -Absent
<B><font color = 'blue'> .</font></B>  -undefined
<B><font color = 'blue'> .</font></B>  -Default
<B><font color = 'blue'> .</font></B>  -Default
<B><font color = 'blue'> .</font></B>  -Absent
<B><font color = 'blue'> .</font></B>  -Absent
<B><font color = 'blue'> .</font></B>  -Absent
<B><font color = 'blue'> .</font></B>  -Absent
<B><font color = 'blue'> .</font></B>  -Absent
<B><font color = 'blue'> .</font></B>  -Absent
<B><font color = 'blue'> .</font></B>  -Absent
<B><font color = 'blue'> .</font></B>  -Absent
<B><font color = 'blue'> .</font></B>  -Absent
<B><font color = 'blue'> .</font></B>  -Absent
<B><font color = 'blue'> .</font></B>  -Absent
<B><font color = 'blue'> .</font></B>  -dshcdb uidsbf 
<B><font color = 'blue'> .</font></B>  -dvbvdb@yahoo.com
<B><font color = 'blue'> .</font></B>  -435454
<B><font color = 'blue'> .</font></B>  -2022-10-21
<B><font color = 'blue'> .</font></B>  -Absent
<B><font color = 'blue'> .</font></B>  -Absent
<B><font color = 'blue'> .</font></B>  -undefined
<B><font color = 'blue'> .</font></B>  -Default
<B><font color = 'blue'> .</font></B>  -Default
<B><font color = 'blue'> .</font></B>  -Absent
<B><font color = 'blue'> .</font></B>  -Absent
<B><font color = 'blue'> .</font></B>  -Absent
<B><font color = 'blue'> .</font></B>  -Absent
<B><font color = 'blue'> .</font></B>  -Absent
<B><font color = 'blue'> .</font></B>  -Absent
<B><font color = 'blue'> .</font></B>  -Absent
<B><font color = 'blue'> .</font></B>  -Absent
<B><font color = 'blue'> .</font></B>  -Absent
<B><font color = 'blue'> .</font></B>  -Absent
<B><font color = 'blue'> .</font></B>  -Absent
<B><font color = 'blue'> .</font></B>  -try last 
<B><font color = 'blue'> .</font></B>  -try@gmail.com
<B><font color = 'blue'> .</font></B>  -1225455
<B><font color = 'blue'> .</font></B>  -2022-10-21
<B><font color = 'blue'> .</font></B>  -Absent
<B><font color = 'blue'> .</font></B>  -Absent
<B><font color = 'blue'> .</font></B>  -undefined
<B><font color = 'blue'> .</font></B>  -Default
<B><font color = 'blue'> .</font></B>  -Default
<B><font color = 'blue'> .</font></B>  -Absent
<B><font color = 'blue'> .</font></B>  -Absent
<B><font color = 'blue'> .</font></B>  -Absent
<B><font color = 'blue'> .</font></B>  -Absent
<B><font color = 'blue'> .</font></B>  -Absent
<B><font color = 'blue'> .</font></B>  -Absent
<B><font color = 'blue'> .</font></B>  -Absent
<B><font color = 'blue'> .</font></B>  -Absent
<B><font color = 'blue'> .</font></B>  -Absent
<B><font color = 'blue'> .</font></B>  -Absent
<B><font color = 'blue'> .</font></B>  -Absent
<B><font color = 'blue'> .</font></B>  -vdjvdb yusvdvbbh 
<B><font color = 'blue'> .</font></B>  -dvhbfdh@gmail.com
<B><font color = 'blue'> .</font></B>  -wq534342
<B><font color = 'blue'> .</font></B>  -2022-10-21
<B><font color = 'blue'> .</font></B>  -Absent
<B><font color = 'blue'> .</font></B>  -Absent
<B><font color = 'blue'> .</font></B>  -undefined
<B><font color = 'blue'> .</font></B>  -Default
<B><font color = 'blue'> .</font></B>  -Default
<B><font color = 'blue'> .</font></B>  -Absent
<B><font color = 'blue'> .</font></B>  -Absent
<B><font color = 'blue'> .</font></B>  -Absent
<B><font color = 'blue'> .</font></B>  -Absent
<B><font color = 'blue'> .</font></B>  -Absent
<B><font color = 'blue'> .</font></B>  -Absent
<B><font color = 'blue'> .</font></B>  -Absent
<B><font color = 'blue'> .</font></B>  -Absent
<B><font color = 'blue'> .</font></B>  -Absent
<B><font color = 'blue'> .</font></B>  -Absent
<B><font color = 'blue'> .</font></B>  -Absent
<B><font color = 'blue'> .</font></B>  -Mail Test user 
<B><font color = 'blue'> .</font></B>  -maintest@user.io
<B><font color = 'blue'> .</font></B>  -GLB-1223888
<B><font color = 'blue'> .</font></B>  -2022-10-21
<B><font color = 'blue'> .</font></B>  -Absent
<B><font color = 'blue'> .</font></B>  -Absent
<B><font color = 'blue'> .</font></B>  -undefined
<B><font color = 'blue'> .</font></B>  -Default
<B><font color = 'blue'> .</font></B>  -Default
<B><font color = 'blue'> .</font></B>  -Absent
<B><font color = 'blue'> .</font></B>  -Absent
<B><font color = 'blue'> .</font></B>  -Absent
<B><font color = 'blue'> .</font></B>  -Absent
<B><font color = 'blue'> .</font></B>  -Absent
<B><font color = 'blue'> .</font></B>  -Absent
<B><font color = 'blue'> .</font></B>  -Absent
<B><font color = 'blue'> .</font></B>  -Absent
<B><font color = 'blue'> .</font></B>  -Absent
<B><font color = 'blue'> .</font></B>  -Absent
<B><font color = 'blue'> .</font></B>  -Absent
<B><font color = 'blue'> .</font></B>  -Update Check 
<B><font color = 'blue'> .</font></B>  -updates@gmail.com
<B><font color = 'blue'> .</font></B>  -emp543
<B><font color = 'blue'> .</font></B>  -2022-10-21
<B><font color = 'blue'> .</font></B>  -Absent
<B><font color = 'blue'> .</font></B>  -Absent
<B><font color = 'blue'> .</font></B>  -undefined
<B><font color = 'blue'> .</font></B>  -Default
<B><font color = 'blue'> .</font></B>  -Default
<B><font color = 'blue'> .</font></B>  -Absent
<B><font color = 'blue'> .</font></B>  -Absent
<B><font color = 'blue'> .</font></B>  -Absent
<B><font color = 'blue'> .</font></B>  -Absent
<B><font color = 'blue'> .</font></B>  -Absent
<B><font color = 'blue'> .</font></B>  -Absent
<B><font color = 'blue'> .</font></B>  -Absent
<B><font color = 'blue'> .</font></B>  -Absent
<B><font color = 'blue'> .</font></B>  -Absent
<B><font color = 'blue'> .</font></B>  -Absent
<B><font color = 'blue'> .</font></B>  -Absent
<B><font color = 'blue'> .</font></B>  -test manager 
<B><font color = 'blue'> .</font></B>  -manageremp@gmail.com
<B><font color = 'blue'> .</font></B>  -glb020
<B><font color = 'blue'> .</font></B>  -2022-10-21
<B><font color = 'blue'> .</font></B>  -Absent
<B><font color = 'blue'> .</font></B>  -Absent
<B><font color = 'blue'> .</font></B>  -undefined
<B><font color = 'blue'> .</font></B>  -Default
<B><font color = 'blue'> .</font></B>  -Default
<B><font color = 'blue'> .</font></B>  -Absent
<B><font color = 'blue'> .</font></B>  -Absent
<B><font color = 'blue'> .</font></B>  -Absent
<B><font color = 'blue'> .</font></B>  -Absent
<B><font color = 'blue'> .</font></B>  -Absent
<B><font color = 'blue'> .</font></B>  -Absent
<B><font color = 'blue'> .</font></B>  -Absent
<B><font color = 'blue'> .</font></B>  -Absent
<B><font color = 'blue'> .</font></B>  -Absent
<B><font color = 'blue'> .</font></B>  -Absent
<B><font color = 'blue'> .</font></B>  -Absent
<B><font color = 'blue'> .</font></B>  -DESKTOP-PJJHB19 - GLB-BLR-002OjUpRD2 
<B><font color = 'blue'> .</font></B>  --
<B><font color = 'blue'> .</font></B>  -GLB-BLR-002OjUpRD2
<B><font color = 'blue'> .</font></B>  -2022-10-21
<B><font color = 'blue'> .</font></B>  -Absent
<B><font color = 'blue'> .</font></B>  -Absent
<B><font color = 'blue'> .</font></B>  -undefined
<B><font color = 'blue'> .</font></B>  -Default
<B><font color = 'blue'> .</font></B>  -Default
<B><font color = 'blue'> .</font></B>  -Absent
<B><font color = 'blue'> .</font></B>  -Absent
<B><font color = 'blue'> .</font></B>  -Absent
<B><font color = 'blue'> .</font></B>  -Absent
<B><font color = 'blue'> .</font></B>  -Absent
<B><font color = 'blue'> .</font></B>  -Absent
<B><font color = 'blue'> .</font></B>  -Absent
<B><font color = 'blue'> .</font></B>  -Absent
<B><font color = 'blue'> .</font></B>  -Absent
<B><font color = 'blue'> .</font></B>  -Absent
<B><font color = 'blue'> .</font></B>  -Absent
<B><font color = 'blue'> .</font></B>  -Usb Test 
<B><font color = 'blue'> .</font></B>  -usbtest123@gmail.com
<B><font color = 'blue'> .</font></B>  -emp0097
<B><font color = 'blue'> .</font></B>  -2022-10-21
<B><font color = 'blue'> .</font></B>  -Absent
<B><font color = 'blue'> .</font></B>  -Absent
<B><font color = 'blue'> .</font></B>  -undefined
<B><font color = 'blue'> .</font></B>  -Default
<B><font color = 'blue'> .</font></B>  -Default
<B><font color = 'blue'> .</font></B>  -Absent
<B><font color = 'blue'> .</font></B>  -Absent
<B><font color = 'blue'> .</font></B>  -Absent
<B><font color = 'blue'> .</font></B>  -Absent
<B><font color = 'blue'> .</font></B>  -Absent
<B><font color = 'blue'> .</font></B>  -Absent
<B><font color = 'blue'> .</font></B>  -Absent
<B><font color = 'blue'> .</font></B>  -Absent
<B><font color = 'blue'> .</font></B>  -Absent
<B><font color = 'blue'> .</font></B>  -Absent
<B><font color = 'blue'> .</font></B>  -Absent
<B><font color = 'blue'> .</font></B>  -SS Keystrokes 
<B><font color = 'blue'> .</font></B>  -sskey@gmail.com
<B><font color = 'blue'> .</font></B>  -emp98y
<B><font color = 'blue'> .</font></B>  -2022-10-21
<B><font color = 'blue'> .</font></B>  -Absent
<B><font color = 'blue'> .</font></B>  -Absent
<B><font color = 'blue'> .</font></B>  -undefined
<B><font color = 'blue'> .</font></B>  -Default
<B><font color = 'blue'> .</font></B>  -Default
<B><font color = 'blue'> .</font></B>  -Absent
<B><font color = 'blue'> .</font></B>  -Absent
<B><font color = 'blue'> .</font></B>  -Absent
<B><font color = 'blue'> .</font></B>  -Absent
<B><font color = 'blue'> .</font></B>  -Absent
<B><font color = 'blue'> .</font></B>  -Absent
<B><font color = 'blue'> .</font></B>  -Absent
<B><font color = 'blue'> .</font></B>  -Absent
<B><font color = 'blue'> .</font></B>  -Absent
<B><font color = 'blue'> .</font></B>  -Absent
<B><font color = 'blue'> .</font></B>  -Absent
<B><font color = 'blue'> .</font></B>  -shivammmmmmmmmmmmmmmmmmmm Kumar 
<B><font color = 'blue'> .</font></B>  -kgfyash545@gmail.com
<B><font color = 'blue'> .</font></B>  -hsakhdjk414
<B><font color = 'blue'> .</font></B>  -2022-10-21
<B><font color = 'blue'> .</font></B>  -Absent
<B><font color = 'blue'> .</font></B>  -Absent
<B><font color = 'blue'> .</font></B>  -undefined
<B><font color = 'blue'> .</font></B>  -Default
<B><font color = 'blue'> .</font></B>  -Default
<B><font color = 'blue'> .</font></B>  -Absent
<B><font color = 'blue'> .</font></B>  -Absent
<B><font color = 'blue'> .</font></B>  -Absent
<B><font color = 'blue'> .</font></B>  -Absent
<B><font color = 'blue'> .</font></B>  -Absent
<B><font color = 'blue'> .</font></B>  -Absent
<B><font color = 'blue'> .</font></B>  -Absent
<B><font color = 'blue'> .</font></B>  -Absent
<B><font color = 'blue'> .</font></B>  -Absent
<B><font color = 'blue'> .</font></B>  -Absent
<B><font color = 'blue'> .</font></B>  -Absent
<B><font color = 'blue'> .</font></B>  -Abhishek Four tf test 
<B><font color = 'blue'> .</font></B>  -abhishekfourtf@mail.com
<B><font color = 'blue'> .</font></B>  -HLIKSJ98
<B><font color = 'blue'> .</font></B>  -2022-10-21
<B><font color = 'blue'> .</font></B>  -Absent
<B><font color = 'blue'> .</font></B>  -Absent
<B><font color = 'blue'> .</font></B>  -undefined
<B><font color = 'blue'> .</font></B>  -Default
<B><font color = 'blue'> .</font></B>  -Default
<B><font color = 'blue'> .</font></B>  -Absent
<B><font color = 'blue'> .</font></B>  -Absent
<B><font color = 'blue'> .</font></B>  -Absent
<B><font color = 'blue'> .</font></B>  -Absent
<B><font color = 'blue'> .</font></B>  -Absent
<B><font color = 'blue'> .</font></B>  -Absent
<B><font color = 'blue'> .</font></B>  -Absent
<B><font color = 'blue'> .</font></B>  -Absent
<B><font color = 'blue'> .</font></B>  -Absent
<B><font color = 'blue'> .</font></B>  -Absent
<B><font color = 'blue'> .</font></B>  -Absent
<B><font color = 'blue'> .</font></B>  -new dev user 
<B><font color = 'blue'> .</font></B>  -new@dev.user
<B><font color = 'blue'> .</font></B>  -fdfsfsd
<B><font color = 'blue'> .</font></B>  -2022-10-21
<B><font color = 'blue'> .</font></B>  -Absent
<B><font color = 'blue'> .</font></B>  -Absent
<B><font color = 'blue'> .</font></B>  -undefined
<B><font color = 'blue'> .</font></B>  -Default
<B><font color = 'blue'> .</font></B>  -Default
<B><font color = 'blue'> .</font></B>  -Absent
<B><font color = 'blue'> .</font></B>  -Absent
<B><font color = 'blue'> .</font></B>  -Absent
<B><font color = 'blue'> .</font></B>  -Absent
<B><font color = 'blue'> .</font></B>  -Absent
<B><font color = 'blue'> .</font></B>  -Absent
<B><font color = 'blue'> .</font></B>  -Absent
<B><font color = 'blue'> .</font></B>  -Absent
<B><font color = 'blue'> .</font></B>  -Absent
<B><font color = 'blue'> .</font></B>  -Absent
<B><font color = 'blue'> .</font></B>  -Absent
<B><font color = 'blue'> .</font></B>  -aaaaaaaaaa aaaaaaaaa 
<B><font color = 'blue'> .</font></B>  -mmmm@gmail.com
<B><font color = 'blue'> .</font></B>  -80765s
<B><font color = 'blue'> .</font></B>  -2022-10-21
<B><font color = 'blue'> .</font></B>  -Absent
<B><font color = 'blue'> .</font></B>  -Absent
<B><font color = 'blue'> .</font></B>  -undefined
<B><font color = 'blue'> .</font></B>  -Bangalore
<B><font color = 'blue'> .</font></B>  -Testing
<B><font color = 'blue'> .</font></B>  -Absent
<B><font color = 'blue'> .</font></B>  -Absent
<B><font color = 'blue'> .</font></B>  -Absent
<B><font color = 'blue'> .</font></B>  -Absent
<B><font color = 'blue'> .</font></B>  -Absent
<B><font color = 'blue'> .</font></B>  -Absent
<B><font color = 'blue'> .</font></B>  -Absent
<B><font color = 'blue'> .</font></B>  -Absent
<B><font color = 'blue'> .</font></B>  -Absent
<B><font color = 'blue'> .</font></B>  -Absent
<B><font color = 'blue'> .</font></B>  -Absent
<B><font color = 'blue'> .</font></B>  -sumesh test 
<B><font color = 'blue'> .</font></B>  -sumesh@mail.com
<B><font color = 'blue'> .</font></B>  -fdgfdgf
<B><font color = 'blue'> .</font></B>  -2022-10-21
<B><font color = 'blue'> .</font></B>  -Absent
<B><font color = 'blue'> .</font></B>  -Absent
<B><font color = 'blue'> .</font></B>  -undefined
<B><font color = 'blue'> .</font></B>  -Bangalore
<B><font color = 'blue'> .</font></B>  -Testing
<B><font color = 'blue'> .</font></B>  -Absent
<B><font color = 'blue'> .</font></B>  -Absent
<B><font color = 'blue'> .</font></B>  -Absent
<B><font color = 'blue'> .</font></B>  -Absent
<B><font color = 'blue'> .</font></B>  -Absent
<B><font color = 'blue'> .</font></B>  -Absent
<B><font color = 'blue'> .</font></B>  -Absent
<B><font color = 'blue'> .</font></B>  -Absent
<B><font color = 'blue'> .</font></B>  -Absent
<B><font color = 'blue'> .</font></B>  -Absent
<B><font color = 'blue'> .</font></B>  -Absent
<B><font color = 'blue'> .</font></B>  -Test msc 
<B><font color = 'blue'> .</font></B>  -test123@gmail.com
<B><font color = 'blue'> .</font></B>  -12254
<B><font color = 'blue'> .</font></B>  -2022-10-21
<B><font color = 'blue'> .</font></B>  -Absent
<B><font color = 'blue'> .</font></B>  -Absent
<B><font color = 'blue'> .</font></B>  -undefined
<B><font color = 'blue'> .</font></B>  -Bangalore
<B><font color = 'blue'> .</font></B>  -Testing
<B><font color = 'blue'> .</font></B>  -Absent
<B><font color = 'blue'> .</font></B>  -Absent
<B><font color = 'blue'> .</font></B>  -Absent
<B><font color = 'blue'> .</font></B>  -Absent
<B><font color = 'blue'> .</font></B>  -Absent
<B><font color = 'blue'> .</font></B>  -Absent
<B><font color = 'blue'> .</font></B>  -Absent
<B><font color = 'blue'> .</font></B>  -Absent
<B><font color = 'blue'> .</font></B>  -Absent
<B><font color = 'blue'> .</font></B>  -Absent
<B><font color = 'blue'> .</font></B>  -Absent
<B><font color = 'blue'> .</font></B>  -deffdfds vscsc 
<B><font color = 'blue'> .</font></B>  -cscsdw123@gmail.com
<B><font color = 'blue'> .</font></B>  -1234512
<B><font color = 'blue'> .</font></B>  -2022-10-21
<B><font color = 'blue'> .</font></B>  -Absent
<B><font color = 'blue'> .</font></B>  -Absent
<B><font color = 'blue'> .</font></B>  -undefined
<B><font color = 'blue'> .</font></B>  -Bangalore
<B><font color = 'blue'> .</font></B>  -Testing
<B><font color = 'blue'> .</font></B>  -Absent
<B><font color = 'blue'> .</font></B>  -Absent
<B><font color = 'blue'> .</font></B>  -Absent
<B><font color = 'blue'> .</font></B>  -Absent
<B><font color = 'blue'> .</font></B>  -Absent
<B><font color = 'blue'> .</font></B>  -Absent
<B><font color = 'blue'> .</font></B>  -Absent
<B><font color = 'blue'> .</font></B>  -Absent
<B><font color = 'blue'> .</font></B>  -Absent
<B><font color = 'blue'> .</font></B>  -Absent
<B><font color = 'blue'> .</font></B>  -Absent
<B><font color = 'blue'> .</font></B>  -test testtt 
<B><font color = 'blue'> .</font></B>  -abcd@gmail.com
<B><font color = 'blue'> .</font></B>  -GLB55
<B><font color = 'blue'> .</font></B>  -2022-10-21
<B><font color = 'blue'> .</font></B>  -Absent
<B><font color = 'blue'> .</font></B>  -Absent
<B><font color = 'blue'> .</font></B>  -undefined
<B><font color = 'blue'> .</font></B>  -Bangalore
<B><font color = 'blue'> .</font></B>  -Testing
<B><font color = 'blue'> .</font></B>  -Absent
<B><font color = 'blue'> .</font></B>  -Absent
<B><font color = 'blue'> .</font></B>  -Absent
<B><font color = 'blue'> .</font></B>  -Absent
<B><font color = 'blue'> .</font></B>  -Absent
<B><font color = 'blue'> .</font></B>  -Absent
<B><font color = 'blue'> .</font></B>  -Absent
<B><font color = 'blue'> .</font></B>  -Absent
<B><font color = 'blue'> .</font></B>  -Absent
<B><font color = 'blue'> .</font></B>  -Absent
<B><font color = 'blue'> .</font></B>  -Absent
<B><font color = 'blue'> .</font></B>  -Abhishe tt 
<B><font color = 'blue'> .</font></B>  -ab@ab.com
<B><font color = 'blue'> .</font></B>  -GKD567
<B><font color = 'blue'> .</font></B>  -2022-10-21
<B><font color = 'blue'> .</font></B>  -Absent
<B><font color = 'blue'> .</font></B>  -Absent
<B><font color = 'blue'> .</font></B>  -undefined
<B><font color = 'blue'> .</font></B>  -Bangalore
<B><font color = 'blue'> .</font></B>  -Testing
<B><font color = 'blue'> .</font></B>  -Absent
<B><font color = 'blue'> .</font></B>  -Absent
<B><font color = 'blue'> .</font></B>  -Absent
<B><font color = 'blue'> .</font></B>  -Absent
<B><font color = 'blue'> .</font></B>  -Absent
<B><font color = 'blue'> .</font></B>  -Absent
<B><font color = 'blue'> .</font></B>  -Absent
<B><font color = 'blue'> .</font></B>  -Absent
<B><font color = 'blue'> .</font></B>  -Absent
<B><font color = 'blue'> .</font></B>  -Absent
<B><font color = 'blue'> .</font></B>  -Absent
<B><font color = 'blue'> .</font></B>  -test nonadmin 
<B><font color = 'blue'> .</font></B>  -testnonadmin@gmail.com
<B><font color = 'blue'> .</font></B>  -GLB026
<B><font color = 'blue'> .</font></B>  -2022-10-21
<B><font color = 'blue'> .</font></B>  -Absent
<B><font color = 'blue'> .</font></B>  -Absent
<B><font color = 'blue'> .</font></B>  -undefined
<B><font color = 'blue'> .</font></B>  -Bangalore
<B><font color = 'blue'> .</font></B>  -Php
<B><font color = 'blue'> .</font></B>  -Absent
<B><font color = 'blue'> .</font></B>  -Absent
<B><font color = 'blue'> .</font></B>  -Absent
<B><font color = 'blue'> .</font></B>  -Absent
<B><font color = 'blue'> .</font></B>  -Absent
<B><font color = 'blue'> .</font></B>  -Absent
<B><font color = 'blue'> .</font></B>  -Absent
<B><font color = 'blue'> .</font></B>  -Absent
<B><font color = 'blue'> .</font></B>  -Absent
<B><font color = 'blue'> .</font></B>  -Absent
<B><font color = 'blue'> .</font></B>  -Absent
<B><font color = 'blue'> .</font></B>  -adg ckj 
<B><font color = 'blue'> .</font></B>  -adcs@1234
<B><font color = 'blue'> .</font></B>  -583
<B><font color = 'blue'> .</font></B>  -2022-10-21
<B><font color = 'blue'> .</font></B>  -Absent
<B><font color = 'blue'> .</font></B>  -Absent
<B><font color = 'blue'> .</font></B>  -undefined
<B><font color = 'blue'> .</font></B>  -Bangalore
<B><font color = 'blue'> .</font></B>  -Testing
<B><font color = 'blue'> .</font></B>  -Absent
<B><font color = 'blue'> .</font></B>  -Absent
<B><font color = 'blue'> .</font></B>  -Absent
<B><font color = 'blue'> .</font></B>  -Absent
<B><font color = 'blue'> .</font></B>  -Absent
<B><font color = 'blue'> .</font></B>  -Absent
<B><font color = 'blue'> .</font></B>  -Absent
<B><font color = 'blue'> .</font></B>  -Absent
<B><font color = 'blue'> .</font></B>  -Absent
<B><font color = 'blue'> .</font></B>  -Absent
<B><font color = 'blue'> .</font></B>  -Absent
<B><font color = 'blue'> .</font></B>  -dominic toretto 
<B><font color = 'blue'> .</font></B>  -dom.toretto737@gmail.com
<B><font color = 'blue'> .</font></B>  -EMP011
<B><font color = 'blue'> .</font></B>  -2022-10-21
<B><font color = 'blue'> .</font></B>  -Absent
<B><font color = 'blue'> .</font></B>  -Absent
<B><font color = 'blue'> .</font></B>  -undefined
<B><font color = 'blue'> .</font></B>  -Bangalore
<B><font color = 'blue'> .</font></B>  -Testing
<B><font color = 'blue'> .</font></B>  -Absent
<B><font color = 'blue'> .</font></B>  -Absent
<B><font color = 'blue'> .</font></B>  -Absent
<B><font color = 'blue'> .</font></B>  -Absent
<B><font color = 'blue'> .</font></B>  -Absent
<B><font color = 'blue'> .</font></B>  -Absent
<B><font color = 'blue'> .</font></B>  -Absent
<B><font color = 'blue'> .</font></B>  -Absent
<B><font color = 'blue'> .</font></B>  -Absent
<B><font color = 'blue'> .</font></B>  -Absent
<B><font color = 'blue'> .</font></B>  -Absent
<B><font color = 'blue'> .</font></B>  -Abhishek Test 
<B><font color = 'blue'> .</font></B>  -abhishektrest@glb.in
<B><font color = 'blue'> .</font></B>  -rN7tvEiDPGNi4fD
<B><font color = 'blue'> .</font></B>  -2022-10-21
<B><font color = 'blue'> .</font></B>  -Absent
<B><font color = 'blue'> .</font></B>  -Absent
<B><font color = 'blue'> .</font></B>  -undefined
<B><font color = 'blue'> .</font></B>  -Bangalore
<B><font color = 'blue'> .</font></B>  -Php
<B><font color = 'blue'> .</font></B>  -Absent
<B><font color = 'blue'> .</font></B>  -Absent
<B><font color = 'blue'> .</font></B>  -Absent
<B><font color = 'blue'> .</font></B>  -Absent
<B><font color = 'blue'> .</font></B>  -Absent
<B><font color = 'blue'> .</font></B>  -Absent
<B><font color = 'blue'> .</font></B>  -Absent
<B><font color = 'blue'> .</font></B>  -Absent
<B><font color = 'blue'> .</font></B>  -Absent
<B><font color = 'blue'> .</font></B>  -Absent
<B><font color = 'blue'> .</font></B>  -Absent
<B><font color = 'blue'> .</font></B>  -Superior Test one 
<B><font color = 'blue'> .</font></B>  -superiorone@gmail.com
<B><font color = 'blue'> .</font></B>  -twoqw
<B><font color = 'blue'> .</font></B>  -2022-10-21
<B><font color = 'blue'> .</font></B>  -Absent
<B><font color = 'blue'> .</font></B>  -Absent
<B><font color = 'blue'> .</font></B>  -undefined
<B><font color = 'blue'> .</font></B>  -Bangalore
<B><font color = 'blue'> .</font></B>  -Testing
<B><font color = 'blue'> .</font></B>  -Absent
<B><font color = 'blue'> .</font></B>  -Absent
<B><font color = 'blue'> .</font></B>  -Absent
<B><font color = 'blue'> .</font></B>  -Absent
<B><font color = 'blue'> .</font></B>  -Absent
<B><font color = 'blue'> .</font></B>  -Absent
<B><font color = 'blue'> .</font></B>  -Absent
<B><font color = 'blue'> .</font></B>  -Absent
<B><font color = 'blue'> .</font></B>  -Absent
<B><font color = 'blue'> .</font></B>  -Absent
<B><font color = 'blue'> .</font></B>  -Absent
<B><font color = 'blue'> .</font></B>  -test testw 
<B><font color = 'blue'> .</font></B>  -test@mac.in
<B><font color = 'blue'> .</font></B>  -aaf123
<B><font color = 'blue'> .</font></B>  -2022-10-21
<B><font color = 'blue'> .</font></B>  -Absent
<B><font color = 'blue'> .</font></B>  -Absent
<B><font color = 'blue'> .</font></B>  -undefined
<B><font color = 'blue'> .</font></B>  -Bangalore
<B><font color = 'blue'> .</font></B>  -Php
<B><font color = 'blue'> .</font></B>  -Absent
<B><font color = 'blue'> .</font></B>  -Absent
<B><font color = 'blue'> .</font></B>  -Absent
<B><font color = 'blue'> .</font></B>  -Absent
<B><font color = 'blue'> .</font></B>  -Absent
<B><font color = 'blue'> .</font></B>  -Absent
<B><font color = 'blue'> .</font></B>  -Absent
<B><font color = 'blue'> .</font></B>  -Absent
<B><font color = 'blue'> .</font></B>  -Absent
<B><font color = 'blue'> .</font></B>  -Absent
<B><font color = 'blue'> .</font></B>  -Absent
<B><font color = 'blue'> .</font></B>  -sam eer 
<B><font color = 'blue'> .</font></B>  -sam@rf.in
<B><font color = 'blue'> .</font></B>  -WSAERT2Q34E
<B><font color = 'blue'> .</font></B>  -2022-10-21
<B><font color = 'blue'> .</font></B>  -Absent
<B><font color = 'blue'> .</font></B>  -Absent
<B><font color = 'blue'> .</font></B>  -undefined
<B><font color = 'blue'> .</font></B>  -Bangalore
<B><font color = 'blue'> .</font></B>  -Testing
<B><font color = 'blue'> .</font></B>  -Absent
<B><font color = 'blue'> .</font></B>  -Absent
<B><font color = 'blue'> .</font></B>  -Absent
<B><font color = 'blue'> .</font></B>  -Absent
<B><font color = 'blue'> .</font></B>  -Absent
<B><font color = 'blue'> .</font></B>  -Absent
<B><font color = 'blue'> .</font></B>  -Absent
<B><font color = 'blue'> .</font></B>  -Absent
<B><font color = 'blue'> .</font></B>  -Absent
<B><font color = 'blue'> .</font></B>  -Absent
<B><font color = 'blue'> .</font></B>  -Absent
<B><font color = 'blue'> .</font></B>  -Test test 
<B><font color = 'blue'> .</font></B>  -sarikajain@gmail.com
<B><font color = 'blue'> .</font></B>  -E-101
<B><font color = 'blue'> .</font></B>  -2022-10-21
<B><font color = 'blue'> .</font></B>  -Absent
<B><font color = 'blue'> .</font></B>  -Absent
<B><font color = 'blue'> .</font></B>  -undefined
<B><font color = 'blue'> .</font></B>  -Bangalore
<B><font color = 'blue'> .</font></B>  -Testing
<B><font color = 'blue'> .</font></B>  -Absent
<B><font color = 'blue'> .</font></B>  -Absent
<B><font color = 'blue'> .</font></B>  -Absent
<B><font color = 'blue'> .</font></B>  -Absent
<B><font color = 'blue'> .</font></B>  -Absent
<B><font color = 'blue'> .</font></B>  -Absent
<B><font color = 'blue'> .</font></B>  -Absent
<B><font color = 'blue'> .</font></B>  -Absent
<B><font color = 'blue'> .</font></B>  -Absent
<B><font color = 'blue'> .</font></B>  -Absent
<B><font color = 'blue'> .</font></B>  -Absent
<B><font color = 'blue'> .</font></B>  -sithu kalluru 
<B><font color = 'blue'> .</font></B>  -sitaramireddy@globussoft.in
<B><font color = 'blue'> .</font></B>  -code12
<B><font color = 'blue'> .</font></B>  -2022-10-21
<B><font color = 'blue'> .</font></B>  -Absent
<B><font color = 'blue'> .</font></B>  -Absent
<B><font color = 'blue'> .</font></B>  -undefined
<B><font color = 'blue'> .</font></B>  -Bangalore
<B><font color = 'blue'> .</font></B>  -Testing
<B><font color = 'blue'> .</font></B>  -Absent
<B><font color = 'blue'> .</font></B>  -Absent
<B><font color = 'blue'> .</font></B>  -Absent
<B><font color = 'blue'> .</font></B>  -Absent
<B><font color = 'blue'> .</font></B>  -Absent
<B><font color = 'blue'> .</font></B>  -Absent
<B><font color = 'blue'> .</font></B>  -Absent
<B><font color = 'blue'> .</font></B>  -Absent
<B><font color = 'blue'> .</font></B>  -Absent
<B><font color = 'blue'> .</font></B>  -Absent
<B><font color = 'blue'> .</font></B>  -Absent
<B><font color = 'blue'> .</font></B>  -test123 abcd 
<B><font color = 'blue'> .</font></B>  -s@gmail.com
<B><font color = 'blue'> .</font></B>  -code123z
<B><font color = 'blue'> .</font></B>  -2022-10-21
<B><font color = 'blue'> .</font></B>  -Absent
<B><font color = 'blue'> .</font></B>  -Absent
<B><font color = 'blue'> .</font></B>  -undefined
<B><font color = 'blue'> .</font></B>  -Bangalore
<B><font color = 'blue'> .</font></B>  -Testing
<B><font color = 'blue'> .</font></B>  -Absent
<B><font color = 'blue'> .</font></B>  -Absent
<B><font color = 'blue'> .</font></B>  -Absent
<B><font color = 'blue'> .</font></B>  -Absent
<B><font color = 'blue'> .</font></B>  -Absent
<B><font color = 'blue'> .</font></B>  -Absent
<B><font color = 'blue'> .</font></B>  -Absent
<B><font color = 'blue'> .</font></B>  -Absent
<B><font color = 'blue'> .</font></B>  -Absent
<B><font color = 'blue'> .</font></B>  -Absent
<B><font color = 'blue'> .</font></B>  -Absent
<B><font color = 'blue'> .</font></B>  -testing test 
<B><font color = 'blue'> .</font></B>  -aarshajoyson1601@gmail.com
<B><font color = 'blue'> .</font></B>  -glb0008
<B><font color = 'blue'> .</font></B>  -2022-10-21
<B><font color = 'blue'> .</font></B>  -Absent
<B><font color = 'blue'> .</font></B>  -Absent
<B><font color = 'blue'> .</font></B>  -undefined
<B><font color = 'blue'> .</font></B>  -Bangalore
<B><font color = 'blue'> .</font></B>  -Php
<B><font color = 'blue'> .</font></B>  -Absent
<B><font color = 'blue'> .</font></B>  -Absent
<B><font color = 'blue'> .</font></B>  -Absent
<B><font color = 'blue'> .</font></B>  -Absent
<B><font color = 'blue'> .</font></B>  -Absent
<B><font color = 'blue'> .</font></B>  -Absent
<B><font color = 'blue'> .</font></B>  -Absent
<B><font color = 'blue'> .</font></B>  -Absent
<B><font color = 'blue'> .</font></B>  -Absent
<B><font color = 'blue'> .</font></B>  -Absent
<B><font color = 'blue'> .</font></B>  -Absent
<B><font color = 'blue'> .</font></B>  -Automation CodeeeAuto 
<B><font color = 'blue'> .</font></B>  -skabcdef7@gmail.com
<B><font color = 'blue'> .</font></B>  -Emp-Abzcde-1234522
<B><font color = 'blue'> .</font></B>  -2022-10-21
<B><font color = 'blue'> .</font></B>  -Absent
<B><font color = 'blue'> .</font></B>  -Absent
<B><font color = 'blue'> .</font></B>  -undefined
<B><font color = 'blue'> .</font></B>  -Bangalore
<B><font color = 'blue'> .</font></B>  -Testing
<B><font color = 'blue'> .</font></B>  -Absent
<B><font color = 'blue'> .</font></B>  -Absent
<B><font color = 'blue'> .</font></B>  -Absent
<B><font color = 'blue'> .</font></B>  -Absent
<B><font color = 'blue'> .</font></B>  -Absent
<B><font color = 'blue'> .</font></B>  -Absent
<B><font color = 'blue'> .</font></B>  -Absent
<B><font color = 'blue'> .</font></B>  -Absent
<B><font color = 'blue'> .</font></B>  -Absent
<B><font color = 'blue'> .</font></B>  -Absent
<B><font color = 'blue'> .</font></B>  -Absent
<B><font color = 'blue'> .</font></B>  -piyush dfgsfg 
<B><font color = 'blue'> .</font></B>  -jos@gmail.com
<B><font color = 'blue'> .</font></B>  -sdgff
<B><font color = 'blue'> .</font></B>  -2022-10-21
<B><font color = 'blue'> .</font></B>  -Absent
<B><font color = 'blue'> .</font></B>  -Absent
<B><font color = 'blue'> .</font></B>  -undefined
<B><font color = 'blue'> .</font></B>  -Bangalore
<B><font color = 'blue'> .</font></B>  -Testing
<B><font color = 'blue'> .</font></B>  -Absent
<B><font color = 'blue'> .</font></B>  -Absent
<B><font color = 'blue'> .</font></B>  -Absent
<B><font color = 'blue'> .</font></B>  -Absent
<B><font color = 'blue'> .</font></B>  -Absent
<B><font color = 'blue'> .</font></B>  -Absent
<B><font color = 'blue'> .</font></B>  -Absent
<B><font color = 'blue'> .</font></B>  -Absent
<B><font color = 'blue'> .</font></B>  -Absent
<B><font color = 'blue'> .</font></B>  -Absent
<B><font color = 'blue'> .</font></B>  -Absent
<B><font color = 'blue'> .</font></B>  -Aryan raj 
<B><font color = 'blue'> .</font></B>  -alex@gmail.com
<B><font color = 'blue'> .</font></B>  -126
<B><font color = 'blue'> .</font></B>  -2022-10-21
<B><font color = 'blue'> .</font></B>  -Absent
<B><font color = 'blue'> .</font></B>  -Absent
<B><font color = 'blue'> .</font></B>  -undefined
<B><font color = 'blue'> .</font></B>  -Bangalore
<B><font color = 'blue'> .</font></B>  -Testing
<B><font color = 'blue'> .</font></B>  -Absent
<B><font color = 'blue'> .</font></B>  -Absent
<B><font color = 'blue'> .</font></B>  -Absent
<B><font color = 'blue'> .</font></B>  -Absent
<B><font color = 'blue'> .</font></B>  -Absent
<B><font color = 'blue'> .</font></B>  -Absent
<B><font color = 'blue'> .</font></B>  -Absent
<B><font color = 'blue'> .</font></B>  -Absent
<B><font color = 'blue'> .</font></B>  -Absent
<B><font color = 'blue'> .</font></B>  -Absent
<B><font color = 'blue'> .</font></B>  -Absent
<B><font color = 'blue'> .</font></B>  -Automation CodeeeAuto 
<B><font color = 'blue'> .</font></B>  -skabcdef38@gmail.com
<B><font color = 'blue'> .</font></B>  -Emp-Abzcde-123457
<B><font color = 'blue'> .</font></B>  -2022-10-21
<B><font color = 'blue'> .</font></B>  -Absent
<B><font color = 'blue'> .</font></B>  -Absent
<B><font color = 'blue'> .</font></B>  -undefined
<B><font color = 'blue'> .</font></B>  -Bangalore
<B><font color = 'blue'> .</font></B>  -Testing
<B><font color = 'blue'> .</font></B>  -Absent
<B><font color = 'blue'> .</font></B>  -Absent
<B><font color = 'blue'> .</font></B>  -Absent
<B><font color = 'blue'> .</font></B>  -Absent
<B><font color = 'blue'> .</font></B>  -Absent
<B><font color = 'blue'> .</font></B>  -Absent
<B><font color = 'blue'> .</font></B>  -Absent
<B><font color = 'blue'> .</font></B>  -Absent
<B><font color = 'blue'> .</font></B>  -Absent
<B><font color = 'blue'> .</font></B>  -Absent
<B><font color = 'blue'> .</font></B>  -Absent
<B><font color = 'blue'> .</font></B>  -Automation CodeeeAuto 
<B><font color = 'blue'> .</font></B>  -skabcdef33@gmail.com
<B><font color = 'blue'> .</font></B>  -Emp-Abzcde-1234557
<B><font color = 'blue'> .</font></B>  -2022-10-21
<B><font color = 'blue'> .</font></B>  -Absent
<B><font color = 'blue'> .</font></B>  -Absent
<B><font color = 'blue'> .</font></B>  -undefined
<B><font color = 'blue'> .</font></B>  -Bangalore
<B><font color = 'blue'> .</font></B>  -Testing
<B><font color = 'blue'> .</font></B>  -Absent
<B><font color = 'blue'> .</font></B>  -Absent
<B><font color = 'blue'> .</font></B>  -Absent
<B><font color = 'blue'> .</font></B>  -Absent
<B><font color = 'blue'> .</font></B>  -Absent
<B><font color = 'blue'> .</font></B>  -Absent
<B><font color = 'blue'> .</font></B>  -Absent
<B><font color = 'blue'> .</font></B>  -Absent
<B><font color = 'blue'> .</font></B>  -Absent
<B><font color = 'blue'> .</font></B>  -Absent
<B><font color = 'blue'> .</font></B>  -Absent
<B><font color = 'blue'> .</font></B>  -D Surya Prabhakar 
<B><font color = 'blue'> .</font></B>  -surya1@gmail.com
<B><font color = 'blue'> .</font></B>  -EM010
<B><font color = 'blue'> .</font></B>  -2022-10-21
<B><font color = 'blue'> .</font></B>  -Absent
<B><font color = 'blue'> .</font></B>  -Absent
<B><font color = 'blue'> .</font></B>  -undefined
<B><font color = 'blue'> .</font></B>  -bengaluru
<B><font color = 'blue'> .</font></B>  -Testing
<B><font color = 'blue'> .</font></B>  -Absent
<B><font color = 'blue'> .</font></B>  -Absent
<B><font color = 'blue'> .</font></B>  -Absent
<B><font color = 'blue'> .</font></B>  -Absent
<B><font color = 'blue'> .</font></B>  -Absent
<B><font color = 'blue'> .</font></B>  -Absent
<B><font color = 'blue'> .</font></B>  -Absent
<B><font color = 'blue'> .</font></B>  -Absent
<B><font color = 'blue'> .</font></B>  -Absent
<B><font color = 'blue'> .</font></B>  -Absent
<B><font color = 'blue'> .</font></B>  -Absent
<B><font color = 'blue'> .</font></B>  -R o       hit Sharma 
<B><font color = 'blue'> .</font></B>  -rahulrajt5613928@gmail.com
<B><font color = 'blue'> .</font></B>  -67645
<B><font color = 'blue'> .</font></B>  -2022-10-21
<B><font color = 'blue'> .</font></B>  -Absent
<B><font color = 'blue'> .</font></B>  -Absent
<B><font color = 'blue'> .</font></B>  -undefined
<B><font color = 'blue'> .</font></B>  -bengaluru
<B><font color = 'blue'> .</font></B>  -Testing
<B><font color = 'blue'> .</font></B>  -Absent
<B><font color = 'blue'> .</font></B>  -Absent
<B><font color = 'blue'> .</font></B>  -Absent
<B><font color = 'blue'> .</font></B>  -Absent
<B><font color = 'blue'> .</font></B>  -Absent
<B><font color = 'blue'> .</font></B>  -Absent
<B><font color = 'blue'> .</font></B>  -Absent
<B><font color = 'blue'> .</font></B>  -Absent
<B><font color = 'blue'> .</font></B>  -Absent
<B><font color = 'blue'> .</font></B>  -Absent
<B><font color = 'blue'> .</font></B>  -Absent
<B><font color = 'blue'> .</font></B>  -ni test 
<B><font color = 'blue'> .</font></B>  -nitest12@gmail.com
<B><font color = 'blue'> .</font></B>  -GLB678
<B><font color = 'blue'> .</font></B>  -2022-10-21
<B><font color = 'blue'> .</font></B>  -Absent
<B><font color = 'blue'> .</font></B>  -Absent
<B><font color = 'blue'> .</font></B>  -undefined
<B><font color = 'blue'> .</font></B>  -bengaluru
<B><font color = 'blue'> .</font></B>  -Testing
<B><font color = 'blue'> .</font></B>  -Absent
<B><font color = 'blue'> .</font></B>  -Absent
<B><font color = 'blue'> .</font></B>  -Absent
<B><font color = 'blue'> .</font></B>  -Absent
<B><font color = 'blue'> .</font></B>  -Absent
<B><font color = 'blue'> .</font></B>  -Absent
<B><font color = 'blue'> .</font></B>  -Absent
<B><font color = 'blue'> .</font></B>  -Absent
<B><font color = 'blue'> .</font></B>  -Absent
<B><font color = 'blue'> .</font></B>  -Absent
<B><font color = 'blue'> .</font></B>  -Absent
<B><font color = 'blue'> .</font></B>  -one test 
<B><font color = 'blue'> .</font></B>  -testone1234@gmail.com
<B><font color = 'blue'> .</font></B>  -0110
<B><font color = 'blue'> .</font></B>  -2022-10-21
<B><font color = 'blue'> .</font></B>  -Absent
<B><font color = 'blue'> .</font></B>  -Absent
<B><font color = 'blue'> .</font></B>  -undefined
<B><font color = 'blue'> .</font></B>  -bengaluru
<B><font color = 'blue'> .</font></B>  -Testing
<B><font color = 'blue'> .</font></B>  -Absent
<B><font color = 'blue'> .</font></B>  -Absent
<B><font color = 'blue'> .</font></B>  -Absent
<B><font color = 'blue'> .</font></B>  -Absent
<B><font color = 'blue'> .</font></B>  -Absent
<B><font color = 'blue'> .</font></B>  -Absent
<B><font color = 'blue'> .</font></B>  -Absent
<B><font color = 'blue'> .</font></B>  -Absent
<B><font color = 'blue'> .</font></B>  -Absent
<B><font color = 'blue'> .</font></B>  -Absent
<B><font color = 'blue'> .</font></B>  -Absent
<B><font color = 'blue'> .</font></B>  -GLB-BLR-010-PC - GLB-BLR-010 
<B><font color = 'blue'> .</font></B>  -abcd@yuksdgus
<B><font color = 'blue'> .</font></B>  -GLB-BLR-010
<B><font color = 'blue'> .</font></B>  -2022-10-21
<B><font color = 'blue'> .</font></B>  -Absent
<B><font color = 'blue'> .</font></B>  -Absent
<B><font color = 'blue'> .</font></B>  -undefined
<B><font color = 'blue'> .</font></B>  -bengaluru
<B><font color = 'blue'> .</font></B>  -Testing
<B><font color = 'blue'> .</font></B>  -Absent
<B><font color = 'blue'> .</font></B>  -Absent
<B><font color = 'blue'> .</font></B>  -Absent
<B><font color = 'blue'> .</font></B>  -Absent
<B><font color = 'blue'> .</font></B>  -Absent
<B><font color = 'blue'> .</font></B>  -Absent
<B><font color = 'blue'> .</font></B>  -Absent
<B><font color = 'blue'> .</font></B>  -Absent
<B><font color = 'blue'> .</font></B>  -Absent
<B><font color = 'blue'> .</font></B>  -Absent
<B><font color = 'blue'> .</font></B>  -Absent
<B><font color = 'blue'> .</font></B>  -surya kk 
<B><font color = 'blue'> .</font></B>  -123@gmail.com
<B><font color = 'blue'> .</font></B>  -mmmmm
<B><font color = 'blue'> .</font></B>  -2022-10-21
<B><font color = 'blue'> .</font></B>  -Absent
<B><font color = 'blue'> .</font></B>  -Absent
<B><font color = 'blue'> .</font></B>  -undefined
<B><font color = 'blue'> .</font></B>  -Tamilnadu
<B><font color = 'blue'> .</font></B>  -Test and Dev
<B><font color = 'blue'> .</font></B>  -Absent
<B><font color = 'blue'> .</font></B>  -Absent
<B><font color = 'blue'> .</font></B>  -Absent
<B><font color = 'blue'> .</font></B>  -Absent
<B><font color = 'blue'> .</font></B>  -Absent
<B><font color = 'blue'> .</font></B>  -Absent
<B><font color = 'blue'> .</font></B>  -Absent
<B><font color = 'blue'> .</font></B>  -Absent
<B><font color = 'blue'> .</font></B>  -Absent
<B><font color = 'blue'> .</font></B>  -Absent
<B><font color = 'blue'> .</font></B>  -Absent
<B><font color = 'blue'> .</font></B>  -sai kk 
<B><font color = 'blue'> .</font></B>  -saikk19876@gmail.com
<B><font color = 'blue'> .</font></B>  -20221019
<B><font color = 'blue'> .</font></B>  -2022-10-21
<B><font color = 'blue'> .</font></B>  -Absent
<B><font color = 'blue'> .</font></B>  -Absent
<B><font color = 'blue'> .</font></B>  -undefined
<B><font color = 'blue'> .</font></B>  -Tamilnadu
<B><font color = 'blue'> .</font></B>  -Test and Dev
<B><font color = 'blue'> .</font></B>  -Absent
<B><font color = 'blue'> .</font></B>  -Absent
<B><font color = 'blue'> .</font></B>  -Absent
<B><font color = 'blue'> .</font></B>  -Absent
<B><font color = 'blue'> .</font></B>  -Absent
<B><font color = 'blue'> .</font></B>  -Absent
<B><font color = 'blue'> .</font></B>  -Absent
<B><font color = 'blue'> .</font></B>  -Absent
<B><font color = 'blue'> .</font></B>  -Absent
<B><font color = 'blue'> .</font></B>  -Absent
<B><font color = 'blue'> .</font></B>  -Absent
<B><font color = 'blue'> .</font></B>  -test user two 
<B><font color = 'blue'> .</font></B>  -testuser@two.io
<B><font color = 'blue'> .</font></B>  -GSLL-327
<B><font color = 'blue'> .</font></B>  -2022-10-21
<B><font color = 'blue'> .</font></B>  -Absent
<B><font color = 'blue'> .</font></B>  -Absent
<B><font color = 'blue'> .</font></B>  -undefined
<B><font color = 'blue'> .</font></B>  -Tamilnadu
<B><font color = 'blue'> .</font></B>  -Test and Dev
<B><font color = 'blue'> .</font></B>  -Absent
<B><font color = 'blue'> .</font></B>  -Absent
<B><font color = 'blue'> .</font></B>  -Absent
<B><font color = 'blue'> .</font></B>  -Absent
<B><font color = 'blue'> .</font></B>  -Absent
<B><font color = 'blue'> .</font></B>  -Absent
<B><font color = 'blue'> .</font></B>  -Absent
<B><font color = 'blue'> .</font></B>  -Absent
<B><font color = 'blue'> .</font></B>  -Absent
<B><font color = 'blue'> .</font></B>  -Absent
<B><font color = 'blue'> .</font></B>  -Absent
<B><font color = 'blue'> .</font></B>  -Himanshu Kumar 
<B><font color = 'blue'> .</font></B>  -himanshu1@gmail.com
<B><font color = 'blue'> .</font></B>  -EM011
<B><font color = 'blue'> .</font></B>  -2022-10-21
<B><font color = 'blue'> .</font></B>  -Absent
<B><font color = 'blue'> .</font></B>  -Absent
<B><font color = 'blue'> .</font></B>  -undefined
<B><font color = 'blue'> .</font></B>  -bagalkot
<B><font color = 'blue'> .</font></B>  -manual testing
<B><font color = 'blue'> .</font></B>  -Absent
<B><font color = 'blue'> .</font></B>  -Absent
<B><font color = 'blue'> .</font></B>  -Absent
<B><font color = 'blue'> .</font></B>  -Absent
<B><font color = 'blue'> .</font></B>  -Absent
<B><font color = 'blue'> .</font></B>  -Absent
<B><font color = 'blue'> .</font></B>  -Absent
<B><font color = 'blue'> .</font></B>  -Absent
<B><font color = 'blue'> .</font></B>  -Absent
<B><font color = 'blue'> .</font></B>  -Absent
<B><font color = 'blue'> .</font></B>  -Absent
<B><font color = 'blue'> .</font></B>  -dxgfdxg gssdg 
<B><font color = 'blue'> .</font></B>  -sdgsg@dgksodkg.in
<B><font color = 'blue'> .</font></B>  -asfda343443
<B><font color = 'blue'> .</font></B>  -2022-10-21
<B><font color = 'blue'> .</font></B>  -Absent
<B><font color = 'blue'> .</font></B>  -Absent
<B><font color = 'blue'> .</font></B>  -undefined
<B><font color = 'blue'> .</font></B>  -Bhilai
<B><font color = 'blue'> .</font></B>  -Php
<B><font color = 'blue'> .</font></B>  -Absent
<B><font color = 'blue'> .</font></B>  -Absent
<B><font color = 'blue'> .</font></B>  -Absent
<B><font color = 'blue'> .</font></B>  -Absent
<B><font color = 'blue'> .</font></B>  -Absent
<B><font color = 'blue'> .</font></B>  -Absent
<B><font color = 'blue'> .</font></B>  -Absent
<B><font color = 'blue'> .</font></B>  -Absent
<B><font color = 'blue'> .</font></B>  -Absent
<B><font color = 'blue'> .</font></B>  -Absent
<B><font color = 'blue'> .</font></B>  -Absent
<B><font color = 'blue'> .</font></B>  -Guest User 
<B><font color = 'blue'> .</font></B>  -guestuser@gmail.com
<B><font color = 'blue'> .</font></B>  -GLB-777
<B><font color = 'blue'> .</font></B>  -2022-10-21
<B><font color = 'blue'> .</font></B>  -Absent
<B><font color = 'blue'> .</font></B>  -Absent
<B><font color = 'blue'> .</font></B>  -undefined
<B><font color = 'blue'> .</font></B>  -Bhilai
<B><font color = 'blue'> .</font></B>  -Php
<B><font color = 'blue'> .</font></B>  -Absent
<B><font color = 'blue'> .</font></B>  -Absent
<B><font color = 'blue'> .</font></B>  -Absent
<B><font color = 'blue'> .</font></B>  -Absent
<B><font color = 'blue'> .</font></B>  -Absent
<B><font color = 'blue'> .</font></B>  -Absent
<B><font color = 'blue'> .</font></B>  -Absent
<B><font color = 'blue'> .</font></B>  -Absent
<B><font color = 'blue'> .</font></B>  -Absent
<B><font color = 'blue'> .</font></B>  -Absent
<B><font color = 'blue'> .</font></B>  -Absent
<B><font color = 'blue'> .</font></B>  -Virat kohli 
<B><font color = 'blue'> .</font></B>  -rahukbgdxgsf@gmail.com
<B><font color = 'blue'> .</font></B>  -65332
<B><font color = 'blue'> .</font></B>  -2022-10-20
<B><font color = 'blue'> .</font></B>  -20-10-2022 04:14:42
<B><font color = 'blue'> .</font></B>  -20-10-2022 04:17:42
<B><font color = 'blue'> .</font></B>  -GLB-124-PC
<B><font color = 'blue'> .</font></B>  -Default
<B><font color = 'blue'> .</font></B>  -Default
<B><font color = 'blue'> .</font></B>  -00:03:00
<B><font color = 'blue'> .</font></B>  -00:00:00
<B><font color = 'blue'> .</font></B>  -00:00:00
<B><font color = 'blue'> .</font></B>  -00:00:00
<B><font color = 'blue'> .</font></B>  -00:00:00
<B><font color = 'blue'> .</font></B>  -00:00:00
<B><font color = 'blue'> .</font></B>  -00:00:00
<B><font color = 'blue'> .</font></B>  -00:03:00
<B><font color = 'blue'> .</font></B>  -0.00%
<B><font color = 'blue'> .</font></B>  --480:00
<B><font color = 'blue'> .</font></B>  -0.00
<B><font color = 'blue'> .</font></B>  -ajeethemp test 
<B><font color = 'blue'> .</font></B>  -ajeethemp@gmail.com
<B><font color = 'blue'> .</font></B>  -A01
<B><font color = 'blue'> .</font></B>  -2022-10-20
<B><font color = 'blue'> .</font></B>  -20-10-2022 07:12:40
<B><font color = 'blue'> .</font></B>  -20-10-2022 10:00:10
<B><font color = 'blue'> .</font></B>  -GLB-193-PC
<B><font color = 'blue'> .</font></B>  -Tamilnadu
<B><font color = 'blue'> .</font></B>  -Test and Dev
<B><font color = 'blue'> .</font></B>  -02:47:30
<B><font color = 'blue'> .</font></B>  -00:00:00
<B><font color = 'blue'> .</font></B>  -00:00:00
<B><font color = 'blue'> .</font></B>  -00:00:00
<B><font color = 'blue'> .</font></B>  -00:00:00
<B><font color = 'blue'> .</font></B>  -00:00:00
<B><font color = 'blue'> .</font></B>  -00:00:00
<B><font color = 'blue'> .</font></B>  -02:47:30
<B><font color = 'blue'> .</font></B>  -0.00%
<B><font color = 'blue'> .</font></B>  --480:00
<B><font color = 'blue'> .</font></B>  -0.00
<B><font color = 'blue'> .</font></B>  -sumesh test 
<B><font color = 'blue'> .</font></B>  -sumesh@mail.com
<B><font color = 'blue'> .</font></B>  -fdgfdgf
<B><font color = 'blue'> .</font></B>  -2022-10-20
<B><font color = 'blue'> .</font></B>  -20-10-2022 03:32:47
<B><font color = 'blue'> .</font></B>  -20-10-2022 03:35:47
<B><font color = 'blue'> .</font></B>  -GLB-124-PC
<B><font color = 'blue'> .</font></B>  -Bangalore
<B><font color = 'blue'> .</font></B>  -Testing
<B><font color = 'blue'> .</font></B>  -00:03:00
<B><font color = 'blue'> .</font></B>  -00:00:00
<B><font color = 'blue'> .</font></B>  -00:00:00
<B><font color = 'blue'> .</font></B>  -00:00:00
<B><font color = 'blue'> .</font></B>  -00:00:00
<B><font color = 'blue'> .</font></B>  -00:00:00
<B><font color = 'blue'> .</font></B>  -00:00:00
<B><font color = 'blue'> .</font></B>  -00:03:00
<B><font color = 'blue'> .</font></B>  -0.00%
<B><font color = 'blue'> .</font></B>  --480:00
<B><font color = 'blue'> .</font></B>  -0.00
<B><font color = 'blue'> .</font></B>  -Himanshu Kumar 
<B><font color = 'blue'> .</font></B>  -himanshu1@gmail.com
<B><font color = 'blue'> .</font></B>  -EM011
<B><font color = 'blue'> .</font></B>  -2022-10-20
<B><font color = 'blue'> .</font></B>  -20-10-2022 00:01:32
<B><font color = 'blue'> .</font></B>  -20-10-2022 00:04:32
<B><font color = 'blue'> .</font></B>  -GLB-181
<B><font color = 'blue'> .</font></B>  -bagalkot
<B><font color = 'blue'> .</font></B>  -manual testing
<B><font color = 'blue'> .</font></B>  -00:03:00
<B><font color = 'blue'> .</font></B>  -00:00:00
<B><font color = 'blue'> .</font></B>  -00:00:00
<B><font color = 'blue'> .</font></B>  -00:00:00
<B><font color = 'blue'> .</font></B>  -00:00:00
<B><font color = 'blue'> .</font></B>  -00:00:00
<B><font color = 'blue'> .</font></B>  -00:00:00
<B><font color = 'blue'> .</font></B>  -00:03:00
<B><font color = 'blue'> .</font></B>  -0.00%
<B><font color = 'blue'> .</font></B>  --480:00
<B><font color = 'blue'> .</font></B>  -0.00
<B><font color = 'blue'> .</font></B>  -sadas kadkasdj 
<B><font color = 'blue'> .</font></B>  -dsa@eqe
<B><font color = 'blue'> .</font></B>  -emp129666
<B><font color = 'blue'> .</font></B>  -2022-10-20
<B><font color = 'blue'> .</font></B>  -Absent
<B><font color = 'blue'> .</font></B>  -Absent
<B><font color = 'blue'> .</font></B>  -undefined
<B><font color = 'blue'> .</font></B>  -Default
<B><font color = 'blue'> .</font></B>  -Default
<B><font color = 'blue'> .</font></B>  -Absent
<B><font color = 'blue'> .</font></B>  -Absent
<B><font color = 'blue'> .</font></B>  -Absent
<B><font color = 'blue'> .</font></B>  -Absent
<B><font color = 'blue'> .</font></B>  -Absent
<B><font color = 'blue'> .</font></B>  -Absent
<B><font color = 'blue'> .</font></B>  -Absent
<B><font color = 'blue'> .</font></B>  -Absent
<B><font color = 'blue'> .</font></B>  -Absent
<B><font color = 'blue'> .</font></B>  -Absent
<B><font color = 'blue'> .</font></B>  -Absent
<B><font color = 'blue'> .</font></B>  -New Test 
<B><font color = 'blue'> .</font></B>  -newtest@gmail.com
<B><font color = 'blue'> .</font></B>  -ewer334443
<B><font color = 'blue'> .</font></B>  -2022-10-20
<B><font color = 'blue'> .</font></B>  -Absent
<B><font color = 'blue'> .</font></B>  -Absent
<B><font color = 'blue'> .</font></B>  -undefined
<B><font color = 'blue'> .</font></B>  -Default
<B><font color = 'blue'> .</font></B>  -Default
<B><font color = 'blue'> .</font></B>  -Absent
<B><font color = 'blue'> .</font></B>  -Absent
<B><font color = 'blue'> .</font></B>  -Absent
<B><font color = 'blue'> .</font></B>  -Absent
<B><font color = 'blue'> .</font></B>  -Absent
<B><font color = 'blue'> .</font></B>  -Absent
<B><font color = 'blue'> .</font></B>  -Absent
<B><font color = 'blue'> .</font></B>  -Absent
<B><font color = 'blue'> .</font></B>  -Absent
<B><font color = 'blue'> .</font></B>  -Absent
<B><font color = 'blue'> .</font></B>  -Absent
<B><font color = 'blue'> .</font></B>  -dshcdb uidsbf 
<B><font color = 'blue'> .</font></B>  -dvbvdb@yahoo.com
<B><font color = 'blue'> .</font></B>  -435454
<B><font color = 'blue'> .</font></B>  -2022-10-20
<B><font color = 'blue'> .</font></B>  -Absent
<B><font color = 'blue'> .</font></B>  -Absent
<B><font color = 'blue'> .</font></B>  -undefined
<B><font color = 'blue'> .</font></B>  -Default
<B><font color = 'blue'> .</font></B>  -Default
<B><font color = 'blue'> .</font></B>  -Absent
<B><font color = 'blue'> .</font></B>  -Absent
<B><font color = 'blue'> .</font></B>  -Absent
<B><font color = 'blue'> .</font></B>  -Absent
<B><font color = 'blue'> .</font></B>  -Absent
<B><font color = 'blue'> .</font></B>  -Absent
<B><font color = 'blue'> .</font></B>  -Absent
<B><font color = 'blue'> .</font></B>  -Absent
<B><font color = 'blue'> .</font></B>  -Absent
<B><font color = 'blue'> .</font></B>  -Absent
<B><font color = 'blue'> .</font></B>  -Absent
<B><font color = 'blue'> .</font></B>  -try last 
<B><font color = 'blue'> .</font></B>  -try@gmail.com
<B><font color = 'blue'> .</font></B>  -1225455
<B><font color = 'blue'> .</font></B>  -2022-10-20
<B><font color = 'blue'> .</font></B>  -Absent
<B><font color = 'blue'> .</font></B>  -Absent
<B><font color = 'blue'> .</font></B>  -undefined
<B><font color = 'blue'> .</font></B>  -Default
<B><font color = 'blue'> .</font></B>  -Default
<B><font color = 'blue'> .</font></B>  -Absent
<B><font color = 'blue'> .</font></B>  -Absent
<B><font color = 'blue'> .</font></B>  -Absent
<B><font color = 'blue'> .</font></B>  -Absent
<B><font color = 'blue'> .</font></B>  -Absent
<B><font color = 'blue'> .</font></B>  -Absent
<B><font color = 'blue'> .</font></B>  -Absent
<B><font color = 'blue'> .</font></B>  -Absent
<B><font color = 'blue'> .</font></B>  -Absent
<B><font color = 'blue'> .</font></B>  -Absent
<B><font color = 'blue'> .</font></B>  -Absent
<B><font color = 'blue'> .</font></B>  -vdjvdb yusvdvbbh 
<B><font color = 'blue'> .</font></B>  -dvhbfdh@gmail.com
<B><font color = 'blue'> .</font></B>  -wq534342
<B><font color = 'blue'> .</font></B>  -2022-10-20
<B><font color = 'blue'> .</font></B>  -Absent
<B><font color = 'blue'> .</font></B>  -Absent
<B><font color = 'blue'> .</font></B>  -undefined
<B><font color = 'blue'> .</font></B>  -Default
<B><font color = 'blue'> .</font></B>  -Default
<B><font color = 'blue'> .</font></B>  -Absent
<B><font color = 'blue'> .</font></B>  -Absent
<B><font color = 'blue'> .</font></B>  -Absent
<B><font color = 'blue'> .</font></B>  -Absent
<B><font color = 'blue'> .</font></B>  -Absent
<B><font color = 'blue'> .</font></B>  -Absent
<B><font color = 'blue'> .</font></B>  -Absent
<B><font color = 'blue'> .</font></B>  -Absent
<B><font color = 'blue'> .</font></B>  -Absent
<B><font color = 'blue'> .</font></B>  -Absent
<B><font color = 'blue'> .</font></B>  -Absent
<B><font color = 'blue'> .</font></B>  -Mail Test user 
<B><font color = 'blue'> .</font></B>  -maintest@user.io
<B><font color = 'blue'> .</font></B>  -GLB-1223888
<B><font color = 'blue'> .</font></B>  -2022-10-20
<B><font color = 'blue'> .</font></B>  -Absent
<B><font color = 'blue'> .</font></B>  -Absent
<B><font color = 'blue'> .</font></B>  -undefined
<B><font color = 'blue'> .</font></B>  -Default
<B><font color = 'blue'> .</font></B>  -Default
<B><font color = 'blue'> .</font></B>  -Absent
<B><font color = 'blue'> .</font></B>  -Absent
<B><font color = 'blue'> .</font></B>  -Absent
<B><font color = 'blue'> .</font></B>  -Absent
<B><font color = 'blue'> .</font></B>  -Absent
<B><font color = 'blue'> .</font></B>  -Absent
<B><font color = 'blue'> .</font></B>  -Absent
<B><font color = 'blue'> .</font></B>  -Absent
<B><font color = 'blue'> .</font></B>  -Absent
<B><font color = 'blue'> .</font></B>  -Absent
<B><font color = 'blue'> .</font></B>  -Absent
<B><font color = 'blue'> .</font></B>  -Update Check 
<B><font color = 'blue'> .</font></B>  -updates@gmail.com
<B><font color = 'blue'> .</font></B>  -emp543
<B><font color = 'blue'> .</font></B>  -2022-10-20
<B><font color = 'blue'> .</font></B>  -Absent
<B><font color = 'blue'> .</font></B>  -Absent
<B><font color = 'blue'> .</font></B>  -undefined
<B><font color = 'blue'> .</font></B>  -Default
<B><font color = 'blue'> .</font></B>  -Default
<B><font color = 'blue'> .</font></B>  -Absent
<B><font color = 'blue'> .</font></B>  -Absent
<B><font color = 'blue'> .</font></B>  -Absent
<B><font color = 'blue'> .</font></B>  -Absent
<B><font color = 'blue'> .</font></B>  -Absent
<B><font color = 'blue'> .</font></B>  -Absent
<B><font color = 'blue'> .</font></B>  -Absent
<B><font color = 'blue'> .</font></B>  -Absent
<B><font color = 'blue'> .</font></B>  -Absent
<B><font color = 'blue'> .</font></B>  -Absent
<B><font color = 'blue'> .</font></B>  -Absent
<B><font color = 'blue'> .</font></B>  -test manager 
<B><font color = 'blue'> .</font></B>  -manageremp@gmail.com
<B><font color = 'blue'> .</font></B>  -glb020
<B><font color = 'blue'> .</font></B>  -2022-10-20
<B><font color = 'blue'> .</font></B>  -Absent
<B><font color = 'blue'> .</font></B>  -Absent
<B><font color = 'blue'> .</font></B>  -undefined
<B><font color = 'blue'> .</font></B>  -Default
<B><font color = 'blue'> .</font></B>  -Default
<B><font color = 'blue'> .</font></B>  -Absent
<B><font color = 'blue'> .</font></B>  -Absent
<B><font color = 'blue'> .</font></B>  -Absent
<B><font color = 'blue'> .</font></B>  -Absent
<B><font color = 'blue'> .</font></B>  -Absent
<B><font color = 'blue'> .</font></B>  -Absent
<B><font color = 'blue'> .</font></B>  -Absent
<B><font color = 'blue'> .</font></B>  -Absent
<B><font color = 'blue'> .</font></B>  -Absent
<B><font color = 'blue'> .</font></B>  -Absent
<B><font color = 'blue'> .</font></B>  -Absent
<B><font color = 'blue'> .</font></B>  -DESKTOP-PJJHB19 - GLB-BLR-002OjUpRD2 
<B><font color = 'blue'> .</font></B>  --
<B><font color = 'blue'> .</font></B>  -GLB-BLR-002OjUpRD2
<B><font color = 'blue'> .</font></B>  -2022-10-20
<B><font color = 'blue'> .</font></B>  -Absent
<B><font color = 'blue'> .</font></B>  -Absent
<B><font color = 'blue'> .</font></B>  -undefined
<B><font color = 'blue'> .</font></B>  -Default
<B><font color = 'blue'> .</font></B>  -Default
<B><font color = 'blue'> .</font></B>  -Absent
<B><font color = 'blue'> .</font></B>  -Absent
<B><font color = 'blue'> .</font></B>  -Absent
<B><font color = 'blue'> .</font></B>  -Absent
<B><font color = 'blue'> .</font></B>  -Absent
<B><font color = 'blue'> .</font></B>  -Absent
<B><font color = 'blue'> .</font></B>  -Absent
<B><font color = 'blue'> .</font></B>  -Absent
<B><font color = 'blue'> .</font></B>  -Absent
<B><font color = 'blue'> .</font></B>  -Absent
<B><font color = 'blue'> .</font></B>  -Absent
<B><font color = 'blue'> .</font></B>  -Usb Test 
<B><font color = 'blue'> .</font></B>  -usbtest123@gmail.com
<B><font color = 'blue'> .</font></B>  -emp0097
<B><font color = 'blue'> .</font></B>  -2022-10-20
<B><font color = 'blue'> .</font></B>  -Absent
<B><font color = 'blue'> .</font></B>  -Absent
<B><font color = 'blue'> .</font></B>  -undefined
<B><font color = 'blue'> .</font></B>  -Default
<B><font color = 'blue'> .</font></B>  -Default
<B><font color = 'blue'> .</font></B>  -Absent
<B><font color = 'blue'> .</font></B>  -Absent
<B><font color = 'blue'> .</font></B>  -Absent
<B><font color = 'blue'> .</font></B>  -Absent
<B><font color = 'blue'> .</font></B>  -Absent
<B><font color = 'blue'> .</font></B>  -Absent
<B><font color = 'blue'> .</font></B>  -Absent
<B><font color = 'blue'> .</font></B>  -Absent
<B><font color = 'blue'> .</font></B>  -Absent
<B><font color = 'blue'> .</font></B>  -Absent
<B><font color = 'blue'> .</font></B>  -Absent
<B><font color = 'blue'> .</font></B>  -SS Keystrokes 
<B><font color = 'blue'> .</font></B>  -sskey@gmail.com
<B><font color = 'blue'> .</font></B>  -emp98y
<B><font color = 'blue'> .</font></B>  -2022-10-20
<B><font color = 'blue'> .</font></B>  -Absent
<B><font color = 'blue'> .</font></B>  -Absent
<B><font color = 'blue'> .</font></B>  -undefined
<B><font color = 'blue'> .</font></B>  -Default
<B><font color = 'blue'> .</font></B>  -Default
<B><font color = 'blue'> .</font></B>  -Absent
<B><font color = 'blue'> .</font></B>  -Absent
<B><font color = 'blue'> .</font></B>  -Absent
<B><font color = 'blue'> .</font></B>  -Absent
<B><font color = 'blue'> .</font></B>  -Absent
<B><font color = 'blue'> .</font></B>  -Absent
<B><font color = 'blue'> .</font></B>  -Absent
<B><font color = 'blue'> .</font></B>  -Absent
<B><font color = 'blue'> .</font></B>  -Absent
<B><font color = 'blue'> .</font></B>  -Absent
<B><font color = 'blue'> .</font></B>  -Absent
<B><font color = 'blue'> .</font></B>  -shivammmmmmmmmmmmmmmmmmmm Kumar 
<B><font color = 'blue'> .</font></B>  -kgfyash545@gmail.com
<B><font color = 'blue'> .</font></B>  -hsakhdjk414
<B><font color = 'blue'> .</font></B>  -2022-10-20
<B><font color = 'blue'> .</font></B>  -Absent
<B><font color = 'blue'> .</font></B>  -Absent
<B><font color = 'blue'> .</font></B>  -undefined
<B><font color = 'blue'> .</font></B>  -Default
<B><font color = 'blue'> .</font></B>  -Default
<B><font color = 'blue'> .</font></B>  -Absent
<B><font color = 'blue'> .</font></B>  -Absent
<B><font color = 'blue'> .</font></B>  -Absent
<B><font color = 'blue'> .</font></B>  -Absent
<B><font color = 'blue'> .</font></B>  -Absent
<B><font color = 'blue'> .</font></B>  -Absent
<B><font color = 'blue'> .</font></B>  -Absent
<B><font color = 'blue'> .</font></B>  -Absent
<B><font color = 'blue'> .</font></B>  -Absent
<B><font color = 'blue'> .</font></B>  -Absent
<B><font color = 'blue'> .</font></B>  -Absent
<B><font color = 'blue'> .</font></B>  -Abhishek Four tf test 
<B><font color = 'blue'> .</font></B>  -abhishekfourtf@mail.com
<B><font color = 'blue'> .</font></B>  -HLIKSJ98
<B><font color = 'blue'> .</font></B>  -2022-10-20
<B><font color = 'blue'> .</font></B>  -Absent
<B><font color = 'blue'> .</font></B>  -Absent
<B><font color = 'blue'> .</font></B>  -undefined
<B><font color = 'blue'> .</font></B>  -Default
<B><font color = 'blue'> .</font></B>  -Default
<B><font color = 'blue'> .</font></B>  -Absent
<B><font color = 'blue'> .</font></B>  -Absent
<B><font color = 'blue'> .</font></B>  -Absent
<B><font color = 'blue'> .</font></B>  -Absent
<B><font color = 'blue'> .</font></B>  -Absent
<B><font color = 'blue'> .</font></B>  -Absent
<B><font color = 'blue'> .</font></B>  -Absent
<B><font color = 'blue'> .</font></B>  -Absent
<B><font color = 'blue'> .</font></B>  -Absent
<B><font color = 'blue'> .</font></B>  -Absent
<B><font color = 'blue'> .</font></B>  -Absent
<B><font color = 'blue'> .</font></B>  -new dev user 
<B><font color = 'blue'> .</font></B>  -new@dev.user
<B><font color = 'blue'> .</font></B>  -fdfsfsd
<B><font color = 'blue'> .</font></B>  -2022-10-20
<B><font color = 'blue'> .</font></B>  -Absent
<B><font color = 'blue'> .</font></B>  -Absent
<B><font color = 'blue'> .</font></B>  -undefined
<B><font color = 'blue'> .</font></B>  -Default
<B><font color = 'blue'> .</font></B>  -Default
<B><font color = 'blue'> .</font></B>  -Absent
<B><font color = 'blue'> .</font></B>  -Absent
<B><font color = 'blue'> .</font></B>  -Absent
<B><font color = 'blue'> .</font></B>  -Absent
<B><font color = 'blue'> .</font></B>  -Absent
<B><font color = 'blue'> .</font></B>  -Absent
<B><font color = 'blue'> .</font></B>  -Absent
<B><font color = 'blue'> .</font></B>  -Absent
<B><font color = 'blue'> .</font></B>  -Absent
<B><font color = 'blue'> .</font></B>  -Absent
<B><font color = 'blue'> .</font></B>  -Absent
<B><font color = 'blue'> .</font></B>  -aaaaaaaaaa aaaaaaaaa 
<B><font color = 'blue'> .</font></B>  -mmmm@gmail.com
<B><font color = 'blue'> .</font></B>  -80765s
<B><font color = 'blue'> .</font></B>  -2022-10-20
<B><font color = 'blue'> .</font></B>  -Absent
<B><font color = 'blue'> .</font></B>  -Absent
<B><font color = 'blue'> .</font></B>  -undefined
<B><font color = 'blue'> .</font></B>  -Bangalore
<B><font color = 'blue'> .</font></B>  -Testing
<B><font color = 'blue'> .</font></B>  -Absent
<B><font color = 'blue'> .</font></B>  -Absent
<B><font color = 'blue'> .</font></B>  -Absent
<B><font color = 'blue'> .</font></B>  -Absent
<B><font color = 'blue'> .</font></B>  -Absent
<B><font color = 'blue'> .</font></B>  -Absent
<B><font color = 'blue'> .</font></B>  -Absent
<B><font color = 'blue'> .</font></B>  -Absent
<B><font color = 'blue'> .</font></B>  -Absent
<B><font color = 'blue'> .</font></B>  -Absent
<B><font color = 'blue'> .</font></B>  -Absent
<B><font color = 'blue'> .</font></B>  -Test msc 
<B><font color = 'blue'> .</font></B>  -test123@gmail.com
<B><font color = 'blue'> .</font></B>  -12254
<B><font color = 'blue'> .</font></B>  -2022-10-20
<B><font color = 'blue'> .</font></B>  -Absent
<B><font color = 'blue'> .</font></B>  -Absent
<B><font color = 'blue'> .</font></B>  -undefined
<B><font color = 'blue'> .</font></B>  -Bangalore
<B><font color = 'blue'> .</font></B>  -Testing
<B><font color = 'blue'> .</font></B>  -Absent
<B><font color = 'blue'> .</font></B>  -Absent
<B><font color = 'blue'> .</font></B>  -Absent
<B><font color = 'blue'> .</font></B>  -Absent
<B><font color = 'blue'> .</font></B>  -Absent
<B><font color = 'blue'> .</font></B>  -Absent
<B><font color = 'blue'> .</font></B>  -Absent
<B><font color = 'blue'> .</font></B>  -Absent
<B><font color = 'blue'> .</font></B>  -Absent
<B><font color = 'blue'> .</font></B>  -Absent
<B><font color = 'blue'> .</font></B>  -Absent
<B><font color = 'blue'> .</font></B>  -deffdfds vscsc 
<B><font color = 'blue'> .</font></B>  -cscsdw123@gmail.com
<B><font color = 'blue'> .</font></B>  -1234512
<B><font color = 'blue'> .</font></B>  -2022-10-20
<B><font color = 'blue'> .</font></B>  -Absent
<B><font color = 'blue'> .</font></B>  -Absent
<B><font color = 'blue'> .</font></B>  -undefined
<B><font color = 'blue'> .</font></B>  -Bangalore
<B><font color = 'blue'> .</font></B>  -Testing
<B><font color = 'blue'> .</font></B>  -Absent
<B><font color = 'blue'> .</font></B>  -Absent
<B><font color = 'blue'> .</font></B>  -Absent
<B><font color = 'blue'> .</font></B>  -Absent
<B><font color = 'blue'> .</font></B>  -Absent
<B><font color = 'blue'> .</font></B>  -Absent
<B><font color = 'blue'> .</font></B>  -Absent
<B><font color = 'blue'> .</font></B>  -Absent
<B><font color = 'blue'> .</font></B>  -Absent
<B><font color = 'blue'> .</font></B>  -Absent
<B><font color = 'blue'> .</font></B>  -Absent
<B><font color = 'blue'> .</font></B>  -test testtt 
<B><font color = 'blue'> .</font></B>  -abcd@gmail.com
<B><font color = 'blue'> .</font></B>  -GLB55
<B><font color = 'blue'> .</font></B>  -2022-10-20
<B><font color = 'blue'> .</font></B>  -Absent
<B><font color = 'blue'> .</font></B>  -Absent
<B><font color = 'blue'> .</font></B>  -undefined
<B><font color = 'blue'> .</font></B>  -Bangalore
<B><font color = 'blue'> .</font></B>  -Testing
<B><font color = 'blue'> .</font></B>  -Absent
<B><font color = 'blue'> .</font></B>  -Absent
<B><font color = 'blue'> .</font></B>  -Absent
<B><font color = 'blue'> .</font></B>  -Absent
<B><font color = 'blue'> .</font></B>  -Absent
<B><font color = 'blue'> .</font></B>  -Absent
<B><font color = 'blue'> .</font></B>  -Absent
<B><font color = 'blue'> .</font></B>  -Absent
<B><font color = 'blue'> .</font></B>  -Absent
<B><font color = 'blue'> .</font></B>  -Absent
<B><font color = 'blue'> .</font></B>  -Absent
<B><font color = 'blue'> .</font></B>  -Abhishe tt 
<B><font color = 'blue'> .</font></B>  -ab@ab.com
<B><font color = 'blue'> .</font></B>  -GKD567
<B><font color = 'blue'> .</font></B>  -2022-10-20
<B><font color = 'blue'> .</font></B>  -Absent
<B><font color = 'blue'> .</font></B>  -Absent
<B><font color = 'blue'> .</font></B>  -undefined
<B><font color = 'blue'> .</font></B>  -Bangalore
<B><font color = 'blue'> .</font></B>  -Testing
<B><font color = 'blue'> .</font></B>  -Absent
<B><font color = 'blue'> .</font></B>  -Absent
<B><font color = 'blue'> .</font></B>  -Absent
<B><font color = 'blue'> .</font></B>  -Absent
<B><font color = 'blue'> .</font></B>  -Absent
<B><font color = 'blue'> .</font></B>  -Absent
<B><font color = 'blue'> .</font></B>  -Absent
<B><font color = 'blue'> .</font></B>  -Absent
<B><font color = 'blue'> .</font></B>  -Absent
<B><font color = 'blue'> .</font></B>  -Absent
<B><font color = 'blue'> .</font></B>  -Absent
<B><font color = 'blue'> .</font></B>  -test nonadmin 
<B><font color = 'blue'> .</font></B>  -testnonadmin@gmail.com
<B><font color = 'blue'> .</font></B>  -GLB026
<B><font color = 'blue'> .</font></B>  -2022-10-20
<B><font color = 'blue'> .</font></B>  -Absent
<B><font color = 'blue'> .</font></B>  -Absent
<B><font color = 'blue'> .</font></B>  -undefined
<B><font color = 'blue'> .</font></B>  -Bangalore
<B><font color = 'blue'> .</font></B>  -Php
<B><font color = 'blue'> .</font></B>  -Absent
<B><font color = 'blue'> .</font></B>  -Absent
<B><font color = 'blue'> .</font></B>  -Absent
<B><font color = 'blue'> .</font></B>  -Absent
<B><font color = 'blue'> .</font></B>  -Absent
<B><font color = 'blue'> .</font></B>  -Absent
<B><font color = 'blue'> .</font></B>  -Absent
<B><font color = 'blue'> .</font></B>  -Absent
<B><font color = 'blue'> .</font></B>  -Absent
<B><font color = 'blue'> .</font></B>  -Absent
<B><font color = 'blue'> .</font></B>  -Absent
<B><font color = 'blue'> .</font></B>  -adg ckj 
<B><font color = 'blue'> .</font></B>  -adcs@1234
<B><font color = 'blue'> .</font></B>  -583
<B><font color = 'blue'> .</font></B>  -2022-10-20
<B><font color = 'blue'> .</font></B>  -Absent
<B><font color = 'blue'> .</font></B>  -Absent
<B><font color = 'blue'> .</font></B>  -undefined
<B><font color = 'blue'> .</font></B>  -Bangalore
<B><font color = 'blue'> .</font></B>  -Testing
<B><font color = 'blue'> .</font></B>  -Absent
<B><font color = 'blue'> .</font></B>  -Absent
<B><font color = 'blue'> .</font></B>  -Absent
<B><font color = 'blue'> .</font></B>  -Absent
<B><font color = 'blue'> .</font></B>  -Absent
<B><font color = 'blue'> .</font></B>  -Absent
<B><font color = 'blue'> .</font></B>  -Absent
<B><font color = 'blue'> .</font></B>  -Absent
<B><font color = 'blue'> .</font></B>  -Absent
<B><font color = 'blue'> .</font></B>  -Absent
<B><font color = 'blue'> .</font></B>  -Absent
<B><font color = 'blue'> .</font></B>  -dominic toretto 
<B><font color = 'blue'> .</font></B>  -dom.toretto737@gmail.com
<B><font color = 'blue'> .</font></B>  -EMP011
<B><font color = 'blue'> .</font></B>  -2022-10-20
<B><font color = 'blue'> .</font></B>  -Absent
<B><font color = 'blue'> .</font></B>  -Absent
<B><font color = 'blue'> .</font></B>  -undefined
<B><font color = 'blue'> .</font></B>  -Bangalore
<B><font color = 'blue'> .</font></B>  -Testing
<B><font color = 'blue'> .</font></B>  -Absent
<B><font color = 'blue'> .</font></B>  -Absent
<B><font color = 'blue'> .</font></B>  -Absent
<B><font color = 'blue'> .</font></B>  -Absent
<B><font color = 'blue'> .</font></B>  -Absent
<B><font color = 'blue'> .</font></B>  -Absent
<B><font color = 'blue'> .</font></B>  -Absent
<B><font color = 'blue'> .</font></B>  -Absent
<B><font color = 'blue'> .</font></B>  -Absent
<B><font color = 'blue'> .</font></B>  -Absent
<B><font color = 'blue'> .</font></B>  -Absent
<B><font color = 'blue'> .</font></B>  -Abhishek Test 
<B><font color = 'blue'> .</font></B>  -abhishektrest@glb.in
<B><font color = 'blue'> .</font></B>  -rN7tvEiDPGNi4fD
<B><font color = 'blue'> .</font></B>  -2022-10-20
<B><font color = 'blue'> .</font></B>  -Absent
<B><font color = 'blue'> .</font></B>  -Absent
<B><font color = 'blue'> .</font></B>  -undefined
<B><font color = 'blue'> .</font></B>  -Bangalore
<B><font color = 'blue'> .</font></B>  -Php
<B><font color = 'blue'> .</font></B>  -Absent
<B><font color = 'blue'> .</font></B>  -Absent
<B><font color = 'blue'> .</font></B>  -Absent
<B><font color = 'blue'> .</font></B>  -Absent
<B><font color = 'blue'> .</font></B>  -Absent
<B><font color = 'blue'> .</font></B>  -Absent
<B><font color = 'blue'> .</font></B>  -Absent
<B><font color = 'blue'> .</font></B>  -Absent
<B><font color = 'blue'> .</font></B>  -Absent
<B><font color = 'blue'> .</font></B>  -Absent
<B><font color = 'blue'> .</font></B>  -Absent
<B><font color = 'blue'> .</font></B>  -Superior Test one 
<B><font color = 'blue'> .</font></B>  -superiorone@gmail.com
<B><font color = 'blue'> .</font></B>  -twoqw
<B><font color = 'blue'> .</font></B>  -2022-10-20
<B><font color = 'blue'> .</font></B>  -Absent
<B><font color = 'blue'> .</font></B>  -Absent
<B><font color = 'blue'> .</font></B>  -undefined
<B><font color = 'blue'> .</font></B>  -Bangalore
<B><font color = 'blue'> .</font></B>  -Testing
<B><font color = 'blue'> .</font></B>  -Absent
<B><font color = 'blue'> .</font></B>  -Absent
<B><font color = 'blue'> .</font></B>  -Absent
<B><font color = 'blue'> .</font></B>  -Absent
<B><font color = 'blue'> .</font></B>  -Absent
<B><font color = 'blue'> .</font></B>  -Absent
<B><font color = 'blue'> .</font></B>  -Absent
<B><font color = 'blue'> .</font></B>  -Absent
<B><font color = 'blue'> .</font></B>  -Absent
<B><font color = 'blue'> .</font></B>  -Absent
<B><font color = 'blue'> .</font></B>  -Absent
<B><font color = 'blue'> .</font></B>  -test testw 
<B><font color = 'blue'> .</font></B>  -test@mac.in
<B><font color = 'blue'> .</font></B>  -aaf123
<B><font color = 'blue'> .</font></B>  -2022-10-20
<B><font color = 'blue'> .</font></B>  -Absent
<B><font color = 'blue'> .</font></B>  -Absent
<B><font color = 'blue'> .</font></B>  -undefined
<B><font color = 'blue'> .</font></B>  -Bangalore
<B><font color = 'blue'> .</font></B>  -Php
<B><font color = 'blue'> .</font></B>  -Absent
<B><font color = 'blue'> .</font></B>  -Absent
<B><font color = 'blue'> .</font></B>  -Absent
<B><font color = 'blue'> .</font></B>  -Absent
<B><font color = 'blue'> .</font></B>  -Absent
<B><font color = 'blue'> .</font></B>  -Absent
<B><font color = 'blue'> .</font></B>  -Absent
<B><font color = 'blue'> .</font></B>  -Absent
<B><font color = 'blue'> .</font></B>  -Absent
<B><font color = 'blue'> .</font></B>  -Absent
<B><font color = 'blue'> .</font></B>  -Absent
<B><font color = 'blue'> .</font></B>  -sam eer 
<B><font color = 'blue'> .</font></B>  -sam@rf.in
<B><font color = 'blue'> .</font></B>  -WSAERT2Q34E
<B><font color = 'blue'> .</font></B>  -2022-10-20
<B><font color = 'blue'> .</font></B>  -Absent
<B><font color = 'blue'> .</font></B>  -Absent
<B><font color = 'blue'> .</font></B>  -undefined
<B><font color = 'blue'> .</font></B>  -Bangalore
<B><font color = 'blue'> .</font></B>  -Testing
<B><font color = 'blue'> .</font></B>  -Absent
<B><font color = 'blue'> .</font></B>  -Absent
<B><font color = 'blue'> .</font></B>  -Absent
<B><font color = 'blue'> .</font></B>  -Absent
<B><font color = 'blue'> .</font></B>  -Absent
<B><font color = 'blue'> .</font></B>  -Absent
<B><font color = 'blue'> .</font></B>  -Absent
<B><font color = 'blue'> .</font></B>  -Absent
<B><font color = 'blue'> .</font></B>  -Absent
<B><font color = 'blue'> .</font></B>  -Absent
<B><font color = 'blue'> .</font></B>  -Absent
<B><font color = 'blue'> .</font></B>  -Test test 
<B><font color = 'blue'> .</font></B>  -sarikajain@gmail.com
<B><font color = 'blue'> .</font></B>  -E-101
<B><font color = 'blue'> .</font></B>  -2022-10-20
<B><font color = 'blue'> .</font></B>  -Absent
<B><font color = 'blue'> .</font></B>  -Absent
<B><font color = 'blue'> .</font></B>  -undefined
<B><font color = 'blue'> .</font></B>  -Bangalore
<B><font color = 'blue'> .</font></B>  -Testing
<B><font color = 'blue'> .</font></B>  -Absent
<B><font color = 'blue'> .</font></B>  -Absent
<B><font color = 'blue'> .</font></B>  -Absent
<B><font color = 'blue'> .</font></B>  -Absent
<B><font color = 'blue'> .</font></B>  -Absent
<B><font color = 'blue'> .</font></B>  -Absent
<B><font color = 'blue'> .</font></B>  -Absent
<B><font color = 'blue'> .</font></B>  -Absent
<B><font color = 'blue'> .</font></B>  -Absent
<B><font color = 'blue'> .</font></B>  -Absent
<B><font color = 'blue'> .</font></B>  -Absent
<B><font color = 'blue'> .</font></B>  -sithu kalluru 
<B><font color = 'blue'> .</font></B>  -sitaramireddy@globussoft.in
<B><font color = 'blue'> .</font></B>  -code12
<B><font color = 'blue'> .</font></B>  -2022-10-20
<B><font color = 'blue'> .</font></B>  -Absent
<B><font color = 'blue'> .</font></B>  -Absent
<B><font color = 'blue'> .</font></B>  -undefined
<B><font color = 'blue'> .</font></B>  -Bangalore
<B><font color = 'blue'> .</font></B>  -Testing
<B><font color = 'blue'> .</font></B>  -Absent
<B><font color = 'blue'> .</font></B>  -Absent
<B><font color = 'blue'> .</font></B>  -Absent
<B><font color = 'blue'> .</font></B>  -Absent
<B><font color = 'blue'> .</font></B>  -Absent
<B><font color = 'blue'> .</font></B>  -Absent
<B><font color = 'blue'> .</font></B>  -Absent
<B><font color = 'blue'> .</font></B>  -Absent
<B><font color = 'blue'> .</font></B>  -Absent
<B><font color = 'blue'> .</font></B>  -Absent
<B><font color = 'blue'> .</font></B>  -Absent
<B><font color = 'blue'> .</font></B>  -test123 abcd 
<B><font color = 'blue'> .</font></B>  -s@gmail.com
<B><font color = 'blue'> .</font></B>  -code123z
<B><font color = 'blue'> .</font></B>  -2022-10-20
<B><font color = 'blue'> .</font></B>  -Absent
<B><font color = 'blue'> .</font></B>  -Absent
<B><font color = 'blue'> .</font></B>  -undefined
<B><font color = 'blue'> .</font></B>  -Bangalore
<B><font color = 'blue'> .</font></B>  -Testing
<B><font color = 'blue'> .</font></B>  -Absent
<B><font color = 'blue'> .</font></B>  -Absent
<B><font color = 'blue'> .</font></B>  -Absent
<B><font color = 'blue'> .</font></B>  -Absent
<B><font color = 'blue'> .</font></B>  -Absent
<B><font color = 'blue'> .</font></B>  -Absent
<B><font color = 'blue'> .</font></B>  -Absent
<B><font color = 'blue'> .</font></B>  -Absent
<B><font color = 'blue'> .</font></B>  -Absent
<B><font color = 'blue'> .</font></B>  -Absent
<B><font color = 'blue'> .</font></B>  -Absent
<B><font color = 'blue'> .</font></B>  -testing test 
<B><font color = 'blue'> .</font></B>  -aarshajoyson1601@gmail.com
<B><font color = 'blue'> .</font></B>  -glb0008
<B><font color = 'blue'> .</font></B>  -2022-10-20
<B><font color = 'blue'> .</font></B>  -Absent
<B><font color = 'blue'> .</font></B>  -Absent
<B><font color = 'blue'> .</font></B>  -undefined
<B><font color = 'blue'> .</font></B>  -Bangalore
<B><font color = 'blue'> .</font></B>  -Php
<B><font color = 'blue'> .</font></B>  -Absent
<B><font color = 'blue'> .</font></B>  -Absent
<B><font color = 'blue'> .</font></B>  -Absent
<B><font color = 'blue'> .</font></B>  -Absent
<B><font color = 'blue'> .</font></B>  -Absent
<B><font color = 'blue'> .</font></B>  -Absent
<B><font color = 'blue'> .</font></B>  -Absent
<B><font color = 'blue'> .</font></B>  -Absent
<B><font color = 'blue'> .</font></B>  -Absent
<B><font color = 'blue'> .</font></B>  -Absent
<B><font color = 'blue'> .</font></B>  -Absent
<B><font color = 'blue'> .</font></B>  -Automation CodeeeAuto 
<B><font color = 'blue'> .</font></B>  -skabcdef7@gmail.com
<B><font color = 'blue'> .</font></B>  -Emp-Abzcde-1234522
<B><font color = 'blue'> .</font></B>  -2022-10-20
<B><font color = 'blue'> .</font></B>  -Absent
<B><font color = 'blue'> .</font></B>  -Absent
<B><font color = 'blue'> .</font></B>  -undefined
<B><font color = 'blue'> .</font></B>  -Bangalore
<B><font color = 'blue'> .</font></B>  -Testing
<B><font color = 'blue'> .</font></B>  -Absent
<B><font color = 'blue'> .</font></B>  -Absent
<B><font color = 'blue'> .</font></B>  -Absent
<B><font color = 'blue'> .</font></B>  -Absent
<B><font color = 'blue'> .</font></B>  -Absent
<B><font color = 'blue'> .</font></B>  -Absent
<B><font color = 'blue'> .</font></B>  -Absent
<B><font color = 'blue'> .</font></B>  -Absent
<B><font color = 'blue'> .</font></B>  -Absent
<B><font color = 'blue'> .</font></B>  -Absent
<B><font color = 'blue'> .</font></B>  -Absent
<B><font color = 'blue'> .</font></B>  -piyush dfgsfg 
<B><font color = 'blue'> .</font></B>  -jos@gmail.com
<B><font color = 'blue'> .</font></B>  -sdgff
<B><font color = 'blue'> .</font></B>  -2022-10-20
<B><font color = 'blue'> .</font></B>  -Absent
<B><font color = 'blue'> .</font></B>  -Absent
<B><font color = 'blue'> .</font></B>  -undefined
<B><font color = 'blue'> .</font></B>  -Bangalore
<B><font color = 'blue'> .</font></B>  -Testing
<B><font color = 'blue'> .</font></B>  -Absent
<B><font color = 'blue'> .</font></B>  -Absent
<B><font color = 'blue'> .</font></B>  -Absent
<B><font color = 'blue'> .</font></B>  -Absent
<B><font color = 'blue'> .</font></B>  -Absent
<B><font color = 'blue'> .</font></B>  -Absent
<B><font color = 'blue'> .</font></B>  -Absent
<B><font color = 'blue'> .</font></B>  -Absent
<B><font color = 'blue'> .</font></B>  -Absent
<B><font color = 'blue'> .</font></B>  -Absent
<B><font color = 'blue'> .</font></B>  -Absent
<B><font color = 'blue'> .</font></B>  -Aryan raj 
<B><font color = 'blue'> .</font></B>  -alex@gmail.com
<B><font color = 'blue'> .</font></B>  -126
<B><font color = 'blue'> .</font></B>  -2022-10-20
<B><font color = 'blue'> .</font></B>  -Absent
<B><font color = 'blue'> .</font></B>  -Absent
<B><font color = 'blue'> .</font></B>  -undefined
<B><font color = 'blue'> .</font></B>  -Bangalore
<B><font color = 'blue'> .</font></B>  -Testing
<B><font color = 'blue'> .</font></B>  -Absent
<B><font color = 'blue'> .</font></B>  -Absent
<B><font color = 'blue'> .</font></B>  -Absent
<B><font color = 'blue'> .</font></B>  -Absent
<B><font color = 'blue'> .</font></B>  -Absent
<B><font color = 'blue'> .</font></B>  -Absent
<B><font color = 'blue'> .</font></B>  -Absent
<B><font color = 'blue'> .</font></B>  -Absent
<B><font color = 'blue'> .</font></B>  -Absent
<B><font color = 'blue'> .</font></B>  -Absent
<B><font color = 'blue'> .</font></B>  -Absent
<B><font color = 'blue'> .</font></B>  -Automation CodeeeAuto 
<B><font color = 'blue'> .</font></B>  -skabcdef38@gmail.com
<B><font color = 'blue'> .</font></B>  -Emp-Abzcde-123457
<B><font color = 'blue'> .</font></B>  -2022-10-20
<B><font color = 'blue'> .</font></B>  -Absent
<B><font color = 'blue'> .</font></B>  -Absent
<B><font color = 'blue'> .</font></B>  -undefined
<B><font color = 'blue'> .</font></B>  -Bangalore
<B><font color = 'blue'> .</font></B>  -Testing
<B><font color = 'blue'> .</font></B>  -Absent
<B><font color = 'blue'> .</font></B>  -Absent
<B><font color = 'blue'> .</font></B>  -Absent
<B><font color = 'blue'> .</font></B>  -Absent
<B><font color = 'blue'> .</font></B>  -Absent
<B><font color = 'blue'> .</font></B>  -Absent
<B><font color = 'blue'> .</font></B>  -Absent
<B><font color = 'blue'> .</font></B>  -Absent
<B><font color = 'blue'> .</font></B>  -Absent
<B><font color = 'blue'> .</font></B>  -Absent
<B><font color = 'blue'> .</font></B>  -Absent
<B><font color = 'blue'> .</font></B>  -Automation CodeeeAuto 
<B><font color = 'blue'> .</font></B>  -skabcdef33@gmail.com
<B><font color = 'blue'> .</font></B>  -Emp-Abzcde-1234557
<B><font color = 'blue'> .</font></B>  -2022-10-20
<B><font color = 'blue'> .</font></B>  -Absent
<B><font color = 'blue'> .</font></B>  -Absent
<B><font color = 'blue'> .</font></B>  -undefined
<B><font color = 'blue'> .</font></B>  -Bangalore
<B><font color = 'blue'> .</font></B>  -Testing
<B><font color = 'blue'> .</font></B>  -Absent
<B><font color = 'blue'> .</font></B>  -Absent
<B><font color = 'blue'> .</font></B>  -Absent
<B><font color = 'blue'> .</font></B>  -Absent
<B><font color = 'blue'> .</font></B>  -Absent
<B><font color = 'blue'> .</font></B>  -Absent
<B><font color = 'blue'> .</font></B>  -Absent
<B><font color = 'blue'> .</font></B>  -Absent
<B><font color = 'blue'> .</font></B>  -Absent
<B><font color = 'blue'> .</font></B>  -Absent
<B><font color = 'blue'> .</font></B>  -Absent
<B><font color = 'blue'> .</font></B>  -D Surya Prabhakar 
<B><font color = 'blue'> .</font></B>  -surya1@gmail.com
<B><font color = 'blue'> .</font></B>  -EM010
<B><font color = 'blue'> .</font></B>  -2022-10-20
<B><font color = 'blue'> .</font></B>  -Absent
<B><font color = 'blue'> .</font></B>  -Absent
<B><font color = 'blue'> .</font></B>  -undefined
<B><font color = 'blue'> .</font></B>  -bengaluru
<B><font color = 'blue'> .</font></B>  -Testing
<B><font color = 'blue'> .</font></B>  -Absent
<B><font color = 'blue'> .</font></B>  -Absent
<B><font color = 'blue'> .</font></B>  -Absent
<B><font color = 'blue'> .</font></B>  -Absent
<B><font color = 'blue'> .</font></B>  -Absent
<B><font color = 'blue'> .</font></B>  -Absent
<B><font color = 'blue'> .</font></B>  -Absent
<B><font color = 'blue'> .</font></B>  -Absent
<B><font color = 'blue'> .</font></B>  -Absent
<B><font color = 'blue'> .</font></B>  -Absent
<B><font color = 'blue'> .</font></B>  -Absent
<B><font color = 'blue'> .</font></B>  -R o       hit Sharma 
<B><font color = 'blue'> .</font></B>  -rahulrajt5613928@gmail.com
<B><font color = 'blue'> .</font></B>  -67645
<B><font color = 'blue'> .</font></B>  -2022-10-20
<B><font color = 'blue'> .</font></B>  -Absent
<B><font color = 'blue'> .</font></B>  -Absent
<B><font color = 'blue'> .</font></B>  -undefined
<B><font color = 'blue'> .</font></B>  -bengaluru
<B><font color = 'blue'> .</font></B>  -Testing
<B><font color = 'blue'> .</font></B>  -Absent
<B><font color = 'blue'> .</font></B>  -Absent
<B><font color = 'blue'> .</font></B>  -Absent
<B><font color = 'blue'> .</font></B>  -Absent
<B><font color = 'blue'> .</font></B>  -Absent
<B><font color = 'blue'> .</font></B>  -Absent
<B><font color = 'blue'> .</font></B>  -Absent
<B><font color = 'blue'> .</font></B>  -Absent
<B><font color = 'blue'> .</font></B>  -Absent
<B><font color = 'blue'> .</font></B>  -Absent
<B><font color = 'blue'> .</font></B>  -Absent
<B><font color = 'blue'> .</font></B>  -ni test 
<B><font color = 'blue'> .</font></B>  -nitest12@gmail.com
<B><font color = 'blue'> .</font></B>  -GLB678
<B><font color = 'blue'> .</font></B>  -2022-10-20
<B><font color = 'blue'> .</font></B>  -Absent
<B><font color = 'blue'> .</font></B>  -Absent
<B><font color = 'blue'> .</font></B>  -undefined
<B><font color = 'blue'> .</font></B>  -bengaluru
<B><font color = 'blue'> .</font></B>  -Testing
<B><font color = 'blue'> .</font></B>  -Absent
<B><font color = 'blue'> .</font></B>  -Absent
<B><font color = 'blue'> .</font></B>  -Absent
<B><font color = 'blue'> .</font></B>  -Absent
<B><font color = 'blue'> .</font></B>  -Absent
<B><font color = 'blue'> .</font></B>  -Absent
<B><font color = 'blue'> .</font></B>  -Absent
<B><font color = 'blue'> .</font></B>  -Absent
<B><font color = 'blue'> .</font></B>  -Absent
<B><font color = 'blue'> .</font></B>  -Absent
<B><font color = 'blue'> .</font></B>  -Absent
<B><font color = 'blue'> .</font></B>  -one test 
<B><font color = 'blue'> .</font></B>  -testone1234@gmail.com
<B><font color = 'blue'> .</font></B>  -0110
<B><font color = 'blue'> .</font></B>  -2022-10-20
<B><font color = 'blue'> .</font></B>  -Absent
<B><font color = 'blue'> .</font></B>  -Absent
<B><font color = 'blue'> .</font></B>  -undefined
<B><font color = 'blue'> .</font></B>  -bengaluru
<B><font color = 'blue'> .</font></B>  -Testing
<B><font color = 'blue'> .</font></B>  -Absent
<B><font color = 'blue'> .</font></B>  -Absent
<B><font color = 'blue'> .</font></B>  -Absent
<B><font color = 'blue'> .</font></B>  -Absent
<B><font color = 'blue'> .</font></B>  -Absent
<B><font color = 'blue'> .</font></B>  -Absent
<B><font color = 'blue'> .</font></B>  -Absent
<B><font color = 'blue'> .</font></B>  -Absent
<B><font color = 'blue'> .</font></B>  -Absent
<B><font color = 'blue'> .</font></B>  -Absent
<B><font color = 'blue'> .</font></B>  -Absent
<B><font color = 'blue'> .</font></B>  -GLB-BLR-010-PC - GLB-BLR-010 
<B><font color = 'blue'> .</font></B>  -abcd@yuksdgus
<B><font color = 'blue'> .</font></B>  -GLB-BLR-010
<B><font color = 'blue'> .</font></B>  -2022-10-20
<B><font color = 'blue'> .</font></B>  -Absent
<B><font color = 'blue'> .</font></B>  -Absent
<B><font color = 'blue'> .</font></B>  -undefined
<B><font color = 'blue'> .</font></B>  -bengaluru
<B><font color = 'blue'> .</font></B>  -Testing
<B><font color = 'blue'> .</font></B>  -Absent
<B><font color = 'blue'> .</font></B>  -Absent
<B><font color = 'blue'> .</font></B>  -Absent
<B><font color = 'blue'> .</font></B>  -Absent
<B><font color = 'blue'> .</font></B>  -Absent
<B><font color = 'blue'> .</font></B>  -Absent
<B><font color = 'blue'> .</font></B>  -Absent
<B><font color = 'blue'> .</font></B>  -Absent
<B><font color = 'blue'> .</font></B>  -Absent
<B><font color = 'blue'> .</font></B>  -Absent
<B><font color = 'blue'> .</font></B>  -Absent
<B><font color = 'blue'> .</font></B>  -surya kk 
<B><font color = 'blue'> .</font></B>  -123@gmail.com
<B><font color = 'blue'> .</font></B>  -mmmmm
<B><font color = 'blue'> .</font></B>  -2022-10-20
<B><font color = 'blue'> .</font></B>  -Absent
<B><font color = 'blue'> .</font></B>  -Absent
<B><font color = 'blue'> .</font></B>  -undefined
<B><font color = 'blue'> .</font></B>  -Tamilnadu
<B><font color = 'blue'> .</font></B>  -Test and Dev
<B><font color = 'blue'> .</font></B>  -Absent
<B><font color = 'blue'> .</font></B>  -Absent
<B><font color = 'blue'> .</font></B>  -Absent
<B><font color = 'blue'> .</font></B>  -Absent
<B><font color = 'blue'> .</font></B>  -Absent
<B><font color = 'blue'> .</font></B>  -Absent
<B><font color = 'blue'> .</font></B>  -Absent
<B><font color = 'blue'> .</font></B>  -Absent
<B><font color = 'blue'> .</font></B>  -Absent
<B><font color = 'blue'> .</font></B>  -Absent
<B><font color = 'blue'> .</font></B>  -Absent
<B><font color = 'blue'> .</font></B>  -sai kk 
<B><font color = 'blue'> .</font></B>  -saikk19876@gmail.com
<B><font color = 'blue'> .</font></B>  -20221019
<B><font color = 'blue'> .</font></B>  -2022-10-20
<B><font color = 'blue'> .</font></B>  -Absent
<B><font color = 'blue'> .</font></B>  -Absent
<B><font color = 'blue'> .</font></B>  -undefined
<B><font color = 'blue'> .</font></B>  -Tamilnadu
<B><font color = 'blue'> .</font></B>  -Test and Dev
<B><font color = 'blue'> .</font></B>  -Absent
<B><font color = 'blue'> .</font></B>  -Absent
<B><font color = 'blue'> .</font></B>  -Absent
<B><font color = 'blue'> .</font></B>  -Absent
<B><font color = 'blue'> .</font></B>  -Absent
<B><font color = 'blue'> .</font></B>  -Absent
<B><font color = 'blue'> .</font></B>  -Absent
<B><font color = 'blue'> .</font></B>  -Absent
<B><font color = 'blue'> .</font></B>  -Absent
<B><font color = 'blue'> .</font></B>  -Absent
<B><font color = 'blue'> .</font></B>  -Absent
<B><font color = 'blue'> .</font></B>  -test user two 
<B><font color = 'blue'> .</font></B>  -testuser@two.io
<B><font color = 'blue'> .</font></B>  -GSLL-327
<B><font color = 'blue'> .</font></B>  -2022-10-20
<B><font color = 'blue'> .</font></B>  -Absent
<B><font color = 'blue'> .</font></B>  -Absent
<B><font color = 'blue'> .</font></B>  -undefined
<B><font color = 'blue'> .</font></B>  -Tamilnadu
<B><font color = 'blue'> .</font></B>  -Test and Dev
<B><font color = 'blue'> .</font></B>  -Absent
<B><font color = 'blue'> .</font></B>  -Absent
<B><font color = 'blue'> .</font></B>  -Absent
<B><font color = 'blue'> .</font></B>  -Absent
<B><font color = 'blue'> .</font></B>  -Absent
<B><font color = 'blue'> .</font></B>  -Absent
<B><font color = 'blue'> .</font></B>  -Absent
<B><font color = 'blue'> .</font></B>  -Absent
<B><font color = 'blue'> .</font></B>  -Absent
<B><font color = 'blue'> .</font></B>  -Absent
<B><font color = 'blue'> .</font></B>  -Absent
<B><font color = 'blue'> .</font></B>  -dxgfdxg gssdg 
<B><font color = 'blue'> .</font></B>  -sdgsg@dgksodkg.in
<B><font color = 'blue'> .</font></B>  -asfda343443
<B><font color = 'blue'> .</font></B>  -2022-10-20
<B><font color = 'blue'> .</font></B>  -Absent
<B><font color = 'blue'> .</font></B>  -Absent
<B><font color = 'blue'> .</font></B>  -undefined
<B><font color = 'blue'> .</font></B>  -Bhilai
<B><font color = 'blue'> .</font></B>  -Php
<B><font color = 'blue'> .</font></B>  -Absent
<B><font color = 'blue'> .</font></B>  -Absent
<B><font color = 'blue'> .</font></B>  -Absent
<B><font color = 'blue'> .</font></B>  -Absent
<B><font color = 'blue'> .</font></B>  -Absent
<B><font color = 'blue'> .</font></B>  -Absent
<B><font color = 'blue'> .</font></B>  -Absent
<B><font color = 'blue'> .</font></B>  -Absent
<B><font color = 'blue'> .</font></B>  -Absent
<B><font color = 'blue'> .</font></B>  -Absent
<B><font color = 'blue'> .</font></B>  -Absent
<B><font color = 'blue'> .</font></B>  -Guest User 
<B><font color = 'blue'> .</font></B>  -guestuser@gmail.com
<B><font color = 'blue'> .</font></B>  -GLB-777
<B><font color = 'blue'> .</font></B>  -2022-10-20
<B><font color = 'blue'> .</font></B>  -Absent
<B><font color = 'blue'> .</font></B>  -Absent
<B><font color = 'blue'> .</font></B>  -undefined
<B><font color = 'blue'> .</font></B>  -Bhilai
<B><font color = 'blue'> .</font></B>  -Php
<B><font color = 'blue'> .</font></B>  -Absent
<B><font color = 'blue'> .</font></B>  -Absent
<B><font color = 'blue'> .</font></B>  -Absent
<B><font color = 'blue'> .</font></B>  -Absent
<B><font color = 'blue'> .</font></B>  -Absent
<B><font color = 'blue'> .</font></B>  -Absent
<B><font color = 'blue'> .</font></B>  -Absent
<B><font color = 'blue'> .</font></B>  -Absent
<B><font color = 'blue'> .</font></B>  -Absent
<B><font color = 'blue'> .</font></B>  -Absent
<B><font color = 'blue'> .</font></B>  -Absent
<B><font color = 'blue'> .</font></B>  -Himanshu Kumar 
<B><font color = 'blue'> .</font></B>  -himanshu1@gmail.com
<B><font color = 'blue'> .</font></B>  -EM011
<B><font color = 'blue'> .</font></B>  -2022-10-19
<B><font color = 'blue'> .</font></B>  -19-10-2022 00:00:00
<B><font color = 'blue'> .</font></B>  -19-10-2022 00:01:31
<B><font color = 'blue'> .</font></B>  -GLB-181
<B><font color = 'blue'> .</font></B>  -bagalkot
<B><font color = 'blue'> .</font></B>  -manual testing
<B><font color = 'blue'> .</font></B>  -00:01:31
<B><font color = 'blue'> .</font></B>  -00:00:00
<B><font color = 'blue'> .</font></B>  -00:00:00
<B><font color = 'blue'> .</font></B>  -00:00:00
<B><font color = 'blue'> .</font></B>  -00:00:00
<B><font color = 'blue'> .</font></B>  -00:00:00
<B><font color = 'blue'> .</font></B>  -00:00:00
<B><font color = 'blue'> .</font></B>  -00:01:31
<B><font color = 'blue'> .</font></B>  -0.00%
<B><font color = 'blue'> .</font></B>  --480:00
<B><font color = 'blue'> .</font></B>  -0.00
<B><font color = 'blue'> .</font></B>  -R o       hit Sharma 
<B><font color = 'blue'> .</font></B>  -rahulrajt5613928@gmail.com
<B><font color = 'blue'> .</font></B>  -67645
<B><font color = 'blue'> .</font></B>  -2022-10-19
<B><font color = 'blue'> .</font></B>  -19-10-2022 04:34:42
<B><font color = 'blue'> .</font></B>  -19-10-2022 04:37:42
<B><font color = 'blue'> .</font></B>  -GLB-193-PC
<B><font color = 'blue'> .</font></B>  -bengaluru
<B><font color = 'blue'> .</font></B>  -Testing
<B><font color = 'blue'> .</font></B>  -00:03:00
<B><font color = 'blue'> .</font></B>  -00:00:00
<B><font color = 'blue'> .</font></B>  -00:00:00
<B><font color = 'blue'> .</font></B>  -00:00:00
<B><font color = 'blue'> .</font></B>  -00:00:00
<B><font color = 'blue'> .</font></B>  -00:00:00
<B><font color = 'blue'> .</font></B>  -00:00:00
<B><font color = 'blue'> .</font></B>  -00:03:00
<B><font color = 'blue'> .</font></B>  -0.00%
<B><font color = 'blue'> .</font></B>  --480:00
<B><font color = 'blue'> .</font></B>  -0.00
<B><font color = 'blue'> .</font></B>  -Virat kohli 
<B><font color = 'blue'> .</font></B>  -rahukbgdxgsf@gmail.com
<B><font color = 'blue'> .</font></B>  -65332
<B><font color = 'blue'> .</font></B>  -2022-10-19
<B><font color = 'blue'> .</font></B>  -Absent
<B><font color = 'blue'> .</font></B>  -Absent
<B><font color = 'blue'> .</font></B>  -undefined
<B><font color = 'blue'> .</font></B>  -Default
<B><font color = 'blue'> .</font></B>  -Default
<B><font color = 'blue'> .</font></B>  -Absent
<B><font color = 'blue'> .</font></B>  -Absent
<B><font color = 'blue'> .</font></B>  -Absent
<B><font color = 'blue'> .</font></B>  -Absent
<B><font color = 'blue'> .</font></B>  -Absent
<B><font color = 'blue'> .</font></B>  -Absent
<B><font color = 'blue'> .</font></B>  -Absent
<B><font color = 'blue'> .</font></B>  -Absent
<B><font color = 'blue'> .</font></B>  -Absent
<B><font color = 'blue'> .</font></B>  -Absent
<B><font color = 'blue'> .</font></B>  -Absent
<B><font color = 'blue'> .</font></B>  -sadas kadkasdj 
<B><font color = 'blue'> .</font></B>  -dsa@eqe
<B><font color = 'blue'> .</font></B>  -emp129666
<B><font color = 'blue'> .</font></B>  -2022-10-19
<B><font color = 'blue'> .</font></B>  -Absent
<B><font color = 'blue'> .</font></B>  -Absent
<B><font color = 'blue'> .</font></B>  -undefined
<B><font color = 'blue'> .</font></B>  -Default
<B><font color = 'blue'> .</font></B>  -Default
<B><font color = 'blue'> .</font></B>  -Absent
<B><font color = 'blue'> .</font></B>  -Absent
<B><font color = 'blue'> .</font></B>  -Absent
<B><font color = 'blue'> .</font></B>  -Absent
<B><font color = 'blue'> .</font></B>  -Absent
<B><font color = 'blue'> .</font></B>  -Absent
<B><font color = 'blue'> .</font></B>  -Absent
<B><font color = 'blue'> .</font></B>  -Absent
<B><font color = 'blue'> .</font></B>  -Absent
<B><font color = 'blue'> .</font></B>  -Absent
<B><font color = 'blue'> .</font></B>  -Absent
<B><font color = 'blue'> .</font></B>  -New Test 
<B><font color = 'blue'> .</font></B>  -newtest@gmail.com
<B><font color = 'blue'> .</font></B>  -ewer334443
<B><font color = 'blue'> .</font></B>  -2022-10-19
<B><font color = 'blue'> .</font></B>  -Absent
<B><font color = 'blue'> .</font></B>  -Absent
<B><font color = 'blue'> .</font></B>  -undefined
<B><font color = 'blue'> .</font></B>  -Default
<B><font color = 'blue'> .</font></B>  -Default
<B><font color = 'blue'> .</font></B>  -Absent
<B><font color = 'blue'> .</font></B>  -Absent
<B><font color = 'blue'> .</font></B>  -Absent
<B><font color = 'blue'> .</font></B>  -Absent
<B><font color = 'blue'> .</font></B>  -Absent
<B><font color = 'blue'> .</font></B>  -Absent
<B><font color = 'blue'> .</font></B>  -Absent
<B><font color = 'blue'> .</font></B>  -Absent
<B><font color = 'blue'> .</font></B>  -Absent
<B><font color = 'blue'> .</font></B>  -Absent
<B><font color = 'blue'> .</font></B>  -Absent
<B><font color = 'blue'> .</font></B>  -dshcdb uidsbf 
<B><font color = 'blue'> .</font></B>  -dvbvdb@yahoo.com
<B><font color = 'blue'> .</font></B>  -435454
<B><font color = 'blue'> .</font></B>  -2022-10-19
<B><font color = 'blue'> .</font></B>  -Absent
<B><font color = 'blue'> .</font></B>  -Absent
<B><font color = 'blue'> .</font></B>  -undefined
<B><font color = 'blue'> .</font></B>  -Default
<B><font color = 'blue'> .</font></B>  -Default
<B><font color = 'blue'> .</font></B>  -Absent
<B><font color = 'blue'> .</font></B>  -Absent
<B><font color = 'blue'> .</font></B>  -Absent
<B><font color = 'blue'> .</font></B>  -Absent
<B><font color = 'blue'> .</font></B>  -Absent
<B><font color = 'blue'> .</font></B>  -Absent
<B><font color = 'blue'> .</font></B>  -Absent
<B><font color = 'blue'> .</font></B>  -Absent
<B><font color = 'blue'> .</font></B>  -Absent
<B><font color = 'blue'> .</font></B>  -Absent
<B><font color = 'blue'> .</font></B>  -Absent
<B><font color = 'blue'> .</font></B>  -try last 
<B><font color = 'blue'> .</font></B>  -try@gmail.com
<B><font color = 'blue'> .</font></B>  -1225455
<B><font color = 'blue'> .</font></B>  -2022-10-19
<B><font color = 'blue'> .</font></B>  -Absent
<B><font color = 'blue'> .</font></B>  -Absent
<B><font color = 'blue'> .</font></B>  -undefined
<B><font color = 'blue'> .</font></B>  -Default
<B><font color = 'blue'> .</font></B>  -Default
<B><font color = 'blue'> .</font></B>  -Absent
<B><font color = 'blue'> .</font></B>  -Absent
<B><font color = 'blue'> .</font></B>  -Absent
<B><font color = 'blue'> .</font></B>  -Absent
<B><font color = 'blue'> .</font></B>  -Absent
<B><font color = 'blue'> .</font></B>  -Absent
<B><font color = 'blue'> .</font></B>  -Absent
<B><font color = 'blue'> .</font></B>  -Absent
<B><font color = 'blue'> .</font></B>  -Absent
<B><font color = 'blue'> .</font></B>  -Absent
<B><font color = 'blue'> .</font></B>  -Absent
<B><font color = 'blue'> .</font></B>  -vdjvdb yusvdvbbh 
<B><font color = 'blue'> .</font></B>  -dvhbfdh@gmail.com
<B><font color = 'blue'> .</font></B>  -wq534342
<B><font color = 'blue'> .</font></B>  -2022-10-19
<B><font color = 'blue'> .</font></B>  -Absent
<B><font color = 'blue'> .</font></B>  -Absent
<B><font color = 'blue'> .</font></B>  -undefined
<B><font color = 'blue'> .</font></B>  -Default
<B><font color = 'blue'> .</font></B>  -Default
<B><font color = 'blue'> .</font></B>  -Absent
<B><font color = 'blue'> .</font></B>  -Absent
<B><font color = 'blue'> .</font></B>  -Absent
<B><font color = 'blue'> .</font></B>  -Absent
<B><font color = 'blue'> .</font></B>  -Absent
<B><font color = 'blue'> .</font></B>  -Absent
<B><font color = 'blue'> .</font></B>  -Absent
<B><font color = 'blue'> .</font></B>  -Absent
<B><font color = 'blue'> .</font></B>  -Absent
<B><font color = 'blue'> .</font></B>  -Absent
<B><font color = 'blue'> .</font></B>  -Absent
<B><font color = 'blue'> .</font></B>  -Mail Test user 
<B><font color = 'blue'> .</font></B>  -maintest@user.io
<B><font color = 'blue'> .</font></B>  -GLB-1223888
<B><font color = 'blue'> .</font></B>  -2022-10-19
<B><font color = 'blue'> .</font></B>  -Absent
<B><font color = 'blue'> .</font></B>  -Absent
<B><font color = 'blue'> .</font></B>  -undefined
<B><font color = 'blue'> .</font></B>  -Default
<B><font color = 'blue'> .</font></B>  -Default
<B><font color = 'blue'> .</font></B>  -Absent
<B><font color = 'blue'> .</font></B>  -Absent
<B><font color = 'blue'> .</font></B>  -Absent
<B><font color = 'blue'> .</font></B>  -Absent
<B><font color = 'blue'> .</font></B>  -Absent
<B><font color = 'blue'> .</font></B>  -Absent
<B><font color = 'blue'> .</font></B>  -Absent
<B><font color = 'blue'> .</font></B>  -Absent
<B><font color = 'blue'> .</font></B>  -Absent
<B><font color = 'blue'> .</font></B>  -Absent
<B><font color = 'blue'> .</font></B>  -Absent
<B><font color = 'blue'> .</font></B>  -Update Check 
<B><font color = 'blue'> .</font></B>  -updates@gmail.com
<B><font color = 'blue'> .</font></B>  -emp543
<B><font color = 'blue'> .</font></B>  -2022-10-19
<B><font color = 'blue'> .</font></B>  -Absent
<B><font color = 'blue'> .</font></B>  -Absent
<B><font color = 'blue'> .</font></B>  -undefined
<B><font color = 'blue'> .</font></B>  -Default
<B><font color = 'blue'> .</font></B>  -Default
<B><font color = 'blue'> .</font></B>  -Absent
<B><font color = 'blue'> .</font></B>  -Absent
<B><font color = 'blue'> .</font></B>  -Absent
<B><font color = 'blue'> .</font></B>  -Absent
<B><font color = 'blue'> .</font></B>  -Absent
<B><font color = 'blue'> .</font></B>  -Absent
<B><font color = 'blue'> .</font></B>  -Absent
<B><font color = 'blue'> .</font></B>  -Absent
<B><font color = 'blue'> .</font></B>  -Absent
<B><font color = 'blue'> .</font></B>  -Absent
<B><font color = 'blue'> .</font></B>  -Absent
<B><font color = 'blue'> .</font></B>  -test manager 
<B><font color = 'blue'> .</font></B>  -manageremp@gmail.com
<B><font color = 'blue'> .</font></B>  -glb020
<B><font color = 'blue'> .</font></B>  -2022-10-19
<B><font color = 'blue'> .</font></B>  -Absent
<B><font color = 'blue'> .</font></B>  -Absent
<B><font color = 'blue'> .</font></B>  -undefined
<B><font color = 'blue'> .</font></B>  -Default
<B><font color = 'blue'> .</font></B>  -Default
<B><font color = 'blue'> .</font></B>  -Absent
<B><font color = 'blue'> .</font></B>  -Absent
<B><font color = 'blue'> .</font></B>  -Absent
<B><font color = 'blue'> .</font></B>  -Absent
<B><font color = 'blue'> .</font></B>  -Absent
<B><font color = 'blue'> .</font></B>  -Absent
<B><font color = 'blue'> .</font></B>  -Absent
<B><font color = 'blue'> .</font></B>  -Absent
<B><font color = 'blue'> .</font></B>  -Absent
<B><font color = 'blue'> .</font></B>  -Absent
<B><font color = 'blue'> .</font></B>  -Absent
<B><font color = 'blue'> .</font></B>  -DESKTOP-PJJHB19 - GLB-BLR-002OjUpRD2 
<B><font color = 'blue'> .</font></B>  --
<B><font color = 'blue'> .</font></B>  -GLB-BLR-002OjUpRD2
<B><font color = 'blue'> .</font></B>  -2022-10-19
<B><font color = 'blue'> .</font></B>  -Absent
<B><font color = 'blue'> .</font></B>  -Absent
<B><font color = 'blue'> .</font></B>  -undefined
<B><font color = 'blue'> .</font></B>  -Default
<B><font color = 'blue'> .</font></B>  -Default
<B><font color = 'blue'> .</font></B>  -Absent
<B><font color = 'blue'> .</font></B>  -Absent
<B><font color = 'blue'> .</font></B>  -Absent
<B><font color = 'blue'> .</font></B>  -Absent
<B><font color = 'blue'> .</font></B>  -Absent
<B><font color = 'blue'> .</font></B>  -Absent
<B><font color = 'blue'> .</font></B>  -Absent
<B><font color = 'blue'> .</font></B>  -Absent
<B><font color = 'blue'> .</font></B>  -Absent
<B><font color = 'blue'> .</font></B>  -Absent
<B><font color = 'blue'> .</font></B>  -Absent
<B><font color = 'blue'> .</font></B>  -Usb Test 
<B><font color = 'blue'> .</font></B>  -usbtest123@gmail.com
<B><font color = 'blue'> .</font></B>  -emp0097
<B><font color = 'blue'> .</font></B>  -2022-10-19
<B><font color = 'blue'> .</font></B>  -Absent
<B><font color = 'blue'> .</font></B>  -Absent
<B><font color = 'blue'> .</font></B>  -undefined
<B><font color = 'blue'> .</font></B>  -Default
<B><font color = 'blue'> .</font></B>  -Default
<B><font color = 'blue'> .</font></B>  -Absent
<B><font color = 'blue'> .</font></B>  -Absent
<B><font color = 'blue'> .</font></B>  -Absent
<B><font color = 'blue'> .</font></B>  -Absent
<B><font color = 'blue'> .</font></B>  -Absent
<B><font color = 'blue'> .</font></B>  -Absent
<B><font color = 'blue'> .</font></B>  -Absent
<B><font color = 'blue'> .</font></B>  -Absent
<B><font color = 'blue'> .</font></B>  -Absent
<B><font color = 'blue'> .</font></B>  -Absent
<B><font color = 'blue'> .</font></B>  -Absent
<B><font color = 'blue'> .</font></B>  -SS Keystrokes 
<B><font color = 'blue'> .</font></B>  -sskey@gmail.com
<B><font color = 'blue'> .</font></B>  -emp98y
<B><font color = 'blue'> .</font></B>  -2022-10-19
<B><font color = 'blue'> .</font></B>  -Absent
<B><font color = 'blue'> .</font></B>  -Absent
<B><font color = 'blue'> .</font></B>  -undefined
<B><font color = 'blue'> .</font></B>  -Default
<B><font color = 'blue'> .</font></B>  -Default
<B><font color = 'blue'> .</font></B>  -Absent
<B><font color = 'blue'> .</font></B>  -Absent
<B><font color = 'blue'> .</font></B>  -Absent
<B><font color = 'blue'> .</font></B>  -Absent
<B><font color = 'blue'> .</font></B>  -Absent
<B><font color = 'blue'> .</font></B>  -Absent
<B><font color = 'blue'> .</font></B>  -Absent
<B><font color = 'blue'> .</font></B>  -Absent
<B><font color = 'blue'> .</font></B>  -Absent
<B><font color = 'blue'> .</font></B>  -Absent
<B><font color = 'blue'> .</font></B>  -Absent
<B><font color = 'blue'> .</font></B>  -shivammmmmmmmmmmmmmmmmmmm Kumar 
<B><font color = 'blue'> .</font></B>  -kgfyash545@gmail.com
<B><font color = 'blue'> .</font></B>  -hsakhdjk414
<B><font color = 'blue'> .</font></B>  -2022-10-19
<B><font color = 'blue'> .</font></B>  -Absent
<B><font color = 'blue'> .</font></B>  -Absent
<B><font color = 'blue'> .</font></B>  -undefined
<B><font color = 'blue'> .</font></B>  -Default
<B><font color = 'blue'> .</font></B>  -Default
<B><font color = 'blue'> .</font></B>  -Absent
<B><font color = 'blue'> .</font></B>  -Absent
<B><font color = 'blue'> .</font></B>  -Absent
<B><font color = 'blue'> .</font></B>  -Absent
<B><font color = 'blue'> .</font></B>  -Absent
<B><font color = 'blue'> .</font></B>  -Absent
<B><font color = 'blue'> .</font></B>  -Absent
<B><font color = 'blue'> .</font></B>  -Absent
<B><font color = 'blue'> .</font></B>  -Absent
<B><font color = 'blue'> .</font></B>  -Absent
<B><font color = 'blue'> .</font></B>  -Absent
<B><font color = 'blue'> .</font></B>  -Abhishek Four tf test 
<B><font color = 'blue'> .</font></B>  -abhishekfourtf@mail.com
<B><font color = 'blue'> .</font></B>  -HLIKSJ98
<B><font color = 'blue'> .</font></B>  -2022-10-19
<B><font color = 'blue'> .</font></B>  -Absent
<B><font color = 'blue'> .</font></B>  -Absent
<B><font color = 'blue'> .</font></B>  -undefined
<B><font color = 'blue'> .</font></B>  -Default
<B><font color = 'blue'> .</font></B>  -Default
<B><font color = 'blue'> .</font></B>  -Absent
<B><font color = 'blue'> .</font></B>  -Absent
<B><font color = 'blue'> .</font></B>  -Absent
<B><font color = 'blue'> .</font></B>  -Absent
<B><font color = 'blue'> .</font></B>  -Absent
<B><font color = 'blue'> .</font></B>  -Absent
<B><font color = 'blue'> .</font></B>  -Absent
<B><font color = 'blue'> .</font></B>  -Absent
<B><font color = 'blue'> .</font></B>  -Absent
<B><font color = 'blue'> .</font></B>  -Absent
<B><font color = 'blue'> .</font></B>  -Absent
<B><font color = 'blue'> .</font></B>  -new dev user 
<B><font color = 'blue'> .</font></B>  -new@dev.user
<B><font color = 'blue'> .</font></B>  -fdfsfsd
<B><font color = 'blue'> .</font></B>  -2022-10-19
<B><font color = 'blue'> .</font></B>  -Absent
<B><font color = 'blue'> .</font></B>  -Absent
<B><font color = 'blue'> .</font></B>  -undefined
<B><font color = 'blue'> .</font></B>  -Default
<B><font color = 'blue'> .</font></B>  -Default
<B><font color = 'blue'> .</font></B>  -Absent
<B><font color = 'blue'> .</font></B>  -Absent
<B><font color = 'blue'> .</font></B>  -Absent
<B><font color = 'blue'> .</font></B>  -Absent
<B><font color = 'blue'> .</font></B>  -Absent
<B><font color = 'blue'> .</font></B>  -Absent
<B><font color = 'blue'> .</font></B>  -Absent
<B><font color = 'blue'> .</font></B>  -Absent
<B><font color = 'blue'> .</font></B>  -Absent
<B><font color = 'blue'> .</font></B>  -Absent
<B><font color = 'blue'> .</font></B>  -Absent
<B><font color = 'blue'> .</font></B>  -aaaaaaaaaa aaaaaaaaa 
<B><font color = 'blue'> .</font></B>  -mmmm@gmail.com
<B><font color = 'blue'> .</font></B>  -80765s
<B><font color = 'blue'> .</font></B>  -2022-10-19
<B><font color = 'blue'> .</font></B>  -Absent
<B><font color = 'blue'> .</font></B>  -Absent
<B><font color = 'blue'> .</font></B>  -undefined
<B><font color = 'blue'> .</font></B>  -Bangalore
<B><font color = 'blue'> .</font></B>  -Testing
<B><font color = 'blue'> .</font></B>  -Absent
<B><font color = 'blue'> .</font></B>  -Absent
<B><font color = 'blue'> .</font></B>  -Absent
<B><font color = 'blue'> .</font></B>  -Absent
<B><font color = 'blue'> .</font></B>  -Absent
<B><font color = 'blue'> .</font></B>  -Absent
<B><font color = 'blue'> .</font></B>  -Absent
<B><font color = 'blue'> .</font></B>  -Absent
<B><font color = 'blue'> .</font></B>  -Absent
<B><font color = 'blue'> .</font></B>  -Absent
<B><font color = 'blue'> .</font></B>  -Absent
<B><font color = 'blue'> .</font></B>  -sumesh test 
<B><font color = 'blue'> .</font></B>  -sumesh@mail.com
<B><font color = 'blue'> .</font></B>  -fdgfdgf
<B><font color = 'blue'> .</font></B>  -2022-10-19
<B><font color = 'blue'> .</font></B>  -Absent
<B><font color = 'blue'> .</font></B>  -Absent
<B><font color = 'blue'> .</font></B>  -undefined
<B><font color = 'blue'> .</font></B>  -Bangalore
<B><font color = 'blue'> .</font></B>  -Testing
<B><font color = 'blue'> .</font></B>  -Absent
<B><font color = 'blue'> .</font></B>  -Absent
<B><font color = 'blue'> .</font></B>  -Absent
<B><font color = 'blue'> .</font></B>  -Absent
<B><font color = 'blue'> .</font></B>  -Absent
<B><font color = 'blue'> .</font></B>  -Absent
<B><font color = 'blue'> .</font></B>  -Absent
<B><font color = 'blue'> .</font></B>  -Absent
<B><font color = 'blue'> .</font></B>  -Absent
<B><font color = 'blue'> .</font></B>  -Absent
<B><font color = 'blue'> .</font></B>  -Absent
<B><font color = 'blue'> .</font></B>  -Test msc 
<B><font color = 'blue'> .</font></B>  -test123@gmail.com
<B><font color = 'blue'> .</font></B>  -12254
<B><font color = 'blue'> .</font></B>  -2022-10-19
<B><font color = 'blue'> .</font></B>  -Absent
<B><font color = 'blue'> .</font></B>  -Absent
<B><font color = 'blue'> .</font></B>  -undefined
<B><font color = 'blue'> .</font></B>  -Bangalore
<B><font color = 'blue'> .</font></B>  -Testing
<B><font color = 'blue'> .</font></B>  -Absent
<B><font color = 'blue'> .</font></B>  -Absent
<B><font color = 'blue'> .</font></B>  -Absent
<B><font color = 'blue'> .</font></B>  -Absent
<B><font color = 'blue'> .</font></B>  -Absent
<B><font color = 'blue'> .</font></B>  -Absent
<B><font color = 'blue'> .</font></B>  -Absent
<B><font color = 'blue'> .</font></B>  -Absent
<B><font color = 'blue'> .</font></B>  -Absent
<B><font color = 'blue'> .</font></B>  -Absent
<B><font color = 'blue'> .</font></B>  -Absent
<B><font color = 'blue'> .</font></B>  -deffdfds vscsc 
<B><font color = 'blue'> .</font></B>  -cscsdw123@gmail.com
<B><font color = 'blue'> .</font></B>  -1234512
<B><font color = 'blue'> .</font></B>  -2022-10-19
<B><font color = 'blue'> .</font></B>  -Absent
<B><font color = 'blue'> .</font></B>  -Absent
<B><font color = 'blue'> .</font></B>  -undefined
<B><font color = 'blue'> .</font></B>  -Bangalore
<B><font color = 'blue'> .</font></B>  -Testing
<B><font color = 'blue'> .</font></B>  -Absent
<B><font color = 'blue'> .</font></B>  -Absent
<B><font color = 'blue'> .</font></B>  -Absent
<B><font color = 'blue'> .</font></B>  -Absent
<B><font color = 'blue'> .</font></B>  -Absent
<B><font color = 'blue'> .</font></B>  -Absent
<B><font color = 'blue'> .</font></B>  -Absent
<B><font color = 'blue'> .</font></B>  -Absent
<B><font color = 'blue'> .</font></B>  -Absent
<B><font color = 'blue'> .</font></B>  -Absent
<B><font color = 'blue'> .</font></B>  -Absent
<B><font color = 'blue'> .</font></B>  -test testtt 
<B><font color = 'blue'> .</font></B>  -abcd@gmail.com
<B><font color = 'blue'> .</font></B>  -GLB55
<B><font color = 'blue'> .</font></B>  -2022-10-19
<B><font color = 'blue'> .</font></B>  -Absent
<B><font color = 'blue'> .</font></B>  -Absent
<B><font color = 'blue'> .</font></B>  -undefined
<B><font color = 'blue'> .</font></B>  -Bangalore
<B><font color = 'blue'> .</font></B>  -Testing
<B><font color = 'blue'> .</font></B>  -Absent
<B><font color = 'blue'> .</font></B>  -Absent
<B><font color = 'blue'> .</font></B>  -Absent
<B><font color = 'blue'> .</font></B>  -Absent
<B><font color = 'blue'> .</font></B>  -Absent
<B><font color = 'blue'> .</font></B>  -Absent
<B><font color = 'blue'> .</font></B>  -Absent
<B><font color = 'blue'> .</font></B>  -Absent
<B><font color = 'blue'> .</font></B>  -Absent
<B><font color = 'blue'> .</font></B>  -Absent
<B><font color = 'blue'> .</font></B>  -Absent
<B><font color = 'blue'> .</font></B>  -Abhishe tt 
<B><font color = 'blue'> .</font></B>  -ab@ab.com
<B><font color = 'blue'> .</font></B>  -GKD567
<B><font color = 'blue'> .</font></B>  -2022-10-19
<B><font color = 'blue'> .</font></B>  -Absent
<B><font color = 'blue'> .</font></B>  -Absent
<B><font color = 'blue'> .</font></B>  -undefined
<B><font color = 'blue'> .</font></B>  -Bangalore
<B><font color = 'blue'> .</font></B>  -Testing
<B><font color = 'blue'> .</font></B>  -Absent
<B><font color = 'blue'> .</font></B>  -Absent
<B><font color = 'blue'> .</font></B>  -Absent
<B><font color = 'blue'> .</font></B>  -Absent
<B><font color = 'blue'> .</font></B>  -Absent
<B><font color = 'blue'> .</font></B>  -Absent
<B><font color = 'blue'> .</font></B>  -Absent
<B><font color = 'blue'> .</font></B>  -Absent
<B><font color = 'blue'> .</font></B>  -Absent
<B><font color = 'blue'> .</font></B>  -Absent
<B><font color = 'blue'> .</font></B>  -Absent
<B><font color = 'blue'> .</font></B>  -test nonadmin 
<B><font color = 'blue'> .</font></B>  -testnonadmin@gmail.com
<B><font color = 'blue'> .</font></B>  -GLB026
<B><font color = 'blue'> .</font></B>  -2022-10-19
<B><font color = 'blue'> .</font></B>  -Absent
<B><font color = 'blue'> .</font></B>  -Absent
<B><font color = 'blue'> .</font></B>  -undefined
<B><font color = 'blue'> .</font></B>  -Bangalore
<B><font color = 'blue'> .</font></B>  -Php
<B><font color = 'blue'> .</font></B>  -Absent
<B><font color = 'blue'> .</font></B>  -Absent
<B><font color = 'blue'> .</font></B>  -Absent
<B><font color = 'blue'> .</font></B>  -Absent
<B><font color = 'blue'> .</font></B>  -Absent
<B><font color = 'blue'> .</font></B>  -Absent
<B><font color = 'blue'> .</font></B>  -Absent
<B><font color = 'blue'> .</font></B>  -Absent
<B><font color = 'blue'> .</font></B>  -Absent
<B><font color = 'blue'> .</font></B>  -Absent
<B><font color = 'blue'> .</font></B>  -Absent
<B><font color = 'blue'> .</font></B>  -adg ckj 
<B><font color = 'blue'> .</font></B>  -adcs@1234
<B><font color = 'blue'> .</font></B>  -583
<B><font color = 'blue'> .</font></B>  -2022-10-19
<B><font color = 'blue'> .</font></B>  -Absent
<B><font color = 'blue'> .</font></B>  -Absent
<B><font color = 'blue'> .</font></B>  -undefined
<B><font color = 'blue'> .</font></B>  -Bangalore
<B><font color = 'blue'> .</font></B>  -Testing
<B><font color = 'blue'> .</font></B>  -Absent
<B><font color = 'blue'> .</font></B>  -Absent
<B><font color = 'blue'> .</font></B>  -Absent
<B><font color = 'blue'> .</font></B>  -Absent
<B><font color = 'blue'> .</font></B>  -Absent
<B><font color = 'blue'> .</font></B>  -Absent
<B><font color = 'blue'> .</font></B>  -Absent
<B><font color = 'blue'> .</font></B>  -Absent
<B><font color = 'blue'> .</font></B>  -Absent
<B><font color = 'blue'> .</font></B>  -Absent
<B><font color = 'blue'> .</font></B>  -Absent
<B><font color = 'blue'> .</font></B>  -dominic toretto 
<B><font color = 'blue'> .</font></B>  -dom.toretto737@gmail.com
<B><font color = 'blue'> .</font></B>  -EMP011
<B><font color = 'blue'> .</font></B>  -2022-10-19
<B><font color = 'blue'> .</font></B>  -Absent
<B><font color = 'blue'> .</font></B>  -Absent
<B><font color = 'blue'> .</font></B>  -undefined
<B><font color = 'blue'> .</font></B>  -Bangalore
<B><font color = 'blue'> .</font></B>  -Testing
<B><font color = 'blue'> .</font></B>  -Absent
<B><font color = 'blue'> .</font></B>  -Absent
<B><font color = 'blue'> .</font></B>  -Absent
<B><font color = 'blue'> .</font></B>  -Absent
<B><font color = 'blue'> .</font></B>  -Absent
<B><font color = 'blue'> .</font></B>  -Absent
<B><font color = 'blue'> .</font></B>  -Absent
<B><font color = 'blue'> .</font></B>  -Absent
<B><font color = 'blue'> .</font></B>  -Absent
<B><font color = 'blue'> .</font></B>  -Absent
<B><font color = 'blue'> .</font></B>  -Absent
<B><font color = 'blue'> .</font></B>  -Abhishek Test 
<B><font color = 'blue'> .</font></B>  -abhishektrest@glb.in
<B><font color = 'blue'> .</font></B>  -rN7tvEiDPGNi4fD
<B><font color = 'blue'> .</font></B>  -2022-10-19
<B><font color = 'blue'> .</font></B>  -Absent
<B><font color = 'blue'> .</font></B>  -Absent
<B><font color = 'blue'> .</font></B>  -undefined
<B><font color = 'blue'> .</font></B>  -Bangalore
<B><font color = 'blue'> .</font></B>  -Php
<B><font color = 'blue'> .</font></B>  -Absent
<B><font color = 'blue'> .</font></B>  -Absent
<B><font color = 'blue'> .</font></B>  -Absent
<B><font color = 'blue'> .</font></B>  -Absent
<B><font color = 'blue'> .</font></B>  -Absent
<B><font color = 'blue'> .</font></B>  -Absent
<B><font color = 'blue'> .</font></B>  -Absent
<B><font color = 'blue'> .</font></B>  -Absent
<B><font color = 'blue'> .</font></B>  -Absent
<B><font color = 'blue'> .</font></B>  -Absent
<B><font color = 'blue'> .</font></B>  -Absent
<B><font color = 'blue'> .</font></B>  -Superior Test one 
<B><font color = 'blue'> .</font></B>  -superiorone@gmail.com
<B><font color = 'blue'> .</font></B>  -twoqw
<B><font color = 'blue'> .</font></B>  -2022-10-19
<B><font color = 'blue'> .</font></B>  -Absent
<B><font color = 'blue'> .</font></B>  -Absent
<B><font color = 'blue'> .</font></B>  -undefined
<B><font color = 'blue'> .</font></B>  -Bangalore
<B><font color = 'blue'> .</font></B>  -Testing
<B><font color = 'blue'> .</font></B>  -Absent
<B><font color = 'blue'> .</font></B>  -Absent
<B><font color = 'blue'> .</font></B>  -Absent
<B><font color = 'blue'> .</font></B>  -Absent
<B><font color = 'blue'> .</font></B>  -Absent
<B><font color = 'blue'> .</font></B>  -Absent
<B><font color = 'blue'> .</font></B>  -Absent
<B><font color = 'blue'> .</font></B>  -Absent
<B><font color = 'blue'> .</font></B>  -Absent
<B><font color = 'blue'> .</font></B>  -Absent
<B><font color = 'blue'> .</font></B>  -Absent
<B><font color = 'blue'> .</font></B>  -test testw 
<B><font color = 'blue'> .</font></B>  -test@mac.in
<B><font color = 'blue'> .</font></B>  -aaf123
<B><font color = 'blue'> .</font></B>  -2022-10-19
<B><font color = 'blue'> .</font></B>  -Absent
<B><font color = 'blue'> .</font></B>  -Absent
<B><font color = 'blue'> .</font></B>  -undefined
<B><font color = 'blue'> .</font></B>  -Bangalore
<B><font color = 'blue'> .</font></B>  -Php
<B><font color = 'blue'> .</font></B>  -Absent
<B><font color = 'blue'> .</font></B>  -Absent
<B><font color = 'blue'> .</font></B>  -Absent
<B><font color = 'blue'> .</font></B>  -Absent
<B><font color = 'blue'> .</font></B>  -Absent
<B><font color = 'blue'> .</font></B>  -Absent
<B><font color = 'blue'> .</font></B>  -Absent
<B><font color = 'blue'> .</font></B>  -Absent
<B><font color = 'blue'> .</font></B>  -Absent
<B><font color = 'blue'> .</font></B>  -Absent
<B><font color = 'blue'> .</font></B>  -Absent
<B><font color = 'blue'> .</font></B>  -sam eer 
<B><font color = 'blue'> .</font></B>  -sam@rf.in
<B><font color = 'blue'> .</font></B>  -WSAERT2Q34E
<B><font color = 'blue'> .</font></B>  -2022-10-19
<B><font color = 'blue'> .</font></B>  -Absent
<B><font color = 'blue'> .</font></B>  -Absent
<B><font color = 'blue'> .</font></B>  -undefined
<B><font color = 'blue'> .</font></B>  -Bangalore
<B><font color = 'blue'> .</font></B>  -Testing
<B><font color = 'blue'> .</font></B>  -Absent
<B><font color = 'blue'> .</font></B>  -Absent
<B><font color = 'blue'> .</font></B>  -Absent
<B><font color = 'blue'> .</font></B>  -Absent
<B><font color = 'blue'> .</font></B>  -Absent
<B><font color = 'blue'> .</font></B>  -Absent
<B><font color = 'blue'> .</font></B>  -Absent
<B><font color = 'blue'> .</font></B>  -Absent
<B><font color = 'blue'> .</font></B>  -Absent
<B><font color = 'blue'> .</font></B>  -Absent
<B><font color = 'blue'> .</font></B>  -Absent
<B><font color = 'blue'> .</font></B>  -Test test 
<B><font color = 'blue'> .</font></B>  -sarikajain@gmail.com
<B><font color = 'blue'> .</font></B>  -E-101
<B><font color = 'blue'> .</font></B>  -2022-10-19
<B><font color = 'blue'> .</font></B>  -Absent
<B><font color = 'blue'> .</font></B>  -Absent
<B><font color = 'blue'> .</font></B>  -undefined
<B><font color = 'blue'> .</font></B>  -Bangalore
<B><font color = 'blue'> .</font></B>  -Testing
<B><font color = 'blue'> .</font></B>  -Absent
<B><font color = 'blue'> .</font></B>  -Absent
<B><font color = 'blue'> .</font></B>  -Absent
<B><font color = 'blue'> .</font></B>  -Absent
<B><font color = 'blue'> .</font></B>  -Absent
<B><font color = 'blue'> .</font></B>  -Absent
<B><font color = 'blue'> .</font></B>  -Absent
<B><font color = 'blue'> .</font></B>  -Absent
<B><font color = 'blue'> .</font></B>  -Absent
<B><font color = 'blue'> .</font></B>  -Absent
<B><font color = 'blue'> .</font></B>  -Absent
<B><font color = 'blue'> .</font></B>  -sithu kalluru 
<B><font color = 'blue'> .</font></B>  -sitaramireddy@globussoft.in
<B><font color = 'blue'> .</font></B>  -code12
<B><font color = 'blue'> .</font></B>  -2022-10-19
<B><font color = 'blue'> .</font></B>  -Absent
<B><font color = 'blue'> .</font></B>  -Absent
<B><font color = 'blue'> .</font></B>  -undefined
<B><font color = 'blue'> .</font></B>  -Bangalore
<B><font color = 'blue'> .</font></B>  -Testing
<B><font color = 'blue'> .</font></B>  -Absent
<B><font color = 'blue'> .</font></B>  -Absent
<B><font color = 'blue'> .</font></B>  -Absent
<B><font color = 'blue'> .</font></B>  -Absent
<B><font color = 'blue'> .</font></B>  -Absent
<B><font color = 'blue'> .</font></B>  -Absent
<B><font color = 'blue'> .</font></B>  -Absent
<B><font color = 'blue'> .</font></B>  -Absent
<B><font color = 'blue'> .</font></B>  -Absent
<B><font color = 'blue'> .</font></B>  -Absent
<B><font color = 'blue'> .</font></B>  -Absent
<B><font color = 'blue'> .</font></B>  -test123 abcd 
<B><font color = 'blue'> .</font></B>  -s@gmail.com
<B><font color = 'blue'> .</font></B>  -code123z
<B><font color = 'blue'> .</font></B>  -2022-10-19
<B><font color = 'blue'> .</font></B>  -Absent
<B><font color = 'blue'> .</font></B>  -Absent
<B><font color = 'blue'> .</font></B>  -undefined
<B><font color = 'blue'> .</font></B>  -Bangalore
<B><font color = 'blue'> .</font></B>  -Testing
<B><font color = 'blue'> .</font></B>  -Absent
<B><font color = 'blue'> .</font></B>  -Absent
<B><font color = 'blue'> .</font></B>  -Absent
<B><font color = 'blue'> .</font></B>  -Absent
<B><font color = 'blue'> .</font></B>  -Absent
<B><font color = 'blue'> .</font></B>  -Absent
<B><font color = 'blue'> .</font></B>  -Absent
<B><font color = 'blue'> .</font></B>  -Absent
<B><font color = 'blue'> .</font></B>  -Absent
<B><font color = 'blue'> .</font></B>  -Absent
<B><font color = 'blue'> .</font></B>  -Absent
<B><font color = 'blue'> .</font></B>  -testing test 
<B><font color = 'blue'> .</font></B>  -aarshajoyson1601@gmail.com
<B><font color = 'blue'> .</font></B>  -glb0008
<B><font color = 'blue'> .</font></B>  -2022-10-19
<B><font color = 'blue'> .</font></B>  -Absent
<B><font color = 'blue'> .</font></B>  -Absent
<B><font color = 'blue'> .</font></B>  -undefined
<B><font color = 'blue'> .</font></B>  -Bangalore
<B><font color = 'blue'> .</font></B>  -Php
<B><font color = 'blue'> .</font></B>  -Absent
<B><font color = 'blue'> .</font></B>  -Absent
<B><font color = 'blue'> .</font></B>  -Absent
<B><font color = 'blue'> .</font></B>  -Absent
<B><font color = 'blue'> .</font></B>  -Absent
<B><font color = 'blue'> .</font></B>  -Absent
<B><font color = 'blue'> .</font></B>  -Absent
<B><font color = 'blue'> .</font></B>  -Absent
<B><font color = 'blue'> .</font></B>  -Absent
<B><font color = 'blue'> .</font></B>  -Absent
<B><font color = 'blue'> .</font></B>  -Absent
<B><font color = 'blue'> .</font></B>  -Automation CodeeeAuto 
<B><font color = 'blue'> .</font></B>  -skabcdef7@gmail.com
<B><font color = 'blue'> .</font></B>  -Emp-Abzcde-1234522
<B><font color = 'blue'> .</font></B>  -2022-10-19
<B><font color = 'blue'> .</font></B>  -Absent
<B><font color = 'blue'> .</font></B>  -Absent
<B><font color = 'blue'> .</font></B>  -undefined
<B><font color = 'blue'> .</font></B>  -Bangalore
<B><font color = 'blue'> .</font></B>  -Testing
<B><font color = 'blue'> .</font></B>  -Absent
<B><font color = 'blue'> .</font></B>  -Absent
<B><font color = 'blue'> .</font></B>  -Absent
<B><font color = 'blue'> .</font></B>  -Absent
<B><font color = 'blue'> .</font></B>  -Absent
<B><font color = 'blue'> .</font></B>  -Absent
<B><font color = 'blue'> .</font></B>  -Absent
<B><font color = 'blue'> .</font></B>  -Absent
<B><font color = 'blue'> .</font></B>  -Absent
<B><font color = 'blue'> .</font></B>  -Absent
<B><font color = 'blue'> .</font></B>  -Absent
<B><font color = 'blue'> .</font></B>  -piyush dfgsfg 
<B><font color = 'blue'> .</font></B>  -jos@gmail.com
<B><font color = 'blue'> .</font></B>  -sdgff
<B><font color = 'blue'> .</font></B>  -2022-10-19
<B><font color = 'blue'> .</font></B>  -Absent
<B><font color = 'blue'> .</font></B>  -Absent
<B><font color = 'blue'> .</font></B>  -undefined
<B><font color = 'blue'> .</font></B>  -Bangalore
<B><font color = 'blue'> .</font></B>  -Testing
<B><font color = 'blue'> .</font></B>  -Absent
<B><font color = 'blue'> .</font></B>  -Absent
<B><font color = 'blue'> .</font></B>  -Absent
<B><font color = 'blue'> .</font></B>  -Absent
<B><font color = 'blue'> .</font></B>  -Absent
<B><font color = 'blue'> .</font></B>  -Absent
<B><font color = 'blue'> .</font></B>  -Absent
<B><font color = 'blue'> .</font></B>  -Absent
<B><font color = 'blue'> .</font></B>  -Absent
<B><font color = 'blue'> .</font></B>  -Absent
<B><font color = 'blue'> .</font></B>  -Absent
<B><font color = 'blue'> .</font></B>  -Aryan raj 
<B><font color = 'blue'> .</font></B>  -alex@gmail.com
<B><font color = 'blue'> .</font></B>  -126
<B><font color = 'blue'> .</font></B>  -2022-10-19
<B><font color = 'blue'> .</font></B>  -Absent
<B><font color = 'blue'> .</font></B>  -Absent
<B><font color = 'blue'> .</font></B>  -undefined
<B><font color = 'blue'> .</font></B>  -Bangalore
<B><font color = 'blue'> .</font></B>  -Testing
<B><font color = 'blue'> .</font></B>  -Absent
<B><font color = 'blue'> .</font></B>  -Absent
<B><font color = 'blue'> .</font></B>  -Absent
<B><font color = 'blue'> .</font></B>  -Absent
<B><font color = 'blue'> .</font></B>  -Absent
<B><font color = 'blue'> .</font></B>  -Absent
<B><font color = 'blue'> .</font></B>  -Absent
<B><font color = 'blue'> .</font></B>  -Absent
<B><font color = 'blue'> .</font></B>  -Absent
<B><font color = 'blue'> .</font></B>  -Absent
<B><font color = 'blue'> .</font></B>  -Absent
<B><font color = 'blue'> .</font></B>  -Automation CodeeeAuto 
<B><font color = 'blue'> .</font></B>  -skabcdef38@gmail.com
<B><font color = 'blue'> .</font></B>  -Emp-Abzcde-123457
<B><font color = 'blue'> .</font></B>  -2022-10-19
<B><font color = 'blue'> .</font></B>  -Absent
<B><font color = 'blue'> .</font></B>  -Absent
<B><font color = 'blue'> .</font></B>  -undefined
<B><font color = 'blue'> .</font></B>  -Bangalore
<B><font color = 'blue'> .</font></B>  -Testing
<B><font color = 'blue'> .</font></B>  -Absent
<B><font color = 'blue'> .</font></B>  -Absent
<B><font color = 'blue'> .</font></B>  -Absent
<B><font color = 'blue'> .</font></B>  -Absent
<B><font color = 'blue'> .</font></B>  -Absent
<B><font color = 'blue'> .</font></B>  -Absent
<B><font color = 'blue'> .</font></B>  -Absent
<B><font color = 'blue'> .</font></B>  -Absent
<B><font color = 'blue'> .</font></B>  -Absent
<B><font color = 'blue'> .</font></B>  -Absent
<B><font color = 'blue'> .</font></B>  -Absent
<B><font color = 'blue'> .</font></B>  -Automation CodeeeAuto 
<B><font color = 'blue'> .</font></B>  -skabcdef33@gmail.com
<B><font color = 'blue'> .</font></B>  -Emp-Abzcde-1234557
<B><font color = 'blue'> .</font></B>  -2022-10-19
<B><font color = 'blue'> .</font></B>  -Absent
<B><font color = 'blue'> .</font></B>  -Absent
<B><font color = 'blue'> .</font></B>  -undefined
<B><font color = 'blue'> .</font></B>  -Bangalore
<B><font color = 'blue'> .</font></B>  -Testing
<B><font color = 'blue'> .</font></B>  -Absent
<B><font color = 'blue'> .</font></B>  -Absent
<B><font color = 'blue'> .</font></B>  -Absent
<B><font color = 'blue'> .</font></B>  -Absent
<B><font color = 'blue'> .</font></B>  -Absent
<B><font color = 'blue'> .</font></B>  -Absent
<B><font color = 'blue'> .</font></B>  -Absent
<B><font color = 'blue'> .</font></B>  -Absent
<B><font color = 'blue'> .</font></B>  -Absent
<B><font color = 'blue'> .</font></B>  -Absent
<B><font color = 'blue'> .</font></B>  -Absent
<B><font color = 'blue'> .</font></B>  -D Surya Prabhakar 
<B><font color = 'blue'> .</font></B>  -surya1@gmail.com
<B><font color = 'blue'> .</font></B>  -EM010
<B><font color = 'blue'> .</font></B>  -2022-10-19
<B><font color = 'blue'> .</font></B>  -Absent
<B><font color = 'blue'> .</font></B>  -Absent
<B><font color = 'blue'> .</font></B>  -undefined
<B><font color = 'blue'> .</font></B>  -bengaluru
<B><font color = 'blue'> .</font></B>  -Testing
<B><font color = 'blue'> .</font></B>  -Absent
<B><font color = 'blue'> .</font></B>  -Absent
<B><font color = 'blue'> .</font></B>  -Absent
<B><font color = 'blue'> .</font></B>  -Absent
<B><font color = 'blue'> .</font></B>  -Absent
<B><font color = 'blue'> .</font></B>  -Absent
<B><font color = 'blue'> .</font></B>  -Absent
<B><font color = 'blue'> .</font></B>  -Absent
<B><font color = 'blue'> .</font></B>  -Absent
<B><font color = 'blue'> .</font></B>  -Absent
<B><font color = 'blue'> .</font></B>  -Absent
<B><font color = 'blue'> .</font></B>  -ni test 
<B><font color = 'blue'> .</font></B>  -nitest12@gmail.com
<B><font color = 'blue'> .</font></B>  -GLB678
<B><font color = 'blue'> .</font></B>  -2022-10-19
<B><font color = 'blue'> .</font></B>  -Absent
<B><font color = 'blue'> .</font></B>  -Absent
<B><font color = 'blue'> .</font></B>  -undefined
<B><font color = 'blue'> .</font></B>  -bengaluru
<B><font color = 'blue'> .</font></B>  -Testing
<B><font color = 'blue'> .</font></B>  -Absent
<B><font color = 'blue'> .</font></B>  -Absent
<B><font color = 'blue'> .</font></B>  -Absent
<B><font color = 'blue'> .</font></B>  -Absent
<B><font color = 'blue'> .</font></B>  -Absent
<B><font color = 'blue'> .</font></B>  -Absent
<B><font color = 'blue'> .</font></B>  -Absent
<B><font color = 'blue'> .</font></B>  -Absent
<B><font color = 'blue'> .</font></B>  -Absent
<B><font color = 'blue'> .</font></B>  -Absent
<B><font color = 'blue'> .</font></B>  -Absent
<B><font color = 'blue'> .</font></B>  -one test 
<B><font color = 'blue'> .</font></B>  -testone1234@gmail.com
<B><font color = 'blue'> .</font></B>  -0110
<B><font color = 'blue'> .</font></B>  -2022-10-19
<B><font color = 'blue'> .</font></B>  -Absent
<B><font color = 'blue'> .</font></B>  -Absent
<B><font color = 'blue'> .</font></B>  -undefined
<B><font color = 'blue'> .</font></B>  -bengaluru
<B><font color = 'blue'> .</font></B>  -Testing
<B><font color = 'blue'> .</font></B>  -Absent
<B><font color = 'blue'> .</font></B>  -Absent
<B><font color = 'blue'> .</font></B>  -Absent
<B><font color = 'blue'> .</font></B>  -Absent
<B><font color = 'blue'> .</font></B>  -Absent
<B><font color = 'blue'> .</font></B>  -Absent
<B><font color = 'blue'> .</font></B>  -Absent
<B><font color = 'blue'> .</font></B>  -Absent
<B><font color = 'blue'> .</font></B>  -Absent
<B><font color = 'blue'> .</font></B>  -Absent
<B><font color = 'blue'> .</font></B>  -Absent
<B><font color = 'blue'> .</font></B>  -GLB-BLR-010-PC - GLB-BLR-010 
<B><font color = 'blue'> .</font></B>  -abcd@yuksdgus
<B><font color = 'blue'> .</font></B>  -GLB-BLR-010
<B><font color = 'blue'> .</font></B>  -2022-10-19
<B><font color = 'blue'> .</font></B>  -Absent
<B><font color = 'blue'> .</font></B>  -Absent
<B><font color = 'blue'> .</font></B>  -undefined
<B><font color = 'blue'> .</font></B>  -bengaluru
<B><font color = 'blue'> .</font></B>  -Testing
<B><font color = 'blue'> .</font></B>  -Absent
<B><font color = 'blue'> .</font></B>  -Absent
<B><font color = 'blue'> .</font></B>  -Absent
<B><font color = 'blue'> .</font></B>  -Absent
<B><font color = 'blue'> .</font></B>  -Absent
<B><font color = 'blue'> .</font></B>  -Absent
<B><font color = 'blue'> .</font></B>  -Absent
<B><font color = 'blue'> .</font></B>  -Absent
<B><font color = 'blue'> .</font></B>  -Absent
<B><font color = 'blue'> .</font></B>  -Absent
<B><font color = 'blue'> .</font></B>  -Absent
<B><font color = 'blue'> .</font></B>  -surya kk 
<B><font color = 'blue'> .</font></B>  -123@gmail.com
<B><font color = 'blue'> .</font></B>  -mmmmm
<B><font color = 'blue'> .</font></B>  -2022-10-19
<B><font color = 'blue'> .</font></B>  -Absent
<B><font color = 'blue'> .</font></B>  -Absent
<B><font color = 'blue'> .</font></B>  -undefined
<B><font color = 'blue'> .</font></B>  -Tamilnadu
<B><font color = 'blue'> .</font></B>  -Test and Dev
<B><font color = 'blue'> .</font></B>  -Absent
<B><font color = 'blue'> .</font></B>  -Absent
<B><font color = 'blue'> .</font></B>  -Absent
<B><font color = 'blue'> .</font></B>  -Absent
<B><font color = 'blue'> .</font></B>  -Absent
<B><font color = 'blue'> .</font></B>  -Absent
<B><font color = 'blue'> .</font></B>  -Absent
<B><font color = 'blue'> .</font></B>  -Absent
<B><font color = 'blue'> .</font></B>  -Absent
<B><font color = 'blue'> .</font></B>  -Absent
<B><font color = 'blue'> .</font></B>  -Absent
<B><font color = 'blue'> .</font></B>  -sai kk 
<B><font color = 'blue'> .</font></B>  -saikk19876@gmail.com
<B><font color = 'blue'> .</font></B>  -20221019
<B><font color = 'blue'> .</font></B>  -2022-10-19
<B><font color = 'blue'> .</font></B>  -Absent
<B><font color = 'blue'> .</font></B>  -Absent
<B><font color = 'blue'> .</font></B>  -undefined
<B><font color = 'blue'> .</font></B>  -Tamilnadu
<B><font color = 'blue'> .</font></B>  -Test and Dev
<B><font color = 'blue'> .</font></B>  -Absent
<B><font color = 'blue'> .</font></B>  -Absent
<B><font color = 'blue'> .</font></B>  -Absent
<B><font color = 'blue'> .</font></B>  -Absent
<B><font color = 'blue'> .</font></B>  -Absent
<B><font color = 'blue'> .</font></B>  -Absent
<B><font color = 'blue'> .</font></B>  -Absent
<B><font color = 'blue'> .</font></B>  -Absent
<B><font color = 'blue'> .</font></B>  -Absent
<B><font color = 'blue'> .</font></B>  -Absent
<B><font color = 'blue'> .</font></B>  -Absent
<B><font color = 'blue'> .</font></B>  -ajeethemp test 
<B><font color = 'blue'> .</font></B>  -ajeethemp@gmail.com
<B><font color = 'blue'> .</font></B>  -A01
<B><font color = 'blue'> .</font></B>  -2022-10-19
<B><font color = 'blue'> .</font></B>  -Absent
<B><font color = 'blue'> .</font></B>  -Absent
<B><font color = 'blue'> .</font></B>  -undefined
<B><font color = 'blue'> .</font></B>  -Tamilnadu
<B><font color = 'blue'> .</font></B>  -Test and Dev
<B><font color = 'blue'> .</font></B>  -Absent
<B><font color = 'blue'> .</font></B>  -Absent
<B><font color = 'blue'> .</font></B>  -Absent
<B><font color = 'blue'> .</font></B>  -Absent
<B><font color = 'blue'> .</font></B>  -Absent
<B><font color = 'blue'> .</font></B>  -Absent
<B><font color = 'blue'> .</font></B>  -Absent
<B><font color = 'blue'> .</font></B>  -Absent
<B><font color = 'blue'> .</font></B>  -Absent
<B><font color = 'blue'> .</font></B>  -Absent
<B><font color = 'blue'> .</font></B>  -Absent
<B><font color = 'blue'> .</font></B>  -test user two 
<B><font color = 'blue'> .</font></B>  -testuser@two.io
<B><font color = 'blue'> .</font></B>  -GSLL-327
<B><font color = 'blue'> .</font></B>  -2022-10-19
<B><font color = 'blue'> .</font></B>  -Absent
<B><font color = 'blue'> .</font></B>  -Absent
<B><font color = 'blue'> .</font></B>  -undefined
<B><font color = 'blue'> .</font></B>  -Tamilnadu
<B><font color = 'blue'> .</font></B>  -Test and Dev
<B><font color = 'blue'> .</font></B>  -Absent
<B><font color = 'blue'> .</font></B>  -Absent
<B><font color = 'blue'> .</font></B>  -Absent
<B><font color = 'blue'> .</font></B>  -Absent
<B><font color = 'blue'> .</font></B>  -Absent
<B><font color = 'blue'> .</font></B>  -Absent
<B><font color = 'blue'> .</font></B>  -Absent
<B><font color = 'blue'> .</font></B>  -Absent
<B><font color = 'blue'> .</font></B>  -Absent
<B><font color = 'blue'> .</font></B>  -Absent
<B><font color = 'blue'> .</font></B>  -Absent
<B><font color = 'blue'> .</font></B>  -dxgfdxg gssdg 
<B><font color = 'blue'> .</font></B>  -sdgsg@dgksodkg.in
<B><font color = 'blue'> .</font></B>  -asfda343443
<B><font color = 'blue'> .</font></B>  -2022-10-19
<B><font color = 'blue'> .</font></B>  -Absent
<B><font color = 'blue'> .</font></B>  -Absent
<B><font color = 'blue'> .</font></B>  -undefined
<B><font color = 'blue'> .</font></B>  -Bhilai
<B><font color = 'blue'> .</font></B>  -Php
<B><font color = 'blue'> .</font></B>  -Absent
<B><font color = 'blue'> .</font></B>  -Absent
<B><font color = 'blue'> .</font></B>  -Absent
<B><font color = 'blue'> .</font></B>  -Absent
<B><font color = 'blue'> .</font></B>  -Absent
<B><font color = 'blue'> .</font></B>  -Absent
<B><font color = 'blue'> .</font></B>  -Absent
<B><font color = 'blue'> .</font></B>  -Absent
<B><font color = 'blue'> .</font></B>  -Absent
<B><font color = 'blue'> .</font></B>  -Absent
<B><font color = 'blue'> .</font></B>  -Absent
<B><font color = 'blue'> .</font></B>  -Guest User 
<B><font color = 'blue'> .</font></B>  -guestuser@gmail.com
<B><font color = 'blue'> .</font></B>  -GLB-777
<B><font color = 'blue'> .</font></B>  -2022-10-19
<B><font color = 'blue'> .</font></B>  -Absent
<B><font color = 'blue'> .</font></B>  -Absent
<B><font color = 'blue'> .</font></B>  -undefined
<B><font color = 'blue'> .</font></B>  -Bhilai
<B><font color = 'blue'> .</font></B>  -Php
<B><font color = 'blue'> .</font></B>  -Absent
<B><font color = 'blue'> .</font></B>  -Absent
<B><font color = 'blue'> .</font></B>  -Absent
<B><font color = 'blue'> .</font></B>  -Absent
<B><font color = 'blue'> .</font></B>  -Absent
<B><font color = 'blue'> .</font></B>  -Absent
<B><font color = 'blue'> .</font></B>  -Absent
<B><font color = 'blue'> .</font></B>  -Absent
<B><font color = 'blue'> .</font></B>  -Absent
<B><font color = 'blue'> .</font></B>  -Absent
<B><font color = 'blue'> .</font></B>  -Absent
<B><font color = 'blue'> .</font></B>  -sumesh test 
<B><font color = 'blue'> .</font></B>  -sumesh@mail.com
<B><font color = 'blue'> .</font></B>  -fdgfdgf
<B><font color = 'blue'> .</font></B>  -2022-10-18
<B><font color = 'blue'> .</font></B>  -18-10-2022 15:15:19
<B><font color = 'blue'> .</font></B>  -18-10-2022 16:12:19
<B><font color = 'blue'> .</font></B>  -GLB-124-PC
<B><font color = 'blue'> .</font></B>  -Bangalore
<B><font color = 'blue'> .</font></B>  -Testing
<B><font color = 'blue'> .</font></B>  -00:57:00
<B><font color = 'blue'> .</font></B>  -00:00:00
<B><font color = 'blue'> .</font></B>  -00:00:00
<B><font color = 'blue'> .</font></B>  -00:00:00
<B><font color = 'blue'> .</font></B>  -00:00:00
<B><font color = 'blue'> .</font></B>  -00:00:00
<B><font color = 'blue'> .</font></B>  -00:00:00
<B><font color = 'blue'> .</font></B>  -00:57:00
<B><font color = 'blue'> .</font></B>  -0.00%
<B><font color = 'blue'> .</font></B>  --480:00
<B><font color = 'blue'> .</font></B>  -0.00
<B><font color = 'blue'> .</font></B>  -Himanshu Kumar 
<B><font color = 'blue'> .</font></B>  -himanshu1@gmail.com
<B><font color = 'blue'> .</font></B>  -EM011
<B><font color = 'blue'> .</font></B>  -2022-10-18
<B><font color = 'blue'> .</font></B>  -18-10-2022 19:37:31
<B><font color = 'blue'> .</font></B>  -19-10-2022 00:00:00
<B><font color = 'blue'> .</font></B>  -GLB-181
<B><font color = 'blue'> .</font></B>  -bagalkot
<B><font color = 'blue'> .</font></B>  -manual testing
<B><font color = 'blue'> .</font></B>  -04:22:29
<B><font color = 'blue'> .</font></B>  -00:00:00
<B><font color = 'blue'> .</font></B>  -00:00:00
<B><font color = 'blue'> .</font></B>  -00:00:00
<B><font color = 'blue'> .</font></B>  -00:00:00
<B><font color = 'blue'> .</font></B>  -00:00:00
<B><font color = 'blue'> .</font></B>  -00:00:00
<B><font color = 'blue'> .</font></B>  -04:22:29
<B><font color = 'blue'> .</font></B>  -0.00%
<B><font color = 'blue'> .</font></B>  --480:00
<B><font color = 'blue'> .</font></B>  -0.00
<B><font color = 'blue'> .</font></B>  -Virat kohli 
<B><font color = 'blue'> .</font></B>  -rahukbgdxgsf@gmail.com
<B><font color = 'blue'> .</font></B>  -65332
<B><font color = 'blue'> .</font></B>  -2022-10-18
<B><font color = 'blue'> .</font></B>  -Absent
<B><font color = 'blue'> .</font></B>  -Absent
<B><font color = 'blue'> .</font></B>  -undefined
<B><font color = 'blue'> .</font></B>  -Default
<B><font color = 'blue'> .</font></B>  -Default
<B><font color = 'blue'> .</font></B>  -Absent
<B><font color = 'blue'> .</font></B>  -Absent
<B><font color = 'blue'> .</font></B>  -Absent
<B><font color = 'blue'> .</font></B>  -Absent
<B><font color = 'blue'> .</font></B>  -Absent
<B><font color = 'blue'> .</font></B>  -Absent
<B><font color = 'blue'> .</font></B>  -Absent
<B><font color = 'blue'> .</font></B>  -Absent
<B><font color = 'blue'> .</font></B>  -Absent
<B><font color = 'blue'> .</font></B>  -Absent
<B><font color = 'blue'> .</font></B>  -Absent
<B><font color = 'blue'> .</font></B>  -sadas kadkasdj 
<B><font color = 'blue'> .</font></B>  -dsa@eqe
<B><font color = 'blue'> .</font></B>  -emp129666
<B><font color = 'blue'> .</font></B>  -2022-10-18
<B><font color = 'blue'> .</font></B>  -Absent
<B><font color = 'blue'> .</font></B>  -Absent
<B><font color = 'blue'> .</font></B>  -undefined
<B><font color = 'blue'> .</font></B>  -Default
<B><font color = 'blue'> .</font></B>  -Default
<B><font color = 'blue'> .</font></B>  -Absent
<B><font color = 'blue'> .</font></B>  -Absent
<B><font color = 'blue'> .</font></B>  -Absent
<B><font color = 'blue'> .</font></B>  -Absent
<B><font color = 'blue'> .</font></B>  -Absent
<B><font color = 'blue'> .</font></B>  -Absent
<B><font color = 'blue'> .</font></B>  -Absent
<B><font color = 'blue'> .</font></B>  -Absent
<B><font color = 'blue'> .</font></B>  -Absent
<B><font color = 'blue'> .</font></B>  -Absent
<B><font color = 'blue'> .</font></B>  -Absent
<B><font color = 'blue'> .</font></B>  -New Test 
<B><font color = 'blue'> .</font></B>  -newtest@gmail.com
<B><font color = 'blue'> .</font></B>  -ewer334443
<B><font color = 'blue'> .</font></B>  -2022-10-18
<B><font color = 'blue'> .</font></B>  -Absent
<B><font color = 'blue'> .</font></B>  -Absent
<B><font color = 'blue'> .</font></B>  -undefined
<B><font color = 'blue'> .</font></B>  -Default
<B><font color = 'blue'> .</font></B>  -Default
<B><font color = 'blue'> .</font></B>  -Absent
<B><font color = 'blue'> .</font></B>  -Absent
<B><font color = 'blue'> .</font></B>  -Absent
<B><font color = 'blue'> .</font></B>  -Absent
<B><font color = 'blue'> .</font></B>  -Absent
<B><font color = 'blue'> .</font></B>  -Absent
<B><font color = 'blue'> .</font></B>  -Absent
<B><font color = 'blue'> .</font></B>  -Absent
<B><font color = 'blue'> .</font></B>  -Absent
<B><font color = 'blue'> .</font></B>  -Absent
<B><font color = 'blue'> .</font></B>  -Absent
<B><font color = 'blue'> .</font></B>  -dshcdb uidsbf 
<B><font color = 'blue'> .</font></B>  -dvbvdb@yahoo.com
<B><font color = 'blue'> .</font></B>  -435454
<B><font color = 'blue'> .</font></B>  -2022-10-18
<B><font color = 'blue'> .</font></B>  -Absent
<B><font color = 'blue'> .</font></B>  -Absent
<B><font color = 'blue'> .</font></B>  -undefined
<B><font color = 'blue'> .</font></B>  -Default
<B><font color = 'blue'> .</font></B>  -Default
<B><font color = 'blue'> .</font></B>  -Absent
<B><font color = 'blue'> .</font></B>  -Absent
<B><font color = 'blue'> .</font></B>  -Absent
<B><font color = 'blue'> .</font></B>  -Absent
<B><font color = 'blue'> .</font></B>  -Absent
<B><font color = 'blue'> .</font></B>  -Absent
<B><font color = 'blue'> .</font></B>  -Absent
<B><font color = 'blue'> .</font></B>  -Absent
<B><font color = 'blue'> .</font></B>  -Absent
<B><font color = 'blue'> .</font></B>  -Absent
<B><font color = 'blue'> .</font></B>  -Absent
<B><font color = 'blue'> .</font></B>  -try last 
<B><font color = 'blue'> .</font></B>  -try@gmail.com
<B><font color = 'blue'> .</font></B>  -1225455
<B><font color = 'blue'> .</font></B>  -2022-10-18
<B><font color = 'blue'> .</font></B>  -Absent
<B><font color = 'blue'> .</font></B>  -Absent
<B><font color = 'blue'> .</font></B>  -undefined
<B><font color = 'blue'> .</font></B>  -Default
<B><font color = 'blue'> .</font></B>  -Default
<B><font color = 'blue'> .</font></B>  -Absent
<B><font color = 'blue'> .</font></B>  -Absent
<B><font color = 'blue'> .</font></B>  -Absent
<B><font color = 'blue'> .</font></B>  -Absent
<B><font color = 'blue'> .</font></B>  -Absent
<B><font color = 'blue'> .</font></B>  -Absent
<B><font color = 'blue'> .</font></B>  -Absent
<B><font color = 'blue'> .</font></B>  -Absent
<B><font color = 'blue'> .</font></B>  -Absent
<B><font color = 'blue'> .</font></B>  -Absent
<B><font color = 'blue'> .</font></B>  -Absent
<B><font color = 'blue'> .</font></B>  -vdjvdb yusvdvbbh 
<B><font color = 'blue'> .</font></B>  -dvhbfdh@gmail.com
<B><font color = 'blue'> .</font></B>  -wq534342
<B><font color = 'blue'> .</font></B>  -2022-10-18
<B><font color = 'blue'> .</font></B>  -Absent
<B><font color = 'blue'> .</font></B>  -Absent
<B><font color = 'blue'> .</font></B>  -undefined
<B><font color = 'blue'> .</font></B>  -Default
<B><font color = 'blue'> .</font></B>  -Default
<B><font color = 'blue'> .</font></B>  -Absent
<B><font color = 'blue'> .</font></B>  -Absent
<B><font color = 'blue'> .</font></B>  -Absent
<B><font color = 'blue'> .</font></B>  -Absent
<B><font color = 'blue'> .</font></B>  -Absent
<B><font color = 'blue'> .</font></B>  -Absent
<B><font color = 'blue'> .</font></B>  -Absent
<B><font color = 'blue'> .</font></B>  -Absent
<B><font color = 'blue'> .</font></B>  -Absent
<B><font color = 'blue'> .</font></B>  -Absent
<B><font color = 'blue'> .</font></B>  -Absent
<B><font color = 'blue'> .</font></B>  -Mail Test user 
<B><font color = 'blue'> .</font></B>  -maintest@user.io
<B><font color = 'blue'> .</font></B>  -GLB-1223888
<B><font color = 'blue'> .</font></B>  -2022-10-18
<B><font color = 'blue'> .</font></B>  -Absent
<B><font color = 'blue'> .</font></B>  -Absent
<B><font color = 'blue'> .</font></B>  -undefined
<B><font color = 'blue'> .</font></B>  -Default
<B><font color = 'blue'> .</font></B>  -Default
<B><font color = 'blue'> .</font></B>  -Absent
<B><font color = 'blue'> .</font></B>  -Absent
<B><font color = 'blue'> .</font></B>  -Absent
<B><font color = 'blue'> .</font></B>  -Absent
<B><font color = 'blue'> .</font></B>  -Absent
<B><font color = 'blue'> .</font></B>  -Absent
<B><font color = 'blue'> .</font></B>  -Absent
<B><font color = 'blue'> .</font></B>  -Absent
<B><font color = 'blue'> .</font></B>  -Absent
<B><font color = 'blue'> .</font></B>  -Absent
<B><font color = 'blue'> .</font></B>  -Absent
<B><font color = 'blue'> .</font></B>  -Update Check 
<B><font color = 'blue'> .</font></B>  -updates@gmail.com
<B><font color = 'blue'> .</font></B>  -emp543
<B><font color = 'blue'> .</font></B>  -2022-10-18
<B><font color = 'blue'> .</font></B>  -Absent
<B><font color = 'blue'> .</font></B>  -Absent
<B><font color = 'blue'> .</font></B>  -undefined
<B><font color = 'blue'> .</font></B>  -Default
<B><font color = 'blue'> .</font></B>  -Default
<B><font color = 'blue'> .</font></B>  -Absent
<B><font color = 'blue'> .</font></B>  -Absent
<B><font color = 'blue'> .</font></B>  -Absent
<B><font color = 'blue'> .</font></B>  -Absent
<B><font color = 'blue'> .</font></B>  -Absent
<B><font color = 'blue'> .</font></B>  -Absent
<B><font color = 'blue'> .</font></B>  -Absent
<B><font color = 'blue'> .</font></B>  -Absent
<B><font color = 'blue'> .</font></B>  -Absent
<B><font color = 'blue'> .</font></B>  -Absent
<B><font color = 'blue'> .</font></B>  -Absent
<B><font color = 'blue'> .</font></B>  -test manager 
<B><font color = 'blue'> .</font></B>  -manageremp@gmail.com
<B><font color = 'blue'> .</font></B>  -glb020
<B><font color = 'blue'> .</font></B>  -2022-10-18
<B><font color = 'blue'> .</font></B>  -Absent
<B><font color = 'blue'> .</font></B>  -Absent
<B><font color = 'blue'> .</font></B>  -undefined
<B><font color = 'blue'> .</font></B>  -Default
<B><font color = 'blue'> .</font></B>  -Default
<B><font color = 'blue'> .</font></B>  -Absent
<B><font color = 'blue'> .</font></B>  -Absent
<B><font color = 'blue'> .</font></B>  -Absent
<B><font color = 'blue'> .</font></B>  -Absent
<B><font color = 'blue'> .</font></B>  -Absent
<B><font color = 'blue'> .</font></B>  -Absent
<B><font color = 'blue'> .</font></B>  -Absent
<B><font color = 'blue'> .</font></B>  -Absent
<B><font color = 'blue'> .</font></B>  -Absent
<B><font color = 'blue'> .</font></B>  -Absent
<B><font color = 'blue'> .</font></B>  -Absent
<B><font color = 'blue'> .</font></B>  -DESKTOP-PJJHB19 - GLB-BLR-002OjUpRD2 
<B><font color = 'blue'> .</font></B>  --
<B><font color = 'blue'> .</font></B>  -GLB-BLR-002OjUpRD2
<B><font color = 'blue'> .</font></B>  -2022-10-18
<B><font color = 'blue'> .</font></B>  -Absent
<B><font color = 'blue'> .</font></B>  -Absent
<B><font color = 'blue'> .</font></B>  -undefined
<B><font color = 'blue'> .</font></B>  -Default
<B><font color = 'blue'> .</font></B>  -Default
<B><font color = 'blue'> .</font></B>  -Absent
<B><font color = 'blue'> .</font></B>  -Absent
<B><font color = 'blue'> .</font></B>  -Absent
<B><font color = 'blue'> .</font></B>  -Absent
<B><font color = 'blue'> .</font></B>  -Absent
<B><font color = 'blue'> .</font></B>  -Absent
<B><font color = 'blue'> .</font></B>  -Absent
<B><font color = 'blue'> .</font></B>  -Absent
<B><font color = 'blue'> .</font></B>  -Absent
<B><font color = 'blue'> .</font></B>  -Absent
<B><font color = 'blue'> .</font></B>  -Absent
<B><font color = 'blue'> .</font></B>  -Usb Test 
<B><font color = 'blue'> .</font></B>  -usbtest123@gmail.com
<B><font color = 'blue'> .</font></B>  -emp0097
<B><font color = 'blue'> .</font></B>  -2022-10-18
<B><font color = 'blue'> .</font></B>  -Absent
<B><font color = 'blue'> .</font></B>  -Absent
<B><font color = 'blue'> .</font></B>  -undefined
<B><font color = 'blue'> .</font></B>  -Default
<B><font color = 'blue'> .</font></B>  -Default
<B><font color = 'blue'> .</font></B>  -Absent
<B><font color = 'blue'> .</font></B>  -Absent
<B><font color = 'blue'> .</font></B>  -Absent
<B><font color = 'blue'> .</font></B>  -Absent
<B><font color = 'blue'> .</font></B>  -Absent
<B><font color = 'blue'> .</font></B>  -Absent
<B><font color = 'blue'> .</font></B>  -Absent
<B><font color = 'blue'> .</font></B>  -Absent
<B><font color = 'blue'> .</font></B>  -Absent
<B><font color = 'blue'> .</font></B>  -Absent
<B><font color = 'blue'> .</font></B>  -Absent
<B><font color = 'blue'> .</font></B>  -SS Keystrokes 
<B><font color = 'blue'> .</font></B>  -sskey@gmail.com
<B><font color = 'blue'> .</font></B>  -emp98y
<B><font color = 'blue'> .</font></B>  -2022-10-18
<B><font color = 'blue'> .</font></B>  -Absent
<B><font color = 'blue'> .</font></B>  -Absent
<B><font color = 'blue'> .</font></B>  -undefined
<B><font color = 'blue'> .</font></B>  -Default
<B><font color = 'blue'> .</font></B>  -Default
<B><font color = 'blue'> .</font></B>  -Absent
<B><font color = 'blue'> .</font></B>  -Absent
<B><font color = 'blue'> .</font></B>  -Absent
<B><font color = 'blue'> .</font></B>  -Absent
<B><font color = 'blue'> .</font></B>  -Absent
<B><font color = 'blue'> .</font></B>  -Absent
<B><font color = 'blue'> .</font></B>  -Absent
<B><font color = 'blue'> .</font></B>  -Absent
<B><font color = 'blue'> .</font></B>  -Absent
<B><font color = 'blue'> .</font></B>  -Absent
<B><font color = 'blue'> .</font></B>  -Absent
<B><font color = 'blue'> .</font></B>  -shivammmmmmmmmmmmmmmmmmmm Kumar 
<B><font color = 'blue'> .</font></B>  -kgfyash545@gmail.com
<B><font color = 'blue'> .</font></B>  -hsakhdjk414
<B><font color = 'blue'> .</font></B>  -2022-10-18
<B><font color = 'blue'> .</font></B>  -Absent
<B><font color = 'blue'> .</font></B>  -Absent
<B><font color = 'blue'> .</font></B>  -undefined
<B><font color = 'blue'> .</font></B>  -Default
<B><font color = 'blue'> .</font></B>  -Default
<B><font color = 'blue'> .</font></B>  -Absent
<B><font color = 'blue'> .</font></B>  -Absent
<B><font color = 'blue'> .</font></B>  -Absent
<B><font color = 'blue'> .</font></B>  -Absent
<B><font color = 'blue'> .</font></B>  -Absent
<B><font color = 'blue'> .</font></B>  -Absent
<B><font color = 'blue'> .</font></B>  -Absent
<B><font color = 'blue'> .</font></B>  -Absent
<B><font color = 'blue'> .</font></B>  -Absent
<B><font color = 'blue'> .</font></B>  -Absent
<B><font color = 'blue'> .</font></B>  -Absent
<B><font color = 'blue'> .</font></B>  -Abhishek Four tf test 
<B><font color = 'blue'> .</font></B>  -abhishekfourtf@mail.com
<B><font color = 'blue'> .</font></B>  -HLIKSJ98
<B><font color = 'blue'> .</font></B>  -2022-10-18
<B><font color = 'blue'> .</font></B>  -Absent
<B><font color = 'blue'> .</font></B>  -Absent
<B><font color = 'blue'> .</font></B>  -undefined
<B><font color = 'blue'> .</font></B>  -Default
<B><font color = 'blue'> .</font></B>  -Default
<B><font color = 'blue'> .</font></B>  -Absent
<B><font color = 'blue'> .</font></B>  -Absent
<B><font color = 'blue'> .</font></B>  -Absent
<B><font color = 'blue'> .</font></B>  -Absent
<B><font color = 'blue'> .</font></B>  -Absent
<B><font color = 'blue'> .</font></B>  -Absent
<B><font color = 'blue'> .</font></B>  -Absent
<B><font color = 'blue'> .</font></B>  -Absent
<B><font color = 'blue'> .</font></B>  -Absent
<B><font color = 'blue'> .</font></B>  -Absent
<B><font color = 'blue'> .</font></B>  -Absent
<B><font color = 'blue'> .</font></B>  -new dev user 
<B><font color = 'blue'> .</font></B>  -new@dev.user
<B><font color = 'blue'> .</font></B>  -fdfsfsd
<B><font color = 'blue'> .</font></B>  -2022-10-18
<B><font color = 'blue'> .</font></B>  -Absent
<B><font color = 'blue'> .</font></B>  -Absent
<B><font color = 'blue'> .</font></B>  -undefined
<B><font color = 'blue'> .</font></B>  -Default
<B><font color = 'blue'> .</font></B>  -Default
<B><font color = 'blue'> .</font></B>  -Absent
<B><font color = 'blue'> .</font></B>  -Absent
<B><font color = 'blue'> .</font></B>  -Absent
<B><font color = 'blue'> .</font></B>  -Absent
<B><font color = 'blue'> .</font></B>  -Absent
<B><font color = 'blue'> .</font></B>  -Absent
<B><font color = 'blue'> .</font></B>  -Absent
<B><font color = 'blue'> .</font></B>  -Absent
<B><font color = 'blue'> .</font></B>  -Absent
<B><font color = 'blue'> .</font></B>  -Absent
<B><font color = 'blue'> .</font></B>  -Absent
<B><font color = 'blue'> .</font></B>  -aaaaaaaaaa aaaaaaaaa 
<B><font color = 'blue'> .</font></B>  -mmmm@gmail.com
<B><font color = 'blue'> .</font></B>  -80765s
<B><font color = 'blue'> .</font></B>  -2022-10-18
<B><font color = 'blue'> .</font></B>  -Absent
<B><font color = 'blue'> .</font></B>  -Absent
<B><font color = 'blue'> .</font></B>  -undefined
<B><font color = 'blue'> .</font></B>  -Bangalore
<B><font color = 'blue'> .</font></B>  -Testing
<B><font color = 'blue'> .</font></B>  -Absent
<B><font color = 'blue'> .</font></B>  -Absent
<B><font color = 'blue'> .</font></B>  -Absent
<B><font color = 'blue'> .</font></B>  -Absent
<B><font color = 'blue'> .</font></B>  -Absent
<B><font color = 'blue'> .</font></B>  -Absent
<B><font color = 'blue'> .</font></B>  -Absent
<B><font color = 'blue'> .</font></B>  -Absent
<B><font color = 'blue'> .</font></B>  -Absent
<B><font color = 'blue'> .</font></B>  -Absent
<B><font color = 'blue'> .</font></B>  -Absent
<B><font color = 'blue'> .</font></B>  -Test msc 
<B><font color = 'blue'> .</font></B>  -test123@gmail.com
<B><font color = 'blue'> .</font></B>  -12254
<B><font color = 'blue'> .</font></B>  -2022-10-18
<B><font color = 'blue'> .</font></B>  -Absent
<B><font color = 'blue'> .</font></B>  -Absent
<B><font color = 'blue'> .</font></B>  -undefined
<B><font color = 'blue'> .</font></B>  -Bangalore
<B><font color = 'blue'> .</font></B>  -Testing
<B><font color = 'blue'> .</font></B>  -Absent
<B><font color = 'blue'> .</font></B>  -Absent
<B><font color = 'blue'> .</font></B>  -Absent
<B><font color = 'blue'> .</font></B>  -Absent
<B><font color = 'blue'> .</font></B>  -Absent
<B><font color = 'blue'> .</font></B>  -Absent
<B><font color = 'blue'> .</font></B>  -Absent
<B><font color = 'blue'> .</font></B>  -Absent
<B><font color = 'blue'> .</font></B>  -Absent
<B><font color = 'blue'> .</font></B>  -Absent
<B><font color = 'blue'> .</font></B>  -Absent
<B><font color = 'blue'> .</font></B>  -deffdfds vscsc 
<B><font color = 'blue'> .</font></B>  -cscsdw123@gmail.com
<B><font color = 'blue'> .</font></B>  -1234512
<B><font color = 'blue'> .</font></B>  -2022-10-18
<B><font color = 'blue'> .</font></B>  -Absent
<B><font color = 'blue'> .</font></B>  -Absent
<B><font color = 'blue'> .</font></B>  -undefined
<B><font color = 'blue'> .</font></B>  -Bangalore
<B><font color = 'blue'> .</font></B>  -Testing
<B><font color = 'blue'> .</font></B>  -Absent
<B><font color = 'blue'> .</font></B>  -Absent
<B><font color = 'blue'> .</font></B>  -Absent
<B><font color = 'blue'> .</font></B>  -Absent
<B><font color = 'blue'> .</font></B>  -Absent
<B><font color = 'blue'> .</font></B>  -Absent
<B><font color = 'blue'> .</font></B>  -Absent
<B><font color = 'blue'> .</font></B>  -Absent
<B><font color = 'blue'> .</font></B>  -Absent
<B><font color = 'blue'> .</font></B>  -Absent
<B><font color = 'blue'> .</font></B>  -Absent
<B><font color = 'blue'> .</font></B>  -test testtt 
<B><font color = 'blue'> .</font></B>  -abcd@gmail.com
<B><font color = 'blue'> .</font></B>  -GLB55
<B><font color = 'blue'> .</font></B>  -2022-10-18
<B><font color = 'blue'> .</font></B>  -Absent
<B><font color = 'blue'> .</font></B>  -Absent
<B><font color = 'blue'> .</font></B>  -undefined
<B><font color = 'blue'> .</font></B>  -Bangalore
<B><font color = 'blue'> .</font></B>  -Testing
<B><font color = 'blue'> .</font></B>  -Absent
<B><font color = 'blue'> .</font></B>  -Absent
<B><font color = 'blue'> .</font></B>  -Absent
<B><font color = 'blue'> .</font></B>  -Absent
<B><font color = 'blue'> .</font></B>  -Absent
<B><font color = 'blue'> .</font></B>  -Absent
<B><font color = 'blue'> .</font></B>  -Absent
<B><font color = 'blue'> .</font></B>  -Absent
<B><font color = 'blue'> .</font></B>  -Absent
<B><font color = 'blue'> .</font></B>  -Absent
<B><font color = 'blue'> .</font></B>  -Absent
<B><font color = 'blue'> .</font></B>  -Abhishe tt 
<B><font color = 'blue'> .</font></B>  -ab@ab.com
<B><font color = 'blue'> .</font></B>  -GKD567
<B><font color = 'blue'> .</font></B>  -2022-10-18
<B><font color = 'blue'> .</font></B>  -Absent
<B><font color = 'blue'> .</font></B>  -Absent
<B><font color = 'blue'> .</font></B>  -undefined
<B><font color = 'blue'> .</font></B>  -Bangalore
<B><font color = 'blue'> .</font></B>  -Testing
<B><font color = 'blue'> .</font></B>  -Absent
<B><font color = 'blue'> .</font></B>  -Absent
<B><font color = 'blue'> .</font></B>  -Absent
<B><font color = 'blue'> .</font></B>  -Absent
<B><font color = 'blue'> .</font></B>  -Absent
<B><font color = 'blue'> .</font></B>  -Absent
<B><font color = 'blue'> .</font></B>  -Absent
<B><font color = 'blue'> .</font></B>  -Absent
<B><font color = 'blue'> .</font></B>  -Absent
<B><font color = 'blue'> .</font></B>  -Absent
<B><font color = 'blue'> .</font></B>  -Absent
<B><font color = 'blue'> .</font></B>  -test nonadmin 
<B><font color = 'blue'> .</font></B>  -testnonadmin@gmail.com
<B><font color = 'blue'> .</font></B>  -GLB026
<B><font color = 'blue'> .</font></B>  -2022-10-18
<B><font color = 'blue'> .</font></B>  -Absent
<B><font color = 'blue'> .</font></B>  -Absent
<B><font color = 'blue'> .</font></B>  -undefined
<B><font color = 'blue'> .</font></B>  -Bangalore
<B><font color = 'blue'> .</font></B>  -Php
<B><font color = 'blue'> .</font></B>  -Absent
<B><font color = 'blue'> .</font></B>  -Absent
<B><font color = 'blue'> .</font></B>  -Absent
<B><font color = 'blue'> .</font></B>  -Absent
<B><font color = 'blue'> .</font></B>  -Absent
<B><font color = 'blue'> .</font></B>  -Absent
<B><font color = 'blue'> .</font></B>  -Absent
<B><font color = 'blue'> .</font></B>  -Absent
<B><font color = 'blue'> .</font></B>  -Absent
<B><font color = 'blue'> .</font></B>  -Absent
<B><font color = 'blue'> .</font></B>  -Absent
<B><font color = 'blue'> .</font></B>  -adg ckj 
<B><font color = 'blue'> .</font></B>  -adcs@1234
<B><font color = 'blue'> .</font></B>  -583
<B><font color = 'blue'> .</font></B>  -2022-10-18
<B><font color = 'blue'> .</font></B>  -Absent
<B><font color = 'blue'> .</font></B>  -Absent
<B><font color = 'blue'> .</font></B>  -undefined
<B><font color = 'blue'> .</font></B>  -Bangalore
<B><font color = 'blue'> .</font></B>  -Testing
<B><font color = 'blue'> .</font></B>  -Absent
<B><font color = 'blue'> .</font></B>  -Absent
<B><font color = 'blue'> .</font></B>  -Absent
<B><font color = 'blue'> .</font></B>  -Absent
<B><font color = 'blue'> .</font></B>  -Absent
<B><font color = 'blue'> .</font></B>  -Absent
<B><font color = 'blue'> .</font></B>  -Absent
<B><font color = 'blue'> .</font></B>  -Absent
<B><font color = 'blue'> .</font></B>  -Absent
<B><font color = 'blue'> .</font></B>  -Absent
<B><font color = 'blue'> .</font></B>  -Absent
<B><font color = 'blue'> .</font></B>  -dominic toretto 
<B><font color = 'blue'> .</font></B>  -dom.toretto737@gmail.com
<B><font color = 'blue'> .</font></B>  -EMP011
<B><font color = 'blue'> .</font></B>  -2022-10-18
<B><font color = 'blue'> .</font></B>  -Absent
<B><font color = 'blue'> .</font></B>  -Absent
<B><font color = 'blue'> .</font></B>  -undefined
<B><font color = 'blue'> .</font></B>  -Bangalore
<B><font color = 'blue'> .</font></B>  -Testing
<B><font color = 'blue'> .</font></B>  -Absent
<B><font color = 'blue'> .</font></B>  -Absent
<B><font color = 'blue'> .</font></B>  -Absent
<B><font color = 'blue'> .</font></B>  -Absent
<B><font color = 'blue'> .</font></B>  -Absent
<B><font color = 'blue'> .</font></B>  -Absent
<B><font color = 'blue'> .</font></B>  -Absent
<B><font color = 'blue'> .</font></B>  -Absent
<B><font color = 'blue'> .</font></B>  -Absent
<B><font color = 'blue'> .</font></B>  -Absent
<B><font color = 'blue'> .</font></B>  -Absent
<B><font color = 'blue'> .</font></B>  -Abhishek Test 
<B><font color = 'blue'> .</font></B>  -abhishektrest@glb.in
<B><font color = 'blue'> .</font></B>  -rN7tvEiDPGNi4fD
<B><font color = 'blue'> .</font></B>  -2022-10-18
<B><font color = 'blue'> .</font></B>  -Absent
<B><font color = 'blue'> .</font></B>  -Absent
<B><font color = 'blue'> .</font></B>  -undefined
<B><font color = 'blue'> .</font></B>  -Bangalore
<B><font color = 'blue'> .</font></B>  -Php
<B><font color = 'blue'> .</font></B>  -Absent
<B><font color = 'blue'> .</font></B>  -Absent
<B><font color = 'blue'> .</font></B>  -Absent
<B><font color = 'blue'> .</font></B>  -Absent
<B><font color = 'blue'> .</font></B>  -Absent
<B><font color = 'blue'> .</font></B>  -Absent
<B><font color = 'blue'> .</font></B>  -Absent
<B><font color = 'blue'> .</font></B>  -Absent
<B><font color = 'blue'> .</font></B>  -Absent
<B><font color = 'blue'> .</font></B>  -Absent
<B><font color = 'blue'> .</font></B>  -Absent
<B><font color = 'blue'> .</font></B>  -Superior Test one 
<B><font color = 'blue'> .</font></B>  -superiorone@gmail.com
<B><font color = 'blue'> .</font></B>  -twoqw
<B><font color = 'blue'> .</font></B>  -2022-10-18
<B><font color = 'blue'> .</font></B>  -Absent
<B><font color = 'blue'> .</font></B>  -Absent
<B><font color = 'blue'> .</font></B>  -undefined
<B><font color = 'blue'> .</font></B>  -Bangalore
<B><font color = 'blue'> .</font></B>  -Testing
<B><font color = 'blue'> .</font></B>  -Absent
<B><font color = 'blue'> .</font></B>  -Absent
<B><font color = 'blue'> .</font></B>  -Absent
<B><font color = 'blue'> .</font></B>  -Absent
<B><font color = 'blue'> .</font></B>  -Absent
<B><font color = 'blue'> .</font></B>  -Absent
<B><font color = 'blue'> .</font></B>  -Absent
<B><font color = 'blue'> .</font></B>  -Absent
<B><font color = 'blue'> .</font></B>  -Absent
<B><font color = 'blue'> .</font></B>  -Absent
<B><font color = 'blue'> .</font></B>  -Absent
<B><font color = 'blue'> .</font></B>  -test testw 
<B><font color = 'blue'> .</font></B>  -test@mac.in
<B><font color = 'blue'> .</font></B>  -aaf123
<B><font color = 'blue'> .</font></B>  -2022-10-18
<B><font color = 'blue'> .</font></B>  -Absent
<B><font color = 'blue'> .</font></B>  -Absent
<B><font color = 'blue'> .</font></B>  -undefined
<B><font color = 'blue'> .</font></B>  -Bangalore
<B><font color = 'blue'> .</font></B>  -Php
<B><font color = 'blue'> .</font></B>  -Absent
<B><font color = 'blue'> .</font></B>  -Absent
<B><font color = 'blue'> .</font></B>  -Absent
<B><font color = 'blue'> .</font></B>  -Absent
<B><font color = 'blue'> .</font></B>  -Absent
<B><font color = 'blue'> .</font></B>  -Absent
<B><font color = 'blue'> .</font></B>  -Absent
<B><font color = 'blue'> .</font></B>  -Absent
<B><font color = 'blue'> .</font></B>  -Absent
<B><font color = 'blue'> .</font></B>  -Absent
<B><font color = 'blue'> .</font></B>  -Absent
<B><font color = 'blue'> .</font></B>  -sam eer 
<B><font color = 'blue'> .</font></B>  -sam@rf.in
<B><font color = 'blue'> .</font></B>  -WSAERT2Q34E
<B><font color = 'blue'> .</font></B>  -2022-10-18
<B><font color = 'blue'> .</font></B>  -Absent
<B><font color = 'blue'> .</font></B>  -Absent
<B><font color = 'blue'> .</font></B>  -undefined
<B><font color = 'blue'> .</font></B>  -Bangalore
<B><font color = 'blue'> .</font></B>  -Testing
<B><font color = 'blue'> .</font></B>  -Absent
<B><font color = 'blue'> .</font></B>  -Absent
<B><font color = 'blue'> .</font></B>  -Absent
<B><font color = 'blue'> .</font></B>  -Absent
<B><font color = 'blue'> .</font></B>  -Absent
<B><font color = 'blue'> .</font></B>  -Absent
<B><font color = 'blue'> .</font></B>  -Absent
<B><font color = 'blue'> .</font></B>  -Absent
<B><font color = 'blue'> .</font></B>  -Absent
<B><font color = 'blue'> .</font></B>  -Absent
<B><font color = 'blue'> .</font></B>  -Absent
<B><font color = 'blue'> .</font></B>  -Test test 
<B><font color = 'blue'> .</font></B>  -sarikajain@gmail.com
<B><font color = 'blue'> .</font></B>  -E-101
<B><font color = 'blue'> .</font></B>  -2022-10-18
<B><font color = 'blue'> .</font></B>  -Absent
<B><font color = 'blue'> .</font></B>  -Absent
<B><font color = 'blue'> .</font></B>  -undefined
<B><font color = 'blue'> .</font></B>  -Bangalore
<B><font color = 'blue'> .</font></B>  -Testing
<B><font color = 'blue'> .</font></B>  -Absent
<B><font color = 'blue'> .</font></B>  -Absent
<B><font color = 'blue'> .</font></B>  -Absent
<B><font color = 'blue'> .</font></B>  -Absent
<B><font color = 'blue'> .</font></B>  -Absent
<B><font color = 'blue'> .</font></B>  -Absent
<B><font color = 'blue'> .</font></B>  -Absent
<B><font color = 'blue'> .</font></B>  -Absent
<B><font color = 'blue'> .</font></B>  -Absent
<B><font color = 'blue'> .</font></B>  -Absent
<B><font color = 'blue'> .</font></B>  -Absent
<B><font color = 'blue'> .</font></B>  -sithu kalluru 
<B><font color = 'blue'> .</font></B>  -sitaramireddy@globussoft.in
<B><font color = 'blue'> .</font></B>  -code12
<B><font color = 'blue'> .</font></B>  -2022-10-18
<B><font color = 'blue'> .</font></B>  -Absent
<B><font color = 'blue'> .</font></B>  -Absent
<B><font color = 'blue'> .</font></B>  -undefined
<B><font color = 'blue'> .</font></B>  -Bangalore
<B><font color = 'blue'> .</font></B>  -Testing
<B><font color = 'blue'> .</font></B>  -Absent
<B><font color = 'blue'> .</font></B>  -Absent
<B><font color = 'blue'> .</font></B>  -Absent
<B><font color = 'blue'> .</font></B>  -Absent
<B><font color = 'blue'> .</font></B>  -Absent
<B><font color = 'blue'> .</font></B>  -Absent
<B><font color = 'blue'> .</font></B>  -Absent
<B><font color = 'blue'> .</font></B>  -Absent
<B><font color = 'blue'> .</font></B>  -Absent
<B><font color = 'blue'> .</font></B>  -Absent
<B><font color = 'blue'> .</font></B>  -Absent
<B><font color = 'blue'> .</font></B>  -test123 abcd 
<B><font color = 'blue'> .</font></B>  -s@gmail.com
<B><font color = 'blue'> .</font></B>  -code123z
<B><font color = 'blue'> .</font></B>  -2022-10-18
<B><font color = 'blue'> .</font></B>  -Absent
<B><font color = 'blue'> .</font></B>  -Absent
<B><font color = 'blue'> .</font></B>  -undefined
<B><font color = 'blue'> .</font></B>  -Bangalore
<B><font color = 'blue'> .</font></B>  -Testing
<B><font color = 'blue'> .</font></B>  -Absent
<B><font color = 'blue'> .</font></B>  -Absent
<B><font color = 'blue'> .</font></B>  -Absent
<B><font color = 'blue'> .</font></B>  -Absent
<B><font color = 'blue'> .</font></B>  -Absent
<B><font color = 'blue'> .</font></B>  -Absent
<B><font color = 'blue'> .</font></B>  -Absent
<B><font color = 'blue'> .</font></B>  -Absent
<B><font color = 'blue'> .</font></B>  -Absent
<B><font color = 'blue'> .</font></B>  -Absent
<B><font color = 'blue'> .</font></B>  -Absent
<B><font color = 'blue'> .</font></B>  -testing test 
<B><font color = 'blue'> .</font></B>  -aarshajoyson1601@gmail.com
<B><font color = 'blue'> .</font></B>  -glb0008
<B><font color = 'blue'> .</font></B>  -2022-10-18
<B><font color = 'blue'> .</font></B>  -Absent
<B><font color = 'blue'> .</font></B>  -Absent
<B><font color = 'blue'> .</font></B>  -undefined
<B><font color = 'blue'> .</font></B>  -Bangalore
<B><font color = 'blue'> .</font></B>  -Php
<B><font color = 'blue'> .</font></B>  -Absent
<B><font color = 'blue'> .</font></B>  -Absent
<B><font color = 'blue'> .</font></B>  -Absent
<B><font color = 'blue'> .</font></B>  -Absent
<B><font color = 'blue'> .</font></B>  -Absent
<B><font color = 'blue'> .</font></B>  -Absent
<B><font color = 'blue'> .</font></B>  -Absent
<B><font color = 'blue'> .</font></B>  -Absent
<B><font color = 'blue'> .</font></B>  -Absent
<B><font color = 'blue'> .</font></B>  -Absent
<B><font color = 'blue'> .</font></B>  -Absent
<B><font color = 'blue'> .</font></B>  -Automation CodeeeAuto 
<B><font color = 'blue'> .</font></B>  -skabcdef7@gmail.com
<B><font color = 'blue'> .</font></B>  -Emp-Abzcde-1234522
<B><font color = 'blue'> .</font></B>  -2022-10-18
<B><font color = 'blue'> .</font></B>  -Absent
<B><font color = 'blue'> .</font></B>  -Absent
<B><font color = 'blue'> .</font></B>  -undefined
<B><font color = 'blue'> .</font></B>  -Bangalore
<B><font color = 'blue'> .</font></B>  -Testing
<B><font color = 'blue'> .</font></B>  -Absent
<B><font color = 'blue'> .</font></B>  -Absent
<B><font color = 'blue'> .</font></B>  -Absent
<B><font color = 'blue'> .</font></B>  -Absent
<B><font color = 'blue'> .</font></B>  -Absent
<B><font color = 'blue'> .</font></B>  -Absent
<B><font color = 'blue'> .</font></B>  -Absent
<B><font color = 'blue'> .</font></B>  -Absent
<B><font color = 'blue'> .</font></B>  -Absent
<B><font color = 'blue'> .</font></B>  -Absent
<B><font color = 'blue'> .</font></B>  -Absent
<B><font color = 'blue'> .</font></B>  -piyush dfgsfg 
<B><font color = 'blue'> .</font></B>  -jos@gmail.com
<B><font color = 'blue'> .</font></B>  -sdgff
<B><font color = 'blue'> .</font></B>  -2022-10-18
<B><font color = 'blue'> .</font></B>  -Absent
<B><font color = 'blue'> .</font></B>  -Absent
<B><font color = 'blue'> .</font></B>  -undefined
<B><font color = 'blue'> .</font></B>  -Bangalore
<B><font color = 'blue'> .</font></B>  -Testing
<B><font color = 'blue'> .</font></B>  -Absent
<B><font color = 'blue'> .</font></B>  -Absent
<B><font color = 'blue'> .</font></B>  -Absent
<B><font color = 'blue'> .</font></B>  -Absent
<B><font color = 'blue'> .</font></B>  -Absent
<B><font color = 'blue'> .</font></B>  -Absent
<B><font color = 'blue'> .</font></B>  -Absent
<B><font color = 'blue'> .</font></B>  -Absent
<B><font color = 'blue'> .</font></B>  -Absent
<B><font color = 'blue'> .</font></B>  -Absent
<B><font color = 'blue'> .</font></B>  -Absent
<B><font color = 'blue'> .</font></B>  -Aryan raj 
<B><font color = 'blue'> .</font></B>  -alex@gmail.com
<B><font color = 'blue'> .</font></B>  -126
<B><font color = 'blue'> .</font></B>  -2022-10-18
<B><font color = 'blue'> .</font></B>  -Absent
<B><font color = 'blue'> .</font></B>  -Absent
<B><font color = 'blue'> .</font></B>  -undefined
<B><font color = 'blue'> .</font></B>  -Bangalore
<B><font color = 'blue'> .</font></B>  -Testing
<B><font color = 'blue'> .</font></B>  -Absent
<B><font color = 'blue'> .</font></B>  -Absent
<B><font color = 'blue'> .</font></B>  -Absent
<B><font color = 'blue'> .</font></B>  -Absent
<B><font color = 'blue'> .</font></B>  -Absent
<B><font color = 'blue'> .</font></B>  -Absent
<B><font color = 'blue'> .</font></B>  -Absent
<B><font color = 'blue'> .</font></B>  -Absent
<B><font color = 'blue'> .</font></B>  -Absent
<B><font color = 'blue'> .</font></B>  -Absent
<B><font color = 'blue'> .</font></B>  -Absent
<B><font color = 'blue'> .</font></B>  -Automation CodeeeAuto 
<B><font color = 'blue'> .</font></B>  -skabcdef38@gmail.com
<B><font color = 'blue'> .</font></B>  -Emp-Abzcde-123457
<B><font color = 'blue'> .</font></B>  -2022-10-18
<B><font color = 'blue'> .</font></B>  -Absent
<B><font color = 'blue'> .</font></B>  -Absent
<B><font color = 'blue'> .</font></B>  -undefined
<B><font color = 'blue'> .</font></B>  -Bangalore
<B><font color = 'blue'> .</font></B>  -Testing
<B><font color = 'blue'> .</font></B>  -Absent
<B><font color = 'blue'> .</font></B>  -Absent
<B><font color = 'blue'> .</font></B>  -Absent
<B><font color = 'blue'> .</font></B>  -Absent
<B><font color = 'blue'> .</font></B>  -Absent
<B><font color = 'blue'> .</font></B>  -Absent
<B><font color = 'blue'> .</font></B>  -Absent
<B><font color = 'blue'> .</font></B>  -Absent
<B><font color = 'blue'> .</font></B>  -Absent
<B><font color = 'blue'> .</font></B>  -Absent
<B><font color = 'blue'> .</font></B>  -Absent
<B><font color = 'blue'> .</font></B>  -Automation CodeeeAuto 
<B><font color = 'blue'> .</font></B>  -skabcdef33@gmail.com
<B><font color = 'blue'> .</font></B>  -Emp-Abzcde-1234557
<B><font color = 'blue'> .</font></B>  -2022-10-18
<B><font color = 'blue'> .</font></B>  -Absent
<B><font color = 'blue'> .</font></B>  -Absent
<B><font color = 'blue'> .</font></B>  -undefined
<B><font color = 'blue'> .</font></B>  -Bangalore
<B><font color = 'blue'> .</font></B>  -Testing
<B><font color = 'blue'> .</font></B>  -Absent
<B><font color = 'blue'> .</font></B>  -Absent
<B><font color = 'blue'> .</font></B>  -Absent
<B><font color = 'blue'> .</font></B>  -Absent
<B><font color = 'blue'> .</font></B>  -Absent
<B><font color = 'blue'> .</font></B>  -Absent
<B><font color = 'blue'> .</font></B>  -Absent
<B><font color = 'blue'> .</font></B>  -Absent
<B><font color = 'blue'> .</font></B>  -Absent
<B><font color = 'blue'> .</font></B>  -Absent
<B><font color = 'blue'> .</font></B>  -Absent
<B><font color = 'blue'> .</font></B>  -D Surya Prabhakar 
<B><font color = 'blue'> .</font></B>  -surya1@gmail.com
<B><font color = 'blue'> .</font></B>  -EM010
<B><font color = 'blue'> .</font></B>  -2022-10-18
<B><font color = 'blue'> .</font></B>  -Absent
<B><font color = 'blue'> .</font></B>  -Absent
<B><font color = 'blue'> .</font></B>  -undefined
<B><font color = 'blue'> .</font></B>  -bengaluru
<B><font color = 'blue'> .</font></B>  -Testing
<B><font color = 'blue'> .</font></B>  -Absent
<B><font color = 'blue'> .</font></B>  -Absent
<B><font color = 'blue'> .</font></B>  -Absent
<B><font color = 'blue'> .</font></B>  -Absent
<B><font color = 'blue'> .</font></B>  -Absent
<B><font color = 'blue'> .</font></B>  -Absent
<B><font color = 'blue'> .</font></B>  -Absent
<B><font color = 'blue'> .</font></B>  -Absent
<B><font color = 'blue'> .</font></B>  -Absent
<B><font color = 'blue'> .</font></B>  -Absent
<B><font color = 'blue'> .</font></B>  -Absent
<B><font color = 'blue'> .</font></B>  -R o       hit Sharma 
<B><font color = 'blue'> .</font></B>  -rahulrajt5613928@gmail.com
<B><font color = 'blue'> .</font></B>  -67645
<B><font color = 'blue'> .</font></B>  -2022-10-18
<B><font color = 'blue'> .</font></B>  -Absent
<B><font color = 'blue'> .</font></B>  -Absent
<B><font color = 'blue'> .</font></B>  -undefined
<B><font color = 'blue'> .</font></B>  -bengaluru
<B><font color = 'blue'> .</font></B>  -Testing
<B><font color = 'blue'> .</font></B>  -Absent
<B><font color = 'blue'> .</font></B>  -Absent
<B><font color = 'blue'> .</font></B>  -Absent
<B><font color = 'blue'> .</font></B>  -Absent
<B><font color = 'blue'> .</font></B>  -Absent
<B><font color = 'blue'> .</font></B>  -Absent
<B><font color = 'blue'> .</font></B>  -Absent
<B><font color = 'blue'> .</font></B>  -Absent
<B><font color = 'blue'> .</font></B>  -Absent
<B><font color = 'blue'> .</font></B>  -Absent
<B><font color = 'blue'> .</font></B>  -Absent
<B><font color = 'blue'> .</font></B>  -ni test 
<B><font color = 'blue'> .</font></B>  -nitest12@gmail.com
<B><font color = 'blue'> .</font></B>  -GLB678
<B><font color = 'blue'> .</font></B>  -2022-10-18
<B><font color = 'blue'> .</font></B>  -Absent
<B><font color = 'blue'> .</font></B>  -Absent
<B><font color = 'blue'> .</font></B>  -undefined
<B><font color = 'blue'> .</font></B>  -bengaluru
<B><font color = 'blue'> .</font></B>  -Testing
<B><font color = 'blue'> .</font></B>  -Absent
<B><font color = 'blue'> .</font></B>  -Absent
<B><font color = 'blue'> .</font></B>  -Absent
<B><font color = 'blue'> .</font></B>  -Absent
<B><font color = 'blue'> .</font></B>  -Absent
<B><font color = 'blue'> .</font></B>  -Absent
<B><font color = 'blue'> .</font></B>  -Absent
<B><font color = 'blue'> .</font></B>  -Absent
<B><font color = 'blue'> .</font></B>  -Absent
<B><font color = 'blue'> .</font></B>  -Absent
<B><font color = 'blue'> .</font></B>  -Absent
<B><font color = 'blue'> .</font></B>  -one test 
<B><font color = 'blue'> .</font></B>  -testone1234@gmail.com
<B><font color = 'blue'> .</font></B>  -0110
<B><font color = 'blue'> .</font></B>  -2022-10-18
<B><font color = 'blue'> .</font></B>  -Absent
<B><font color = 'blue'> .</font></B>  -Absent
<B><font color = 'blue'> .</font></B>  -undefined
<B><font color = 'blue'> .</font></B>  -bengaluru
<B><font color = 'blue'> .</font></B>  -Testing
<B><font color = 'blue'> .</font></B>  -Absent
<B><font color = 'blue'> .</font></B>  -Absent
<B><font color = 'blue'> .</font></B>  -Absent
<B><font color = 'blue'> .</font></B>  -Absent
<B><font color = 'blue'> .</font></B>  -Absent
<B><font color = 'blue'> .</font></B>  -Absent
<B><font color = 'blue'> .</font></B>  -Absent
<B><font color = 'blue'> .</font></B>  -Absent
<B><font color = 'blue'> .</font></B>  -Absent
<B><font color = 'blue'> .</font></B>  -Absent
<B><font color = 'blue'> .</font></B>  -Absent
<B><font color = 'blue'> .</font></B>  -GLB-BLR-010-PC - GLB-BLR-010 
<B><font color = 'blue'> .</font></B>  -abcd@yuksdgus
<B><font color = 'blue'> .</font></B>  -GLB-BLR-010
<B><font color = 'blue'> .</font></B>  -2022-10-18
<B><font color = 'blue'> .</font></B>  -Absent
<B><font color = 'blue'> .</font></B>  -Absent
<B><font color = 'blue'> .</font></B>  -undefined
<B><font color = 'blue'> .</font></B>  -bengaluru
<B><font color = 'blue'> .</font></B>  -Testing
<B><font color = 'blue'> .</font></B>  -Absent
<B><font color = 'blue'> .</font></B>  -Absent
<B><font color = 'blue'> .</font></B>  -Absent
<B><font color = 'blue'> .</font></B>  -Absent
<B><font color = 'blue'> .</font></B>  -Absent
<B><font color = 'blue'> .</font></B>  -Absent
<B><font color = 'blue'> .</font></B>  -Absent
<B><font color = 'blue'> .</font></B>  -Absent
<B><font color = 'blue'> .</font></B>  -Absent
<B><font color = 'blue'> .</font></B>  -Absent
<B><font color = 'blue'> .</font></B>  -Absent
<B><font color = 'blue'> .</font></B>  -surya kk 
<B><font color = 'blue'> .</font></B>  -123@gmail.com
<B><font color = 'blue'> .</font></B>  -mmmmm
<B><font color = 'blue'> .</font></B>  -2022-10-18
<B><font color = 'blue'> .</font></B>  -Absent
<B><font color = 'blue'> .</font></B>  -Absent
<B><font color = 'blue'> .</font></B>  -undefined
<B><font color = 'blue'> .</font></B>  -Tamilnadu
<B><font color = 'blue'> .</font></B>  -Test and Dev
<B><font color = 'blue'> .</font></B>  -Absent
<B><font color = 'blue'> .</font></B>  -Absent
<B><font color = 'blue'> .</font></B>  -Absent
<B><font color = 'blue'> .</font></B>  -Absent
<B><font color = 'blue'> .</font></B>  -Absent
<B><font color = 'blue'> .</font></B>  -Absent
<B><font color = 'blue'> .</font></B>  -Absent
<B><font color = 'blue'> .</font></B>  -Absent
<B><font color = 'blue'> .</font></B>  -Absent
<B><font color = 'blue'> .</font></B>  -Absent
<B><font color = 'blue'> .</font></B>  -Absent
<B><font color = 'blue'> .</font></B>  -sai kk 
<B><font color = 'blue'> .</font></B>  -saikk19876@gmail.com
<B><font color = 'blue'> .</font></B>  -20221019
<B><font color = 'blue'> .</font></B>  -2022-10-18
<B><font color = 'blue'> .</font></B>  -Absent
<B><font color = 'blue'> .</font></B>  -Absent
<B><font color = 'blue'> .</font></B>  -undefined
<B><font color = 'blue'> .</font></B>  -Tamilnadu
<B><font color = 'blue'> .</font></B>  -Test and Dev
<B><font color = 'blue'> .</font></B>  -Absent
<B><font color = 'blue'> .</font></B>  -Absent
<B><font color = 'blue'> .</font></B>  -Absent
<B><font color = 'blue'> .</font></B>  -Absent
<B><font color = 'blue'> .</font></B>  -Absent
<B><font color = 'blue'> .</font></B>  -Absent
<B><font color = 'blue'> .</font></B>  -Absent
<B><font color = 'blue'> .</font></B>  -Absent
<B><font color = 'blue'> .</font></B>  -Absent
<B><font color = 'blue'> .</font></B>  -Absent
<B><font color = 'blue'> .</font></B>  -Absent
<B><font color = 'blue'> .</font></B>  -ajeethemp test 
<B><font color = 'blue'> .</font></B>  -ajeethemp@gmail.com
<B><font color = 'blue'> .</font></B>  -A01
<B><font color = 'blue'> .</font></B>  -2022-10-18
<B><font color = 'blue'> .</font></B>  -Absent
<B><font color = 'blue'> .</font></B>  -Absent
<B><font color = 'blue'> .</font></B>  -undefined
<B><font color = 'blue'> .</font></B>  -Tamilnadu
<B><font color = 'blue'> .</font></B>  -Test and Dev
<B><font color = 'blue'> .</font></B>  -Absent
<B><font color = 'blue'> .</font></B>  -Absent
<B><font color = 'blue'> .</font></B>  -Absent
<B><font color = 'blue'> .</font></B>  -Absent
<B><font color = 'blue'> .</font></B>  -Absent
<B><font color = 'blue'> .</font></B>  -Absent
<B><font color = 'blue'> .</font></B>  -Absent
<B><font color = 'blue'> .</font></B>  -Absent
<B><font color = 'blue'> .</font></B>  -Absent
<B><font color = 'blue'> .</font></B>  -Absent
<B><font color = 'blue'> .</font></B>  -Absent
<B><font color = 'blue'> .</font></B>  -test user two 
<B><font color = 'blue'> .</font></B>  -testuser@two.io
<B><font color = 'blue'> .</font></B>  -GSLL-327
<B><font color = 'blue'> .</font></B>  -2022-10-18
<B><font color = 'blue'> .</font></B>  -Absent
<B><font color = 'blue'> .</font></B>  -Absent
<B><font color = 'blue'> .</font></B>  -undefined
<B><font color = 'blue'> .</font></B>  -Tamilnadu
<B><font color = 'blue'> .</font></B>  -Test and Dev
<B><font color = 'blue'> .</font></B>  -Absent
<B><font color = 'blue'> .</font></B>  -Absent
<B><font color = 'blue'> .</font></B>  -Absent
<B><font color = 'blue'> .</font></B>  -Absent
<B><font color = 'blue'> .</font></B>  -Absent
<B><font color = 'blue'> .</font></B>  -Absent
<B><font color = 'blue'> .</font></B>  -Absent
<B><font color = 'blue'> .</font></B>  -Absent
<B><font color = 'blue'> .</font></B>  -Absent
<B><font color = 'blue'> .</font></B>  -Absent
<B><font color = 'blue'> .</font></B>  -Absent
<B><font color = 'blue'> .</font></B>  -dxgfdxg gssdg 
<B><font color = 'blue'> .</font></B>  -sdgsg@dgksodkg.in
<B><font color = 'blue'> .</font></B>  -asfda343443
<B><font color = 'blue'> .</font></B>  -2022-10-18
<B><font color = 'blue'> .</font></B>  -Absent
<B><font color = 'blue'> .</font></B>  -Absent
<B><font color = 'blue'> .</font></B>  -undefined
<B><font color = 'blue'> .</font></B>  -Bhilai
<B><font color = 'blue'> .</font></B>  -Php
<B><font color = 'blue'> .</font></B>  -Absent
<B><font color = 'blue'> .</font></B>  -Absent
<B><font color = 'blue'> .</font></B>  -Absent
<B><font color = 'blue'> .</font></B>  -Absent
<B><font color = 'blue'> .</font></B>  -Absent
<B><font color = 'blue'> .</font></B>  -Absent
<B><font color = 'blue'> .</font></B>  -Absent
<B><font color = 'blue'> .</font></B>  -Absent
<B><font color = 'blue'> .</font></B>  -Absent
<B><font color = 'blue'> .</font></B>  -Absent
<B><font color = 'blue'> .</font></B>  -Absent
<B><font color = 'blue'> .</font></B>  -Guest User 
<B><font color = 'blue'> .</font></B>  -guestuser@gmail.com
<B><font color = 'blue'> .</font></B>  -GLB-777
<B><font color = 'blue'> .</font></B>  -2022-10-18
<B><font color = 'blue'> .</font></B>  -Absent
<B><font color = 'blue'> .</font></B>  -Absent
<B><font color = 'blue'> .</font></B>  -undefined
<B><font color = 'blue'> .</font></B>  -Bhilai
<B><font color = 'blue'> .</font></B>  -Php
<B><font color = 'blue'> .</font></B>  -Absent
<B><font color = 'blue'> .</font></B>  -Absent
<B><font color = 'blue'> .</font></B>  -Absent
<B><font color = 'blue'> .</font></B>  -Absent
<B><font color = 'blue'> .</font></B>  -Absent
<B><font color = 'blue'> .</font></B>  -Absent
<B><font color = 'blue'> .</font></B>  -Absent
<B><font color = 'blue'> .</font></B>  -Absent
<B><font color = 'blue'> .</font></B>  -Absent
<B><font color = 'blue'> .</font></B>  -Absent
<B><font color = 'blue'> .</font></B>  -Absent]]>
  </system-out>
  <testcase classname="com.emp.testcases.TimeSheetsTest" name="TimeSheetsTest_PDF" time="33.378"/>
  <system-out>
    <![CDATA[<B><font color = 'blue'>Step1 .</font></B> clicked on  loction Drop-down and Selected Any Location
<B><font color = 'blue'>Step2.</font></B> clicked on Department Drop-down and  Selected Any  Department
<B><font color = 'blue'>Step3.</font></B> clicked on Employee Drop-down and  Selected Any Employee
<B><font color = 'blue'>Step4.</font></B> clicked on Calendar Drop-down and Selected Day's
<B><font color = 'blue'>Step5.</font></B> clicked on Last-30-days
<B><font color = 'blue'>Step6.</font></B> clicked on PDF Button
<B><font color = 'blue'>Step7.</font></B> clicked on select-All Check Box 
<B><font color = 'blue'>Step8.</font></B> clicked on Submit Button
<B><font color = 'orange'> </font>  To date :-
Department :-
2022-11-16
  All
Attendance History
From Date :- 2022-10-18
Location :- All
Employee :- All
_______________________________________________________________________________________________________________________________________________________________________________________________
Name Email id Employee
code
Date No of
Working
Days
No Of Non-
Working
Days
Computer
name
Location Department Logged In
IP
Total
Time(min)
Office
Time(min)
Active Ti
me(min)
Productive
(min)
Unproduct
ive(min)
Neutral(
min)
Idle
Time(min)
offline
Time(min)
Productivity
%
Working
Hours
W
o
r
k
i
n
g 
H
o
u
r
s 
%
Aryan raj alex@gmail.com 126 2022-1
0-18 to 
2022-1
1-16
2 28 GLB-124-
PC
Bangalore Testing 122.168.188.
109
360:00 360:00 44:33 42:03 02:30 00:00 315:26 00:00 8.76% -120:00
9
.
2
8
Guest User guestuser@gmail.co
m
GLB-777 2022-1
0-18 to 
2022-1
1-16
5 25 GLB-124-
PC
Bhilai Php 122.168.188.
109
683:51 483:37 27:14 27:14 00:00 00:00 456:23 200:14 5.67% 03:37
5
.
6
7
GLB-BLR-010-P
C -
GLB-BLR-010 
abcd@yuksdgus GLB-BL
R-010
2022-1
0-18 to 
2022-1
1-16
2 28 GLB-BLR
-010-PC
bengaluru Testing 103.171.99.2
6
527:09 243:52 193:57 189:23 04:34 00:00 49:54 283:17 39.46% -236:08
4
0
.
4
1
SS Keystrokes sskey@gmail.com emp98y 2022-1
0-18 to 
2022-1
1-16
1 29 GLB-BLR
-010-PC
Default Default 103.171.99.2
6
15:00 15:00 14:59 14:59 00:00 00:00 00:01 00:00 3.12% -465:00
3
.
1
2
Abhishek Test abhishektrest@glb.i
n
rN7tvEiD
PGNi4fD
2022-1
0-18 to 
2022-1
1-16
1 29 GLB-124-
PC
Bangalore Php 122.168.188.
109
4235:27 00:00 00:00 00:00 00:00 00:00 00:00 4235:27 0.00% -480:00
0
.
0
0
try last try@gmail.com 1225455 2022-1
0-18 to 
2022-1
1-16
1 29 GLB-124-
PC
Default Default 122.168.188.
109
834:00 00:00 00:00 00:00 00:00 00:00 00:00 834:00 0.00% -480:00
0
.
0
0
Himanshu Kumar himanshu1@gmail.
com
EM011 2022-1
0-18 to 
2022-1
1-16
1 29 GLB-181 bagalkot manual
testing
122.168.188.
109
1232:51 00:00 00:00 00:00 00:00 00:00 00:00 1232:51 0.00% -480:00
0
.
0
0
D Surya
Prabhakar 
surya1@gmail.com EM010 2022-1
0-18 to 
2022-1
1-16
1 29 GLB-110-
PC
bengaluru Testing 122.168.188.
109
929:45 00:00 00:00 00:00 00:00 00:00 00:00 929:45 0.00% -480:00
0
.
0
0
testing test aarshajoyson1601@
gmail.com
glb0008 2022-1
0-18 to 
2022-1
1-16
1 29 GLB-124-
PC
Bangalore Php 122.168.188.
109
126:00 00:00 00:00 00:00 00:00 00:00 00:00 126:00 0.00% -480:00
0
.
0
0
Usb Test usbtest123@gmail.c
om
emp0097 2022-1
0-18 to 
2022-1
1-16
1 29 GLB-BLR
-010-PC
Default Default 103.171.99.2
6
378:38 00:00 00:00 00:00 00:00 00:00 00:00 378:38 0.00% -480:00
0
.
0
0
test manager manageremp@gmai
l.com
glb020 2022-1
0-18 to 
2022-1
1-16
1 29 GLB-193-
PC
Default Default 122.168.188.
109
662:24 00:00 00:00 00:00 00:00 00:00 00:00 662:24 0.00% -480:00
0
.
0
0
test123 abcd s@gmail.com code123z 2022-1
0-18 to 
2022-1
1-16
1 29 GLB-124-
PC
Bangalore Testing 122.168.188.
109
366:00 00:00 00:00 00:00 00:00 00:00 00:00 366:00 0.00% -480:00
0
.
0
0
Virat kohli rahukbgdxgsf@gma
il.com
65332 2022-1
0-18 to 
2022-1
1-16
1 29 GLB-124-
PC
Default Default 122.168.188.
109
1599:47 00:00 00:00 00:00 00:00 00:00 00:00 1599:47 0.00% -480:00
0
.
0
0
dominic toretto dom.toretto737@g
mail.com
EMP011 2022-1
0-18 to 
2022-1
1-16
1 29 GLB-110-
PC
Bangalore Testing 122.168.188.
109
967:19 00:00 00:00 00:00 00:00 00:00 00:00 967:19 0.00% -480:00
0
.
0
0
test testtt abcd@gmail.com GLB55 2022-1
0-18 to 
2022-1
1-16
1 29 GLB-124-
PC
Bangalore Testing 122.168.188.
109
477:00 00:00 00:00 00:00 00:00 00:00 00:00 477:00 0.00% -480:00
0
.
0
0
Update Check updates@gmail.co
m
emp543 2022-1
0-18 to 
2022-1
1-16
1 29 GLB-124-
PC
Default Default 106.51.64.67 873:45 00:00 00:00 00:00 00:00 00:00 00:00 873:45 0.00% -480:00
0
.
0
0
Page 1 of 4
Name Email id Employee
code
Date No of
Working
Days
No Of Non-
Working
Days
Computer
name
Location Department Logged In
IP
Total
Time(min)
Office
Time(min)
Active Ti
me(min)
Productive
(min)
Unproduct
ive(min)
Neutral(
min)
Idle
Time(min)
offline
Time(min)
Productivity
%
Working
Hours
W
o
r
k
i
n
g 
H
o
u
r
s 
%
test user two testuser@two.io GSLL-32
7
2022-1
0-18 to 
2022-1
1-16
1 29 GLB-124-
PC
Tamilnad
u
Test and Dev 122.168.188.
109
693:16 00:00 00:00 00:00 00:00 00:00 00:00 693:16 0.00% -480:00
0
.
0
0
sam eer sam@rf.in WSAERT
2Q34E
2022-1
0-18 to 
2022-1
1-16
1 29 GLB-181 Bangalore Testing 122.168.188.
109
758:11 00:00 00:00 00:00 00:00 00:00 00:00 758:11 0.00% -480:00
0
.
0
0
Superior Test one superiorone@gmail.
com
twoqw 2022-1
0-18 to 
2022-1
1-16
1 29 GLB-124-
PC
Bangalore Testing 122.168.188.
109
03:00 00:00 00:00 00:00 00:00 00:00 00:00 03:00 0.00% -480:00
0
.
0
0
sithu kalluru sitaramireddy@glob
ussoft.in
code12 2022-1
0-18 to 
2022-1
1-16
1 29 DESKTO
P-PJJHB1
9
Bangalore Testing 103.171.99.2
6
152:05 00:00 00:00 00:00 00:00 00:00 00:00 152:05 0.00% -480:00
0
.
0
0
ni test nitest12@gmail.co
m
GLB678 2022-1
0-18 to 
2022-1
1-16
1 29 GLB-124-
PC
bengaluru Testing 122.168.188.
109
00:01 00:00 00:00 00:00 00:00 00:00 00:00 00:01 0.00% -480:00
0
.
0
0
Mail Test user maintest@user.io GLB-122
3888
2022-1
0-18 to 
2022-1
1-16
1 29 GLB-124-
PC
Default Default 122.168.188.
109
00:01 00:00 00:00 00:00 00:00 00:00 00:00 00:01 0.00% -480:00
0
.
0
0
New Test newtest@gmail.co
m
ewer3344
43
2022-1
0-18 to 
2022-1
1-16
1 29 GLB-BLR
-010-PC
Default Default 106.51.64.67 884:22 00:00 00:00 00:00 00:00 00:00 00:00 884:22 0.00% -480:00
0
.
0
0
Test test sarikajain@gmail.c
om
E-101 2022-1
0-18 to 
2022-1
1-16
1 29 GLB-110-
PC
Bangalore Testing 122.168.188.
109
307:27 00:00 00:00 00:00 00:00 00:00 00:00 307:27 0.00% -480:00
0
.
0
0
adg ckj adcs@1234 583 2022-1
0-18 to 
2022-1
1-16
1 29 GLB-193-
PC
Bangalore Testing 122.168.188.
109
03:00 00:00 00:00 00:00 00:00 00:00 00:00 03:00 0.00% -480:00
0
.
0
0
Test msc test123@gmail.com 12254 2022-1
0-18 to 
2022-1
1-16
1 29 GLB-124-
PC
Bangalore Testing 122.168.188.
109
42:00 00:00 00:00 00:00 00:00 00:00 00:00 42:00 0.00% -480:00
0
.
0
0
sumesh test sumesh@mail.com fdgfdgf 2022-1
0-18 to 
2022-1
1-16
1 29 GLB-124-
PC
Bangalore Testing 122.168.188.
109
63:00 00:00 00:00 00:00 00:00 00:00 00:00 63:00 0.00% -480:00
0
.
0
0
ajeethemp test ajeethemp@gmail.c
om
A01 2022-1
0-18 to 
2022-1
1-16
1 29 GLB-193-
PC
Tamilnad
u
Test and Dev 122.168.188.
109
239:30 00:00 00:00 00:00 00:00 00:00 00:00 239:30 0.00% -480:00
0
.
0
0
R o hit Sharma rahulrajt5613928@
gmail.com
67645 2022-1
0-18 to 
2022-1
1-16
1 29 GLB-193-
PC
bengaluru Testing 122.168.188.
109
03:00 00:00 00:00 00:00 00:00 00:00 00:00 03:00 0.00% -480:00
0
.
0
0
sadas kadkasdj dsa@eqe emp1296
66
2022-1
0-18 to 
2022-1
1-16
0 30 undefined Default Default Absent Absent Absent Absent Absent Absent Absent Absent Absent Absent Absent
A
b
s
e
n
t
dshcdb uidsbf dvbvdb@yahoo.co
m
435454 2022-1
0-18 to 
2022-1
1-16
0 30 undefined Default Default Absent Absent Absent Absent Absent Absent Absent Absent Absent Absent Absent
A
b
s
e
n
t
vdjvdb
yusvdvbbh 
dvhbfdh@gmail.co
m
wq53434
2
2022-1
0-18 to 
2022-1
1-16
0 30 undefined Default Default Absent Absent Absent Absent Absent Absent Absent Absent Absent Absent Absent
A
b
s
e
n
t
DESKTOP-PJJH
B19 - GLB-BLR-
002OjUpRD2 
- GLB-BL
R-002Oj
UpRD2
2022-1
0-18 to 
2022-1
1-16
0 30 undefined Default Default Absent Absent Absent Absent Absent Absent Absent Absent Absent Absent Absent
A
b
Page 2 of 4
Name Email id Employee
code
Date No of
Working
Days
No Of Non-
Working
Days
Computer
name
Location Department Logged In
IP
Total
Time(min)
Office
Time(min)
Active Ti
me(min)
Productive
(min)
Unproduct
ive(min)
Neutral(
min)
Idle
Time(min)
offline
Time(min)
Productivity
%
Working
Hours
W
o
r
k
i
n
g 
H
o
u
r
s 
%
s
e
n
t
shivammmmmm
mmmmmmmmm
mmmmm Kumar 
kgfyash545@gmail.
com
hsakhdjk4
14
2022-1
0-18 to 
2022-1
1-16
0 30 undefined Default Default Absent Absent Absent Absent Absent Absent Absent Absent Absent Absent Absent
A
b
s
e
n
t
Abhishek Four tf
test 
abhishekfourtf@ma
il.com
HLIKSJ9
8
2022-1
0-18 to 
2022-1
1-16
0 30 undefined Default Default Absent Absent Absent Absent Absent Absent Absent Absent Absent Absent Absent
A
b
s
e
n
t
new dev user new@dev.user fdfsfsd 2022-1
0-18 to 
2022-1
1-16
0 30 undefined Default Default Absent Absent Absent Absent Absent Absent Absent Absent Absent Absent Absent
A
b
s
e
n
t
aaaaaaaaaa
aaaaaaaaa 
mmmm@gmail.co
m
80765s 2022-1
0-18 to 
2022-1
1-16
0 30 undefined Bangalore Testing Absent Absent Absent Absent Absent Absent Absent Absent Absent Absent Absent
A
b
s
e
n
t
deffdfds vscsc cscsdw123@gmail.
com
1234512 2022-1
0-18 to 
2022-1
1-16
0 30 undefined Bangalore Testing Absent Absent Absent Absent Absent Absent Absent Absent Absent Absent Absent
A
b
s
e
n
t
Abhishe tt ab@ab.com GKD567 2022-1
0-18 to 
2022-1
1-16
0 30 undefined Bangalore Testing Absent Absent Absent Absent Absent Absent Absent Absent Absent Absent Absent
A
b
s
e
n
t
test nonadmin testnonadmin@gma
il.com
GLB026 2022-1
0-18 to 
2022-1
1-16
0 30 undefined Bangalore Php Absent Absent Absent Absent Absent Absent Absent Absent Absent Absent Absent
A
b
s
e
n
t
test testw test@mac.in aaf123 2022-1
0-18 to 
2022-1
1-16
0 30 undefined Bangalore Php Absent Absent Absent Absent Absent Absent Absent Absent Absent Absent Absent
A
b
s
e
n
t
Automation
CodeeeAuto 
skabcdef7@gmail.c
om
Emp-Abz
cde-1234
522
2022-1
0-18 to 
2022-1
1-16
0 30 undefined Bangalore Testing Absent Absent Absent Absent Absent Absent Absent Absent Absent Absent Absent
A
b
s
e
n
t
piyush dfgsfg jos@gmail.com sdgff 2022-1
0-18 to 
2022-1
1-16
0 30 undefined Bangalore Testing Absent Absent Absent Absent Absent Absent Absent Absent Absent Absent Absent
A
b
s
e
n
t
Automation
CodeeeAuto 
skabcdef38@gmail.
com
Emp-Abz
cde-1234
57
2022-1
0-18 to 
2022-1
1-16
0 30 undefined Bangalore Testing Absent Absent Absent Absent Absent Absent Absent Absent Absent Absent Absent
A
b
s
e
n
t
Automation
CodeeeAuto 
skabcdef33@gmail.
com
Emp-Abz
cde-1234
557
2022-1
0-18 to 
2022-1
1-16
0 30 undefined Bangalore Testing Absent Absent Absent Absent Absent Absent Absent Absent Absent Absent Absent
A
b
s
e
n
t
one test testone1234@gmail
.com
0110 2022-1
0-18 to 
2022-1
1-16
0 30 undefined bengaluru Testing Absent Absent Absent Absent Absent Absent Absent Absent Absent Absent Absent
A
b
s
e
n
t
Page 3 of 4
Name Email id Employee
code
Date No of
Working
Days
No Of Non-
Working
Days
Computer
name
Location Department Logged In
IP
Total
Time(min)
Office
Time(min)
Active Ti
me(min)
Productive
(min)
Unproduct
ive(min)
Neutral(
min)
Idle
Time(min)
offline
Time(min)
Productivity
%
Working
Hours
W
o
r
k
i
n
g 
H
o
u
r
s 
%
surya kk 123@gmail.com mmmmm 2022-1
0-18 to 
2022-1
1-16
0 30 undefined Tamilnad
u
Test and Dev Absent Absent Absent Absent Absent Absent Absent Absent Absent Absent Absent
A
b
s
e
n
t
sai kk saikk19876@gmail.
com
20221019 2022-1
0-18 to 
2022-1
1-16
0 30 undefined Tamilnad
u
Test and Dev Absent Absent Absent Absent Absent Absent Absent Absent Absent Absent Absent
A
b
s
e
n
t
dxgfdxg gssdg sdgsg@dgksodkg.in asfda3434
43
2022-1
0-18 to 
2022-1
1-16
0 30 undefined Bhilai Php Absent Absent Absent Absent Absent Absent Absent Absent Absent Absent Absent
A
b
s
e
n
t
Page 4 of 4
]]>
  </system-out>
</testsuite> <!-- com.emp.testcases.TimeSheetsTest -->
