<?xml version="1.0" encoding="UTF-8"?>
<!-- Generated by org.testng.reporters.JUnitReportReporter -->
<testsuite hostname="LAPTOP-GF0QQ927" failures="0" tests="1" name="com.emp.testcases.DashBoardTest" time="171.475" errors="0" timestamp="2022-11-17T12:31:24 IST" skipped="0">
  <testcase classname="com.emp.testcases.DashBoardTest" name="DashBoardTest" time="171.475"/>
  <system-out>
    <![CDATA[<B><font color = 'blue'>Step1 .</font></B> Clicked on Total_Enrollments Button 
<B><font color = 'blue'>Step2 .</font></B> Clicked on Total_Enrollments csv-Button 
<B><font color = 'blue'>Step3 .</font></B> Clicked on Total_Enrollments_Close-Buttton 
<B><font color = 'blue'>Step4 .</font></B> Clicked on Currently_ACtive Button
<B><font color = 'blue'>Step5 .</font></B> Clicked on Currently_ACtive Csv-Button 
<B><font color = 'blue'>Step6 .</font></B> Clicked on Currently_ACtive_Close Button 
<B><font color = 'blue'>Step7 .</font></B> Clicked on Currently_Idle 
<B><font color = 'blue'>Step8 .</font></B> Clicked on Currently_Idle csv-Button 
<B><font color = 'blue'>Step9 .</font></B> Clicked on Currently_Idle_close Button 
<B><font color = 'blue'>Step10 .</font></B> Clicked on Currently_Offline Button
<B><font color = 'blue'>Step11 .</font></B> Clicked on Currently_offline csv-Button 
<B><font color = 'blue'>Step12 .</font></B> Clicked on Currentlyoffline_close Button 
<B><font color = 'blue'>Step13 .</font></B> Clicked on Absent_Users Button
<B><font color = 'blue'>Step14 .</font></B> Clicked on Absent_Users_Generate csv Button 
<B><font color = 'blue'>Step15 .</font></B> Clicked on Absent_Users close Button 
<B><font color = 'blue'>Step16 .</font></B> Clicked on Suspended_Users Button 
<B><font color = 'blue'>Step17 .</font></B> Clicked on Suspended_Users csv Button 
<B><font color = 'blue'>Step18 .</font></B> Clicked on Suspende_Users close Button 
<B><font color = 'blue'>Step19 .</font></B> Clicked on Top_10_Productive_Employees_Locations 
<B><font color = 'blue'>Step20 .</font></B> Clicked on Top_10_Productive_Employees_Departments 
<B><font color = 'blue'>Step21 .</font></B> Clicked on Top_10_Productive_Employees_Today 
<B><font color = 'blue'>Step22 .</font></B> Clicked on Top_10_Productive_Employees_yesterday 
<B><font color = 'blue'>Step23 .</font></B> Clicked on Top 10 Productive_Employees_This week 
<B><font color = 'blue'>Step24 .</font></B> Clicked on Top_10_NonProductive_Employees_Location 
<B><font color = 'blue'>Step25 .</font></B> Clicked on Top_10_NonProductive_Employees_Department 
<B><font color = 'blue'>Step26 .</font></B> Clicked on Top_10_NonProductive_Employees_Today 
<B><font color = 'blue'>Step27 .</font></B> Clicked on Top_10_NonProductive_Employees_Yesterday 
<B><font color = 'blue'>Step28 .</font></B> Clicked on Top_10_NonProductive_Employees_Thisweek 
<B><font color = 'blue'>Step29 .</font></B> Clicked on Location_Performance_Productive 
<B><font color = 'blue'>Step30 .</font></B> Clicked on Location_Performance_Today 
<B><font color = 'blue'>Step31 .</font></B> Clicked on Location_Performance_Yesterday 
<B><font color = 'blue'>Step32 .</font></B> Clicked on Location_Performance_Thisweek 
<B><font color = 'blue'>Step33 .</font></B> Clicked on Department_Performance_Productive 
<B><font color = 'blue'>Step34 .</font></B> Clicked on Department_Performance_Today 
<B><font color = 'blue'>Step35 .</font></B> Clicked on Department_Performance_Yesterday 
<B><font color = 'blue'>Step36 .</font></B> Clicked on Department_Performance_Thisweek 
<B><font color = 'blue'>Step37 .</font></B> Clicked on Top_10_Websites_usages_Today 
<B><font color = 'blue'>Step38 .</font></B> Clicked on Top_10_Websites_usages_Yesterday 
<B><font color = 'blue'>Step39 .</font></B> Clicked on Top_10_Websites_usages_Thisweek 
<B><font color = 'blue'>Step40 .</font></B> Clicked on Top_10_Websites_usages_View-details 
<B><font color = 'blue'>Step41 .</font></B> Clicked on Viewdetails_Close Button 
<B><font color = 'blue'>Step42 .</font></B> Clicked on Top10_Application_Usage_Today 
<B><font color = 'blue'>Step43 .</font></B> Clicked on Top10_Application_Usage_Yesterday 
<B><font color = 'blue'>Step44 .</font></B> Clicked on Top10_Application_Usage_Thisweek 
<B><font color = 'blue'>Step45 .</font></B> Clicked on Top10_Application_Usage_view-details 
<B><font color = 'blue'>Step45 .</font></B> Clicked on Top10_Application_Usage_view_details_close Button ]]>
  </system-out>
</testsuite> <!-- com.emp.testcases.DashBoardTest -->
