<?xml version="1.0" encoding="UTF-8"?>
<!-- Generated by org.testng.reporters.JUnitReportReporter -->
<testsuite hostname="LAPTOP-GF0QQ927" failures="0" tests="1" name="com.emp.testcases.WebsiteandApplicatonTest" time="43.461" errors="0" timestamp="2022-11-17T12:31:24 IST" skipped="0">
  <testcase classname="com.emp.testcases.WebsiteandApplicatonTest" name="WebsiteandApplicatonTest" time="43.461"/>
  <system-out>
    <![CDATA[<B><font color = 'blue'>Step1 .</font></B> clicked on Reports Module and Selected  Web-APP-usage Sub-Module 
<B><font color = 'blue'>Step2 .</font></B> clicked on Location Drop-down and  Selected Any Location 
<B><font color = 'blue'>Step3.</font></B> clicked on Department Drop-down and  Selected Any Department 
<B><font color = 'blue'>Step4.</font></B> clicked on Employee Drop-down and Selected Any Employee 
<B><font color = 'blue'>Step5.</font></B> clicked on Calendar Drop-down and Selected Day's
<B><font color = 'blue'>Step6.</font></B> clicked on Last-30-days
<B><font color = 'blue'>Step7.</font></B> clicked on Both_Button
<B><font color = 'blue'>Step8.</font></B> clicked on Excel Button 
<B><font color = 'blue'> .</font></B>  Web/App
<B><font color = 'blue'> .</font></B>  Ranking
<B><font color = 'blue'> .</font></B>  Duration(hr)
<B><font color = 'blue'> .</font></B>  https://app.dev.empmonitor.com
<B><font color = 'blue'> .</font></B>  Productive
<B><font color = 'blue'> .</font></B>  34 : 46 : 16 hr
<B><font color = 'blue'> .</font></B>  https://w3schools.in
<B><font color = 'blue'> .</font></B>  Productive
<B><font color = 'blue'> .</font></B>  05 : 27 : 10 hr
<B><font color = 'blue'> .</font></B>  https://app.empmonitor.com
<B><font color = 'blue'> .</font></B>  Productive
<B><font color = 'blue'> .</font></B>  01 : 57 : 25 hr
<B><font color = 'blue'> .</font></B>  https://myntra.com
<B><font color = 'blue'> .</font></B>  Productive
<B><font color = 'blue'> .</font></B>  00 : 59 : 10 hr
<B><font color = 'blue'> .</font></B>  https://meet.google.com
<B><font color = 'blue'> .</font></B>  Productive
<B><font color = 'blue'> .</font></B>  00 : 56 : 12 hr
<B><font color = 'blue'> .</font></B>  https://flipkart.com
<B><font color = 'blue'> .</font></B>  Productive
<B><font color = 'blue'> .</font></B>  00 : 42 : 20 hr
<B><font color = 'blue'> .</font></B>  https://trello.com
<B><font color = 'blue'> .</font></B>  Productive
<B><font color = 'blue'> .</font></B>  00 : 30 : 46 hr
<B><font color = 'blue'> .</font></B>  https://amazon.com
<B><font color = 'blue'> .</font></B>  Productive
<B><font color = 'blue'> .</font></B>  00 : 25 : 37 hr
<B><font color = 'blue'> .</font></B>  https://13.213.163.146
<B><font color = 'blue'> .</font></B>  Productive
<B><font color = 'blue'> .</font></B>  00 : 11 : 31 hr
<B><font color = 'blue'> .</font></B>  https://google.com
<B><font color = 'blue'> .</font></B>  Productive
<B><font color = 'blue'> .</font></B>  00 : 10 : 22 hr
<B><font color = 'blue'> .</font></B>  https://meesho.com
<B><font color = 'blue'> .</font></B>  Productive
<B><font color = 'blue'> .</font></B>  00 : 10 : 19 hr
<B><font color = 'blue'> .</font></B>  https://wix.com
<B><font color = 'blue'> .</font></B>  Productive
<B><font color = 'blue'> .</font></B>  00 : 08 : 40 hr
<B><font color = 'blue'> .</font></B>  https://bitbucket.org
<B><font color = 'blue'> .</font></B>  Productive
<B><font color = 'blue'> .</font></B>  00 : 06 : 57 hr
<B><font color = 'blue'> .</font></B>  https://docs.google.com
<B><font color = 'blue'> .</font></B>  Unproductive
<B><font color = 'blue'> .</font></B>  00 : 06 : 41 hr
<B><font color = 'blue'> .</font></B>  https://ubuntu.com
<B><font color = 'blue'> .</font></B>  Productive
<B><font color = 'blue'> .</font></B>  00 : 03 : 35 hr
<B><font color = 'blue'> .</font></B>  https://sqlitetutorial.net
<B><font color = 'blue'> .</font></B>  Productive
<B><font color = 'blue'> .</font></B>  00 : 01 : 54 hr
<B><font color = 'blue'> .</font></B>  https://learn.microsoft.com
<B><font color = 'blue'> .</font></B>  Productive
<B><font color = 'blue'> .</font></B>  00 : 01 : 34 hr
<B><font color = 'blue'> .</font></B>  https://console.cloud.google.com
<B><font color = 'blue'> .</font></B>  Productive
<B><font color = 'blue'> .</font></B>  00 : 01 : 28 hr
<B><font color = 'blue'> .</font></B>  https://ultimatewindowssecurity.com
<B><font color = 'blue'> .</font></B>  Productive
<B><font color = 'blue'> .</font></B>  00 : 01 : 14 hr
<B><font color = 'blue'> .</font></B>  https://airamatrix.com
<B><font color = 'blue'> .</font></B>  Productive
<B><font color = 'blue'> .</font></B>  00 : 01 : 03 hr
<B><font color = 'blue'> .</font></B>  https://youtube.com
<B><font color = 'blue'> .</font></B>  Productive
<B><font color = 'blue'> .</font></B>  00 : 00 : 49 hr
<B><font color = 'blue'> .</font></B>  https://developers.google.com
<B><font color = 'blue'> .</font></B>  Productive
<B><font color = 'blue'> .</font></B>  00 : 00 : 48 hr
<B><font color = 'blue'> .</font></B>  https://fast.com
<B><font color = 'blue'> .</font></B>  Productive
<B><font color = 'blue'> .</font></B>  00 : 00 : 44 hr
<B><font color = 'blue'> .</font></B>  https://jsoneditoronline.org
<B><font color = 'blue'> .</font></B>  Productive
<B><font color = 'blue'> .</font></B>  00 : 00 : 32 hr
<B><font color = 'blue'> .</font></B>  https://windows explorer
<B><font color = 'blue'> .</font></B>  Productive
<B><font color = 'blue'> .</font></B>  08 : 05 : 28 hr
<B><font color = 'blue'> .</font></B>  https://qt creator
<B><font color = 'blue'> .</font></B>  Productive
<B><font color = 'blue'> .</font></B>  02 : 38 : 25 hr
<B><font color = 'blue'> .</font></B>  https://fiddler
<B><font color = 'blue'> .</font></B>  Productive
<B><font color = 'blue'> .</font></B>  00 : 43 : 36 hr
<B><font color = 'blue'> .</font></B>  https://telegram desktop
<B><font color = 'blue'> .</font></B>  Productive
<B><font color = 'blue'> .</font></B>  00 : 41 : 10 hr
<B><font color = 'blue'> .</font></B>  https://empmonitor
<B><font color = 'blue'> .</font></B>  Productive
<B><font color = 'blue'> .</font></B>  00 : 24 : 24 hr
<B><font color = 'blue'> .</font></B>  https://db browser for sqlite
<B><font color = 'blue'> .</font></B>  Productive
<B><font color = 'blue'> .</font></B>  00 : 15 : 13 hr
<B><font color = 'blue'> .</font></B>  https://lockapp
<B><font color = 'blue'> .</font></B>  Productive
<B><font color = 'blue'> .</font></B>  00 : 13 : 43 hr
<B><font color = 'blue'> .</font></B>  https://microsoft management console
<B><font color = 'blue'> .</font></B>  Productive
<B><font color = 'blue'> .</font></B>  00 : 11 : 53 hr
<B><font color = 'blue'> .</font></B>  https://google chrome
<B><font color = 'blue'> .</font></B>  Productive
<B><font color = 'blue'> .</font></B>  00 : 09 : 42 hr
<B><font color = 'blue'> .</font></B>  https://developer_tool
<B><font color = 'blue'> .</font></B>  Productive
<B><font color = 'blue'> .</font></B>  00 : 09 : 41 hr
<B><font color = 'blue'> .</font></B>  https://com surrogate
<B><font color = 'blue'> .</font></B>  Productive
<B><font color = 'blue'> .</font></B>  00 : 04 : 02 hr
<B><font color = 'blue'> .</font></B>  https://search application
<B><font color = 'blue'> .</font></B>  Unproductive
<B><font color = 'blue'> .</font></B>  00 : 02 : 32 hr
<B><font color = 'blue'> .</font></B>  https://notepad
<B><font color = 'blue'> .</font></B>  Productive
<B><font color = 'blue'> .</font></B>  00 : 02 : 11 hr
<B><font color = 'blue'> .</font></B>  https://settings
<B><font color = 'blue'> .</font></B>  Productive
<B><font color = 'blue'> .</font></B>  00 : 01 : 40 hr
<B><font color = 'blue'> .</font></B>  https://windows shell experience host
<B><font color = 'blue'> .</font></B>  Productive
<B><font color = 'blue'> .</font></B>  00 : 01 : 23 hr
<B><font color = 'blue'> .</font></B>  https://mintty
<B><font color = 'blue'> .</font></B>  Productive
<B><font color = 'blue'> .</font></B>  00 : 01 : 00 hr
<B><font color = 'blue'> .</font></B>  https://application frame host
<B><font color = 'blue'> .</font></B>  Productive
<B><font color = 'blue'> .</font></B>  00 : 00 : 28 hr
<B><font color = 'blue'> .</font></B>  https://anydesk
<B><font color = 'blue'> .</font></B>  Productive
<B><font color = 'blue'> .</font></B>  00 : 00 : 27 hr
<B><font color = 'blue'>Step9.</font></B> clicked on full_details_Export Button 
<B><font color = 'blue'> .</font></B>  Name
<B><font color = 'blue'> .</font></B>  Email id
<B><font color = 'blue'> .</font></B>  Location
<B><font color = 'blue'> .</font></B>  Department
<B><font color = 'blue'> .</font></B>  Web/App
<B><font color = 'blue'> .</font></B>  Productive
<B><font color = 'blue'> .</font></B>  Unproductive
<B><font color = 'blue'> .</font></B>  Neutral
<B><font color = 'blue'> .</font></B>  Idle
<B><font color = 'blue'> .</font></B>  GLB-BLR-010-PC - GLB-BLR-010
<B><font color = 'blue'> .</font></B>  abcd@yuksdgus
<B><font color = 'blue'> .</font></B>  bengaluru
<B><font color = 'blue'> .</font></B>  Testing
<B><font color = 'blue'> .</font></B>  fiddler
<B><font color = 'blue'> .</font></B>  00:36:49
<B><font color = 'blue'> .</font></B>  00:00:00
<B><font color = 'blue'> .</font></B>  00:00:00
<B><font color = 'blue'> .</font></B>  00:02:09
<B><font color = 'blue'> .</font></B>  GLB-BLR-010-PC - GLB-BLR-010
<B><font color = 'blue'> .</font></B>  abcd@yuksdgus
<B><font color = 'blue'> .</font></B>  bengaluru
<B><font color = 'blue'> .</font></B>  Testing
<B><font color = 'blue'> .</font></B>  windows shell experience host
<B><font color = 'blue'> .</font></B>  00:01:23
<B><font color = 'blue'> .</font></B>  00:00:00
<B><font color = 'blue'> .</font></B>  00:00:00
<B><font color = 'blue'> .</font></B>  00:00:00
<B><font color = 'blue'> .</font></B>  GLB-BLR-010-PC - GLB-BLR-010
<B><font color = 'blue'> .</font></B>  abcd@yuksdgus
<B><font color = 'blue'> .</font></B>  bengaluru
<B><font color = 'blue'> .</font></B>  Testing
<B><font color = 'blue'> .</font></B>  windows explorer
<B><font color = 'blue'> .</font></B>  00:18:45
<B><font color = 'blue'> .</font></B>  00:00:00
<B><font color = 'blue'> .</font></B>  00:00:00
<B><font color = 'blue'> .</font></B>  00:06:27
<B><font color = 'blue'> .</font></B>  GLB-BLR-010-PC - GLB-BLR-010
<B><font color = 'blue'> .</font></B>  abcd@yuksdgus
<B><font color = 'blue'> .</font></B>  bengaluru
<B><font color = 'blue'> .</font></B>  Testing
<B><font color = 'blue'> .</font></B>  microsoft management console
<B><font color = 'blue'> .</font></B>  00:00:01
<B><font color = 'blue'> .</font></B>  00:00:00
<B><font color = 'blue'> .</font></B>  00:00:00
<B><font color = 'blue'> .</font></B>  00:11:52
<B><font color = 'blue'> .</font></B>  GLB-BLR-010-PC - GLB-BLR-010
<B><font color = 'blue'> .</font></B>  abcd@yuksdgus
<B><font color = 'blue'> .</font></B>  bengaluru
<B><font color = 'blue'> .</font></B>  Testing
<B><font color = 'blue'> .</font></B>  application frame host
<B><font color = 'blue'> .</font></B>  00:00:28
<B><font color = 'blue'> .</font></B>  00:00:00
<B><font color = 'blue'> .</font></B>  00:00:00
<B><font color = 'blue'> .</font></B>  00:00:00
<B><font color = 'blue'> .</font></B>  GLB-BLR-010-PC - GLB-BLR-010
<B><font color = 'blue'> .</font></B>  abcd@yuksdgus
<B><font color = 'blue'> .</font></B>  bengaluru
<B><font color = 'blue'> .</font></B>  Testing
<B><font color = 'blue'> .</font></B>  fast.com
<B><font color = 'blue'> .</font></B>  00:00:44
<B><font color = 'blue'> .</font></B>  00:00:00
<B><font color = 'blue'> .</font></B>  00:00:00
<B><font color = 'blue'> .</font></B>  00:00:00
<B><font color = 'blue'> .</font></B>  GLB-BLR-010-PC - GLB-BLR-010
<B><font color = 'blue'> .</font></B>  abcd@yuksdgus
<B><font color = 'blue'> .</font></B>  bengaluru
<B><font color = 'blue'> .</font></B>  Testing
<B><font color = 'blue'> .</font></B>  meet.google.com
<B><font color = 'blue'> .</font></B>  00:31:54
<B><font color = 'blue'> .</font></B>  00:00:00
<B><font color = 'blue'> .</font></B>  00:00:00
<B><font color = 'blue'> .</font></B>  00:24:18
<B><font color = 'blue'> .</font></B>  GLB-BLR-010-PC - GLB-BLR-010
<B><font color = 'blue'> .</font></B>  abcd@yuksdgus
<B><font color = 'blue'> .</font></B>  bengaluru
<B><font color = 'blue'> .</font></B>  Testing
<B><font color = 'blue'> .</font></B>  bitbucket.org
<B><font color = 'blue'> .</font></B>  00:02:35
<B><font color = 'blue'> .</font></B>  00:00:00
<B><font color = 'blue'> .</font></B>  00:00:00
<B><font color = 'blue'> .</font></B>  00:04:22
<B><font color = 'blue'> .</font></B>  GLB-BLR-010-PC - GLB-BLR-010
<B><font color = 'blue'> .</font></B>  abcd@yuksdgus
<B><font color = 'blue'> .</font></B>  bengaluru
<B><font color = 'blue'> .</font></B>  Testing
<B><font color = 'blue'> .</font></B>  docs.google.com
<B><font color = 'blue'> .</font></B>  00:00:00
<B><font color = 'blue'> .</font></B>  00:06:38
<B><font color = 'blue'> .</font></B>  00:00:00
<B><font color = 'blue'> .</font></B>  00:00:03
<B><font color = 'blue'> .</font></B>  GLB-BLR-010-PC - GLB-BLR-010
<B><font color = 'blue'> .</font></B>  abcd@yuksdgus
<B><font color = 'blue'> .</font></B>  bengaluru
<B><font color = 'blue'> .</font></B>  Testing
<B><font color = 'blue'> .</font></B>  ultimatewindowssecurity.com
<B><font color = 'blue'> .</font></B>  00:01:14
<B><font color = 'blue'> .</font></B>  00:00:00
<B><font color = 'blue'> .</font></B>  00:00:00
<B><font color = 'blue'> .</font></B>  00:00:00
<B><font color = 'blue'> .</font></B>  GLB-BLR-010-PC - GLB-BLR-010
<B><font color = 'blue'> .</font></B>  abcd@yuksdgus
<B><font color = 'blue'> .</font></B>  bengaluru
<B><font color = 'blue'> .</font></B>  Testing
<B><font color = 'blue'> .</font></B>  google chrome
<B><font color = 'blue'> .</font></B>  00:04:33
<B><font color = 'blue'> .</font></B>  00:00:00
<B><font color = 'blue'> .</font></B>  00:00:00
<B><font color = 'blue'> .</font></B>  00:00:40
<B><font color = 'blue'> .</font></B>  GLB-BLR-010-PC - GLB-BLR-010
<B><font color = 'blue'> .</font></B>  abcd@yuksdgus
<B><font color = 'blue'> .</font></B>  bengaluru
<B><font color = 'blue'> .</font></B>  Testing
<B><font color = 'blue'> .</font></B>  golinuxhub.com
<B><font color = 'blue'> .</font></B>  00:00:14
<B><font color = 'blue'> .</font></B>  00:00:00
<B><font color = 'blue'> .</font></B>  00:00:00
<B><font color = 'blue'> .</font></B>  00:00:00
<B><font color = 'blue'> .</font></B>  GLB-BLR-010-PC - GLB-BLR-010
<B><font color = 'blue'> .</font></B>  abcd@yuksdgus
<B><font color = 'blue'> .</font></B>  bengaluru
<B><font color = 'blue'> .</font></B>  Testing
<B><font color = 'blue'> .</font></B>  app.dev.empmonitor.com
<B><font color = 'blue'> .</font></B>  00:05:29
<B><font color = 'blue'> .</font></B>  00:00:00
<B><font color = 'blue'> .</font></B>  00:00:00
<B><font color = 'blue'> .</font></B>  00:01:13
<B><font color = 'blue'> .</font></B>  GLB-BLR-010-PC - GLB-BLR-010
<B><font color = 'blue'> .</font></B>  abcd@yuksdgus
<B><font color = 'blue'> .</font></B>  bengaluru
<B><font color = 'blue'> .</font></B>  Testing
<B><font color = 'blue'> .</font></B>  qt creator
<B><font color = 'blue'> .</font></B>  02:20:49
<B><font color = 'blue'> .</font></B>  00:00:00
<B><font color = 'blue'> .</font></B>  00:00:00
<B><font color = 'blue'> .</font></B>  00:17:27
<B><font color = 'blue'> .</font></B>  GLB-BLR-010-PC - GLB-BLR-010
<B><font color = 'blue'> .</font></B>  abcd@yuksdgus
<B><font color = 'blue'> .</font></B>  bengaluru
<B><font color = 'blue'> .</font></B>  Testing
<B><font color = 'blue'> .</font></B>  db browser for sqlite
<B><font color = 'blue'> .</font></B>  00:14:44
<B><font color = 'blue'> .</font></B>  00:00:00
<B><font color = 'blue'> .</font></B>  00:00:00
<B><font color = 'blue'> .</font></B>  00:00:02
<B><font color = 'blue'> .</font></B>  GLB-BLR-010-PC - GLB-BLR-010
<B><font color = 'blue'> .</font></B>  abcd@yuksdgus
<B><font color = 'blue'> .</font></B>  bengaluru
<B><font color = 'blue'> .</font></B>  Testing
<B><font color = 'blue'> .</font></B>  settings
<B><font color = 'blue'> .</font></B>  00:01:39
<B><font color = 'blue'> .</font></B>  00:00:00
<B><font color = 'blue'> .</font></B>  00:00:00
<B><font color = 'blue'> .</font></B>  00:00:01
<B><font color = 'blue'> .</font></B>  GLB-BLR-010-PC - GLB-BLR-010
<B><font color = 'blue'> .</font></B>  abcd@yuksdgus
<B><font color = 'blue'> .</font></B>  bengaluru
<B><font color = 'blue'> .</font></B>  Testing
<B><font color = 'blue'> .</font></B>  youtube.com
<B><font color = 'blue'> .</font></B>  00:00:49
<B><font color = 'blue'> .</font></B>  00:00:00
<B><font color = 'blue'> .</font></B>  00:00:00
<B><font color = 'blue'> .</font></B>  00:00:00
<B><font color = 'blue'> .</font></B>  GLB-BLR-010-PC - GLB-BLR-010
<B><font color = 'blue'> .</font></B>  abcd@yuksdgus
<B><font color = 'blue'> .</font></B>  bengaluru
<B><font color = 'blue'> .</font></B>  Testing
<B><font color = 'blue'> .</font></B>  winrar
<B><font color = 'blue'> .</font></B>  00:00:00
<B><font color = 'blue'> .</font></B>  00:00:00
<B><font color = 'blue'> .</font></B>  00:00:00
<B><font color = 'blue'> .</font></B>  00:00:01
<B><font color = 'blue'> .</font></B>  GLB-BLR-010-PC - GLB-BLR-010
<B><font color = 'blue'> .</font></B>  abcd@yuksdgus
<B><font color = 'blue'> .</font></B>  bengaluru
<B><font color = 'blue'> .</font></B>  Testing
<B><font color = 'blue'> .</font></B>  sqlitetutorial.net
<B><font color = 'blue'> .</font></B>  00:01:54
<B><font color = 'blue'> .</font></B>  00:00:00
<B><font color = 'blue'> .</font></B>  00:00:00
<B><font color = 'blue'> .</font></B>  00:00:00
<B><font color = 'blue'> .</font></B>  GLB-BLR-010-PC - GLB-BLR-010
<B><font color = 'blue'> .</font></B>  abcd@yuksdgus
<B><font color = 'blue'> .</font></B>  bengaluru
<B><font color = 'blue'> .</font></B>  Testing
<B><font color = 'blue'> .</font></B>  app.empmonitor.com
<B><font color = 'blue'> .</font></B>  00:03:51
<B><font color = 'blue'> .</font></B>  00:00:00
<B><font color = 'blue'> .</font></B>  00:00:00
<B><font color = 'blue'> .</font></B>  00:02:00
<B><font color = 'blue'> .</font></B>  GLB-BLR-010-PC - GLB-BLR-010
<B><font color = 'blue'> .</font></B>  abcd@yuksdgus
<B><font color = 'blue'> .</font></B>  bengaluru
<B><font color = 'blue'> .</font></B>  Testing
<B><font color = 'blue'> .</font></B>  lockapp
<B><font color = 'blue'> .</font></B>  00:00:44
<B><font color = 'blue'> .</font></B>  00:00:00
<B><font color = 'blue'> .</font></B>  00:00:00
<B><font color = 'blue'> .</font></B>  00:12:59
<B><font color = 'blue'> .</font></B>  GLB-BLR-010-PC - GLB-BLR-010
<B><font color = 'blue'> .</font></B>  abcd@yuksdgus
<B><font color = 'blue'> .</font></B>  bengaluru
<B><font color = 'blue'> .</font></B>  Testing
<B><font color = 'blue'> .</font></B>  telegram desktop
<B><font color = 'blue'> .</font></B>  00:40:00
<B><font color = 'blue'> .</font></B>  00:00:00
<B><font color = 'blue'> .</font></B>  00:00:00
<B><font color = 'blue'> .</font></B>  00:01:08
<B><font color = 'blue'> .</font></B>  GLB-BLR-010-PC - GLB-BLR-010
<B><font color = 'blue'> .</font></B>  abcd@yuksdgus
<B><font color = 'blue'> .</font></B>  bengaluru
<B><font color = 'blue'> .</font></B>  Testing
<B><font color = 'blue'> .</font></B>  search application
<B><font color = 'blue'> .</font></B>  00:00:00
<B><font color = 'blue'> .</font></B>  00:02:30
<B><font color = 'blue'> .</font></B>  00:00:00
<B><font color = 'blue'> .</font></B>  00:00:02
<B><font color = 'blue'> .</font></B>  GLB-BLR-010-PC - GLB-BLR-010
<B><font color = 'blue'> .</font></B>  abcd@yuksdgus
<B><font color = 'blue'> .</font></B>  bengaluru
<B><font color = 'blue'> .</font></B>  Testing
<B><font color = 'blue'> .</font></B>  13.213.163.146
<B><font color = 'blue'> .</font></B>  00:06:42
<B><font color = 'blue'> .</font></B>  00:00:00
<B><font color = 'blue'> .</font></B>  00:00:00
<B><font color = 'blue'> .</font></B>  00:04:49
<B><font color = 'blue'> .</font></B>  GLB-BLR-010-PC - GLB-BLR-010
<B><font color = 'blue'> .</font></B>  abcd@yuksdgus
<B><font color = 'blue'> .</font></B>  bengaluru
<B><font color = 'blue'> .</font></B>  Testing
<B><font color = 'blue'> .</font></B>  developer_tool
<B><font color = 'blue'> .</font></B>  00:09:33
<B><font color = 'blue'> .</font></B>  00:00:00
<B><font color = 'blue'> .</font></B>  00:00:00
<B><font color = 'blue'> .</font></B>  00:00:00
<B><font color = 'blue'> .</font></B>  GLB-BLR-010-PC - GLB-BLR-010
<B><font color = 'blue'> .</font></B>  abcd@yuksdgus
<B><font color = 'blue'> .</font></B>  bengaluru
<B><font color = 'blue'> .</font></B>  Testing
<B><font color = 'blue'> .</font></B>  service.empmonitor.com
<B><font color = 'blue'> .</font></B>  00:00:09
<B><font color = 'blue'> .</font></B>  00:00:00
<B><font color = 'blue'> .</font></B>  00:00:00
<B><font color = 'blue'> .</font></B>  00:00:00
<B><font color = 'blue'> .</font></B>  GLB-BLR-010-PC - GLB-BLR-010
<B><font color = 'blue'> .</font></B>  abcd@yuksdgus
<B><font color = 'blue'> .</font></B>  bengaluru
<B><font color = 'blue'> .</font></B>  Testing
<B><font color = 'blue'> .</font></B>  learn.microsoft.com
<B><font color = 'blue'> .</font></B>  00:01:34
<B><font color = 'blue'> .</font></B>  00:00:00
<B><font color = 'blue'> .</font></B>  00:00:00
<B><font color = 'blue'> .</font></B>  00:00:00
<B><font color = 'blue'> .</font></B>  GLB-BLR-010-PC - GLB-BLR-010
<B><font color = 'blue'> .</font></B>  abcd@yuksdgus
<B><font color = 'blue'> .</font></B>  bengaluru
<B><font color = 'blue'> .</font></B>  Testing
<B><font color = 'blue'> .</font></B>  mintty
<B><font color = 'blue'> .</font></B>  00:01:00
<B><font color = 'blue'> .</font></B>  00:00:00
<B><font color = 'blue'> .</font></B>  00:00:00
<B><font color = 'blue'> .</font></B>  00:00:00
<B><font color = 'blue'> .</font></B>  GLB-BLR-010-PC - GLB-BLR-010
<B><font color = 'blue'> .</font></B>  abcd@yuksdgus
<B><font color = 'blue'> .</font></B>  bengaluru
<B><font color = 'blue'> .</font></B>  Testing
<B><font color = 'blue'> .</font></B>  trello.com
<B><font color = 'blue'> .</font></B>  00:22:06
<B><font color = 'blue'> .</font></B>  00:00:00
<B><font color = 'blue'> .</font></B>  00:00:00
<B><font color = 'blue'> .</font></B>  00:08:40
<B><font color = 'blue'> .</font></B>  GLB-BLR-010-PC - GLB-BLR-010
<B><font color = 'blue'> .</font></B>  abcd@yuksdgus
<B><font color = 'blue'> .</font></B>  bengaluru
<B><font color = 'blue'> .</font></B>  Testing
<B><font color = 'blue'> .</font></B>  ubuntu.com
<B><font color = 'blue'> .</font></B>  00:02:04
<B><font color = 'blue'> .</font></B>  00:00:00
<B><font color = 'blue'> .</font></B>  00:00:00
<B><font color = 'blue'> .</font></B>  00:01:31
<B><font color = 'blue'> .</font></B>  GLB-BLR-010-PC - GLB-BLR-010
<B><font color = 'blue'> .</font></B>  abcd@yuksdgus
<B><font color = 'blue'> .</font></B>  bengaluru
<B><font color = 'blue'> .</font></B>  Testing
<B><font color = 'blue'> .</font></B>  airamatrix.com
<B><font color = 'blue'> .</font></B>  00:01:03
<B><font color = 'blue'> .</font></B>  00:00:00
<B><font color = 'blue'> .</font></B>  00:00:00
<B><font color = 'blue'> .</font></B>  00:00:00
<B><font color = 'blue'> .</font></B>  GLB-BLR-010-PC - GLB-BLR-010
<B><font color = 'blue'> .</font></B>  abcd@yuksdgus
<B><font color = 'blue'> .</font></B>  bengaluru
<B><font color = 'blue'> .</font></B>  Testing
<B><font color = 'blue'> .</font></B>  google.com
<B><font color = 'blue'> .</font></B>  00:01:53
<B><font color = 'blue'> .</font></B>  00:00:00
<B><font color = 'blue'> .</font></B>  00:00:00
<B><font color = 'blue'> .</font></B>  00:00:03
<B><font color = 'blue'> .</font></B>  GLB-BLR-010-PC - GLB-BLR-010
<B><font color = 'blue'> .</font></B>  abcd@yuksdgus
<B><font color = 'blue'> .</font></B>  bengaluru
<B><font color = 'blue'> .</font></B>  Testing
<B><font color = 'blue'> .</font></B>  notepad
<B><font color = 'blue'> .</font></B>  00:01:50
<B><font color = 'blue'> .</font></B>  00:00:00
<B><font color = 'blue'> .</font></B>  00:00:00
<B><font color = 'blue'> .</font></B>  00:00:01
<B><font color = 'blue'> .</font></B>  GLB-BLR-010-PC - GLB-BLR-010
<B><font color = 'blue'> .</font></B>  abcd@yuksdgus
<B><font color = 'blue'> .</font></B>  bengaluru
<B><font color = 'blue'> .</font></B>  Testing
<B><font color = 'blue'> .</font></B>  empmonitor
<B><font color = 'blue'> .</font></B>  00:22:14
<B><font color = 'blue'> .</font></B>  00:00:00
<B><font color = 'blue'> .</font></B>  00:00:00
<B><font color = 'blue'> .</font></B>  00:00:01
<B><font color = 'blue'> .</font></B>  SS Keystrokes
<B><font color = 'blue'> .</font></B>  sskey@gmail.com
<B><font color = 'blue'> .</font></B>  Default
<B><font color = 'blue'> .</font></B>  Default
<B><font color = 'blue'> .</font></B>  telegram desktop
<B><font color = 'blue'> .</font></B>  00:00:02
<B><font color = 'blue'> .</font></B>  00:00:00
<B><font color = 'blue'> .</font></B>  00:00:00
<B><font color = 'blue'> .</font></B>  00:00:00
<B><font color = 'blue'> .</font></B>  SS Keystrokes
<B><font color = 'blue'> .</font></B>  sskey@gmail.com
<B><font color = 'blue'> .</font></B>  Default
<B><font color = 'blue'> .</font></B>  Default
<B><font color = 'blue'> .</font></B>  windows explorer
<B><font color = 'blue'> .</font></B>  00:02:20
<B><font color = 'blue'> .</font></B>  00:00:00
<B><font color = 'blue'> .</font></B>  00:00:00
<B><font color = 'blue'> .</font></B>  00:00:01
<B><font color = 'blue'> .</font></B>  SS Keystrokes
<B><font color = 'blue'> .</font></B>  sskey@gmail.com
<B><font color = 'blue'> .</font></B>  Default
<B><font color = 'blue'> .</font></B>  Default
<B><font color = 'blue'> .</font></B>  google chrome
<B><font color = 'blue'> .</font></B>  00:00:12
<B><font color = 'blue'> .</font></B>  00:00:00
<B><font color = 'blue'> .</font></B>  00:00:00
<B><font color = 'blue'> .</font></B>  00:00:00
<B><font color = 'blue'> .</font></B>  SS Keystrokes
<B><font color = 'blue'> .</font></B>  sskey@gmail.com
<B><font color = 'blue'> .</font></B>  Default
<B><font color = 'blue'> .</font></B>  Default
<B><font color = 'blue'> .</font></B>  notepad
<B><font color = 'blue'> .</font></B>  00:00:10
<B><font color = 'blue'> .</font></B>  00:00:00
<B><font color = 'blue'> .</font></B>  00:00:00
<B><font color = 'blue'> .</font></B>  00:00:00
<B><font color = 'blue'> .</font></B>  SS Keystrokes
<B><font color = 'blue'> .</font></B>  sskey@gmail.com
<B><font color = 'blue'> .</font></B>  Default
<B><font color = 'blue'> .</font></B>  Default
<B><font color = 'blue'> .</font></B>  app.dev.empmonitor.com
<B><font color = 'blue'> .</font></B>  00:04:23
<B><font color = 'blue'> .</font></B>  00:00:00
<B><font color = 'blue'> .</font></B>  00:00:00
<B><font color = 'blue'> .</font></B>  00:00:00
<B><font color = 'blue'> .</font></B>  SS Keystrokes
<B><font color = 'blue'> .</font></B>  sskey@gmail.com
<B><font color = 'blue'> .</font></B>  Default
<B><font color = 'blue'> .</font></B>  Default
<B><font color = 'blue'> .</font></B>  empmonitor
<B><font color = 'blue'> .</font></B>  00:01:58
<B><font color = 'blue'> .</font></B>  00:00:00
<B><font color = 'blue'> .</font></B>  00:00:00
<B><font color = 'blue'> .</font></B>  00:00:00
<B><font color = 'blue'> .</font></B>  SS Keystrokes
<B><font color = 'blue'> .</font></B>  sskey@gmail.com
<B><font color = 'blue'> .</font></B>  Default
<B><font color = 'blue'> .</font></B>  Default
<B><font color = 'blue'> .</font></B>  fiddler
<B><font color = 'blue'> .</font></B>  00:04:38
<B><font color = 'blue'> .</font></B>  00:00:00
<B><font color = 'blue'> .</font></B>  00:00:00
<B><font color = 'blue'> .</font></B>  00:00:00
<B><font color = 'blue'> .</font></B>  SS Keystrokes
<B><font color = 'blue'> .</font></B>  sskey@gmail.com
<B><font color = 'blue'> .</font></B>  Default
<B><font color = 'blue'> .</font></B>  Default
<B><font color = 'blue'> .</font></B>  developer_tool
<B><font color = 'blue'> .</font></B>  00:00:08
<B><font color = 'blue'> .</font></B>  00:00:00
<B><font color = 'blue'> .</font></B>  00:00:00
<B><font color = 'blue'> .</font></B>  00:00:00
<B><font color = 'blue'> .</font></B>  SS Keystrokes
<B><font color = 'blue'> .</font></B>  sskey@gmail.com
<B><font color = 'blue'> .</font></B>  Default
<B><font color = 'blue'> .</font></B>  Default
<B><font color = 'blue'> .</font></B>  db browser for sqlite
<B><font color = 'blue'> .</font></B>  00:00:27
<B><font color = 'blue'> .</font></B>  00:00:00
<B><font color = 'blue'> .</font></B>  00:00:00
<B><font color = 'blue'> .</font></B>  00:00:00
<B><font color = 'blue'> .</font></B>  SS Keystrokes
<B><font color = 'blue'> .</font></B>  sskey@gmail.com
<B><font color = 'blue'> .</font></B>  Default
<B><font color = 'blue'> .</font></B>  Default
<B><font color = 'blue'> .</font></B>  qt creator
<B><font color = 'blue'> .</font></B>  00:00:09
<B><font color = 'blue'> .</font></B>  00:00:00
<B><font color = 'blue'> .</font></B>  00:00:00
<B><font color = 'blue'> .</font></B>  00:00:00
<B><font color = 'blue'> .</font></B>  SS Keystrokes
<B><font color = 'blue'> .</font></B>  sskey@gmail.com
<B><font color = 'blue'> .</font></B>  Default
<B><font color = 'blue'> .</font></B>  Default
<B><font color = 'blue'> .</font></B>  jsoneditoronline.org
<B><font color = 'blue'> .</font></B>  00:00:32
<B><font color = 'blue'> .</font></B>  00:00:00
<B><font color = 'blue'> .</font></B>  00:00:00
<B><font color = 'blue'> .</font></B>  00:00:00
<B><font color = 'blue'> .</font></B>  Aryan raj
<B><font color = 'blue'> .</font></B>  alex@gmail.com
<B><font color = 'blue'> .</font></B>  Bangalore
<B><font color = 'blue'> .</font></B>  Testing
<B><font color = 'blue'> .</font></B>  meesho.com
<B><font color = 'blue'> .</font></B>  00:08:06
<B><font color = 'blue'> .</font></B>  00:00:00
<B><font color = 'blue'> .</font></B>  00:00:00
<B><font color = 'blue'> .</font></B>  00:01:20
<B><font color = 'blue'> .</font></B>  Aryan raj
<B><font color = 'blue'> .</font></B>  alex@gmail.com
<B><font color = 'blue'> .</font></B>  Bangalore
<B><font color = 'blue'> .</font></B>  Testing
<B><font color = 'blue'> .</font></B>  developers.google.com
<B><font color = 'blue'> .</font></B>  00:00:48
<B><font color = 'blue'> .</font></B>  00:00:00
<B><font color = 'blue'> .</font></B>  00:00:00
<B><font color = 'blue'> .</font></B>  00:00:00
<B><font color = 'blue'> .</font></B>  Aryan raj
<B><font color = 'blue'> .</font></B>  alex@gmail.com
<B><font color = 'blue'> .</font></B>  Bangalore
<B><font color = 'blue'> .</font></B>  Testing
<B><font color = 'blue'> .</font></B>  windows explorer
<B><font color = 'blue'> .</font></B>  00:08:21
<B><font color = 'blue'> .</font></B>  00:00:00
<B><font color = 'blue'> .</font></B>  00:00:00
<B><font color = 'blue'> .</font></B>  05:51:27
<B><font color = 'blue'> .</font></B>  Aryan raj
<B><font color = 'blue'> .</font></B>  alex@gmail.com
<B><font color = 'blue'> .</font></B>  Bangalore
<B><font color = 'blue'> .</font></B>  Testing
<B><font color = 'blue'> .</font></B>  app.empmonitor.com
<B><font color = 'blue'> .</font></B>  00:10:20
<B><font color = 'blue'> .</font></B>  00:00:00
<B><font color = 'blue'> .</font></B>  00:00:00
<B><font color = 'blue'> .</font></B>  01:39:00
<B><font color = 'blue'> .</font></B>  Aryan raj
<B><font color = 'blue'> .</font></B>  alex@gmail.com
<B><font color = 'blue'> .</font></B>  Bangalore
<B><font color = 'blue'> .</font></B>  Testing
<B><font color = 'blue'> .</font></B>  google.com
<B><font color = 'blue'> .</font></B>  00:00:43
<B><font color = 'blue'> .</font></B>  00:00:00
<B><font color = 'blue'> .</font></B>  00:00:00
<B><font color = 'blue'> .</font></B>  00:00:00
<B><font color = 'blue'> .</font></B>  Aryan raj
<B><font color = 'blue'> .</font></B>  alex@gmail.com
<B><font color = 'blue'> .</font></B>  Bangalore
<B><font color = 'blue'> .</font></B>  Testing
<B><font color = 'blue'> .</font></B>  app.dev.empmonitor.com
<B><font color = 'blue'> .</font></B>  00:50:02
<B><font color = 'blue'> .</font></B>  00:05:00
<B><font color = 'blue'> .</font></B>  00:00:00
<B><font color = 'blue'> .</font></B>  02:57:57
<B><font color = 'blue'> .</font></B>  Aryan raj
<B><font color = 'blue'> .</font></B>  alex@gmail.com
<B><font color = 'blue'> .</font></B>  Bangalore
<B><font color = 'blue'> .</font></B>  Testing
<B><font color = 'blue'> .</font></B>  ping.empmonitor.com
<B><font color = 'blue'> .</font></B>  00:00:07
<B><font color = 'blue'> .</font></B>  00:00:00
<B><font color = 'blue'> .</font></B>  00:00:00
<B><font color = 'blue'> .</font></B>  00:00:00
<B><font color = 'blue'> .</font></B>  Aryan raj
<B><font color = 'blue'> .</font></B>  alex@gmail.com
<B><font color = 'blue'> .</font></B>  Bangalore
<B><font color = 'blue'> .</font></B>  Testing
<B><font color = 'blue'> .</font></B>  empmonitor
<B><font color = 'blue'> .</font></B>  00:00:11
<B><font color = 'blue'> .</font></B>  00:00:00
<B><font color = 'blue'> .</font></B>  00:00:00
<B><font color = 'blue'> .</font></B>  00:00:00
<B><font color = 'blue'> .</font></B>  Aryan raj
<B><font color = 'blue'> .</font></B>  alex@gmail.com
<B><font color = 'blue'> .</font></B>  Bangalore
<B><font color = 'blue'> .</font></B>  Testing
<B><font color = 'blue'> .</font></B>  google chrome
<B><font color = 'blue'> .</font></B>  00:00:43
<B><font color = 'blue'> .</font></B>  00:00:00
<B><font color = 'blue'> .</font></B>  00:00:00
<B><font color = 'blue'> .</font></B>  00:00:00
<B><font color = 'blue'> .</font></B>  Aryan raj
<B><font color = 'blue'> .</font></B>  alex@gmail.com
<B><font color = 'blue'> .</font></B>  Bangalore
<B><font color = 'blue'> .</font></B>  Testing
<B><font color = 'blue'> .</font></B>  wix.com
<B><font color = 'blue'> .</font></B>  00:00:28
<B><font color = 'blue'> .</font></B>  00:00:00
<B><font color = 'blue'> .</font></B>  00:00:00
<B><font color = 'blue'> .</font></B>  00:00:00
<B><font color = 'blue'> .</font></B>  Aryan raj
<B><font color = 'blue'> .</font></B>  alex@gmail.com
<B><font color = 'blue'> .</font></B>  Bangalore
<B><font color = 'blue'> .</font></B>  Testing
<B><font color = 'blue'> .</font></B>  console.cloud.google.com
<B><font color = 'blue'> .</font></B>  00:00:19
<B><font color = 'blue'> .</font></B>  00:00:00
<B><font color = 'blue'> .</font></B>  00:00:00
<B><font color = 'blue'> .</font></B>  00:01:09
<B><font color = 'blue'> .</font></B>  Aryan raj
<B><font color = 'blue'> .</font></B>  alex@gmail.com
<B><font color = 'blue'> .</font></B>  Bangalore
<B><font color = 'blue'> .</font></B>  Testing
<B><font color = 'blue'> .</font></B>  w3schools.in
<B><font color = 'blue'> .</font></B>  00:03:59
<B><font color = 'blue'> .</font></B>  00:00:00
<B><font color = 'blue'> .</font></B>  00:00:00
<B><font color = 'blue'> .</font></B>  00:00:00
<B><font color = 'blue'> .</font></B>  Guest User
<B><font color = 'blue'> .</font></B>  guestuser@gmail.com
<B><font color = 'blue'> .</font></B>  Bhilai
<B><font color = 'blue'> .</font></B>  Php
<B><font color = 'blue'> .</font></B>  notepad
<B><font color = 'blue'> .</font></B>  00:00:10
<B><font color = 'blue'> .</font></B>  00:00:00
<B><font color = 'blue'> .</font></B>  00:00:00
<B><font color = 'blue'> .</font></B>  00:00:00
<B><font color = 'blue'> .</font></B>  Guest User
<B><font color = 'blue'> .</font></B>  guestuser@gmail.com
<B><font color = 'blue'> .</font></B>  Bhilai
<B><font color = 'blue'> .</font></B>  Php
<B><font color = 'blue'> .</font></B>  w3schools.in
<B><font color = 'blue'> .</font></B>  00:04:21
<B><font color = 'blue'> .</font></B>  00:00:00
<B><font color = 'blue'> .</font></B>  00:00:00
<B><font color = 'blue'> .</font></B>  05:18:50
<B><font color = 'blue'> .</font></B>  Guest User
<B><font color = 'blue'> .</font></B>  guestuser@gmail.com
<B><font color = 'blue'> .</font></B>  Bhilai
<B><font color = 'blue'> .</font></B>  Php
<B><font color = 'blue'> .</font></B>  myntra.com
<B><font color = 'blue'> .</font></B>  00:17:55
<B><font color = 'blue'> .</font></B>  00:00:00
<B><font color = 'blue'> .</font></B>  00:00:00
<B><font color = 'blue'> .</font></B>  00:41:15
<B><font color = 'blue'> .</font></B>  Guest User
<B><font color = 'blue'> .</font></B>  guestuser@gmail.com
<B><font color = 'blue'> .</font></B>  Bhilai
<B><font color = 'blue'> .</font></B>  Php
<B><font color = 'blue'> .</font></B>  windows installer - unicode
<B><font color = 'blue'> .</font></B>  00:00:08
<B><font color = 'blue'> .</font></B>  00:00:00
<B><font color = 'blue'> .</font></B>  00:00:00
<B><font color = 'blue'> .</font></B>  00:00:00
<B><font color = 'blue'> .</font></B>  Guest User
<B><font color = 'blue'> .</font></B>  guestuser@gmail.com
<B><font color = 'blue'> .</font></B>  Bhilai
<B><font color = 'blue'> .</font></B>  Php
<B><font color = 'blue'> .</font></B>  windows host process (rundll32)
<B><font color = 'blue'> .</font></B>  00:00:07
<B><font color = 'blue'> .</font></B>  00:00:00
<B><font color = 'blue'> .</font></B>  00:00:00
<B><font color = 'blue'> .</font></B>  00:00:00
<B><font color = 'blue'> .</font></B>  Guest User
<B><font color = 'blue'> .</font></B>  guestuser@gmail.com
<B><font color = 'blue'> .</font></B>  Bhilai
<B><font color = 'blue'> .</font></B>  Php
<B><font color = 'blue'> .</font></B>  amazon.com
<B><font color = 'blue'> .</font></B>  00:05:36
<B><font color = 'blue'> .</font></B>  00:00:00
<B><font color = 'blue'> .</font></B>  00:00:00
<B><font color = 'blue'> .</font></B>  00:20:01
<B><font color = 'blue'> .</font></B>  Guest User
<B><font color = 'blue'> .</font></B>  guestuser@gmail.com
<B><font color = 'blue'> .</font></B>  Bhilai
<B><font color = 'blue'> .</font></B>  Php
<B><font color = 'blue'> .</font></B>  app.empmonitor.com
<B><font color = 'blue'> .</font></B>  00:02:14
<B><font color = 'blue'> .</font></B>  00:00:00
<B><font color = 'blue'> .</font></B>  00:00:00
<B><font color = 'blue'> .</font></B>  00:00:00
<B><font color = 'blue'> .</font></B>  Guest User
<B><font color = 'blue'> .</font></B>  guestuser@gmail.com
<B><font color = 'blue'> .</font></B>  Bhilai
<B><font color = 'blue'> .</font></B>  Php
<B><font color = 'blue'> .</font></B>  google chrome
<B><font color = 'blue'> .</font></B>  00:03:28
<B><font color = 'blue'> .</font></B>  00:00:00
<B><font color = 'blue'> .</font></B>  00:00:00
<B><font color = 'blue'> .</font></B>  00:00:06
<B><font color = 'blue'> .</font></B>  Guest User
<B><font color = 'blue'> .</font></B>  guestuser@gmail.com
<B><font color = 'blue'> .</font></B>  Bhilai
<B><font color = 'blue'> .</font></B>  Php
<B><font color = 'blue'> .</font></B>  meesho.com
<B><font color = 'blue'> .</font></B>  00:00:53
<B><font color = 'blue'> .</font></B>  00:00:00
<B><font color = 'blue'> .</font></B>  00:00:00
<B><font color = 'blue'> .</font></B>  00:00:00
<B><font color = 'blue'> .</font></B>  Guest User
<B><font color = 'blue'> .</font></B>  guestuser@gmail.com
<B><font color = 'blue'> .</font></B>  Bhilai
<B><font color = 'blue'> .</font></B>  Php
<B><font color = 'blue'> .</font></B>  google.com
<B><font color = 'blue'> .</font></B>  00:02:21
<B><font color = 'blue'> .</font></B>  00:00:00
<B><font color = 'blue'> .</font></B>  00:00:00
<B><font color = 'blue'> .</font></B>  00:05:22
<B><font color = 'blue'> .</font></B>  Guest User
<B><font color = 'blue'> .</font></B>  guestuser@gmail.com
<B><font color = 'blue'> .</font></B>  Bhilai
<B><font color = 'blue'> .</font></B>  Php
<B><font color = 'blue'> .</font></B>  flipkart.com
<B><font color = 'blue'> .</font></B>  00:13:59
<B><font color = 'blue'> .</font></B>  00:00:00
<B><font color = 'blue'> .</font></B>  00:00:00
<B><font color = 'blue'> .</font></B>  00:28:21
<B><font color = 'blue'> .</font></B>  Guest User
<B><font color = 'blue'> .</font></B>  guestuser@gmail.com
<B><font color = 'blue'> .</font></B>  Bhilai
<B><font color = 'blue'> .</font></B>  Php
<B><font color = 'blue'> .</font></B>  wix.com
<B><font color = 'blue'> .</font></B>  00:07:11
<B><font color = 'blue'> .</font></B>  00:00:00
<B><font color = 'blue'> .</font></B>  00:00:00
<B><font color = 'blue'> .</font></B>  00:01:01
<B><font color = 'blue'> .</font></B>  Guest User
<B><font color = 'blue'> .</font></B>  guestuser@gmail.com
<B><font color = 'blue'> .</font></B>  Bhilai
<B><font color = 'blue'> .</font></B>  Php
<B><font color = 'blue'> .</font></B>  windows explorer
<B><font color = 'blue'> .</font></B>  00:08:07
<B><font color = 'blue'> .</font></B>  00:00:00
<B><font color = 'blue'> .</font></B>  00:00:00
<B><font color = 'blue'> .</font></B>  01:30:00
<B><font color = 'blue'> .</font></B>  Guest User
<B><font color = 'blue'> .</font></B>  guestuser@gmail.com
<B><font color = 'blue'> .</font></B>  Bhilai
<B><font color = 'blue'> .</font></B>  Php
<B><font color = 'blue'> .</font></B>  com surrogate
<B><font color = 'blue'> .</font></B>  00:04:01
<B><font color = 'blue'> .</font></B>  00:00:00
<B><font color = 'blue'> .</font></B>  00:00:00
<B><font color = 'blue'> .</font></B>  00:00:01
<B><font color = 'blue'> .</font></B>  Guest User
<B><font color = 'blue'> .</font></B>  guestuser@gmail.com
<B><font color = 'blue'> .</font></B>  Bhilai
<B><font color = 'blue'> .</font></B>  Php
<B><font color = 'blue'> .</font></B>  anydesk
<B><font color = 'blue'> .</font></B>  00:00:20
<B><font color = 'blue'> .</font></B>  00:00:00
<B><font color = 'blue'> .</font></B>  00:00:00
<B><font color = 'blue'> .</font></B>  00:00:07
<B><font color = 'blue'> .</font></B>  Guest User
<B><font color = 'blue'> .</font></B>  guestuser@gmail.com
<B><font color = 'blue'> .</font></B>  Bhilai
<B><font color = 'blue'> .</font></B>  Php
<B><font color = 'blue'> .</font></B>  app.dev.empmonitor.com
<B><font color = 'blue'> .</font></B>  01:05:21
<B><font color = 'blue'> .</font></B>  00:00:00
<B><font color = 'blue'> .</font></B>  00:00:00
<B><font color = 'blue'> .</font></B>  29:36:51]]>
  </system-out>
</testsuite> <!-- com.emp.testcases.WebsiteandApplicatonTest -->
