<?xml version="1.0" encoding="UTF-8"?>
<!-- Generated by org.testng.reporters.JUnitReportReporter -->
<testsuite hostname="SKALLURU-LP" failures="0" tests="1" name="com.orangehrm.testcases.Orange_Hrm_VerifyDashboard_Page" time="92.274" errors="0" timestamp="2022-06-18T14:07:05 IST" skipped="0">
  <testcase classname="com.orangehrm.testcases.Orange_Hrm_VerifyDashboard_Page" name="Dashboard_test" time="92.274"/>
  <system-out>
    <![CDATA[<B><font color = 'orange'> Step1 -</font> Power Ad Spy Logo is Displayed
<B><font color = 'orange'> Step2 -</font> I am on the page :PowerAdSpy | Facebook Dashboard]]>
  </system-out>
</testsuite> <!-- com.orangehrm.testcases.Orange_Hrm_VerifyDashboard_Page -->
