<?xml version="1.0" encoding="UTF-8"?>
<!-- Generated by org.testng.reporters.JUnitReportReporter -->
<testsuite hostname="LAPTOP-GF0QQ927" failures="0" tests="1" name="com.emp.testcases.SplitSheetTest" time="35.391" errors="0" timestamp="2022-11-17T12:31:24 IST" skipped="0">
  <testcase classname="com.emp.testcases.SplitSheetTest" name="SplitSheetTest" time="35.391"/>
  <system-out>
    <![CDATA[<B><font color = 'blue'>Step1 .</font></B> clicked on Location Drop-down and Selected Any Location
<B><font color = 'blue'>Step2.</font></B> clicked on Department Drop-down and  Selected Department
<B><font color = 'blue'>Step3.</font></B> clicked on Employee Drop-down and  Selected Employee
<B><font color = 'blue'>Step4.</font></B> clicked on Calendar Drop-down and Slected Day's
<B><font color = 'blue'>Step5.</font></B> clicked on Last-30-days
<B><font color = 'blue'>Step6.</font></B> clicked on CSV Button
<B><font color = 'blue'>Step7.</font></B> clicked on Split-sheet checkBox option 
<B><font color = 'blue'>Step8.</font></B> clicked on Submit Button
<B><font color = 'blue'> .</font></B>  -Name
<B><font color = 'blue'> .</font></B>  -Email id
<B><font color = 'blue'> .</font></B>  -Employee code
<B><font color = 'blue'> .</font></B>  -Date
<B><font color = 'blue'> .</font></B>  -Computer name
<B><font color = 'blue'> .</font></B>  -Clock in
<B><font color = 'blue'> .</font></B>  -Clock out
<B><font color = 'blue'> .</font></B>  -Location
<B><font color = 'blue'> .</font></B>  -Department
<B><font color = 'blue'> .</font></B>  -Total undefined(hr)
<B><font color = 'blue'> .</font></B>  -Office Time(hr)
<B><font color = 'blue'> .</font></B>  -Active Time(hr)
<B><font color = 'blue'> .</font></B>  -Productive(hr)
<B><font color = 'blue'> .</font></B>  -Unproductive(hr)
<B><font color = 'blue'> .</font></B>  -Neutral(hr)
<B><font color = 'blue'> .</font></B>  -Idle Time(hr)
<B><font color = 'blue'> .</font></B>  -offline Time(hr)
<B><font color = 'blue'> .</font></B>  -Productivity %
<B><font color = 'blue'> .</font></B>  -Himanshu Kumar
<B><font color = 'blue'> .</font></B>  -himanshu1@gmail.com
<B><font color = 'blue'> .</font></B>  -EM011
<B><font color = 'blue'> .</font></B>  -10/18/22
<B><font color = 'blue'> .</font></B>  -18-10-2022 19:37:31
<B><font color = 'blue'> .</font></B>  -19-10-2022 00:00:00
<B><font color = 'blue'> .</font></B>  -GLB-181
<B><font color = 'blue'> .</font></B>  -bagalkot
<B><font color = 'blue'> .</font></B>  -manual testing
<B><font color = 'blue'> .</font></B>  -04:22:29
<B><font color = 'blue'> .</font></B>  -00:00:00
<B><font color = 'blue'> .</font></B>  -00:00:00
<B><font color = 'blue'> .</font></B>  -00:00:00
<B><font color = 'blue'> .</font></B>  -00:00:00
<B><font color = 'blue'> .</font></B>  -00:00:00
<B><font color = 'blue'> .</font></B>  -00:00:00
<B><font color = 'blue'> .</font></B>  -04:22:29
<B><font color = 'blue'> .</font></B>  -0
<B><font color = 'blue'> .</font></B>  -sumesh test
<B><font color = 'blue'> .</font></B>  -sumesh@mail.com
<B><font color = 'blue'> .</font></B>  -fdgfdgf
<B><font color = 'blue'> .</font></B>  -10/18/22
<B><font color = 'blue'> .</font></B>  -18-10-2022 15:15:19
<B><font color = 'blue'> .</font></B>  -18-10-2022 16:12:19
<B><font color = 'blue'> .</font></B>  -GLB-124-PC
<B><font color = 'blue'> .</font></B>  -Bangalore
<B><font color = 'blue'> .</font></B>  -Testing
<B><font color = 'blue'> .</font></B>  -00:57:00
<B><font color = 'blue'> .</font></B>  -00:00:00
<B><font color = 'blue'> .</font></B>  -00:00:00
<B><font color = 'blue'> .</font></B>  -00:00:00
<B><font color = 'blue'> .</font></B>  -00:00:00
<B><font color = 'blue'> .</font></B>  -00:00:00
<B><font color = 'blue'> .</font></B>  -00:00:00
<B><font color = 'blue'> .</font></B>  -00:57:00
<B><font color = 'blue'> .</font></B>  -0]]>
  </system-out>
</testsuite> <!-- com.emp.testcases.SplitSheetTest -->
