<?xml version="1.0" encoding="UTF-8"?>
<!-- Generated by org.testng.reporters.JUnitReportReporter -->
<testsuite hostname="LAPTOP-GF0QQ927" failures="0" tests="1" name="com.emp.testcases.CreateShiftTest" time="26.371" errors="0" timestamp="2022-11-17T12:31:24 IST" skipped="0">
  <testcase classname="com.emp.testcases.CreateShiftTest" name="CreateShiftTest" time="26.371"/>
  <system-out>
    <![CDATA[<B><font color = 'blue'>Step1 .</font></B> clicked on Settings and Selected Shift Managemet Sub-Module 
<B><font color = 'blue'>Step2 .</font></B> clicked on Create Shift Button
<B><font color = 'blue'>Step3 .</font></B> clicked on Shift-Name Text Field and Entered Shift Name 
<B><font color = 'blue'>Step4 .</font></B> clicked on color Radio Button
<B><font color = 'blue'>Step5 .</font></B> clicked on monday check-Box
<B><font color = 'blue'>Step6 .</font></B> clicked on Monday Start-Time and Entered Time 
<B><font color = 'blue'>Step7 .</font></B> clicked on Monday End-Time and Entered Time 
<B><font color = 'blue'>Step8 .</font></B> clicked on Apply-to-all Button 
<B><font color = 'blue'>Step9 .</font></B> clicked on Save_Button
<B><font color = 'blue'>Step10 .</font></B> clicked on Done_save]]>
  </system-out>
</testsuite> <!-- com.emp.testcases.CreateShiftTest -->
