<?xml version="1.0" encoding="UTF-8"?>
<!-- Generated by org.testng.reporters.JUnitReportReporter -->
<testsuite hostname="DESKTOP-Q7KOQDL" failures="0" tests="1" name="com.emp.testcases.ReportsDownloadTest" time="69.467" errors="0" timestamp="2022-09-19T17:32:36 IST" skipped="0">
  <testcase classname="com.emp.testcases.ReportsDownloadTest" name="ReportsDownloadTes" time="69.467"/>
  <system-out>
    <![CDATA[<B><font color = 'blue'>Step1 .</font></B> clicked on Reports-Download
<B><font color = 'blue'>Step2 .</font></B> clicked-on-Roles
<B><font color = 'blue'>Step3 .</font></B> clicked on  Select-All
<B><font color = 'blue'>Step4 .</font></B> clicked_on_Select_Location
<B><font color = 'blue'>Step5.</font></B> clicked on Department
<B><font color = 'blue'>Step6 .</font></B> click on Select-Date-Ranges
<B><font color = 'blue'>Step7 .</font></B> clicked on Last-30-days
<B><font color = 'blue'>Step8 .</font></B> clicked on Download-Option
<B><font color = 'blue'>Step9 .</font></B> clicked on Appliations-Used
<B><font color = 'blue'>Step10 .</font></B> clicked on PDF
<B><font color = 'blue'>Step11 .</font></B> clicked on CSV
<B><font color = 'blue'>Step12 .</font></B> clicked on Select-All-checkBox
<B><font color = 'blue'>Step13 .</font></B> clicked on Submit-Button
<B><font color = 'blue'>Step14 .</font></B> clicked on DownloadOptions
<B><font color = 'blue'>Step15 .</font></B> clicked on ViewReport]]>
  </system-out>
</testsuite> <!-- com.emp.testcases.ReportsDownloadTest -->
