<?xml version="1.0" encoding="UTF-8"?>
<!-- Generated by org.testng.reporters.JUnitReportReporter -->
<testsuite hostname="DESKTOP-Q7KOQDL" failures="0" tests="1" name="com.emp.testcases.ActivatingSuspendedEmployeesTest" time="29.480" errors="0" timestamp="2022-09-16T15:23:28 IST" skipped="0">
  <testcase classname="com.emp.testcases.ActivatingSuspendedEmployeesTest" name="EmployeeRoleUpdateTest" time="29.480"/>
  <system-out>
    <![CDATA[<B><font color = 'blue'>Step1 .</font></B> clicked on EmployeeDetails
<B><font color = 'blue'>Step2 .</font></B> clicked on SuspendedEmployeesButton
<B><font color = 'blue'>Step3 .</font></B> clicked on SelectallSuspendedCheckbox
<B><font color = 'blue'>Step4 .</font></B> clicked on ActiveButton
<B><font color = 'blue'>Step5 .</font></B> clicked on Button and Activated Employees ]]>
  </system-out>
</testsuite> <!-- com.emp.testcases.ActivatingSuspendedEmployeesTest -->
