<?xml version="1.0" encoding="UTF-8"?>
<!-- Generated by org.testng.reporters.JUnitReportReporter -->
<testsuite hostname="LAPTOP-GF0QQ927" failures="0" tests="1" name="com.emp.testcases.Dashboardtest3_Top_10_Productive_Employees_Checking_Test" time="29.921" errors="0" timestamp="2022-11-18T17:45:34 IST" skipped="0">
  <testcase classname="com.emp.testcases.Dashboardtest3_Top_10_Productive_Employees_Checking_Test" name="Top_10_Productive_Employees_Test" time="29.921"/>
  <system-out>
    <![CDATA[<B><font color = 'blue'>Step1 .</font></B> Clicked on  Top_10_Productive_Employees_Locations Drop-down and Selected Any Location 
<B><font color = 'blue'>Step2 .</font></B> Clicked on Top10ProductiveEmployees_Departments Drop-down and Selected Any Department
<B><font color = 'blue'>Step3 .</font></B> Clicked on Top10ProductiveEmployeesToday Button
<B><font color = 'blue'>  </font></B>    
<B><font color = 'green'> Today Top-10-Productive-Employees  </font></B>    
<B><font color = 'blue'>  </font></B>    Employee Name--Time (Hours)
<B><font color = 'blue'>    </font></B>    Abhishek Four tf test--00:00:49 hrs (0.17%)
<B><font color = 'blue'>Step4 .</font></B> Clicked on Top_10_Productive_Employees-yesterday Button
<B><font color = 'blue'>  </font></B>    
<B><font color = 'green'> yesterday Top-10-Productive-Employees </font></B>    
<B><font color = 'blue'>  </font></B>    Employee Name--Time (Hours)
<B><font color = 'blue'>    </font></B>    Abhishek Four tf test--00:00:12 hrs (0.04%)
<B><font color = 'blue'>    </font></B>    Guest User--00:00:12 hrs (0.04%)
<B><font color = 'blue'>Step5 .</font></B> Clicked on Top10ProductiveEmployees_Thisweek Button
<B><font color = 'blue'>  </font></B>    
<B><font color = 'red'> This Week Top-10-Productive-Employees  </font></B>    
<B><font color = 'blue'>  </font></B>    Employee Name--Time (Hours)
<B><font color = 'blue'>    </font></B>    GLB-BLR-010-PC - GLB-BLR-010--00:14:59 hrs (0.45%)
<B><font color = 'blue'>    </font></B>    Guest User--00:14:59 hrs (0.45%)
<B><font color = 'blue'>    </font></B>    Aryan raj--00:14:59 hrs (0.45%)
<B><font color = 'blue'>    </font></B>    Abhishek Four tf test--00:14:59 hrs (0.45%)
<B><font color = 'blue'>    </font></B>    SS Keystrokes--00:14:59 hrs (0.45%)]]>
  </system-out>
</testsuite> <!-- com.emp.testcases.Dashboardtest3_Top_10_Productive_Employees_Checking_Test -->
