<?xml version="1.0" encoding="UTF-8"?>
<!-- Generated by org.testng.reporters.JUnitReportReporter -->
<testsuite hostname="LAPTOP-GF0QQ927" failures="0" tests="1" name="com.emp.testcases.UseOfTheWebApplicationTest" time="50.670" errors="0" timestamp="2022-11-17T12:31:24 IST" skipped="0">
  <testcase classname="com.emp.testcases.UseOfTheWebApplicationTest" name="UseOfTheWebApplicationTest" time="50.670"/>
  <system-out>
    <![CDATA[<B><font color = 'blue'>Step1 .</font></B> clicked on Reports Module and Selcted Web-APP-usage Sub-Module 
<B><font color = 'blue'>Step2 .</font></B> clicked on  Location Drop-down and  Selected LOcation 
<B><font color = 'blue'>Step3.</font></B> clicked on Department Drop-down and Selected Any  Department 
<B><font color = 'blue'>Step4.</font></B> clicked on Employee Drop-down and  Selected Any  Employee
<B><font color = 'blue'>Step5.</font></B> clicked on Calendar Drop-down and Selcted Day's
<B><font color = 'blue'>Step6.</font></B> clicked on Last-30-days
<B><font color = 'blue'>Step7.</font></B> clicked on Both_Button
<B><font color = 'blue'>Step8.</font></B> clicked on Website_Button
<B><font color = 'blue'>Step10.</font></B> clicked on Excelt Button 
<B><font color = 'blue'>Step11.</font></B> clicked on PDF Button
<B><font color = 'blue'>Step12.</font></B> clicked on ShowEntries Drop-down and Selected Any Value 
<B><font color = 'blue'>Step13 .</font></B> Clicked on  Export_Excel Button
<B><font color = 'orange'> </font>  To date :-
Department :-
2022-11-16
 All Department
Websites Details
From Date :- 2022-10-18
Location :- All Location
Employee :- All Employee
Websites Ranking Duration (hr)
https://app.dev.empmonitor.com Productive 34 : 46 : 16 hr
https://w3schools.in Productive 05 : 27 : 10 hr
https://app.empmonitor.com Productive 01 : 57 : 25 hr
https://myntra.com Productive 00 : 59 : 10 hr
https://meet.google.com Productive 00 : 56 : 12 hr
https://flipkart.com Productive 00 : 42 : 20 hr
https://trello.com Productive 00 : 30 : 46 hr
https://amazon.com Productive 00 : 25 : 37 hr
https://13.213.163.146 Productive 00 : 11 : 31 hr
https://google.com Productive 00 : 10 : 22 hr
https://meesho.com Productive 00 : 10 : 19 hr
https://wix.com Productive 00 : 08 : 40 hr
https://bitbucket.org Productive 00 : 06 : 57 hr
https://docs.google.com Unproductive 00 : 06 : 41 hr
https://ubuntu.com Productive 00 : 03 : 35 hr
https://sqlitetutorial.net Productive 00 : 01 : 54 hr
https://learn.microsoft.com Productive 00 : 01 : 34 hr
https://console.cloud.google.com Productive 00 : 01 : 28 hr
https://ultimatewindowssecurity.com Productive 00 : 01 : 14 hr
https://airamatrix.com Productive 00 : 01 : 03 hr
https://youtube.com Productive 00 : 00 : 49 hr
https://developers.google.com Productive 00 : 00 : 48 hr
https://fast.com Productive 00 : 00 : 44 hr
https://jsoneditoronline.org Productive 00 : 00 : 32 hr
Page 1 of 1
]]>
  </system-out>
</testsuite> <!-- com.emp.testcases.UseOfTheWebApplicationTest -->
