<?xml version="1.0" encoding="UTF-8"?>
<!-- Generated by org.testng.reporters.JUnitReportReporter -->
<testsuite hostname="LAPTOP-GF0QQ927" failures="0" tests="3" name="com.emp.testcases.Project_Add_project_Details_Test" time="102.301" errors="0" timestamp="2022-11-17T12:31:24 IST" skipped="0">
  <testcase classname="com.emp.testcases.Project_Add_project_Details_Test" name="Project_Add_project_Details_" time="47.979"/>
  <system-out>
    <![CDATA[<B><font color = 'blue'>Step1.</font></B> clicked on Project Module and clicked on  add_project_button 
<B><font color = 'blue'>Step2.</font></B> clicked on Next_button
<B><font color = 'blue'>Step3.</font></B> clicked on Text Field and Entered Project Name 
<B><font color = 'blue'>Step4.</font></B> clicked on manager Drop-down and Slected Manager
<B><font color = 'blue'>Step5.</font></B> clicked on Member  Drop-down and Slected Members 
<B><font color = 'blue'>Step6.</font></B> clicked on Calendar and Entered Start-Date
<B><font color = 'blue'>Step7.</font></B> clicked on Calendar and Entered End-Date
<B><font color = 'blue'>Step8.</font></B> clicked on Next_button
<B><font color = 'blue'>Step9.</font></B> clicked on Module Text Field and Entered Module Name 
<B><font color = 'blue'>Step10.</font></B> clicked on Calendar and Entered Start-Date
<B><font color = 'blue'>Step11.</font></B> clicked on Calendar and Entered End-Date
<B><font color = 'blue'>Step12.</font></B> clicked on next_button
<B><font color = 'blue'>Step13.</font></B> clicked on Task Text Field and Entered Task Name  
<B><font color = 'blue'>Step14.</font></B> clicked on Priority Drop-down and Selected Any Value  
<B><font color = 'blue'>Step15.</font></B> clicked on Calendar and Entered Start-Date
<B><font color = 'blue'>Step16.</font></B> clicked on Calendar and Entered End-Date
<B><font color = 'blue'>Step17.</font></B> clicked on save Button
<B><font color = 'blue'>Step18.</font></B> Clicked on Task
<B><font color = 'blue'>Step19.</font></B> Clicked On  Task-Edit Button
<B><font color = 'blue'>Step20.</font></B> clicked on  Task-Status Drop-down and Selected Status 
<B><font color = 'blue'>Step21.</font></B> clicked on Update_Button]]>
  </system-out>
  <testcase classname="com.emp.testcases.Project_Add_project_Details_Test" name="Project_Add_project_Details_1" time="24.594"/>
  <system-out>
    <![CDATA[<B><font color = 'blue'>Step22.</font></B> Clicked on Task
<B><font color = 'blue'>Step23.</font></B> Clicked On Task_Edit Button  
<B><font color = 'blue'>Step22.</font></B> clicked on  Task-Status Drop-down and Selected Status
<B><font color = 'blue'>Step24.</font></B> clicked on Update_Button]]>
  </system-out>
  <testcase classname="com.emp.testcases.Project_Add_project_Details_Test" name="Project_Add_project_Details_2" time="29.728"/>
  <system-out>
    <![CDATA[<B><font color = 'blue'>Step25.</font></B> Clicked on Task
<B><font color = 'blue'>Step26.</font></B> Clicked  On Task_Edit Button 
<B><font color = 'blue'>Step27.</font></B> clicked on  Task-Status Drop-down and Selected Status
<B><font color = 'blue'>Step28.</font></B> clicked on Update_Button]]>
  </system-out>
</testsuite> <!-- com.emp.testcases.Project_Add_project_Details_Test -->
