<?xml version="1.0" encoding="UTF-8"?>
<!-- Generated by org.testng.reporters.JUnitReportReporter -->
<testsuite hostname="DESKTOP-Q7KOQDL" failures="0" tests="1" name="com.emp.testcases.HomePageTest" time="15.559" errors="0" timestamp="2022-08-31T12:52:49 IST" skipped="0">
  <testcase classname="com.emp.testcases.HomePageTest" name="HomepageDisplaytest" time="15.559"/>
  <system-out/>
</testsuite> <!-- com.emp.testcases.HomePageTest -->
