<?xml version="1.0" encoding="UTF-8"?>
<!-- Generated by org.testng.reporters.JUnitReportReporter -->
<testsuite hostname="DESKTOP-Q7KOQDL" failures="0" tests="1" name="com.cloud.testcases.EmpCloud_Dashboard_Test" time="20.250" errors="0" timestamp="2022-07-15T10:05:52 IST" skipped="0">
  <testcase classname="com.cloud.testcases.EmpCloud_Dashboard_Test" name="EmpCloud_Dashbaord_page" time="20.250"/>
  <system-out>
    <![CDATA[<B><font color = 'orange'> Step1 -</font> Logged into EmpCloud Web Application
<B><font color = 'orange'> Step2 -</font> Popup Button is Dislayed and Clicked on Continue
<B><font color = 'orange'> Step3 -</font> I am on the page :Dashboard]]>
  </system-out>
</testsuite> <!-- com.cloud.testcases.EmpCloud_Dashboard_Test -->
