<?xml version="1.0" encoding="UTF-8"?>
<!-- Generated by org.testng.reporters.JUnitReportReporter -->
<testsuite hostname="LAPTOP-GF0QQ927" failures="0" tests="1" name="com.emp.testcases.EmployeeInsightsTest" time="25.125" errors="0" timestamp="2022-11-17T12:31:24 IST" skipped="0">
  <testcase classname="com.emp.testcases.EmployeeInsightsTest" name="EmployeeInsightsTest" time="25.125"/>
  <system-out>
    <![CDATA[<B><font color = 'blue'>Step1 .</font></B> clicked on Employee Module and Selected  Employee-insights Sub-Module 
<B><font color = 'blue'>Step2 .</font></B> clicked on Month-year Calendar 
<B><font color = 'blue'>Step3 .</font></B> clicked on Roles Drop-down and Selected Any Role option
<B><font color = 'blue'>Step4 .</font></B> clicked on Location Drop-down
<B><font color = 'blue'>Step5.</font></B> clicked on Department Drop-down and Selected Any Department
<B><font color = 'blue'>Step6.</font></B> clicked on Employee Drop-down and Selected Any Employee]]>
  </system-out>
</testsuite> <!-- com.emp.testcases.EmployeeInsightsTest -->
