<?xml version="1.0" encoding="UTF-8"?>
<!-- Generated by org.testng.reporters.JUnitReportReporter -->
<testsuite hostname="LAPTOP-GF0QQ927" failures="0" tests="1" name="com.emp.testcases.BulkUpdateTest" time="32.956" errors="0" timestamp="2022-11-18T17:14:11 IST" skipped="0">
  <testcase classname="com.emp.testcases.BulkUpdateTest" name="BulkUpdateTest" time="32.956"/>
  <system-out>
    <![CDATA[<B><font color = 'blue'>Step1 .</font></B> clickedonEmployeeDetails
<B><font color = 'blue'>Step2 .</font></B> clicked on BulkUpdate_Button
<B><font color = 'blue'>Step3 .</font></B> clicked on Browse_Button
<B><font color = 'blue'>Step4 .</font></B> clicked on Update_Button]]>
  </system-out>
</testsuite> <!-- com.emp.testcases.BulkUpdateTest -->
