<?xml version="1.0" encoding="UTF-8"?>
<!-- Generated by org.testng.reporters.JUnitReportReporter -->
<testsuite hostname="DESKTOP-Q7KOQDL" failures="0" tests="1" name="com.emp.testcases.ShiftManagementTest" time="42.388" errors="0" timestamp="2022-08-11T15:38:59 IST" skipped="0">
  <testcase classname="com.emp.testcases.ShiftManagementTest" name="ShiftManagementTest" time="42.388"/>
  <system-out>
    <![CDATA[<B><font color = 'blue'>Step1 .</font></B> clicked on ShiftManagemet
<B><font color = 'blue'>Step2 .</font></B> clicked on CreateShift
<B><font color = 'blue'>Step3 .</font></B> clicked on ShiftName
<B><font color = 'blue'>Step4 .</font></B> clicked on LateLogin
<B><font color = 'blue'>Step5 .</font></B> clicked on EarlyLogin
<B><font color = 'blue'>Step6 .</font></B> clicked on Selectcolor_RadioButton
<B><font color = 'blue'>Step7 .</font></B> clicked on mon_checkBox
<B><font color = 'blue'>Step8 .</font></B> clicked on Monday_StartTime
<B><font color = 'blue'>Step9 .</font></B> clicked on Monday_EndTime
<B><font color = 'blue'>Step10 .</font></B> clicked on Save_Button]]>
  </system-out>
</testsuite> <!-- com.emp.testcases.ShiftManagementTest -->
